<?xml version="1.0" encoding="UTF-8"?>
<Report xmlns:xsi="http://www.w3.org/2001/XMLSchema-instance"
 xsi:noNamespaceSchemaLocation="file:/media/richard/KINGSTON/dr8_CRo_v100_RC2.xsd" dateFrom="2018-10-08" dateTo="2018-09-26Z" station="BlQDQcqVUxOimO" usageType="jingle" filename="mLKQ0Fsp3GfdG"
     sender="l7QHQ4SkLMqTOYK4qqmUBIr.gku" encoding="TwWUjiwy1SHjyUAPRbMki-u6CKv">
    <Record title="nhq6Pdb5dBOOhrQ5eRwC5" spins="1811189372" ISRC="COZB01URP4AR" year="0423" producer="c3DA0tVU9oIEJrrtBMesS"
         label="kSOAkV88aVLp4gOn" recordNo="RV" serialNumber="Pg3." isPremiere="true" usage="jingle"
         ISWC="aylHOf7lo6BE59CtG4LtsT1" AKA="UxDRrBSZaI64HjSNF.g41dTGRvsFP" genre="commercial" broadcastedFrom="2018-07-22T11:21:16Z"
         broadcastedTo="2019-05-04T11:21:16" runtime="1536979347" origin="commercial" alternativeTitle="HHXqfp1"
         recordedFootage="1268000731">
        <Participants>
            <Participant name="bYWsc" role="remixer" IPDN="NvxM9KSveOkXiRyTndhz4sKrAIi" performance="conductor" grossFee="556715430.55"
                 modifier="C" IPI="uFN" birthDate="2020-06-28Z"/>
            <Participant name="Vy_aMlVTfidji3X3VFfa5lzXGBG" role="scriptwriter" IPDN="Jsp8o8ML.dgnZCFh3lN8" performance="chorus master"
                 grossFee="1033483697.27" modifier="C" IPI="Guo7YV" birthDate="2020-02-19Z"/>
            <Participant name="DAADG6VmCzYeqI" role="remixer" IPDN="uqrZGyDwKyCGPz" performance="supporting" grossFee="-217826560.71"
                 modifier="A" IPI="v2Vzi0uh7XAfU" birthDate="2019-11-18"/>
            <Participant name="a2S" role="scriptwriter" IPDN="GAZ" performance="supporting" grossFee="503793034.45" modifier="A"
                 IPI="V4lBX1O6hacITMz4qnPMR" birthDate="2019-04-17Z"/>
            <Participant name="e9JTniYeCPJudV" role="composer" IPDN="Mn4mZ.-U3v8x" performance="soloist" grossFee="-1783005689.80"
                 modifier="B" IPI="lEnGnp7QugR6" birthDate="2019-11-23Z"/>
            <Participant name="Qdwd79bgA__s7YRNtkC70V6" role="subscriptwriter" IPDN="qQuVLIfsS" performance="chorus master" grossFee="753784816.06"
                 modifier="A" IPI="Ui_Nkaa4" birthDate="2019-04-18Z"/>
            <Participant name="Ak" role="arranger" IPDN="jdej37oPKNrGW" performance="soloist" grossFee="-252374169.83" modifier="C"
                 IPI="v6F6GAru_XeQnegsR11180dCNXO9I" birthDate="2019-03-20Z"/>
            <Participant name="fZn.d-FVrhDNXSNy" role="scriptwriter" IPDN="ppFkFNe" performance="soloist" grossFee="1655938207.05"
                 modifier="A" IPI="YXc9L0y8sJ0Gl0mINVvmGB" birthDate="2018-11-07"/>
            <Participant name="EdS7rMS.rK47EsPGLzBCy" role="remixer" IPDN="uqdySBHe" performance="chorus master" grossFee="111616734.97"
                 modifier="A" IPI="ZaWEHsSeMEjzH7pBKHHjONB52jHTlp" birthDate="2019-05-11"/>
            <Participant name="Mt-MdURzQ4k.fIyXnHigP" role="subscriptwriter" IPDN="YrFcPw" performance="supporting" grossFee="-29352386.87"
                 modifier="B" IPI="XOTcowLpznyPg0HrOP4DmLnfz" birthDate="2019-09-02"/>
        </Participants>
        <Record title="vo1BCha" spins="1189122938" ISRC="81S77PAV469V" year="1337" producer="rGOm6" label="sPIWEFTUqsC9zgID5Hg0vzLuJ-y"
             recordNo="c4XB9abQ-zAB.iKpxwLn" serialNumber="TVqmSZnDKBU9UXL1wL-jWkcheuoC" isPremiere="true"
             usage="commercial" ISWC="yhlLA7wN" AKA="DkWKnGUoaE_qbNRP_RjAP.vai7G7" genre="composed" broadcastedFrom="2019-04-05T11:21:16Z"
             broadcastedTo="2018-07-20T11:21:16Z" runtime="789038419" origin="commercial" alternativeTitle="j41ZhTkNStxXc.5wiredrasrDr"
             recordedFootage="1141911697">
            <Participants>
                <Participant name="tiCrut3eVLm09" role="sound engineer" IPDN="D1sqCZCzZdOW_BOl6t" performance="soloist" grossFee="-612320231.29"
                     modifier="B" IPI="pnb3aFzzl" birthDate="2018-08-16Z"/>
                <Participant name="vDigLj-dCcfRaqlF-ZqikDd5MU" role="remixer" IPDN="BXK." performance="conductor" grossFee="16024892.88"
                     modifier="B" IPI="reeKIG9H8As069oanO7k5SqH.YUD0" birthDate="2020-02-29"/>
                <Participant name="Ei" role="composer" IPDN="fve_P7" performance="chorus master" grossFee="71504278.91" modifier="A"
                     IPI="rHt7rw8NuC.34dXe" birthDate="2019-05-16"/>
                <Participant name="ZgGwgg4uZiymtRgVZfpSzLOt" role="remixer" IPDN="_Tmf5ePdXKgsi1bWU7dv.Gz0FY9Ni" performance="chorus master"
                     grossFee="1191931922.60" modifier="A" IPI="jxSYISw3_IzitMM.-i51TJ0i5sstf" birthDate="2020-05-10Z"/>
                <Participant name="o4v-uO" role="subscriptwriter" IPDN="l2cx9TI6" performance="main" grossFee="-1661913307.38" modifier="C"
                     IPI="ZHjOT9ZQ" birthDate="2020-01-18"/>
                <Participant name="BPVsavwxlbjoRELKQUXeDp" role="scriptwriter" IPDN="mWLmLO9jvl_Iqu7mDih" performance="chorus master"
                     grossFee="62391592.50" modifier="B" IPI="lHWgUinDD-a" birthDate="2019-09-30Z"/>
                <Participant name="j2gJU" role="remixer" IPDN="DmM_cISUJaZpo95jCYE-oCiS2" performance="chorus master" grossFee="1074128149.48"
                     modifier="B" IPI="v_w-diC-fjiU5.urQYtY.." birthDate="2018-08-01"/>
                <Participant name="dk8t0ik3aI1z-wo4q" role="arranger" IPDN="Bet0Mi2jCYyqc7J9MoJFsoZU" performance="supporting" grossFee="218094607.04"
                     modifier="B" IPI="WmN2hgg" birthDate="2019-08-12"/>
                <Participant name="cMjSn0SQuDJQHd9uPKnzkCbm_we" role="producer" IPDN="Wb.z8V54_zk" performance="chorus master" grossFee="1468444297.51"
                     modifier="C" IPI="FjLvCsX" birthDate="2018-07-28Z"/>
                <Participant name="HToTkQZEiCgYBlS3L" role="performer" IPDN="bthEPGwh" performance="supporting" grossFee="-68183253.80"
                     modifier="A" IPI="SuweruQE0iTQ6-X2famZyzJHlfB" birthDate="2018-10-02"/>
            </Participants>
        </Record>
        <Record title="Jd4uK.rioV86" spins="1429040591" ISRC="5GOFI0JSAD6A" year="3981" producer="X5YeKYJhng" label="_Kf08QfP9uUR6GrcpZIt5"
             recordNo="sRhkG3S3.u4h9E3wMAm38TWB" serialNumber="z6k38" isPremiere="false" usage="commercial"
             ISWC="Y1k" AKA="I.n098B" genre="classical" broadcastedFrom="2019-01-24T11:21:16" broadcastedTo="2019-02-15T11:21:16Z"
             runtime="2140831721" origin="self" alternativeTitle="OE8qcm-6lHuhr6hEt7vO0Lv6R" recordedFootage="2095151473">
            <Participants>
                <Participant name="cE9gf_nnTJfcAwKKSqS21" role="remixer" IPDN="P0rE4seG6O" performance="main" grossFee="333221987.32"
                     modifier="C" IPI="mNv5g.Yn0Gmf3m" birthDate="2020-03-23Z"/>
                <Participant name="mXrroW" role="remixer" IPDN="HqGqZK4s5SWlA_3IxQ" performance="soloist" grossFee="372722265.73"
                     modifier="C" IPI="y" birthDate="2018-12-30"/>
                <Participant name="RpB2S6Xo4EUq9T" role="sound engineer" IPDN="czWhakAs_O8Uc" performance="conductor" grossFee="373069305.02"
                     modifier="C" IPI="juPS5h" birthDate="2020-01-05Z"/>
                <Participant name="EE0c.eObzcRDKKaLZzM" role="producer" IPDN="pUnM9zGMhQN55_RqQ-ZY9Xk.31d" performance="supporting"
                     grossFee="-1511059829.20" modifier="B" IPI="xDQNoSEq" birthDate="2018-12-13"/>
                <Participant name="roNfi" role="composer" IPDN="VRV5y0jB" performance="conductor" grossFee="-1323444656.41" modifier="C"
                     IPI="w-a4T3FjNJQnXhyBvZGfRVf1HUXPW" birthDate="2019-07-27Z"/>
                <Participant name="dTnS8oyvX" role="scriptwriter" IPDN="RqvHTlQciv" performance="conductor" grossFee="-652207839.00"
                     modifier="B" IPI="WCVZZc8Df9JHyL8BiJjNpEwaA7j" birthDate="2020-01-20"/>
                <Participant name="_4r8Op" role="composer" IPDN="JtkNATW" performance="conductor" grossFee="460356694.30" modifier="C"
                     IPI="xdKyK." birthDate="2020-03-13"/>
                <Participant name="u2mj" role="composer" IPDN="OG8U3vjd58KFN0wJeVZtnBVtEJ7" performance="main" grossFee="-1646647508.20"
                     modifier="A" IPI="oNjpu32dviVOQd_BZPIcNss" birthDate="2020-02-26Z"/>
                <Participant name="f6Uo4.Xq" role="scriptwriter" IPDN="iagpSy2I" performance="supporting" grossFee="-2042538757.08"
                     modifier="A" IPI="myqJ79XJujTFgdj" birthDate="2020-05-04"/>
                <Participant name="ybBbWen1mzQ.YW" role="music director" IPDN="Jhsv" performance="supporting" grossFee="1689908683.60"
                     modifier="C" IPI="RIo" birthDate="2019-01-06"/>
            </Participants>
        </Record>
        <Record title="NQXp.NzkrKrf5FUd3" spins="2032756569" ISRC="2266NL4NL331" year="2322" producer="Pcx6Uk.6Ssz3b0fh"
             label="AZnUa" recordNo="R" serialNumber="gqMN" isPremiere="true" usage="commercial" ISWC="iFd2RCr4byuu"
             AKA="NHYAAK" genre="jingle" broadcastedFrom="2018-09-09T11:21:16Z" broadcastedTo="2019-03-24T11:21:16"
             runtime="1925492485" origin="report" alternativeTitle="MvuYpAhbBHjDOQsbaD" recordedFootage="2049111807">
            <Participants>
                <Participant name="HnGHrH7td8BcuCjDbGhCRosQ8Ni" role="composer" IPDN="YQZ9wqkdzDB2i" performance="soloist" grossFee="-388896459.88"
                     modifier="A" IPI="q-bJdVs22Jvqd2dHbi2fqA4" birthDate="2019-02-28Z"/>
                <Participant name="gb-U5QaSdKOr" role="composer" IPDN="BRq7yVPq6Te5" performance="supporting" grossFee="544786172.34"
                     modifier="B" IPI="rpSKJwN" birthDate="2018-09-02"/>
                <Participant name="ky4m3gsr" role="producer" IPDN="wb_5.2ZPyaBH" performance="chorus master" grossFee="1706246411.77"
                     modifier="C" IPI="bMaLsEQT7ytXJ" birthDate="2019-12-14"/>
                <Participant name="mrVFm5xZHyqgTwpb5CwTKE_DD_4494" role="performer" IPDN="Rn0AIXvWzAHy6y3vVlFs537s" performance="main"
                     grossFee="1072987344.36" modifier="B" IPI="oilns" birthDate="2019-03-19Z"/>
                <Participant name="z-m9" role="subscriptwriter" IPDN="qO5MNxoeeNDfBLd" performance="conductor" grossFee="-523868108.49"
                     modifier="A" IPI="Z-qt" birthDate="2020-04-13Z"/>
                <Participant name="ebswGteqlwcca7F49vvc.LaFSsqF" role="arranger" IPDN="fd26vO0aB5XKUDLqx6OS2OjurbM45C" performance="soloist"
                     grossFee="637992210.47" modifier="A" IPI="Jddtu7mQ6d3o6ONOlbJ4ArJ1b." birthDate="2019-10-17"/>
                <Participant name="FmzuaGe5" role="producer" IPDN="g5qVI-Pq_hFz" performance="conductor" grossFee="-1225517929.69"
                     modifier="B" IPI="TDgGPa-db.iL" birthDate="2020-04-27Z"/>
                <Participant name="CWJjFbh" role="producer" IPDN="F_7bBTHtgfRnqye" performance="chorus master" grossFee="-1627619167.10"
                     modifier="B" IPI="lAK8A" birthDate="2018-07-26"/>
                <Participant name="_ZSIhZ8It" role="remixer" IPDN="d3Bmqfl0gKPAaP" performance="main" grossFee="-1220957344.47" modifier="C"
                     IPI="tIkvMulaqMIGUsMHs.tPO" birthDate="2020-04-02Z"/>
                <Participant name="mYP0CicCJgjS3oNmI.vMLRkZCU36eb" role="sound engineer" IPDN="q6qro1CFAuQ2AluKjcpqdBAD" performance="main"
                     grossFee="1237025444.25" modifier="B" IPI="nZaeE-ASbYTgGJYK" birthDate="2020-01-19"/>
            </Participants>
        </Record>
        <Record title="yCV8" spins="17305671" ISRC="P203YWC2Q8TU" year="6849" producer="Yi_XVzaRNWnv" label="hWc55IOHHf2ApOOIq"
             recordNo="wJ1QpOgdgJQpV0OfG.yklz" serialNumber="P_XEa8TgDOxGl" isPremiere="0" usage="commercial"
             ISWC="jmPCMN7Eogm-" AKA="JijBWbEJGVZ3ac4a8UcVxImjVmf" genre="composed" broadcastedFrom="2019-09-04T11:21:16"
             broadcastedTo="2019-10-10T11:21:16Z" runtime="1851716868" origin="commerce" alternativeTitle="CwF"
             recordedFootage="254987909">
            <Participants>
                <Participant name="GCJ0M7xL" role="music director" IPDN="SWCq_2Jdb3wCO" performance="soloist" grossFee="-1371691482.43"
                     modifier="A" IPI="xEq76J2Go" birthDate="2018-08-02"/>
                <Participant name="Hh-27sZDL.NkJ1ynMwEJ-4n" role="music director" IPDN="fQ0_dQQeyd5des3JfBjlO0u" performance="soloist"
                     grossFee="-1654406283.82" modifier="B" IPI="ULnIByEVp" birthDate="2019-02-08Z"/>
                <Participant name="eVvY0eLn9sQyI5kkDID1xg4oH" role="subscriptwriter" IPDN="glw" performance="supporting" grossFee="1335528502.26"
                     modifier="A" IPI="T1wkan_x_p9ZvI8-I0PYjBKhUpO4uH" birthDate="2020-03-22Z"/>
                <Participant name="lxKA78fKT" role="subscriptwriter" IPDN="l1W0eGp-nM_B" performance="supporting" grossFee="111350657.92"
                     modifier="C" IPI="lL0nO" birthDate="2020-04-16"/>
                <Participant name="s6kwmm" role="remixer" IPDN="xqTmzSRvM9" performance="main" grossFee="1932449171.47" modifier="C"
                     IPI="OtHdsbS7ZzIj1h4p." birthDate="2020-02-12Z"/>
                <Participant name="gkTo5MSKA06Pkd9o" role="arranger" IPDN="Ws3_5jEwAPOO" performance="main" grossFee="-1113294019.74"
                     modifier="A" IPI="vGPSeGVnjF3b" birthDate="2018-09-10"/>
                <Participant name="mqyBUH" role="subscriptwriter" IPDN="XYDIrfvBl-8Fvz" performance="supporting" grossFee="186320954.61"
                     modifier="C" IPI="hK9kTnhuEcwtgB" birthDate="2019-07-03"/>
                <Participant name="I_VwTmd1sxVYz5xyW7Jvu1" role="producer" IPDN="yoVE" performance="supporting" grossFee="-1210236289.87"
                     modifier="C" IPI="s41F" birthDate="2020-01-30Z"/>
                <Participant name="krIl2a1" role="subscriptwriter" IPDN="KYfAOk.GUsoSJ7f6Ic_DB29ZXY" performance="chorus master"
                     grossFee="203877675.15" modifier="C" IPI="GQySFNsg8V_AiRzjv8KSbepQ" birthDate="2019-01-20"/>
                <Participant name="JYwYvxrP" role="remixer" IPDN="E4KE0k8LaGYzD-c" performance="supporting" grossFee="-1349763337.68"
                     modifier="C" IPI="p.XNX8b3Jly62GVd_.yFmfHr7K" birthDate="2019-12-29"/>
            </Participants>
        </Record>
        <Record title="FBM0lyOBjjQPGmC2HEd13Pbw" spins="1996043849" ISRC="10023BO25L25" year="8183" producer="bTkRs0RVB1Cuoz"
             label="Oj3yY6cP4PET" recordNo="vjN.uE" serialNumber="Jz" isPremiere="true" usage="commercial"
             ISWC="RAEFrgC1cBecj5dm-OUIXpAk" AKA="ZNNM-nzoSV3-sb1F0fhfoB.k4" genre="pop" broadcastedFrom="2019-07-30T11:21:16"
             broadcastedTo="2019-04-06T11:21:16" runtime="1645000766" origin="commercial" alternativeTitle="spvtjqFwNaSm5swzUND"
             recordedFootage="22908582">
            <Participants>
                <Participant name="bOD8cr" role="remixer" IPDN="LT9IQlP12EYPnBSdvo" performance="conductor" grossFee="-91646692.68"
                     modifier="B" IPI="ub5zsHHm.72liQ5" birthDate="2020-01-08"/>
                <Participant name="oWHA5ZMTe.Ll_SV9jU40" role="subscriptwriter" IPDN="zYR7FMh0e3XahF7GR5I3oMiTV5krKa" performance="conductor"
                     grossFee="106585122.85" modifier="B" IPI="FFKyfc" birthDate="2019-12-29Z"/>
                <Participant name="lL.gAF_D" role="sound engineer" IPDN="fVG" performance="main" grossFee="-1002109066.54" modifier="B"
                     IPI="H2z6NXQvjfFCpbHXmSCbMkHt-" birthDate="2019-03-29"/>
                <Participant name="G" role="composer" IPDN="pta6lG8wcptojm" performance="main" grossFee="-1455205182.72" modifier="C"
                     IPI="zfBVFhg1paK44bwUv" birthDate="2019-08-27Z"/>
                <Participant name="IY6rKkYELzrXS8-TH" role="scriptwriter" IPDN="wkLBub3SvAglhpKekz" performance="soloist" grossFee="-130445190.20"
                     modifier="C" IPI="MDHSfWqm" birthDate="2018-09-08Z"/>
                <Participant name="gr8UbrwNaiT-b.Md9vPLax1q490M" role="performer" IPDN="rqO_v" performance="chorus master" grossFee="986236734.01"
                     modifier="C" IPI="Le3_8AxIvlC" birthDate="2019-12-25"/>
                <Participant name="SZuRLFHff6IwJ7AuunR-T2hPsVX4cx" role="sound engineer" IPDN="iM4" performance="main" grossFee="1019226958.89"
                     modifier="B" IPI="v9-W.c7JnYtRr_p" birthDate="2020-03-17"/>
                <Participant name="I3USV2HF399ex" role="scriptwriter" IPDN="eYS-mhI" performance="main" grossFee="-1063287413.87"
                     modifier="C" IPI="uW8xbRwldJ" birthDate="2020-06-28Z"/>
                <Participant name="Z6zIOl9mSrmQ31B" role="scriptwriter" IPDN="CLwM8Og" performance="main" grossFee="2082637477.30"
                     modifier="B" IPI="ZO3_2fNEbD9NqzmVhsldgu_gDOXc" birthDate="2020-06-09Z"/>
                <Participant name="lD.QXng" role="performer" IPDN="T7GbovwHiUY_AZiLKcsUAtqV14B" performance="chorus master" grossFee="-1033119941.05"
                     modifier="A" IPI="Xr7ulDP17tLy-a8d" birthDate="2019-06-01Z"/>
            </Participants>
        </Record>
        <Record title="a6nV4kyLTEIzW19y-z9aNl5Abak" spins="1144268257" ISRC="61UUP2Z1IQNS" year="3121" producer="K6cSiAWOyvgwYphMN30mbA"
             label="GKjmv5LPxQDdEJJek1zjD" recordNo="iOZuVleJn4PJuk_4iL_JYGnb" serialNumber="_BTLO5evvGy-QWq4x0FAWTeCS"
             isPremiere="0" usage="jingle" ISWC="lQ" AKA="G_8oEJ-OhYmZ" genre="classical" broadcastedFrom="2018-08-05T11:21:16"
             broadcastedTo="2019-06-06T11:21:16Z" runtime="1078811083" origin="recorded stream" alternativeTitle="GO"
             recordedFootage="1854762371">
            <Participants>
                <Participant name="LcP3LJpssBgfhW.z6JPVe.mgae5" role="remixer" IPDN="wHGb2PQAa-" performance="soloist" grossFee="31313935.66"
                     modifier="A" IPI="TyuAa070LIMRChPVa" birthDate="2019-07-26Z"/>
                <Participant name="tHtS" role="music director" IPDN="OQ" performance="chorus master" grossFee="-1122158837.92" modifier="B"
                     IPI="vsnOMq6Bi5" birthDate="2019-07-25Z"/>
                <Participant name="joMfAlyB" role="music director" IPDN="mL8YmLUbp" performance="main" grossFee="-493156720.66" modifier="C"
                     IPI="G1gJqpBvlOqy.7QihqgCwHsE" birthDate="2020-03-11Z"/>
                <Participant name="TPnrN5xBSftI.eGEPhyht" role="performer" IPDN="xEe.4uNJuhUUqXQ4xvF4Z03tWwg" performance="chorus master"
                     grossFee="1659210992.76" modifier="C" IPI="s8uwdzNn5MoDiayWvwKaGw3D" birthDate="2018-07-03Z"/>
                <Participant name="cvtLkdf2Vfca4y6VZXn" role="remixer" IPDN="ZUaBlabPthH" performance="conductor" grossFee="1493279688.59"
                     modifier="C" IPI="OkZ1S_0IiSuvCB5V" birthDate="2020-02-25Z"/>
                <Participant name="Cs_lEqpLZFNAGYuC5mc" role="producer" IPDN="yr8pn0DUY" performance="main" grossFee="-89761137.20"
                     modifier="A" IPI="iF8aPugCYoB" birthDate="2019-04-11"/>
                <Participant name="tbHau-2vLF0qCa7sZ" role="sound engineer" IPDN="wqHc_IiMruIBv" performance="conductor" grossFee="1274013733.02"
                     modifier="C" IPI="Wlu8iRy" birthDate="2019-03-26Z"/>
                <Participant name="pfp." role="performer" IPDN="nrGUMb69gpvnQuEATdX" performance="main" grossFee="-596378492.38"
                     modifier="B" IPI="Qdy1" birthDate="2019-02-10"/>
                <Participant name="nrk1IRLdmCIBD" role="scriptwriter" IPDN="pj_NuyMFhQib-QvLc-jDA" performance="soloist" grossFee="1915478248.07"
                     modifier="B" IPI="mquZGlOd7" birthDate="2020-05-05"/>
                <Participant name="uUY6Z96hb0DcKnCM" role="producer" IPDN="FacaaFzF" performance="chorus master" grossFee="1408453829.96"
                     modifier="A" IPI="AFoS_jF.jxJB-GVGx" birthDate="2019-06-19Z"/>
            </Participants>
        </Record>
        <Record title="dfGNxb.9" spins="1742012292" ISRC="4ZZZBC0D0291" year="9083" producer="FYslvoPmNmu8ZO8zr0BjknpnE9d"
             label="ykPVMpVy6Smt0" recordNo="az0xbyJ_vLB7k-dECHF6qJiSKw" serialNumber="EdCNGD_xzDF0lF2w7K78CEC0kq6BNe"
             isPremiere="1" usage="broadcast" ISWC="maaX65edodcJ2NL49" AKA="i4alGd-cc5QS4xhu" genre="spoken word"
             broadcastedFrom="2018-08-15T11:21:16" broadcastedTo="2018-08-03T11:21:16" runtime="846911080"
             origin="commerce" alternativeTitle="NycGoLaEQd1FcMG5" recordedFootage="1707700694">
            <Participants>
                <Participant name="l7_YTKkB10" role="composer" IPDN="M1ad-M5aYbQ" performance="conductor" grossFee="1505980442.95"
                     modifier="A" IPI="KT7sscp_" birthDate="2019-07-26"/>
                <Participant name="zSd3ax2WytQth1CM" role="sound engineer" IPDN="g" performance="chorus master" grossFee="751036960.15"
                     modifier="C" IPI="g" birthDate="2018-07-30"/>
                <Participant name="NaZ7" role="producer" IPDN="ospSRvU" performance="main" grossFee="-1652020031.85" modifier="C"
                     IPI="vqYWcH9bWlnxLa2qZKQ7qON1tj" birthDate="2019-04-08Z"/>
                <Participant name="Uc0VMF45eRx6ndPxYgh" role="subscriptwriter" IPDN="lRO1SaI7Ohwpc_ucFnyR2cK5fqJmS3" performance="main"
                     grossFee="-1117739323.45" modifier="B" IPI="Zy4RBof44DcchsYm.-" birthDate="2018-09-16"/>
                <Participant name="LKIh6e9LB_XPJx2" role="composer" IPDN="xJ6-onayn" performance="chorus master" grossFee="1795086875.34"
                     modifier="A" IPI="Moe" birthDate="2018-07-19"/>
                <Participant name="SHN1_45pminq" role="music director" IPDN="WWNaaMdoLEylW4st" performance="main" grossFee="1941797465.60"
                     modifier="A" IPI="AZ7l." birthDate="2019-11-25Z"/>
                <Participant name="b18HuamwZPQiuBSB6o1" role="remixer" IPDN="CdYNgN0N1q_kFSkjXph73i" performance="soloist" grossFee="-361219363.27"
                     modifier="C" IPI="PKr_Z6nqa6Fl5xjdx" birthDate="2019-08-13"/>
                <Participant name="vbdE" role="sound engineer" IPDN="bdi_hf_" performance="conductor" grossFee="-1063971150.84" modifier="B"
                     IPI="g4Dq8BhSdp32UVmCrUEwG1NrtlEtw" birthDate="2018-10-08"/>
                <Participant name="LaBgaws05RUwps" role="scriptwriter" IPDN="TQAfrHP" performance="chorus master" grossFee="401867087.21"
                     modifier="A" IPI="x" birthDate="2019-02-18"/>
                <Participant name="fgge_I3jh0ja3qUmdS4oGWOjHvLwpd" role="performer" IPDN="uA-S4N2" performance="supporting" grossFee="943972553.69"
                     modifier="C" IPI="ABN7tGLsFB9XNaIBOx9ZX" birthDate="2019-02-10"/>
            </Participants>
        </Record>
        <Record title="NvG7r8iKv" spins="750077956" ISRC="MV84V1VWDFE3" year="8193" producer="Rqq_uxQ" label="iv.dorWPze1T6YJGN-2Lja"
             recordNo="_vpjsYV" serialNumber="NVDtfC0qjxD1EkF0wbh1C2M0Xb" isPremiere="0" usage="broadcast"
             ISWC="nyq-dOBcKAJ" AKA="aiWqc7tJ8EO4m" genre="pop" broadcastedFrom="2018-11-24T11:21:16"
             broadcastedTo="2020-03-20T11:21:16" runtime="450120108" origin="free usage" alternativeTitle="NpuRnC"
             recordedFootage="1353409579">
            <Participants>
                <Participant name="IirCMrhjCGTcforFBlPQt3iqd" role="scriptwriter" IPDN="DOFQ2oE5Qryk9HIe-cHK_fd7" performance="supporting"
                     grossFee="1790139401.90" modifier="A" IPI="f" birthDate="2020-02-12"/>
                <Participant name="BRt" role="sound engineer" IPDN="vMdRj36K7jnUT0q_y5OzJrKwPD" performance="conductor" grossFee="-1304847166.53"
                     modifier="A" IPI="X8zPVS3H9FTyofx9urQ" birthDate="2019-06-06"/>
                <Participant name="cs0RYl82WtAeixH" role="performer" IPDN="GNJ8GbEB.A4.wf_c15LShHHo4gHHw" performance="conductor"
                     grossFee="-682135336.10" modifier="B" IPI="aK9mjL3ZLM70aFRmtzb2m2DweQcTm9" birthDate="2019-06-04Z"/>
                <Participant name="Xk" role="subscriptwriter" IPDN="shYVWTQY9GY" performance="soloist" grossFee="925950817.51" modifier="A"
                     IPI="TSJybtfuIz1" birthDate="2020-05-23"/>
                <Participant name="Z.iEV_nsCB2" role="music director" IPDN="irUz0zSp4N" performance="conductor" grossFee="49274677.57"
                     modifier="C" IPI="GmE" birthDate="2020-06-17"/>
                <Participant name="sxAAuN-kl" role="producer" IPDN="SfEOXm.1XHeO" performance="main" grossFee="835802772.06" modifier="C"
                     IPI="Tq-Yo9m8" birthDate="2020-04-12"/>
                <Participant name="XzgPMNZCghqR..eRvSj-" role="producer" IPDN="SyN" performance="soloist" grossFee="-1726670161.09"
                     modifier="C" IPI="M" birthDate="2020-06-04"/>
                <Participant name="iXcY" role="arranger" IPDN="r0pz0E1DgWotQXGBiV_SS" performance="conductor" grossFee="-423017425.00"
                     modifier="B" IPI="zzGjj6BUXok8Wihl45PPcQVu08RzCW" birthDate="2018-08-20"/>
                <Participant name="U57QZgZOGbZGn7MJvNQm6Ru" role="music director" IPDN="Q9" performance="soloist" grossFee="-519497492.63"
                     modifier="A" IPI="CUh" birthDate="2020-02-22"/>
                <Participant name="QEldco45pWsJ-bK" role="performer" IPDN="KGz3msEeBKQzLzggD_" performance="chorus master" grossFee="-1317719450.25"
                     modifier="B" IPI="a6p" birthDate="2020-01-20"/>
            </Participants>
        </Record>
        <Record title="Nk1D3Th.G94" spins="951474952" ISRC="8OHN62SN17P7" year="3536" producer="AP9zq0FjG4" label="fq_cT3"
             recordNo="gSK6SOwqQbo64gQWF2I68J_NEie" serialNumber="hclaT" isPremiere="false" usage="jingle"
             ISWC="OGhuxUQWSysRD0m5wl" AKA="K1i" genre="classical" broadcastedFrom="2019-08-30T11:21:16Z"
             broadcastedTo="2019-04-19T11:21:16Z" runtime="983240433" origin="commercial" alternativeTitle="Yt2nbqmzbzOdOQVkkIW"
             recordedFootage="2136953241">
            <Participants>
                <Participant name="tKlNjsW0U" role="performer" IPDN="qWbXxSNoLKzd" performance="soloist" grossFee="-1427671402.17"
                     modifier="B" IPI="xiPTZKP9Y16-J" birthDate="2020-05-25"/>
                <Participant name="YYGA6lCzhc" role="subscriptwriter" IPDN="t9iYO190sYl.gNZCJ" performance="main" grossFee="480621631.57"
                     modifier="C" IPI="sNKg" birthDate="2019-05-10Z"/>
                <Participant name="NxNfQi4M1z00o." role="music director" IPDN="vvIXztNBUT8-pJM-mny57" performance="conductor" grossFee="-517120877.18"
                     modifier="C" IPI="mlF-GvH8YrLYmAlhgGLMItT" birthDate="2018-07-20Z"/>
                <Participant name="igQSGXEO" role="scriptwriter" IPDN="sS9D4FTA5cfJ1ZY-vmv" performance="conductor" grossFee="760064761.63"
                     modifier="C" IPI="lz2QdSl4DT1f3" birthDate="2020-02-18"/>
                <Participant name="b.PivRpET8KOps" role="composer" IPDN="yF" performance="soloist" grossFee="655982966.01" modifier="A"
                     IPI="panf5B7DGm2" birthDate="2018-08-12"/>
                <Participant name="mXFAOQrC-fdXKfh92zT.zawVtU" role="remixer" IPDN="_S0Pe0vHfpYe5np-g50DsRO2" performance="supporting"
                     grossFee="-1630227316.88" modifier="A" IPI="VactwdEb22o-ohKtKiMM" birthDate="2018-11-11Z"/>
                <Participant name="jNB" role="subscriptwriter" IPDN="YKVb8" performance="conductor" grossFee="1100515683.24" modifier="B"
                     IPI="q7" birthDate="2018-07-16Z"/>
                <Participant name="dGCFD2seBZvig." role="remixer" IPDN="DeM5lUMH1BCMU1EHdiBhgZsJr" performance="conductor" grossFee="1366712047.26"
                     modifier="B" IPI="_y" birthDate="2019-02-18Z"/>
                <Participant name="KwtIhxrQmBwLh" role="music director" IPDN="oDJ" performance="chorus master" grossFee="1952739175.44"
                     modifier="B" IPI="Y.5i94.R5dUcpo" birthDate="2018-10-30Z"/>
                <Participant name="z2bx_Mu5oonan-f.OiqzMlKl" role="subscriptwriter" IPDN="Xs3KUFVRMePolxX4V6fy.eefTaHlo." performance="soloist"
                     grossFee="910960241.88" modifier="C" IPI="wny7H" birthDate="2019-03-24"/>
            </Participants>
        </Record>
        <Record title="LI" spins="897878621" ISRC="X49IVKG98E4T" year="2925" producer="E6bzGn5fz.wMCmH7z.YasAte" label="tD3e3C2t2"
             recordNo="I16G261asW3wu6k1OZA" serialNumber="Tp94SqxV7HQSt" isPremiere="0" usage="broadcast"
             ISWC="jzJsN_h.uQpAO" AKA="X5Hvs2gW8hvntjaOiqo1mX6EsKk.V" genre="pop" broadcastedFrom="2020-03-16T11:21:16Z"
             broadcastedTo="2018-11-12T11:21:16Z" runtime="1539456035" origin="live stream" alternativeTitle="qz0XmBjTw"
             recordedFootage="1738491966">
            <Participants>
                <Participant name="F" role="performer" IPDN="uowqirtyPsJIGAMvjMoP" performance="chorus master" grossFee="-424793928.45"
                     modifier="C" IPI="YtwzQ" birthDate="2019-05-20Z"/>
                <Participant name="L.VDmgx4oC" role="performer" IPDN="DopPWwTxuacAo0xT" performance="conductor" grossFee="-184541464.78"
                     modifier="B" IPI="XPluk" birthDate="2019-12-08Z"/>
                <Participant name="cmGzVcyhjwPd2FkiTseMTi.zv8Gs4W" role="music director" IPDN="FJmdHZc4Q0oWUOR1TY11FdHfHFsP" performance="main"
                     grossFee="-313762672.99" modifier="A" IPI="W1eKpJ2KJ3QScl" birthDate="2019-09-02Z"/>
                <Participant name="omTXZHVjaR" role="sound engineer" IPDN="_e-3uzdB.m0u6IWsPv5" performance="conductor" grossFee="774915038.21"
                     modifier="C" IPI="hcF8572D_UeqUVPa3A2Zo_mIalB" birthDate="2018-11-05"/>
                <Participant name="vKik_vk4LHfVX-S8cz.3LqxWys" role="scriptwriter" IPDN="rVj_cu_VdW-IQRpHHfnApLX" performance="conductor"
                     grossFee="41106175.85" modifier="C" IPI="I-Y67Aug2uLrGezONJk3er" birthDate="2018-09-10Z"/>
                <Participant name="BaqxW0-_YgG65yFuyeyixPjz" role="arranger" IPDN="qIsbVe1K" performance="supporting" grossFee="1364215764.55"
                     modifier="A" IPI="z0H7uh5O1g6bSHD" birthDate="2019-03-07"/>
                <Participant name="OkXDNae" role="producer" IPDN="JLQ8RkjW0" performance="conductor" grossFee="672090101.59" modifier="C"
                     IPI="YThH6BVA5S1mftxTUJcDwOkKLI" birthDate="2018-08-24"/>
                <Participant name="d46LiE61j3wfh9" role="scriptwriter" IPDN="r32TaiGGjpq1zQPzFmFmZ" performance="supporting" grossFee="-123840140.33"
                     modifier="B" IPI="lNFAm2CSmV1jFPZd51w0I" birthDate="2018-07-21Z"/>
                <Participant name="V" role="composer" IPDN="g3hZ9A3hK4spTrxBvVWm9" performance="main" grossFee="2045341361.97" modifier="A"
                     IPI="qN_XIUVN2VfP3" birthDate="2019-05-03Z"/>
                <Participant name="r.vcxNFy.tmhHcfodA8" role="producer" IPDN="d_1Lx_GpvqiGr" performance="main" grossFee="101259650.42"
                     modifier="A" IPI="NRQqSEcK-SKt" birthDate="2019-12-26"/>
            </Participants>
        </Record>
    </Record>
    <Record title="F0erNGz4V" spins="333832723" ISRC="6I382NN27XJ6" year="9918" producer="fK-d" label="PDlKOtv0YxbOu8eCwSxcdW"
         recordNo="eWkoAFbb77kucwb3HFD_JyAPOLWP" serialNumber="A0trHyXCXcd2uFZ0he4WET" isPremiere="0"
         usage="jingle" ISWC="QHbg5ghmZ7CF.vkUQys" AKA="Yto" genre="commercial" broadcastedFrom="2019-05-16T11:21:16"
         broadcastedTo="2019-01-30T11:21:16" runtime="1172216610" origin="recorded stream" alternativeTitle="Q3ffgOCKIdKqK5TPtf"
         recordedFootage="412128255">
        <Participants>
            <Participant name="pgbJUedX" role="scriptwriter" IPDN="lGm7GFt7Q" performance="supporting" grossFee="595958725.35"
                 modifier="A" IPI="Un04WWXwZCwBNAI" birthDate="2018-09-11"/>
            <Participant name="zYhtdrcsr1tYDAse" role="producer" IPDN="vXqL0GI" performance="soloist" grossFee="-1956951012.97"
                 modifier="A" IPI="mEOnLCxCLn0KAMKjmKKPpp" birthDate="2018-08-12Z"/>
            <Participant name="gPByL1RpB" role="performer" IPDN="Um4BzCsEuW.9dz0jsC" performance="main" grossFee="1888635738.81"
                 modifier="A" IPI="e" birthDate="2018-10-07"/>
            <Participant name="g3LxuX8HIT_wJOk_" role="performer" IPDN="l-B5WIXJUOL2QK_R0gQEdQiJZUBYGW" performance="soloist"
                 grossFee="-200379830.42" modifier="C" IPI="eTF2Vxg..PN6T" birthDate="2018-07-17"/>
            <Participant name="j3K6LFjCG6MUDjZ" role="performer" IPDN="yxMmAVf0b" performance="conductor" grossFee="-1617603295.94"
                 modifier="B" IPI="fmlKxhTlQeefim4JpDcPia54_EPy" birthDate="2018-09-28Z"/>
            <Participant name="xushJPSeaDMT7NeM-DG" role="music director" IPDN="MMTcxKdzVtrpzA" performance="conductor" grossFee="1899844575.38"
                 modifier="A" IPI="wyzDRjNgVssM4qh5ccp9TktaO9" birthDate="2019-09-21Z"/>
            <Participant name="rca80Jiqu1zHWm_rJSUIy4B." role="sound engineer" IPDN="DzCxTCt.aVT2B13Ij734E" performance="conductor"
                 grossFee="84257169.31" modifier="A" IPI="uY06Q5Pc4yspQgd" birthDate="2019-05-27Z"/>
            <Participant name="oG9fwu2OKTjkqPwP1uC-41-B-46mY" role="remixer" IPDN="Jf1EsF44NswP4jZDiu0XlTI1S9" performance="main"
                 grossFee="-1915916022.82" modifier="C" IPI="EH-UMW" birthDate="2019-06-08"/>
            <Participant name="gL3ExG" role="performer" IPDN="zP5I3eSDbpzYgVM8dXn6IwxGd4" performance="conductor" grossFee="902414468.98"
                 modifier="C" IPI="HWKksiINYhH.5OKEbkeRT6U1" birthDate="2018-11-13"/>
            <Participant name="u8YXgpfPbppVw_wy2HIid9sv28sJ" role="remixer" IPDN="TDR7nQ7cugZ60yJ83." performance="main" grossFee="-822117086.33"
                 modifier="B" IPI="xwKgzCRPygO9EmAk4W.sbF" birthDate="2019-07-22"/>
        </Participants>
        <Record title="J" spins="819854393" ISRC="82BY749V188N" year="7096" producer="RREgWB3tJC531" label="rh_6r.HB"
             recordNo="_2g" serialNumber="FhFE4NfuyR9mxFZ1A9bYfTlWePwi" isPremiere="false" usage="commercial"
             ISWC="PVzgqkycGJU8It9Yo_XSZ3Say.cIs" AKA="dAI" genre="pop" broadcastedFrom="2020-02-08T11:21:16Z"
             broadcastedTo="2020-02-10T11:21:16Z" runtime="2042122091" origin="live stream" alternativeTitle="EVSqaG.aAijA"
             recordedFootage="958245603">
            <Participants>
                <Participant name="cr" role="performer" IPDN="YWd7ot0rLGRQxNI" performance="chorus master" grossFee="-2107089349.06"
                     modifier="A" IPI="_5OB4n_3k5ASvx4YRmtX9JKKr0Us" birthDate="2019-11-02"/>
                <Participant name="W7N79VsJ" role="scriptwriter" IPDN="SMKgh72zJgO6lholCt" performance="chorus master" grossFee="-2024523293.93"
                     modifier="B" IPI="k0TQjcvBvC3KK55xwWR" birthDate="2019-11-22"/>
                <Participant name="P-meGYJM5Vy5ehYCr_5" role="subscriptwriter" IPDN="AU8vHZe812XIpN" performance="conductor" grossFee="-651649086.51"
                     modifier="C" IPI="K" birthDate="2020-02-21Z"/>
                <Participant name="EFk2YnKarVCzb" role="sound engineer" IPDN="SdpQTPSFWGD4t6U4YTFOy_UZ7Ls" performance="soloist"
                     grossFee="1267193767.14" modifier="A" IPI="WeE4cWvz8ER" birthDate="2019-12-26"/>
                <Participant name="sOO0Nr4giOQ8UnMGUqFyJ" role="composer" IPDN="sLR8uOGYsMxqh" performance="conductor" grossFee="-1853305930.19"
                     modifier="A" IPI="SW9x-9eAGufh7Z" birthDate="2018-09-21"/>
                <Participant name="L6qkTlZe-jDG8" role="subscriptwriter" IPDN="DA2KTRhfBEV1U2qNE5AbMGDl" performance="chorus master"
                     grossFee="-1590200687.94" modifier="A" IPI="imDux3Nq2yo5kM5RvAl2" birthDate="2019-02-10"/>
                <Participant name="lX7YH_1ZtET3JoTpKbere" role="producer" IPDN="mxprCmDMrHY8pGz1ZvyvuCgjLEeX" performance="supporting"
                     grossFee="-948593762.72" modifier="B" IPI="iC2x1tE3lZEWfyH_GUu" birthDate="2019-12-22Z"/>
                <Participant name="c3yIKMKUoSPJ5sWmt" role="arranger" IPDN="EMIt7WTQ5" performance="conductor" grossFee="-1148673867.21"
                     modifier="A" IPI="neMfkvbKENJ5" birthDate="2019-10-12Z"/>
                <Participant name="cMDxjhvKJ3ogo" role="music director" IPDN="oK4I9pr6LMmIv6O9.P0ao1SkH8WBtn" performance="conductor"
                     grossFee="-1897204497.14" modifier="C" IPI="YnmOJH" birthDate="2018-07-27"/>
                <Participant name="_" role="sound engineer" IPDN="D8iauukbnd3Hqp..e-F22p.gB7Ug" performance="main" grossFee="-1058055631.47"
                     modifier="C" IPI="wZQWfZg16x-Cu4bCCL2" birthDate="2019-06-01"/>
            </Participants>
        </Record>
        <Record title="olKhO" spins="1443516350" ISRC="F2CKV338S0A6" year="9217" producer="ZH5Xr9_" label="jRs6jRGDU8cu3w2nhfBhu0z8"
             recordNo="Vmw2lOQfex" serialNumber="cBxgJlzqi_Q" isPremiere="1" usage="broadcast" ISWC="F91641umMoZa"
             AKA="pLcAEOmN" genre="spoken word" broadcastedFrom="2019-04-27T11:21:16" broadcastedTo="2018-11-07T11:21:16"
             runtime="1673137081" origin="live stream" alternativeTitle="gPM2TgtRBrhCMDL_Ytoe._i" recordedFootage="1996072073">
            <Participants>
                <Participant name="E9ftAy7MxjR1Pe3BK-VS3kr" role="sound engineer" IPDN="MrMWb5." performance="supporting" grossFee="-516899829.86"
                     modifier="A" IPI="RwEO.DRBP_7Ed4GtxMtl" birthDate="2018-07-11"/>
                <Participant name="U9VVQLeU" role="performer" IPDN="FhRIVgQ0qeh_Vpg" performance="chorus master" grossFee="-946859352.47"
                     modifier="A" IPI="H5vW-J_" birthDate="2020-06-07"/>
                <Participant name="YOaDYU6QNd" role="arranger" IPDN="VrltlIljKCGfSi61" performance="conductor" grossFee="1680387343.81"
                     modifier="A" IPI="do6JPHo47XHEWDR" birthDate="2018-10-19Z"/>
                <Participant name="pcJiufPxGnFm.Zg-_8wWner" role="composer" IPDN="_N" performance="soloist" grossFee="465093023.76"
                     modifier="C" IPI="X.ED1" birthDate="2019-01-10"/>
                <Participant name="CgP3CNQyB" role="sound engineer" IPDN="AhRrW.wxctrzGUL_a4let3W2C2" performance="soloist" grossFee="-98522935.35"
                     modifier="B" IPI="DUepZurFfh" birthDate="2018-10-23Z"/>
                <Participant name="WLUqem" role="performer" IPDN="T1UJ8WpkYLLKg-ZxJtvGrFoq9vzr" performance="soloist" grossFee="1069915407.42"
                     modifier="C" IPI="rAH" birthDate="2019-05-20Z"/>
                <Participant name="oDmjOqZ3Uj2C92I-V" role="composer" IPDN="YUNmBC9mydi-KThUW" performance="main" grossFee="-743858090.77"
                     modifier="A" IPI="m-x4F59JU" birthDate="2019-05-02"/>
                <Participant name="iwBD" role="performer" IPDN="vLgtOUX" performance="chorus master" grossFee="1451088217.94" modifier="A"
                     IPI="l-QJUM-JjluqMRmb-" birthDate="2019-10-02"/>
                <Participant name="L2TL" role="performer" IPDN="tnQcsGNehlTN3JkVIhYSV0oVi" performance="soloist" grossFee="-1651240153.76"
                     modifier="B" IPI="Yc7LTaK9SM" birthDate="2018-12-14Z"/>
                <Participant name="GXKFXwPmXvZsmxQG9HF_rqnNb_cru" role="sound engineer" IPDN="dvy_1MZG8Mk" performance="conductor"
                     grossFee="-1738009331.10" modifier="B" IPI="YkjzQu8D9FhRmz7a7pgL2Q9nm-." birthDate="2019-10-25"/>
            </Participants>
        </Record>
        <Record title="RM7bUKNHaMGIV4Xi7A4a_NnpeDD" spins="2093551686" ISRC="UQQK7G3M6IEF" year="6181" producer="qTnIOq0Y"
             label="TvvMobII25F8U" recordNo="nIQsxrrTkrHMvC0ijZeU8t" serialNumber="Z6HzxF" isPremiere="1"
             usage="commercial" ISWC="t2rxZAzW7d9Wu" AKA="USqKVhpUfNuYNCXNfw-b7SlQ1" genre="classical"
             broadcastedFrom="2020-04-15T11:21:16" broadcastedTo="2018-10-29T11:21:16" runtime="226006293"
             origin="commercial" alternativeTitle="M" recordedFootage="2140338841">
            <Participants>
                <Participant name="QHV" role="subscriptwriter" IPDN="v7l" performance="soloist" grossFee="-1921232563.05" modifier="C"
                     IPI="wsPB6-n-C" birthDate="2019-04-18Z"/>
                <Participant name="HBZ3MaBqj" role="music director" IPDN="F.cZZDMXlebX" performance="soloist" grossFee="384644429.36"
                     modifier="A" IPI="ACe-_OJ" birthDate="2018-08-24"/>
                <Participant name="fCTHHVssaoi_JGXYkqWbMPUX" role="composer" IPDN="FS" performance="chorus master" grossFee="199414385.32"
                     modifier="C" IPI="zUobKQbkQBQWD8xSqW487Uk" birthDate="2020-05-14"/>
                <Participant name="A7HyJvB0" role="performer" IPDN="ryUF_" performance="soloist" grossFee="825726294.16" modifier="C"
                     IPI="Fb2TKsq" birthDate="2018-12-19Z"/>
                <Participant name="HaYGOVM" role="scriptwriter" IPDN="MIlYzEomFU3QI5VK7" performance="chorus master" grossFee="402677915.56"
                     modifier="A" IPI="k" birthDate="2019-11-26"/>
                <Participant name="Z6LVkQeEc2e3z.0-izaUPj.aaGwWRg" role="scriptwriter" IPDN="lt7YzatxFr7hbXfnhlCICzu_ymMHRK" performance="chorus master"
                     grossFee="1892457861.78" modifier="A" IPI="QV_8-WJ" birthDate="2019-10-16"/>
                <Participant name="uUOTInLLSa8bMUn" role="arranger" IPDN="YWO89jPTS.ec3TY" performance="main" grossFee="-1422820141.23"
                     modifier="A" IPI="mz.WF" birthDate="2020-05-14"/>
                <Participant name="vFSFNPHVm9qjFlI.Ka_tlSySOM00Ku" role="arranger" IPDN="PBHAuYpOONpi" performance="conductor" grossFee="677323482.79"
                     modifier="C" IPI="F9YesE" birthDate="2019-09-05"/>
                <Participant name="jinUG" role="sound engineer" IPDN="R8PgR1EyF3Lbp" performance="main" grossFee="-548783179.57"
                     modifier="A" IPI="_JaqBgjSXcC" birthDate="2019-08-06"/>
                <Participant name="AY" role="producer" IPDN="BneOHsYEJhlx_5ASui" performance="main" grossFee="717637399.70" modifier="C"
                     IPI="Hh_zaBJ" birthDate="2018-08-23Z"/>
            </Participants>
        </Record>
        <Record title="j7VaJduPOdTeBTG_0D" spins="304877763" ISRC="76EXH8T45H03" year="1275" producer="ByBfWnJAytBiAFfcXqIfYsf"
             label="nviD0njuuZjwDyGiumfqw0" recordNo="ruRBj035Ua3VcpujvU3eGH" serialNumber="pLdCfUhtDN3"
             isPremiere="true" usage="commercial" ISWC="Eb-3Rxxt33PIwTQPgBK" AKA="Tule7ZSscfIkJh0W" genre="composed"
             broadcastedFrom="2019-06-24T11:21:16" broadcastedTo="2020-04-23T11:21:16" runtime="1574356174"
             origin="commerce" alternativeTitle="SEBiMUmdZMHCbykiMzPCBIKxion" recordedFootage="277577877">
            <Participants>
                <Participant name="FUI" role="remixer" IPDN="_yL_MpajDN3RMjq1eT" performance="chorus master" grossFee="2138584426.30"
                     modifier="A" IPI="XDATWg7HDpWV-mHYLYr6KXutfrvQ7" birthDate="2019-01-03Z"/>
                <Participant name="PcHfXibqQpf2LHdt0" role="performer" IPDN="X4r2W" performance="conductor" grossFee="-1598368491.77"
                     modifier="A" IPI="D3" birthDate="2019-03-25Z"/>
                <Participant name="IdnyGUgjQor-XbN2Po" role="scriptwriter" IPDN="qOrP5" performance="conductor" grossFee="1726472683.38"
                     modifier="A" IPI="t8I2RE81uY2xIW" birthDate="2019-06-10"/>
                <Participant name="VwejeeOrObEECLPxQjPGTUk" role="composer" IPDN="MAvNTOm04_PbfL3Mxpw" performance="conductor" grossFee="61331497.78"
                     modifier="A" IPI="HWL5X.SKB" birthDate="2020-05-12"/>
                <Participant name="gvuY_a5EJBRnStdDgZ5vaqx7Fp0g" role="composer" IPDN="ylONQ7wf1MegrdctB7HMfuNl_r2iMF" performance="soloist"
                     grossFee="-1959165125.29" modifier="C" IPI="NQJ7UBuoNSJkPexvx8o4wxYLt_" birthDate="2018-09-07Z"/>
                <Participant name="ENzbP0-17aEG_jg" role="arranger" IPDN="Kvh" performance="chorus master" grossFee="591129367.43"
                     modifier="B" IPI="j9.XsS5Beohid6XGAj" birthDate="2019-12-01"/>
                <Participant name="fJBf9f_59V" role="remixer" IPDN="VSgXwRy-Hs39Jm7S5iwISg" performance="main" grossFee="1936291744.27"
                     modifier="B" IPI="GrqWxPWrVGz" birthDate="2019-10-07"/>
                <Participant name="pGX1Tl-QfsMCn" role="remixer" IPDN="MkU8Lk-JY9KDhRPp0xAeKqXi_mxTvW" performance="supporting" grossFee="169351675.67"
                     modifier="B" IPI="LF1tr_MTBwX-kc9zJL" birthDate="2019-04-19Z"/>
                <Participant name="J.CQ_V" role="subscriptwriter" IPDN="jn0jkZvpQWqfQ7ceH4-" performance="chorus master" grossFee="1705638159.31"
                     modifier="B" IPI="C6X" birthDate="2020-04-11"/>
                <Participant name="DKpsQg2iokItd-" role="producer" IPDN="cwKdixUTfVhrm3l-" performance="supporting" grossFee="252946594.99"
                     modifier="A" IPI="QM2bcPoDbtM4Fy.0IrE-E7OaV9" birthDate="2019-01-30Z"/>
            </Participants>
        </Record>
        <Record title="sh914s8BUufeO1NdAr" spins="1101393577" ISRC="PKM7UBFC9YJA" year="1662" producer="qj" label="hII3s6hpTBr0CYjViCxYe-gp5w6"
             recordNo="GkXdRYCJqAb07vj3vijiyT9iqx" serialNumber="B02RBQYDMo_GNH" isPremiere="0" usage="broadcast"
             ISWC="Du3" AKA="eiwpm14yLCiM8AMrTf8nmj._Nuv" genre="classical" broadcastedFrom="2018-12-22T11:21:16"
             broadcastedTo="2019-09-11T11:21:16" runtime="373253653" origin="live broadcasting" alternativeTitle="PGPCF"
             recordedFootage="1391051218">
            <Participants>
                <Participant name="Rc_HDO5xu4" role="scriptwriter" IPDN="Fdlq9-U9qrr" performance="supporting" grossFee="-262863040.82"
                     modifier="C" IPI="wVwL0f" birthDate="2019-08-17"/>
                <Participant name="iRYKX-" role="subscriptwriter" IPDN="GljB50JgdBo9p6Qj" performance="conductor" grossFee="-968003819.62"
                     modifier="B" IPI="cdW1Kd0Pra-8-waHw-" birthDate="2020-03-12"/>
                <Participant name="UBT4a4w17K22dnPHRFyvOctE5tGYp" role="scriptwriter" IPDN="W6MKaYAlVrRDOmsx00" performance="main"
                     grossFee="-1820174774.40" modifier="B" IPI="P2PYsQZ8.cqvabNhzT" birthDate="2019-11-20"/>
                <Participant name="xPEg_fww50xjRaemhrn" role="music director" IPDN="Uf" performance="chorus master" grossFee="1608408838.89"
                     modifier="A" IPI="xoA1ua9b8AXNPRR29bpmKi" birthDate="2020-02-21Z"/>
                <Participant name="jm" role="producer" IPDN="ur8CWsgI0ihKIaB" performance="chorus master" grossFee="-64952709.92"
                     modifier="A" IPI="GMB_jvEcUCAbye" birthDate="2019-01-11"/>
                <Participant name="gniQ9yaPZ141xBzPKbVjdLPbyYD" role="producer" IPDN="ClUQmSwxJ" performance="main" grossFee="-2060499586.05"
                     modifier="B" IPI="OcjrgmJfSVIn67IRk" birthDate="2020-06-14Z"/>
                <Participant name="lu6f9loED" role="performer" IPDN="FVknxpR9REe72bJ" performance="main" grossFee="286187096.07"
                     modifier="B" IPI="i68_VDzsL" birthDate="2019-09-11"/>
                <Participant name="x7d31DxG" role="subscriptwriter" IPDN="J4BcKlighRpOGWIlIWm1X3cN-" performance="soloist" grossFee="974420110.89"
                     modifier="B" IPI="BuzjtQSOj-rs" birthDate="2019-10-11Z"/>
                <Participant name="GPXJ7z5MVIdYEu" role="remixer" IPDN="iOyi61iF.ZMR5DwvgiZakq8Es-W1" performance="chorus master"
                     grossFee="-1116759254.58" modifier="C" IPI="vnGvEaLWpTQ1W" birthDate="2018-10-13"/>
                <Participant name="iRDj0g5aQfCuY.D0yPOMnQg8Gy4A" role="performer" IPDN="AjQ-808hZ7Fzz_fQa" performance="main" grossFee="-37475106.17"
                     modifier="A" IPI="XCEJmq6Q9E" birthDate="2019-01-16"/>
            </Participants>
        </Record>
        <Record title="Ia" spins="1259540668" ISRC="7734NACLK3JB" year="9137" producer="UUbHEyvYTIYZ4zh67qkZ" label="H.o7R14w1yvx"
             recordNo="NnSfyP8ZHtM2SWEjoK4" serialNumber="nP" isPremiere="false" usage="commercial" ISWC="u9F24kfIv"
             AKA="x_e.bir449_IBqe" genre="composed" broadcastedFrom="2019-02-12T11:21:16" broadcastedTo="2018-07-22T11:21:16"
             runtime="588555179" origin="self" alternativeTitle="Qa3449ovL7kphc_J" recordedFootage="485058652">
            <Participants>
                <Participant name="aodEQV_Zvi9SUk" role="composer" IPDN="Xh0vJ1xadFDSAgWTnQX6HlpXJM" performance="conductor" grossFee="-449042927.97"
                     modifier="A" IPI="JGfQ" birthDate="2019-04-26"/>
                <Participant name="_Kj" role="scriptwriter" IPDN="ARE" performance="soloist" grossFee="470123283.16" modifier="B"
                     IPI="X_loBa23K42O8F" birthDate="2019-09-02Z"/>
                <Participant name="OvBzNNPpDW4RC_MpKDpNpKus" role="music director" IPDN="pX9z6DBoqFW2RRtek44-raqDOb" performance="supporting"
                     grossFee="-1136784299.22" modifier="C" IPI="Tr1QUrOW1g3kzKI5PH" birthDate="2018-09-18Z"/>
                <Participant name="UATI4pKRR" role="composer" IPDN="qcX0Brgmm" performance="main" grossFee="958793120.52" modifier="C"
                     IPI="K4PzjevDt9JD2.UBW7zaiPyTC" birthDate="2018-11-04"/>
                <Participant name="iiqTb5FRnxy1vj0JUWXyD1I" role="composer" IPDN="L21vtDlTMQe_S._to" performance="chorus master"
                     grossFee="-325519224.88" modifier="C" IPI="JM14HQEg-hV5" birthDate="2018-10-31"/>
                <Participant name="QR5-xZqemq5ICOB6xP" role="music director" IPDN="C" performance="supporting" grossFee="-181885298.78"
                     modifier="B" IPI="A7mJnm3mhps39T" birthDate="2020-05-08Z"/>
                <Participant name="BaZiiabiFORWviJGP1qzRCSTvly6kw" role="producer" IPDN="RzHkr" performance="chorus master" grossFee="1001820898.09"
                     modifier="A" IPI="P7jBGa" birthDate="2018-09-10Z"/>
                <Participant name="nnlijeXlfBAhKx2PTWXNNsZ6wqAM" role="music director" IPDN="FXn0MRGamroHfW" performance="supporting"
                     grossFee="758941367.45" modifier="B" IPI="wXGEnju" birthDate="2020-05-09"/>
                <Participant name="j-FE6P3lDk0.LBzNP" role="subscriptwriter" IPDN="E9" performance="soloist" grossFee="1786198792.54"
                     modifier="A" IPI="vzLv2uMm3H37Mcyo" birthDate="2020-02-15"/>
                <Participant name="YRGArCaY7gW0l2yJ9okK3o1i5" role="arranger" IPDN="pq7SAAbMc6cJXo_wy50x" performance="soloist" grossFee="-2139222473.05"
                     modifier="C" IPI="N6dnz4pFYAf90VWS1HFQ9g" birthDate="2019-04-04Z"/>
            </Participants>
        </Record>
        <Record title="iBaEsKnwXnRM" spins="1389691321" ISRC="36ULHW4T45Q5" year="6132" producer="cflQcnKDy.dFtTRSqc4Y0D"
             label="qqZqsU0oWuW-a7yTay-cj8JwH" recordNo="oqruQjmNUgQD06FPkhQxG.fmE1a05k" serialNumber="DwYFKxPAXfijKBxezFiojh5"
             isPremiere="false" usage="broadcast" ISWC="BO" AKA="jTPcUvIaiyJEE9.K6BZOrUX" genre="pop"
             broadcastedFrom="2018-08-25T11:21:16" broadcastedTo="2019-06-26T11:21:16" runtime="245460197"
             origin="report" alternativeTitle="ZfDwgVjDyU2onYJ" recordedFootage="624095519">
            <Participants>
                <Participant name="H-M-9M_" role="subscriptwriter" IPDN="udQl5uJM_d5-1_c_K0suhn2PTz" performance="chorus master"
                     grossFee="1469173192.01" modifier="B" IPI="pw_AVrmhtY5FN6v-xse6xePcAkBz" birthDate="2020-02-28"/>
                <Participant name="b9bym6EycThjt" role="performer" IPDN="r5l6" performance="main" grossFee="932606969.82" modifier="A"
                     IPI="d_-1Vy763wsD.9zPjqh9PaoFsZFUZ" birthDate="2018-09-28Z"/>
                <Participant name="KKebIM4DGmJk" role="composer" IPDN="DPInNvF-UgVDBZ" performance="chorus master" grossFee="840037953.40"
                     modifier="B" IPI="uYI-dX" birthDate="2019-10-10"/>
                <Participant name="s1uLMQtH9utjeavEL4J6kQ1KDSM" role="composer" IPDN="jFs3GbLqi3C3yh_k7wGTu" performance="conductor"
                     grossFee="198076689.87" modifier="A" IPI="Wq4rx" birthDate="2019-04-22"/>
                <Participant name="yQQsXU50zNuQIKa6" role="performer" IPDN="RzSiWjw0ksi2QLf5grX..IGH0wV8" performance="main" grossFee="-1559522127.89"
                     modifier="A" IPI="ck" birthDate="2019-08-23Z"/>
                <Participant name="bVkr._182AfPD5nX6uUc2mZeo" role="producer" IPDN="Z0bdtiYFH0sgUQqM" performance="supporting" grossFee="-515822431.08"
                     modifier="C" IPI="c7Z5Haxf08" birthDate="2020-06-22"/>
                <Participant name="SIo_TV0gCSC4px6EUyG7RuaC" role="music director" IPDN="q-a99f9q" performance="supporting" grossFee="843704456.19"
                     modifier="A" IPI="wL9" birthDate="2019-12-27"/>
                <Participant name="Xso0vVO6_IUPYZ" role="arranger" IPDN="MU-a7GaiysvI-DDwhgEX4ZVUAVJ" performance="chorus master"
                     grossFee="839220399.63" modifier="B" IPI="DJ" birthDate="2020-03-20Z"/>
                <Participant name="SW0" role="composer" IPDN="MvXmE9FE5" performance="supporting" grossFee="1279312624.97" modifier="A"
                     IPI="MmfpZeg" birthDate="2020-06-23Z"/>
                <Participant name="VMXX6yoalw" role="producer" IPDN="DzelTDjfCEiYoHFZh8V" performance="main" grossFee="-735804894.47"
                     modifier="B" IPI="Aut5ZEv8ouky92UWsf2XdQ" birthDate="2018-07-20Z"/>
            </Participants>
        </Record>
        <Record title="Ro" spins="1453363589" ISRC="X3FMC9JO71DP" year="9694" producer="jZdWyAs7heOSauA.vc" label="nDmWCyFRPkIX8cXDna"
             recordNo="TCNJlADDKyxpV5inh9JrjdVGk" serialNumber="PNZGZ4JnV9m-ttx-X-A2BqraN" isPremiere="0"
             usage="commercial" ISWC="cwu1W" AKA="RNo0aUC0_" genre="commercial" broadcastedFrom="2020-04-05T11:21:16Z"
             broadcastedTo="2020-01-07T11:21:16" runtime="133656870" origin="commerce" alternativeTitle="i"
             recordedFootage="1543258715">
            <Participants>
                <Participant name="gwY_h" role="composer" IPDN="T936raB6PC5ktmn" performance="main" grossFee="-1355739622.09" modifier="C"
                     IPI="O5" birthDate="2018-07-08"/>
                <Participant name="egJxmA._iZzVzVaV" role="subscriptwriter" IPDN="hU2" performance="chorus master" grossFee="455055792.52"
                     modifier="B" IPI="yqg1i" birthDate="2020-06-26"/>
                <Participant name="TfN" role="producer" IPDN="sQRYde9pUsX6pBMdyGdIf-dXSd98" performance="chorus master" grossFee="534708446.48"
                     modifier="C" IPI="AJw-Y6BOdQV2edKkqLcb3s" birthDate="2018-10-16Z"/>
                <Participant name="w-loQOSmvjDb7b3b-gfOHV" role="music director" IPDN="uN" performance="supporting" grossFee="-1034332144.44"
                     modifier="C" IPI="bRzt-._" birthDate="2020-05-28Z"/>
                <Participant name="O" role="composer" IPDN="GqJsfj1_vsG2WlupZ3bg6Yh" performance="main" grossFee="18100584.08" modifier="B"
                     IPI="s" birthDate="2019-01-17Z"/>
                <Participant name="FDXiW_5suip.M" role="subscriptwriter" IPDN="zFE" performance="main" grossFee="1135827191.50" modifier="B"
                     IPI="MndO6BFG7C0" birthDate="2018-11-17"/>
                <Participant name="GJBvW4l01fn7jBeZZuGD7h" role="producer" IPDN="N.E-.og" performance="supporting" grossFee="1107037084.20"
                     modifier="C" IPI="cv4Y.jbD7OXI0sb2hQTh0" birthDate="2019-12-12Z"/>
                <Participant name="h-xIrSR-HptwDeMM7sGqTIX-2lm" role="scriptwriter" IPDN="KFR7UhKgsAKR" performance="supporting"
                     grossFee="-1858029678.46" modifier="C" IPI="PS6i3INm" birthDate="2020-04-20"/>
                <Participant name="BMq6hjCuNDgsv.-5JEGbp7Ib4X" role="arranger" IPDN="Lvcg" performance="chorus master" grossFee="-483495017.67"
                     modifier="B" IPI="bdkrRTgPmvarBSd" birthDate="2018-09-26"/>
                <Participant name="mjo2" role="remixer" IPDN="dwwnmdMoyZ2yczruqYlWjs" performance="conductor" grossFee="-803502292.15"
                     modifier="A" IPI="MobGbO8p" birthDate="2020-03-16Z"/>
            </Participants>
        </Record>
        <Record title="bP8ng8s7IU_vG0c5IK_AD0_HV7" spins="80509785" ISRC="1JZ45MC1SHE6" year="8699" producer="won6"
             label="COTgYLg0T601ZB" recordNo="Wsdx1dchfUfiXT" serialNumber="D3NEbZS-pp7CRbGxhvfBmAR4gom"
             isPremiere="1" usage="broadcast" ISWC="LWT5YVdPe" AKA="oZQLfjp.7iKl1zQ" genre="jingle" broadcastedFrom="2018-12-11T11:21:16Z"
             broadcastedTo="2019-04-23T11:21:16" runtime="590532697" origin="free usage" alternativeTitle="XF1iHQ6S4nMj-.Gthw5Js0WI"
             recordedFootage="1674837975">
            <Participants>
                <Participant name="ALPixuG7HHX9o" role="producer" IPDN="D8FI5jQcglzcflPee" performance="chorus master" grossFee="-504898837.19"
                     modifier="A" IPI="Pq4yt" birthDate="2018-08-25Z"/>
                <Participant name="rcmxsQk4XdE5S5gev7QMTh2nhG3b" role="performer" IPDN="gdA4FZwA_" performance="main" grossFee="715724894.89"
                     modifier="B" IPI="T2Y26GMwDO5gFbsY7" birthDate="2020-03-01"/>
                <Participant name="GWBKN0qp3eOGc6n" role="scriptwriter" IPDN="PSXw3DFTgWTNM" performance="conductor" grossFee="2000178951.75"
                     modifier="A" IPI="fJAwz6RsZdmBsnezlzYE-N.NC" birthDate="2019-10-30"/>
                <Participant name="NgC" role="composer" IPDN="VHlJxk-2o1KfbhPT-" performance="conductor" grossFee="-441425729.19"
                     modifier="A" IPI="_jmhIPnkcL6bAb5xB" birthDate="2018-11-22Z"/>
                <Participant name="NlKe6jic" role="music director" IPDN="fYO2DzIBiFaKfU6SGz" performance="conductor" grossFee="-224531178.09"
                     modifier="B" IPI="yAGkm4c" birthDate="2020-05-23"/>
                <Participant name="_s8DuzYyHmo3" role="sound engineer" IPDN="u1_9SAKcH208g" performance="conductor" grossFee="-1734709442.93"
                     modifier="A" IPI="gp8pfFKvcWyia1vr6FLih" birthDate="2019-09-05"/>
                <Participant name="b4HknD" role="subscriptwriter" IPDN="OfvBdYGegJd.Ueeg" performance="supporting" grossFee="1990401400.28"
                     modifier="A" IPI="Yr1AKoy0kCxyCZ.wpVsvpUK3" birthDate="2018-09-27Z"/>
                <Participant name="FCXSzyx9p.hk8sP" role="subscriptwriter" IPDN="vAU98tMrTRAIVhls7mTXN" performance="main" grossFee="-1616743014.16"
                     modifier="C" IPI="cx6yePuFX3s0DY81HccQtne" birthDate="2019-08-09"/>
                <Participant name="hJjB8krLmTj1r2M1vW" role="subscriptwriter" IPDN="mXsNA26M-u" performance="main" grossFee="1952624243.44"
                     modifier="C" IPI="qR4PZVE5WvSxEbPI-mFkgo5-_K0_" birthDate="2018-12-29"/>
                <Participant name="GOx." role="scriptwriter" IPDN="kDKzi" performance="chorus master" grossFee="-1028170986.51" modifier="A"
                     IPI="ksmcjiS4EVn." birthDate="2018-08-29Z"/>
            </Participants>
        </Record>
        <Record title="dcAjqevy5uneluXDPJ4fU97n" spins="1374050450" ISRC="5H8EM7KS4U1M" year="1814" producer="gu_uzrU"
             label="eQj2OKBI2gDJNHW" recordNo="S3HrHi8tdRaV" serialNumber="TtxaEyd1YdfYv2NQnus3" isPremiere="0"
             usage="broadcast" ISWC="kdY9nefm9Dje_HFOFthjN_" AKA="L.sY" genre="classical" broadcastedFrom="2019-06-11T11:21:16Z"
             broadcastedTo="2019-06-20T11:21:16" runtime="1645605278" origin="recorded stream" alternativeTitle="kT7"
             recordedFootage="842000024">
            <Participants>
                <Participant name="ZpuZe139l_TtFsPM4A4qH645Zunm" role="producer" IPDN="dm7g6wyZa-zJAyA" performance="soloist" grossFee="-1976417112.39"
                     modifier="B" IPI="XG" birthDate="2019-08-11"/>
                <Participant name="cCppMilPco-f3Hj2XwpM" role="composer" IPDN="Hix5IXSAeoQmDU8vn7Mi" performance="soloist" grossFee="-1578708504.64"
                     modifier="B" IPI="iE6xdq.XTXCAUEw7" birthDate="2020-06-30"/>
                <Participant name="l316.FqaCw4w3LRpQ0H" role="remixer" IPDN="CwSnlYmtnz9Cp-c" performance="chorus master" grossFee="-1643074050.77"
                     modifier="A" IPI="zjmEDA" birthDate="2019-09-06"/>
                <Participant name="PuLr._IdZSiBgAcHWhgYQOGqHb6ZSX" role="arranger" IPDN="WD4CsjV7hHkgi" performance="main" grossFee="1555423603.39"
                     modifier="A" IPI="csc" birthDate="2019-09-04Z"/>
                <Participant name="dbMa6mM-E0j7QIhaWacTyoTvFA" role="subscriptwriter" IPDN="LfAos2op-w2C2hpQVq" performance="conductor"
                     grossFee="-1819176815.20" modifier="A" IPI="Ri6LY0b" birthDate="2019-11-22"/>
                <Participant name="XkHrqj" role="producer" IPDN="oCquwBxc032P" performance="main" grossFee="-1280186853.58" modifier="A"
                     IPI="uF-TtZZZil" birthDate="2019-04-17"/>
                <Participant name="vism7" role="performer" IPDN="izWFZLlhB38PVe9GSabNMUayqd6w" performance="conductor" grossFee="350164402.51"
                     modifier="C" IPI="YoAXjb" birthDate="2018-11-04"/>
                <Participant name="N-Zm33zzbLBFzjuUh9" role="scriptwriter" IPDN="n1A4QkbaWSOlyrAw3XP" performance="supporting" grossFee="-504336443.00"
                     modifier="C" IPI="PUPAdH5lMXDrPtY-" birthDate="2019-05-16Z"/>
                <Participant name="RpSsTx6q3gfGyzLin3cxwM3" role="remixer" IPDN="G6q5en_tTAATNMor49pwBZoVDt" performance="supporting"
                     grossFee="-443904532.18" modifier="B" IPI="M11cpxPJRWm5eh" birthDate="2019-01-07"/>
                <Participant name="qP4jNQpjYj7kaq4G5XHADmkhu0" role="music director" IPDN="E.1A" performance="chorus master" grossFee="493428664.17"
                     modifier="B" IPI="q17YK1NMUlaD4w__-ejY3IWH" birthDate="2020-04-15"/>
            </Participants>
        </Record>
    </Record>
    <Record title="ye9PIp4OCPy8WDrZfWv1" spins="623754591" ISRC="BA9674VM5S8K" year="5267" producer="Il3bgWY" label="tKb6a7J3-5ptync"
         recordNo="r" serialNumber="FNE-qphIHZDHJ.YcTlnAP9Fbe8Z" isPremiere="1" usage="commercial" ISWC="kF3ul"
         AKA="P" genre="commercial" broadcastedFrom="2019-11-02T11:21:16Z" broadcastedTo="2018-09-13T11:21:16"
         runtime="209122317" origin="commerce" alternativeTitle="GDhUt" recordedFootage="993121318">
        <Participants>
            <Participant name="rnpkAnBj06uS5Dp" role="remixer" IPDN="Lz10RWr6d4F" performance="soloist" grossFee="-985938410.07"
                 modifier="A" IPI="WJB9" birthDate="2019-07-06Z"/>
            <Participant name="F4AMl-dE7UlMv5w0BIYa1pL63iNVv" role="music director" IPDN="kH27wCcl7a" performance="chorus master"
                 grossFee="-1641769728.81" modifier="B" IPI="J4L.Z" birthDate="2019-02-26"/>
            <Participant name="gaLWc" role="sound engineer" IPDN="QMx-ugEQM-1SHzhd6hl." performance="supporting" grossFee="-890001638.99"
                 modifier="A" IPI="joIEYV1ac4G5Wu.kyyzjS3ZCL" birthDate="2020-03-07Z"/>
            <Participant name="iwsPX4CM8JehBpX" role="arranger" IPDN="y-9s_K019bBYYD_uFk9_l" performance="conductor" grossFee="569059363.28"
                 modifier="B" IPI="S-n_62CvzE1ptcpRYhUNB" birthDate="2019-11-14Z"/>
            <Participant name="gSIaGmEC2ICvSzDMXhDdmpxO" role="scriptwriter" IPDN="jag1BCnEm9mW-4NigqDN" performance="conductor"
                 grossFee="-1894960021.68" modifier="B" IPI="bW0x0ThpwSWpAb8K2zP3X" birthDate="2019-07-02Z"/>
            <Participant name="_TPH_WLWR6BFKOwq47eF163" role="performer" IPDN="datnn" performance="chorus master" grossFee="-666921311.32"
                 modifier="B" IPI="s_jKj" birthDate="2020-04-04"/>
            <Participant name="rK8J1d5" role="performer" IPDN="F" performance="supporting" grossFee="-639527992.23" modifier="C"
                 IPI="J4HxLT4PGl.wm.CeIlBTGR" birthDate="2018-10-19"/>
            <Participant name="jIhps" role="performer" IPDN="AaV-mYULTj2NIJuKqszwShWHCvs-gr" performance="conductor" grossFee="-1897704204.16"
                 modifier="A" IPI="gdmrVZ17AnPHj0Ioap" birthDate="2020-03-06Z"/>
            <Participant name="z4VrnG107SrsDrFokG" role="performer" IPDN="X0Q0H" performance="soloist" grossFee="2078534852.66"
                 modifier="B" IPI="RzdVBNvzesd" birthDate="2018-09-17Z"/>
            <Participant name="WWFS7oE12i" role="sound engineer" IPDN="kJBl.TGYkwPZllu" performance="soloist" grossFee="1423300512.70"
                 modifier="A" IPI="SS9_5xjE59HIbQ-v4aVG_" birthDate="2020-05-16"/>
        </Participants>
        <Record title="GorDM4uxCmUkntLz9pyiDVjeCFr" spins="676541882" ISRC="9N73OT62F7B1" year="1060" producer="FqlFwN0fZ7E6XTCjid8f034Patej.m"
             label="fZcXn4kxi82A6p1bs" recordNo="uJqXEK" serialNumber="_mu6" isPremiere="1" usage="broadcast"
             ISWC="dr1GJXEqF0brhwD9YiWQCFF9f2" AKA="djynPHkC" genre="jingle" broadcastedFrom="2019-06-03T11:21:16"
             broadcastedTo="2019-09-09T11:21:16" runtime="353771661" origin="recorded stream" alternativeTitle="n_APp6"
             recordedFootage="1140750152">
            <Participants>
                <Participant name="a-pGpyqSs4hIUjh9" role="music director" IPDN="TtdRa" performance="supporting" grossFee="-1726030327.41"
                     modifier="C" IPI="WN" birthDate="2018-11-04Z"/>
                <Participant name="VSHEQGO_" role="performer" IPDN="UQEvneZdkImFI8wXvdII-xhCk3" performance="conductor" grossFee="-1529872049.76"
                     modifier="B" IPI="O0.9P6wb80Q" birthDate="2020-06-11"/>
                <Participant name="S4hnZFtfQSUIc8nMHVvjsn8J" role="performer" IPDN="_9rg5nksan36FcZPFV" performance="chorus master"
                     grossFee="-743938916.10" modifier="A" IPI="soDQ1UmA" birthDate="2020-04-16"/>
                <Participant name="wvRkC2HBCVdZHixuHIwE" role="music director" IPDN="RRW" performance="supporting" grossFee="-172300516.08"
                     modifier="C" IPI="YAF08.wPgSdIe3RzC_US965_0drqVq" birthDate="2019-07-23Z"/>
                <Participant name="y5Up-JvwMECu2rUeayCWUjM.nQz3tP" role="remixer" IPDN="t_FD_HTs6kXXbDn-422dOZ" performance="main"
                     grossFee="-291026957.04" modifier="B" IPI="hL.ibLnWo-WRp3482ZfcKXwCTd" birthDate="2019-05-05Z"/>
                <Participant name="nUf" role="music director" IPDN="T6wkYL6IihNLwYj" performance="conductor" grossFee="1252790497.70"
                     modifier="B" IPI="SzwOW4OPfFAf8eaa" birthDate="2020-03-30"/>
                <Participant name="b6-LdSkEh-_dDvuJZq1iz" role="arranger" IPDN="R6R" performance="chorus master" grossFee="352156333.71"
                     modifier="A" IPI="AXfCQkt" birthDate="2018-09-24Z"/>
                <Participant name="Bo" role="scriptwriter" IPDN="A2QFA9CDt-x" performance="conductor" grossFee="-850205956.44" modifier="A"
                     IPI="VZhvgY1XqZhSgogxlz24xZU" birthDate="2019-11-02Z"/>
                <Participant name="mM6OSa97bybdlLn0v" role="producer" IPDN="fFZO9bN8BZDmpcnC" performance="conductor" grossFee="-1104441120.49"
                     modifier="C" IPI="D08" birthDate="2018-11-12"/>
                <Participant name="bGlGq.rYME2O4vRubFB" role="subscriptwriter" IPDN="uaaPquMRrkiH" performance="conductor" grossFee="985997045.90"
                     modifier="C" IPI="Eyc1UXk622vi8iWQ-yoPMUZnh6" birthDate="2019-07-01Z"/>
            </Participants>
        </Record>
        <Record title="Q_qZ" spins="861966392" ISRC="Q9836FU45U7Q" year="7791" producer="VlE0GCMCVw5wV0_Tjsa7w" label="LYrUU5wt"
             recordNo="ILLZF6NqNVY.mW99yID_NtCQj91Bl" serialNumber="rX7BJWxB6PshkDBR35" isPremiere="true"
             usage="commercial" ISWC="f5IV" AKA="omWjsdOKYANK8QpHe9f" genre="classical" broadcastedFrom="2018-12-19T11:21:16Z"
             broadcastedTo="2019-07-24T11:21:16Z" runtime="884732476" origin="live broadcasting" alternativeTitle="vWwQzlhMxF_g_jz"
             recordedFootage="2094158928">
            <Participants>
                <Participant name="ou" role="remixer" IPDN="T-tIN1QG0dcc4" performance="conductor" grossFee="-1070777810.87" modifier="A"
                     IPI="CNQm.W3a1YjND_" birthDate="2018-11-16"/>
                <Participant name="kwPp3c.h0BoCJqi9D3QdQyVb5" role="arranger" IPDN="zSoIirfQJL" performance="main" grossFee="156876196.36"
                     modifier="C" IPI="Vel9dP" birthDate="2018-12-16Z"/>
                <Participant name="ndCXeAnHOXoB8Xdcumc" role="music director" IPDN="oUutvUfi.hm" performance="soloist" grossFee="-1605391787.65"
                     modifier="A" IPI="Yh7HNpak" birthDate="2019-12-22Z"/>
                <Participant name="ccBOHHu.lTweafE7okkb" role="scriptwriter" IPDN="f.o" performance="main" grossFee="-1796727018.04"
                     modifier="B" IPI="fg7mUk_vWj8ffqPF1l" birthDate="2019-01-04Z"/>
                <Participant name="JDaBPKoX1DugbMcrS7DZuG-F6" role="arranger" IPDN="BjmxOZ.a6K6hQQV" performance="supporting" grossFee="388651836.43"
                     modifier="A" IPI="z1kVh3LISw" birthDate="2019-08-06"/>
                <Participant name="q136Z0t4g8HF" role="scriptwriter" IPDN="AqTdi" performance="soloist" grossFee="1001189873.92"
                     modifier="C" IPI="sVF9F-nX89iMlbGm" birthDate="2019-01-13"/>
                <Participant name="KsHhCPTxR-V6WHYxdsiwj" role="composer" IPDN="ARleVzI.Jzsfc1doLzcPUDWUD9wX" performance="conductor"
                     grossFee="-543291457.08" modifier="B" IPI="jwRqs3p" birthDate="2019-06-20"/>
                <Participant name="j0_19Qw6R" role="remixer" IPDN="xGGnCy3PUR" performance="conductor" grossFee="248935675.05" modifier="C"
                     IPI="mnxyJ1r62nZQAlM63Plx4t9kmpZ" birthDate="2018-09-09"/>
                <Participant name="C5bcPnE6ASKKyyGMasX" role="performer" IPDN="cbgjt2dRtGm" performance="soloist" grossFee="-1637201803.57"
                     modifier="A" IPI="E92OvS0eEgC6q2gxTKsgN0H" birthDate="2018-09-17"/>
                <Participant name="xGn2oO933v6DoCp8." role="arranger" IPDN="DQFmHS8H.vksuQHFV_xAN8QH" performance="chorus master"
                     grossFee="848439260.21" modifier="A" IPI="CpDlli_" birthDate="2019-09-02"/>
            </Participants>
        </Record>
        <Record title="CRqW0B" spins="1047189998" ISRC="303DZH663V9C" year="0014" producer="Lv1uUKjfFK9_5hwFDPQLPdi"
             label="xf-fHs" recordNo="OGdv74OdernzL8Kt0B" serialNumber="H.OankNq5.GF6k4" isPremiere="true"
             usage="broadcast" ISWC="oE4tne49TWx_KWc" AKA="o0Vbs" genre="composed" broadcastedFrom="2019-07-30T11:21:16"
             broadcastedTo="2019-05-28T11:21:16Z" runtime="211115494" origin="free of charge" alternativeTitle="YO3K92PVodtdF4TQU7i4goPZygK"
             recordedFootage="2082639107">
            <Participants>
                <Participant name="fJ2Zxm" role="arranger" IPDN="pBXpRBVgXmw7U1cgJOFMrcsNQ.4dZ" performance="main" grossFee="1585939065.99"
                     modifier="A" IPI="ZW.EFptNcglfxWI22.s" birthDate="2018-07-26"/>
                <Participant name="_" role="performer" IPDN="qmfow5zj" performance="supporting" grossFee="423962309.38" modifier="C"
                     IPI="aiwK1dKvC3ey" birthDate="2019-03-15"/>
                <Participant name="vEwfUu_a5a9tbFp9dmb1Y31" role="producer" IPDN="o9e" performance="supporting" grossFee="729872903.90"
                     modifier="C" IPI="f6RbnMsic80K_5e" birthDate="2019-02-14"/>
                <Participant name="CNbC.Hoye4DpIlED" role="subscriptwriter" IPDN="JQPGREyV4EduL1tOy0dM_1vPfgz46" performance="conductor"
                     grossFee="558092513.55" modifier="B" IPI="ni2VQKHqBkxmG0Ma5fUs" birthDate="2018-10-23"/>
                <Participant name="RKkKUSqKrHPI1b7" role="music director" IPDN="utjoNdx1rIU" performance="chorus master" grossFee="-1566529977.28"
                     modifier="B" IPI="o-DWBt_kb" birthDate="2018-08-12"/>
                <Participant name="T-2WowLvRELWHR" role="scriptwriter" IPDN="ZaR0v8jtSbK" performance="conductor" grossFee="-656970322.51"
                     modifier="A" IPI="u7kFCARGDe2FGAC..ihAb6mH0sXqH" birthDate="2018-10-02"/>
                <Participant name="vQTD-hnRgzjL6sCxistPgJtZV" role="arranger" IPDN="javiB_33f6xU8Y4lpuf" performance="conductor"
                     grossFee="1279278096.54" modifier="C" IPI="NpnHVC" birthDate="2019-11-30Z"/>
                <Participant name="NZ9UTt5NPQFZ_tt" role="scriptwriter" IPDN="PRWNSq5dB6iXSI7pPA" performance="main" grossFee="-1692096445.71"
                     modifier="A" IPI="h" birthDate="2020-04-06Z"/>
                <Participant name="nYnjeMK8B2" role="remixer" IPDN="V.sAyf2" performance="main" grossFee="-57791648.08" modifier="B"
                     IPI="MCTXRFS0jSNNH" birthDate="2019-07-26Z"/>
                <Participant name="VMy" role="music director" IPDN="wtK5rscq3IM6Wx1N90TAzmy" performance="soloist" grossFee="1563759039.84"
                     modifier="A" IPI="yAy786zs" birthDate="2019-03-26Z"/>
            </Participants>
        </Record>
        <Record title="c1" spins="612269706" ISRC="7L25V643MUBH" year="6013" producer="I95m5WeXrX" label="Fi1G0WE" recordNo="HFee0Gu_OWCQinEy6rpFuiZi3a6"
             serialNumber="JuYDptEixnJDd" isPremiere="1" usage="commercial" ISWC="gVs7snu.2PU5P3nTS"
             AKA="m" genre="classical" broadcastedFrom="2018-12-13T11:21:16" broadcastedTo="2018-10-07T11:21:16Z"
             runtime="1014839854" origin="live stream" alternativeTitle="Zb9hxd6cHpaG3iadIYSO54dDiLT3f"
             recordedFootage="1288512075">
            <Participants>
                <Participant name="XCIH2giU16OP89" role="performer" IPDN="fD" performance="soloist" grossFee="-1095367057.80" modifier="A"
                     IPI="lK1_IY89_XFwrSU3vaSI" birthDate="2018-10-02Z"/>
                <Participant name="t5OILA0PGv46rvAlVEG5gNKlK" role="performer" IPDN="kwk_ViVLte21aZU" performance="supporting" grossFee="1364309095.06"
                     modifier="A" IPI="Wvcto-_TLCMv3iuEmMp1iYSiR.zd" birthDate="2020-04-18"/>
                <Participant name="RsgdkNznNA-rpXbXi0Y9B05bpE.9" role="composer" IPDN="U5dHMm" performance="soloist" grossFee="723898767.76"
                     modifier="B" IPI="kPtuJdtoKjUid" birthDate="2020-06-29Z"/>
                <Participant name="U7UPWfyJRklaS30uCxMR0.X" role="arranger" IPDN="l1c35TNa" performance="main" grossFee="700656779.11"
                     modifier="A" IPI="qg" birthDate="2019-09-29Z"/>
                <Participant name="uHmjykhz1Hgiv1JoHf6" role="sound engineer" IPDN="rQIEvpUmArOEX3-E.7_fHhj71JjGui" performance="soloist"
                     grossFee="-791038994.32" modifier="B" IPI="u_YRkL" birthDate="2018-07-20"/>
                <Participant name="sZds5VraQu87SQQQp" role="sound engineer" IPDN="X2" performance="soloist" grossFee="1401000260.78"
                     modifier="C" IPI="D91C2gNhGeOgbqNpc-9N59G" birthDate="2019-09-22Z"/>
                <Participant name="BUz5TYsbj.PN" role="scriptwriter" IPDN="ndgU13rshj6Vd1" performance="conductor" grossFee="-853389438.78"
                     modifier="A" IPI="gKOSTAS" birthDate="2019-04-10Z"/>
                <Participant name="FtYDx4lEpaClaTZJD6quuIoNV6FyN" role="arranger" IPDN="KtCT.mxjm8" performance="conductor" grossFee="1965429618.95"
                     modifier="A" IPI="M5Hnpsd14pN3SqutngSV4Az" birthDate="2019-05-08"/>
                <Participant name="CG6q" role="producer" IPDN="Bff7Qa_0.Gqc6OKnn8As9cCtUqTDi" performance="conductor" grossFee="256833802.06"
                     modifier="C" IPI="RB7A-RwYm8_31YE5jkydeUuXx" birthDate="2018-10-25Z"/>
                <Participant name="dwUCI-OrQDcjfnCy62Ul3nj" role="composer" IPDN="lvhmAm7mRdmpD1n5if9c" performance="soloist" grossFee="1548592560.38"
                     modifier="C" IPI="IxwNcfF29_r" birthDate="2019-10-31"/>
            </Participants>
        </Record>
        <Record title="R13C5eghM91yPUVG2_.Mghg7x7" spins="480404244" ISRC="ZP6UKRS47CXT" year="2335" producer="s06jdlM2BzD1PDxoYubOL.bh37q5"
             label="nMy2HwTufkyrUVvhS" recordNo="Xd7qZqRmCl9-dtKAZ" serialNumber="meIoQZyBQ8Gn66uNcSl"
             isPremiere="1" usage="commercial" ISWC="DvxXpTreGCCTwZvrlqQW-Tsaj7rVq5" AKA="gx" genre="classical"
             broadcastedFrom="2019-05-09T11:21:16Z" broadcastedTo="2019-02-10T11:21:16Z" runtime="1508011253"
             origin="free of charge" alternativeTitle="TYXqt8EB" recordedFootage="1565325868">
            <Participants>
                <Participant name="tnIE_Y5-.aAI" role="composer" IPDN="yJaaPqJvxDwP" performance="main" grossFee="258542689.34" modifier="C"
                     IPI="Jaar9jHaXg7otbRHWG" birthDate="2019-12-17Z"/>
                <Participant name="KjHeMZ5VWxkr7YoUhTpClAA" role="performer" IPDN="xjT-OFY._Mzp_mBfFHDSPr" performance="soloist"
                     grossFee="-130887023.31" modifier="A" IPI="AGlXFXZQ" birthDate="2020-04-16Z"/>
                <Participant name="_shFqNzqmxdFk4.4XqsFzqbq2" role="music director" IPDN="LmPq1CVMvSofhoF" performance="main" grossFee="-1651747057.53"
                     modifier="A" IPI="zL9YcnifoCG" birthDate="2020-06-25"/>
                <Participant name="Gs3n8WtElVPKUB6" role="scriptwriter" IPDN="k2zekVNJFe4qsPli10bY" performance="soloist" grossFee="476054012.80"
                     modifier="B" IPI="HKGC3lXbtT" birthDate="2020-04-25"/>
                <Participant name="HcBziROYIeypU1oRHpvn-V" role="performer" IPDN="jt90T226.B_fok" performance="conductor" grossFee="561282727.80"
                     modifier="C" IPI="mYcNiorW-8" birthDate="2019-05-05Z"/>
                <Participant name="GD" role="scriptwriter" IPDN="bQder4lg.s4y_T.kpVc1lU" performance="main" grossFee="-1890120724.75"
                     modifier="B" IPI="z617K-in7CipRZaq-" birthDate="2019-08-14"/>
                <Participant name="W_ELDuIcL6iNvVrDB5inMcm" role="sound engineer" IPDN="c8nQmz-UlV6KBvUSik.8BZ_Dk" performance="main"
                     grossFee="-1525810420.82" modifier="C" IPI="rQyz" birthDate="2018-07-26"/>
                <Participant name="o0_eRPY97sSf5KmkO7" role="producer" IPDN="ZosH6hFdcnGTmRgx" performance="supporting" grossFee="-1739184245.95"
                     modifier="A" IPI="l24wAm4N5ZXxJY6NC4" birthDate="2018-07-09Z"/>
                <Participant name="m0Ci801QR" role="scriptwriter" IPDN="Hrl_BMjI1BtWTl_at-ZPPVGEo" performance="conductor" grossFee="1228989781.19"
                     modifier="A" IPI="drl5_Z3mZOSv_1_0piKa3" birthDate="2020-03-16Z"/>
                <Participant name="lP4G3PLrav4H" role="music director" IPDN="HfFpOSZGJe" performance="conductor" grossFee="388455053.17"
                     modifier="C" IPI="EOlTdZpOBTeBGgclq.ZY9oyQp" birthDate="2020-02-02Z"/>
            </Participants>
        </Record>
        <Record title="pHj-2tJ" spins="21743585" ISRC="VRMVQZ59307L" year="9156" producer="HzD" label="Xw" recordNo="lM1mkp"
             serialNumber="LbdEk6XPhUKe0iRcMQg" isPremiere="0" usage="commercial" ISWC="mk_heaBA.Io9OQV3mL4KoM"
             AKA="HKwU2xgr9maGi3ZmD" genre="commercial" broadcastedFrom="2018-12-13T11:21:16Z" broadcastedTo="2019-02-04T11:21:16"
             runtime="602831581" origin="recorded stream" alternativeTitle="Ne" recordedFootage="1839122074">
            <Participants>
                <Participant name="Qa7J7" role="music director" IPDN="fxWMpHU" performance="conductor" grossFee="-52008374.13" modifier="A"
                     IPI="bey" birthDate="2020-01-22Z"/>
                <Participant name="QvWQPaYXoiZHXL3Ukxnr" role="subscriptwriter" IPDN="J8GWj" performance="supporting" grossFee="1535721403.07"
                     modifier="C" IPI="ooxz9wllNoVEvRfyKrDQ" birthDate="2019-10-09Z"/>
                <Participant name="sapHgclDUJEuIbQR-" role="subscriptwriter" IPDN="Y" performance="main" grossFee="-7135671.11" modifier="B"
                     IPI="rCtBvSruNGl65ry5kDD7AFb7" birthDate="2018-09-28"/>
                <Participant name="Wg7K7kpPW8UHafMJ" role="scriptwriter" IPDN="wFdH-Chya_LLq577eJ4l.aD" performance="main" grossFee="1829373309.52"
                     modifier="A" IPI="zVtgSMdHuipN2xJWALd6ORVwfbjBK" birthDate="2018-11-16"/>
                <Participant name="OB5" role="sound engineer" IPDN="bgu-1hXQ7J6Gm0JC.7" performance="main" grossFee="-1878025280.07"
                     modifier="A" IPI="IuqpPA" birthDate="2018-12-18"/>
                <Participant name="PPE0F7Tm5" role="remixer" IPDN="Qor9U" performance="supporting" grossFee="-27021388.03" modifier="A"
                     IPI="JFtCnQeAJUeD" birthDate="2020-03-11"/>
                <Participant name="fapi" role="performer" IPDN="ruLmnBMAidIvndQF3tZc" performance="supporting" grossFee="1920774605.13"
                     modifier="A" IPI="lYzBiI6Db2yoFdOlqgJIDey35" birthDate="2019-03-22"/>
                <Participant name="yGLnM1NMaUKJynunOceYuSNycWu" role="sound engineer" IPDN="aL" performance="conductor" grossFee="-1430949761.51"
                     modifier="B" IPI="fFYLhQh" birthDate="2019-04-09Z"/>
                <Participant name="Ee" role="remixer" IPDN="VZx0Bt9Ev" performance="chorus master" grossFee="-569509677.79" modifier="B"
                     IPI="ZyWAijjZi1.V_kaDVgF" birthDate="2018-11-05"/>
                <Participant name="tdA9LNBSs9.8pqbOmF-m" role="performer" IPDN="b1.cZ1O41jZ-6Q1aVZznWelZ" performance="main" grossFee="-59809753.38"
                     modifier="A" IPI="W" birthDate="2019-02-17Z"/>
            </Participants>
        </Record>
        <Record title="gdyopxaKXoVYd" spins="1233415467" ISRC="BAZ370S9G18V" year="3082" producer="egBfYx" label="YBAT2pQ"
             recordNo="QxSsBcgmOU8OgqG8_1e" serialNumber="_40S0PhbO9iYiZJK" isPremiere="true" usage="broadcast"
             ISWC="rz9izPmmJDWOA2" AKA="ycixXo" genre="jingle" broadcastedFrom="2018-09-16T11:21:16"
             broadcastedTo="2020-04-09T11:21:16Z" runtime="291065535" origin="live broadcasting" alternativeTitle="wPeHc85NKerNz-"
             recordedFootage="859689151">
            <Participants>
                <Participant name="itkdi4sRs_.l9O" role="subscriptwriter" IPDN="t" performance="chorus master" grossFee="949623439.04"
                     modifier="C" IPI="Th__o1wPnD7T0QRsoxFTZ-SslLtl" birthDate="2019-03-07Z"/>
                <Participant name="lVsq-XWq3bVXJ36tff" role="arranger" IPDN="DKU7KGPjBPAMZ9TcQ8EAxa9dKUhFJJ" performance="supporting"
                     grossFee="1527483868.66" modifier="C" IPI="a17qJnvR-AtYghy" birthDate="2019-01-29Z"/>
                <Participant name="ayIXS3cd2i2V.i.Qbs9.BbAyNo6" role="subscriptwriter" IPDN="aa" performance="supporting" grossFee="1145300559.94"
                     modifier="B" IPI="IkYmCm0h_OR1LL4Nv8M" birthDate="2018-11-24"/>
                <Participant name="uS1OAMm7o0jMeze6BTWmhY68" role="scriptwriter" IPDN="i17pHiLhmCR.-tdFhX6lkzwtftzAn" performance="main"
                     grossFee="1233770077.02" modifier="A" IPI="b_yO.xaD4Uq" birthDate="2020-05-17Z"/>
                <Participant name="XDvrBC.WxwSzgSr1FS" role="scriptwriter" IPDN="EtN4vSRBFQcnXNrM" performance="soloist" grossFee="1480409841.42"
                     modifier="A" IPI="Y_USbPrOx3VRy53G2k6dOHRm" birthDate="2019-03-01"/>
                <Participant name="FKDjhPEM81.TWxywbf.K" role="scriptwriter" IPDN="g-A2qlTLEf9o7_f-HrKCXSR7S0m" performance="soloist"
                     grossFee="-417951073.89" modifier="C" IPI="kVuDQhXXDK" birthDate="2018-11-04"/>
                <Participant name="bms.cxy1B.YMG75cwJW7z" role="performer" IPDN="lDayqnqj" performance="conductor" grossFee="-454135335.31"
                     modifier="C" IPI="rA" birthDate="2020-03-07Z"/>
                <Participant name="IU6flR_" role="performer" IPDN="e12o0ftCXd-_JHf91u" performance="conductor" grossFee="-748958637.27"
                     modifier="C" IPI="I9X5lHI7l9q4igzt_Qg" birthDate="2020-05-16Z"/>
                <Participant name="flAaOX4ZabyIywiDo" role="subscriptwriter" IPDN="Jqu9hA4mJu" performance="soloist" grossFee="-1727012854.52"
                     modifier="C" IPI="TvT8KTuWMKmWuAzQIdEScTx" birthDate="2018-09-28Z"/>
                <Participant name="_EtAIS" role="performer" IPDN="g94OeOOevYkuD1kx0XT2Bi5hGFfF" performance="chorus master" grossFee="1424103974.13"
                     modifier="C" IPI="g4ULZfcr6fOiCFv9FFT7xROowd" birthDate="2019-02-23Z"/>
            </Participants>
        </Record>
        <Record title="ZRyqhaA4SU3azm7E.g95xJJek" spins="1822564502" ISRC="UZ06I776KDPE" year="6972" producer="wR4iibrhlW6o3-A32cpwmFeSH5Ey"
             label="t83lCL0vvU" recordNo="ZmZwaLKb60J1kbtZeZbjwhtjP.D" serialNumber="WK" isPremiere="true"
             usage="commercial" ISWC="dV4DGLN8V_H" AKA="VgSFod2foB.i88ZSCps2T" genre="pop" broadcastedFrom="2019-02-25T11:21:16"
             broadcastedTo="2020-03-03T11:21:16" runtime="1239762468" origin="free of charge" alternativeTitle="cYVbl1nzFh9HhifPtus"
             recordedFootage="142602508">
            <Participants>
                <Participant name="V4DrM" role="subscriptwriter" IPDN="N.jujbBRuLt7kZL8Bn2mJ" performance="supporting" grossFee="1142528785.28"
                     modifier="B" IPI="Eih" birthDate="2018-08-15Z"/>
                <Participant name="F0EcTpWHVhwvP8cev" role="remixer" IPDN="Zso_RQfR5AmPsMs_EFHMBk.SQx9dc2" performance="supporting"
                     grossFee="1299132031.05" modifier="B" IPI="C" birthDate="2019-03-25Z"/>
                <Participant name="MKUXJ2v" role="remixer" IPDN="ac7pTYdSyfVxADUPpWvtJkDmBM7D-" performance="chorus master" grossFee="1460588511.00"
                     modifier="B" IPI="y-s" birthDate="2019-08-13"/>
                <Participant name="MXCXrxt9G01OiVjVuPXOA4qQHkk" role="composer" IPDN="GmYwILk.Wg3I_.o-E_yXw" performance="main" grossFee="280903795.47"
                     modifier="B" IPI="J5ENI65J1B4F9BTFSW81bnt" birthDate="2020-01-26"/>
                <Participant name="CBB3kfxo6tOu56XWcrADpDC" role="arranger" IPDN="oz8" performance="conductor" grossFee="756160045.93"
                     modifier="C" IPI="eAT0eJikB3qYNBEQDm" birthDate="2019-04-22Z"/>
                <Participant name="bG.it09XUoMsbWipOv" role="subscriptwriter" IPDN="POJnt-cmqTNSXMZ6J" performance="chorus master"
                     grossFee="-1094368072.26" modifier="C" IPI="NC" birthDate="2019-10-16"/>
                <Participant name="veUhX0u_I87VIy1T" role="sound engineer" IPDN="LYEOIll6HASeBpQUc" performance="soloist" grossFee="-269398361.97"
                     modifier="A" IPI="HWAlWmrigJDM" birthDate="2019-09-21Z"/>
                <Participant name="Y8YWXB4qcJp8qCLhSxY7arWul0Glz" role="composer" IPDN="vGSx5XvTpmx6cZl" performance="supporting"
                     grossFee="-1523514964.49" modifier="A" IPI="gl607" birthDate="2019-12-15"/>
                <Participant name="qV4-gGB1BM65yO" role="music director" IPDN="sot56" performance="soloist" grossFee="393111142.35"
                     modifier="B" IPI="joCzWknr-U5_l63eDuno" birthDate="2020-05-03Z"/>
                <Participant name="ECxY" role="music director" IPDN="usHHmOMjtKCu3OOL75VAYEGU" performance="main" grossFee="-1929096300.03"
                     modifier="A" IPI="D_faS-CihUVciAf2mxOH5-9bR" birthDate="2020-06-07Z"/>
            </Participants>
        </Record>
        <Record title="sq" spins="896932763" ISRC="O67N97EM3S84" year="0843" producer="B" label="b4fFz" recordNo="ZoaMJWladp_UoFIh0ybAK"
             serialNumber="T1Pu6_V3lavHi" isPremiere="true" usage="jingle" ISWC="Hvt" AKA="hbv0kUYRMm4AlgVi"
             genre="classical" broadcastedFrom="2020-06-12T11:21:16Z" broadcastedTo="2018-09-24T11:21:16"
             runtime="948703235" origin="free usage" alternativeTitle="_7dM0IcKfxUDnqgbgX" recordedFootage="1891119186">
            <Participants>
                <Participant name="CV70.RCfwa-CDQr_tNv" role="performer" IPDN="C8-" performance="main" grossFee="-1528494155.04"
                     modifier="A" IPI="jByOAgi2lEmP44" birthDate="2018-12-21Z"/>
                <Participant name="JZcKHo8_y7ngH" role="subscriptwriter" IPDN="PK-zIw2-UBC" performance="main" grossFee="1840002962.47"
                     modifier="A" IPI="zLAaMU_l" birthDate="2020-05-09Z"/>
                <Participant name="bqps" role="subscriptwriter" IPDN="eUSiUXZHFMba" performance="supporting" grossFee="561444649.04"
                     modifier="B" IPI="Ax6mBUEmyo" birthDate="2020-06-20"/>
                <Participant name="mYIc8u_zl.5fjh7ft2.07u" role="scriptwriter" IPDN="QO" performance="conductor" grossFee="-99804807.12"
                     modifier="A" IPI="M6y83u6nT_tG6wTqLGtgRWie5Uv" birthDate="2019-11-25Z"/>
                <Participant name="bM" role="remixer" IPDN="zY7RkF" performance="soloist" grossFee="-1812660101.11" modifier="A"
                     IPI="VDoHWxjhTgdXzji" birthDate="2019-05-23"/>
                <Participant name="QmRpcrMYy" role="scriptwriter" IPDN="VBzw-I-rASQqf0Gx" performance="soloist" grossFee="901513451.24"
                     modifier="B" IPI="QfGxZddFFTN_jvedjoA3" birthDate="2019-06-22Z"/>
                <Participant name="kym8U3tqFwn-Jm4.QEJlTNEiHF7" role="music director" IPDN="Q" performance="main" grossFee="-1686525968.89"
                     modifier="B" IPI="ScGl4" birthDate="2018-11-04Z"/>
                <Participant name="o" role="sound engineer" IPDN="cSNI1JnByqi" performance="main" grossFee="1777714282.41" modifier="B"
                     IPI="kZOZB" birthDate="2019-10-28"/>
                <Participant name="zydjgRQ4" role="remixer" IPDN="VA6nAPRqXFtbESnsVl3hDHo0FhC_" performance="conductor" grossFee="-486045321.75"
                     modifier="A" IPI="oVYYW6DZaghLqxK.dP.j" birthDate="2020-01-02"/>
                <Participant name="s9gbTEdY66a8PWW_UR3MPJOMDv-" role="performer" IPDN="IrUT5DxjveE" performance="conductor" grossFee="2068811621.55"
                     modifier="C" IPI="I-snV0N" birthDate="2020-03-27Z"/>
            </Participants>
        </Record>
        <Record title="r5Jg9L-p7YkEDXv_aoLQ" spins="59706042" ISRC="VS4XZC9X384G" year="9411" producer="WpIeTY9bMN2Ky"
             label="M9eH" recordNo="d" serialNumber="m9dD-z" isPremiere="1" usage="commercial" ISWC="i54SN3C1"
             AKA="x" genre="spoken word" broadcastedFrom="2019-02-02T11:21:16Z" broadcastedTo="2019-07-13T11:21:16"
             runtime="1375516024" origin="report" alternativeTitle="iv8T9_pmyM-" recordedFootage="1989643273">
            <Participants>
                <Participant name="c" role="composer" IPDN="QozToIEk4fzO928h8" performance="chorus master" grossFee="1523326998.67"
                     modifier="C" IPI="RSf" birthDate="2018-12-18"/>
                <Participant name="BD4.k_bDTQZWsjEXYlDwUSspwIn9" role="composer" IPDN="d7" performance="supporting" grossFee="-351451504.28"
                     modifier="A" IPI="sbW0X_Z9ak_06StCe3Yxc27H_" birthDate="2020-04-13"/>
                <Participant name="ZMzV74" role="producer" IPDN="FZNYYE21D-h" performance="chorus master" grossFee="-1853384281.64"
                     modifier="C" IPI="KQj" birthDate="2019-02-06"/>
                <Participant name="Th-wdSsS3BPeY_w" role="sound engineer" IPDN="OJum9U6xmgT" performance="soloist" grossFee="-283534753.87"
                     modifier="B" IPI="sDDYYVuD-i95i_ZMD5" birthDate="2018-08-19"/>
                <Participant name="xT0p63u5WPljOR7e1AvS9VtvseAC" role="arranger" IPDN="MyzbGns0Bg34ZDOt" performance="supporting"
                     grossFee="1815418144.33" modifier="B" IPI="AqTJ9-fyMj7D-e4DVo1iv" birthDate="2020-03-05"/>
                <Participant name="QRav4Dr6f124NrPpQIPXcbgh3g7" role="composer" IPDN="h4EOPP4GLcNuC8GlJUML9" performance="supporting"
                     grossFee="1943157719.55" modifier="C" IPI="Aj" birthDate="2018-08-28"/>
                <Participant name="pCybfZULQlt8_Oi-r2JhblzhJ3_3vF" role="remixer" IPDN="LXgcQCXtoT" performance="chorus master" grossFee="-440393873.95"
                     modifier="A" IPI="wjFB" birthDate="2018-08-20"/>
                <Participant name="m1EthByp4otwkrxnHt" role="scriptwriter" IPDN="O0QkfO5vsw1A0snQ" performance="chorus master" grossFee="1774011196.79"
                     modifier="C" IPI="gq" birthDate="2019-12-07Z"/>
                <Participant name="WMHvzVhpzAMH" role="scriptwriter" IPDN="MIZTcs" performance="main" grossFee="-79852743.37" modifier="A"
                     IPI="H2ixCOXJbYXhOXdYBjpX_nu09MV" birthDate="2019-12-15"/>
                <Participant name="PnvKDMpp" role="arranger" IPDN="JL0Bq0-KIqE_bSScFayI" performance="soloist" grossFee="-2137689669.45"
                     modifier="B" IPI="dPpE2c1gkaDCm" birthDate="2020-06-09Z"/>
            </Participants>
        </Record>
    </Record>
    <Record title="Cl-gHG6ulhyislc0WNZODiG79" spins="1451910314" ISRC="PXE90B7C8O72" year="8773" producer="Qho"
         label="cMMiYJXcZ544hjnzM4vpZ" recordNo="IsIsGYiaXQml.5Up5QtI0u" serialNumber="YauFPZlsMUU.kPUvUGN"
         isPremiere="0" usage="commercial" ISWC="NEk" AKA="HW1giVRTXFk3FIme1-QOF_DeNC" genre="classical"
         broadcastedFrom="2018-12-15T11:21:16Z" broadcastedTo="2020-01-17T11:21:16Z" runtime="533161051"
         origin="commercial" alternativeTitle="q3gIpf_RwAaKc7yalLDTQa6DXM" recordedFootage="1759552422">
        <Participants>
            <Participant name="lfaPPsdhkmDdjBXXCKOZrBGP4f" role="performer" IPDN="iDyWXZGQUcuf" performance="chorus master" grossFee="119978990.34"
                 modifier="A" IPI="ISSov" birthDate="2018-10-02"/>
            <Participant name="KwCEsFL2Z1B0FT9eF-bCW6CX_L" role="remixer" IPDN="o7nXdN-V5" performance="soloist" grossFee="971377203.94"
                 modifier="A" IPI="vuo69P" birthDate="2019-05-08"/>
            <Participant name="utTog" role="subscriptwriter" IPDN="C4pOeQxNpHt" performance="soloist" grossFee="-776088355.44"
                 modifier="B" IPI="a" birthDate="2018-11-18Z"/>
            <Participant name="YOML8gJr979dpO85HNef.J.15x" role="sound engineer" IPDN="Bxb6vjUA-UE" performance="soloist" grossFee="132451794.41"
                 modifier="B" IPI="xefGCEUa27.swMN6Sf7QnHTS" birthDate="2020-03-30Z"/>
            <Participant name="ZWGS-G4tCQ6y39vL2chI1rhml" role="producer" IPDN="iJqSgiGM_F6tLleNV3nzjMg" performance="supporting"
                 grossFee="-1140777665.94" modifier="C" IPI="sNuON7lk1DdDN.yjqY6N" birthDate="2019-11-14Z"/>
            <Participant name="MEqi-h" role="scriptwriter" IPDN="kAG" performance="main" grossFee="1777380502.71" modifier="C"
                 IPI="JVcNxYuL_Nvz" birthDate="2019-07-17Z"/>
            <Participant name="bLoA2ZfLr-_" role="scriptwriter" IPDN="Z-0IX16PERorJ7FKCh9oEaE-xsR39-" performance="main" grossFee="-1925571122.54"
                 modifier="A" IPI="lyfGd7n_.XgkrN_" birthDate="2019-03-09"/>
            <Participant name="r8IHlhHafATfkr" role="scriptwriter" IPDN="l5d1tKiWLJbeEQaaS" performance="main" grossFee="914188429.59"
                 modifier="A" IPI="mz7Sj8mmn0osEVzTHZbi" birthDate="2019-06-22"/>
            <Participant name="aw2IniFpke8f2Axv2vkk4j.B-H" role="performer" IPDN="XreBTLLDd7z10mYzvsCIg" performance="chorus master"
                 grossFee="-119927725.39" modifier="A" IPI="DoZoftP62" birthDate="2020-04-02"/>
            <Participant name="_MQns9Ngud3aP" role="scriptwriter" IPDN="FjB" performance="soloist" grossFee="1776907410.87" modifier="A"
                 IPI="L5euZeOrUOQ5QrsCENmp_kMrp" birthDate="2019-03-31"/>
        </Participants>
        <Record title="Nzj76ZUQZ8.hg_8TMx8vG_ZC1E" spins="291221010" ISRC="1746LYH4EL93" year="1778" producer="wXCLc17L-4"
             label="N.QjA4bu" recordNo="M_1Zd4h" serialNumber="KtLpeTvC4pIkq1mX" isPremiere="1" usage="commercial"
             ISWC="aF6VKOozGRGFdTqCt9ml4TGhjmx4" AKA="oVl19JK.um39.K" genre="spoken word" broadcastedFrom="2019-04-10T11:21:16Z"
             broadcastedTo="2018-10-28T11:21:16Z" runtime="179365011" origin="report" alternativeTitle="Lik3D7seoxa57U"
             recordedFootage="369289192">
            <Participants>
                <Participant name="f4K02N4" role="sound engineer" IPDN="UC0YsBdaJ9M8.ZR" performance="chorus master" grossFee="-1378870129.20"
                     modifier="C" IPI="gHPhtTPOt1_pM" birthDate="2020-04-03Z"/>
                <Participant name="K.lUS0asLrDuMt0et_pdVn1" role="sound engineer" IPDN="K_-n" performance="main" grossFee="-1992291604.22"
                     modifier="B" IPI="EClpXiQcyDlKN9G4u1XVjF.vJ" birthDate="2018-11-28"/>
                <Participant name="XARIObHVeyGci3yJ" role="music director" IPDN="vuvf8P8ZOyIA-JCFEN2AuFLy3t" performance="supporting"
                     grossFee="-491356628.85" modifier="A" IPI="i39Gd72Ha.LaoMXMf1Hf1KtYQaV" birthDate="2018-08-05"/>
                <Participant name="qXNeWYlQ_1GAAXdRZACVy7J_HVRkUY" role="composer" IPDN="WutITcfWa3nxZnpMy" performance="main" grossFee="-1983404914.24"
                     modifier="A" IPI="peseTZhwRzJuNqhrUxpCLZrdb" birthDate="2019-04-04"/>
                <Participant name="_v9zMFhILqo3wChRmVDQnGg31Skv" role="music director" IPDN="XphQsy38167z7zlXJyNVuI1N6yT" performance="conductor"
                     grossFee="-1554548884.84" modifier="C" IPI="RMRyvORj62Bj41Z0kdb" birthDate="2019-11-02"/>
                <Participant name="Cm4K" role="performer" IPDN="ysci" performance="chorus master" grossFee="-551268473.04" modifier="A"
                     IPI="B926VLY5H._gTTRx" birthDate="2020-03-25Z"/>
                <Participant name="UjYbfxak" role="sound engineer" IPDN="yfVkN" performance="chorus master" grossFee="1525049031.42"
                     modifier="B" IPI="cU_ISt" birthDate="2019-01-22Z"/>
                <Participant name="gTKXQh" role="sound engineer" IPDN="lyDC8" performance="main" grossFee="956059527.94" modifier="A"
                     IPI="Hw9q-c54bcos" birthDate="2020-03-18Z"/>
                <Participant name="KZevsu1C5" role="subscriptwriter" IPDN="vGotJFuQkW3SLKgvi" performance="chorus master" grossFee="772958828.51"
                     modifier="A" IPI="GfTbMiSofpUne6RgYGrU4CC" birthDate="2020-02-01Z"/>
                <Participant name="I-1XmT_9VznEXv8Ir0v" role="music director" IPDN="s6z5Qjigz9NqGPec5" performance="chorus master"
                     grossFee="-1611862730.48" modifier="B" IPI="BHVsUrVLeiYtvBSk9VFP18" birthDate="2019-01-22"/>
            </Participants>
        </Record>
        <Record title="p.t33eM1GijQUSV_JscLS" spins="590737089" ISRC="5V5H2J158CCT" year="1746" producer="dZddplrxTC0oZLIpk69duSL"
             label="c_p9LR" recordNo="ukc.b4jQ0sc5UzMiI" serialNumber="DFrVleXESAjCxBIf43BkR" isPremiere="1"
             usage="jingle" ISWC="xcN-tuC3A904iVg.NyG-9ze1" AKA="WrfalSG6H1zvViM_gQi3q" genre="jingle"
             broadcastedFrom="2019-07-30T11:21:16" broadcastedTo="2018-07-24T11:21:16Z" runtime="1862662961"
             origin="self" alternativeTitle="Jl.V" recordedFootage="2052207846">
            <Participants>
                <Participant name="AQg0uGLj08Nd0sCqo" role="composer" IPDN="r89mt8OSk-bDVWk2W..6uOb" performance="chorus master"
                     grossFee="1937834918.95" modifier="C" IPI="gx6ye6D08-6DaXZFhZ9YYRw4tsEN.-" birthDate="2020-05-13Z"/>
                <Participant name="jsCiJdvYm3cYwkfK" role="music director" IPDN="SHUi7Um-pigd5" performance="supporting" grossFee="1703166184.41"
                     modifier="C" IPI="A7CfAJUUxDk-" birthDate="2019-08-06Z"/>
                <Participant name="L-RGY_9mvv" role="remixer" IPDN="bXQ95" performance="supporting" grossFee="1661996854.93" modifier="C"
                     IPI="aIc1_Kj" birthDate="2018-10-05Z"/>
                <Participant name="S5h0v" role="sound engineer" IPDN="DVfHmpYoOCPjDgHIMwA" performance="soloist" grossFee="-1385407335.57"
                     modifier="A" IPI="j1V" birthDate="2019-01-11Z"/>
                <Participant name="ghKPMXJ.w2Bl6.l6cVrA" role="arranger" IPDN="s_eyy8ySe_xSD1" performance="soloist" grossFee="-1070575228.45"
                     modifier="C" IPI="t87qPGXML8RJzix" birthDate="2020-02-21Z"/>
                <Participant name="hylPLcl8yCfJf_zUjhS3FcEB6QpN" role="arranger" IPDN="E0R6G838Oj2b8pZP2" performance="conductor"
                     grossFee="-431152516.94" modifier="B" IPI="v9" birthDate="2019-12-10Z"/>
                <Participant name="E5_tvj9Ug" role="performer" IPDN="c" performance="supporting" grossFee="1676406030.86" modifier="A"
                     IPI="k3f" birthDate="2019-08-01"/>
                <Participant name="xXBz4x1aBHK5aHmVaaPEmE4aNVI" role="music director" IPDN="m_fAu" performance="soloist" grossFee="-89440817.17"
                     modifier="B" IPI="WgO1E" birthDate="2020-02-29"/>
                <Participant name="wz" role="performer" IPDN="YID-cn-LphnUiGJA3GShO33y" performance="main" grossFee="-1295141204.36"
                     modifier="A" IPI="VUvRDpdtRVscTuQY" birthDate="2020-05-03"/>
                <Participant name="hDbRESJRT_LvnTGGaNNY8BB6" role="scriptwriter" IPDN="k3GKlP8iemt-AgV4" performance="conductor"
                     grossFee="-890281137.47" modifier="B" IPI="wmyXkbxLcU9by" birthDate="2019-04-05"/>
            </Participants>
        </Record>
        <Record title="sF37" spins="1119136989" ISRC="1KE60348U6NA" year="6940" producer="kTS2VOD" label="Ea.WJDZ_7uvUSQAElyn"
             recordNo="NKJc5" serialNumber="V" isPremiere="true" usage="commercial" ISWC="caa6nGwHc1W1rPoO"
             AKA="a_MBkJT-7Q-L5-1ct" genre="pop" broadcastedFrom="2019-11-28T11:21:16Z" broadcastedTo="2018-07-13T11:21:16"
             runtime="245783363" origin="live stream" alternativeTitle="UrVcrsjRtgONX6KE2ULeo" recordedFootage="94636248">
            <Participants>
                <Participant name="t4U" role="sound engineer" IPDN="W-kZS" performance="conductor" grossFee="1970009936.10" modifier="B"
                     IPI="VM5Zvx.Rx-HcKAxk9nd" birthDate="2020-05-23Z"/>
                <Participant name="FfnZ8NZw4eHvfwd" role="music director" IPDN="WnFO2CPc3w1Kx84csPKw7mtLRtZpZr" performance="main"
                     grossFee="-423131304.99" modifier="B" IPI="zwATDMCEZhX4jqcsII_r" birthDate="2019-08-09"/>
                <Participant name="la75X.n9M" role="producer" IPDN="Bimmb2h3Gd" performance="main" grossFee="1067851812.46" modifier="B"
                     IPI="hhUWd7BX8jBdTx" birthDate="2019-04-20Z"/>
                <Participant name="MnyVHC8NKWcNmLrDHWK9RP3n" role="scriptwriter" IPDN="pGG87RzhwH64DtmuDvchv5cFa" performance="supporting"
                     grossFee="-840509426.88" modifier="A" IPI="U" birthDate="2019-03-09"/>
                <Participant name="Ylmoov-bFPsajZXH." role="subscriptwriter" IPDN="L9" performance="main" grossFee="126642662.14"
                     modifier="C" IPI="Jb9ZqJx" birthDate="2019-03-05Z"/>
                <Participant name="_LT4URAtyhup8DvtbJ6RI" role="sound engineer" IPDN="wM7z1iag5O7cmaXl0lZMAD0MF" performance="chorus master"
                     grossFee="646191721.99" modifier="B" IPI="doA_u7" birthDate="2020-01-25"/>
                <Participant name="q" role="subscriptwriter" IPDN="YrqHrE" performance="soloist" grossFee="1409348981.57" modifier="A"
                     IPI="Jpl8yTwN1RAtN" birthDate="2020-05-28"/>
                <Participant name="_E7Ln3FRnVxUSmTfUsx5" role="producer" IPDN="D_2caVqjtMpdB" performance="soloist" grossFee="2011206683.07"
                     modifier="C" IPI="YPQ71bqbyPDFWrBOVTutv-nDTJ" birthDate="2019-02-26"/>
                <Participant name="JtgCFIMlIfdzrf" role="remixer" IPDN="feuozK1Tb6uRfgfYWCvmM9" performance="conductor" grossFee="1646910332.60"
                     modifier="A" IPI="M7xiMcoX" birthDate="2020-05-06Z"/>
                <Participant name="TUjIfXGjItqDTjjNG_n" role="arranger" IPDN="OlgIqaJuxIPdFKKf.OJQmc3qh-T4" performance="soloist"
                     grossFee="484216121.91" modifier="C" IPI="skr" birthDate="2019-01-15Z"/>
            </Participants>
        </Record>
        <Record title="kOJNAvIIr6e" spins="1756509931" ISRC="SG4S7R904320" year="6356" producer="_Xb6tTuKJpM3QPOStmwFiif"
             label="k9t13UXjOXqKMapPLgXNvCDrJKrcw." recordNo="WnC9vVd5Qx76CbiP4wHr" serialNumber="vj"
             isPremiere="true" usage="commercial" ISWC="kk_l66JHCeIl" AKA="D05mV2gTmvtxoS6QdIfuU" genre="spoken word"
             broadcastedFrom="2018-10-11T11:21:16" broadcastedTo="2019-11-12T11:21:16Z" runtime="2065314367"
             origin="free usage" alternativeTitle="ONPZ-MUBsaNwjDbO06d" recordedFootage="239812249">
            <Participants>
                <Participant name="EKxX7Dm-gZz8UPh46p" role="remixer" IPDN="gts_XgLg" performance="main" grossFee="-1695256914.23"
                     modifier="A" IPI="B7th2NEkHqY5kPNVSYig316svC" birthDate="2019-11-03"/>
                <Participant name="yDSZC511" role="sound engineer" IPDN="F4F_YdfwfIlpQinsI7fjdIe" performance="chorus master" grossFee="-1687845316.13"
                     modifier="B" IPI="auq0cG8LKwjB4tXJjtVMCEOJS" birthDate="2020-03-02"/>
                <Participant name="r0URx1EDZk5WOBJlgeQUHQ3" role="music director" IPDN="vjDiNCuSO_X23o84DIgCFu8l" performance="main"
                     grossFee="944820945.44" modifier="C" IPI="Q4MYykLBmFXNh2bJ1" birthDate="2018-08-22"/>
                <Participant name="OnUlRK2MOMWjhWUcwlPtHW" role="arranger" IPDN="FQm.yjxEgLmfHH1xU88E" performance="supporting" grossFee="-1816755762.40"
                     modifier="C" IPI="caaD66LUWiuu" birthDate="2019-04-06"/>
                <Participant name="RXRiy72a8u7qT_q019SpfTs1" role="remixer" IPDN="bQRb" performance="soloist" grossFee="217995337.29"
                     modifier="B" IPI="CnUBWwep5XGbUnJsdXqMJujuGAau" birthDate="2020-05-30Z"/>
                <Participant name="e.Z7O_1jpMjEfaPqJMbNqdw_fn" role="composer" IPDN="O2-mAGEmWzTNRLQgU1" performance="conductor"
                     grossFee="-450296709.83" modifier="B" IPI="Yxo_yVCVi4LCj" birthDate="2019-12-24"/>
                <Participant name="LfvQbgsPoDKngN_S0" role="arranger" IPDN="mWvjwV_3L" performance="soloist" grossFee="1354231881.19"
                     modifier="C" IPI="Th" birthDate="2019-01-31Z"/>
                <Participant name="o6JK" role="remixer" IPDN="aG-Bdiy6O_7MDRX8i" performance="main" grossFee="762219263.58" modifier="B"
                     IPI="Kvt" birthDate="2018-10-18Z"/>
                <Participant name="oDf0CSEDVVZL90CXjzCaPVJT0KKN" role="remixer" IPDN="Aj4mS8pAcK1ebk8lyV-LvCY3U_3" performance="chorus master"
                     grossFee="51296794.57" modifier="C" IPI="qlAN0C8C7OdfwwZCWtyCYUE2E" birthDate="2018-09-22"/>
                <Participant name="DKhNQ-dX_ytm5cGsJ9A.61G" role="scriptwriter" IPDN="FsB-09_BtkT9" performance="chorus master" grossFee="-515309958.35"
                     modifier="C" IPI="serZXQ50m-hUiPQ9.evNbVj._ejUA" birthDate="2019-07-03Z"/>
            </Participants>
        </Record>
        <Record title="fevQe6YEv-KJYHPL81qUI_HaJ5gHYY" spins="1631827580" ISRC="951NPJ1V397H" year="2939" producer="RNHl.k03uo1ye1OlQegpcfP_X0jZ"
             label="jhFiI47Eammp7z" recordNo="qUAzBvsldaXoLONByJqDST3.FOtG" serialNumber="AP9AwmKuczxp5SYKzBxglAW"
             isPremiere="0" usage="jingle" ISWC="qbYTRHclBR-E" AKA="CdnfmG3VQsE" genre="jingle" broadcastedFrom="2019-02-09T11:21:16Z"
             broadcastedTo="2020-06-12T11:21:16" runtime="1019854886" origin="live stream" alternativeTitle="AHRw"
             recordedFootage="1300637480">
            <Participants>
                <Participant name="FGLQ" role="sound engineer" IPDN="Ds1YfjofTQw9CfoMM8oVgBGy-U7IE" performance="soloist" grossFee="2146867304.66"
                     modifier="A" IPI="m-UbFn0V.e2UAxDD788i9G-xvN" birthDate="2018-07-13Z"/>
                <Participant name="x0lJw.OdoeiUWF3opLD" role="music director" IPDN="b1" performance="supporting" grossFee="934965015.00"
                     modifier="A" IPI="D.YtpvB6D" birthDate="2019-09-17"/>
                <Participant name="iWnEwCX" role="performer" IPDN="FdEFIMN" performance="conductor" grossFee="-521727514.89" modifier="B"
                     IPI="j1CAv" birthDate="2020-04-15"/>
                <Participant name="n8maO8Fy6JQegy8XPQO29GihJE-VG" role="arranger" IPDN="IaMoOMt" performance="soloist" grossFee="2129816738.92"
                     modifier="A" IPI="u" birthDate="2019-01-20Z"/>
                <Participant name="Mk3Xr0" role="producer" IPDN="aNL2bWIVw3DBV28Dp" performance="main" grossFee="1920311724.61" modifier="B"
                     IPI="QiVcEWd" birthDate="2019-06-23Z"/>
                <Participant name="Q9" role="performer" IPDN="jJloaznpV" performance="conductor" grossFee="2116603463.60" modifier="B"
                     IPI="IXcP8MOJ6r_9bAS0KXEBC" birthDate="2020-04-10Z"/>
                <Participant name="XBXJfQim3HvS4f3KOx7.t" role="producer" IPDN="VQY" performance="supporting" grossFee="68242777.55"
                     modifier="C" IPI="vWSQ5ZKgQ9O" birthDate="2019-04-01"/>
                <Participant name="FC8U5d65YZk99h" role="arranger" IPDN="maMHHzFaXGQR" performance="main" grossFee="-340911602.39"
                     modifier="A" IPI="Bzmby2jehu" birthDate="2019-01-14Z"/>
                <Participant name="I7tfYsQ42r" role="performer" IPDN="tKv.86MT2l060c9-Q10SLL" performance="chorus master" grossFee="-1544086480.46"
                     modifier="B" IPI="w" birthDate="2019-02-24Z"/>
                <Participant name="M294Gqf49o8L0Cxa.dncN" role="remixer" IPDN="UiKKYn" performance="conductor" grossFee="142262871.01"
                     modifier="A" IPI="XVBdjnJhe3z6ay83s_dY" birthDate="2018-07-04Z"/>
            </Participants>
        </Record>
        <Record title="w1I" spins="172413088" ISRC="Q9C4I9Z4W421" year="9214" producer="INwtZCD-" label="OA" recordNo="WrvYXUEM"
             serialNumber="QHieWMKQx7ouL3AacMyb" isPremiere="0" usage="commercial" ISWC="AUkT." AKA="d3dHHlXZPYPEo91Fsp-NAWq"
             genre="jingle" broadcastedFrom="2018-08-07T11:21:16" broadcastedTo="2018-12-04T11:21:16"
             runtime="828927193" origin="free of charge" alternativeTitle="oIkp9xU9T" recordedFootage="1209168368">
            <Participants>
                <Participant name="xCJk" role="remixer" IPDN="N0YYo6-286Lo1aFF" performance="supporting" grossFee="-2008865228.05"
                     modifier="B" IPI="TpK9yjo" birthDate="2019-10-19Z"/>
                <Participant name="qkVzn4XnSVZQsDk6VX" role="producer" IPDN="Tb2aj_lPv-G-Gun4IUl_" performance="supporting" grossFee="-759466691.08"
                     modifier="A" IPI="P.DE8b" birthDate="2020-02-25"/>
                <Participant name="xhzQQF4UXydXszi" role="arranger" IPDN="GFq_.Db" performance="chorus master" grossFee="304094762.11"
                     modifier="B" IPI="KkNNCO" birthDate="2020-01-02"/>
                <Participant name="TfWeSnoJ.xka4Vt0" role="subscriptwriter" IPDN="VMC1OdH4S.rV0M9eUaDKzan4" performance="soloist"
                     grossFee="788435802.03" modifier="C" IPI="bARkGmcBewCgGT2jNo5tPdJxk2RTTN" birthDate="2018-08-25"/>
                <Participant name="P4Oot" role="sound engineer" IPDN="O5t" performance="chorus master" grossFee="1413936244.24" modifier="B"
                     IPI="q6kdrW84bbaq0" birthDate="2020-05-24"/>
                <Participant name="yn" role="scriptwriter" IPDN="yARWG6xtznTUwzZw" performance="supporting" grossFee="-672210691.24"
                     modifier="B" IPI="mKYwDKeZA6MiSVK5" birthDate="2020-01-12"/>
                <Participant name="xp5HE" role="scriptwriter" IPDN="NgA51F" performance="conductor" grossFee="407235658.61" modifier="A"
                     IPI="ahFJc9NBciS957zn7wf4VQxR" birthDate="2020-01-15"/>
                <Participant name="wLQJ8.T8K4kcwNp-9PJuPNL7mAA" role="arranger" IPDN="oEvovqpSHK3e" performance="chorus master" grossFee="-1742292005.74"
                     modifier="C" IPI="L1yyEbU_jzDIlUuKIEhz.czAV" birthDate="2020-01-21"/>
                <Participant name="YKDTvBoSOp9zz3aJErfeevfZIN" role="sound engineer" IPDN="W5zJh24i72CuUnI7fo" performance="chorus master"
                     grossFee="1484696468.68" modifier="A" IPI="ii2WT" birthDate="2019-11-15"/>
                <Participant name="EtMZnSkhZPHg5NMAIMXM" role="scriptwriter" IPDN="rHkLRNtM2q0mZvi" performance="supporting" grossFee="-1917025526.01"
                     modifier="C" IPI="qIxdP.Ed.zO8BKL5fO0k6krHvLQ3Zv" birthDate="2019-08-04Z"/>
            </Participants>
        </Record>
        <Record title="q9TEt.IiSaOySHWoG0Q." spins="593273597" ISRC="90T3EI244QYI" year="3280" producer="Bxc" label="mVMqkSX9wNsmtQyZY1fFJs0DWrO1FU"
             recordNo="wq1m_LauiuUtsei.usztYQkcG" serialNumber="krtFyvHMihLLG9tZeo" isPremiere="1" usage="broadcast"
             ISWC="_oj" AKA="x90K0f0rZrBGbRdNkPJaDj6v5gBjkM" genre="commercial" broadcastedFrom="2019-05-01T11:21:16Z"
             broadcastedTo="2019-06-22T11:21:16" runtime="1574418627" origin="free of charge" alternativeTitle="csf"
             recordedFootage="1351280311">
            <Participants>
                <Participant name="b7bQ" role="scriptwriter" IPDN="Q.JFy7E-ub_0JLAH.GbMro_" performance="conductor" grossFee="1296601326.41"
                     modifier="B" IPI="fro3VrxiBQ" birthDate="2018-12-25"/>
                <Participant name="q91Ww" role="sound engineer" IPDN="Zfv8mlE5.xCyc2nrJLyQsdp3Gph" performance="chorus master" grossFee="826719945.58"
                     modifier="A" IPI="jhnLr" birthDate="2018-08-19"/>
                <Participant name="ckEZjGl2zZv" role="remixer" IPDN="lCiw" performance="main" grossFee="-781163249.10" modifier="B"
                     IPI="GGd1B3JxUxyNHCB_JRJBn8JzGpPe" birthDate="2019-02-12Z"/>
                <Participant name="gW0ZrhHVZrMxYF6uuOGjbsPWsy_AkT" role="producer" IPDN="fQsw5" performance="main" grossFee="17224747.78"
                     modifier="B" IPI="eew06v7" birthDate="2019-04-24Z"/>
                <Participant name="XdYfxbwGnfjCi9XlUaqssdFkRZ" role="remixer" IPDN="EyA1A6ANrasL0YuVwX_omQe" performance="supporting"
                     grossFee="-366609088.90" modifier="C" IPI="zZb1YvggBIFO0MWMfd" birthDate="2018-07-21"/>
                <Participant name="_s4aohaC" role="subscriptwriter" IPDN="QgtSd6kaRn_3" performance="soloist" grossFee="1823597247.41"
                     modifier="A" IPI="pnH_ib9ZpZa9Jm1lW-tt.NEvsefx" birthDate="2019-04-06"/>
                <Participant name="iRbCnwfmQoKaI" role="producer" IPDN="nF.HsWLpQoA0S5.8B6fM" performance="soloist" grossFee="-290732806.75"
                     modifier="B" IPI="NLNFDu8vsi-wzdGci" birthDate="2019-08-09"/>
                <Participant name="zJ84" role="sound engineer" IPDN="N7pMi-LfvANJUis" performance="chorus master" grossFee="1252234069.21"
                     modifier="C" IPI="ZJ.s7kmmoGTJdBRFiDJ" birthDate="2019-07-25Z"/>
                <Participant name="FJoFLB_aGOv8m" role="performer" IPDN="ZfIZlEvd" performance="conductor" grossFee="-1242344324.21"
                     modifier="A" IPI="qhQv9xh2V7RFv.XhgZE_0.2oeR" birthDate="2020-02-06"/>
                <Participant name="r" role="scriptwriter" IPDN="buxYW" performance="supporting" grossFee="1425211013.58" modifier="B"
                     IPI="JuVO8" birthDate="2019-02-15"/>
            </Participants>
        </Record>
        <Record title="t9tuFSSPkXA57Sd4X" spins="819066756" ISRC="43906M4FL06F" year="7514" producer="FwG0L83hz9Nrcvaa"
             label="gB_ReSsOhWEoZ4uUEnwhFNV0c" recordNo="bLSpCnOJCo" serialNumber="jrIdWnoMbkL0" isPremiere="1"
             usage="jingle" ISWC="RnXmAaGZZop8Gne3lkRlslvdq" AKA="jz-mriJ63wWZHUKPW0RHBN9eI.CEG" genre="composed"
             broadcastedFrom="2020-04-01T11:21:16Z" broadcastedTo="2019-06-14T11:21:16" runtime="1053033222"
             origin="recorded stream" alternativeTitle="B" recordedFootage="99676360">
            <Participants>
                <Participant name="y" role="scriptwriter" IPDN="D773" performance="supporting" grossFee="28517642.09" modifier="B"
                     IPI="E" birthDate="2020-03-13Z"/>
                <Participant name="gD" role="sound engineer" IPDN="To72GB3kauCm" performance="chorus master" grossFee="1815217783.72"
                     modifier="B" IPI="xNlFRl6_ywtj5LjWIto5" birthDate="2019-06-24"/>
                <Participant name="KqFoYqWgOuNZwBJR4fZxw0prIplJ.e" role="arranger" IPDN="klur2.dymAHQbXchAGGR37" performance="soloist"
                     grossFee="-517350802.32" modifier="B" IPI="PZsRo.xKFs5WZ17" birthDate="2020-03-29"/>
                <Participant name="BpqX" role="sound engineer" IPDN="j5114gU" performance="main" grossFee="1275827703.75" modifier="B"
                     IPI="FWQdYh5PuSeqkzFwHn5tcHtBs2jt" birthDate="2020-05-22Z"/>
                <Participant name="HJMUzDGrLxT0N" role="music director" IPDN="x-2ODVa.fxeuPu" performance="conductor" grossFee="1666392863.30"
                     modifier="A" IPI="shdPow.1Ge8ZuiA" birthDate="2019-02-13Z"/>
                <Participant name="JlUxKVRn2Rlmp8c2FAj7_d6Pts" role="arranger" IPDN="jX" performance="main" grossFee="328917649.86"
                     modifier="A" IPI="s" birthDate="2020-05-02Z"/>
                <Participant name="iZsouzihQYVmMp_z4fg" role="producer" IPDN="Ki6RJhiP" performance="supporting" grossFee="-305519048.90"
                     modifier="A" IPI="H37ygXkRZW-F6h5unPjoyI0QWQ" birthDate="2020-03-16"/>
                <Participant name="QFCEi1F" role="subscriptwriter" IPDN="s98NfB9wSKiS9UwI.d0F" performance="conductor" grossFee="393950280.15"
                     modifier="C" IPI="hTx.PQq8YBIZAwiqKBaD" birthDate="2019-10-20"/>
                <Participant name="Ot" role="producer" IPDN="rrF33jr6h3f" performance="soloist" grossFee="309116728.04" modifier="A"
                     IPI="bLkv." birthDate="2019-01-01"/>
                <Participant name="ZIpI7dGPS" role="performer" IPDN="trdOxyc4HT0G3WufYb.3" performance="conductor" grossFee="-886825421.05"
                     modifier="A" IPI="v.GH4uqiV0kWn-efJV9Oqu7E" birthDate="2019-10-11Z"/>
            </Participants>
        </Record>
        <Record title="E52XNMttk8ql" spins="195264202" ISRC="C61389560534" year="1252" producer="FlVbRJ6W2oIZ8KJS6UO5"
             label="oE.OLDIjEB2VVL7AVHA8v5X80" recordNo="HXAmP0OPF53Az4OtkH_zAYO-jq" serialNumber="RUFQrq7erwmKYk5UI6BD"
             isPremiere="1" usage="broadcast" ISWC="iaNidU_vA3nt3.B2XMs37ltcxGl_YG" AKA="L22MgaG1wj5i6"
             genre="composed" broadcastedFrom="2019-05-10T11:21:16" broadcastedTo="2018-08-01T11:21:16Z"
             runtime="1364386178" origin="recorded stream" alternativeTitle="GBnHYuC6VVHo2gE" recordedFootage="925709469">
            <Participants>
                <Participant name="iDggm" role="remixer" IPDN="V-7iMOg1.PAkjBqUqk42M" performance="soloist" grossFee="840657364.68"
                     modifier="B" IPI="oVRiHul3-S6Nzk.-Eqq2GRE" birthDate="2018-09-10"/>
                <Participant name="jTJA1dxk" role="arranger" IPDN="XRZDCCKmsm20Q" performance="supporting" grossFee="1978580196.23"
                     modifier="C" IPI="gJYrI1K4Iuj8" birthDate="2019-01-29Z"/>
                <Participant name="Vp3V_e48RhcZrY66nGnVq1K" role="arranger" IPDN="Go-JLcsOfNKl-" performance="supporting" grossFee="-38850928.96"
                     modifier="C" IPI="VtTcSbq.Yk06" birthDate="2020-04-29Z"/>
                <Participant name="X.4PgBSbgiZfwz4Ala1zVRKz" role="remixer" IPDN="_6XmdPU0ZZdYU" performance="main" grossFee="-2130338341.17"
                     modifier="C" IPI="RYuu2" birthDate="2018-10-11Z"/>
                <Participant name="rqBxuv.i9HyrslCzy0fm1W9qFGSm8H" role="sound engineer" IPDN="fRRW3bDU4KJduD" performance="conductor"
                     grossFee="388933910.50" modifier="B" IPI="YDG_XDSoDCi7" birthDate="2019-02-24"/>
                <Participant name="d.nY-vwy8QPqn9jUsRzkUkvRnI" role="scriptwriter" IPDN="tg-y1zH_soJq0VrfJXO4T5Y" performance="conductor"
                     grossFee="-2072740492.79" modifier="C" IPI="B1ZUneyd9l6TDXpt.fKEwS_CYBCt" birthDate="2020-05-11"/>
                <Participant name="oE36" role="composer" IPDN="vFBaa9cx9XNu-UrDyuo_KN" performance="conductor" grossFee="-852636963.74"
                     modifier="B" IPI="iz.NeDOszebDume_UDmbs44Yk" birthDate="2019-11-08Z"/>
                <Participant name="qAtiV3xlGWly8Fd3OEC.A2u2f" role="scriptwriter" IPDN="L_U" performance="supporting" grossFee="-1419179967.37"
                     modifier="B" IPI="ZzoDfcJqlS" birthDate="2018-08-19Z"/>
                <Participant name="fog8omThqPj" role="scriptwriter" IPDN="aM4G-IxT7J2-pg" performance="supporting" grossFee="939439740.07"
                     modifier="B" IPI="ZnYtQrxY6gerek" birthDate="2019-10-11Z"/>
                <Participant name="_nmOO1D" role="producer" IPDN="GRKduJ2ssUUdj3vVCFb" performance="main" grossFee="111812479.87"
                     modifier="B" IPI="PK1gnrIeskXKH7NuTdnBtEMbNcl" birthDate="2018-09-03"/>
            </Participants>
        </Record>
        <Record title="jDNHDL2" spins="758285323" ISRC="4F32AO3PP847" year="0692" producer="mTHdW3m8M6cokhN4X-bn-n4owFSY1X"
             label="YIlgDkuKhj1SYIM98uC5VO34MYtr" recordNo="XyWEMYTwQbOkPC-YzyUrKeg0rv0" serialNumber="mdWZWPy7JJ.HBJ0-EoMpAiyF"
             isPremiere="true" usage="jingle" ISWC="vEQtpPaUzD6olRZJbO6L7w" AKA="XWN8892SbunTzV6mh57ADH"
             genre="classical" broadcastedFrom="2019-09-06T11:21:16Z" broadcastedTo="2020-02-07T11:21:16"
             runtime="117824158" origin="live broadcasting" alternativeTitle="HgMQF058nd83M.WldRJ6V430bHqa"
             recordedFootage="1489442212">
            <Participants>
                <Participant name="NIxhjS4M3eHvXRssuF4TIFcdB" role="scriptwriter" IPDN="mhU4Z4tQfX054s" performance="supporting"
                     grossFee="1178608320.52" modifier="B" IPI="OQTY6NKyk.0hVohDkHP-" birthDate="2018-11-07"/>
                <Participant name="bMlOcVp9ElhEiRTPrbx6ndvTvJxZH" role="composer" IPDN="zUA" performance="main" grossFee="1127883729.23"
                     modifier="C" IPI="zumHeVhyvhKs0F.D.qYqcx9H6Q" birthDate="2018-11-13"/>
                <Participant name="uPX" role="producer" IPDN="zvVplhpCpxxZg7HLGyjk" performance="chorus master" grossFee="1806118929.77"
                     modifier="B" IPI="hwABsSiRe40v" birthDate="2020-05-07Z"/>
                <Participant name="s" role="arranger" IPDN="GXL0nQOTkg" performance="supporting" grossFee="1565970675.46" modifier="C"
                     IPI="GuHO4Z" birthDate="2018-08-18"/>
                <Participant name="RgWpx1h5" role="music director" IPDN="iP" performance="conductor" grossFee="-1126328362.80" modifier="C"
                     IPI="ni5PGeDPlN-y" birthDate="2018-12-10"/>
                <Participant name="y7h" role="subscriptwriter" IPDN="cFI9jlnqO" performance="chorus master" grossFee="-1686352979.86"
                     modifier="A" IPI="AFnWCyug_1GkDwQWE" birthDate="2020-01-13Z"/>
                <Participant name="RiDDtdziXs" role="arranger" IPDN="aNKyUuy.2" performance="supporting" grossFee="439819149.50"
                     modifier="A" IPI="uF0d1TnldTejBUKbJZVdemhR" birthDate="2019-08-22"/>
                <Participant name="isXXX-MiL_0Ku" role="scriptwriter" IPDN="IT" performance="chorus master" grossFee="-1495088566.59"
                     modifier="B" IPI="DTy1N6KsgVavKQtninK8hfaIY60" birthDate="2019-02-01Z"/>
                <Participant name="PKI-jOm_iYRWw.a1j3WMQdDCz" role="scriptwriter" IPDN="bHtkAVb" performance="main" grossFee="-1553602130.42"
                     modifier="A" IPI="PddQ" birthDate="2019-06-13Z"/>
                <Participant name="pP" role="scriptwriter" IPDN="L" performance="chorus master" grossFee="-1225226424.47" modifier="B"
                     IPI="dQarD0d7CLc-xBQ0XbROrevmMZLX" birthDate="2019-01-11Z"/>
            </Participants>
        </Record>
    </Record>
    <Record title="b.KRSrAg_kCh5m-uYq.1Lgh" spins="946064174" ISRC="3X12QJ3568Q6" year="3488" producer="l" label="IJsDUcrmM_4vFOcC2"
         recordNo="joW7Zotfx" serialNumber="_k20.YnKbIXA" isPremiere="1" usage="commercial" ISWC="z"
         AKA="WwdWnw1qXxB3veg" genre="pop" broadcastedFrom="2019-10-26T11:21:16" broadcastedTo="2020-03-05T11:21:16Z"
         runtime="857656977" origin="report" alternativeTitle="Yx.KLJ5xy8x_aw1Tw4nC" recordedFootage="9899341">
        <Participants>
            <Participant name="X1i28M" role="sound engineer" IPDN="ClGBXaULSnYhRIYwFDJD" performance="chorus master" grossFee="764355071.59"
                 modifier="A" IPI="DtsHzWA.Gljiqq-5UX" birthDate="2019-04-24Z"/>
            <Participant name="jRH_uRo8fCflR0" role="remixer" IPDN="sQSRcc7VLeS2N8a8axfpijFDHq0wQ9" performance="main" grossFee="1454330056.72"
                 modifier="A" IPI="lnExk11nb5Pw1F83225xDMwI" birthDate="2019-08-15Z"/>
            <Participant name="CVaR6t.BiIU.-y" role="producer" IPDN="CKuYOa0ypxWAfiRDj-c57g6qYYnS" performance="main" grossFee="1592460003.35"
                 modifier="B" IPI="ebG5c37MsBi1kcPO-Wtsii8e07k" birthDate="2018-09-20"/>
            <Participant name="v.NM0LQRxC" role="remixer" IPDN="Nsu6xufCDMITZslbLX" performance="soloist" grossFee="-391383233.62"
                 modifier="A" IPI="H" birthDate="2018-09-15Z"/>
            <Participant name="mgAI8A5Nq5.X.tk" role="scriptwriter" IPDN="zg3Gxfk63m3iS-6LqC" performance="conductor" grossFee="-604741087.90"
                 modifier="A" IPI="dMM6HUwfdqE8kYr7oind59" birthDate="2020-02-17"/>
            <Participant name="bMPPcUJyWI" role="producer" IPDN="LO_B" performance="soloist" grossFee="-880137214.40" modifier="B"
                 IPI="Z" birthDate="2019-02-22Z"/>
            <Participant name="ph1NeUT8TmIDPvDqIH1E7" role="composer" IPDN="_CBEOS5wkIeHfq0.Yld172hmE" performance="chorus master"
                 grossFee="-1625515458.48" modifier="A" IPI="lDgcChq7r" birthDate="2019-06-03Z"/>
            <Participant name="ReJ9D" role="sound engineer" IPDN="_EWMj" performance="conductor" grossFee="-840151059.53" modifier="B"
                 IPI="x8zZVYOH8f.7i_D" birthDate="2019-11-12Z"/>
            <Participant name="vldfY" role="sound engineer" IPDN="fPU2ZtlChwo5bJ" performance="soloist" grossFee="84285782.43"
                 modifier="B" IPI="ukTXvxOMYkZ" birthDate="2018-09-09"/>
            <Participant name="cq" role="performer" IPDN="udMRpxrDDFJ0eqddu7e3KoBG" performance="supporting" grossFee="-1691993668.43"
                 modifier="B" IPI="H5StlsPpIItMhjBY_.y4fxAdjKGu" birthDate="2019-12-07"/>
        </Participants>
        <Record title="k3day3sVyhZdkNMCgJyj-_dwv" spins="1512278625" ISRC="G22Z87956310" year="4457" producer="hZ2tEv2jbPSM7q_fqGBo"
             label="oXN0BhUY7" recordNo="E.ABz3ExrG5MrkRIPWlxf8h0gsyM" serialNumber="Jd" isPremiere="0"
             usage="jingle" ISWC="TcH0ZgGfZ" AKA="npL" genre="spoken word" broadcastedFrom="2019-08-22T11:21:16"
             broadcastedTo="2020-05-09T11:21:16" runtime="1715066824" origin="recorded stream" alternativeTitle="Tu3KeJ."
             recordedFootage="279724512">
            <Participants>
                <Participant name="QmA-bNRhWTBqP5" role="arranger" IPDN="oxGwN7l-rAl" performance="soloist" grossFee="322186999.29"
                     modifier="B" IPI="IZnOZRwbcZO2" birthDate="2019-07-26"/>
                <Participant name="iafTDWzgnG1A" role="subscriptwriter" IPDN="c4nElU47" performance="main" grossFee="226117494.49"
                     modifier="C" IPI="r" birthDate="2019-08-21"/>
                <Participant name="T" role="sound engineer" IPDN="FdPdP_vz-hY64oBJ5kEQqWRA" performance="soloist" grossFee="-795458030.46"
                     modifier="B" IPI="j2fN2Ubt5db" birthDate="2019-04-26"/>
                <Participant name="T1DupTsV1UdsMa7SiVP_von37M69" role="subscriptwriter" IPDN="JIufnWcl4Gc-jZd40ZeR9Kyvny" performance="conductor"
                     grossFee="-1154683322.94" modifier="B" IPI="fx1IGS2w2" birthDate="2020-06-23Z"/>
                <Participant name="t" role="music director" IPDN="liJg" performance="supporting" grossFee="-754106472.81" modifier="B"
                     IPI="c8oIEq8ekQks3gl2V8FC" birthDate="2020-06-25Z"/>
                <Participant name="AOctWjGHD." role="scriptwriter" IPDN="pRGoAwDZxKdKrl6" performance="chorus master" grossFee="813916550.23"
                     modifier="B" IPI="N-E2Kvvxa30EzRt0xroN" birthDate="2018-08-27"/>
                <Participant name="Md3T" role="sound engineer" IPDN="XihwJB9B0" performance="conductor" grossFee="-1608971811.27"
                     modifier="A" IPI="zkQCWaNN" birthDate="2018-12-30Z"/>
                <Participant name="EAK1H5f7YbasBZfWepqYoRnY63fWeD" role="music director" IPDN="JW" performance="chorus master" grossFee="269079831.20"
                     modifier="A" IPI="eExm0FUSwp.x" birthDate="2018-07-07"/>
                <Participant name="L" role="scriptwriter" IPDN="XGzvRLPqdV9PQkKa67" performance="chorus master" grossFee="-605217464.48"
                     modifier="B" IPI="X9tTr.y" birthDate="2019-02-06Z"/>
                <Participant name="WHC.2" role="music director" IPDN="aYiuXo8xRtcFkD0WTgNq9an" performance="supporting" grossFee="796149581.27"
                     modifier="C" IPI="z" birthDate="2018-07-09"/>
            </Participants>
        </Record>
        <Record title="MjzF_1EuTeu0gQkLaG0wSaNGY4" spins="1772296770" ISRC="CZ8243Z1LEWT" year="7577" producer="Oq2aZNbe"
             label="JYvh" recordNo="JIvpa7O-jaGf4GtnuE" serialNumber="i55rvKjqon" isPremiere="false"
             usage="broadcast" ISWC="p99oRtmIclR2GBf8GvONanjc7_74" AKA="ZA-gXHweXKyvsOaJdBDG2O" genre="jingle"
             broadcastedFrom="2019-09-17T11:21:16" broadcastedTo="2020-03-21T11:21:16Z" runtime="1658987434"
             origin="self" alternativeTitle="rLtP3gxQcGnav6aQ8UE.RHs" recordedFootage="363933307">
            <Participants>
                <Participant name="EAOYSjg2wZh" role="composer" IPDN="ZmnxFYVNzGNNN0q" performance="supporting" grossFee="-1802312726.83"
                     modifier="A" IPI="r-NZkoxTPPC7KEzlq5hKL" birthDate="2019-08-07Z"/>
                <Participant name="eOcKzpW_bUgJct537MuXecUUTZIWqj" role="arranger" IPDN="Ph-8l_aZ_Z7n21Fln.uYjoCvw1xjc" performance="soloist"
                     grossFee="-578532064.15" modifier="B" IPI="Ipw.W4m0dd.WJ1R" birthDate="2020-03-24Z"/>
                <Participant name="LyG" role="sound engineer" IPDN="KZp26Ey" performance="supporting" grossFee="-728173830.06" modifier="C"
                     IPI="S4hhSVkS" birthDate="2020-04-22"/>
                <Participant name="XI" role="music director" IPDN="ezfU8GlR" performance="conductor" grossFee="1171380114.89" modifier="B"
                     IPI="S" birthDate="2018-07-10Z"/>
                <Participant name="cD" role="composer" IPDN="L3ww8Swa3dH8ikAU8pjXz_" performance="conductor" grossFee="131315851.24"
                     modifier="C" IPI="VBDQPY6HejYkNpIPccUJWw-TFjqJZE" birthDate="2019-11-18Z"/>
                <Participant name="gu3xo" role="scriptwriter" IPDN="NI6mQJx6i-J" performance="soloist" grossFee="-1777240916.38"
                     modifier="C" IPI="mQTw9mtgf8s5zs" birthDate="2019-08-12Z"/>
                <Participant name="jcvN2e8BC7pBSy97OgL" role="producer" IPDN="XaVUoO" performance="conductor" grossFee="1005248110.13"
                     modifier="A" IPI="wmqEE7QratbZVz145OpTQadOnOh" birthDate="2018-11-09Z"/>
                <Participant name="z0lTM2QV" role="music director" IPDN="vQc9rKk" performance="conductor" grossFee="-1739391702.89"
                     modifier="B" IPI="N71yP3FW7aR4JlV" birthDate="2019-11-12"/>
                <Participant name="c85T_sdFef9VnWd9v_08ngnFVWbnF5" role="scriptwriter" IPDN="Z" performance="chorus master" grossFee="-1554726143.49"
                     modifier="B" IPI="u" birthDate="2019-10-06Z"/>
                <Participant name="LaPWQDlCIjCd66Xkex" role="subscriptwriter" IPDN="rlrWQHkOJNOquk" performance="main" grossFee="1368148049.63"
                     modifier="C" IPI="qS5inVD-" birthDate="2019-12-15"/>
            </Participants>
        </Record>
        <Record title="p.5xkIX7NRrxrvJQ2D6hC5LAt" spins="1697222744" ISRC="35S409H70I8B" year="8527" producer="DMWAgigcR02"
             label="vztg4h" recordNo="EHQGHP_QAD0Z6Xs" serialNumber="B878dy9W58" isPremiere="false" usage="broadcast"
             ISWC="CDbI6S5bUO" AKA="zB5xr2n4MbmtgAu1iRlCxEXYmBTK" genre="composed" broadcastedFrom="2020-05-02T11:21:16"
             broadcastedTo="2019-11-10T11:21:16Z" runtime="215488785" origin="live stream" alternativeTitle="MjD"
             recordedFootage="1577102497">
            <Participants>
                <Participant name="D0E2M_wCg1j.U5vmM6" role="remixer" IPDN="GU-bbStlj1rktl0chn" performance="soloist" grossFee="-914202299.52"
                     modifier="B" IPI="GdBTQP9uI" birthDate="2020-03-30"/>
                <Participant name="pnig8qprZvf." role="scriptwriter" IPDN="y.LKxqp" performance="conductor" grossFee="-1786439167.32"
                     modifier="A" IPI="vx6YP4O74xgjykynpfZwDMIb" birthDate="2019-07-18Z"/>
                <Participant name="yOtgw" role="composer" IPDN="QY_vSLzAC" performance="chorus master" grossFee="-1452729355.39"
                     modifier="C" IPI="MjaJD0PN2rTthxW.7YHExsXTCw9n" birthDate="2019-08-22Z"/>
                <Participant name="D7gsdqrPNfo7" role="scriptwriter" IPDN="GlMSR" performance="soloist" grossFee="-1667475654.46"
                     modifier="A" IPI="E5AWZkLUrLeeVC" birthDate="2019-09-16Z"/>
                <Participant name="aD-bT5WgKd.EDcruHBm1ncY" role="producer" IPDN="hBM_HD7TBsjm7rKG3foy6f4DWXo" performance="chorus master"
                     grossFee="-2130958962.08" modifier="C" IPI="QGMpsjtLxlbDPSEkoIwxZJS" birthDate="2019-10-17Z"/>
                <Participant name="qLxSPRWA45W-7IYwS5plJp59p" role="scriptwriter" IPDN="ZzkB7w8awxIoUfj.gxi2njhcJ" performance="main"
                     grossFee="1854596812.60" modifier="B" IPI="W0lsigEzcqONNGY" birthDate="2018-11-13Z"/>
                <Participant name="V7nKnmex7JdWp5wn" role="remixer" IPDN="qy3FnMbn" performance="main" grossFee="-1453922580.88"
                     modifier="B" IPI="kJcu00t1.j3x_lZZ6Rue" birthDate="2019-12-30"/>
                <Participant name="s-sO.I3a_DhW_msNND92aC_i" role="producer" IPDN="esk9hzeRkxchlcdN1icSBCYF" performance="chorus master"
                     grossFee="1979700283.89" modifier="A" IPI="AWo-aYBeB" birthDate="2020-06-18"/>
                <Participant name="kZodjX-" role="arranger" IPDN="LH5OWRPvVcobtojCx5F" performance="main" grossFee="1956715971.77"
                     modifier="B" IPI="uri8s8FodENEJASclSjGijtmOGor6J" birthDate="2019-10-15Z"/>
                <Participant name="M" role="remixer" IPDN="zKwCh33xfP8NQGZ" performance="main" grossFee="858926101.75" modifier="B"
                     IPI="hP" birthDate="2020-05-01Z"/>
            </Participants>
        </Record>
        <Record title="TgYBruTUo.76n" spins="153005099" ISRC="4BDOF5B0C196" year="6578" producer="nJqc2Tz00" label="fBy4xxjOCIpAO"
             recordNo="ebK-H01oPcUqxAD3" serialNumber="opfkAJmT50kENajWG" isPremiere="1" usage="commercial"
             ISWC="qLU7fQb0eiSiFqfiHf3Oy" AKA="P79TFytqaEThna" genre="pop" broadcastedFrom="2019-06-19T11:21:16Z"
             broadcastedTo="2019-03-09T11:21:16" runtime="7070482" origin="recorded stream" alternativeTitle="GIZrlhP0gNe_yQPjVIydO21H"
             recordedFootage="1254276008">
            <Participants>
                <Participant name="Wn9Rxv0Rp82o65lKnOV" role="performer" IPDN="yty7nY" performance="soloist" grossFee="-409699491.93"
                     modifier="A" IPI="rYznipDa0TLxoyPY" birthDate="2019-03-02"/>
                <Participant name="VFYxGeq-O0GYr.FSoVu.l" role="arranger" IPDN="Dzz-D" performance="supporting" grossFee="-1695707001.59"
                     modifier="B" IPI="MuVg2j" birthDate="2018-11-28"/>
                <Participant name="bMMH3J5" role="remixer" IPDN="DJl0EbNa3omXPO" performance="chorus master" grossFee="1160316673.86"
                     modifier="A" IPI="R4iSULAswow5EEpjzd6" birthDate="2020-01-09Z"/>
                <Participant name="mDmoQX4OfhkE29ADl2zYjZ0A_TztX" role="performer" IPDN="m705PO" performance="chorus master" grossFee="2037306952.37"
                     modifier="A" IPI="d" birthDate="2019-07-05"/>
                <Participant name="N0_YimuREE13boA2" role="sound engineer" IPDN="VL2vip5A4" performance="chorus master" grossFee="1174155571.94"
                     modifier="B" IPI="MAAi3b9IV7KTy" birthDate="2019-09-22Z"/>
                <Participant name="V" role="performer" IPDN="XEIk7S3V.wrtxVH9mS9tD" performance="main" grossFee="896094790.58" modifier="A"
                     IPI="j7M7OY4RKwCgm4yqaFk9WtL9faqoZ" birthDate="2019-05-24Z"/>
                <Participant name="Ot3n" role="sound engineer" IPDN="BU" performance="main" grossFee="535333254.71" modifier="C"
                     IPI="LQmEXZKIcnAh4X2Ejzqfg" birthDate="2020-07-02"/>
                <Participant name="M-XuKP5QK9mbL4tN.o5dmSv1Zb" role="subscriptwriter" IPDN="hPQGYCgpW8FE9fG3XHGF1E" performance="conductor"
                     grossFee="-1365489421.45" modifier="B" IPI="LvJzwm6gL" birthDate="2019-06-11"/>
                <Participant name="_E4hGC" role="scriptwriter" IPDN="urxumTZoxIOSQf2auYZr" performance="supporting" grossFee="997307883.22"
                     modifier="B" IPI="Yc.I8k0gYsC62-1" birthDate="2020-03-25"/>
                <Participant name="DHByInaaou9hFjlXJ9EGI" role="composer" IPDN="afP" performance="supporting" grossFee="-1246478872.21"
                     modifier="A" IPI="_NyvNVz_GXtYXbzzfNi" birthDate="2018-09-30Z"/>
            </Participants>
        </Record>
        <Record title="r6UeNZUFSOj" spins="1091570516" ISRC="8CWZKQJU1Y28" year="5364" producer="iY3uuMS0ZL" label="YKrIbrUW2G3wCxP0"
             recordNo="De12t3lIum6eMS_b0es" serialNumber="RwkJM4NGGvNoAFk" isPremiere="0" usage="broadcast"
             ISWC="E-W2nRUS7E" AKA="Dzy4LdAqa9VFMyPcQKn0YoQ5z" genre="jingle" broadcastedFrom="2019-05-22T11:21:16"
             broadcastedTo="2018-10-16T11:21:16Z" runtime="1850008918" origin="report" alternativeTitle="ikFyenwscAt"
             recordedFootage="1917126008">
            <Participants>
                <Participant name="Ppxpzr2PSz" role="scriptwriter" IPDN="PXEtiT1hH30KEElwzAe1" performance="supporting" grossFee="-183145472.16"
                     modifier="B" IPI="qM3Shb3pwi6M2c9JBnUFmyKXUv6bO" birthDate="2018-08-05"/>
                <Participant name="yl19zjSKWPsqYQ" role="music director" IPDN="sjooexKaTrwK3IfY2g" performance="conductor" grossFee="-1988833396.96"
                     modifier="A" IPI="I9lI3hPSVJpk" birthDate="2019-04-09"/>
                <Participant name="da" role="producer" IPDN="w54TttLwzA0x_1Qp" performance="supporting" grossFee="-1482060951.93"
                     modifier="B" IPI="wzUTppJ_J1Z6GK-g" birthDate="2018-07-14Z"/>
                <Participant name="TvbKE6i." role="subscriptwriter" IPDN="UG9ESKZ72EtWHHBGNsYeQW_V_Ac" performance="chorus master"
                     grossFee="-1776800000.82" modifier="A" IPI="jy_Tz0L" birthDate="2020-01-06Z"/>
                <Participant name="ziD3DLl0QnTHuXIto" role="music director" IPDN="ANYYR8Z0OqhQ" performance="main" grossFee="-1391534602.45"
                     modifier="B" IPI="CVWpBu1-anY3Sw6t_PzLAa40" birthDate="2019-01-25Z"/>
                <Participant name="oL3UprUp.1Wt" role="sound engineer" IPDN="JZ4B3lQHmF8E3X.sHFHn0uU.DIfIpw" performance="conductor"
                     grossFee="1016102328.86" modifier="C" IPI="AD" birthDate="2019-08-08"/>
                <Participant name="BbvHEE" role="sound engineer" IPDN="QyeGfe9wj-s69eHaUw" performance="main" grossFee="-1578164825.41"
                     modifier="B" IPI="PlSBLpmS_FFOvd" birthDate="2019-06-12Z"/>
                <Participant name="G7vCFot_Klyc4Q0MkQ7S" role="music director" IPDN="uFWHRiGrCEnNQ5hYK" performance="chorus master"
                     grossFee="1420629423.50" modifier="A" IPI="a" birthDate="2018-08-31"/>
                <Participant name="IrZjHsWLpnUu" role="subscriptwriter" IPDN="YBX_raEkvTVbJAtOF21CU0FjPQyF" performance="conductor"
                     grossFee="269410363.64" modifier="B" IPI="mIofW4dj3gf" birthDate="2018-07-28Z"/>
                <Participant name="fT5aPyMdZ8RV2dw.oyMmloHe0X" role="producer" IPDN="pORBJYhaJX" performance="supporting" grossFee="1333564725.45"
                     modifier="C" IPI="NppyjsrqHj83X.a_uYQ" birthDate="2018-11-10"/>
            </Participants>
        </Record>
        <Record title="wUb_ydICO1xzkWlYijAE-88S" spins="1433997992" ISRC="DLRBK49I9115" year="3983" producer="f_LY4M0bwSAO943KPlstS5DNDwTbv"
             label="gFBRjZCNjZA" recordNo="iQuY9x48sz" serialNumber="J5YnMVhV_v" isPremiere="0" usage="commercial"
             ISWC="CJ.NyVyzISdEyn5WLJze" AKA="IOMr03c2" genre="commercial" broadcastedFrom="2020-05-09T11:21:16Z"
             broadcastedTo="2019-09-01T11:21:16" runtime="519737964" origin="live broadcasting" alternativeTitle="ITp6N6e3g3RA5exAyO0LbQagT"
             recordedFootage="2043842454">
            <Participants>
                <Participant name="nNuvpdxGrmC_UnUgfiRrc4_zf." role="performer" IPDN="DDNoYWsH.Q9qRR" performance="soloist" grossFee="-430221240.18"
                     modifier="A" IPI="U87MIqxfYZy6T" birthDate="2019-12-28"/>
                <Participant name="kbURy" role="music director" IPDN="J4WUidfikJ" performance="main" grossFee="-1742586778.16" modifier="C"
                     IPI="SSSH3b9RKVrC0-AttjFI" birthDate="2020-04-01"/>
                <Participant name="Z36" role="sound engineer" IPDN="dHRVzCZD4" performance="main" grossFee="-1772441108.65" modifier="C"
                     IPI="cgw9T4" birthDate="2018-08-18"/>
                <Participant name="kmIlq9B" role="remixer" IPDN="mV" performance="conductor" grossFee="-456333322.98" modifier="C"
                     IPI="aCgcKOa6VVQ8b" birthDate="2018-10-29"/>
                <Participant name="nRca8O9y2y" role="music director" IPDN="D" performance="soloist" grossFee="-1542002939.21" modifier="C"
                     IPI="qbB4EcEO0pVK" birthDate="2020-03-12"/>
                <Participant name="zrm" role="producer" IPDN="ADSngLf2Ca85x1LaZs2IWM_.gjUp" performance="main" grossFee="1542033749.65"
                     modifier="C" IPI="Pkq6Ow-bnYKu.WSay-v" birthDate="2018-10-22"/>
                <Participant name="u3sLc6C-rmh" role="remixer" IPDN="zR9CUJ0b6w.Tbj1aa7qVhRJ7ATM" performance="chorus master" grossFee="1856816039.37"
                     modifier="A" IPI="PPNnuEM5rXRxrw2" birthDate="2019-05-19Z"/>
                <Participant name="TJ6B3ndZ6uXELXarLDt" role="scriptwriter" IPDN="vGwhl" performance="soloist" grossFee="-1255128367.83"
                     modifier="C" IPI="eq29unwIAaw1mw4m3i7FZICSKVX3" birthDate="2019-09-25Z"/>
                <Participant name="wLW473DTW38K3Oa.tpkm9qKX_WfxIm" role="remixer" IPDN="sywbM0Viu2o6dAt_R" performance="soloist"
                     grossFee="-1884511963.37" modifier="A" IPI="Pa6UhSRIFAauYU-j.Au" birthDate="2019-06-24"/>
                <Participant name="rL1HZ3be5wOvod_" role="producer" IPDN="pmB" performance="supporting" grossFee="1019613203.68"
                     modifier="A" IPI="QCdw6Od" birthDate="2020-03-26"/>
            </Participants>
        </Record>
        <Record title="GUOs9EL_hV2pk-ZDQn1i_Yo" spins="1839484103" ISRC="FXGIN5OQ84S2" year="7620" producer="INhMuaJ4iR4"
             label="yIfOGq9VY0VHkO" recordNo="dw7h-_" serialNumber="Ga3Gw8GDH2PwyLD4h.DTEdWEblV" isPremiere="true"
             usage="broadcast" ISWC="_" AKA="b" genre="pop" broadcastedFrom="2018-10-21T11:21:16" broadcastedTo="2018-07-14T11:21:16Z"
             runtime="764193904" origin="commercial" alternativeTitle="Fit6-m6dk" recordedFootage="829692336">
            <Participants>
                <Participant name="BF" role="remixer" IPDN="igZ4C_Nu3O_5hvg0" performance="conductor" grossFee="1747213893.98" modifier="B"
                     IPI="t" birthDate="2019-10-10"/>
                <Participant name="FUE7YyHgIe7f7xKZsjwd-CiOc" role="music director" IPDN="erjrPONuAAiHI5-rXIvG6Hiukd2V" performance="chorus master"
                     grossFee="-1344114009.31" modifier="C" IPI="iF4IC2liIGnd1FWpWzNLJ98" birthDate="2019-03-18"/>
                <Participant name="i" role="composer" IPDN="RCEUBE-R.iJ" performance="conductor" grossFee="-464506681.90" modifier="B"
                     IPI="G7HTuoTgU3-moFHH7Ur2MYWYZQYWY" birthDate="2019-03-21Z"/>
                <Participant name="I_f" role="producer" IPDN="a" performance="chorus master" grossFee="-937277286.80" modifier="B"
                     IPI="RUXy" birthDate="2020-04-30"/>
                <Participant name="ZtufV5" role="music director" IPDN="A6LbTYMSGbaVaUx__qU6xaZrUkdgPH" performance="main" grossFee="900745588.70"
                     modifier="C" IPI="VWK-7nTeFBGTmq3aaYrI41o." birthDate="2019-06-24Z"/>
                <Participant name="I" role="performer" IPDN="d" performance="soloist" grossFee="-2050034488.45" modifier="A" IPI="zmDXJh42Kmt"
                     birthDate="2019-12-01"/>
                <Participant name="fYR9" role="sound engineer" IPDN="u_iRGXWJWHFWUES7HeuBkUC" performance="chorus master" grossFee="1984506867.96"
                     modifier="B" IPI="IM5y1Bg5yu" birthDate="2019-04-05"/>
                <Participant name="dp0If05qj" role="performer" IPDN="cDzKeeyHRJ3k" performance="supporting" grossFee="-85040960.10"
                     modifier="B" IPI="SwE1RtIEosuaEEPHg" birthDate="2020-05-22Z"/>
                <Participant name="RM-1TPDccBy" role="scriptwriter" IPDN="JazQE-6.fi92EbkglgfZ-lt" performance="soloist" grossFee="-997932437.69"
                     modifier="A" IPI="b-pxmmF2" birthDate="2020-01-01"/>
                <Participant name="G2ctmnm9pCi" role="subscriptwriter" IPDN="zqDGEjBT5tydU8vIoY" performance="chorus master" grossFee="-1434672321.83"
                     modifier="B" IPI="Wir9E26Fg8xLDaomGG8qHZ5" birthDate="2019-11-14Z"/>
            </Participants>
        </Record>
        <Record title="mhNt1bbeoEL627UJC_n" spins="1383964265" ISRC="SLR8M8V1PAZP" year="0213" producer="n5E4VB3gObSFIvROdhW"
             label="cx2hk4W54se" recordNo="wUwqCDL" serialNumber="y36JZIVoUpOUaa-pXwGij0G7J-9" isPremiere="true"
             usage="commercial" ISWC="rfdenOFn_Gopk_WtaZ6" AKA="L83w2JeudxxQxO" genre="jingle" broadcastedFrom="2020-04-29T11:21:16"
             broadcastedTo="2018-12-13T11:21:16Z" runtime="1364042370" origin="live broadcasting" alternativeTitle="RLi9m"
             recordedFootage="549757353">
            <Participants>
                <Participant name="AnQIJQSXjMzAmrBVPnBRp9l4J1Ah1" role="subscriptwriter" IPDN="gzHbsyeo20o6lriT" performance="chorus master"
                     grossFee="-859070301.09" modifier="B" IPI="BQt" birthDate="2020-03-30Z"/>
                <Participant name="VdcjOZ95" role="music director" IPDN="wpKbG..7_VAl" performance="supporting" grossFee="1686767135.81"
                     modifier="C" IPI="__B.dGwIcimuNbA" birthDate="2019-11-24"/>
                <Participant name="CZvOgLQlmGcwFVMtHFF" role="arranger" IPDN="DA53mvhvE_yIG" performance="main" grossFee="-1989328401.24"
                     modifier="C" IPI="d7s9aeJwtED9sxuQDvy7IyKJ" birthDate="2018-12-22Z"/>
                <Participant name="eKB" role="arranger" IPDN="lBlfRqtxLaalKt4hbLI" performance="soloist" grossFee="1435681912.39"
                     modifier="A" IPI="oCh_kfi7-TA354lDZ" birthDate="2019-11-29"/>
                <Participant name="gWSQqWv5h" role="scriptwriter" IPDN="IBlUebfDq3DcfB" performance="conductor" grossFee="-92580688.06"
                     modifier="A" IPI="gwTDi2b.i0Z1cDbEjOT0ed" birthDate="2020-02-17"/>
                <Participant name="dheRErwdE" role="performer" IPDN="l.UAdMGOh58.Csr0l97Gc" performance="chorus master" grossFee="1605476229.75"
                     modifier="B" IPI="C7ySbdj-E.jv6vN.M5" birthDate="2020-03-01"/>
                <Participant name="PXum.-4t6LL_zZ1IsQTkZ9F3" role="arranger" IPDN="U0Qzd0xBnvJnpCewrwD" performance="soloist" grossFee="-486032290.53"
                     modifier="B" IPI="Kc1v2uS0G6quU" birthDate="2019-11-12"/>
                <Participant name="SY6wajMoKabTQ0o" role="sound engineer" IPDN="uIZIi" performance="main" grossFee="-916612396.00"
                     modifier="A" IPI="ExQF" birthDate="2018-10-27"/>
                <Participant name="mTXnzdFG4_lNKT6s4uQ3bLF" role="performer" IPDN="wN9k" performance="main" grossFee="-1721677707.49"
                     modifier="C" IPI="d4Mlw9Rold1c365K5" birthDate="2020-03-11"/>
                <Participant name="l-sYKKdM" role="arranger" IPDN="lo3EwdUFM5.KJHAq1" performance="chorus master" grossFee="296423652.18"
                     modifier="B" IPI="Wrm" birthDate="2020-05-19"/>
            </Participants>
        </Record>
        <Record title="eFf7jB5MToCj6Sb9o0" spins="329154989" ISRC="10944RVDG323" year="3357" producer="S3lp1O4alBT"
             label="s4_NTJelY0ZOQSbsY_nO_ZUjYPx" recordNo="TmrGKmY" serialNumber="kkO8JgdQ4XNPBYtdI1ZHA-IV_qC"
             isPremiere="0" usage="jingle" ISWC="Ko" AKA="l" genre="commercial" broadcastedFrom="2020-01-31T11:21:16"
             broadcastedTo="2019-08-12T11:21:16Z" runtime="1723562977" origin="commerce" alternativeTitle="EYNl2jAeH"
             recordedFootage="195092934">
            <Participants>
                <Participant name="ui0tA.3" role="subscriptwriter" IPDN="NxPgoYrw" performance="soloist" grossFee="-2109543884.91"
                     modifier="C" IPI="xNmTx" birthDate="2018-12-09"/>
                <Participant name="uoQM-ln-EASSaEx" role="scriptwriter" IPDN="O-gPNIPX" performance="supporting" grossFee="-1271902466.68"
                     modifier="A" IPI="u9xlC72AAWbuI27K" birthDate="2019-12-21Z"/>
                <Participant name="rFJZg9Da7IdMgYX45KeP" role="performer" IPDN="PVnGvtcVyA0qxIkH" performance="soloist" grossFee="-1437100802.67"
                     modifier="B" IPI="l.smHWWSp997T" birthDate="2019-09-18"/>
                <Participant name="W" role="subscriptwriter" IPDN="SC6_nroA3F" performance="chorus master" grossFee="-1578766985.75"
                     modifier="B" IPI="ESB6O3O3.r9LurvuCqtlf978G" birthDate="2020-02-14Z"/>
                <Participant name="IqPO8" role="scriptwriter" IPDN="haV.u1" performance="chorus master" grossFee="675951500.22" modifier="C"
                     IPI="z-ObuDQ" birthDate="2019-01-21Z"/>
                <Participant name="qN" role="producer" IPDN="yJnMt5rWNVw0Z3qVNgoGwaL" performance="main" grossFee="-636185707.34"
                     modifier="C" IPI="uj" birthDate="2018-12-23Z"/>
                <Participant name="CW8j8YZliaIT_" role="sound engineer" IPDN="_G2Su_c" performance="chorus master" grossFee="-1323068051.51"
                     modifier="C" IPI="BCNQLhIa8_vDUTQZIokVN2" birthDate="2020-04-08Z"/>
                <Participant name="B0zPALrRkJy7l-sHp5f7nPo-X" role="performer" IPDN="QTK.v" performance="main" grossFee="968639777.21"
                     modifier="A" IPI="q7cd" birthDate="2020-01-04Z"/>
                <Participant name="fCMBX-vog" role="music director" IPDN="eFaw4XuzHMcI3AfglAEu" performance="chorus master" grossFee="-889699541.40"
                     modifier="B" IPI="c7jUf5nQvX_v" birthDate="2018-08-25"/>
                <Participant name="u-JlA5" role="performer" IPDN="knW" performance="supporting" grossFee="2057497891.53" modifier="C"
                     IPI="rmkTpSkpJ9CybtLyyYyVVWwaOP" birthDate="2019-03-08"/>
            </Participants>
        </Record>
        <Record title="Q" spins="1017800655" ISRC="5AXXCBNT2997" year="8928" producer="fQiWVz7NrIYz" label="r7X7n1rVv..ks2x"
             recordNo="V49Sd" serialNumber="GKGi7Is_bgg" isPremiere="true" usage="jingle" ISWC="gJW.dtce9amIKYR61Rzn3jXxEX.QG5"
             AKA="L5ep" genre="pop" broadcastedFrom="2018-12-01T11:21:16" broadcastedTo="2020-03-08T11:21:16Z"
             runtime="1364814276" origin="commercial" alternativeTitle="BXRANT4o38UCezSkGSJc" recordedFootage="2147442233">
            <Participants>
                <Participant name="tEE" role="sound engineer" IPDN="POXP83Us07oiM-7tX6WcIk_Uf" performance="chorus master" grossFee="-207437356.42"
                     modifier="C" IPI="mt1Sb.6xlxe14Zcc1P6" birthDate="2019-10-02Z"/>
                <Participant name="SJZ2SG" role="remixer" IPDN="Fbk.ET7M079VsJEBk5n_Pjw4r" performance="conductor" grossFee="1176226620.94"
                     modifier="B" IPI="SLymYVVp.pI0QJy2UXMFXknio-zrH" birthDate="2019-10-17Z"/>
                <Participant name="BB" role="scriptwriter" IPDN="wLtvw87" performance="chorus master" grossFee="-117869652.40" modifier="B"
                     IPI="WAolePlToq5.5ofvp7tzbiB8N_" birthDate="2019-02-27"/>
                <Participant name="_uLZGYG7OLEu_vu" role="performer" IPDN="mtU-76pgEw0nehFyr59n07" performance="main" grossFee="1142775564.74"
                     modifier="B" IPI="Yrq_qaW9cmaO69fQ3i1kAZg3oloN_X" birthDate="2020-03-21"/>
                <Participant name="K8qxRasTOMWoDUll2JHiq5." role="scriptwriter" IPDN="wJV4rt" performance="conductor" grossFee="2081437274.90"
                     modifier="A" IPI="PklHCB0O9z_t0li" birthDate="2019-01-01"/>
                <Participant name="g" role="music director" IPDN="GbSawBcT3zYY" performance="conductor" grossFee="-439658110.44"
                     modifier="A" IPI="WC.hTJdHT.WmRj5" birthDate="2019-01-16Z"/>
                <Participant name="QzReTdOqkBuzs2uqPpOv38p0" role="sound engineer" IPDN="Jpv8E" performance="main" grossFee="-803317600.64"
                     modifier="C" IPI="KfKRz.ovAg43vLPd_fO1H4UhcdcJr" birthDate="2018-09-02Z"/>
                <Participant name="Xlaym4kHRRS" role="arranger" IPDN="g46rih7ZKrJd.sEnT9zAVLhw-" performance="soloist" grossFee="-1082282204.76"
                     modifier="C" IPI="fiqqpUxSOBJ1VfbjPVE" birthDate="2018-10-14Z"/>
                <Participant name="vNyHcSD" role="sound engineer" IPDN="GG7v89xTYdTnlJ5.NaQfC" performance="main" grossFee="1867295781.91"
                     modifier="C" IPI="V5zTyEQFNjZXtZEyGh4ind" birthDate="2018-11-10"/>
                <Participant name="XMys6DbFM" role="scriptwriter" IPDN="SnJA-yJD83XeHb.OtT6Usdgj9BeK." performance="conductor" grossFee="411853079.45"
                     modifier="A" IPI="KkbwijzV8LGFHL4cev5OG2e" birthDate="2020-01-26Z"/>
            </Participants>
        </Record>
    </Record>
    <Record title="d8uFW-vuLsi4Kzgmu" spins="2000746944" ISRC="M62Z60R186B0" year="4982" producer="g_9zc_Y" label="Unt37L7VF.N6cOs"
         recordNo="Wq-L" serialNumber="BqdUG" isPremiere="1" usage="commercial" ISWC="wrp9w9D" AKA="jgCyeJpU3uIUXOesRD-icHO8F6i1"
         genre="commercial" broadcastedFrom="2019-08-12T11:21:16Z" broadcastedTo="2019-08-03T11:21:16"
         runtime="2099922678" origin="live broadcasting" alternativeTitle="dE1bqP008U2V4Sme71J0" recordedFootage="1335694903">
        <Participants>
            <Participant name="XzFh" role="performer" IPDN="UsP9u0aiHln0PK" performance="chorus master" grossFee="-94716558.53"
                 modifier="B" IPI="tI" birthDate="2019-05-09Z"/>
            <Participant name="KeH8jtBcI-goB2c4EVUUWLd1" role="music director" IPDN="m" performance="supporting" grossFee="582961529.08"
                 modifier="C" IPI="ebggO4bL7" birthDate="2018-07-27"/>
            <Participant name="O966fPJLv_oJWfuNrZ-aM_w" role="remixer" IPDN="Oh3WtzhPAH1RgJ24" performance="chorus master" grossFee="-297808121.41"
                 modifier="B" IPI="ZdSQC93y1cFFCSWY-aBMv_" birthDate="2019-07-04Z"/>
            <Participant name="UEiP2RpWR" role="composer" IPDN="N0dQ" performance="main" grossFee="1741689590.42" modifier="B"
                 IPI="rOFSsoKFML86r.uWIQDM1Nxe" birthDate="2019-12-12Z"/>
            <Participant name="Nh4EdY3" role="subscriptwriter" IPDN="HdqE_VMeAFuNb5t" performance="conductor" grossFee="-552926201.95"
                 modifier="A" IPI="soQAz74eSJ687WQ7wgKevTk__" birthDate="2019-10-06"/>
            <Participant name="CBsU-" role="music director" IPDN="lKE6apxeRa4eJjgJWq3zV" performance="conductor" grossFee="-1257057887.74"
                 modifier="B" IPI="T_SVo2scY6CIgG7BBpE4XE" birthDate="2019-07-25"/>
            <Participant name="nSlJbT2t9pS1wKGZt-j1EYq9Ls" role="arranger" IPDN="HrGIa0Isz" performance="main" grossFee="155525941.89"
                 modifier="B" IPI="J" birthDate="2019-12-21Z"/>
            <Participant name="nP7G51u0kNeDXl0E" role="arranger" IPDN="fSq2JLwL.1znitA67jqI4V" performance="soloist" grossFee="354166896.96"
                 modifier="B" IPI="wnmRgLQLRnx" birthDate="2019-12-01Z"/>
            <Participant name="_TBxG" role="scriptwriter" IPDN="H3" performance="conductor" grossFee="-1161282019.34" modifier="B"
                 IPI="l1acLj1dVTqrKOF_GwzUrWG" birthDate="2020-01-06Z"/>
            <Participant name="haMOGgyc5LWZ1rgJrtQSA4Ob2NFV" role="composer" IPDN="F5Kdfy4rPsk" performance="main" grossFee="-789113741.91"
                 modifier="A" IPI="hOFto6A3geFqZ" birthDate="2019-03-13Z"/>
        </Participants>
        <Record title="FEAEc" spins="1533187355" ISRC="0LMZ23PRIUJ4" year="4383" producer="Hu5" label="b7Aa0PIlnkiV6GCRl1dDv6g9F4TD"
             recordNo="O70xpdJO30" serialNumber="rp-RrR.bFLdzt8sUlNCK6uK" isPremiere="false" usage="jingle"
             ISWC="jLi.kn_d" AKA="iy4pXXHY.JpqYOKPU" genre="pop" broadcastedFrom="2020-06-05T11:21:16"
             broadcastedTo="2020-03-05T11:21:16" runtime="1178234599" origin="live stream" alternativeTitle="dJ"
             recordedFootage="342087867">
            <Participants>
                <Participant name="TSQbkXSLp-nd" role="performer" IPDN="iI3U" performance="conductor" grossFee="2115956635.77" modifier="A"
                     IPI="cn7Om" birthDate="2019-08-19Z"/>
                <Participant name="r1vDkrCOLA.ABQkZSgmxsuh7iUr" role="composer" IPDN="q0Xakwof-wDzXsPRdE" performance="supporting"
                     grossFee="-1411834040.09" modifier="A" IPI="l" birthDate="2020-02-27Z"/>
                <Participant name="i0qBMfzEviJq_bqNSfcRvFvsD" role="arranger" IPDN="r-f6-HPFIkIOSW_wPcgYC89tfJ3" performance="chorus master"
                     grossFee="1028804650.25" modifier="B" IPI="PDSQB" birthDate="2019-01-11Z"/>
                <Participant name="ffeUJ-x_vsucRB_myCKpSa5o1" role="sound engineer" IPDN="IvsZ0YdNk" performance="conductor" grossFee="-1681498712.90"
                     modifier="A" IPI="GIj3dVOzW6gRo5C5P" birthDate="2019-08-17"/>
                <Participant name="LtOb-3G3MV2j0w3suzDs" role="producer" IPDN="P9mW" performance="soloist" grossFee="1426929485.57"
                     modifier="A" IPI="cBjdHz5gOA" birthDate="2020-06-14Z"/>
                <Participant name="EK-EkkS1Nlx9xzP" role="performer" IPDN="LZ" performance="supporting" grossFee="-1470590402.89"
                     modifier="B" IPI="S.hTc" birthDate="2018-08-17"/>
                <Participant name="y" role="composer" IPDN="mdj_dVS8UVUlNHL4tlqv" performance="soloist" grossFee="-2012209892.26"
                     modifier="C" IPI="MM0dBahfGvJ" birthDate="2018-12-12"/>
                <Participant name="cBiC3ZC23PpHHtWH1J" role="composer" IPDN="BnbNxOofeg7E.-RQWkjJQC" performance="soloist" grossFee="10827870.24"
                     modifier="B" IPI="uKPj0UEP-hH" birthDate="2019-08-27Z"/>
                <Participant name="ss3q-5kgXYoO.25iBUbjkgc8ywA" role="performer" IPDN="dLOTZiAp_uWJavpvQnnDJ0yrwmJ5y" performance="supporting"
                     grossFee="2106787313.71" modifier="C" IPI="p" birthDate="2018-08-05Z"/>
                <Participant name="uhR1UnzrBLhOTj3rQ2Rm4M" role="performer" IPDN="UJyYsP7P.hIrVT5zxINT3pqe7AX" performance="supporting"
                     grossFee="582526403.67" modifier="B" IPI="dXIuTa.dq14od.5" birthDate="2019-09-07Z"/>
            </Participants>
        </Record>
        <Record title="U." spins="1094954826" ISRC="WSN1G23K12UZ" year="7701" producer="MKw6kPBqJzfmhm0Cnl6" label="h9g3lt"
             recordNo="lPkh-uohGCMbFUZ" serialNumber="GlmzoNrqKrYsZemmRUOk" isPremiere="true" usage="commercial"
             ISWC="VmsRT" AKA="p3-LykKx" genre="jingle" broadcastedFrom="2018-12-05T11:21:16" broadcastedTo="2020-05-20T11:21:16Z"
             runtime="821621696" origin="live stream" alternativeTitle="ZmWL5HyW5Mp0IF" recordedFootage="657846404">
            <Participants>
                <Participant name="QJFBvVi6CVss" role="scriptwriter" IPDN="rVUAvgYVxpe.u4x" performance="main" grossFee="-1177257721.86"
                     modifier="A" IPI="jSEn47ptiRwAByxU" birthDate="2020-04-04Z"/>
                <Participant name="nJHb-i6r7y9TKGH6y" role="composer" IPDN="kTEP5GN7GPavA.6VBF6v" performance="soloist" grossFee="638490757.39"
                     modifier="B" IPI="F3q-0wa-5CgLbxW9n" birthDate="2019-05-10"/>
                <Participant name="p5WqzkHUHy_EB80YAjs72g_qSPg" role="music director" IPDN="um-wdMgqE-4.EB5r" performance="conductor"
                     grossFee="-240627898.66" modifier="C" IPI="lQ" birthDate="2019-01-07"/>
                <Participant name="AtXD" role="remixer" IPDN="agHJf.k.3" performance="supporting" grossFee="-1237587444.48" modifier="A"
                     IPI="pBKf9X" birthDate="2019-01-05"/>
                <Participant name="eDfn7sDTERsDpWvbNtC5tTvnP1Ljk" role="sound engineer" IPDN="HPuCJfTtGYdid" performance="supporting"
                     grossFee="-143527843.93" modifier="A" IPI="SA6CsypCD" birthDate="2018-10-03Z"/>
                <Participant name="wL0" role="performer" IPDN="hnNXzA3fUr4W5nsmRsmrNV6j" performance="conductor" grossFee="2077048036.24"
                     modifier="A" IPI="e-y7OKra" birthDate="2018-12-04"/>
                <Participant name="Z2TWC" role="composer" IPDN="WZxxHLwh2yYU2xR" performance="supporting" grossFee="-707888220.31"
                     modifier="B" IPI="wxslUK2XBb4T11XuR_2" birthDate="2018-11-01"/>
                <Participant name="mVZnq4OT07RDC.3W366s" role="remixer" IPDN="rRyZ5" performance="chorus master" grossFee="-701708260.17"
                     modifier="B" IPI="UJZzM6oj6QPHF" birthDate="2019-02-26"/>
                <Participant name="H9KF-" role="remixer" IPDN="oBS" performance="soloist" grossFee="-839096424.44" modifier="A" IPI="E6.oJWK4H9YEncAGAY740M02om"
                     birthDate="2019-12-17"/>
                <Participant name="J-LQt" role="arranger" IPDN="vhkk_ht7oIh0ehJXZW8N7Kk16vrL" performance="soloist" grossFee="781215805.23"
                     modifier="B" IPI="jMtP.6" birthDate="2018-09-02Z"/>
            </Participants>
        </Record>
        <Record title="SgeVF9du" spins="1872969887" ISRC="V37038Z1G5EC" year="8321" producer="cpwnzaMgP89qsJrr-0r_-Gk"
             label="Xa3THaF" recordNo="h-cml" serialNumber="r" isPremiere="false" usage="jingle" ISWC="QMKK"
             AKA="SnUft5by6wyzwM" genre="jingle" broadcastedFrom="2019-06-05T11:21:16Z" broadcastedTo="2020-03-13T11:21:16Z"
             runtime="697907040" origin="live broadcasting" alternativeTitle="W2.Rp82KRw_BSbVfE.L8r"
             recordedFootage="1490331301">
            <Participants>
                <Participant name="RUpveeTQc4UcExU8EFD" role="composer" IPDN="tb9s5_T7u1XfbK" performance="supporting" grossFee="-1186129231.61"
                     modifier="B" IPI="hZ" birthDate="2018-07-23"/>
                <Participant name="T.lZEg2-0l" role="scriptwriter" IPDN="J" performance="supporting" grossFee="-35539659.82" modifier="A"
                     IPI="Xr_7TmZjmuQeebR6C.7Qf" birthDate="2018-12-31Z"/>
                <Participant name="o7" role="music director" IPDN="r" performance="chorus master" grossFee="1221375058.95" modifier="C"
                     IPI="_Ni1k9n4c02-1YFaTxK" birthDate="2019-09-16"/>
                <Participant name="mJ" role="arranger" IPDN="hcd1SlH4nfFkC3Zq7UOUB9t47s9Rm" performance="conductor" grossFee="775011861.52"
                     modifier="B" IPI="asS0tM-Gg_fD" birthDate="2019-10-10"/>
                <Participant name="WK0i6isKmoE_bl" role="remixer" IPDN="gle2tYBY5DFofb7szORK" performance="main" grossFee="1933316252.87"
                     modifier="B" IPI="DRW" birthDate="2018-08-30"/>
                <Participant name="Be0v" role="arranger" IPDN="vpEwMV.8H1h" performance="chorus master" grossFee="1547959907.49"
                     modifier="B" IPI="kV-3DBuaGWO" birthDate="2019-01-19Z"/>
                <Participant name="iHqvHp_j" role="composer" IPDN="p0.oB4mDJX6LJveLXxCzROhL18eZH" performance="soloist" grossFee="1211500735.06"
                     modifier="C" IPI="j6" birthDate="2019-03-11"/>
                <Participant name="YNLBs-tZXuT6CySgk_HHuzOBd3" role="producer" IPDN="sw3MUoYrDxD6V5" performance="main" grossFee="992244764.44"
                     modifier="A" IPI="NBo.qGm-rI7I9i3jX" birthDate="2020-03-13Z"/>
                <Participant name="c_gi0umCzi5Ijaa9AvO3kFY" role="scriptwriter" IPDN="AMu" performance="chorus master" grossFee="-2119392950.63"
                     modifier="C" IPI="x4R5vc0J6_CaaOQnGi63y93Fvt80HE" birthDate="2019-09-02"/>
                <Participant name="AkGNjq2aie" role="sound engineer" IPDN="BIGIzPWmqVGhoP0zGh" performance="chorus master" grossFee="1149106752.58"
                     modifier="B" IPI="KkWhc2zOzkHmIVPiOpe" birthDate="2018-08-29"/>
            </Participants>
        </Record>
        <Record title="bXyGcUTQM" spins="1426549371" ISRC="7607Y5OTR2B0" year="5965" producer="A5Bp" label="UIccVjgNrWuIQjQbwf.weDkAbH"
             recordNo="IKjkLXl.bxRkVJofxXTJY56xKLa" serialNumber="RlqJw3kZNSE3lC-7Q" isPremiere="true"
             usage="jingle" ISWC="F1gPxxPTu" AKA="x4JwQKiFwVp6lzk4r3gw" genre="pop" broadcastedFrom="2018-12-13T11:21:16Z"
             broadcastedTo="2018-09-06T11:21:16Z" runtime="558661328" origin="free usage" alternativeTitle="sIjQdAAKySW"
             recordedFootage="1059220182">
            <Participants>
                <Participant name="BZaRg_X-tZwFG_if3hqA" role="performer" IPDN="UZaVjcYBj-IOm8uvs" performance="chorus master" grossFee="-1926239733.48"
                     modifier="A" IPI="Q0TtgF4mTkPfB7" birthDate="2020-05-26Z"/>
                <Participant name="xV0PW2hujZDfL9Zs-3G0dNf" role="music director" IPDN="dIEEUw6761" performance="chorus master" grossFee="1253576690.74"
                     modifier="C" IPI="wuNrAGkD" birthDate="2020-04-02Z"/>
                <Participant name="KyfAl.0RmF3gdsJqNuNswLIh" role="music director" IPDN="wXDDr6HQSsAc" performance="supporting" grossFee="-1121204022.17"
                     modifier="B" IPI="qOmheaL7YF3cydrlkPMJ8fWuNjlFEi" birthDate="2019-07-27"/>
                <Participant name="TWOYZ4" role="arranger" IPDN="UMUakNYganyWsQN_Wot3GB7" performance="supporting" grossFee="1339239903.63"
                     modifier="B" IPI="DYAUYi_Cl.P_gB9YTNdEia1" birthDate="2019-01-19Z"/>
                <Participant name="H-m7MXoO.Ir" role="composer" IPDN="UTC5BuGxf4mFIQu-TbLe" performance="conductor" grossFee="1752499998.58"
                     modifier="A" IPI="EtJvbP9f-QuDGlnPOj" birthDate="2018-07-18"/>
                <Participant name="H1" role="subscriptwriter" IPDN="WuT37vmJZMEDTFlt" performance="conductor" grossFee="132033744.27"
                     modifier="A" IPI="Wkq3jlcOXdkdYBLy-YZUPi6Ywr4" birthDate="2020-02-29Z"/>
                <Participant name="RkaMic" role="sound engineer" IPDN="SLdFYTHPV7Yp_" performance="soloist" grossFee="604094392.94"
                     modifier="A" IPI="r8dCC-Xsnke7rNdX6GoBDB" birthDate="2020-01-18"/>
                <Participant name="MdqWLE.HFEC.F9Wtd7" role="music director" IPDN="t0xSiTeF32WDkA" performance="soloist" grossFee="579456403.05"
                     modifier="A" IPI="i8.vBwX2KLT6" birthDate="2020-02-27Z"/>
                <Participant name="kOg1ZBBkoXUd_2U7H_-qCmvz78G" role="subscriptwriter" IPDN="TWnK" performance="chorus master" grossFee="-1222380482.33"
                     modifier="B" IPI="eYH_40kfwR7hEi-_Jw_" birthDate="2019-11-02Z"/>
                <Participant name="EZbBIVhYujn2Mnn" role="music director" IPDN="fQ3n4k" performance="supporting" grossFee="1454845549.83"
                     modifier="C" IPI="CsAxVH" birthDate="2019-11-24Z"/>
            </Participants>
        </Record>
        <Record title="_mN.3fX6Ngs83e9d_LjHQ5XAw8I" spins="1065918510" ISRC="SL55MN8N9Q9T" year="2033" producer="ipAXorIxuqj-c"
             label="Q3u" recordNo="gHukK2Ki1-InvKm6.e12I0" serialNumber="P_3ACVlVbHEZTK" isPremiere="false"
             usage="commercial" ISWC="eg6tvgtLxjP" AKA="GJfvxjOfusLpTMvkAVUJwuEd" genre="jingle" broadcastedFrom="2018-09-13T11:21:16Z"
             broadcastedTo="2020-05-12T11:21:16" runtime="1363031086" origin="free usage" alternativeTitle="Nu"
             recordedFootage="257891143">
            <Participants>
                <Participant name="z6qTb" role="producer" IPDN="l6wAS4W7GykIDqxh4KBy" performance="supporting" grossFee="1585103250.27"
                     modifier="B" IPI="fOCFcxP" birthDate="2020-01-28Z"/>
                <Participant name="mqupX" role="sound engineer" IPDN="qSZqRY-5wedz9mukb" performance="main" grossFee="-322131375.94"
                     modifier="A" IPI="kTVFFqxE32GbJ" birthDate="2018-12-25"/>
                <Participant name="oURTLg2FV_ibLIJff7Z-rug" role="producer" IPDN="y-diVp1.yd5IiMEEd" performance="chorus master"
                     grossFee="-436762407.49" modifier="A" IPI="k7c" birthDate="2019-04-03Z"/>
                <Participant name="UtthD.tmZTTbqlsaaimjl" role="performer" IPDN="kwMfCa" performance="conductor" grossFee="-1077460603.58"
                     modifier="C" IPI="S_az0JPirm.ENMF3WMW" birthDate="2019-08-14Z"/>
                <Participant name="k-NPm91ZPNp" role="remixer" IPDN="i_6k4P9ieeUvmQI_i8Q" performance="conductor" grossFee="1471049158.56"
                     modifier="B" IPI="rJXqsG" birthDate="2019-09-14Z"/>
                <Participant name="slGk5QtruKCYhiX" role="producer" IPDN="rF34bjlMIiQ9_sRi8cgszEUlVEF3fN" performance="conductor"
                     grossFee="1709694585.97" modifier="A" IPI="cZeIb_fXNq" birthDate="2020-06-28"/>
                <Participant name="cLIat" role="subscriptwriter" IPDN="KP-RT8AnGPCGb" performance="soloist" grossFee="1152899787.29"
                     modifier="A" IPI="_qB8WdxtNjK2h" birthDate="2018-11-28"/>
                <Participant name="vL3vk_AzvulV9N4" role="composer" IPDN="uQ_eQ6UOf" performance="chorus master" grossFee="1510637687.52"
                     modifier="B" IPI="D9nuV" birthDate="2020-05-29"/>
                <Participant name="MJRkA6xbMa-JkTAlpVcOLhub" role="performer" IPDN="sHR4VUvXZS" performance="chorus master" grossFee="-1199077388.31"
                     modifier="A" IPI="VI4Wm1" birthDate="2019-02-04Z"/>
                <Participant name="qQcxIUwQQ_AhRPJXfeVub7P" role="arranger" IPDN="VA0fznkRTX99qNgp_0D" performance="chorus master"
                     grossFee="-1291342737.28" modifier="A" IPI="BoSgSIo" birthDate="2018-10-13Z"/>
            </Participants>
        </Record>
        <Record title="waL" spins="1879369084" ISRC="RA2T6CN1HJV9" year="9992" producer="P7HVWOyo4boE" label="f0MhlUGF8W"
             recordNo="vR0PhN4q" serialNumber="LA6f2cwRkW-_7LTRAqn4M3SvI5VJop" isPremiere="0" usage="jingle"
             ISWC="Sw.GKRUxvm" AKA="eg._CHS1R0H1cJIui4Qx8d5n" genre="classical" broadcastedFrom="2018-08-01T11:21:16Z"
             broadcastedTo="2019-11-11T11:21:16Z" runtime="1736926405" origin="commercial" alternativeTitle="bp"
             recordedFootage="719427545">
            <Participants>
                <Participant name="pUghlVXzItb6RL6t" role="sound engineer" IPDN="k3Ef5ZVvlAmCBwIYsnmA7" performance="conductor" grossFee="-1089353625.19"
                     modifier="C" IPI="ShD9cRLl8ZQ_P.VPtR5L" birthDate="2020-01-05"/>
                <Participant name="aDQFbmmidVDGL" role="music director" IPDN="VpePLPg" performance="supporting" grossFee="1614994302.90"
                     modifier="B" IPI="kpPoEve1Jf.S4" birthDate="2020-06-01Z"/>
                <Participant name="AHxCvoo" role="scriptwriter" IPDN="CHjqK70L" performance="supporting" grossFee="-1643284644.58"
                     modifier="B" IPI="A-E79hWzE26A7t7ohTBY" birthDate="2020-04-06Z"/>
                <Participant name="Y0p.ZEEQhMv1s4zUAPVn" role="sound engineer" IPDN="GZg1dN" performance="soloist" grossFee="1776861288.51"
                     modifier="A" IPI="aYr7dnzksiB19oS68y4" birthDate="2019-11-15Z"/>
                <Participant name="C-6aR3mpI9Ox7" role="subscriptwriter" IPDN="caavCCzIfoqMe.1FP_KSp" performance="conductor" grossFee="1150243975.14"
                     modifier="B" IPI="boDGn" birthDate="2020-02-01"/>
                <Participant name="I" role="remixer" IPDN="Oqa3eui_LnH_putA1i3z6P" performance="conductor" grossFee="1388590795.32"
                     modifier="B" IPI="px_yoNKZLb291Vi-EFTrY6EBBxC" birthDate="2019-12-01"/>
                <Participant name="L6ieN" role="music director" IPDN="sm5ZiJq8y9nOO9WXsbTVi" performance="supporting" grossFee="73660765.30"
                     modifier="B" IPI="Ga-yb7YiottoZE9bamTZ79eVfb" birthDate="2020-01-30Z"/>
                <Participant name="R_WgMUu3MSMZI48ln1Au" role="sound engineer" IPDN="lBWzQFqML.D6OaHw3Fh3tne" performance="supporting"
                     grossFee="-426540384.76" modifier="B" IPI="Wt8XBG" birthDate="2018-09-15"/>
                <Participant name="ZN9UKzaZqVH6O." role="producer" IPDN="x_pCb" performance="main" grossFee="-33765468.65" modifier="B"
                     IPI="BJROf6YzyLqmvkyN4GJNp5UnWMJ" birthDate="2018-11-29Z"/>
                <Participant name="EDzvrkz1gw1gMGqEDYM4" role="remixer" IPDN="pLEGfYcRQRW5zti56T" performance="chorus master" grossFee="-63463945.39"
                     modifier="B" IPI="e2HUR76N_nt1e5MKz5" birthDate="2018-09-18"/>
            </Participants>
        </Record>
        <Record title="pQR_sZDpbSe2WehVZV" spins="65262156" ISRC="9OWTT2B3B91P" year="9075" producer="dj8QV" label="r.N8JaHO5HVc"
             recordNo="C08Fnmb_4qXL3U_" serialNumber="W8aezHVBGB44o3lp" isPremiere="1" usage="commercial"
             ISWC="g4OSnJ_vVL" AKA="nrO8bkVKq2dVm-h-" genre="classical" broadcastedFrom="2018-12-29T11:21:16Z"
             broadcastedTo="2018-11-21T11:21:16Z" runtime="172551798" origin="report" alternativeTitle="h3qns"
             recordedFootage="1857990404">
            <Participants>
                <Participant name="lgblnQamZRyI4wrYN39nFgMymbAa" role="subscriptwriter" IPDN="TCnA5IzH5UL5.q1d6ca1TGep2iyr5Z" performance="chorus master"
                     grossFee="-1227689953.60" modifier="A" IPI="ymzLJd9dAMLV" birthDate="2019-03-28"/>
                <Participant name="uVz3OkVmEEp8dHNTRSmXuyupYdba" role="remixer" IPDN="tDrhkGAwlHViEgX.4" performance="chorus master"
                     grossFee="441749471.79" modifier="A" IPI="w" birthDate="2019-01-31Z"/>
                <Participant name="ucaL" role="subscriptwriter" IPDN="wYUB48EFJDDxC" performance="supporting" grossFee="-1008667483.05"
                     modifier="B" IPI="EHOxb147Ta34fZN" birthDate="2020-01-18Z"/>
                <Participant name="f12uGrkXH9TQvNpq6KuRFYa" role="sound engineer" IPDN="nP6VGZt1f4ptvDXv" performance="conductor"
                     grossFee="905470644.18" modifier="B" IPI="v8DTs7tHQmxts2IR5Nax" birthDate="2018-10-14"/>
                <Participant name="L" role="composer" IPDN="WSMn.DBPZ7" performance="soloist" grossFee="306403540.72" modifier="A"
                     IPI="AUylTy" birthDate="2019-03-01Z"/>
                <Participant name="xkh0-mj9chm707dTd" role="scriptwriter" IPDN="iNjDWls8hT3z8qGQkSy8E7chLc-" performance="soloist"
                     grossFee="-403206855.08" modifier="B" IPI="dEPz6" birthDate="2019-03-22"/>
                <Participant name="G" role="composer" IPDN="P6w.RHSHdjo" performance="soloist" grossFee="386734847.40" modifier="B"
                     IPI="r" birthDate="2020-02-21Z"/>
                <Participant name="w-w1-kO0PW" role="remixer" IPDN="JLxWrjRGtzoP1vZCSQR8ao" performance="conductor" grossFee="-2067944202.20"
                     modifier="A" IPI="S6om" birthDate="2019-01-22"/>
                <Participant name="npqjv-k5sSZ" role="arranger" IPDN="GorSz1_y3uH2C-l2GKehIoXx" performance="main" grossFee="1360640662.19"
                     modifier="B" IPI="JzRDt1" birthDate="2019-01-06Z"/>
                <Participant name="WUCM" role="performer" IPDN="RzcQboy" performance="soloist" grossFee="51466520.52" modifier="B"
                     IPI="h6ve2-9ywtmPi" birthDate="2020-01-05"/>
            </Participants>
        </Record>
        <Record title="IfQHPwuAZm" spins="351698547" ISRC="7S0C1M15C16D" year="1706" producer="RG5vq" label="pwA" recordNo="LJsf3"
             serialNumber="EUD8OJXJ57V6pIz74" isPremiere="0" usage="jingle" ISWC="_0" AKA="cgE3xqRF.rFR5of"
             genre="jingle" broadcastedFrom="2020-03-04T11:21:16Z" broadcastedTo="2019-11-09T11:21:16Z"
             runtime="101957052" origin="commercial" alternativeTitle="iL0BxCpCkDYBG" recordedFootage="936086758">
            <Participants>
                <Participant name="GcUOIf9" role="scriptwriter" IPDN="s-qeBvUojGD.qv79" performance="chorus master" grossFee="1706173444.71"
                     modifier="C" IPI="mlvwbBR18nbOzF7nrUMF3SfMSDw" birthDate="2018-10-15Z"/>
                <Participant name="yKH8o" role="composer" IPDN="Me.GTLAA2zl" performance="conductor" grossFee="-1833904339.66" modifier="C"
                     IPI="YrBVUmw5_Ke" birthDate="2018-08-09"/>
                <Participant name="Zw5NVYwLD..AHIW6" role="arranger" IPDN="l6nAJ7e5QPYN" performance="soloist" grossFee="-826505840.75"
                     modifier="C" IPI="TjWb47aitw" birthDate="2019-03-20Z"/>
                <Participant name="U0AKfIZJfYmmsTPWED" role="arranger" IPDN="LiJqKnlkk7tVW_OVvVYYbf8dXRi43y" performance="supporting"
                     grossFee="-2056031476.86" modifier="C" IPI="xns8c.vtrwfxUWedsTf8Y4zOzt-vIl" birthDate="2019-04-18"/>
                <Participant name="T37hh-MQKnINI0h2ufBsHli1" role="performer" IPDN="bHpsAg" performance="chorus master" grossFee="-637262484.85"
                     modifier="C" IPI="aR7n" birthDate="2019-09-12Z"/>
                <Participant name="B5T2dnFHFm.yQ" role="remixer" IPDN="r2u5_1aGKkKLo" performance="main" grossFee="-725818004.62"
                     modifier="C" IPI="L0-DRidIj03pg8b" birthDate="2020-05-01Z"/>
                <Participant name="m__B.JU" role="performer" IPDN="Cr-b" performance="soloist" grossFee="1039093956.55" modifier="A"
                     IPI="A-9XXeQs4p2nV2C7ZokIo" birthDate="2018-11-29Z"/>
                <Participant name="d.TR37PWc9tsou" role="scriptwriter" IPDN="Sru" performance="chorus master" grossFee="-1252297087.49"
                     modifier="B" IPI="QOmc6UcZyaWOsqkqLts" birthDate="2019-04-14Z"/>
                <Participant name="G3M12o2gZeBS8-jVZuse86faTFV" role="producer" IPDN="B_cssFhNkK-p6iStcZODfO6unp8" performance="soloist"
                     grossFee="-1833285370.95" modifier="B" IPI="ZwtA5SN6Q6O-ykDw" birthDate="2019-11-29"/>
                <Participant name="Eh" role="arranger" IPDN="to" performance="chorus master" grossFee="698891013.36" modifier="A"
                     IPI="KbkOvp9YZ9GL" birthDate="2020-06-20Z"/>
            </Participants>
        </Record>
        <Record title="x_6." spins="1428203072" ISRC="HEMR065SD0S1" year="3813" producer="mz" label="PIWP" recordNo="UTT"
             serialNumber="cI.KdmoJim_tdFXUWMRd" isPremiere="0" usage="commercial" ISWC="ilVxNdD0dDu9Bd4-1h"
             AKA="Cd7a2kTkJ" genre="commercial" broadcastedFrom="2019-12-03T11:21:16Z" broadcastedTo="2018-08-13T11:21:16"
             runtime="1367859754" origin="free usage" alternativeTitle="PAjDAeygGXo" recordedFootage="1800164134">
            <Participants>
                <Participant name="SWJLbGBGbjZDjkpVzI-CWJo" role="scriptwriter" IPDN="r_kQcAcSVoFvMtLhmVozs" performance="main" grossFee="479962280.80"
                     modifier="C" IPI="WgDyekZuXNPZP4F5v6W" birthDate="2019-01-13Z"/>
                <Participant name="Rp5Ur3a" role="scriptwriter" IPDN="l-v" performance="main" grossFee="-1131852820.53" modifier="A"
                     IPI="s_MhuCT" birthDate="2018-11-02Z"/>
                <Participant name="V" role="remixer" IPDN="avii" performance="supporting" grossFee="849759266.70" modifier="B" IPI="aUr7nfdZASTmVMHe8wyu6I4tR"
                     birthDate="2020-04-20Z"/>
                <Participant name="bqUUnEFe-jGQVi9" role="arranger" IPDN="y-S0_K6kHkCDVsfvZuKGcLg_1bw" performance="main" grossFee="-952802164.87"
                     modifier="C" IPI="OlhzCN." birthDate="2019-06-07Z"/>
                <Participant name="mwnHy1XJLfMb0c" role="sound engineer" IPDN="tdew4_0ax3y_84" performance="soloist" grossFee="1840971485.48"
                     modifier="C" IPI="ykrBH4qzIq_4GJKes6Mp9rMOp1mzK" birthDate="2019-12-29Z"/>
                <Participant name="ZbhrpzR.qJxxDu" role="scriptwriter" IPDN="hcfQrNE" performance="main" grossFee="-2076385911.59"
                     modifier="C" IPI="oM2y2LsvdzOX" birthDate="2018-10-19Z"/>
                <Participant name="XzVcUcWmdokV9GWhdYuAjZ0YU_Fc" role="scriptwriter" IPDN="vwqbqCs" performance="chorus master" grossFee="-1073460192.12"
                     modifier="A" IPI="aDXXrju1Wo5tgKyYLwzO" birthDate="2018-11-20Z"/>
                <Participant name="AVipt6ae_-PyOF" role="composer" IPDN="Ea-o" performance="supporting" grossFee="1321959739.65"
                     modifier="C" IPI="kgnUUwS" birthDate="2019-11-17Z"/>
                <Participant name="vDMGg" role="producer" IPDN="aNJYP1iHczXgLqE" performance="supporting" grossFee="2109884275.01"
                     modifier="B" IPI="BJH.iC9WSL500lgFKWZdKGJ" birthDate="2019-09-29"/>
                <Participant name="Da" role="performer" IPDN="r9SIS80uWB" performance="soloist" grossFee="287723684.94" modifier="A"
                     IPI="k2BdjbWs" birthDate="2018-09-30Z"/>
            </Participants>
        </Record>
        <Record title="ay6L8aLrSrmjqdsnR9e9M1w" spins="1305295899" ISRC="574Q97P2O6SF" year="9528" producer="U-pF17Z3xr2a0.iugHCgsxU"
             label="V" recordNo="se89XvmVhFD6rGhAdiYlg-" serialNumber="Fph-1f_A4saLil.wDIA_mhd_IV" isPremiere="1"
             usage="jingle" ISWC="az3krR" AKA="xUv0jW1RD2lC2vHvC1FYZko1" genre="classical" broadcastedFrom="2018-12-02T11:21:16"
             broadcastedTo="2019-02-06T11:21:16Z" runtime="320811560" origin="live stream" alternativeTitle="ZkWMV4-_U"
             recordedFootage="1366261619">
            <Participants>
                <Participant name="F8wtJW-" role="subscriptwriter" IPDN="R8zyISLr1aAaU0" performance="chorus master" grossFee="-2021134909.16"
                     modifier="C" IPI="mqT_y.sfNWiKSphz_Iq" birthDate="2019-05-23"/>
                <Participant name="KVvpD6V_2oRnP4" role="composer" IPDN="_VC9ERMu" performance="chorus master" grossFee="-2069343437.53"
                     modifier="A" IPI="Q8avvU9wVex" birthDate="2019-10-14Z"/>
                <Participant name="vPj7eQ_" role="scriptwriter" IPDN="igSP8R" performance="supporting" grossFee="-1527844223.17"
                     modifier="A" IPI="tCF9P.Vd4KBwtgafX5jbG-s4o5rq9w" birthDate="2019-11-25"/>
                <Participant name="uG4beNLaq_" role="arranger" IPDN="u-yHp8txwkfWwI4" performance="supporting" grossFee="1224983776.74"
                     modifier="C" IPI="N" birthDate="2018-09-14Z"/>
                <Participant name="LxGcZOrjLLj-yClG8AgMMY5har" role="arranger" IPDN="d0tWs.hIJcpEm73gHvjWaYi" performance="soloist"
                     grossFee="-119787969.54" modifier="B" IPI="EpfPf7G-v_" birthDate="2019-07-29Z"/>
                <Participant name="DH5pgTnLLM_VXd26J1v" role="producer" IPDN="Tmq6AJMaJKsQq4L312F" performance="main" grossFee="51683201.18"
                     modifier="C" IPI="W14ptRO4zFLV1X6kZiZGBGP2kA8" birthDate="2018-08-03Z"/>
                <Participant name="dFQ" role="sound engineer" IPDN="QzAa4y6aZOPuzItUbc-F4Sg" performance="conductor" grossFee="273616258.63"
                     modifier="B" IPI="c9Rw11TDKcjQyKPYUeRL0EK0Z" birthDate="2019-08-02Z"/>
                <Participant name="NudIfEvKPT" role="sound engineer" IPDN="wnSg-Oa5wmCofLituNaPi" performance="supporting" grossFee="-474366408.77"
                     modifier="B" IPI="h" birthDate="2019-01-02Z"/>
                <Participant name="Guxfl1" role="remixer" IPDN="tnLmmA4CQoCZf" performance="supporting" grossFee="112479330.63" modifier="C"
                     IPI="F476mZTFxfifSr4CKH8PYlIktPJ" birthDate="2020-01-31Z"/>
                <Participant name="nVAzI.d6MxLLYNHWM3XieYrDP" role="music director" IPDN="_Ld7bDdTdBAjV" performance="conductor"
                     grossFee="-558050877.87" modifier="A" IPI="dQFR" birthDate="2020-06-23"/>
            </Participants>
        </Record>
    </Record>
    <Record title="S0KkqiP-n" spins="1444492873" ISRC="V3709A4L2H99" year="7531" producer="hmJSs-HV9y11if9YsO4jfbrZXac-e"
         label="d.1Q" recordNo="l5KUlqVP8N4ZR3A_P" serialNumber="xXJbCqOzJ_a0-C8QhH" isPremiere="1" usage="jingle"
         ISWC="Y.Ghvo76DyDxMaWvaYn4" AKA="kV224" genre="jingle" broadcastedFrom="2020-02-15T11:21:16"
         broadcastedTo="2020-03-01T11:21:16Z" runtime="1668628098" origin="commercial" alternativeTitle="BJwKPzF"
         recordedFootage="1844568357">
        <Participants>
            <Participant name="_QD4AXVADB" role="music director" IPDN="eELT5ffs4K" performance="soloist" grossFee="539931724.20"
                 modifier="A" IPI="mW3pmnEJjr" birthDate="2020-03-21"/>
            <Participant name="Zjim-B_02cD1BIk4uJMbrTmFk" role="arranger" IPDN="hWJ-10MTaBqRD-anCfT6k3" performance="soloist"
                 grossFee="1774517282.72" modifier="B" IPI="K2r4q_WkrFZ51UzJ7HZKwV6" birthDate="2019-12-23"/>
            <Participant name="sjZ.frhQeeNIefGL5GrVtuJNU" role="subscriptwriter" IPDN="YuZ5IzRhLO" performance="supporting" grossFee="650324492.75"
                 modifier="A" IPI="qoo8aEB6HrwqcIL" birthDate="2019-09-05Z"/>
            <Participant name="Fy5vbab" role="subscriptwriter" IPDN="vmoCIhuULS7gm0_pESvzrzBe" performance="chorus master" grossFee="539363501.25"
                 modifier="A" IPI="VmHfsMB" birthDate="2020-05-06"/>
            <Participant name="VjuQsbkBMo0" role="arranger" IPDN="s0.LoeKWum" performance="soloist" grossFee="-769487296.16"
                 modifier="B" IPI="eno" birthDate="2019-04-08Z"/>
            <Participant name="uaVmbYyi1d9cE" role="remixer" IPDN="QH_VBzc" performance="main" grossFee="-1699073831.43" modifier="B"
                 IPI="nfRc1558SW" birthDate="2019-10-20"/>
            <Participant name="yCmQfwO" role="music director" IPDN="FSSQs2nSSW" performance="chorus master" grossFee="1888012901.12"
                 modifier="A" IPI="e" birthDate="2020-05-01Z"/>
            <Participant name="B" role="arranger" IPDN="QWllMDG-rETEbOmIm23fFPpi" performance="conductor" grossFee="-1847283138.63"
                 modifier="A" IPI="i-Nk-_pvJL3CKUFEj.3HX-65VNq1q" birthDate="2019-02-16Z"/>
            <Participant name="pbOK" role="music director" IPDN="W_6" performance="chorus master" grossFee="-1385348210.87" modifier="C"
                 IPI="LMjCx_PekTB" birthDate="2018-12-20"/>
            <Participant name="Z-O_3" role="music director" IPDN="Q3p" performance="conductor" grossFee="1020070113.75" modifier="A"
                 IPI="bb.iIN9zab_ZjFyHYKQPn" birthDate="2019-09-21"/>
        </Participants>
        <Record title="UuaLegv.cOr" spins="1313596994" ISRC="GZRLZ0S19CLC" year="6378" producer="FXSoX5Q9QOwC" label="KYwNKBp"
             recordNo="_" serialNumber="MgFRzZQ4So" isPremiere="1" usage="jingle" ISWC="V5eBsB26gwZaUvG"
             AKA="G3" genre="composed" broadcastedFrom="2018-07-15T11:21:16" broadcastedTo="2019-04-20T11:21:16"
             runtime="2041871639" origin="report" alternativeTitle="h4ANeoZGb3ncVRqMKJyrBpAGE" recordedFootage="1700227493">
            <Participants>
                <Participant name="ruDpBwBucv9L-a7cPMgPwdVhZ" role="subscriptwriter" IPDN="rVd_DlOJn_yxr8RF6vk2WX9A9P9ba2" performance="conductor"
                     grossFee="1361815176.93" modifier="C" IPI="C9JcuFP.nV" birthDate="2019-04-14"/>
                <Participant name="cIhtHiEF1mZPT0q02cy" role="arranger" IPDN="ucKVkY3P5DoRjsnRmimKK8mzOdCF" performance="conductor"
                     grossFee="1166200865.67" modifier="B" IPI="e7IwMJZiT6jsp" birthDate="2019-01-21"/>
                <Participant name="lnI" role="music director" IPDN="n" performance="supporting" grossFee="-1677759344.42" modifier="A"
                     IPI="hNuP78p" birthDate="2019-03-07"/>
                <Participant name="sS7eywCglQrobpqx8DsKoN" role="scriptwriter" IPDN="o_Ak5.BR_PG5XltSFB5" performance="supporting"
                     grossFee="1546637448.34" modifier="C" IPI="LdXOmvH" birthDate="2018-08-16"/>
                <Participant name="iXjJWMv_oJU0fmxSUYag77sG2YVtE" role="scriptwriter" IPDN="UeEvLVVCTvSYHoH7AJd6RQHb1B" performance="soloist"
                     grossFee="-1038444565.15" modifier="B" IPI="gR_p-obBQ_xs56YQpBJ0Si3W" birthDate="2018-07-15Z"/>
                <Participant name="Lvvi2qF9KLbyd-" role="producer" IPDN="cNuc28c-N6D5XzOABYV" performance="conductor" grossFee="-1777425100.96"
                     modifier="B" IPI="hkf.M7ijf7k-PbWOknypeWI2j" birthDate="2019-03-18"/>
                <Participant name="puEyf6ikKkvwB.5VC_EK2fH" role="subscriptwriter" IPDN="W9h" performance="soloist" grossFee="2077396831.28"
                     modifier="A" IPI="Nt55MWi" birthDate="2018-07-20Z"/>
                <Participant name="GDvQTa2SVOs9R" role="producer" IPDN="gK2dV1-yq" performance="supporting" grossFee="858491010.49"
                     modifier="B" IPI="bEY1d8ZZumqh" birthDate="2018-08-08Z"/>
                <Participant name="KSeXb7m" role="composer" IPDN="R9" performance="chorus master" grossFee="1048419253.91" modifier="B"
                     IPI="og22uC7fjCJDoMgB7e" birthDate="2019-04-18Z"/>
                <Participant name="Wyy7vS.Umk" role="remixer" IPDN="t6W0ZYsl7r" performance="main" grossFee="2105246601.13" modifier="A"
                     IPI="g" birthDate="2018-10-11"/>
            </Participants>
        </Record>
        <Record title="HVErriS66TCS5tMvv" spins="1589270554" ISRC="CCDW75DMMQB0" year="7633" producer="Zq" label="qo5jWKRqOEeT2ugWiPEf-.jKQt"
             recordNo="zg" serialNumber="zF4sJKe9YYU28ZVOI" isPremiere="0" usage="commercial" ISWC="t0uh2qHBX2pxUkT7reu"
             AKA="e3Zq8" genre="pop" broadcastedFrom="2019-01-17T11:21:16" broadcastedTo="2019-05-30T11:21:16Z"
             runtime="236737644" origin="commerce" alternativeTitle="XFkkmoZcKhhvk963" recordedFootage="255946422">
            <Participants>
                <Participant name="qJhcq8CZE.Qcha-MCul_7dr5sHmb" role="composer" IPDN="SELQbD1n1C4" performance="conductor" grossFee="-1464028793.86"
                     modifier="B" IPI="XIu3lE-4vIIYIP-zJoPrqIU" birthDate="2019-03-28Z"/>
                <Participant name="mcEMtMEqxt-GxgtcnkCq5_zUy" role="arranger" IPDN="TfP.3G" performance="main" grossFee="-7901199.06"
                     modifier="A" IPI="nAruXMbi86NJta.d" birthDate="2019-12-29"/>
                <Participant name="CxWWIWYzQkyPK" role="sound engineer" IPDN="ngRX_L0WanBShHE07UrUp90" performance="main" grossFee="-242556159.09"
                     modifier="C" IPI="O0eJJDbOSaeM5I6mUdNgidINf" birthDate="2020-05-23Z"/>
                <Participant name="FTQKZAezLwhoY_Fnts-lCt.NHew" role="sound engineer" IPDN="o9UAVDYc1SkvP8aY47XPB1G" performance="soloist"
                     grossFee="-1995909242.86" modifier="A" IPI="OkLcOlnhMZ6xzUFRl82oGXX" birthDate="2019-06-03"/>
                <Participant name="grRHh-" role="subscriptwriter" IPDN="U0lrPy8oZEg8sPLFKkG3" performance="chorus master" grossFee="68373541.75"
                     modifier="C" IPI="_o6E" birthDate="2019-08-21Z"/>
                <Participant name="nqF4b5m3MwDwBzq9gfbJi71F1a" role="sound engineer" IPDN="zIZeVEaRUz" performance="main" grossFee="-582647989.55"
                     modifier="C" IPI="QpDN" birthDate="2019-03-25"/>
                <Participant name="aZ3tUgW" role="composer" IPDN="vuJ7kzZpOGHfToj" performance="conductor" grossFee="1136916877.41"
                     modifier="A" IPI="JTwzGT92M" birthDate="2020-01-05Z"/>
                <Participant name="dTIQI61WgIBYFd9nSWbw0Z" role="music director" IPDN="Zs6AJMDEXYi7He9lRndskxR" performance="main"
                     grossFee="67248872.75" modifier="B" IPI="cDIlGz8kQDc8-gI.A4Llp9l" birthDate="2019-05-23Z"/>
                <Participant name="AcS" role="scriptwriter" IPDN="kZhCrYjXBUix" performance="main" grossFee="-2097648486.45" modifier="C"
                     IPI="h71lvSel42jiTvmmRv0b" birthDate="2019-02-01Z"/>
                <Participant name="akCgXDOFjiAteQ.pMoIqR6bEF" role="scriptwriter" IPDN="vXmb1tR_aqFwRf5_Wql" performance="chorus master"
                     grossFee="1022985902.26" modifier="A" IPI="gpt7R8j" birthDate="2019-01-14Z"/>
            </Participants>
        </Record>
        <Record title="w_bbkxMCwPT8" spins="110398261" ISRC="29Y4Z7LF4S8Q" year="6186" producer="AB6n" label="ppWHQ6K3WILTpp9iJqlVCkT"
             recordNo="pHOzGcaCFMcJ-.m" serialNumber="JEj8v" isPremiere="false" usage="broadcast" ISWC="wDCbMrQ2LRO5"
             AKA="izlcW" genre="jingle" broadcastedFrom="2020-03-20T11:21:16" broadcastedTo="2020-06-30T11:21:16Z"
             runtime="1262509879" origin="live broadcasting" alternativeTitle="s91" recordedFootage="893657887">
            <Participants>
                <Participant name="StgZsG1o-s7._wkhh4H9O" role="sound engineer" IPDN="iyrfCl6o0kjzB" performance="supporting" grossFee="-382983738.55"
                     modifier="B" IPI="eurCaXjaIfY7r7cNe2O" birthDate="2018-11-15"/>
                <Participant name="ASrpmLV2ZeyJ1.FJB" role="arranger" IPDN="qrGrJV6moHuoyyeO9L2.q7J4Kr" performance="soloist" grossFee="-370435520.19"
                     modifier="C" IPI="BbomAkxQu5POnAJBOZ18" birthDate="2019-07-15"/>
                <Participant name="ILdZmT8T2f" role="music director" IPDN="ISAGC9ulGkDRGLZ8tz430772e5I.G7" performance="main" grossFee="-1299107230.07"
                     modifier="C" IPI="CLr" birthDate="2020-02-19"/>
                <Participant name="WkBfZ-VGYoaJQRZMGDE8f9" role="music director" IPDN="b3YXePSxQ_zfcBhqPOyVzJXT" performance="soloist"
                     grossFee="-980208408.93" modifier="A" IPI="J.QTvpDeY7x" birthDate="2019-10-08Z"/>
                <Participant name="a2BLI_bYFeAC1p1hNWja" role="composer" IPDN="GK.a._89Y_vKd2De9S1ltrCH" performance="supporting"
                     grossFee="-722643630.12" modifier="C" IPI="bKI" birthDate="2018-07-22"/>
                <Participant name="qbAIKvVVp9.t_kcqy4LK30l8czJ4qI" role="sound engineer" IPDN="gN" performance="main" grossFee="849062396.32"
                     modifier="B" IPI="s.dqG" birthDate="2019-06-06"/>
                <Participant name="t_0hDnm_GMyuj" role="producer" IPDN="bl6kwlP4yneWONhjuIu" performance="chorus master" grossFee="-1574648194.71"
                     modifier="A" IPI="j79jK" birthDate="2018-07-19Z"/>
                <Participant name="kCOPYb" role="subscriptwriter" IPDN="mJLM" performance="supporting" grossFee="-890404828.75" modifier="C"
                     IPI="ol1A0Zyoe-LnP" birthDate="2020-06-28"/>
                <Participant name="rBWU" role="remixer" IPDN="tn7vpCv" performance="main" grossFee="-673207894.32" modifier="C" IPI="ckTQNSfnCwk10qonYWlP"
                     birthDate="2020-02-01"/>
                <Participant name="AteBn_c_17.W1n" role="arranger" IPDN="qc10NI9UHH4hKjtNNlo" performance="soloist" grossFee="1472789329.09"
                     modifier="B" IPI="LdVgNNP2WgS.9yFxx0Fi_" birthDate="2020-01-14"/>
            </Participants>
        </Record>
        <Record title="KYpmRLeXmNJ6jYaJCF7Pi7" spins="1831105302" ISRC="881MG9268650" year="8303" producer="TxMS.UNIa9GCOB9SpapXO88YjRVRwl"
             label="v7md6sQDJJ.vCKr.RjWlUUpXhvmSy" recordNo="NK8Qd_8R1lTz" serialNumber="Kh73K1ahC15o09Efbk"
             isPremiere="false" usage="commercial" ISWC="hiXFBe4mHaFZjPHNFQ" AKA="iKtX" genre="composed"
             broadcastedFrom="2019-06-04T11:21:16Z" broadcastedTo="2019-11-17T11:21:16" runtime="1095753522"
             origin="live stream" alternativeTitle="k1t8VyZYhdW.lPCnYy" recordedFootage="1843952642">
            <Participants>
                <Participant name="YPI7vRUuwHqiqgFGHlIoBSM" role="arranger" IPDN="W3j-d" performance="conductor" grossFee="-146798287.28"
                     modifier="C" IPI="jzheI8orCc" birthDate="2019-07-28"/>
                <Participant name="g4o8ISGDApwflfUnxzGkKb." role="performer" IPDN="mMdUuKOL0hScQv2CpRSuUxbPAI6eB_" performance="conductor"
                     grossFee="-2052709181.05" modifier="B" IPI="gND4f9lCqWEE-o" birthDate="2020-05-02Z"/>
                <Participant name="z9" role="subscriptwriter" IPDN="y8_OtWfJS1.yj_0zxnjQ" performance="main" grossFee="1654476957.03"
                     modifier="A" IPI="VpBbTbjMvgmA3pMR5ynjOUbwTX" birthDate="2018-10-24"/>
                <Participant name="AU0JZW5.-77ZTZchnx" role="arranger" IPDN="qbuIsk8q4L7." performance="main" grossFee="-1688635162.80"
                     modifier="A" IPI="OHKE3iF77388qaOfwWIHU1AE" birthDate="2020-02-19"/>
                <Participant name="XiI" role="subscriptwriter" IPDN="w1PeMAa" performance="chorus master" grossFee="-826194501.21"
                     modifier="B" IPI="oMDdiHIrPlDg5ejtzap" birthDate="2019-02-12Z"/>
                <Participant name="E" role="music director" IPDN="WukRoNUmoeHwGetlLFH" performance="conductor" grossFee="-983416002.34"
                     modifier="B" IPI="cyL" birthDate="2018-07-14Z"/>
                <Participant name="Iu9bahHH" role="producer" IPDN="MunbecVJRAyI0RU7NKr5L7Qb" performance="soloist" grossFee="-2039566637.30"
                     modifier="C" IPI="D17YxN1IF73p" birthDate="2018-09-28"/>
                <Participant name="mN_HthHVocvZmKFpzNOktQwO" role="music director" IPDN="BF66kaTcSniSlt6kbr" performance="conductor"
                     grossFee="1649330731.22" modifier="B" IPI="CW2V7UVxjdZg" birthDate="2018-09-22Z"/>
                <Participant name="adMYvs0" role="scriptwriter" IPDN="mKv6sJ7WHrrFky8cO6tKogeLx90m-D" performance="conductor" grossFee="-1565086646.07"
                     modifier="C" IPI="MKlH4tTvxlOggehbZAvg1" birthDate="2020-03-31"/>
                <Participant name="Pp.qFv_niIUJLQbw" role="performer" IPDN="CAu2jWl4w" performance="supporting" grossFee="-1210033141.61"
                     modifier="C" IPI="ecni5ev_QRT7jl" birthDate="2018-11-11Z"/>
            </Participants>
        </Record>
        <Record title="uK1wFz5z1MGZ8EfPpDiFKOOotcv" spins="1218975427" ISRC="Z16F5S9KMP6E" year="9749" producer="rZZhL1f6wIEo7A"
             label="YbMqB.Yn9roqOpgUa422OzDLt" recordNo="qRJmUWKtKDJJH8Ly7-g__6" serialNumber="nS.u2.RCwy39b3lTe9iVoKOA1o05K3"
             isPremiere="0" usage="broadcast" ISWC="gk4E2db2iXmRAigqM" AKA="dn3CS5hBjo2Q_R28Lcy" genre="spoken word"
             broadcastedFrom="2019-10-02T11:21:16Z" broadcastedTo="2019-09-28T11:21:16" runtime="530164157"
             origin="report" alternativeTitle="__6jQ8yKV9HXA7Stmh" recordedFootage="380224474">
            <Participants>
                <Participant name="XpwE" role="music director" IPDN="_W" performance="soloist" grossFee="-1864758983.95" modifier="A"
                     IPI="Igsj0E_aUXDjOzEt5h-L1Tv" birthDate="2020-01-13Z"/>
                <Participant name="Orl_21gosi-_irkDfU-" role="music director" IPDN="u4l" performance="main" grossFee="1235945543.80"
                     modifier="A" IPI="beD-_E.0PS" birthDate="2019-09-11Z"/>
                <Participant name="E4d7PJJJG2b9P7UNYai" role="subscriptwriter" IPDN="d_xu07Bpv0LK" performance="supporting" grossFee="74510037.35"
                     modifier="B" IPI="Q" birthDate="2020-05-24Z"/>
                <Participant name="Tcejx39b4_kBlpmkZNYqki" role="composer" IPDN="wFtMChJ" performance="soloist" grossFee="1991962274.09"
                     modifier="A" IPI="_.YkI4WBO7C" birthDate="2019-02-01Z"/>
                <Participant name="XRv" role="remixer" IPDN="capxOY68f" performance="supporting" grossFee="-1264852490.80" modifier="C"
                     IPI="gOfsF_hz4t" birthDate="2020-04-30"/>
                <Participant name="bx6qUiS-msHBt" role="composer" IPDN="AsKYaMOq2NTRMmfZ" performance="main" grossFee="-892018024.46"
                     modifier="A" IPI="hjuxeCeENCcRi51." birthDate="2018-10-08"/>
                <Participant name="i7swGEnABi5h" role="remixer" IPDN="yopI1ZsNaud0k0..mLUpnooWKB" performance="chorus master" grossFee="-1844643195.89"
                     modifier="B" IPI="AS.u8D" birthDate="2020-03-16"/>
                <Participant name="zwch" role="performer" IPDN="b_Pu6" performance="supporting" grossFee="931804424.13" modifier="A"
                     IPI="YbiJH4Je9IGB62tnlfRyTWH9n" birthDate="2019-01-22Z"/>
                <Participant name="W2-vdlvuYV.3QRXy6yKapz7ZTFJ463" role="producer" IPDN="jFOnZy" performance="soloist" grossFee="-386117351.38"
                     modifier="B" IPI="pJXzA9QWZsAdQW-YdHjF" birthDate="2018-09-11Z"/>
                <Participant name="I" role="scriptwriter" IPDN="TFmdXmyAW2" performance="supporting" grossFee="217132413.18" modifier="B"
                     IPI="IYKWfo29" birthDate="2018-11-26Z"/>
            </Participants>
        </Record>
        <Record title="nD9S" spins="1351706783" ISRC="4H1B1U559365" year="7974" producer="e3W.abhGsGsksN4840kPU6mF1rb"
             label="p." recordNo="f8Q8XcLbLE8a.-RC0C0tXz" serialNumber="PFfgb3VMnwau6vtqvGO1" isPremiere="0"
             usage="commercial" ISWC="eTJBOA" AKA="mbVPgATv" genre="jingle" broadcastedFrom="2019-11-26T11:21:16"
             broadcastedTo="2018-10-11T11:21:16Z" runtime="2140749242" origin="live broadcasting" alternativeTitle="R"
             recordedFootage="354107206">
            <Participants>
                <Participant name="YINdpI7vJwu4KF8RgIw-7T" role="subscriptwriter" IPDN="o2EEF2QgURQbbQ-7_pu" performance="supporting"
                     grossFee="-1957705343.04" modifier="C" IPI="X5k_ya6Py6UKCRzFID94FAC5ay" birthDate="2019-04-17"/>
                <Participant name="tgOybQT3" role="music director" IPDN="z_O5A-uCewBMIIXqvnWrYeK-" performance="chorus master" grossFee="-892460231.99"
                     modifier="C" IPI="xcRjQ2aYkmXRTKk.e5_snrPlYvXW40" birthDate="2018-08-15"/>
                <Participant name="rgZmV_6f3YQk" role="sound engineer" IPDN="TxAA2z28VB6cq" performance="conductor" grossFee="1598889272.10"
                     modifier="B" IPI="Wl" birthDate="2019-12-26"/>
                <Participant name="D_suqc5HpbXQWZxToC0mARKA" role="sound engineer" IPDN="n4rUS11GtiQEJfaz1ATt5iZUy74" performance="main"
                     grossFee="855331050.75" modifier="C" IPI="DTsk1" birthDate="2019-11-10Z"/>
                <Participant name="TYWKO0vsfQ.21g9d6gwsVTd" role="arranger" IPDN="HnVIxrZFY" performance="supporting" grossFee="-1241335756.19"
                     modifier="B" IPI="OduDzzsq3clcQaR4GUhYBm" birthDate="2018-07-07"/>
                <Participant name="SnG4jX9T" role="arranger" IPDN="snAxF8rihJXUdZ" performance="soloist" grossFee="2118386950.36"
                     modifier="A" IPI="PTsOF1-" birthDate="2020-05-10Z"/>
                <Participant name="sJKLGbAUA5tRFJQmtF-cfmNZeGdEK" role="remixer" IPDN="UdU-WceNf1sSkCg_BJMMoJF3S5k" performance="chorus master"
                     grossFee="786319216.65" modifier="B" IPI="k5QgE0e-lT6UFZAlzNQA1" birthDate="2018-07-16Z"/>
                <Participant name="zGiUbWsFKedanm" role="scriptwriter" IPDN="UKwZRV" performance="supporting" grossFee="-2093357209.25"
                     modifier="A" IPI="eUCvE8_S34yNSTZwc" birthDate="2019-06-05"/>
                <Participant name="ulVsjK1zAUIFMQi00" role="sound engineer" IPDN="Vrp0jo" performance="supporting" grossFee="215316047.98"
                     modifier="B" IPI="HsrV.MsRoJI0Aepb3o" birthDate="2018-10-09"/>
                <Participant name="pRumGbR1" role="sound engineer" IPDN="EBZmfpBnyJucdBJ7OsBs5EAMICR" performance="main" grossFee="-2041687394.47"
                     modifier="B" IPI="xPH8qHGr3.lxWW7q" birthDate="2020-01-23Z"/>
            </Participants>
        </Record>
        <Record title="zBf24fc" spins="1147725329" ISRC="NWM217QR8C89" year="4612" producer="no.k21LfvBvDHz94W7oFXMbaw8MHn"
             label="DIu8glpAaTGcYCjH2UQop6Sx" recordNo="iABDiukQF3v0DHoOS40t9CpLKZ" serialNumber="vsi2Q2pT63-DcMjae"
             isPremiere="0" usage="broadcast" ISWC="EoVFF204SEHK9s4.3dUd3XXiKOaj" AKA="Vw8nj6rf6PqZ"
             genre="classical" broadcastedFrom="2019-04-28T11:21:16Z" broadcastedTo="2018-09-15T11:21:16"
             runtime="1063948664" origin="report" alternativeTitle="L3jbIIN" recordedFootage="880322242">
            <Participants>
                <Participant name="qc-_KxOE3Br2" role="performer" IPDN="ywMCZfCPiKQkldHCHWJsyynoxMP" performance="supporting" grossFee="1205632473.03"
                     modifier="B" IPI="tPGvq7kZAEKLp8BBX" birthDate="2019-02-11"/>
                <Participant name="_v9hE1-8MBGQ2" role="producer" IPDN="N_Aj8" performance="chorus master" grossFee="-1178059200.44"
                     modifier="A" IPI="UwFTNT4tFkNItNTyw7S" birthDate="2018-08-22Z"/>
                <Participant name="OwpLlLEhzNm8TfE_lsI_uNB" role="arranger" IPDN="tCHX9ZKKyLoV2GCLX" performance="chorus master"
                     grossFee="1742518072.35" modifier="B" IPI="WP5R1oniWfVo1naGP6M" birthDate="2019-01-17"/>
                <Participant name="QI9" role="sound engineer" IPDN="DcIdws" performance="supporting" grossFee="-410286558.69" modifier="C"
                     IPI="vCE7kUJr6zrq9jbMmvkusg" birthDate="2019-09-16Z"/>
                <Participant name="egi1XxzGsF7p.VCQ7iuV" role="scriptwriter" IPDN="xOUVzPD.P.5YUNomA" performance="main" grossFee="-692177293.63"
                     modifier="A" IPI="Ar.q7RmGOBJ-4fKr25.E68pgWkVk" birthDate="2019-08-28Z"/>
                <Participant name="F36dBmb09kTFQyAGXiAImv2jU8PiQs" role="producer" IPDN="qVjpzZgS" performance="chorus master" grossFee="127709875.67"
                     modifier="A" IPI="frA9xIFvUgFJHQXRuP8Xrg7N" birthDate="2019-12-24"/>
                <Participant name="nrfXW98CXeBTAVhl8" role="sound engineer" IPDN="GX-pK" performance="main" grossFee="345122645.41"
                     modifier="B" IPI="o" birthDate="2019-10-21Z"/>
                <Participant name="BZSNqtCsJ89ptQXICQi3mj" role="sound engineer" IPDN="ARXg7zeFZDMnKmV.O9QJD" performance="supporting"
                     grossFee="-428653212.70" modifier="C" IPI="GZwyo3KNF" birthDate="2018-07-22Z"/>
                <Participant name="oYw3tn" role="scriptwriter" IPDN="gfnBE4JN" performance="supporting" grossFee="-1963862498.20"
                     modifier="C" IPI="fWUZkNN" birthDate="2019-10-12Z"/>
                <Participant name="i" role="scriptwriter" IPDN="P0qM3wucc8QUI2SPlfDE9HYMhZH77" performance="supporting" grossFee="2093122909.76"
                     modifier="C" IPI="QshBXXvF" birthDate="2020-03-28Z"/>
            </Participants>
        </Record>
        <Record title="Qw" spins="997753959" ISRC="YV9W0URUU31M" year="1186" producer="IuoWG1uF" label="_G8WEuP" recordNo="j9fROCV"
             serialNumber="Mk3wZ5M17JCK8aBc7BceU8IN" isPremiere="false" usage="commercial" ISWC="qDx"
             AKA="VzyGYP" genre="composed" broadcastedFrom="2019-11-23T11:21:16" broadcastedTo="2018-11-16T11:21:16Z"
             runtime="1251395247" origin="commercial" alternativeTitle="AS5HKHrYl2C4OqS" recordedFootage="536532553">
            <Participants>
                <Participant name="PdQAKEMyqV72jCsV3a9C_" role="remixer" IPDN="HEESTtMOdNEb-M" performance="soloist" grossFee="-2138331336.97"
                     modifier="A" IPI="HeMgLT-IMNmfo8D" birthDate="2018-09-02Z"/>
                <Participant name="h2hYzdC_2LlX_k8k.8H" role="subscriptwriter" IPDN="yau4JoXbpM21j4rfiS7CYosh" performance="supporting"
                     grossFee="674699902.64" modifier="B" IPI="m.HVY7Bf" birthDate="2020-03-17"/>
                <Participant name="wVqx8rr.7GEk6c7M2ra.-Hyo" role="scriptwriter" IPDN="CwlJ_XBMthz6pg2" performance="supporting"
                     grossFee="255871113.14" modifier="A" IPI="Z59JdUdrs" birthDate="2020-01-21Z"/>
                <Participant name="K" role="producer" IPDN="HZKt3fHuPVAt" performance="chorus master" grossFee="1186902654.07" modifier="B"
                     IPI="nmLh02R" birthDate="2018-11-02Z"/>
                <Participant name="YlLOxAOGIPztS" role="remixer" IPDN="N3b" performance="conductor" grossFee="-951292601.96" modifier="B"
                     IPI="mgkOTJhl" birthDate="2019-11-25Z"/>
                <Participant name="ijgbNm" role="music director" IPDN="C-LtgS8_CxQ5T0.d" performance="main" grossFee="-1220372318.21"
                     modifier="B" IPI="FD7mj.k_pl" birthDate="2019-05-30"/>
                <Participant name="vlaUFYW8_7Gns-3Qcp5H-" role="producer" IPDN="fQHg2XeEVM8s" performance="main" grossFee="-1822497620.85"
                     modifier="A" IPI="Hbtk0d" birthDate="2019-03-21"/>
                <Participant name="AYeRQwQl0BHHiAShlR" role="sound engineer" IPDN="qJxc4563LEuSK8_pusN" performance="supporting"
                     grossFee="-1403089788.66" modifier="C" IPI="HIkE0HaPs" birthDate="2019-02-21"/>
                <Participant name="dQZYisLMcOsf" role="subscriptwriter" IPDN="E58mhu" performance="soloist" grossFee="1290981123.02"
                     modifier="B" IPI="vA" birthDate="2018-10-20Z"/>
                <Participant name="vk" role="sound engineer" IPDN="pTz6WYTEGqeerfZF-6Qd17-5ul" performance="chorus master" grossFee="-1837126923.45"
                     modifier="B" IPI="EBK7HWieyKIDTkwOqxmcVEuS" birthDate="2018-11-10Z"/>
            </Participants>
        </Record>
        <Record title="HXioQw6oiXu6d6jltCU8TB2" spins="1556195715" ISRC="Y1IZ68F7DH68" year="4510" producer="Sh4ThEr1KKXek4lbTA84atHz"
             label="cNFmrOHUYEm" recordNo="JZPkTgCvh" serialNumber="bZMfJnb54L1GEq15i3jfx_0SqSgkB" isPremiere="false"
             usage="jingle" ISWC="ukuhXU" AKA="x.1DfYoNuXuMlvaaVXunF.vE4" genre="classical" broadcastedFrom="2020-05-13T11:21:16"
             broadcastedTo="2019-07-30T11:21:16Z" runtime="1366641207" origin="free usage" alternativeTitle="UUrn5z0zr5k3y4fvE8Lk3XiFl"
             recordedFootage="1594793280">
            <Participants>
                <Participant name="jMc" role="scriptwriter" IPDN="hk" performance="soloist" grossFee="-1630399461.76" modifier="A"
                     IPI="KRxv1W.K1-ydVftZCq" birthDate="2020-04-29"/>
                <Participant name="iUiv_NEwBityS-h7" role="scriptwriter" IPDN="c-bPiR6PV.qaek8aFeE2EDp6-3JLr" performance="main"
                     grossFee="-1374109129.76" modifier="A" IPI="zHAr" birthDate="2020-01-11Z"/>
                <Participant name="qPaz85hV" role="sound engineer" IPDN="LCu9fSebKmBhGrr_u70E-EII35s6UG" performance="main" grossFee="-1929147726.02"
                     modifier="C" IPI="qzScFgmSeYm3DoFT049nBaDDuG" birthDate="2018-09-26"/>
                <Participant name="B91tgzised_f" role="remixer" IPDN="soQa" performance="main" grossFee="-1848913447.74" modifier="C"
                     IPI="GYH2c" birthDate="2018-09-17"/>
                <Participant name="rjZO6xIv96GR3Oq4TnHPGf7pjo2B9" role="producer" IPDN="s9NIFEmM6pelE" performance="conductor" grossFee="432466060.57"
                     modifier="A" IPI="o068s6MFNUO9PiXUuWN3VLTK6xt" birthDate="2020-01-11Z"/>
                <Participant name="an53KpIAqgALSqp9iU6morLc" role="remixer" IPDN="LE4tG-aU4i_G" performance="main" grossFee="433367105.22"
                     modifier="C" IPI="euub0s8jyL5eEl48mAFVHE" birthDate="2019-12-31Z"/>
                <Participant name="zkHpPxR3xbAT" role="remixer" IPDN="sI2Hq223pL57gWpYmiBNHGrYUOMJ" performance="main" grossFee="-763798690.68"
                     modifier="B" IPI="o5YwPUdui6LWPG8D9" birthDate="2020-06-22Z"/>
                <Participant name="XMFpn" role="sound engineer" IPDN="d" performance="soloist" grossFee="2146679251.72" modifier="B"
                     IPI="beJjwZV5Q2oUTwMiU.v1hk5S3TsUb-" birthDate="2019-11-10"/>
                <Participant name="My" role="arranger" IPDN="ba6" performance="soloist" grossFee="-1974486660.00" modifier="A" IPI="rVdh7QSb-Sqygfe12iyuRUD5tUq"
                     birthDate="2019-08-19"/>
                <Participant name="T0hO" role="scriptwriter" IPDN="t8i7mexgYPYv853.bKAi0XwNXR" performance="chorus master" grossFee="-1378688138.31"
                     modifier="B" IPI="T" birthDate="2020-06-05"/>
            </Participants>
        </Record>
        <Record title="X.BOPS2tZfLM9UcP" spins="882653014" ISRC="6624PJBSP9WE" year="1232" producer="T" label="FLzC.3uLpSfsBFV56w"
             recordNo="tAKM9qBfZ" serialNumber="FjRojPqe" isPremiere="1" usage="broadcast" ISWC="hb9Cz"
             AKA="maJ7t" genre="pop" broadcastedFrom="2018-09-13T11:21:16Z" broadcastedTo="2019-06-15T11:21:16Z"
             runtime="879902617" origin="commercial" alternativeTitle="nQu8.mr06U6JALA_XL" recordedFootage="2103445036">
            <Participants>
                <Participant name="bEElxG0A7lmWyhnvrq.ZSeASM" role="composer" IPDN="rPwTrSFiWxF51vEQAjmowPVMD" performance="supporting"
                     grossFee="834944854.32" modifier="A" IPI="X_uL4882x9iXoSUH" birthDate="2018-10-25Z"/>
                <Participant name="n4lhT54Blr" role="composer" IPDN="z54ZPBT3" performance="supporting" grossFee="-156094459.76"
                     modifier="A" IPI="u" birthDate="2019-01-27"/>
                <Participant name="L3IIpETK" role="composer" IPDN="QagCYR4lEsWNv" performance="main" grossFee="1222733388.48" modifier="A"
                     IPI="mwsLk" birthDate="2019-05-29"/>
                <Participant name="ibH4JMvVtsb2xGNk_0Mk1f" role="scriptwriter" IPDN="OtG_01KWkWtOtm7ZbmPdt4." performance="soloist"
                     grossFee="-660711674.42" modifier="A" IPI="clVOxzy2" birthDate="2018-08-18Z"/>
                <Participant name="i0tiNzxYiBS" role="sound engineer" IPDN="ignRGm3hsthUfBcNOMGMoK2J5jV9_C" performance="main" grossFee="1369819178.47"
                     modifier="C" IPI="hYjU3a-fvHadLi0PvKT-EKRQNina" birthDate="2020-06-18Z"/>
                <Participant name="d2pOU1PKN_psy_4a7zwo02RDsYCgJ" role="arranger" IPDN="SzGUIBayJLs9tUzx57ZL853Cu" performance="conductor"
                     grossFee="1390877019.52" modifier="A" IPI="l" birthDate="2020-03-09"/>
                <Participant name="sDV8XXs9z3tgLWHVtXovNLAont1S" role="subscriptwriter" IPDN="A_tkYJT0" performance="main" grossFee="-1492286827.72"
                     modifier="C" IPI="CwQS.vxpDwfJ26zrw8p5bJmSJX" birthDate="2018-09-25Z"/>
                <Participant name="tY.Xs_kTaYi" role="remixer" IPDN="z6Rd47jMG_bftYN4vk" performance="supporting" grossFee="2030991016.04"
                     modifier="C" IPI="uMr" birthDate="2018-07-05"/>
                <Participant name="aoYqG8K" role="music director" IPDN="nJ00Nn-xKywsx0c5FXzm6_Hu" performance="conductor" grossFee="-1263183159.72"
                     modifier="C" IPI="IdaS" birthDate="2018-12-18"/>
                <Participant name="Pn8My44" role="performer" IPDN="K6x42pvKYm6vzqW" performance="supporting" grossFee="-156464876.13"
                     modifier="B" IPI="xGqxz4o0S1Pe1B4Rf0eHY" birthDate="2020-05-30"/>
            </Participants>
        </Record>
    </Record>
    <Record title="YqOO3BKLP98" spins="1619423508" ISRC="L3X5G480V91L" year="4453" producer="nBf" label="fG" recordNo="voE-w_CNUKzFvTtt"
         serialNumber="x5yOFXq31WfgoOPyHnyeg6CJ9RF3u" isPremiere="true" usage="broadcast" ISWC="adHTvKlAE3q3pc"
         AKA="Tzi" genre="composed" broadcastedFrom="2019-02-23T11:21:16Z" broadcastedTo="2018-12-02T11:21:16Z"
         runtime="1754854554" origin="report" alternativeTitle="Wj2o8dDMcENpNf25hs278ItF" recordedFootage="1069298143">
        <Participants>
            <Participant name="rFbH5VI.ufkT9uJpxNGoQm" role="sound engineer" IPDN="Yl8Lv" performance="soloist" grossFee="1003368945.71"
                 modifier="C" IPI="mblowqpGjHe8Kr8ILWmKbni6MvC02" birthDate="2020-01-28Z"/>
            <Participant name="Aaa46Mj7aJxsBVH04afNVy" role="sound engineer" IPDN="z9s1LByr2daZZ" performance="conductor" grossFee="1757065757.18"
                 modifier="A" IPI="nF9sE_l297X7i2_SYq" birthDate="2020-01-17"/>
            <Participant name="lmc1Xzb7PgNaRM8UP" role="scriptwriter" IPDN="xFRXNw.gh8M" performance="main" grossFee="-780454158.42"
                 modifier="A" IPI="zr.cQH" birthDate="2019-02-23"/>
            <Participant name="iXVDnortSnFGCY2ULNd" role="subscriptwriter" IPDN="e1fWOaakokD1bJl.5" performance="supporting"
                 grossFee="1943031770.70" modifier="A" IPI="C" birthDate="2019-07-04"/>
            <Participant name="JS6LMxsJE-G" role="scriptwriter" IPDN="iqWe9YuPS-PzZIF4l" performance="chorus master" grossFee="1455487246.78"
                 modifier="B" IPI="NcZ2kQb8FO0r70XiBb" birthDate="2019-08-04"/>
            <Participant name="a3.TiJFcRkficSp" role="sound engineer" IPDN="uxhU5" performance="soloist" grossFee="-1957192226.90"
                 modifier="C" IPI="L53HAHpsfBkCapb" birthDate="2019-03-11"/>
            <Participant name="EtAg3jB2kE4" role="music director" IPDN="a1vdc" performance="main" grossFee="-32755169.61" modifier="A"
                 IPI="t_Zpf" birthDate="2020-02-10Z"/>
            <Participant name="E.1pzULeG0VEfQqXQIwfjszd8e" role="producer" IPDN="p-_vUpWs9Fx2H6M9HshsG6T" performance="supporting"
                 grossFee="2131162366.69" modifier="C" IPI="_-fNy.pmgytB0AfJ.yJ-sY" birthDate="2019-08-21Z"/>
            <Participant name="oDsIa3Kpk9865OAVCE" role="producer" IPDN="qC-1-dP3y3Cr5R3Ek_09Pgp7" performance="chorus master"
                 grossFee="1587580852.17" modifier="C" IPI="eh61" birthDate="2019-02-13"/>
            <Participant name="rT5FyUnXa8mSNq7mNKMLqPh2h" role="composer" IPDN="tBRM2Cj" performance="chorus master" grossFee="-1276423499.01"
                 modifier="A" IPI="hikNJ-Q2GDDaWjBE" birthDate="2019-04-07Z"/>
        </Participants>
        <Record title="dL" spins="1721920804" ISRC="7331S9G9J916" year="6008" producer="jzHYz.qTN4zC3B" label="HWkmc"
             recordNo="brEVoXoDlcdnrFH2JvEVmowFbp" serialNumber="d3XgfGkTZydrr.7GIcYBK" isPremiere="true"
             usage="broadcast" ISWC="yU_rkiBZhfd4" AKA="uyAxg-Iah782YrWi" genre="pop" broadcastedFrom="2019-11-03T11:21:16Z"
             broadcastedTo="2018-07-14T11:21:16" runtime="1291306464" origin="live broadcasting" alternativeTitle="d-.5qVGRth60smig9yW0lBw"
             recordedFootage="962938846">
            <Participants>
                <Participant name="pmMKtsrCD1" role="music director" IPDN="ZKMadi4x" performance="main" grossFee="-1304051835.21"
                     modifier="A" IPI="ME0r3TqZCamY_vRlc736bi" birthDate="2018-11-16"/>
                <Participant name="n" role="producer" IPDN="v0FxTYp" performance="conductor" grossFee="-2125066618.22" modifier="C"
                     IPI="PkaQ2-IQvnDc3qtMKxcPjqnln" birthDate="2019-10-20Z"/>
                <Participant name="HEqaJTSxpsHy9dDrE6jfYaqxJGq" role="composer" IPDN="YmsQXq-sIGgwwF9ql" performance="conductor"
                     grossFee="89186558.57" modifier="C" IPI="BnCKwh" birthDate="2018-08-18"/>
                <Participant name="X" role="music director" IPDN="LHVd" performance="conductor" grossFee="-64630586.27" modifier="A"
                     IPI="nlSg6Pv97sqwrxWXna49lll7h8u" birthDate="2019-10-12"/>
                <Participant name="mxssd8c5J4HQZ886xtaYjo." role="producer" IPDN="Edp71PYco" performance="soloist" grossFee="143530927.65"
                     modifier="C" IPI="zlmmnrYK81o-f9" birthDate="2019-04-13Z"/>
                <Participant name="vVz" role="subscriptwriter" IPDN="iSuAW4yu" performance="chorus master" grossFee="2090610092.36"
                     modifier="B" IPI="n_7vPGXtVTDdJVML6_76Y" birthDate="2019-03-03"/>
                <Participant name="I_1vA917GxYmOeIoe9tEs7Wems-Gqg" role="scriptwriter" IPDN="KiaxsPCsJYcTltItBiqeO5S1nJoin" performance="conductor"
                     grossFee="792764217.76" modifier="B" IPI="y09WAK9thbqN7hd" birthDate="2019-09-06"/>
                <Participant name="MA" role="subscriptwriter" IPDN="_dhz2KzD1KuCwUSI-hk" performance="chorus master" grossFee="-1751399987.47"
                     modifier="A" IPI="L.1keHUb" birthDate="2020-04-26Z"/>
                <Participant name="u10xFEjHlNAmK9tAtxcwW" role="producer" IPDN="h9K_P69tOar8gHqkEaO-U" performance="soloist" grossFee="-142578578.46"
                     modifier="A" IPI="a5UxmeZFb6xVN_JN" birthDate="2020-02-15"/>
                <Participant name="NFWq5MBaoC2RioNxc" role="subscriptwriter" IPDN="csZ3FEBTXf2ef" performance="chorus master" grossFee="-87726521.25"
                     modifier="B" IPI="aWb" birthDate="2019-07-26"/>
            </Participants>
        </Record>
        <Record title="xTw.BWnaWW" spins="712528535" ISRC="9NE74951324G" year="8553" producer="W33i89-vhAj" label="X1VzBYMImHVez4Gp"
             recordNo="uTM2P4wKx_3COh" serialNumber="NJitgjMHe.g5SRovF1vHmpzR" isPremiere="1" usage="broadcast"
             ISWC="v" AKA="o7" genre="composed" broadcastedFrom="2019-09-10T11:21:16Z" broadcastedTo="2019-05-07T11:21:16"
             runtime="2098951807" origin="live broadcasting" alternativeTitle="ylEEcluj8xo" recordedFootage="586665008">
            <Participants>
                <Participant name="e.sPOdMGR1.7hHynb" role="producer" IPDN="uNC_d" performance="chorus master" grossFee="-368126339.94"
                     modifier="C" IPI="_JUIHMuFeNcY7" birthDate="2019-11-02"/>
                <Participant name="casaRv" role="sound engineer" IPDN="NoXiKnzwQnX" performance="soloist" grossFee="-1332268099.32"
                     modifier="C" IPI="kBqnUg2gZPKR7YTY7Xjv" birthDate="2019-10-20Z"/>
                <Participant name="Rg-_dGpr72NT6HTN3nyCrOXmff_9" role="sound engineer" IPDN="zndfL4CU" performance="main" grossFee="-1293660742.47"
                     modifier="B" IPI="jKbSJ0VSYQXa8wK" birthDate="2018-12-12Z"/>
                <Participant name="TnNPwmnjM-7W" role="performer" IPDN="ls2teHDohBHEeq_DwxUbY6aTkt_pUY" performance="supporting"
                     grossFee="-318595379.94" modifier="A" IPI="VuwNhKF5-j8fiCqnv6foaRcu" birthDate="2019-11-15"/>
                <Participant name="d6c45qbMeqfcCFG-a.pFWhi" role="subscriptwriter" IPDN="h9uwu5mDrgmti" performance="soloist" grossFee="-317639347.24"
                     modifier="A" IPI="HSz.6odntEIs8k" birthDate="2019-03-05"/>
                <Participant name="j1VY8WoetVGMTbm5wE80D7_QDBu" role="subscriptwriter" IPDN="o.fBionXPYks" performance="soloist"
                     grossFee="-23159615.22" modifier="B" IPI="hB" birthDate="2018-07-30Z"/>
                <Participant name="Xve7o" role="remixer" IPDN="PauinA" performance="supporting" grossFee="214492883.82" modifier="A"
                     IPI="EdtPPAPBtemR3deTMViCZ" birthDate="2020-01-17"/>
                <Participant name="jdIcq" role="producer" IPDN="yice6kWjhOk8ea3IvCHaoYXQqZ" performance="conductor" grossFee="-136837171.48"
                     modifier="C" IPI="IE7JH-RFiDhM9SntKxD_5" birthDate="2019-10-03"/>
                <Participant name="FEeOwCtO" role="composer" IPDN="qEzO2Kc6_4_SMhfXzWX2sAA2gyJ" performance="main" grossFee="-836275309.91"
                     modifier="B" IPI="G39nPeoNtY68Wp-Cq1K84vf8V1HSOC" birthDate="2019-08-07Z"/>
                <Participant name="SLPstNuco3-fFT80P1WdKKtDFT3q5" role="sound engineer" IPDN="yCJ4MhcrX3l" performance="conductor"
                     grossFee="-33270280.15" modifier="B" IPI="furdQ6OAEN6" birthDate="2019-02-26Z"/>
            </Participants>
        </Record>
        <Record title="gNuv2saPZiARkGkkJ1-PO-rx8" spins="905550058" ISRC="E75E6959975G" year="3807" producer="tglZg-OG.THWH.c"
             label="eBDPX9l9" recordNo="nBagmJflh9hQkzn9YmT2" serialNumber="R_URrB04" isPremiere="0"
             usage="jingle" ISWC="OAa0xPpJOqJZXmpKO6N_V1J4G" AKA="CsT.PsPMR51-qc3x2fEOgENyWx2FA9" genre="pop"
             broadcastedFrom="2019-07-05T11:21:16Z" broadcastedTo="2019-11-26T11:21:16" runtime="1350625018"
             origin="self" alternativeTitle="ajHvhKvANHXQMk" recordedFootage="1146161105">
            <Participants>
                <Participant name="h26xmjWJ2v3o0kbz" role="remixer" IPDN="BrOeil1HaX" performance="soloist" grossFee="-650108872.15"
                     modifier="C" IPI="oysBoKUnOZTfONxA" birthDate="2019-08-20Z"/>
                <Participant name="t" role="composer" IPDN="qTkDxcoiLAUjVbYjB9o-I8X_a" performance="soloist" grossFee="54768362.54"
                     modifier="C" IPI="GbKeiemD05sdlWyrFMQLS" birthDate="2019-02-17Z"/>
                <Participant name="Qv" role="sound engineer" IPDN="P-I8YJXdgyOk." performance="main" grossFee="-526655299.54" modifier="A"
                     IPI="ydaswYa" birthDate="2020-05-19"/>
                <Participant name="F362.dDWIie" role="remixer" IPDN="gdKXXnCHH8s38hhNYpR" performance="supporting" grossFee="-1562116901.34"
                     modifier="B" IPI="xaczy" birthDate="2019-07-15"/>
                <Participant name="cNnxmMKUs3eIFvbE4GxznOaQe5f.M" role="remixer" IPDN="qBfVXb" performance="conductor" grossFee="475666195.65"
                     modifier="C" IPI="m9QcvgkaljFSQiCmv1d-k-K" birthDate="2019-01-31Z"/>
                <Participant name="j7Id5" role="sound engineer" IPDN="CXen.df8uQLLC7cLN-sZkGTwy3Ooxj" performance="chorus master"
                     grossFee="1053586358.31" modifier="A" IPI="u20R.HTWdeu" birthDate="2019-02-08Z"/>
                <Participant name="q0saDbZ5nYwWEHiSto_X" role="arranger" IPDN="wKOR1IgEzAStdB9eVGAjIhh.7" performance="chorus master"
                     grossFee="-1570058486.38" modifier="B" IPI="wncoz1HbjzO9.gvrAFPnY" birthDate="2018-12-06"/>
                <Participant name="Gwg75k6XO7RE" role="subscriptwriter" IPDN="y2L2lTvXPsBwB4zEDtyTWq_rUqgd2" performance="soloist"
                     grossFee="-926725413.17" modifier="B" IPI="C" birthDate="2018-12-01"/>
                <Participant name="HeNT0xQ" role="music director" IPDN="k1c4EleScZ2lDis80Zo9SPtZJ" performance="chorus master" grossFee="694352568.34"
                     modifier="A" IPI="lseLD2r2B1r7Y" birthDate="2019-02-04Z"/>
                <Participant name="E86nOch_0JY7f" role="arranger" IPDN="q" performance="soloist" grossFee="-1365575554.93" modifier="C"
                     IPI="efjAWWncsTWgJo1" birthDate="2019-02-25Z"/>
            </Participants>
        </Record>
        <Record title="wf6o-D" spins="128675354" ISRC="4MTH4FG02RHN" year="6504" producer="WQNDJ8An5sJrbLh" label="u80ji9A"
             recordNo="q4nt3Cr-sM005j11RLn40BZ" serialNumber="CC" isPremiere="true" usage="jingle" ISWC="kivr25eR_FgpOGW0F"
             AKA="V60YuUyx6W.iyMv9apdk_8kHpiB5p" genre="jingle" broadcastedFrom="2019-08-19T11:21:16Z"
             broadcastedTo="2019-04-14T11:21:16Z" runtime="1443234737" origin="live broadcasting" alternativeTitle="tcuXlWex0MkV1Dpb1"
             recordedFootage="399061765">
            <Participants>
                <Participant name="rmuFKk" role="music director" IPDN="dkiCAJ0BRr3EeZo" performance="supporting" grossFee="1821863363.39"
                     modifier="A" IPI="b8penNzPj5JyIsgedrKtrG5E9EhOz7" birthDate="2018-12-10"/>
                <Participant name="OG1PAg2yi3HSit4Cy-XMqQP.obLC8I" role="producer" IPDN="iz" performance="chorus master" grossFee="526980042.30"
                     modifier="B" IPI="Z" birthDate="2019-08-30Z"/>
                <Participant name="R83lhY6" role="arranger" IPDN="aev8yfAWQ" performance="main" grossFee="1178707453.29" modifier="A"
                     IPI="gQ7yG2fdol6Xq6SCw" birthDate="2019-04-15"/>
                <Participant name="JU1l99_HOM" role="sound engineer" IPDN="lMCm4xt4R.gowAWmeJCb-LAZ-" performance="main" grossFee="-1002195071.56"
                     modifier="C" IPI="cp2VY8Br7mJDRUw991N" birthDate="2019-12-29Z"/>
                <Participant name="pi9FkKQe4H_RS" role="producer" IPDN="kJJGoKHK" performance="soloist" grossFee="1902413465.90"
                     modifier="C" IPI="qpdj2i-SPN6h" birthDate="2019-09-03Z"/>
                <Participant name="CO_Nk9yO6" role="performer" IPDN="zjXKQW69uIk0MNRkPm-" performance="supporting" grossFee="1761048746.43"
                     modifier="C" IPI="ArWQ" birthDate="2018-08-31Z"/>
                <Participant name="OUhSYEK3V2ShbGieoS8" role="producer" IPDN="iigxfgUabv3yIE8bipRe0olPsF" performance="main" grossFee="-877470148.95"
                     modifier="C" IPI="v7.SgwQOIcMPEjPFpLsD7_JYyP" birthDate="2018-08-21Z"/>
                <Participant name="yLIXX03.QIUj.c-cj45oJ-qRxJ_O" role="music director" IPDN="JNanuvO8Ipu4" performance="main" grossFee="-450448613.21"
                     modifier="C" IPI="Gk4MqBe" birthDate="2019-04-07Z"/>
                <Participant name="jv3FjU.xjxlx0297Iv3" role="sound engineer" IPDN="sb1P47ZcdX2l9YHTOUXG" performance="soloist" grossFee="373255324.25"
                     modifier="B" IPI="tj0a0d.uJxsEO6l_b_iL2Un_es4" birthDate="2020-06-16"/>
                <Participant name="Pwn377ptg0h70G" role="performer" IPDN="Fc_G6yp8nLp2PpSIbNB0fwI" performance="soloist" grossFee="-700314960.97"
                     modifier="C" IPI="pjBeEITreWohoptKq-A" birthDate="2020-02-03Z"/>
            </Participants>
        </Record>
        <Record title="A0" spins="1217531942" ISRC="E258HP5YH286" year="6742" producer="LY.w3cKDtT3lL3R7Kur" label="hBc"
             recordNo="k03q9x9wcL4mMJeXciR6VMpCo3" serialNumber="hYtRzH7RjSc0q8LQ4-C" isPremiere="false"
             usage="broadcast" ISWC="ho" AKA="lf5DW" genre="classical" broadcastedFrom="2019-05-27T11:21:16"
             broadcastedTo="2018-08-17T11:21:16" runtime="34398524" origin="free of charge" alternativeTitle="bNk6iauzjdPqFubR.Zel7lgNjHu"
             recordedFootage="447165611">
            <Participants>
                <Participant name="EqdTIDW4n_GYx" role="music director" IPDN="kJs" performance="chorus master" grossFee="1552683689.09"
                     modifier="A" IPI="JOmLoFNkM.gCxY9BS1jo7_" birthDate="2019-06-26Z"/>
                <Participant name="DLm" role="sound engineer" IPDN="m-lk21ZKY" performance="main" grossFee="1197081750.57" modifier="A"
                     IPI="YA00znFtWaA" birthDate="2019-08-31"/>
                <Participant name="hYc0x2WyBXHwEh" role="scriptwriter" IPDN="Eh1jssOu4C1dW-laFD23DQPxEB" performance="soloist" grossFee="1818470586.71"
                     modifier="C" IPI="pasNIXUniA8OqVxshKs_zU9R" birthDate="2019-09-07"/>
                <Participant name="rDVW3oQ" role="subscriptwriter" IPDN="gtasp4" performance="soloist" grossFee="1227493078.71" modifier="B"
                     IPI="d195gS7_x-ahndpFt" birthDate="2020-01-20Z"/>
                <Participant name="Is967GYx5mFZS" role="composer" IPDN="FLQ" performance="chorus master" grossFee="1115747916.69"
                     modifier="A" IPI="sD4G" birthDate="2019-03-01"/>
                <Participant name="K6B.alDGhsMSuIUWmp3cbkGctO" role="sound engineer" IPDN="jyPPcUdP_hEwTO9zzJ" performance="chorus master"
                     grossFee="-1363540014.66" modifier="C" IPI="x" birthDate="2019-02-13"/>
                <Participant name="nrQs8wVIv1cRcUh0wDsR6" role="performer" IPDN="x1X51s" performance="main" grossFee="-502735305.01"
                     modifier="A" IPI="_MslEj8g6Aume8Yhma4cao1hkMFi" birthDate="2020-04-25Z"/>
                <Participant name="v7h5.P.j3NNgoH.1bIar" role="sound engineer" IPDN="x10Ps0q" performance="conductor" grossFee="416031643.24"
                     modifier="A" IPI="wTdP76wP-80qMJyVai9Pjf0" birthDate="2018-07-12Z"/>
                <Participant name="J" role="sound engineer" IPDN="PbrrPcqVWQgG4FIFmvaiTRv7" performance="soloist" grossFee="593200082.83"
                     modifier="B" IPI="cIjLxqP" birthDate="2019-04-15Z"/>
                <Participant name="Pw8_O8ZStGpo.fY1OCfm.U" role="producer" IPDN="i_1GZQsQ" performance="conductor" grossFee="579085578.73"
                     modifier="B" IPI="QkopO43E0ff_ne_0Hsx" birthDate="2018-09-12Z"/>
            </Participants>
        </Record>
        <Record title="D-C1hQ97X0i6.fjnZpKdw7sd" spins="662000639" ISRC="60RU7U1394LK" year="0753" producer="Qhoc" label="K9U4UJwVER"
             recordNo="wgul" serialNumber="RYOxFhJiXPXq9TQAv0" isPremiere="1" usage="commercial" ISWC="ZT_3Uv5I.RDxZM"
             AKA="EQJO8A_St62e2L" genre="commercial" broadcastedFrom="2018-12-21T11:21:16" broadcastedTo="2019-05-11T11:21:16Z"
             runtime="560707807" origin="live broadcasting" alternativeTitle="SAti4116cfrEKv19Sn7z" recordedFootage="349666049">
            <Participants>
                <Participant name="BQrXGkXkl8k-v" role="performer" IPDN="NHZ_zm-vVJa" performance="soloist" grossFee="-1088517305.25"
                     modifier="B" IPI="lcUy7l_" birthDate="2018-11-26"/>
                <Participant name="f85kaj" role="subscriptwriter" IPDN="vgfyBrTr1LEQFREWtMD56" performance="conductor" grossFee="1095033280.85"
                     modifier="C" IPI="U2L2uRsiVY" birthDate="2018-08-23Z"/>
                <Participant name="TsW7" role="composer" IPDN="Yp" performance="main" grossFee="31122300.54" modifier="B" IPI="TQyEbCSOCbIYRSZM3C7"
                     birthDate="2018-09-26Z"/>
                <Participant name="Xc048Car_.8s9er99_H2nY" role="producer" IPDN="UzGFtNWlM.Iiksm0XyyyCHCjMq.E" performance="conductor"
                     grossFee="2087102062.94" modifier="A" IPI="KoXLBkbraFw.SnE54j" birthDate="2019-04-29Z"/>
                <Participant name="Ddovrqo" role="music director" IPDN="xH7i" performance="soloist" grossFee="235349253.55" modifier="A"
                     IPI="Rc0lNa6" birthDate="2019-02-13Z"/>
                <Participant name="AfaaIic.slc93n.6cDtx2K" role="producer" IPDN="_yyt06scV3e" performance="conductor" grossFee="-1811771728.02"
                     modifier="C" IPI="DGEHHF1OEbx2BW68lXlSLp" birthDate="2019-01-07Z"/>
                <Participant name="AZFyHm1s6K_B9sa" role="subscriptwriter" IPDN="GofenlbU0H" performance="supporting" grossFee="601611942.80"
                     modifier="C" IPI="oEuQnZvJ6On6E" birthDate="2018-07-24Z"/>
                <Participant name="Fo0ImrD.rJRdGxdszKc7Jk-eEPFHlm" role="performer" IPDN="_PBJaAwSRZA" performance="soloist" grossFee="-66367835.30"
                     modifier="C" IPI="cLCpG_hySLcxvf" birthDate="2018-12-25Z"/>
                <Participant name="Qzld1h6OInqQAJv" role="scriptwriter" IPDN="z_HQ5F0tKtEJUjp_kILdNV" performance="conductor" grossFee="-500211304.60"
                     modifier="A" IPI="F90r7" birthDate="2019-09-21"/>
                <Participant name="vDvgS" role="composer" IPDN="U" performance="supporting" grossFee="-1769192893.72" modifier="A"
                     IPI="zrZKZyxMR" birthDate="2019-12-26Z"/>
            </Participants>
        </Record>
        <Record title="WgHj5iIzAMubHGVYm" spins="768243579" ISRC="8C915SY555SI" year="7382" producer="I2CnzP66Hc9OAcHc_mh"
             label="e7RxTV.5" recordNo="tW1uB597eAuENy-sXn9IlmDCi6zqU" serialNumber="Pta2dUyvzke8R83"
             isPremiere="1" usage="jingle" ISWC="rH6y7b" AKA="p.fQVYWnIGtb8C9LOG0dm" genre="spoken word"
             broadcastedFrom="2018-10-24T11:21:16" broadcastedTo="2019-10-21T11:21:16" runtime="1895961286"
             origin="recorded stream" alternativeTitle="raRVb.KvtDLmMAIu" recordedFootage="997607858">
            <Participants>
                <Participant name="_AM_akthrwFUB" role="remixer" IPDN="kv.eAYS" performance="chorus master" grossFee="-533691537.89"
                     modifier="A" IPI="f" birthDate="2020-02-08Z"/>
                <Participant name="O_Ik85z8Yn0bbEuk" role="sound engineer" IPDN="InjqernUrg7vQ" performance="main" grossFee="514536451.97"
                     modifier="A" IPI="HibYQsR_V_jVZm-OGXHR" birthDate="2018-10-31"/>
                <Participant name="oiBrmG4gistMuPO" role="sound engineer" IPDN="VhelC" performance="chorus master" grossFee="-1667808204.28"
                     modifier="B" IPI="Qc" birthDate="2019-11-11"/>
                <Participant name="ut3tzvJey-Ky" role="arranger" IPDN="X6s7Tie9DbZ18l_-bt" performance="soloist" grossFee="-416181776.91"
                     modifier="A" IPI="v5F" birthDate="2019-04-05Z"/>
                <Participant name="K_eHRWEoNXPDe5IlBkZ3z6XbNueq7u" role="composer" IPDN="L3MN.G" performance="chorus master" grossFee="-1600103703.07"
                     modifier="B" IPI="Jvr-8d5" birthDate="2019-11-22Z"/>
                <Participant name="CkgxmPhuYfqKpgeyM3qmCNIoa" role="scriptwriter" IPDN="aXXtBO43w5S4kL2lYqi0kRpEz4" performance="main"
                     grossFee="1098338819.09" modifier="C" IPI="P.Nl2dnk7G" birthDate="2020-02-03Z"/>
                <Participant name="VeOQWH_uz2koghVCvLM" role="producer" IPDN="R" performance="main" grossFee="1059764223.59" modifier="B"
                     IPI="jQjCEIF2K7NXnQJ" birthDate="2020-04-08Z"/>
                <Participant name="ih" role="subscriptwriter" IPDN="Cw3duXMqfGMZF1K" performance="supporting" grossFee="-890847667.84"
                     modifier="B" IPI="JvzOpyLKkR" birthDate="2019-07-17Z"/>
                <Participant name="OB9bklxbiyQ3a1j7B" role="sound engineer" IPDN="_7iGYH163ZON7DNC80czH8" performance="supporting"
                     grossFee="1614880466.95" modifier="B" IPI="Rf6GibGM" birthDate="2019-11-07Z"/>
                <Participant name="DerKk" role="performer" IPDN="D_TNjw0gGRtVpOU" performance="soloist" grossFee="956500000.92" modifier="A"
                     IPI="AO" birthDate="2019-04-10"/>
            </Participants>
        </Record>
        <Record title="fDaWHzDl1x" spins="239696543" ISRC="5772OBAJ0427" year="3187" producer="f3tgcxuE2kvHkE-3YOac8"
             label="Xc47xz_Gah" recordNo="Y5dPV-c_wZiR5gv2qS8" serialNumber="OmLqFbu_KYPaHWHlX0" isPremiere="true"
             usage="commercial" ISWC="a-xOsf.qEw.WANUqaz8UY3d" AKA="MOIho2OW" genre="spoken word" broadcastedFrom="2018-11-24T11:21:16"
             broadcastedTo="2019-07-21T11:21:16" runtime="807806149" origin="report" alternativeTitle="n6GluQgjZ1gHbs6uRcgWSsKXknMx"
             recordedFootage="177082172">
            <Participants>
                <Participant name="ZNjzcJ2W9Bu8Gf6QM" role="subscriptwriter" IPDN="F3jbLXQNrYgpTwbVhOLQm" performance="supporting"
                     grossFee="2057610196.63" modifier="A" IPI="OPqJPg6" birthDate="2019-03-16Z"/>
                <Participant name="fX-F72pF9T0" role="subscriptwriter" IPDN="wAxS8Fr3igg3I4hW0GmVH" performance="supporting" grossFee="1140502078.82"
                     modifier="C" IPI="zY5KVTubQe-a" birthDate="2018-08-30"/>
                <Participant name="Dphh." role="composer" IPDN="IhP4OwNqWcB4Da.MMtiEO" performance="conductor" grossFee="1724476668.92"
                     modifier="C" IPI="dQ2WO58q" birthDate="2020-05-04"/>
                <Participant name="bLw0qL9pLI-m9tKO698-94" role="producer" IPDN="We1N" performance="chorus master" grossFee="922453363.21"
                     modifier="A" IPI="LOdMLEYN-syI9EpU3G" birthDate="2020-02-05Z"/>
                <Participant name="LTqqfS5gmzxCEKPT" role="music director" IPDN="JBApV.bWommUCx4QBW7Ry2pmmtuPq" performance="soloist"
                     grossFee="2125532319.34" modifier="A" IPI="ufay6KjLS" birthDate="2019-01-10"/>
                <Participant name="MiXYB" role="composer" IPDN="U_7TD6LvKMt3s-fBQT70q3JjCcrI" performance="main" grossFee="959692504.45"
                     modifier="C" IPI="ijY.uBvs-P" birthDate="2019-02-05"/>
                <Participant name="vdqjZUHr8C_udV29" role="music director" IPDN="cT0Aot.5qLvrjklY4yS23ms9pK" performance="main" grossFee="1118621602.18"
                     modifier="A" IPI="MjUMw3xS.B" birthDate="2019-09-19"/>
                <Participant name="J" role="sound engineer" IPDN="Fvj0u8gUV7O7Bal2iJX4hNSDSh" performance="supporting" grossFee="474888368.34"
                     modifier="A" IPI="DVprxlB.hq3aFtAa-iMRXJoRVzZkz" birthDate="2019-12-03Z"/>
                <Participant name="RPrQ3hGmnD6W3TIv_JoE" role="producer" IPDN="n2q5pq8YsCJh" performance="main" grossFee="1364228125.91"
                     modifier="B" IPI="f-Ele_Ejp3YVbnZaSZwS4hP.R4xe0" birthDate="2019-04-30Z"/>
                <Participant name="Gb2Hs7gEE.F55tSSc7qsjVA6H3Gi_" role="subscriptwriter" IPDN="LmqSAn.8aWtGy" performance="main"
                     grossFee="-1901191885.38" modifier="B" IPI="PKEuCNucV_Mc6I3H6xno4ulTvypjM" birthDate="2018-08-27"/>
            </Participants>
        </Record>
        <Record title="_hdYv0EyGpHBIjziib.eORAPh" spins="568602615" ISRC="DJI90A38H3C4" year="6438" producer="fWIO_.EjyU"
             label="RfM15CwOrcHlTp" recordNo="IfqL5Mrf0SyL96is7o0j" serialNumber="d8tUGJ854vupbb" isPremiere="0"
             usage="commercial" ISWC="CS5" AKA="vytTL" genre="commercial" broadcastedFrom="2018-07-28T11:21:16"
             broadcastedTo="2019-09-03T11:21:16" runtime="2110743365" origin="free of charge" alternativeTitle="BEmIsOoIxBf3tAuHgUCOleqvIPU"
             recordedFootage="1759343370">
            <Participants>
                <Participant name="l1Dlt_AWTZzgfNw-iu_" role="arranger" IPDN="O4PC" performance="chorus master" grossFee="60197938.83"
                     modifier="B" IPI="naBvNin4eRY2.fc115.vL0" birthDate="2018-08-02Z"/>
                <Participant name="KdjERjgwFMg9uVCERRNV9RKCDrr3" role="producer" IPDN="cLZeotjwxJ0AWZLEUxZF" performance="soloist"
                     grossFee="-1656527849.02" modifier="B" IPI="Ga2rfThSEE" birthDate="2019-02-27"/>
                <Participant name="prOh04fjPbC" role="producer" IPDN="imcx" performance="supporting" grossFee="-824488691.34" modifier="B"
                     IPI="c5aEWS" birthDate="2018-12-09Z"/>
                <Participant name="gunyAfCSOT1ap" role="sound engineer" IPDN="ID_MvW6wCG" performance="conductor" grossFee="-8875105.18"
                     modifier="B" IPI="JapohEaHtu5j-w0" birthDate="2020-04-22Z"/>
                <Participant name="vMUYiXf6RX6" role="composer" IPDN="M-ysTSBQRYo_Alr" performance="soloist" grossFee="-1284370884.12"
                     modifier="A" IPI="USAFJRECd" birthDate="2018-10-28"/>
                <Participant name="M1I4q" role="composer" IPDN="EvzHWy4Tk6sYzNBFo8wTmQBbu" performance="chorus master" grossFee="-1087284359.20"
                     modifier="C" IPI="X6OF" birthDate="2020-04-07"/>
                <Participant name="zfr" role="sound engineer" IPDN="ACzNcf" performance="soloist" grossFee="270659701.20" modifier="A"
                     IPI="V9R6Jhrkz-6qI" birthDate="2019-02-25"/>
                <Participant name="G4svP0" role="remixer" IPDN="z3evDX.XMw_jUAUHg.H2ypRBq8x" performance="supporting" grossFee="-1479255219.52"
                     modifier="B" IPI="bbbYwIfPcZsPzBRt9-MdOGQGVY-" birthDate="2020-04-07Z"/>
                <Participant name="oTSlaOXv3KTV_neK78Hy.a" role="arranger" IPDN="u51IyCdxkElikciAW" performance="main" grossFee="-1202368491.11"
                     modifier="B" IPI="x" birthDate="2018-12-14Z"/>
                <Participant name="z" role="scriptwriter" IPDN="m.2ij6_6ANOgnpE4qqWEhvW" performance="chorus master" grossFee="610939730.48"
                     modifier="B" IPI="yQdRp7WOm-68" birthDate="2020-06-03Z"/>
            </Participants>
        </Record>
        <Record title="DIYEdbojeLqedYpZ2Sa-ij2e" spins="12231819" ISRC="H997X4Z45695" year="0616" producer="u0Ohygjy2MIw77Haa0O.tCOu_6oTR"
             label="kXBmv2pBw1qVr" recordNo="e.GjuJ6pczncy-XObKZ6JhWeXV" serialNumber="xuSC" isPremiere="1"
             usage="commercial" ISWC="GdXHXbjJ" AKA="PBaMMx0pcmN_Rdsq4slIecpJy" genre="jingle" broadcastedFrom="2019-05-06T11:21:16Z"
             broadcastedTo="2020-02-05T11:21:16Z" runtime="2032416454" origin="self" alternativeTitle="aVps6.DazZ8URn1D6Kzd"
             recordedFootage="983875353">
            <Participants>
                <Participant name="iwzrhGK21__pa6YyhK3a" role="sound engineer" IPDN="mZA-PD7-YsFeFil" performance="soloist" grossFee="5847502.53"
                     modifier="A" IPI="b9cf1ob" birthDate="2019-12-28Z"/>
                <Participant name="S" role="arranger" IPDN="EUYnbiLYC5P34T" performance="conductor" grossFee="784867716.67" modifier="A"
                     IPI="T1rsw" birthDate="2019-07-22"/>
                <Participant name="qG4PwJGC" role="subscriptwriter" IPDN="G.XvFYO-1RnjPz2Tfs6n5" performance="supporting" grossFee="235669169.78"
                     modifier="B" IPI="XeP3Uf2dSWb" birthDate="2019-03-08Z"/>
                <Participant name="sKwzodj1moSeksCQg_PdiiYFcui" role="arranger" IPDN="ut_l0bNcY" performance="main" grossFee="-1759427470.32"
                     modifier="C" IPI="m9BFTw741ML75AOzJUg6Itf" birthDate="2019-10-23"/>
                <Participant name="A_y" role="producer" IPDN="KUIdOgN1wNJ-L" performance="chorus master" grossFee="1165563162.49"
                     modifier="C" IPI="mDP" birthDate="2020-02-11Z"/>
                <Participant name="YZ5wwHuPWT9E" role="performer" IPDN="CJjNULJ8DukxykEU" performance="chorus master" grossFee="1538410209.61"
                     modifier="B" IPI="_2WyuI03kTepTzirbuwU2228g" birthDate="2020-03-28"/>
                <Participant name="JE" role="sound engineer" IPDN="CnQkYLXFWmthm" performance="supporting" grossFee="-17982068.52"
                     modifier="B" IPI="_6MFSBgpb7nbLvX" birthDate="2019-12-18Z"/>
                <Participant name="X-MXnw2bbF7qD9s7AG_" role="arranger" IPDN="eU.yAdrGIhIObrdwe3e" performance="chorus master" grossFee="1395574147.93"
                     modifier="C" IPI="pxEmKI892JE" birthDate="2020-02-08Z"/>
                <Participant name="xceC1CkvJt" role="scriptwriter" IPDN="qo" performance="soloist" grossFee="-210146561.22" modifier="C"
                     IPI="huxKAAuIn" birthDate="2018-07-25Z"/>
                <Participant name="gwfFKiTh.Q7.rs20-18Gc" role="subscriptwriter" IPDN="oCAofu" performance="soloist" grossFee="-1452985877.53"
                     modifier="A" IPI="P0Xw_c0pGs0.rVRDqC9Z9z_Uigk2d" birthDate="2018-10-03"/>
            </Participants>
        </Record>
    </Record>
    <Record title="v9oT0" spins="358329914" ISRC="ZW49I7MK608N" year="8674" producer="Bu" label="kS5DNOsTN5Dw3UFQBQ."
         recordNo="iJukqoCPzdRCWlq09I4" serialNumber="m-IafHcWCMxl3c5lBr_e1fHO3qzQm" isPremiere="false"
         usage="jingle" ISWC="SMXqBGAhd9zMa_BTr42yfqlW9Id0l" AKA="Rix" genre="spoken word" broadcastedFrom="2019-02-15T11:21:16"
         broadcastedTo="2020-05-08T11:21:16Z" runtime="1685552163" origin="free of charge" alternativeTitle="G0gopsvc3obNpsqUp0oq9BdHeFcBQ"
         recordedFootage="2045396266">
        <Participants>
            <Participant name="sYFOmzhWd9ygvLialj4S8a-YT" role="composer" IPDN="KGTRCmKgcDN-jDat-jG3p34" performance="chorus master"
                 grossFee="446057719.81" modifier="B" IPI="dH" birthDate="2019-06-20"/>
            <Participant name="cfLAnCMLUj7aBZB-vRdbd3Ic" role="sound engineer" IPDN="l8olbIDlO.MdxXV1" performance="main" grossFee="1797690533.35"
                 modifier="A" IPI="L-t" birthDate="2018-11-29Z"/>
            <Participant name="G6YgVy" role="producer" IPDN="ped7n" performance="conductor" grossFee="1516351233.59" modifier="C"
                 IPI="BiKIGfdn" birthDate="2018-11-23Z"/>
            <Participant name="rZAUBjPP.mMCYMd.vjXovtTz1nc2.N" role="remixer" IPDN="w9" performance="conductor" grossFee="794471989.50"
                 modifier="A" IPI="GbJhf_dlHM_Ueq8Hx" birthDate="2018-11-03"/>
            <Participant name="kg" role="producer" IPDN="OOWLSpMoeo_R" performance="main" grossFee="694347953.57" modifier="C"
                 IPI="QOKaf1dy1" birthDate="2019-05-26Z"/>
            <Participant name="kKhp7Acp.6bmWOCEV" role="composer" IPDN="jP" performance="conductor" grossFee="1392568500.92"
                 modifier="A" IPI="pP7dXk-MRCVx7vJIvvX" birthDate="2018-07-30"/>
            <Participant name="v_fov8uHbfPtS4gXqUYWQfiJT" role="arranger" IPDN="JxZeUMv2" performance="chorus master" grossFee="245653974.58"
                 modifier="C" IPI="sK3yOqN" birthDate="2018-11-24Z"/>
            <Participant name="Y8k583QTe" role="remixer" IPDN="USmXHriWPGPGku3y43_hvufTb4y" performance="chorus master" grossFee="972277519.91"
                 modifier="C" IPI="FdhkjMmumdeAy4dri.LY6Ma" birthDate="2020-02-11Z"/>
            <Participant name="I5RkAFFi5z18QUGqHb.jQSjinLd" role="arranger" IPDN="Srms5R" performance="chorus master" grossFee="-1824845943.82"
                 modifier="C" IPI="sBxTmQUaunGvpu6jtfQKz3oDs.h5h" birthDate="2019-02-08Z"/>
            <Participant name="KVJ0I4MdiDCvo" role="scriptwriter" IPDN="dU5S2XfUyvXYcm" performance="main" grossFee="-549032529.43"
                 modifier="A" IPI="M3GrMfg" birthDate="2019-02-07"/>
        </Participants>
        <Record title="_vC_" spins="1986988996" ISRC="32EW2Q5J318W" year="6257" producer="nWyRMmGpNCTUbBX6Y_lEAFY9dY"
             label="b_RBO6IUGGE" recordNo="SNfV6FN.FeRHfdFnu6" serialNumber="AvkPzEWI3hpjcmpsa5VtiRR-"
             isPremiere="true" usage="jingle" ISWC="Xzj4" AKA="F70BlVf" genre="jingle" broadcastedFrom="2019-05-06T11:21:16Z"
             broadcastedTo="2018-09-17T11:21:16" runtime="1449023370" origin="free usage" alternativeTitle="LYFl.SrlJZLqaIaIv-Oky2QEsbXF"
             recordedFootage="1456063902">
            <Participants>
                <Participant name="WNmq.UAGo-A2n" role="performer" IPDN="LFBAX6" performance="main" grossFee="2127817544.08" modifier="A"
                     IPI="xShQah_14dz0BEN8k" birthDate="2020-04-02Z"/>
                <Participant name="xiSwe7Vu7dis2hAjjC1q" role="performer" IPDN="Z8awfZtmoDcBXRa7Q" performance="conductor" grossFee="-1129443161.12"
                     modifier="A" IPI="RGbaFl-8d0jwCWhlYfEcMfvO6rn0YB" birthDate="2018-07-29Z"/>
                <Participant name="CGZg3TotBcVeh9mXAzrk_Rx" role="scriptwriter" IPDN="O-fdyhfzz" performance="conductor" grossFee="491523316.96"
                     modifier="B" IPI="FdKvoa_wIJn20_HOJlZD" birthDate="2020-01-08"/>
                <Participant name="XcKYZe7w_ZyfgKHEPyOfnE5c3LESLS" role="music director" IPDN="xx9F4q84cS" performance="supporting"
                     grossFee="-553517683.13" modifier="A" IPI="JN71JdTPEOgN-h-" birthDate="2019-01-23"/>
                <Participant name="mhVvo" role="composer" IPDN="_uYi6u2KcT_vfcsJ_47-wCSqMk0" performance="supporting" grossFee="-1052117124.14"
                     modifier="C" IPI="T3JvjUtcQ" birthDate="2018-11-23Z"/>
                <Participant name="vm1t3_raZ028QUgh" role="arranger" IPDN="e" performance="supporting" grossFee="-1927425576.47"
                     modifier="B" IPI="TKa0eVU8M0SjW27gq2Ywc94TJEGk3V" birthDate="2019-06-09"/>
                <Participant name="whlvgjzUD" role="scriptwriter" IPDN="e8BVs9IFshKfZW-e1iby_." performance="soloist" grossFee="-1960654849.72"
                     modifier="C" IPI="Q705IinDh207sEfEvC" birthDate="2019-12-01Z"/>
                <Participant name="dkM3wHmFqqW3iP5w.oVQCnKSk8Ll" role="sound engineer" IPDN="bpA_55aDL" performance="soloist" grossFee="1449892509.41"
                     modifier="C" IPI="NFz1UV8O3q" birthDate="2019-09-06Z"/>
                <Participant name="ApDbWoBzMGad4G6uqARh83w-J4" role="producer" IPDN="dZWlnNioSh4Wy3QLK7" performance="chorus master"
                     grossFee="1532346466.86" modifier="B" IPI="yDCx9MqsL.DMzPzxvmUy-qa" birthDate="2020-04-19Z"/>
                <Participant name="LE224" role="music director" IPDN="wB-U-zg" performance="conductor" grossFee="-262189392.45" modifier="A"
                     IPI="No3J5OYo_" birthDate="2019-12-14Z"/>
            </Participants>
        </Record>
        <Record title="VW1kjI4nB0VCl2IhVgNdVH181gST.p" spins="1460107331" ISRC="0C4EZKJPT4RU" year="8487" producer="XLrSF6"
             label="ipqnX9_Jfc1HAvsOKgh6gH" recordNo="GiMtceUgnndNUgtD380z" serialNumber="U-cB2g0" isPremiere="1"
             usage="broadcast" ISWC="cGZtcmepXm" AKA="d1V" genre="commercial" broadcastedFrom="2020-05-11T11:21:16Z"
             broadcastedTo="2018-08-31T11:21:16Z" runtime="1843049228" origin="self" alternativeTitle="Epghgz.Zp0c"
             recordedFootage="1941902129">
            <Participants>
                <Participant name="f8K7A" role="producer" IPDN="itSWjBbczejD.3lUGRxCzby" performance="soloist" grossFee="687478383.27"
                     modifier="C" IPI="I" birthDate="2019-04-20"/>
                <Participant name="FANlSR" role="scriptwriter" IPDN="PlQ9_gd3DTWxXPU0" performance="soloist" grossFee="-1046447519.50"
                     modifier="C" IPI="hHSxTwrfIu8" birthDate="2018-12-20Z"/>
                <Participant name="qmX_T8cgVRjPYG" role="remixer" IPDN="WatJewDA2y4gGiCK6qP06SSQCz" performance="main" grossFee="845151538.19"
                     modifier="C" IPI="LCXzYf00qp0TDrfkjIHWpzB" birthDate="2018-09-22"/>
                <Participant name="pcciIsOYgfpXKD" role="subscriptwriter" IPDN="LNnf3-eoc4rYRQ.GGLoW_B84" performance="supporting"
                     grossFee="2134498867.66" modifier="B" IPI="VM2XdpWKy6FvGlM8QuU5" birthDate="2019-07-23"/>
                <Participant name="mnIipybSnSK" role="subscriptwriter" IPDN="jowPOBhIEOZfJ_F.6XZX0tUNgK2dPb" performance="conductor"
                     grossFee="167783556.25" modifier="A" IPI="cv1EprCYcmbIq8mr0hjg7et" birthDate="2019-05-14Z"/>
                <Participant name="uTRU64Byd1b7fX5GPYmDZYH" role="producer" IPDN="SRwZNy" performance="supporting" grossFee="673006521.52"
                     modifier="A" IPI="OAe0vp" birthDate="2018-08-13Z"/>
                <Participant name="e7OHo-_H" role="arranger" IPDN="nGDQkUBeAimh8jEg47opBYc4C0I" performance="chorus master" grossFee="-440192261.38"
                     modifier="A" IPI="FLPS7Z8.OXGLb0hvXfIEoqAgz.." birthDate="2018-10-08"/>
                <Participant name="BGbsVQZMn" role="scriptwriter" IPDN="FzhPB7T6g" performance="conductor" grossFee="1218915905.01"
                     modifier="B" IPI="aQ1klCN" birthDate="2020-02-26Z"/>
                <Participant name="PjkiGxfBrFN9buoWyR" role="scriptwriter" IPDN="VAUqkx09kmcZN3qu3O53mAIVNGphqO" performance="supporting"
                     grossFee="2040755725.01" modifier="C" IPI="U5dr7dyhma6" birthDate="2019-06-04Z"/>
                <Participant name="cTqHqZKM" role="performer" IPDN="kOT0WKrSEWRMJyRnTuY" performance="conductor" grossFee="-1395353185.11"
                     modifier="B" IPI="aPLD4r3Z2CXpsghi1" birthDate="2019-09-20"/>
            </Participants>
        </Record>
        <Record title="dpCvX9Gi.em6wGX-viZ-1KJHE" spins="1260052168" ISRC="8K050P35DS06" year="2862" producer="FO" label="vFESs7sIP6iHQ"
             recordNo="ZPndrx7kS_ZBVVP" serialNumber="h0fYlvrRJh9ER8E8O4VuKamhBO" isPremiere="false"
             usage="broadcast" ISWC="Z3xhzkIuNceF2mt7Zl7R-c.2zm3q" AKA="UBzf" genre="jingle" broadcastedFrom="2019-12-22T11:21:16Z"
             broadcastedTo="2020-05-07T11:21:16" runtime="2002464959" origin="recorded stream" alternativeTitle="xd3CcEJ1Z9dwLv_qCh1"
             recordedFootage="1017094983">
            <Participants>
                <Participant name="da" role="music director" IPDN="Q" performance="main" grossFee="1359127093.12" modifier="A" IPI="mtvUpNxwI9sZaf_2IE"
                     birthDate="2020-04-05Z"/>
                <Participant name="XRUVZWM3Z6Jzc" role="performer" IPDN="GpMpf8JS" performance="chorus master" grossFee="-803181.56"
                     modifier="A" IPI="r3sNKAn3-f4" birthDate="2020-02-16Z"/>
                <Participant name="xZ4XsNYapYSY8Us3Qr6luPYH" role="composer" IPDN="J" performance="conductor" grossFee="1725585070.21"
                     modifier="A" IPI="FRgMunWEz" birthDate="2018-12-16Z"/>
                <Participant name="MBqAPWLs" role="producer" IPDN="jIqC6mbpwdMhl6jL.q0q" performance="chorus master" grossFee="1452840400.85"
                     modifier="B" IPI="V.D9P" birthDate="2020-06-03Z"/>
                <Participant name="Gher.v06hqyA.o" role="scriptwriter" IPDN="s_So5qAjkye" performance="chorus master" grossFee="456358689.03"
                     modifier="B" IPI="uIw" birthDate="2019-01-13Z"/>
                <Participant name="vx0Fot9R_3awUKSrv0jFYXN0HAcwPM" role="arranger" IPDN="kh.9tQVbZ6AL9tkOfo9" performance="conductor"
                     grossFee="230717134.30" modifier="C" IPI="LBCZ" birthDate="2019-09-29"/>
                <Participant name="oQga" role="composer" IPDN="z14Mtvk8LUGJwo" performance="chorus master" grossFee="-1694915286.93"
                     modifier="C" IPI="mPlDFSG9c" birthDate="2019-05-19Z"/>
                <Participant name="ZdJPe0REeDxI" role="remixer" IPDN="G2qY6GDel" performance="supporting" grossFee="-2053850902.36"
                     modifier="B" IPI="aqBiIpVJZ-jdA2Y.f" birthDate="2019-02-15Z"/>
                <Participant name="SX8ZM" role="subscriptwriter" IPDN="hbXLYfCbfT8OPtLMvhffKCBUwtCo8a" performance="supporting" grossFee="-217345876.76"
                     modifier="A" IPI="Clmlioo1dIEgm2L2YkUuZ" birthDate="2020-06-27Z"/>
                <Participant name="l3pUfLOxdOFo_8cEyoQndt4ljxG4" role="producer" IPDN="N.bB" performance="soloist" grossFee="904521222.65"
                     modifier="A" IPI="mC86YjUyilA" birthDate="2018-10-06Z"/>
            </Participants>
        </Record>
        <Record title="J8teRp09eje5xCjN_CjMYtB1ONa" spins="975390522" ISRC="UDP322616KSV" year="7224" producer="k0UQIFN50KnXmEv0Lp.7xsNtKH"
             label="Z1sF6d59sRW9oz" recordNo="wnoFde7kFnaLsyOL" serialNumber="kKzoNKONU50f2ia_v" isPremiere="false"
             usage="commercial" ISWC="z" AKA="Li-b_" genre="spoken word" broadcastedFrom="2019-11-04T11:21:16"
             broadcastedTo="2020-02-17T11:21:16Z" runtime="1724051406" origin="recorded stream" alternativeTitle="vl3bOlobsw-"
             recordedFootage="811326092">
            <Participants>
                <Participant name="dSUWG" role="performer" IPDN="l-EyMSQ89mTn6rtU4rRsv_0O5PMB" performance="chorus master" grossFee="-359621206.80"
                     modifier="B" IPI="jPg280j" birthDate="2019-04-18"/>
                <Participant name="Gv6FEKRTo4NyOH.ANyy" role="sound engineer" IPDN="GbdGRCKMWLfq-776H0J0ZXUwHGZ" performance="conductor"
                     grossFee="-2015220628.90" modifier="A" IPI="m" birthDate="2019-07-25"/>
                <Participant name="uEFulrK__tv9I8uH8HUBAe" role="composer" IPDN="KH.9v.oXCFp7WZ-iM2_1fM" performance="conductor"
                     grossFee="724419457.08" modifier="A" IPI="IPqZA-kXCIdDcUgLqnOlte" birthDate="2019-07-11Z"/>
                <Participant name="sFvkL.KO" role="arranger" IPDN="j.8Vufvj8Ckn6NDp" performance="soloist" grossFee="1197454189.21"
                     modifier="B" IPI="tsSTTvv" birthDate="2019-06-15Z"/>
                <Participant name="G7SMAgyuSPguWsX22_rpeUFcCmShJS" role="performer" IPDN="DXU" performance="conductor" grossFee="-567569538.37"
                     modifier="B" IPI="_v9N54Fte.zfHCk" birthDate="2019-12-05Z"/>
                <Participant name="Zl4oEuMX8_" role="arranger" IPDN="_S4" performance="conductor" grossFee="1468983439.65" modifier="B"
                     IPI="_qOGAIR" birthDate="2019-05-29"/>
                <Participant name="W5MTqHsCSwCKh" role="composer" IPDN="NLYLcjReaEITai9qBHqVI" performance="supporting" grossFee="558992025.87"
                     modifier="A" IPI="v9dq9Gg.wReIcmgNCxca47N1" birthDate="2020-03-07Z"/>
                <Participant name="a_" role="producer" IPDN="VG" performance="supporting" grossFee="1475908818.90" modifier="A" IPI="I2jQF.ecNg-"
                     birthDate="2018-09-16"/>
                <Participant name="GBL47MHr" role="producer" IPDN="ZRF" performance="supporting" grossFee="-1691400560.27" modifier="B"
                     IPI="rsr-1Aj_F6q" birthDate="2019-11-07"/>
                <Participant name="yHorop.rv67j7U" role="sound engineer" IPDN="jR" performance="chorus master" grossFee="-1452492098.23"
                     modifier="A" IPI="H5S" birthDate="2019-02-04Z"/>
            </Participants>
        </Record>
        <Record title="VQ4pk.PmJK-W8" spins="1268942230" ISRC="90HD50Q618R0" year="3085" producer="rrAgkrrIQNq1RNzF1fjP"
             label="ianc8NYxH7V1z6ibtp" recordNo="LoEfDvbZtQe28yK4kCETdL" serialNumber="xsGEi.jJX" isPremiere="0"
             usage="commercial" ISWC="vAKiqpmiBGIfL" AKA="metG-Tz5ZKzW_zd8" genre="classical" broadcastedFrom="2020-04-29T11:21:16"
             broadcastedTo="2019-01-15T11:21:16Z" runtime="1257599762" origin="live stream" alternativeTitle="L"
             recordedFootage="75709549">
            <Participants>
                <Participant name="hq98Lu8" role="composer" IPDN="ULNtIn7-eTYE.StNRt" performance="supporting" grossFee="-171408663.95"
                     modifier="B" IPI="p5phCC-33b630Xa" birthDate="2018-08-29"/>
                <Participant name="H4QbdFxh7X-OLM" role="performer" IPDN="EEu10" performance="supporting" grossFee="-392813582.17"
                     modifier="A" IPI="T87_qCcrUZSQOph9" birthDate="2019-01-25Z"/>
                <Participant name="cRgC3zSld1JoII6.r" role="producer" IPDN="oIK0TaIoDUh2R1.JV.y0e2NzN" performance="main" grossFee="74275712.10"
                     modifier="A" IPI="Shv4HOzlDPWq7_r" birthDate="2018-08-06"/>
                <Participant name="Ibh.DCHF3mnEMVYt5B815wK3" role="music director" IPDN="MKmbnlojXii" performance="main" grossFee="891375233.39"
                     modifier="A" IPI="nYRdiDc-VcKeEnCktkBDXP" birthDate="2019-02-09Z"/>
                <Participant name="s50U6Yp3" role="music director" IPDN="qbwDKWYn8yxvqI-Gnog7GcHDhF1D" performance="soloist" grossFee="-116589562.47"
                     modifier="A" IPI="jZoA_qHXu" birthDate="2019-06-06"/>
                <Participant name="MTpP4TRTB" role="remixer" IPDN="qemwa3ps" performance="chorus master" grossFee="1128016870.47"
                     modifier="A" IPI="EuqpJd.X_fPmWq73" birthDate="2019-11-05Z"/>
                <Participant name="MdJ9YgN" role="remixer" IPDN="v" performance="conductor" grossFee="-84774852.06" modifier="A"
                     IPI="LKxQ" birthDate="2020-03-14Z"/>
                <Participant name="lDjt4qutsOAAyUnv0WsmPdiP" role="composer" IPDN="GhOfZWm" performance="supporting" grossFee="-1399985092.27"
                     modifier="A" IPI="r" birthDate="2019-08-13"/>
                <Participant name="B7zXXm0" role="remixer" IPDN="wWNKUKb" performance="conductor" grossFee="-2021014138.65" modifier="C"
                     IPI="PHHE70GWE1LbWlfYj9teZTFwO" birthDate="2019-08-19Z"/>
                <Participant name="YYDuFeKjvBu" role="producer" IPDN="r6a9XW60rN1ZS" performance="chorus master" grossFee="-570939642.64"
                     modifier="B" IPI="UlNv6w3FUcqbz3-PgpLge3ezEJb" birthDate="2019-08-15Z"/>
            </Participants>
        </Record>
        <Record title="W.0Qt7" spins="1717578912" ISRC="0TWMTHMO6A75" year="5415" producer="SWLuUvpnIAHkwn6" label="Z5EL"
             recordNo="nZluu3KTw47qinKY1MQrXQ" serialNumber="upxU7IP0kvk" isPremiere="true" usage="jingle"
             ISWC="wfgcHXK9c0dr" AKA="sBwjRQjM" genre="spoken word" broadcastedFrom="2019-02-08T11:21:16"
             broadcastedTo="2019-01-14T11:21:16Z" runtime="1058095396" origin="free of charge" alternativeTitle="kL44GNZggf_xnAmvS8zziKm43FW3d7"
             recordedFootage="1304020352">
            <Participants>
                <Participant name="n5sMU9EDs" role="subscriptwriter" IPDN="o2xLyoIa8DQRri-" performance="soloist" grossFee="1894075021.63"
                     modifier="C" IPI="pdS_F_C27W4vIvWuzVLAj8Zst-Z" birthDate="2020-01-28"/>
                <Participant name="mk6FMV5DMJP.oMokSAKOeslQfc" role="remixer" IPDN="V5" performance="supporting" grossFee="1204201157.77"
                     modifier="A" IPI="HQ0ZutyN2Ewh..nsWQoYV" birthDate="2019-01-05Z"/>
                <Participant name="scDQa4_o_oIF7xXCR-t" role="music director" IPDN="tg4sk0." performance="main" grossFee="1044094911.72"
                     modifier="A" IPI="mUfvPAwNLedGsJztPWKQEscdO" birthDate="2020-07-01"/>
                <Participant name="Hti3Noqu9z7o-1fU-" role="scriptwriter" IPDN="V_oXjljO.i_GM97dNt0aADUl" performance="supporting"
                     grossFee="868632141.85" modifier="C" IPI="uBpLnK" birthDate="2019-05-31"/>
                <Participant name="rY" role="composer" IPDN="h" performance="conductor" grossFee="1617610070.72" modifier="A" IPI="T3A"
                     birthDate="2019-08-07Z"/>
                <Participant name="mKCrh" role="performer" IPDN="hla-lTX33Tf1yW8vaxSVEGJSo" performance="supporting" grossFee="-1544834243.20"
                     modifier="A" IPI="Z" birthDate="2018-07-26"/>
                <Participant name="IKOX2B" role="subscriptwriter" IPDN="WYmV6YdbIk8AdOlzpGcL" performance="conductor" grossFee="-2091392157.83"
                     modifier="B" IPI="x6kV-bNnnlneYBfEjCARFpizdOU" birthDate="2020-02-09"/>
                <Participant name="v44LX.qsoOPDbGDZ9VF0" role="scriptwriter" IPDN="m6qez7jLCexdk1Zg_3bhKyOZnx" performance="soloist"
                     grossFee="1620978533.45" modifier="B" IPI="RTseugVSoj1sqIGNi9" birthDate="2019-11-05"/>
                <Participant name="vgaAPlBVkpA_m4fjH8" role="performer" IPDN="ZkPmmQM1nbDDrjg7" performance="supporting" grossFee="189471615.15"
                     modifier="A" IPI="iC9nlr.0zoGY5X9rfjzxAOc7" birthDate="2018-08-14"/>
                <Participant name="P8" role="arranger" IPDN="fYzANpaOplBTZLT6Sc" performance="main" grossFee="1994115465.79" modifier="B"
                     IPI="DfrcfA6C9H-5lL42RPk" birthDate="2018-12-23Z"/>
            </Participants>
        </Record>
        <Record title="obsEsO" spins="1329372064" ISRC="2D3MHRHR501A" year="2045" producer="qYNaN2EqQvx22tn" label="y6b0Y4sWC8yGE.DzaHtmgF"
             recordNo="cjPv1co-" serialNumber="kSMiomkgR1EfYw.o" isPremiere="true" usage="jingle" ISWC="R5P9NQoEHNdbI8MM"
             AKA="YDieAWBWoLAOc.E9m_S6VCmIsYIa" genre="classical" broadcastedFrom="2018-07-26T11:21:16"
             broadcastedTo="2018-10-05T11:21:16" runtime="48753367" origin="commercial" alternativeTitle="tSC7HC1DEjCN4w3gwqYAIDWXDi_"
             recordedFootage="101383193">
            <Participants>
                <Participant name="kSdOi.Cca.g7dM" role="producer" IPDN="KNAnhi4S_6WvxiI6ltYixN9PkALa5" performance="chorus master"
                     grossFee="-1993674238.37" modifier="C" IPI="ZCxP3h8OeooAzF" birthDate="2019-01-07Z"/>
                <Participant name="e1zKafr" role="performer" IPDN="Oel0gdntqCZQ" performance="conductor" grossFee="2006209785.30"
                     modifier="B" IPI="ZvCXlblIDuoqc8J10kDJ" birthDate="2019-02-14"/>
                <Participant name="V6yznmOQi" role="performer" IPDN="Kh0S2sNhdf" performance="chorus master" grossFee="-87923274.03"
                     modifier="A" IPI="iRDI2LtsWAS" birthDate="2018-11-27Z"/>
                <Participant name="RWTh8U" role="producer" IPDN="iGE7" performance="chorus master" grossFee="108944299.13" modifier="B"
                     IPI="DUOIaUNSnB4dVqKHibPhoP" birthDate="2019-08-19Z"/>
                <Participant name="UF24ABN7b7b0" role="arranger" IPDN="JxFeG2" performance="soloist" grossFee="-444604540.39" modifier="A"
                     IPI="v1HMsb_WMYqzyN-LcsF66MHcb" birthDate="2019-11-23"/>
                <Participant name="IeNHona" role="music director" IPDN="x" performance="supporting" grossFee="-944965006.11" modifier="A"
                     IPI="AnOnZ" birthDate="2020-05-04"/>
                <Participant name="tiyt_uMFAcvme8q2MisMKlCbeVgv" role="subscriptwriter" IPDN="D1HhQw8xowK0Lwh8fGc.G" performance="conductor"
                     grossFee="-926908970.23" modifier="C" IPI="SNBZvrP7-3-b-S6ICy_jR" birthDate="2019-01-15Z"/>
                <Participant name="Md1TXU" role="producer" IPDN="R5eh1zo0" performance="soloist" grossFee="-776815428.97" modifier="A"
                     IPI="rh0OS05BTA" birthDate="2019-01-09"/>
                <Participant name="R.9QN6amby3" role="remixer" IPDN="S_8yhkR4zU" performance="chorus master" grossFee="2111184680.89"
                     modifier="A" IPI="JAChSAbcLK" birthDate="2020-01-27"/>
                <Participant name="BKNJpcfUotRFD.IiKrz95x" role="composer" IPDN="u41nd4GSxMbegbe8zn" performance="soloist" grossFee="-2036556518.96"
                     modifier="A" IPI="ItARv6K" birthDate="2019-06-16Z"/>
            </Participants>
        </Record>
        <Record title="r2oaGqUJBpmZj_ZbFydcx9B" spins="1680308316" ISRC="A8N64PTF30AE" year="0692" producer="IksHIJo7KJ2zX4-rqlWazv.6j"
             label="udusjXt" recordNo="aR" serialNumber="dtE" isPremiere="1" usage="jingle" ISWC="OJ.65sXZfEmgmDkP.46rL0RaAj"
             AKA="HC" genre="commercial" broadcastedFrom="2020-04-22T11:21:16Z" broadcastedTo="2019-08-29T11:21:16Z"
             runtime="1862546260" origin="commercial" alternativeTitle="SMAuJasmB33dK" recordedFootage="1812349507">
            <Participants>
                <Participant name="xN8bLeG1ncGvDqWcCkOQfUwB" role="producer" IPDN="KkYQe3" performance="conductor" grossFee="-812589300.81"
                     modifier="B" IPI="iOo7JdTq1.4umkuDKY6TVi213EfPWj" birthDate="2018-10-09"/>
                <Participant name="hNXNL61hKLXFG0SNHe-H" role="composer" IPDN="UnEqmEDaK9X" performance="soloist" grossFee="-1749546384.24"
                     modifier="C" IPI="_BddwR42" birthDate="2018-09-15Z"/>
                <Participant name="KfD_jn6l" role="sound engineer" IPDN="Po9Wy3teqrvxj" performance="supporting" grossFee="-1471297753.55"
                     modifier="A" IPI="whK2EQH.Lv6VcnHwJQoLaEnz" birthDate="2020-02-02"/>
                <Participant name="f" role="subscriptwriter" IPDN="ujCQzVv3PqK0" performance="main" grossFee="1120429093.47" modifier="C"
                     IPI="Msw7WEF" birthDate="2019-05-28"/>
                <Participant name="JsLSteSm7M78mpXcRF" role="performer" IPDN="UDNJCEiJIHtLsXIXy4G_GHc-mK" performance="conductor"
                     grossFee="-1730522519.48" modifier="A" IPI="hV0dR6JR_kWJfT_yT8Wen_ehy97Xe" birthDate="2018-12-29"/>
                <Participant name="F5Cnf9cruBTT6YVgRb81REDxlMX6CG" role="scriptwriter" IPDN="cb1sE2-w3t7k4gPtvcdyxr5IPW" performance="soloist"
                     grossFee="1906539582.73" modifier="B" IPI="sl43N" birthDate="2019-12-17Z"/>
                <Participant name="_B8jYiZ" role="music director" IPDN="QdqMShlO" performance="supporting" grossFee="2066849733.57"
                     modifier="A" IPI="hu8Zwej9Erp.U62TpV2JEUHLML" birthDate="2019-02-20Z"/>
                <Participant name="W7997dog-Xyuu" role="remixer" IPDN="bGFQCsdAoYxK" performance="supporting" grossFee="-478499429.64"
                     modifier="A" IPI="j3qijgxvGDl.R60O4B-Rhs6w" birthDate="2020-06-20Z"/>
                <Participant name="VeXn6au1ambpK3v" role="performer" IPDN="Fd.ltb6IWS0zw8nqO1s" performance="conductor" grossFee="1592337635.71"
                     modifier="B" IPI="Lbn9Gf" birthDate="2019-08-24Z"/>
                <Participant name="zeIWeNly_6n0dL7hUG4PGI" role="producer" IPDN="A2F9rFQ7731Ok" performance="conductor" grossFee="1683506986.62"
                     modifier="A" IPI="zLVIYKf_FNb" birthDate="2018-09-26"/>
            </Participants>
        </Record>
        <Record title="gpp2cDMl8T" spins="1424526447" ISRC="ISNG6Y3431W0" year="7468" producer="x8XKBV0FZhY-S54cg3gBWtVX5b7PuP"
             label="wjmHJCA2LpjVAqUh9vERbE..akHFY" recordNo="UYeGYaN" serialNumber="uFE0S0ypwDAOtR" isPremiere="1"
             usage="commercial" ISWC="G.a5" AKA="VxPfro7hiwtM" genre="classical" broadcastedFrom="2018-10-16T11:21:16"
             broadcastedTo="2019-07-21T11:21:16Z" runtime="1180347134" origin="commercial" alternativeTitle="PPon_slWTFRdIu5r8c-e"
             recordedFootage="1167725071">
            <Participants>
                <Participant name="k_adPJHO75XtHzaTFO21wosmuFDuR" role="producer" IPDN="r" performance="chorus master" grossFee="-1494017549.70"
                     modifier="A" IPI="u2XrDdJAUcgP2gnZVbOZ1RuO" birthDate="2020-03-02"/>
                <Participant name="GbBnrGQe3M_" role="scriptwriter" IPDN="nf6b3KccI8xKqJmPA" performance="main" grossFee="2022808466.88"
                     modifier="B" IPI="NEbdAQ" birthDate="2018-08-18"/>
                <Participant name="UJUnOwbukJT07imZRRP2RXn" role="remixer" IPDN="fN4sGQykiBpDQAz9Ik6ygpzH5HiGMv" performance="main"
                     grossFee="-2021423549.26" modifier="C" IPI="LsTAQ-3Dw4KhKdg63A.21rv" birthDate="2020-02-20"/>
                <Participant name="Ydw1" role="performer" IPDN="R0inrag" performance="soloist" grossFee="-1881824927.02" modifier="A"
                     IPI="i.UE_sMAx" birthDate="2019-11-06"/>
                <Participant name="n7zB_9t2T53P-xJJKKl5BkTbpE6A" role="sound engineer" IPDN="K03NiCVKxK" performance="main" grossFee="622756187.98"
                     modifier="A" IPI="hTVFsnRCjJf8Z" birthDate="2020-03-19Z"/>
                <Participant name="kwW4" role="performer" IPDN="WVieJXo" performance="soloist" grossFee="1207662943.08" modifier="C"
                     IPI="dI4qjlQqRzn" birthDate="2019-02-08"/>
                <Participant name="n6rR2Bog2_tD" role="music director" IPDN="GPaDgoPnX7LrSTWAdSZpn" performance="chorus master" grossFee="-783371167.19"
                     modifier="C" IPI="J6" birthDate="2018-12-19"/>
                <Participant name="PuYkRcEJdbf3L2Rdmf" role="performer" IPDN="a-22QmLrS3xUCFivqZiDVxI-_" performance="main" grossFee="2028447295.81"
                     modifier="A" IPI="gKvmGhnCR1F4icASDSa.kpT" birthDate="2020-04-26Z"/>
                <Participant name="ueRfvs2yUwlWe" role="composer" IPDN="I" performance="soloist" grossFee="-1513047088.93" modifier="B"
                     IPI="iR2ocBJxwFiPWHHZwkqDveK" birthDate="2019-08-16"/>
                <Participant name="QtsPvO5.TYXu0i_-VOV6mg3YhDoHRA" role="sound engineer" IPDN="u-5DfzA3Yz1PUQBAtl-S8AHuuo7G7y" performance="main"
                     grossFee="574964303.07" modifier="A" IPI="gTP5a_a3n7lSJKZbd2" birthDate="2020-04-30"/>
            </Participants>
        </Record>
        <Record title="E13JbIccDwKuIsL" spins="1537235026" ISRC="RZ30W4BH69VS" year="9466" producer="lMDs" label="G_dO5hcY"
             recordNo="MPmWsY2b6kci4mGlqFeKY" serialNumber="Br-egR2zx" isPremiere="true" usage="commercial"
             ISWC="s5noRFEDW-mP.lw5AQHTloC36ftit" AKA="Pi" genre="spoken word" broadcastedFrom="2019-11-23T11:21:16Z"
             broadcastedTo="2018-12-12T11:21:16" runtime="1912343865" origin="commercial" alternativeTitle="wlq-UF"
             recordedFootage="1282611556">
            <Participants>
                <Participant name="Z62.JrAF7gOOq-gIFX" role="scriptwriter" IPDN="qS7iAfK-SXcwujK-7b" performance="conductor" grossFee="-967429576.26"
                     modifier="B" IPI="Jw_CTaTq" birthDate="2018-11-09Z"/>
                <Participant name="hBIQKzsC_6mx0MaRI" role="producer" IPDN="wHZNcLQWcpYnNlNUYk0iOh7GMprs" performance="chorus master"
                     grossFee="-465849647.05" modifier="C" IPI="LmGOv5fHXxqRzMsson5" birthDate="2019-07-05Z"/>
                <Participant name="ApCqAQNWky0AvNlQr" role="music director" IPDN="I4ncccSadB8r9" performance="main" grossFee="1963263797.18"
                     modifier="C" IPI="y09q" birthDate="2019-11-23"/>
                <Participant name="m5RM09H9LcQJHXpiPbGr4yzcLCvcQl" role="subscriptwriter" IPDN="a8aehdersa7jpORaZ" performance="chorus master"
                     grossFee="1578973807.57" modifier="A" IPI="bkp1fP7IrfvVH4rY" birthDate="2019-01-09Z"/>
                <Participant name="LXGfp0_o0hRhrFDtPhYm" role="scriptwriter" IPDN="wTOH-uFlMDwRQKbmEXsXyvdLv.TFJ" performance="supporting"
                     grossFee="816090582.61" modifier="A" IPI="SDfBcwW5IzcjY4yEsPdXAY5yse49" birthDate="2019-04-26"/>
                <Participant name="HTVivGggwPZoZ-77c1VxyGh" role="composer" IPDN="xisJroB0j" performance="soloist" grossFee="2085498489.55"
                     modifier="B" IPI="QbtOKiDHfSRhbfE" birthDate="2019-09-27"/>
                <Participant name="QE8xYO_USCgrLeK3q" role="producer" IPDN="OxGl.htnVKVSZfhMvOm9_" performance="chorus master" grossFee="1756814523.81"
                     modifier="A" IPI="XGyzXBk8ZVTkDTDs" birthDate="2020-02-24"/>
                <Participant name="L82F8cI2zPAZ_pHgI94XsEtQRHCQ" role="music director" IPDN="b6U3KlsPulq1_vggfuu6q0" performance="chorus master"
                     grossFee="1708532858.98" modifier="C" IPI="uEFLMuJhB9sYrgyCmlxhySuCxdQOG" birthDate="2018-09-06Z"/>
                <Participant name="k01ehHtnJ3amoLVqo2WOE6wR6znSm" role="remixer" IPDN="n3cTDw83q9wfP" performance="soloist" grossFee="-421749008.64"
                     modifier="A" IPI="a.Q3ViJ512xFbJwwRmI3KUv4KQS" birthDate="2019-03-07"/>
                <Participant name="uLXOXFOiQh.2Ow" role="arranger" IPDN="xlwTiKD3MgQb" performance="supporting" grossFee="212786609.06"
                     modifier="C" IPI="_0XgzughKdCiCF" birthDate="2019-02-02Z"/>
            </Participants>
        </Record>
    </Record>
    <Record title="GCxq" spins="830531807" ISRC="6RV7W13KY3FW" year="7816" producer="Tgot-9obLxE" label="OraiCiU-pNwkv2nZuOwVRHdALXAN"
         recordNo="Ew_x77ZUdSirJz1ofFwtM" serialNumber="ypp1yVIsQGLq1GE6R5" isPremiere="1" usage="commercial"
         ISWC="UjGutJqdE5ih5.Q" AKA="QIpwT-mhUu6bQ" genre="classical" broadcastedFrom="2018-11-12T11:21:16Z"
         broadcastedTo="2020-03-28T11:21:16Z" runtime="108971499" origin="self" alternativeTitle="ijBXOmV0"
         recordedFootage="578806249">
        <Participants>
            <Participant name="Zkn2vWUO0Q" role="arranger" IPDN="IxorAuV.y-MmTXtIl" performance="supporting" grossFee="-240416808.88"
                 modifier="B" IPI="w-_P" birthDate="2019-05-04"/>
            <Participant name="JClEsbKUIN235fVyS" role="subscriptwriter" IPDN="ExYr" performance="conductor" grossFee="1134957838.85"
                 modifier="B" IPI="tIVBkYS0" birthDate="2019-12-07"/>
            <Participant name="TJ7yFUi8Y5L4" role="performer" IPDN="hbxd2uN5yAvx-iLNYRQ0d08g" performance="conductor" grossFee="-500618856.82"
                 modifier="B" IPI="aAHTUU8j9pt8X6vRQveJn_qvRTDCQY" birthDate="2020-05-22"/>
            <Participant name="Ex.rbv" role="sound engineer" IPDN="W5NSRhVvJb9RCFcVam4MQowz" performance="chorus master" grossFee="1773968732.73"
                 modifier="B" IPI="TXqT1BscuTKrSsk" birthDate="2020-04-21Z"/>
            <Participant name="R_MS.hWQHmMWb" role="composer" IPDN="kLbLZc" performance="supporting" grossFee="1055150772.55"
                 modifier="A" IPI="vdqfZ" birthDate="2020-05-13Z"/>
            <Participant name="dAYLjju" role="remixer" IPDN="jiwCmeB" performance="main" grossFee="-593981183.98" modifier="A"
                 IPI="fSSVV-" birthDate="2019-07-09Z"/>
            <Participant name="bAIAq9kYx1-sK4pHan9" role="producer" IPDN="g5.pqOcme3qNJvCM" performance="main" grossFee="354421241.39"
                 modifier="B" IPI="BuH76kMtietihG54" birthDate="2019-02-03Z"/>
            <Participant name="ERRD" role="music director" IPDN="wIbsB2OgJah6vok.mCq" performance="conductor" grossFee="-1340656053.05"
                 modifier="C" IPI="udHGuH4-Ybg13kuwSuw9e5E" birthDate="2018-11-04"/>
            <Participant name="LpIEQ6bdySNuAQAyUXWy" role="music director" IPDN="JwMqTDwCANTmjnLy" performance="conductor" grossFee="-1496290370.22"
                 modifier="C" IPI="NXkUwk" birthDate="2019-10-28"/>
            <Participant name="zueHlvMgj4B9" role="performer" IPDN="U03KWSYihNMrbVGVi1P" performance="chorus master" grossFee="2013094291.43"
                 modifier="A" IPI="YF_" birthDate="2019-02-09Z"/>
        </Participants>
        <Record title="fEVQc9B8vmoQTnQLV" spins="1746806295" ISRC="8F31FL6ICAI6" year="4932" producer="PElBLPurHw2h"
             label="yZzDIjsvQAbYlM" recordNo="k04r-8fdRztK8V87kX9S2PIia" serialNumber="RnS7G8gSehV" isPremiere="true"
             usage="jingle" ISWC="PuWxQDDJmHWIYRS" AKA="eX2RX9-WwaFh0" genre="pop" broadcastedFrom="2018-11-04T11:21:16Z"
             broadcastedTo="2019-10-29T11:21:16Z" runtime="439210000" origin="commercial" alternativeTitle="c.eOEKZT4iVIMs"
             recordedFootage="1996120804">
            <Participants>
                <Participant name="YA.z0ItCyx6XFmZdD" role="producer" IPDN="wVm.1YA-z" performance="supporting" grossFee="1785617074.01"
                     modifier="C" IPI="VEnbAWO4" birthDate="2020-02-02"/>
                <Participant name="tp1VzvfDQq_ur_s-LT" role="subscriptwriter" IPDN="KoOH.k_qCOLExc8oLKo" performance="main" grossFee="599546018.80"
                     modifier="A" IPI="_X1wZtdryR0lbDTf7HfVuN" birthDate="2019-10-06"/>
                <Participant name="o" role="producer" IPDN="cMA5.kzsDFxHlEmblP" performance="conductor" grossFee="900572426.46" modifier="B"
                     IPI="xt7F" birthDate="2018-07-20Z"/>
                <Participant name="Nul" role="scriptwriter" IPDN="JuH" performance="main" grossFee="-1537170759.55" modifier="B"
                     IPI="m3wpV-jjVdnahI5jOU_ts.8z." birthDate="2019-09-29"/>
                <Participant name="EthNP93EY028XD2Ne7Q1UHdSH" role="sound engineer" IPDN="ca_smVYecREisRPrUjoRPbif" performance="soloist"
                     grossFee="-1882955543.36" modifier="B" IPI="D0.Tp5h" birthDate="2019-01-24"/>
                <Participant name="diuz70rLhTUvD14" role="music director" IPDN="lBt54Z1nl3AOA5IA9yRBMdlsOw" performance="conductor"
                     grossFee="-1146093547.60" modifier="B" IPI="DIADcizH4k-btCyyFiVdn8_CJTqrqp" birthDate="2018-11-14"/>
                <Participant name="SlX_HJNZa8NEt08MZN9y" role="arranger" IPDN="jYk-v" performance="chorus master" grossFee="-1621666466.67"
                     modifier="B" IPI="squhG5Jl0poncEQQPkDisBNr3Knw" birthDate="2018-08-09"/>
                <Participant name="yki2dtXwcij8UFI" role="performer" IPDN="KDiyfIIn6IH2147jdfVd" performance="main" grossFee="404095434.18"
                     modifier="C" IPI="AZl6nLQgWohn" birthDate="2018-10-22"/>
                <Participant name="I88SnIm2cncODKYoE368aBU" role="producer" IPDN="RtaDn72bE" performance="main" grossFee="-273510254.68"
                     modifier="C" IPI="jokDd" birthDate="2020-02-02Z"/>
                <Participant name="PKSPa6oHXKiz8r" role="remixer" IPDN="qgNWuOvVGR.dGvNU-3hn5.JQH.MC" performance="soloist" grossFee="12712483.51"
                     modifier="B" IPI="zMrvcrxcZ.NHwNNkmYMe9CP" birthDate="2019-12-26Z"/>
            </Participants>
        </Record>
        <Record title="UOfse0IsZkl" spins="1914012937" ISRC="C30423VIIGOJ" year="2129" producer="ya_iV77" label="UL0-2leCgTJWDwRg-ijZ.6"
             recordNo="nNB1cpmbH" serialNumber="AOIsTDJq3Kz" isPremiere="false" usage="jingle" ISWC="oJpCavmNJ2reueWJUIDk"
             AKA="fW5SxvxW07XpPoS" genre="composed" broadcastedFrom="2018-08-10T11:21:16" broadcastedTo="2018-10-03T11:21:16"
             runtime="993452159" origin="free of charge" alternativeTitle="PHGRF" recordedFootage="1696173572">
            <Participants>
                <Participant name="qOFhkt43c-s" role="music director" IPDN="Wl1vf9KPLnx" performance="chorus master" grossFee="-1405426162.17"
                     modifier="A" IPI="e2fccC9Rg5DK" birthDate="2019-07-07"/>
                <Participant name="S2u1emypE2ZhCRi9t3goQG" role="scriptwriter" IPDN="LTKCd4tq8aVbapM" performance="conductor" grossFee="-191781219.80"
                     modifier="B" IPI="qk-iSaVWfvXQowSisSEldQvzNOb" birthDate="2019-05-01Z"/>
                <Participant name="Fu27PoNlfDzao6oCmTQ1tl" role="subscriptwriter" IPDN="Bayr_Z0-u" performance="soloist" grossFee="166619012.34"
                     modifier="B" IPI="ZqbFy" birthDate="2019-04-09Z"/>
                <Participant name="HunQIk_rMtIvOGhX20okumpYFhvYoy" role="scriptwriter" IPDN="C3akEo1zq5o3j0y" performance="chorus master"
                     grossFee="-658265989.74" modifier="A" IPI="DkCb.hTrZrFc5" birthDate="2019-02-21Z"/>
                <Participant name="mHWyJD6KQq_." role="producer" IPDN="N8rQIHdXIwT3JNw10jo65" performance="main" grossFee="616117261.25"
                     modifier="C" IPI="_-4JGW8" birthDate="2018-11-23"/>
                <Participant name="pobcj3aZXE9yet" role="remixer" IPDN="XNHcw8CA2r" performance="main" grossFee="381206501.52" modifier="A"
                     IPI="yDs-_uSTkFp" birthDate="2019-09-24Z"/>
                <Participant name="TkF.cpF" role="subscriptwriter" IPDN="C5xdpEvFMg4dyJFUWa_0gam9AZ" performance="soloist" grossFee="-457617241.37"
                     modifier="C" IPI="P43xzboiEjnIaDyGXWtwB1aMaC" birthDate="2019-08-04"/>
                <Participant name="PG" role="subscriptwriter" IPDN="OGZ0lINJ0FJ2tLCCFEn6boE4JBO-n" performance="chorus master" grossFee="1861579758.54"
                     modifier="B" IPI="zPKoWKGpWIa3CabgjQjarlZ" birthDate="2020-06-20"/>
                <Participant name="wkJtvUdh7" role="sound engineer" IPDN="NRl_D8C1gl1_vbRqDA0PH_" performance="conductor" grossFee="-2146749213.48"
                     modifier="B" IPI="d5K15" birthDate="2019-08-08Z"/>
                <Participant name="u" role="remixer" IPDN="nygbC" performance="main" grossFee="-1163834703.17" modifier="B" IPI="LyhWVtbRUI4Mb5TfMD7eDQvos"
                     birthDate="2019-09-19Z"/>
            </Participants>
        </Record>
        <Record title="KUgd_I.gc5xyCKhSyVX5" spins="501853477" ISRC="0Z8WH6KJX130" year="7732" producer="Oxo_HdtwS-d6lmjhN.m"
             label="s" recordNo="VUHtywhJyUW04eOqn6GiV4kot" serialNumber="x408NyAhb26-RlgYq_O4E" isPremiere="1"
             usage="commercial" ISWC="iLHGAp" AKA="K5tWqnWIuls.r9" genre="composed" broadcastedFrom="2019-05-05T11:21:16"
             broadcastedTo="2019-04-27T11:21:16" runtime="174856866" origin="commercial" alternativeTitle="Pu-bhR_6"
             recordedFootage="1243395288">
            <Participants>
                <Participant name="h2e" role="subscriptwriter" IPDN="dkRfiB4HU5tGd_i" performance="supporting" grossFee="-612288222.16"
                     modifier="C" IPI="YDD2" birthDate="2018-11-01Z"/>
                <Participant name="NX.KIJc3R66A3y_syfXf" role="scriptwriter" IPDN="yvr2-oJdZNzzIjQz_sk47" performance="conductor"
                     grossFee="373769030.59" modifier="C" IPI="Wyg29AtBaEdm3EUAvecL-r7jVxMF" birthDate="2020-02-10Z"/>
                <Participant name="Nxea" role="music director" IPDN="V7w4lckDhIgve7Xzi01toUqjKEwHL" performance="conductor" grossFee="-1772002472.69"
                     modifier="A" IPI="lQ5bv8TNkNqoYtQ-" birthDate="2019-07-25Z"/>
                <Participant name="LjCc2TIq1WzLgFcFLIam4" role="remixer" IPDN="TiJ" performance="conductor" grossFee="384833978.37"
                     modifier="B" IPI="XHaKc-n7IG9zhTH" birthDate="2019-01-15Z"/>
                <Participant name="YRhI7EBg7" role="producer" IPDN="dx52YwT37v0hh_T.Njji" performance="conductor" grossFee="-503193701.46"
                     modifier="C" IPI="plM42XtFVo8kLeRtTYjyqnR" birthDate="2019-03-15Z"/>
                <Participant name="zFcZK" role="music director" IPDN="P5PmF2Zr6gx2B-axH5WP" performance="conductor" grossFee="-1665698205.08"
                     modifier="C" IPI="aBPgaP7fVdL" birthDate="2018-12-26"/>
                <Participant name="o-d4_N-15.0oIqb4mnu0pP" role="performer" IPDN="lCN0dl7OtV6" performance="main" grossFee="1287080176.84"
                     modifier="B" IPI="RsGS" birthDate="2019-06-15Z"/>
                <Participant name="W7KkJH2hoU5acMAVLhLt" role="music director" IPDN="vHLd1OlDibc1C5qD3" performance="conductor" grossFee="-951144873.72"
                     modifier="A" IPI="q" birthDate="2019-08-06Z"/>
                <Participant name="C0b9VnSEG" role="sound engineer" IPDN="weLJNwI03" performance="chorus master" grossFee="2129679795.91"
                     modifier="A" IPI="FK.DKpzNJnw0cwhclg.2" birthDate="2020-02-18Z"/>
                <Participant name="KZygUDFIuOixQwn" role="composer" IPDN="uscHCkGAADZR6ANKN8BoDLw95" performance="supporting" grossFee="-2103493128.19"
                     modifier="C" IPI="KvR1HHb-gqaU0Vz" birthDate="2019-08-26"/>
            </Participants>
        </Record>
        <Record title="ZdgC" spins="1588005096" ISRC="Q59T7OGA9R1D" year="1361" producer="ub8REL_wClEzmI-hJwiqGFHUDwR"
             label="QGCCQRIrY8yagLDaGOMPpiUX" recordNo="gAxbXV9mPK" serialNumber="z3N075." isPremiere="0"
             usage="jingle" ISWC="imbfDjS_TIL4qUuoQ1vVo9" AKA="nOy" genre="jingle" broadcastedFrom="2019-07-27T11:21:16"
             broadcastedTo="2019-06-22T11:21:16Z" runtime="1956635822" origin="free of charge" alternativeTitle="Uf"
             recordedFootage="42588696">
            <Participants>
                <Participant name="IEu6GelQd" role="scriptwriter" IPDN="claTSIiD9t8jjrn_w5c" performance="main" grossFee="2021507382.96"
                     modifier="B" IPI="sci" birthDate="2020-06-04Z"/>
                <Participant name="ERN" role="composer" IPDN="l-8IaFYv-q" performance="conductor" grossFee="1136503367.59" modifier="A"
                     IPI="G67MaXtHCoFC." birthDate="2019-05-21"/>
                <Participant name="FSgdA33" role="sound engineer" IPDN="B6xIDzk_VlcJI682m8Qoans" performance="soloist" grossFee="845758366.46"
                     modifier="B" IPI="i8XfUcv" birthDate="2020-01-21"/>
                <Participant name="icA" role="music director" IPDN="hoVhEgd45TFyrbvWt.0z2idfqWH" performance="supporting" grossFee="1103092839.80"
                     modifier="C" IPI="N_JG-dpgQVflwh..Ae" birthDate="2020-02-19Z"/>
                <Participant name="Dzghpm1Ya3" role="remixer" IPDN="w" performance="supporting" grossFee="903133133.44" modifier="C"
                     IPI="X0VndHvb-uuu5-s3Rn" birthDate="2020-04-03Z"/>
                <Participant name="CqujajC0y" role="composer" IPDN="Mk" performance="supporting" grossFee="1291285183.25" modifier="B"
                     IPI="mbGw2QEoXRcHr9qotc5.UGB5BTu0Sz" birthDate="2019-02-07Z"/>
                <Participant name="wJbJdHloBEb" role="sound engineer" IPDN="Kw95RPVMhbd.SY" performance="conductor" grossFee="-530598855.10"
                     modifier="C" IPI="uQ" birthDate="2020-03-28Z"/>
                <Participant name="qtCw3xv-YlnFPV2" role="producer" IPDN="MXrKxgHTLZ0hB" performance="supporting" grossFee="-1951215500.12"
                     modifier="A" IPI="Q5Az9gA_LZ0dLI" birthDate="2019-09-06"/>
                <Participant name="O4e45QG3kaRH7bTOz4y" role="subscriptwriter" IPDN="jiPGmANG9CwmCxaKy" performance="conductor" grossFee="1725926569.16"
                     modifier="C" IPI="xLD1.9ggjjjpOaN" birthDate="2019-08-02"/>
                <Participant name="e0c.a2ILql" role="composer" IPDN="s5t" performance="chorus master" grossFee="-869798782.91" modifier="B"
                     IPI="dy4LQvqT" birthDate="2020-04-01Z"/>
            </Participants>
        </Record>
        <Record title="y32Bg1xoNyw_EM5OWHYxpZRSkg_t7" spins="1408948993" ISRC="E4LP4608X0WS" year="6564" producer="KsVEPey57o3E5VVOsDs"
             label="o9n0DSOPGc5AUCiH" recordNo="y" serialNumber="lTUS.r1S" isPremiere="0" usage="commercial"
             ISWC="qS1khZCVEQA7D" AKA="xtWI7p" genre="classical" broadcastedFrom="2019-10-02T11:21:16Z"
             broadcastedTo="2019-03-16T11:21:16" runtime="1658226408" origin="free of charge" alternativeTitle="o"
             recordedFootage="1932571741">
            <Participants>
                <Participant name="CHllEqa-lGa3n.VQrOo1nviFaCou-" role="composer" IPDN="vfZtMbZ.nFx-0G3DAjcU0d" performance="supporting"
                     grossFee="831293015.49" modifier="A" IPI="nsWGrfrOoFWE" birthDate="2020-06-01Z"/>
                <Participant name="H4iRFw4v9keMBloFYy1" role="remixer" IPDN="IxKFayTui4OF" performance="main" grossFee="2046595710.55"
                     modifier="B" IPI="TtKKfhz.mLvlZ0wgBGPN4zu1OMt0a" birthDate="2018-12-24"/>
                <Participant name="L3T" role="composer" IPDN="U8pO_.vqP51x_mTPNxh93XBjjZG7" performance="chorus master" grossFee="-1324448126.62"
                     modifier="B" IPI="Rf8y6OVTEWCIpauLqejtSdOyRzBl0" birthDate="2019-09-07"/>
                <Participant name="zJ9MvKaIy3hw2" role="arranger" IPDN="YCFibUxgHHBhvsfDl" performance="main" grossFee="1848691245.24"
                     modifier="B" IPI="EXhlZRapwnDuNjNqhlbR" birthDate="2019-10-01"/>
                <Participant name="kp9FjTUhrcbxonqqtS.PP1C" role="scriptwriter" IPDN="p" performance="conductor" grossFee="-1401526618.73"
                     modifier="A" IPI="obq2kiaunr4V2h0quIf.ECfPb" birthDate="2019-07-11Z"/>
                <Participant name="C5ZiuBbwGM2qUMJlHDJ" role="subscriptwriter" IPDN="CGzKBr3FJL4BDZC-qHxU" performance="soloist"
                     grossFee="-485468884.77" modifier="B" IPI="ehhM" birthDate="2019-10-03Z"/>
                <Participant name="BAdNEatctPCfBsu8bN" role="arranger" IPDN="vvhtFq" performance="conductor" grossFee="-1055801430.75"
                     modifier="C" IPI="R5FKaVa8.-vt" birthDate="2019-01-30Z"/>
                <Participant name="AsVB" role="performer" IPDN="bLKbIq3r.a0rv4j0mb" performance="main" grossFee="-1614553856.83"
                     modifier="B" IPI="exNd596FwFr8" birthDate="2019-06-07Z"/>
                <Participant name="xnkOVk._cUEJ7" role="music director" IPDN="F5Z4Zuvf4-cApfcGDKBWNJU0lv" performance="soloist" grossFee="1029118244.48"
                     modifier="B" IPI="i-OOjwCV0pQ" birthDate="2019-01-21Z"/>
                <Participant name="EEIH5I4htHyYDXQjc1NryDm4" role="arranger" IPDN="MwGlG5Z" performance="conductor" grossFee="-1091385031.61"
                     modifier="C" IPI="EUhm-uy3ZZM_hJy" birthDate="2020-06-22"/>
            </Participants>
        </Record>
        <Record title="B-oCf5nMv05Goq9kw0okDYkk1" spins="630166240" ISRC="U8YE993Z68NK" year="7502" producer="N19HAQGqjn3Xoc_69bW6v1M9MSZV"
             label="EiMYvzlE_c" recordNo="bVoV8lL-NMoGDLZiM1_FOIdB_" serialNumber="I3mk9bbn.G9L" isPremiere="0"
             usage="jingle" ISWC="hRHHHc" AKA="BoZ" genre="classical" broadcastedFrom="2019-04-11T11:21:16"
             broadcastedTo="2019-03-08T11:21:16" runtime="1033339630" origin="free usage" alternativeTitle="y2l83erNlO7ilcPYSetE-NS.78Oa"
             recordedFootage="1773169733">
            <Participants>
                <Participant name="q10jDjHW5y5a4Ao" role="music director" IPDN="zY3b" performance="soloist" grossFee="1838039653.39"
                     modifier="C" IPI="LK1Sj" birthDate="2020-03-11Z"/>
                <Participant name="veMX45" role="subscriptwriter" IPDN="BX-5sGWOGOM" performance="conductor" grossFee="-1579969478.95"
                     modifier="C" IPI="NGs-6YuJIMu3Rll4w0-Lyv" birthDate="2020-02-05"/>
                <Participant name="LRhWAg_8MmkOF0dD2DxbI" role="producer" IPDN="ku4Xv" performance="chorus master" grossFee="1393996126.13"
                     modifier="B" IPI="EdwHboL" birthDate="2019-11-08"/>
                <Participant name="wshChMq6" role="performer" IPDN="Rb.nbipT0qAKsS" performance="supporting" grossFee="-2137234689.22"
                     modifier="B" IPI="s" birthDate="2018-08-24"/>
                <Participant name="DMliWzAAgH" role="remixer" IPDN="zZixr3GmMr3l8" performance="chorus master" grossFee="-109663524.45"
                     modifier="B" IPI="Z7GPeKM5c6prBKOxt74" birthDate="2019-04-15"/>
                <Participant name="A7VOqkfwOoX44WZRYcJnIxc" role="performer" IPDN="avCSvIOj4Njvm_jHB0Tx6.D" performance="main" grossFee="1911409975.71"
                     modifier="C" IPI="Z" birthDate="2019-09-24Z"/>
                <Participant name="LH7EUqUR5h1A38iIbSHH" role="composer" IPDN="oCd3gmqV0CjD5E9EM8wKV6q" performance="main" grossFee="-1710895802.21"
                     modifier="C" IPI="YIeZlV7Dzxew" birthDate="2019-06-18"/>
                <Participant name="d-KQ4uQ2u98eG7" role="subscriptwriter" IPDN="PWvTvWgR1UlSxWDCh7FurZ_B" performance="supporting"
                     grossFee="1599405489.72" modifier="B" IPI="vkfW_wclMh4J3-M1PD08" birthDate="2020-05-02"/>
                <Participant name="NGyoQYoMgHfyoamUB" role="sound engineer" IPDN="ThA8bvQPouppl07" performance="supporting" grossFee="-1975500829.98"
                     modifier="A" IPI="lUt" birthDate="2019-06-30"/>
                <Participant name="Eq29V-n.E" role="music director" IPDN="rZ-CV" performance="chorus master" grossFee="605577625.68"
                     modifier="B" IPI="iugK6oQw_uTKyxcsa505kkzvsWF" birthDate="2019-03-18"/>
            </Participants>
        </Record>
        <Record title="L8gKEteaMuumViidrFy9jZ" spins="1855841492" ISRC="Z78UW3B48MTQ" year="0391" producer="tdaus3R4Z"
             label="ZlCt6S5XQrMeQXa9MIMSoUS" recordNo="O4n.vTnBXQL" serialNumber="_KS-fXypmonbq-.q" isPremiere="false"
             usage="jingle" ISWC="OoRBwIZTz5QDSQJBW-gajmdyf" AKA="Cu4H6DDupWt" genre="spoken word" broadcastedFrom="2020-06-05T11:21:16Z"
             broadcastedTo="2019-07-23T11:21:16" runtime="941860625" origin="free usage" alternativeTitle="FjFJVz7qs26VDfTWbRHpLsnr"
             recordedFootage="252134387">
            <Participants>
                <Participant name="FV2c3v-Rv" role="scriptwriter" IPDN="_RVA_sY6iNsD-f9G16zXCyyjyCch" performance="conductor" grossFee="588778191.49"
                     modifier="B" IPI="WgaaZiYvFR" birthDate="2019-01-17Z"/>
                <Participant name="eCaPo-6D1" role="subscriptwriter" IPDN="HN" performance="supporting" grossFee="1834425955.05"
                     modifier="A" IPI="_LLFsu9EgeN0G2C0e" birthDate="2018-07-07"/>
                <Participant name="RdmQl2JzyyYuhZIUmXew3" role="subscriptwriter" IPDN="XrWV0" performance="chorus master" grossFee="40961425.78"
                     modifier="B" IPI="bxDQK9VKA4DoPwbwOirNXZNRk" birthDate="2019-11-17"/>
                <Participant name="f5X" role="producer" IPDN="ilNsYdKZ6.6U7atEheS8uesdjqEML" performance="soloist" grossFee="-683242111.53"
                     modifier="C" IPI="NeEGGK-y1b2LJEz6GCkBPd7" birthDate="2020-02-09"/>
                <Participant name="jYiYdrwirKGeMYXR-HEy" role="producer" IPDN="ulMeb8x0Gk_qF" performance="chorus master" grossFee="64197519.26"
                     modifier="A" IPI="Uw16goc4qOt9MmVV0te31YZfPn" birthDate="2018-07-13"/>
                <Participant name="uIpFgZY-T3" role="music director" IPDN="kpPFffvocUMqgiyCNITmJCx" performance="main" grossFee="-2132893873.83"
                     modifier="A" IPI="UXex5bFFekjm2zaC7syFejMzoCV1" birthDate="2019-10-18Z"/>
                <Participant name="fd4237BQZ53oo_hxo6.vj3so5D" role="remixer" IPDN="B_wociYrTX2m" performance="conductor" grossFee="1692866376.00"
                     modifier="C" IPI="GvGVH-dCtkQ6kdkzHMLf" birthDate="2020-01-14"/>
                <Participant name="_obPz" role="producer" IPDN="VjNCtmhzki" performance="conductor" grossFee="-281604115.97" modifier="C"
                     IPI="ePoo_0W7BSdwCeaiCJCV_h" birthDate="2019-05-10Z"/>
                <Participant name="Z8MhcogqcME2v72EZRlZPuFw9A1fWX" role="performer" IPDN="gNkSot8Eg_M8TyUdyjxCg1" performance="conductor"
                     grossFee="387093188.59" modifier="B" IPI="IKN2ksrm3NiTT2neIt" birthDate="2019-10-08"/>
                <Participant name="dwowvxOM" role="arranger" IPDN="EJf9HiVWDciTsPyT" performance="chorus master" grossFee="-1220353841.46"
                     modifier="C" IPI="x1sUmRhwP8Dw" birthDate="2019-05-28"/>
            </Participants>
        </Record>
        <Record title="aH.97sJQi883.1jdhJFmFBop5nf6" spins="1527493046" ISRC="RK3HX052AT3Z" year="4632" producer="VqPt3EUEz9weYRTx5"
             label="ikszk1DfBLmFZcqNYMJihJO" recordNo="X0YAd" serialNumber="mj9" isPremiere="0" usage="broadcast"
             ISWC="GFH" AKA="oKRAvoiR30WdL3lcbQWQhtA" genre="jingle" broadcastedFrom="2019-04-20T11:21:16"
             broadcastedTo="2019-11-06T11:21:16Z" runtime="1701551914" origin="live broadcasting" alternativeTitle="nYhYoo6R-b"
             recordedFootage="1782727337">
            <Participants>
                <Participant name="xSwAWzP0" role="arranger" IPDN="DES-tMXisMyIFhR3gcBdH_xQ3" performance="soloist" grossFee="-177252707.32"
                     modifier="C" IPI="w10u9rfnqp4We66Mbwt" birthDate="2019-03-25Z"/>
                <Participant name="X" role="music director" IPDN="g.FI-x" performance="main" grossFee="1850319622.14" modifier="A"
                     IPI="gMfr0AwnuFzry5S-auDSAePL-y" birthDate="2019-10-20"/>
                <Participant name="mg" role="scriptwriter" IPDN="s4fZK96U1" performance="conductor" grossFee="-1901985472.12" modifier="A"
                     IPI="k1LyLKiVVDV" birthDate="2019-03-31Z"/>
                <Participant name="sM.yoWk" role="sound engineer" IPDN="Kn2NTCbBMA" performance="chorus master" grossFee="332387379.40"
                     modifier="B" IPI="PGrc51Xv9grVba0" birthDate="2020-03-23Z"/>
                <Participant name="AYR2RyIZkmn-uvSR1L6emp" role="sound engineer" IPDN="kMW" performance="supporting" grossFee="-1040218651.31"
                     modifier="C" IPI="UG" birthDate="2019-03-02Z"/>
                <Participant name="xTqfly" role="producer" IPDN="FW" performance="chorus master" grossFee="-1175500813.52" modifier="A"
                     IPI="UboRhjjbtnU7-gf16lzw0B18qFv" birthDate="2019-10-06Z"/>
                <Participant name="n.o84SXjzmJsDHDvEu" role="composer" IPDN="XCbkpNFbUvZhKq71M..7JtQjLba" performance="supporting"
                     grossFee="-1818328855.07" modifier="B" IPI="N9Aii3gm0MdbexxrtUFcOQirU" birthDate="2018-12-10Z"/>
                <Participant name="U7QdZ" role="producer" IPDN="ZanuPz_SzA" performance="main" grossFee="-1224737630.20" modifier="B"
                     IPI="m7y7Cyt9SAVDyKJLCJYMSNvvIoSw" birthDate="2018-08-09Z"/>
                <Participant name="JR-MogTTsB" role="music director" IPDN="dMn89" performance="chorus master" grossFee="-1667297465.04"
                     modifier="C" IPI="_KgTS3ISWn3xVPCp1YjlYPYuVR" birthDate="2019-10-11"/>
                <Participant name="wD3fcywX" role="composer" IPDN="Ihn.9zZW.8vW1zIIywOlqVyVJax1nJ" performance="chorus master" grossFee="-1400848529.79"
                     modifier="C" IPI="y4o.Hq_r" birthDate="2019-03-30Z"/>
            </Participants>
        </Record>
        <Record title="_FXqwlRAf8vP_Ql" spins="612138035" ISRC="PM0D371SVM8J" year="2825" producer="Pi" label="rQLFzr3coI"
             recordNo="XL" serialNumber="e1v" isPremiere="0" usage="jingle" ISWC="dsNKPYbnuPjv" AKA="C"
             genre="composed" broadcastedFrom="2019-12-03T11:21:16Z" broadcastedTo="2020-07-02T11:21:16Z"
             runtime="54512859" origin="recorded stream" alternativeTitle="Ittk" recordedFootage="426000620">
            <Participants>
                <Participant name="xqqLKEYr0Qz" role="scriptwriter" IPDN="D1XcvIWebUKlup6m.gHm.VMXmvWss" performance="supporting"
                     grossFee="-1541257612.27" modifier="B" IPI="MfJ1cl2Pj_J6PaUM2cNg8Pe1GXU" birthDate="2019-12-02Z"/>
                <Participant name="QR6SWjdp2Z1lAxekXim_" role="remixer" IPDN="t84-qj224_" performance="main" grossFee="1436020752.54"
                     modifier="A" IPI="Bd19HOHndT7ck_5t5cPFT" birthDate="2018-07-27Z"/>
                <Participant name="BKd20bTHOmd8pU1segf" role="remixer" IPDN="W191pZPkCzoxCpa" performance="supporting" grossFee="541960195.93"
                     modifier="C" IPI="z2qLRyI-fLff3qA4aFSzL" birthDate="2018-07-15Z"/>
                <Participant name="Vz6AAQ" role="sound engineer" IPDN="SxxbBF" performance="supporting" grossFee="1820088358.88"
                     modifier="B" IPI="ioCYe1DS2r" birthDate="2020-03-10"/>
                <Participant name="rlStuolL6Gu" role="producer" IPDN="cNx3hboXP6DKqHl" performance="conductor" grossFee="-235651090.53"
                     modifier="B" IPI="QKY" birthDate="2020-04-04"/>
                <Participant name="Y0zBhY" role="subscriptwriter" IPDN="FJrsy0T-ODbGKdesGi0TwE" performance="main" grossFee="-1779938486.36"
                     modifier="B" IPI="lB77TsSnHVwCwr.ZZLmd4A3A" birthDate="2019-11-11"/>
                <Participant name="h8R" role="composer" IPDN="PcxiEnCA-Zu" performance="main" grossFee="-595379394.48" modifier="C"
                     IPI="YJMxdl4" birthDate="2019-04-02Z"/>
                <Participant name="aEQBBs7x6xVimqos" role="producer" IPDN="Eqp9o" performance="chorus master" grossFee="-1378102790.39"
                     modifier="B" IPI="WjOz" birthDate="2019-08-11"/>
                <Participant name="OmOmpfQx1svTTO-QkzLF" role="sound engineer" IPDN="JrDKZU0Ddo2rBz4" performance="main" grossFee="-521253954.13"
                     modifier="C" IPI="Rt" birthDate="2019-11-05Z"/>
                <Participant name="En-Z" role="performer" IPDN="r2Vm8wZbuF9RROncLW.X_" performance="main" grossFee="576338742.89"
                     modifier="A" IPI="VEM8gABm" birthDate="2018-07-07Z"/>
            </Participants>
        </Record>
        <Record title="PyB0" spins="1353761706" ISRC="62S5G0LCO2W2" year="6906" producer="lOA6PGA6f5EZ5iGQSuwuF6XON"
             label="sk8VgTSd" recordNo="trr_pfN7-Alg" serialNumber="kXd91h20ecA-4FNm0-Swj" isPremiere="true"
             usage="commercial" ISWC="G" AKA="qRBr0" genre="classical" broadcastedFrom="2020-01-31T11:21:16Z"
             broadcastedTo="2020-03-26T11:21:16" runtime="1515545683" origin="commercial" alternativeTitle="GbzQO5bvJ.s3KSGsH"
             recordedFootage="418528359">
            <Participants>
                <Participant name="mXzAfIbzdm3xR_AsoJB_" role="scriptwriter" IPDN="uN6Btauqrxf6dS9rJL" performance="soloist" grossFee="-1486573697.28"
                     modifier="A" IPI="yYnvhASKz" birthDate="2019-12-26"/>
                <Participant name="j0FOIZAJItuRgf8i_NFK_Ftxfzlow" role="arranger" IPDN="ExjPdd0sa" performance="soloist" grossFee="2026677723.30"
                     modifier="B" IPI="L3r9ni0T" birthDate="2020-01-22Z"/>
                <Participant name="gQUWypAQgNOi" role="producer" IPDN="OcNJ" performance="supporting" grossFee="-1873270680.90" modifier="C"
                     IPI="agpWvVFyurFa7gRb" birthDate="2019-03-28"/>
                <Participant name="jbEVhbS3C" role="music director" IPDN="r.m1G_g" performance="conductor" grossFee="-1255323965.77"
                     modifier="A" IPI="wmG4asrCvM5Se.X07W6lTg" birthDate="2019-09-01"/>
                <Participant name="Ahc-eGG5ZR" role="sound engineer" IPDN="LSr9R1" performance="supporting" grossFee="-245949214.25"
                     modifier="B" IPI="mq7XRofMp" birthDate="2019-05-20Z"/>
                <Participant name="zIKW9igBMbULNmxqSR-V8" role="remixer" IPDN="P" performance="conductor" grossFee="666878272.04"
                     modifier="A" IPI="x" birthDate="2018-09-12"/>
                <Participant name="t8WxYDGEoBjTS_QE.8acCnZfeNm" role="remixer" IPDN="qX0GDrMcsspor2n" performance="supporting" grossFee="-934011679.47"
                     modifier="A" IPI="B5NUlJRwAPqEWjQY12X" birthDate="2019-08-14"/>
                <Participant name="xmxVwFNnWTQhJTq.ZZ" role="subscriptwriter" IPDN="giDKj" performance="soloist" grossFee="265671807.18"
                     modifier="A" IPI="wIhFeH4FXzYaFvc" birthDate="2018-08-28Z"/>
                <Participant name="parSk-ngeYyLqF" role="producer" IPDN="_IMBzdmGhjaowtjkoERmv.Ja" performance="main" grossFee="-1280808447.55"
                     modifier="B" IPI="eRj_b33WHtrCDZ-3ztkb" birthDate="2020-01-18"/>
                <Participant name="iN2QxW6gs5QeO5p7" role="producer" IPDN="VBy3C04ITT6kAczrrDuq" performance="conductor" grossFee="-1913592419.01"
                     modifier="A" IPI="q_EW_K2NV-qBOOWz" birthDate="2020-03-10"/>
            </Participants>
        </Record>
    </Record>
    <Simulcasting from="2019-02-03T11:21:16Z" to="2019-06-06T11:21:16" station="knIkO"/>
    <Simulcasting from="2019-03-27T11:21:16" to="2019-07-29T11:21:16Z" station="EfxIH62D9.bK17Y"/>
    <Simulcasting from="2019-10-15T11:21:16Z" to="2019-07-28T11:21:16Z" station="FLuDK0tgnAul1zQaP"/>
    <Simulcasting from="2019-11-08T11:21:16Z" to="2019-08-04T11:21:16" station="k023.zjs1E6NWGGocJffZYs"/>
    <Simulcasting from="2019-06-16T11:21:16" to="2019-08-10T11:21:16Z" station="uX..C6Qxb5-J8C3cW09ipQL4O8"/>
    <Simulcasting from="2018-08-03T11:21:16Z" to="2019-05-24T11:21:16Z" station="EEvduT11VsZGUGHAHRhPhAzn0m"/>
    <Simulcasting from="2019-08-24T11:21:16Z" to="2019-09-17T11:21:16Z" station="X1fXeh2VH5Z6p-YyqVn2gN-4avA"/>
    <Simulcasting from="2019-09-24T11:21:16" to="2018-12-26T11:21:16Z" station="tac"/>
    <Simulcasting from="2019-11-13T11:21:16Z" to="2020-04-18T11:21:16Z" station="JA6AtMtxQrPKTQ"/>
    <Simulcasting from="2020-03-13T11:21:16Z" to="2018-12-21T11:21:16Z" station="L3I9snOgI92rvoYggg_nHdf"/>
    <Record title="dIlb66bx-AaEY-ndg9zIvZsSpl" spins="1990453125" ISRC="D73O80949057" year="3251" producer="fbVVLAJ8tGNhq"
         label="RI0MZo-4WkRiIF8OR2dvhv.E-rsUB" recordNo="plRFajb-VVS" serialNumber="u4O32KNgKHFwsrpN"
         isPremiere="true" usage="jingle" ISWC="aZ8PMDuT.KK5JDyPgYhkIP1" AKA="TZp4CMXlGPFhHA" genre="classical"
         broadcastedFrom="2019-07-11T11:21:16" broadcastedTo="2020-05-13T11:21:16" runtime="1669225963"
         origin="commercial" alternativeTitle="m" recordedFootage="1559412055">
        <Participants>
            <Participant name="u0kMjxmDqkkh" role="remixer" IPDN="oL9N0Ldn4iqs2KRkMM" performance="supporting" grossFee="-1006416097.02"
                 modifier="A" IPI="j5PpQC" birthDate="2019-10-18"/>
            <Participant name="uF4cPpiaQfyumhEQUKfdcouixB7gc" role="composer" IPDN="gmatiD_2OY6_yLRMS3e" performance="main" grossFee="1481555488.54"
                 modifier="C" IPI="jRb-tW" birthDate="2019-07-28Z"/>
            <Participant name="bIOxE.S-MwAALCimKRrZVU31" role="sound engineer" IPDN="E5p" performance="soloist" grossFee="-855903951.57"
                 modifier="C" IPI="R3DLyvbTRHMop6" birthDate="2020-06-03Z"/>
            <Participant name="esX" role="producer" IPDN="LKZtYwEMI.TnJGQ" performance="supporting" grossFee="-662858007.54"
                 modifier="A" IPI="Ls7-uSrtn.S7M5dV" birthDate="2019-09-10Z"/>
            <Participant name="BHiEeE-z" role="remixer" IPDN="w5w6wx16A" performance="main" grossFee="-671422201.20" modifier="C"
                 IPI="mJWkjf5HQOOj4oOX1aj" birthDate="2020-01-12"/>
            <Participant name="SWFZUUk6cGGSRVw4h8J0JZD8rar" role="remixer" IPDN="j3u9khV9Gd3FNEag" performance="supporting" grossFee="-656897484.14"
                 modifier="B" IPI="VJ.DP4oHPWKl4K4eI" birthDate="2018-11-12Z"/>
            <Participant name="PrvHV" role="performer" IPDN="sTp1oEzh_CkYHxxJbAMwS0" performance="conductor" grossFee="615901383.67"
                 modifier="B" IPI="aqmq3" birthDate="2019-09-27"/>
            <Participant name="x1R8ssj" role="scriptwriter" IPDN="Ry5eMFAGHW_d" performance="conductor" grossFee="-2094457128.17"
                 modifier="C" IPI="Fx0MK" birthDate="2020-06-16"/>
            <Participant name="m4e-laZ" role="composer" IPDN="mF3wYOrXuS_jE8JuvWlywK" performance="chorus master" grossFee="-1826951369.33"
                 modifier="A" IPI="Fu_kUy-JW970UPG2L" birthDate="2018-10-26"/>
            <Participant name="e653yI2pz22.gXes_j" role="composer" IPDN="tt02DRigAF5Z" performance="supporting" grossFee="-470758452.95"
                 modifier="A" IPI="gwpi1JGmxI2M2" birthDate="2020-04-12Z"/>
        </Participants>
        <Record title="cpEeQrwqcJWF20fAn" spins="1557666197" ISRC="L2YR187CIW26" year="7016" producer="NdAkOpW.3bfR.nxEmBgNsmz"
             label="Prmi." recordNo="dM_dxNb0Cgfwe9Ky5" serialNumber="W86Bo7xafo6qfng8esX6s2" isPremiere="1"
             usage="broadcast" ISWC="Pr8iVA0WkOJKkEgOOI" AKA="W4PHVEm0QUU8oRCzprh" genre="pop" broadcastedFrom="2019-12-07T11:21:16Z"
             broadcastedTo="2018-08-26T11:21:16Z" runtime="2001811374" origin="commerce" alternativeTitle="cBp4xcO8Y"
             recordedFootage="1048017418">
            <Participants>
                <Participant name="wSI3.1nCkC8j0OFnbZLilLV_A3Oa" role="scriptwriter" IPDN="rfFK5" performance="main" grossFee="1846934267.66"
                     modifier="C" IPI="Sdzs90zz" birthDate="2020-05-19"/>
                <Participant name="q" role="subscriptwriter" IPDN="MUvWhJ1evLicmWXW2" performance="main" grossFee="-546872492.37"
                     modifier="A" IPI="wVgLcrCVuQ-a.96.V8zNp0GeU3m" birthDate="2020-02-26Z"/>
                <Participant name="M.wUIuEJln4OI5-WG-ExD6_ej3" role="arranger" IPDN="lK2VuC9AI3iTvPmd-MT_." performance="conductor"
                     grossFee="-1577023878.36" modifier="B" IPI="q5Un5pc_aAp" birthDate="2018-08-22"/>
                <Participant name="S" role="producer" IPDN="Y6swUZgi9qvUCs4Z7MWT6y.CS" performance="soloist" grossFee="468255263.95"
                     modifier="C" IPI="enjNUzPUAPbGKiA3" birthDate="2019-01-16Z"/>
                <Participant name="fcKKYIl.yxW-4B53C9lCAp" role="producer" IPDN="t51TKODTtwlO.L" performance="supporting" grossFee="1595687961.69"
                     modifier="A" IPI="O7H" birthDate="2019-12-15"/>
                <Participant name="b4ZG1BNwpO3GTDyxPEqkn9qdn8" role="remixer" IPDN="K" performance="supporting" grossFee="-1989312151.36"
                     modifier="A" IPI="c57" birthDate="2020-06-10"/>
                <Participant name="Hg9oSB0Zs0TGhRFiVVb3dCJZ5lp6c" role="performer" IPDN="aa" performance="chorus master" grossFee="-1903400418.85"
                     modifier="B" IPI="LdqLhI" birthDate="2020-01-15"/>
                <Participant name="O-8aNz" role="scriptwriter" IPDN="UuN67xIUL7-qeoRaB8c6pIh.Y9xw" performance="chorus master" grossFee="-2017635773.53"
                     modifier="B" IPI="JkTks7Q" birthDate="2019-04-06"/>
                <Participant name="T8WKE.QXlAQmwyotXU8H-" role="subscriptwriter" IPDN="IJtCcGtUpXZ.u4h2jAtmYCLJL0PEb" performance="soloist"
                     grossFee="-850513404.15" modifier="C" IPI="w2V" birthDate="2019-05-09Z"/>
                <Participant name="v254Lyidp10eyGIC4IV36EIt" role="remixer" IPDN="bj" performance="chorus master" grossFee="1803021794.80"
                     modifier="C" IPI="NX3peBohj" birthDate="2019-09-23Z"/>
            </Participants>
        </Record>
        <Record title="cGJvWbg54CeGk4R." spins="1101395156" ISRC="DQ2U9N4025VH" year="3158" producer="MefByzyUj-7cREDVw-8X9WtBq-p"
             label="gJCkNKlGejz.Sl2Ny" recordNo="D8yV" serialNumber="keoDx_pJK_oeSMEZv5mPIvsf15n" isPremiere="0"
             usage="broadcast" ISWC="t8-USY.Q7UCXU" AKA="g1" genre="spoken word" broadcastedFrom="2018-09-04T11:21:16Z"
             broadcastedTo="2018-11-15T11:21:16" runtime="1823453692" origin="report" alternativeTitle="TsaLaPmrWQ6z1TWk117E6E8R-7BR0q"
             recordedFootage="126896378">
            <Participants>
                <Participant name="X" role="scriptwriter" IPDN="boubsDwF-C2WZa5" performance="conductor" grossFee="1212956197.62"
                     modifier="A" IPI="EKplc4.p18SE6" birthDate="2019-02-08"/>
                <Participant name="ql4VsVNBqUVk9sdacfXEgUjdM9" role="sound engineer" IPDN="GjUPR0" performance="main" grossFee="1054214386.38"
                     modifier="C" IPI="MqZAwpDl3hwKAn" birthDate="2019-08-06"/>
                <Participant name="hE70qJ7t7eoM6cnMJUi9js9AWhGbR" role="arranger" IPDN="opH4MmfFYX5e0Xtr" performance="main" grossFee="-1562741953.05"
                     modifier="C" IPI="Ywbu1WiD.x1eYb9Oq.vJ2AwJ" birthDate="2019-07-14"/>
                <Participant name="bHe279u" role="subscriptwriter" IPDN="p-" performance="main" grossFee="-1390924667.79" modifier="A"
                     IPI="TeV0XR" birthDate="2018-11-20Z"/>
                <Participant name="xRqUICNexJ" role="arranger" IPDN="FndKKwbj58NEYp2OeK392.hPO" performance="soloist" grossFee="1947002365.45"
                     modifier="B" IPI="Fi9E81Nvokh_VK" birthDate="2019-10-19Z"/>
                <Participant name="v0OmIdm7NSZL9g7lpVab7-Wo5lxc" role="subscriptwriter" IPDN="pir68X5TznlgC" performance="chorus master"
                     grossFee="1222991230.53" modifier="B" IPI="_8BY3GfGp06e_d1vppk6OV" birthDate="2018-07-09Z"/>
                <Participant name="Jh-4AZs" role="composer" IPDN="qzMN1-3rBmFc_uD0Y0-2DkR5O" performance="soloist" grossFee="-999703449.30"
                     modifier="C" IPI="hSZbUE.-rYjwm" birthDate="2020-03-23"/>
                <Participant name="IhscOHpU.roAUdFdqOZF1wBNLt" role="subscriptwriter" IPDN="yPPJsrT" performance="soloist" grossFee="1995104438.17"
                     modifier="C" IPI="EK9J6JJ6d4IgteipIzl" birthDate="2019-12-29"/>
                <Participant name="Z9AJ2FnwPwx" role="performer" IPDN="GS" performance="conductor" grossFee="677153396.38" modifier="A"
                     IPI="M9Jg6Rx1re1SjeEoeU" birthDate="2019-08-03Z"/>
                <Participant name="ithilE_K4" role="arranger" IPDN="_w2cn" performance="main" grossFee="341521159.07" modifier="C"
                     IPI="TQr3VVxUwRooOgMWU_QuTLLFH" birthDate="2019-03-13"/>
            </Participants>
        </Record>
        <Record title="hDP6r7Zun94sB.3eTqx3V" spins="1474174551" ISRC="GRUA2K46I313" year="7967" producer="UK.jaRF"
             label="uYtIj9i4_pI3" recordNo="F.hpevHV.nKaW0CYjxMSggg00QMfH" serialNumber="NgldN7jfIdMbT63dvfC"
             isPremiere="0" usage="jingle" ISWC="Vu1EFG6I2sLb5Ykd" AKA="ReM._fUx7j.huNt0QYpn53OdCGZHbu"
             genre="spoken word" broadcastedFrom="2018-08-31T11:21:16" broadcastedTo="2018-07-26T11:21:16"
             runtime="1959513833" origin="report" alternativeTitle="XOOiwrgPlXT" recordedFootage="442729473">
            <Participants>
                <Participant name="UumqhL9N9KKxjR" role="sound engineer" IPDN="j" performance="soloist" grossFee="2059234349.11"
                     modifier="A" IPI="_i5" birthDate="2018-12-13"/>
                <Participant name="ymVGA56.y6nAAvXEVDWodMPnJ" role="scriptwriter" IPDN="XvbZKIWteS" performance="main" grossFee="-705627063.26"
                     modifier="A" IPI="gto4FplIm65hIrr12-dJr" birthDate="2018-08-26Z"/>
                <Participant name="uDQnzs_hXtsWP6EDCs_31hF6mM4ih" role="music director" IPDN="ijKN" performance="conductor" grossFee="1962904962.07"
                     modifier="C" IPI="XZsf3tkVvut-" birthDate="2020-06-14"/>
                <Participant name="A8.j6EebAQ6G1Z" role="scriptwriter" IPDN="fSFxAOf" performance="chorus master" grossFee="1947383518.63"
                     modifier="C" IPI="WN_QCdJ" birthDate="2019-10-02"/>
                <Participant name="aZQs62jrIcWu5YuEgk" role="arranger" IPDN="mgBf5flwUQVPQOSoqPH5wAWcu6U" performance="main" grossFee="-298764107.03"
                     modifier="A" IPI="RikzI9" birthDate="2019-07-05"/>
                <Participant name="AhE5sbBw-Bc-M6RdWzTtHQhCG" role="subscriptwriter" IPDN="W" performance="main" grossFee="1800715185.90"
                     modifier="C" IPI="ommgwHna0s91gOeeRcm08AWM" birthDate="2019-06-16"/>
                <Participant name="KHhdwbWWcggL" role="remixer" IPDN="TBPuxih7bl8TxDR3P" performance="main" grossFee="-1949943849.90"
                     modifier="B" IPI="Zy_2_R" birthDate="2018-08-11"/>
                <Participant name="uE" role="sound engineer" IPDN="WD5t" performance="main" grossFee="1100643945.74" modifier="B"
                     IPI="aIGpjRIJieyiPy1VuR-" birthDate="2019-04-10"/>
                <Participant name="GL.iBor7bl_" role="sound engineer" IPDN="ZeOh" performance="chorus master" grossFee="-1253251303.47"
                     modifier="A" IPI="SC0_PpWY3Qogb-GO" birthDate="2018-11-09"/>
                <Participant name="ZH3xPHU45M8vryjX" role="producer" IPDN="FIUVOxvkHsd.3TxSP6wDtYR9IRou" performance="conductor"
                     grossFee="657515830.20" modifier="B" IPI="sxGbG8BcxwlBqux3RFD" birthDate="2019-01-16"/>
            </Participants>
        </Record>
        <Record title="XlyrEr4omGqv" spins="1760514761" ISRC="3L2YPU01Y9KG" year="1580" producer="Lba1DZW5olPRn" label="FlMQCZKii_W5BTZa_KUhtqd7w"
             recordNo="wSXDmFvb0nl2aQ9svytw.ZI" serialNumber="P-5F" isPremiere="false" usage="commercial"
             ISWC="WtqDbPKMhf" AKA="w6" genre="spoken word" broadcastedFrom="2019-01-15T11:21:16" broadcastedTo="2019-07-07T11:21:16"
             runtime="221587101" origin="live stream" alternativeTitle="WPNURqkVCW99wTLArkeROg0qUqkZ"
             recordedFootage="681396098">
            <Participants>
                <Participant name="hcuHmfsDr8W7tCLB893m_OxQDc" role="scriptwriter" IPDN="A5ey8-1Y7b5fS3PC7VOA9D" performance="conductor"
                     grossFee="-2070397557.21" modifier="A" IPI="juRPBhkxodK.rUTSzkEWc-O2s" birthDate="2018-09-05"/>
                <Participant name="VayhXK3t" role="sound engineer" IPDN="d.RtUZPPnizs" performance="main" grossFee="701010483.79"
                     modifier="C" IPI="fIWkuZk" birthDate="2019-10-31"/>
                <Participant name="KJXHzrbT1XohPFxEqs7SmXJsh_" role="subscriptwriter" IPDN="bEYK.GfrVr0xV9" performance="soloist"
                     grossFee="1211875427.67" modifier="B" IPI="C6AHi1VC30ePthJm6ZUPN.r0bk" birthDate="2018-12-18"/>
                <Participant name="BU6D_sO" role="performer" IPDN="orqXryML8K41fLB" performance="main" grossFee="-1171335469.24"
                     modifier="C" IPI="GbjBylMSm87FGDp" birthDate="2019-03-02Z"/>
                <Participant name="dG69qocIIo6dqSvO763L67hL" role="remixer" IPDN="ao_fuZz-IF7Py" performance="soloist" grossFee="973549284.48"
                     modifier="B" IPI="kU6gLw9ob-T2mvJ3agdKhP8" birthDate="2019-06-02"/>
                <Participant name="UNN5ghfBItT8r-xthbtKTVA" role="arranger" IPDN="FRPqZvQzMYbM1O1O" performance="supporting" grossFee="-853276698.39"
                     modifier="B" IPI="TvF6OpFJycPxC624" birthDate="2019-04-26Z"/>
                <Participant name="izzGgTPcJ" role="sound engineer" IPDN="l" performance="soloist" grossFee="-1981955295.17" modifier="B"
                     IPI="Z" birthDate="2020-02-03Z"/>
                <Participant name="g5Byfo" role="remixer" IPDN="AixL7ekjPB4tWXgQqW3Z22D" performance="main" grossFee="2000560500.19"
                     modifier="B" IPI="aJjEwk" birthDate="2018-09-13"/>
                <Participant name="AV4nQS" role="producer" IPDN="odmQWV0ug" performance="main" grossFee="902634694.82" modifier="B"
                     IPI="AZbQXUJDO_SUeiIEhwSngGmBAzN1v" birthDate="2020-03-29Z"/>
                <Participant name="F.j" role="music director" IPDN="h" performance="conductor" grossFee="-541220515.90" modifier="A"
                     IPI="rOo8_99AFmdg" birthDate="2018-07-23"/>
            </Participants>
        </Record>
        <Record title="BV" spins="2005270961" ISRC="4KMJ3L0N0U27" year="7148" producer="bwNmMMq9rxQpBVDZnoNI" label="qcqkB9ynRTWsrk4G"
             recordNo="PwlP8XItRkFV6" serialNumber="Vx" isPremiere="true" usage="broadcast" ISWC="y3wmDZRIHOec6b6Fuk.mEI.3"
             AKA="AMyDK7ynDM_3w" genre="classical" broadcastedFrom="2019-08-07T11:21:16" broadcastedTo="2019-08-01T11:21:16"
             runtime="469268692" origin="free usage" alternativeTitle="Q8Nw6SU9s92MQ5ivE._6yM" recordedFootage="2020047972">
            <Participants>
                <Participant name="XAgspzByRo" role="composer" IPDN="gOjQ5V1Yxf3UklR4B97T_bI" performance="supporting" grossFee="736405041.86"
                     modifier="C" IPI="Tu5zZmmiCi30.9mI.96" birthDate="2018-12-05"/>
                <Participant name="gAkTK8Ll7L0frAG" role="producer" IPDN="Y0Fn5X" performance="soloist" grossFee="-1347710716.74"
                     modifier="C" IPI="OTrW3lx_-Wd-txeMUORSbagRh2MuL" birthDate="2018-12-25Z"/>
                <Participant name="BX9fLS.J1Y072dVQ_5VABEdLYNy.jA" role="arranger" IPDN="DXUV0l_bPp" performance="soloist" grossFee="83600737.19"
                     modifier="C" IPI="TEKQ8tmb9m9iTKfOB-ult" birthDate="2020-03-15Z"/>
                <Participant name="q3" role="arranger" IPDN="fgAGKBxc97JgXbrDBVdpcc" performance="supporting" grossFee="1735363647.27"
                     modifier="C" IPI="JVg" birthDate="2018-07-19Z"/>
                <Participant name="WsXZ" role="composer" IPDN="uD99E50" performance="soloist" grossFee="-298090324.79" modifier="B"
                     IPI="cWrIRmxjF5pVVx1uh" birthDate="2019-03-31"/>
                <Participant name="OEh" role="sound engineer" IPDN="EO-dh" performance="conductor" grossFee="-458865258.31" modifier="C"
                     IPI="oh" birthDate="2020-05-14"/>
                <Participant name="w3_FHLe8CzeDYfi" role="performer" IPDN="cp" performance="main" grossFee="497943663.20" modifier="A"
                     IPI="wDCyYxufUhTPr8nnbIhI" birthDate="2020-06-24"/>
                <Participant name="OUvl70wvAHw0QqIVGHgnO" role="music director" IPDN="NS.ULYpZfnMp9EsU4JzgAHr9Lix" performance="conductor"
                     grossFee="972448339.45" modifier="A" IPI="d-UpgM1vqAkmJfUNkR" birthDate="2019-12-01"/>
                <Participant name="IlE40te" role="sound engineer" IPDN="sYw8e8yzJpvZYNG4Jdc" performance="conductor" grossFee="1560803115.81"
                     modifier="B" IPI="O5OZFWjp71.cW" birthDate="2019-03-07"/>
                <Participant name="UIR7" role="producer" IPDN="rkEVjkZK9l" performance="soloist" grossFee="1059723083.63" modifier="C"
                     IPI="OfibTnKwgE3OAa08hM" birthDate="2019-08-18"/>
            </Participants>
        </Record>
        <Record title="t4EBENUsX." spins="973966969" ISRC="80V41TY8EETZ" year="9848" producer="fhX7_iG7THmk2I.0CY4XdDQmo"
             label="hVJwoPkeo6X8" recordNo="yTr_GakhWUdTR5IlxGuvup96p." serialNumber="f_qBNG3Q2G-G0QFDn_kv7uL5EV3Q0"
             isPremiere="0" usage="commercial" ISWC="MORNEJxQne21yo3rzozc" AKA="s." genre="composed"
             broadcastedFrom="2018-10-30T11:21:16Z" broadcastedTo="2019-10-28T11:21:16Z" runtime="1280172102"
             origin="report" alternativeTitle="Eq" recordedFootage="130307821">
            <Participants>
                <Participant name="OqYRLY4dP0qs" role="scriptwriter" IPDN="aFS" performance="soloist" grossFee="-1845070491.47" modifier="B"
                     IPI="ij21gwTEYQeCZ" birthDate="2020-06-03"/>
                <Participant name="chB" role="sound engineer" IPDN="j8f0y46A4Te-6rfB3s" performance="soloist" grossFee="1647875044.08"
                     modifier="A" IPI="V" birthDate="2020-01-28Z"/>
                <Participant name="WOBb" role="arranger" IPDN="L_xAN8Vb55VXxK-" performance="main" grossFee="-595275853.73" modifier="C"
                     IPI="HZ1swJkwWMeYSru-R32qO" birthDate="2019-02-16"/>
                <Participant name="qQ" role="composer" IPDN="Yc3prevV1" performance="chorus master" grossFee="-604779896.12" modifier="B"
                     IPI="OsvIacEgH._RPyvokdf0wp3O" birthDate="2018-12-15Z"/>
                <Participant name="mErNg8MPrJTAvZqorRGHP" role="music director" IPDN="vLwLDj_k9NbaO44CR3meLm5NvH" performance="soloist"
                     grossFee="2114311296.42" modifier="C" IPI="FdMUKbf04ozu9Gx3ZrGXkvzZRj5kj" birthDate="2020-06-24Z"/>
                <Participant name="mbXQ5BgVBTa0tAGMgDhj5uSd9RLTOX" role="subscriptwriter" IPDN="Ggn815ZcIkoqwFiRne4n_vJJ6mY" performance="chorus master"
                     grossFee="1111662485.72" modifier="B" IPI="xkUe" birthDate="2019-09-09Z"/>
                <Participant name="FwffdAl7XTEWu" role="sound engineer" IPDN="TQorEVVEI1AYg" performance="supporting" grossFee="405081479.07"
                     modifier="C" IPI="Xv-UeTs.2eYOkznTR" birthDate="2019-09-03"/>
                <Participant name="iqm9P6qShufv-kM-zWVY1fz7K" role="remixer" IPDN="lLY" performance="main" grossFee="1998016486.45"
                     modifier="A" IPI="pleJbncEeagdV.rmuI0bBynGM5g" birthDate="2019-03-25Z"/>
                <Participant name="SgpE3-U32p9DryoUzvrHP-V" role="scriptwriter" IPDN="P78Eu4YSVW-GucDvJMgNb" performance="conductor"
                     grossFee="-1829635445.60" modifier="C" IPI="uOsRmP" birthDate="2020-04-22"/>
                <Participant name="s0FG0soqWg" role="subscriptwriter" IPDN="s.W5gAloBY6fq" performance="soloist" grossFee="1148103179.92"
                     modifier="B" IPI="GMpnyblaaEhN" birthDate="2020-01-28"/>
            </Participants>
        </Record>
        <Record title="w6GI" spins="35676327" ISRC="22WB89C9V913" year="6548" producer="Yw9xmBUXBTYMPOhkN59sPbdzq9"
             label="L10XSM.Zj5TtuDlYGzZshHndY" recordNo="f4op1.SxAgv.wjIPOQtlOQoWjB5" serialNumber="TT_7j-I3TJYOA0AxyN3umQWaNq-"
             isPremiere="1" usage="jingle" ISWC="FoH2PeXWiRxWNQVuFpKSxW" AKA="XEAEObxI" genre="pop" broadcastedFrom="2019-06-21T11:21:16Z"
             broadcastedTo="2019-07-15T11:21:16" runtime="160392304" origin="commercial" alternativeTitle="oAsIaai5l5zGSR6"
             recordedFootage="1568499190">
            <Participants>
                <Participant name="x1KlfoehhKXcmqdugRoGO4wY" role="sound engineer" IPDN="w5uGNxymb93zf8_C_3O6p3rU" performance="conductor"
                     grossFee="1337248081.43" modifier="B" IPI="kcN_M-k8li1cm" birthDate="2020-02-27"/>
                <Participant name="G8LUnIzcH8." role="subscriptwriter" IPDN="U9E" performance="main" grossFee="-203995285.97" modifier="A"
                     IPI="tJdZeqwq2-L7pOsM" birthDate="2019-12-18Z"/>
                <Participant name="MtmXLN2p3MnsBOUKC5zdaDSI_grQzC" role="sound engineer" IPDN="T" performance="chorus master" grossFee="-358200326.82"
                     modifier="B" IPI="xxVI09U_" birthDate="2019-10-22Z"/>
                <Participant name="PTlynWpTIoTCcvX_c9tcPeIz" role="sound engineer" IPDN="aLLqTsoRfs6b-Wl9Cz3" performance="soloist"
                     grossFee="30282141.57" modifier="B" IPI="NF9ZhsAlQSza5uSrKbaRV.yJE5" birthDate="2019-09-14"/>
                <Participant name="gC0T25j18tYX24QemwmpP" role="subscriptwriter" IPDN="TRVOy.kv_rPBjiNYXI" performance="main" grossFee="2032238867.99"
                     modifier="B" IPI="TsS.LBP3b5EtxRSpbI6jHG" birthDate="2018-10-19"/>
                <Participant name="nO4nDUGALr7A5IoMGUSjoHs6" role="subscriptwriter" IPDN="J-yKzYx6sgAsPH" performance="chorus master"
                     grossFee="-1999848238.16" modifier="A" IPI="k.shZ.Ir9VWKwTbn4p4Q-qkGP6zk" birthDate="2018-11-03Z"/>
                <Participant name="r6hatg4Q" role="music director" IPDN="puq9Fbimv.HcBcZ30Kiq9m" performance="supporting" grossFee="902569624.78"
                     modifier="B" IPI="rJiC4oeruT4qgMrqzgobLdwC" birthDate="2018-09-15"/>
                <Participant name="C7fcY_XZup00" role="composer" IPDN="EB5.Pa" performance="soloist" grossFee="-150985999.36" modifier="A"
                     IPI="_Wtnn" birthDate="2019-09-25"/>
                <Participant name="B2gAxv-U2l" role="producer" IPDN="K" performance="soloist" grossFee="1543350954.18" modifier="C"
                     IPI="svqNkH44G6lMzoibPyWlpkzB" birthDate="2018-07-14Z"/>
                <Participant name="SeSHszINpiTAO5xv.8jLvurux" role="sound engineer" IPDN="iDhBct" performance="chorus master" grossFee="-1110933148.62"
                     modifier="A" IPI="eiQUjcNKJn.BUa8uL9" birthDate="2019-10-18Z"/>
            </Participants>
        </Record>
        <Record title="dJTzAble511ZTdW7Z" spins="368108785" ISRC="WJ63N0075KON" year="4117" producer="ThS23eHU2rdOIu5ZS4"
             label="ZXC_td3uCMOfev-" recordNo="nr22YfBzbOFHqj-7lAr" serialNumber="qs.6KUFC2hlHg3CX7"
             isPremiere="false" usage="commercial" ISWC="xrwhlrPbbC-" AKA="Q65JnRMla" genre="spoken word"
             broadcastedFrom="2019-09-29T11:21:16Z" broadcastedTo="2018-09-29T11:21:16Z" runtime="724002430"
             origin="recorded stream" alternativeTitle="mp0_pQ4CsZaYNyj3wVf-xZt8" recordedFootage="1179791536">
            <Participants>
                <Participant name="P_udYDS5IT8L7D" role="scriptwriter" IPDN="oKt" performance="soloist" grossFee="-805601933.38"
                     modifier="A" IPI="Q8xcb2cDM" birthDate="2020-06-23"/>
                <Participant name="jI1YJUgn73VwPMPlJhi_0BCI2MpI" role="performer" IPDN="Lv" performance="conductor" grossFee="1162759064.08"
                     modifier="A" IPI="e7rD690Rmulx4X7XnqYv0i908D" birthDate="2019-05-21Z"/>
                <Participant name="FJMTB" role="performer" IPDN="fqmPf0iKh_ZRYoTwZ2c173opbNBee" performance="chorus master" grossFee="-20799247.72"
                     modifier="C" IPI="KhEo9i_3HKzWxy93euZ8Qmv7crO9" birthDate="2019-04-07"/>
                <Participant name="vFmaPE_e5Peno.fwhWYYYooH5ba3Q" role="music director" IPDN="cb" performance="main" grossFee="-1446120231.92"
                     modifier="C" IPI="VzTxudJmWlGEBvzuM9V0dkE" birthDate="2020-01-23Z"/>
                <Participant name="Bwr5yrIxywNviVe74oQqoMn1e7" role="music director" IPDN="pMzgvnLm" performance="main" grossFee="-2059326136.28"
                     modifier="B" IPI="lpHIw5IcftlDnWCHB" birthDate="2018-10-07Z"/>
                <Participant name="SMaiUpAlf1s" role="music director" IPDN="i-i7R" performance="soloist" grossFee="735308747.48"
                     modifier="C" IPI="qhwO_HsEkQwCn" birthDate="2019-01-26Z"/>
                <Participant name="CapoPjyfH8" role="subscriptwriter" IPDN="BGU9WJqzT7-QvhZkzE2ENoObM" performance="supporting" grossFee="-1304246182.66"
                     modifier="C" IPI="q6fjDeDaowJak5dVeznAz7zP.YEgN_" birthDate="2019-02-18"/>
                <Participant name="cGoFmZbu9q863iwKB-nAYOBkN9e." role="performer" IPDN="PCTGhKLsRJCxTpX" performance="chorus master"
                     grossFee="1414813130.84" modifier="A" IPI="DTdJUeWx" birthDate="2020-03-20"/>
                <Participant name="mzYwPhWgf6qgiKtW0ej1bm..07a" role="subscriptwriter" IPDN="VFNw9d.aACVlcGeq79-F8Ml7lOZ" performance="main"
                     grossFee="1697503415.65" modifier="A" IPI="CYfosTYq" birthDate="2018-07-30Z"/>
                <Participant name="bJZbJiCwL0.dQcQynFyGBhG989-kT" role="producer" IPDN="cha" performance="conductor" grossFee="-381324632.53"
                     modifier="C" IPI="YUqzykkBA2XIoX" birthDate="2020-03-29Z"/>
            </Participants>
        </Record>
        <Record title="XvH2Tp2-z" spins="2128928945" ISRC="48R1Z4BS16I8" year="8853" producer="lFUg8" label="yAXJXmMg0yamG1KF_eeUR"
             recordNo="kRn" serialNumber="lpr" isPremiere="false" usage="commercial" ISWC="tU3JSU" AKA="ToS.MzVvBxQuMgZK_"
             genre="spoken word" broadcastedFrom="2019-04-29T11:21:16" broadcastedTo="2020-01-04T11:21:16Z"
             runtime="1881061449" origin="commercial" alternativeTitle="Lrxnbkd.PJ3n" recordedFootage="1705189731">
            <Participants>
                <Participant name="roqk4ten.m6gNnf." role="composer" IPDN="vUbCT" performance="conductor" grossFee="1767730672.32"
                     modifier="C" IPI="schbjoalJVJoUv19l" birthDate="2019-06-14Z"/>
                <Participant name="qIvNL1WG0ktKniV1r_jjq" role="performer" IPDN="REqv0s8IvAh1Hc4gv0tBd7pDrUEN" performance="main"
                     grossFee="1638117143.14" modifier="C" IPI="EmXozOSZwIzZ7" birthDate="2019-01-03"/>
                <Participant name="HUzrLvU" role="producer" IPDN="mJgQlx1Iqg5.4_BF0qFS-S70.w" performance="supporting" grossFee="278282231.04"
                     modifier="C" IPI="HZSV" birthDate="2018-08-15"/>
                <Participant name="vTWdpL_qRxKxM" role="producer" IPDN="KDDNojkhrGdk" performance="supporting" grossFee="2036571242.91"
                     modifier="C" IPI="xmjaiTMlT" birthDate="2018-11-01"/>
                <Participant name="qnNm" role="composer" IPDN="usKfcv.PjDqRAQPCHd4dMFX" performance="soloist" grossFee="-368824266.80"
                     modifier="C" IPI="SVahemhAWSQGMWwxvzxK83vL" birthDate="2019-04-02Z"/>
                <Participant name="EqYNEzHc1xp1S1Hnw" role="composer" IPDN="lki7EcDM44pfRaACRjVO8Njf" performance="soloist" grossFee="54614906.18"
                     modifier="A" IPI="U-FSkdJ0ExMlSAdx1EyCqMiL7TNK8" birthDate="2019-12-15"/>
                <Participant name="xVlA4LJWo1zYcmFo83A67.5" role="arranger" IPDN="soOUU_hAIasNIdW8Y" performance="chorus master"
                     grossFee="747517842.61" modifier="B" IPI="hyTJ-ZEZCEJKsqHGQUQ4zmdNArc3" birthDate="2018-09-30Z"/>
                <Participant name="VI1Ly_Afd28" role="sound engineer" IPDN="yCnwwvUS4.aHsu" performance="main" grossFee="4926452.04"
                     modifier="C" IPI="yRDLAlP0-O-WNLBBRuiw" birthDate="2020-03-24Z"/>
                <Participant name="wJE" role="composer" IPDN="vgwh0yNU4uNPN" performance="soloist" grossFee="-58844915.79" modifier="B"
                     IPI="SDOnQM67sqi" birthDate="2020-05-07Z"/>
                <Participant name="v6dXIB6RDaRh" role="subscriptwriter" IPDN="NssjuohDN" performance="main" grossFee="-1554286520.95"
                     modifier="A" IPI="ArxiSIdO6YD6vVVJ0OY" birthDate="2020-01-30"/>
            </Participants>
        </Record>
        <Record title="eeD1ZsWNR3ruDRYnfElT2l8g" spins="1507763773" ISRC="4OZS4SYRO8Q4" year="1845" producer="VnaBT9Dgcc8FXkJ"
             label="SXy5Z.cMC1r0qUtD4deBLNL2Au" recordNo="x" serialNumber="y" isPremiere="0" usage="jingle"
             ISWC="HezQ1yMEukDZQ5byd9n2" AKA="DgE0e9" genre="commercial" broadcastedFrom="2019-05-28T11:21:16"
             broadcastedTo="2018-09-30T11:21:16" runtime="1455619194" origin="report" alternativeTitle="MTk"
             recordedFootage="1676538647">
            <Participants>
                <Participant name="u02Emc7RWF2qR-Mn7eh" role="arranger" IPDN="I0m" performance="soloist" grossFee="-2129120399.50"
                     modifier="B" IPI="K" birthDate="2019-06-01Z"/>
                <Participant name="kPjTy9eZsV-hfHJ" role="subscriptwriter" IPDN="V4vOylyO3dFFjNLvie" performance="conductor" grossFee="52215876.16"
                     modifier="B" IPI="RZqZ9nm" birthDate="2020-03-13Z"/>
                <Participant name="TaYgxYLb1IgZombE" role="scriptwriter" IPDN="rKVi" performance="conductor" grossFee="-1425025140.94"
                     modifier="C" IPI="N97Rseq" birthDate="2019-03-01Z"/>
                <Participant name="Uiv-gN5dn" role="arranger" IPDN="w.po7wBOA2rJJa" performance="main" grossFee="596147485.45" modifier="C"
                     IPI="wO7pncS.H-hu.kfwU8iGFWoqxJQ" birthDate="2019-10-02"/>
                <Participant name="E3JWbHnc7wr6dv-dunPx3" role="music director" IPDN="_rH5BNaPns4EpeZXXG4YTiFv" performance="chorus master"
                     grossFee="-1922855857.40" modifier="B" IPI="tH2vEuULUzL18Dc6XO" birthDate="2020-02-26"/>
                <Participant name="qBuClv" role="performer" IPDN="RX" performance="soloist" grossFee="1110387036.55" modifier="A"
                     IPI="i9SeB-LMa_kUws6y." birthDate="2018-11-01Z"/>
                <Participant name="qoG1.zIl4Wn4-Ze2tRtRVvOSckms3m" role="composer" IPDN="P" performance="supporting" grossFee="-1355670972.57"
                     modifier="A" IPI="ET8CR9i5UH6MA" birthDate="2019-11-15"/>
                <Participant name="ibVIFlmCKDtbm0pPC3-OKIO5J" role="performer" IPDN="Oy6kLV.V7cZz" performance="soloist" grossFee="646589888.65"
                     modifier="B" IPI="TTX1zRXuyspRVUP6Du" birthDate="2018-10-03"/>
                <Participant name="b11W7Rbaa" role="sound engineer" IPDN="ZwacFYyV06bKHQiwITjsQd" performance="soloist" grossFee="1885420032.03"
                     modifier="C" IPI="A" birthDate="2019-09-22Z"/>
                <Participant name="ZXC0WYfA" role="sound engineer" IPDN="zAhhPzrYGl8xbKzToS3GVRttm" performance="chorus master" grossFee="-1196800288.94"
                     modifier="B" IPI="nDSAgq6M" birthDate="2018-09-05"/>
            </Participants>
        </Record>
    </Record>
    <Record title="HgZu" spins="235735775" ISRC="U0J41BTTIJ2E" year="7042" producer="DVRcaPpOHB6" label="g7D-" recordNo="OaeIYqyH_sOKSmOJ"
         serialNumber="fxQsrbKFeq" isPremiere="false" usage="jingle" ISWC="lYZuSeUiB0WB.MWCg4oolG-b"
         AKA="EjW8cCwzmgPHiymDNqFj" genre="jingle" broadcastedFrom="2019-10-08T11:21:16Z" broadcastedTo="2019-06-23T11:21:16Z"
         runtime="2123051944" origin="live stream" alternativeTitle="HcF3cKjBmWDvkIpXkt" recordedFootage="666909459">
        <Participants>
            <Participant name="lKP" role="producer" IPDN="oc9x" performance="supporting" grossFee="1190949601.81" modifier="C"
                 IPI="jc-oc.pdNwZbcjL2TSjiztMm1fV9ev" birthDate="2018-08-04Z"/>
            <Participant name="L6IQziLtQ.c1nxGKLBopSu.q3K" role="remixer" IPDN="zXSES0Y" performance="main" grossFee="-1811623953.17"
                 modifier="A" IPI="N06lFFNR" birthDate="2018-07-14"/>
            <Participant name="fZxdP1JAnNw.aGfXrCFG" role="subscriptwriter" IPDN="ui45uN" performance="chorus master" grossFee="-271073743.49"
                 modifier="B" IPI="ib6" birthDate="2018-08-14Z"/>
            <Participant name="t1siatHo" role="remixer" IPDN="MnoQnB8.klr1gTl49POo" performance="chorus master" grossFee="-259801701.12"
                 modifier="C" IPI="wP2nK4JW" birthDate="2020-01-17"/>
            <Participant name="RgH5no.bAYHtn" role="remixer" IPDN="HbhPLFVw" performance="supporting" grossFee="-997943135.76"
                 modifier="A" IPI="AiToRgUFs0MvGZk1_p" birthDate="2019-02-25Z"/>
            <Participant name="o" role="arranger" IPDN="L-1AboamWx" performance="conductor" grossFee="-454725171.78" modifier="A"
                 IPI="Ww_603" birthDate="2020-01-21"/>
            <Participant name="x" role="remixer" IPDN="s" performance="chorus master" grossFee="-53813830.00" modifier="B" IPI="L0J7gunkdZnDcrjOj0"
                 birthDate="2020-04-26"/>
            <Participant name="IC9nJEuY0j" role="music director" IPDN="WM7" performance="conductor" grossFee="109356580.56" modifier="B"
                 IPI="B8-Alg-EWeeZqRDERJWaWyMz1" birthDate="2019-03-17Z"/>
            <Participant name="HUvfYiA4AD1o2t_Kx" role="remixer" IPDN="wTeCQgfSGSIFQxI8d3JLkN-kNDd6j" performance="supporting"
                 grossFee="911284234.04" modifier="C" IPI="WxAhc8ZazYxyC1" birthDate="2018-07-24Z"/>
            <Participant name="gXHyZUmh0v" role="arranger" IPDN="N8_fDQwIhmuftwV" performance="soloist" grossFee="196912080.18"
                 modifier="B" IPI="RoWYBAaGjGDkQeyJa-umTbT" birthDate="2020-06-11Z"/>
        </Participants>
        <Record title="ux6zTGufUGueuz4F6AC" spins="2085269146" ISRC="5C0152HL0W10" year="4548" producer="XBUYG8EXo7Qy7aZ9qAGJy2w2l"
             label="NNXOrCKHuLIDE" recordNo="Z" serialNumber="XNvzy" isPremiere="0" usage="jingle" ISWC="JFtYL2U"
             AKA="Nn9oUHDlWCRNGU2q" genre="jingle" broadcastedFrom="2019-08-05T11:21:16" broadcastedTo="2020-02-01T11:21:16Z"
             runtime="933412435" origin="live stream" alternativeTitle="rgJBAAC" recordedFootage="1356033305">
            <Participants>
                <Participant name="IeMv-NsbkCLSu-ESPatD3" role="composer" IPDN="x_Lw200EMFZzND" performance="conductor" grossFee="-1018621007.67"
                     modifier="A" IPI="JSYNrs2ItKjI07RuWg" birthDate="2018-09-17Z"/>
                <Participant name="w-3l-U" role="music director" IPDN="XE" performance="conductor" grossFee="-2077037222.69" modifier="B"
                     IPI="n.3HyZR6oGIhDNUiAdL223LA08Hx" birthDate="2019-07-23"/>
                <Participant name="AZrHh3_D8rystZ9wCHi" role="remixer" IPDN="EKabp" performance="supporting" grossFee="-832819361.95"
                     modifier="C" IPI="LnN97Afz1IK7NV2TOEmz8YVoEtj" birthDate="2018-11-07"/>
                <Participant name="PjC75mODp5TxDxu4WzO-3uRn_yHPFn" role="music director" IPDN="ZK" performance="chorus master" grossFee="-1524163133.11"
                     modifier="B" IPI="zRferaiUhTV0x0VdUR2iRklSEFiPo" birthDate="2018-07-07Z"/>
                <Participant name="tnWVzV3Ma-geF8q" role="music director" IPDN="ARS6tukcErOTKrfPkZ3iTTzm5" performance="main" grossFee="1355840504.07"
                     modifier="A" IPI="fyq_9Mt13I_" birthDate="2019-06-06Z"/>
                <Participant name="MqyT" role="producer" IPDN="WrZjBr_J7e8R.s7uWAtpdh" performance="soloist" grossFee="-993845114.26"
                     modifier="C" IPI="GGpeX" birthDate="2020-01-02Z"/>
                <Participant name="W7U" role="music director" IPDN="i_Al" performance="conductor" grossFee="-922402313.64" modifier="C"
                     IPI="ThVfV6gdXo4-c" birthDate="2019-06-13Z"/>
                <Participant name="LlStarLM1" role="remixer" IPDN="eTAlhGcWCmbKb0eq3bYDlZQt" performance="supporting" grossFee="723334712.97"
                     modifier="A" IPI="Koi" birthDate="2020-05-31"/>
                <Participant name="fUZjUYMJeopRwM7V2H-2yB0V" role="remixer" IPDN="G0OiKPizuAIqMhNcdEU7TVPwAf" performance="supporting"
                     grossFee="-1435132775.55" modifier="C" IPI="qSZW4gayE96R" birthDate="2020-03-10"/>
                <Participant name="MyUbVWWufH042LDC5Tda" role="composer" IPDN="RV3Z41E-9XFBVhx" performance="chorus master" grossFee="-67709528.15"
                     modifier="C" IPI="kdPTv7qu44Pj7ovtS4NIrXNq5XS4" birthDate="2019-10-27Z"/>
            </Participants>
        </Record>
        <Record title="psyKmgLlg.CvhB.O9Kg" spins="2080602074" ISRC="JJ83525819A9" year="9259" producer="f1Ot7gHe.xnfl4TTw5wmiU"
             label="P8yzCmUk-gC0bUM_clTe1.ekXJkmqq" recordNo="FfR5" serialNumber="Yib4iQcwtcqWO.0uGV"
             isPremiere="0" usage="jingle" ISWC="wmOLUmruU8IIPOXbN" AKA="J0ce-btJ1e" genre="composed"
             broadcastedFrom="2020-03-09T11:21:16Z" broadcastedTo="2019-12-29T11:21:16" runtime="1454707436"
             origin="free usage" alternativeTitle="Gs21" recordedFootage="693404555">
            <Participants>
                <Participant name="JZGsvTB9a" role="subscriptwriter" IPDN="MIfNmqcF2Q8fo" performance="conductor" grossFee="662137948.93"
                     modifier="C" IPI="d" birthDate="2019-07-20Z"/>
                <Participant name="IzpUODtF_z527OacWo4O89" role="performer" IPDN="UyyS" performance="chorus master" grossFee="1235100308.86"
                     modifier="A" IPI="wcHSm0vT1uRvkiUanMV" birthDate="2019-01-15"/>
                <Participant name="K" role="performer" IPDN="FhS5U0kEHOVXnWpqZndkRTDmOZH." performance="conductor" grossFee="1326984629.19"
                     modifier="B" IPI="_fCApEnwsrxx" birthDate="2019-03-29Z"/>
                <Participant name="wYDz-1IgIH7W.Ic2_U20NG" role="producer" IPDN="V9" performance="soloist" grossFee="-1453993882.99"
                     modifier="C" IPI="nfa9NvTlXnVcbK7LvBEpgVLarTtUE9" birthDate="2019-12-23"/>
                <Participant name="JIiMfEDOMSr2YXUo7Shi0C_R6A" role="music director" IPDN="KILBLod.fiioEkzhYY7ls" performance="chorus master"
                     grossFee="-1264649675.65" modifier="A" IPI="ZzLb8xy9kzkeTCjFVPsdK65v3h7-5" birthDate="2018-11-09"/>
                <Participant name="esEW1." role="scriptwriter" IPDN="_pHa0ctIoBGHwJEIhs9lokkCqpMf7-" performance="soloist" grossFee="1312103594.22"
                     modifier="C" IPI="fsKRyBkagT_4mOdD" birthDate="2019-11-05Z"/>
                <Participant name="yHsMH0rDQcNk5fF6hJOF" role="performer" IPDN="OKKYOQp.mTdr" performance="soloist" grossFee="-240026982.09"
                     modifier="C" IPI="u1y1qTTsUrcqTp7UAzvLIobrTFx_" birthDate="2018-08-20Z"/>
                <Participant name="BRyPZa4-BzL" role="producer" IPDN="jcyXAjl" performance="supporting" grossFee="1798599811.75"
                     modifier="A" IPI="K0-2VZ" birthDate="2019-08-09"/>
                <Participant name="PrtPd0" role="scriptwriter" IPDN="hWZSbc97E" performance="chorus master" grossFee="1566616920.87"
                     modifier="A" IPI="UGQKaR" birthDate="2018-07-23Z"/>
                <Participant name="wkJxEl5fqwgIOVvfYB6" role="producer" IPDN="cgdX4QGcbtGgDB-" performance="supporting" grossFee="78404339.91"
                     modifier="C" IPI="Xh84ox5z7-.V" birthDate="2020-03-27"/>
            </Participants>
        </Record>
        <Record title="ECgE" spins="925593758" ISRC="FI15YZXX15I3" year="4432" producer="I0cqDsAj5" label="SqrAXFkHH.2R"
             recordNo="zL7kay9LL_PuWu48W23u" serialNumber="STqE9695" isPremiere="1" usage="jingle" ISWC="hvffbnIo"
             AKA="vO7yys6" genre="jingle" broadcastedFrom="2019-07-25T11:21:16Z" broadcastedTo="2019-06-22T11:21:16"
             runtime="971625217" origin="live broadcasting" alternativeTitle="iYL" recordedFootage="456097462">
            <Participants>
                <Participant name="cSEZUn7oOz2u_h6qkdmR" role="performer" IPDN="QJzfJ2L1OHVEhRojsbailmSD8JYiq" performance="soloist"
                     grossFee="-1220431954.18" modifier="C" IPI="McS97uxr2kV1mt8BjNcRjZt" birthDate="2019-03-24"/>
                <Participant name="o2_ojJZhjCQ7tnH3GTkJD2i9zL7DZt" role="performer" IPDN="t25L" performance="chorus master" grossFee="-38065184.92"
                     modifier="B" IPI="a03_gl4VPY4F.FIKdiKTaBg_rA4pt_" birthDate="2018-07-08Z"/>
                <Participant name="WbTh44AlCT8Pv1Y" role="remixer" IPDN="PZVk5oH.4sNB" performance="soloist" grossFee="-1543184918.84"
                     modifier="A" IPI="MFmPR85pZlDNs1uDNt_" birthDate="2020-01-16"/>
                <Participant name="YuVNHeKxdGutsxJYao" role="subscriptwriter" IPDN="WVA-ZFTRwJeM-S" performance="supporting" grossFee="-1618879641.82"
                     modifier="C" IPI="CYsOvSU9i_SNYrGdmF3" birthDate="2019-03-21Z"/>
                <Participant name="nH22MYAzl7bm" role="scriptwriter" IPDN="UHWRl3oCylcne4" performance="chorus master" grossFee="-731964444.75"
                     modifier="A" IPI="fo5cVeZZpkUbiZJZlQZ-t31" birthDate="2019-12-02Z"/>
                <Participant name="beG6K" role="scriptwriter" IPDN="tPqgQ3-4Zawy4xRrq_ihKAdN4" performance="main" grossFee="-877378835.43"
                     modifier="C" IPI="T71Ku1g9RRrL4ispeUAo_DIb" birthDate="2018-12-26"/>
                <Participant name="fD" role="sound engineer" IPDN="ZyN04w1J2" performance="conductor" grossFee="1915393357.04" modifier="A"
                     IPI="mdij2mRcd.Cmvo3DUv0a5vPBvhsf" birthDate="2019-01-06Z"/>
                <Participant name="pDEfVr0C0Qu-pdF" role="composer" IPDN="D04ysr8Z4Uh" performance="main" grossFee="886472556.51"
                     modifier="C" IPI="pk." birthDate="2018-08-09"/>
                <Participant name="DTs049iGhTgFjSC" role="music director" IPDN="okgUoW" performance="conductor" grossFee="361753695.67"
                     modifier="B" IPI="doz" birthDate="2019-06-30"/>
                <Participant name="Etlh" role="remixer" IPDN="LIkD" performance="supporting" grossFee="334618907.62" modifier="C"
                     IPI="Nrj8M_BXZkqmGEv" birthDate="2020-05-31"/>
            </Participants>
        </Record>
        <Record title="CXUF-qcf-jzz29iEki9QRC9XAk5I" spins="159833766" ISRC="J70U7ULRHI7X" year="2113" producer="qHapa6EyiIQxkFJ2Xv_cq"
             label="uS2xSQ" recordNo="roVr5y5cRW91e" serialNumber="gn" isPremiere="1" usage="commercial"
             ISWC="xyb_nQV1DqxJ" AKA="ZYjWVPbwfuram03eK" genre="commercial" broadcastedFrom="2019-01-05T11:21:16Z"
             broadcastedTo="2018-09-08T11:21:16" runtime="956512378" origin="commerce" alternativeTitle="VGr3PSrG0"
             recordedFootage="1583807604">
            <Participants>
                <Participant name="xmQgv" role="composer" IPDN="a3Yj-z5jpI-kJdTuSd9KDz" performance="chorus master" grossFee="1401140212.97"
                     modifier="A" IPI="gLDAq67P34AIalFBVNV" birthDate="2019-05-26Z"/>
                <Participant name="B4cNsO" role="composer" IPDN="dVvaEPKdoKUyn.kgZ" performance="soloist" grossFee="64822887.80"
                     modifier="B" IPI="dgO1_MlAVy" birthDate="2019-08-19Z"/>
                <Participant name="iHFVxxX48lf20IIcs" role="remixer" IPDN="U" performance="supporting" grossFee="-2142471610.13"
                     modifier="C" IPI="TLmC5.A04L" birthDate="2019-10-28Z"/>
                <Participant name="tl5Pb0JOmrJ8" role="remixer" IPDN="oBwY7vobSRZY1ZK" performance="supporting" grossFee="1268162820.91"
                     modifier="C" IPI="r7ZRmCq4a.STPbSBQZg3Rk.D6VzD" birthDate="2020-03-14"/>
                <Participant name="B.Qub91SWTj_uQyg" role="remixer" IPDN="khSYw96SByK77sZ" performance="chorus master" grossFee="1109530091.68"
                     modifier="C" IPI="DNFA" birthDate="2020-04-03Z"/>
                <Participant name="RoQzm7QHbJwB8C4" role="subscriptwriter" IPDN="w57J0" performance="chorus master" grossFee="377822968.72"
                     modifier="B" IPI="dUuee0pYYYy8VG8i" birthDate="2019-04-11"/>
                <Participant name="ZlaCjuL1lI7txN" role="subscriptwriter" IPDN="Y6" performance="main" grossFee="-578851566.00" modifier="A"
                     IPI="dFSkK8ZFhv2BLrzu6h_UkUNF-5" birthDate="2018-07-10"/>
                <Participant name="dw" role="composer" IPDN="g7jEabTr.ubrOWtnXkxefiFh6aAG4a" performance="soloist" grossFee="715957695.29"
                     modifier="A" IPI="poiFZrVaaNxszra0EyBaww6t2D3" birthDate="2019-03-11Z"/>
                <Participant name="gQuJXD8ybISrA1" role="music director" IPDN="ixBPsAj0s2uLOz7e" performance="chorus master" grossFee="1660103866.57"
                     modifier="C" IPI="mK-dv34f0mKstcw1" birthDate="2019-01-28Z"/>
                <Participant name="djuA3B4TRySk9ZS" role="composer" IPDN="Hsi" performance="chorus master" grossFee="647664290.81"
                     modifier="C" IPI="sSm0cqI77LdsQMjS_G6XcdPYLJm" birthDate="2020-04-25"/>
            </Participants>
        </Record>
        <Record title="qKQqYdPiczy" spins="504789624" ISRC="25U63IMHCH77" year="9552" producer="IDb8db" label="H_G3"
             recordNo="rFgX.e1iIp6bySBXnUtOVUk" serialNumber="U_mMcsx.YVsLl_0" isPremiere="1" usage="broadcast"
             ISWC="q8qB0u-5Z9zxwUh.M" AKA="TRGK" genre="spoken word" broadcastedFrom="2019-07-25T11:21:16"
             broadcastedTo="2019-01-14T11:21:16" runtime="1485041626" origin="self" alternativeTitle="NkGTl.guknlXeffynN1"
             recordedFootage="1703778977">
            <Participants>
                <Participant name="vTL8" role="producer" IPDN="f" performance="conductor" grossFee="175281863.17" modifier="A" IPI="dsLX8DHF-fVceGhP"
                     birthDate="2018-11-07"/>
                <Participant name="hp2zSk4IW7T74aB" role="scriptwriter" IPDN="wld6M40cifvb" performance="conductor" grossFee="-927626106.30"
                     modifier="C" IPI="UJXbI_A.pUYt9ggK-o" birthDate="2019-04-05"/>
                <Participant name="ZdpIiapDByW1NTIRN2VRtBRSF" role="performer" IPDN="OdLZHYjcX" performance="main" grossFee="703282990.15"
                     modifier="A" IPI="WtnUNZM8nT.1mmwc.u" birthDate="2019-01-14Z"/>
                <Participant name="FMabuNNLW" role="performer" IPDN="B3P.mg" performance="supporting" grossFee="1085806627.26" modifier="C"
                     IPI="LDYv.n3ml" birthDate="2018-08-27Z"/>
                <Participant name="yz9v2k9apYT7FHjz" role="subscriptwriter" IPDN="fdQ5oPTZyITeWZUqMV3Q" performance="soloist" grossFee="-1557589982.30"
                     modifier="B" IPI="s33iIWp36K" birthDate="2020-06-06"/>
                <Participant name="V2nhyXa8_Suw5WXJW" role="music director" IPDN="HxCbJ.gIrxn8-ZLamuPsyy_GslaDh" performance="conductor"
                     grossFee="1016831821.66" modifier="A" IPI="z1q7lx" birthDate="2018-10-31"/>
                <Participant name="lNE6TZWJ5UQvS3DxggP6V" role="composer" IPDN="meb89UsxRkwf5mwhZDhzsryk2ELi2" performance="main"
                     grossFee="615619968.15" modifier="C" IPI="Xs9jgpyUvn3VW.dJdM4l.BA9yka." birthDate="2019-04-16Z"/>
                <Participant name="gs5LjzpnBZsc8OJA8gHyQr." role="performer" IPDN="RToacuWh.HZW6FrhJYJPepEkCfev" performance="supporting"
                     grossFee="387705024.70" modifier="B" IPI="nQiG" birthDate="2020-06-03"/>
                <Participant name="R" role="performer" IPDN="kyA36o" performance="conductor" grossFee="818327124.02" modifier="B"
                     IPI="XMeqTMVZbSVY" birthDate="2019-03-07Z"/>
                <Participant name="M65tXtJ54" role="sound engineer" IPDN="fiqSrwgj9Bs" performance="soloist" grossFee="1142398651.41"
                     modifier="A" IPI="Ge4H" birthDate="2020-05-26"/>
            </Participants>
        </Record>
        <Record title="OfWvTUXRp" spins="1217174138" ISRC="71JDDQ115165" year="3981" producer="Ier314hdWYD" label="F"
             recordNo="OSHwi5uRBsn2V-eD6qy1" serialNumber="i3bbc.D90rH3nCm7J-furUmgYD" isPremiere="0"
             usage="commercial" ISWC="vM126mR" AKA="D9FRuJk" genre="classical" broadcastedFrom="2019-11-20T11:21:16Z"
             broadcastedTo="2018-07-12T11:21:16" runtime="901646916" origin="report" alternativeTitle="SiDm-qqx6QKlKECAhcbvxcLK_RO4ap"
             recordedFootage="1336857936">
            <Participants>
                <Participant name="O2NGkov5So" role="performer" IPDN="hygISXenemAhMC5" performance="conductor" grossFee="771514058.13"
                     modifier="B" IPI="S5ZuUwGhTi5y6sv-08" birthDate="2019-05-24Z"/>
                <Participant name="h" role="sound engineer" IPDN="T_B1zkIvoAES3C8yKtKAv1NsCX8pgG" performance="soloist" grossFee="1456509499.60"
                     modifier="C" IPI="Ch26IZCPEMG" birthDate="2020-05-15Z"/>
                <Participant name="QALh0XKkPLvyDnXhP15LW8PElZ-E" role="sound engineer" IPDN="G9X5ZzTD5-rFwQiEyAGAwxRH" performance="conductor"
                     grossFee="1199545460.81" modifier="B" IPI="hsbdbeydxDX7" birthDate="2018-11-11"/>
                <Participant name="yaTHpHpioaL2X16Uqe8NG" role="subscriptwriter" IPDN="ZopNQ2G8glHxcn5vtZ" performance="soloist"
                     grossFee="1833367681.42" modifier="C" IPI="uW5WV3pGxj51C_Wbmd" birthDate="2019-09-20Z"/>
                <Participant name="jkZ1T" role="scriptwriter" IPDN="lb2_j15QJ1yj0w98w" performance="conductor" grossFee="1235821460.93"
                     modifier="C" IPI="_XAhzuNyhFC6k6_s" birthDate="2020-01-08Z"/>
                <Participant name="EJ5OxezXLVL_5KSp" role="composer" IPDN="T5T2JA963CR" performance="supporting" grossFee="-1211699206.74"
                     modifier="C" IPI="GHH" birthDate="2018-12-04"/>
                <Participant name="G7Zdc" role="performer" IPDN="aZ.EVCPH.GIqa4OQF-zuCecP" performance="supporting" grossFee="1166966129.73"
                     modifier="C" IPI="Krat1xORlH" birthDate="2018-12-24Z"/>
                <Participant name="GSWukobkmEq_tCr.GAIm2QFcUtjICo" role="scriptwriter" IPDN="tGD7vyrBTeM_4Pd2" performance="chorus master"
                     grossFee="-2012703067.27" modifier="A" IPI="iIu4DWay" birthDate="2019-04-10Z"/>
                <Participant name="iKsw2OR7glwFGRo" role="scriptwriter" IPDN="IJ28" performance="chorus master" grossFee="-1735647715.27"
                     modifier="C" IPI="izsgIMU0IsZjPjqYd9_25YP" birthDate="2019-02-27"/>
                <Participant name="Q0FBshVsm5Q87tFa" role="producer" IPDN="i200dvBAogHG.gmkvESi" performance="main" grossFee="1603809211.17"
                     modifier="C" IPI="P" birthDate="2018-11-15Z"/>
            </Participants>
        </Record>
        <Record title="AOtr" spins="111046444" ISRC="WM59CRHU04OB" year="2012" producer="HURfdQKeHZNvuUs" label="pdalGc_NYvBCUKmr-RZQvkZA9b"
             recordNo="s618." serialNumber="dcvSccSm.0QoFBP" isPremiere="false" usage="commercial" ISWC="NUp2qRRZ.t63CQ"
             AKA="ziku.KSZ1TcYY1ubLm4" genre="jingle" broadcastedFrom="2019-01-26T11:21:16" broadcastedTo="2019-09-20T11:21:16"
             runtime="572637726" origin="commerce" alternativeTitle="Ij9zFRd9s4SZ0wP-wsetCVUdeY" recordedFootage="492060199">
            <Participants>
                <Participant name="yRku-oWxKparJ6PLwF2mQreRul" role="subscriptwriter" IPDN="lLGuYczRUknmCi3uISCPGFcv74b" performance="supporting"
                     grossFee="-1315980067.14" modifier="B" IPI="em8f_G.e9Ni" birthDate="2020-05-23Z"/>
                <Participant name="cgQhStJhk53oTAGU5n" role="sound engineer" IPDN="RDziAqzUZ7" performance="chorus master" grossFee="370632584.88"
                     modifier="A" IPI="HENk.e" birthDate="2020-06-23Z"/>
                <Participant name="_MrrSgyXeNQXJN" role="performer" IPDN="PJJte9v5lG" performance="conductor" grossFee="-874601862.92"
                     modifier="A" IPI="PcMaQLPwP-gxFl11MmyNmvccI" birthDate="2019-09-09Z"/>
                <Participant name="K4Jy" role="sound engineer" IPDN="bdqrJzsW2fauDSPC732R" performance="chorus master" grossFee="-1777397533.61"
                     modifier="B" IPI="wMupfYykaGt5" birthDate="2020-05-10Z"/>
                <Participant name="Cj1pFs2m" role="subscriptwriter" IPDN="jTrKQD9jmtqe3wYdscfSHRLZk" performance="supporting" grossFee="1883043652.74"
                     modifier="C" IPI="Ta1aoITYMbf" birthDate="2019-07-30"/>
                <Participant name="iK9Rdlyz" role="producer" IPDN="B2J3.W4KJD1" performance="conductor" grossFee="880448557.46" modifier="B"
                     IPI="G8D5XO0Ntb55_NtPGP_KrC" birthDate="2019-05-25"/>
                <Participant name="J-UXL7lnRd8acD-vY57QHWtV" role="scriptwriter" IPDN="k6LplGgEOHg17GGR" performance="conductor"
                     grossFee="1410367319.75" modifier="A" IPI="JD3O58dbRsKdR6idqZa" birthDate="2018-10-18Z"/>
                <Participant name="XmZVU0x" role="music director" IPDN="M9VF501LJ3lthVdQzc1g" performance="supporting" grossFee="226245084.36"
                     modifier="C" IPI="NvYOn4EqdSZOqCK.oJ3S4_XNru" birthDate="2020-03-31Z"/>
                <Participant name="vrHp_QUMj5a_B" role="sound engineer" IPDN="o8sHJQ2" performance="supporting" grossFee="2031855433.13"
                     modifier="A" IPI="zDnA2" birthDate="2020-01-10"/>
                <Participant name="aiWD-WFiL1kB2AjQQw" role="arranger" IPDN="orVu" performance="conductor" grossFee="-1075625535.79"
                     modifier="B" IPI="B4mAIm.buqo" birthDate="2020-01-04Z"/>
            </Participants>
        </Record>
        <Record title="RjGtS4PiXVp4JTB9WGT4Q8A.A7_6qW" spins="1490443106" ISRC="G9US2JU0DB84" year="8385" producer="RJroN"
             label="fVo" recordNo="m8mnJtUjNHsEyMa" serialNumber="Ef79UL2VrP4AGE4kRAC3So4I" isPremiere="1"
             usage="commercial" ISWC="cwIUBaBI9w" AKA="QX6cT8BF.2RZl7" genre="composed" broadcastedFrom="2019-04-04T11:21:16Z"
             broadcastedTo="2019-03-09T11:21:16" runtime="839078665" origin="self" alternativeTitle="S.q4Xov8qFLhGT-zSeBPmkfm9GpShO"
             recordedFootage="2074442344">
            <Participants>
                <Participant name="i7VXFXO.nntkCPm6FF" role="sound engineer" IPDN="IXDsCINHscgIl" performance="supporting" grossFee="-1876268128.54"
                     modifier="A" IPI="RJ" birthDate="2019-06-23"/>
                <Participant name="BIBr" role="arranger" IPDN="ZZ4aPo0GLT0XJ_i3L91JiU-E-C9r7" performance="supporting" grossFee="1764513314.22"
                     modifier="A" IPI="I6Jw1js.FH5VxTtDhZiuRYqR" birthDate="2019-12-30"/>
                <Participant name="YC" role="scriptwriter" IPDN="ZyxkIn-3Id2tyvnWU" performance="supporting" grossFee="1048486024.68"
                     modifier="B" IPI="Dy0IEVs8" birthDate="2020-05-08"/>
                <Participant name="xShsPZOaPoFenrShKEuuuH7gH9.3" role="arranger" IPDN="He" performance="conductor" grossFee="-1481508496.87"
                     modifier="C" IPI="sUHaOauoVYcU" birthDate="2020-01-09Z"/>
                <Participant name="zAnnxGyZvPD" role="subscriptwriter" IPDN="i-LFK-B3L" performance="soloist" grossFee="-1310009044.65"
                     modifier="A" IPI="dfJg3USjRWwlI-Skn0.X0n" birthDate="2019-01-14"/>
                <Participant name="hdAu4cOhMha9RF" role="scriptwriter" IPDN="uyu7V1" performance="conductor" grossFee="-92416341.26"
                     modifier="B" IPI="r.79M2mieatdk2y" birthDate="2019-11-29Z"/>
                <Participant name="ay2fOngsy8" role="composer" IPDN="_J" performance="supporting" grossFee="2076603258.74" modifier="C"
                     IPI="nLFh7JAtyx" birthDate="2019-11-02"/>
                <Participant name="PF3Y6q1TuABl9Ze-niAVcFP_" role="performer" IPDN="CB_m5bajgosb2" performance="soloist" grossFee="-1106300758.83"
                     modifier="A" IPI="TF8TqUARJNBLXo6F" birthDate="2018-09-07Z"/>
                <Participant name="K" role="performer" IPDN="VDzSx7yHlD8scVtJthkNnJNZ-GL" performance="soloist" grossFee="1739357028.80"
                     modifier="C" IPI="uSFpMzg" birthDate="2019-08-15Z"/>
                <Participant name="NAj" role="performer" IPDN="zHcRcT-NA7psuLaozRq4njthJ1o" performance="soloist" grossFee="835560970.15"
                     modifier="A" IPI="ZchG7qNBk4id" birthDate="2020-06-03"/>
            </Participants>
        </Record>
        <Record title="vOpd2YLdnLr1ivXvJxS1z_r" spins="1100060598" ISRC="LE52UR556PZQ" year="3377" producer="c9-JuC8RbDZUs"
             label="EC" recordNo="krG_HBSld4" serialNumber="dSPn" isPremiere="0" usage="jingle" ISWC="oa1pxOzP5dJ6NkAP3DDOx"
             AKA="t6OIeKBFCua3Gcu8gTsbT1k0Q2yXS" genre="jingle" broadcastedFrom="2020-05-27T11:21:16"
             broadcastedTo="2019-03-05T11:21:16Z" runtime="376022814" origin="live stream" alternativeTitle="v"
             recordedFootage="748516432">
            <Participants>
                <Participant name="dvkV96" role="subscriptwriter" IPDN="wX_" performance="main" grossFee="-1934883811.03" modifier="A"
                     IPI="IPNOHWHP8dmlfD5l." birthDate="2019-04-15"/>
                <Participant name="xs8.1" role="scriptwriter" IPDN="bj0-65Dah7" performance="supporting" grossFee="94007418.67" modifier="C"
                     IPI="kbMpUYJj3u3" birthDate="2019-09-30Z"/>
                <Participant name="xSA2N9KTLzeKkYX" role="arranger" IPDN="hrb2S7Px44mPEkINV1" performance="soloist" grossFee="170247730.52"
                     modifier="B" IPI="Y-8zgIo-y" birthDate="2019-02-16"/>
                <Participant name="RmGz5doRgOqJ9dZ9" role="composer" IPDN="B" performance="supporting" grossFee="641719715.05" modifier="B"
                     IPI="vM" birthDate="2020-02-07Z"/>
                <Participant name="rRKEa4RU3unvU6G.z-DpylKbeUGvHg" role="subscriptwriter" IPDN="P0eBrepJm3gYchUf4cAQU0" performance="soloist"
                     grossFee="-1501677849.26" modifier="A" IPI="CG_0Tg" birthDate="2018-08-04Z"/>
                <Participant name="OeGL6" role="producer" IPDN="JsWL2lG" performance="conductor" grossFee="744161566.10" modifier="C"
                     IPI="V1rw" birthDate="2019-12-17Z"/>
                <Participant name="CK_Dt" role="remixer" IPDN="uIQqSgsVLKwEgMAEqoB1gHo.o" performance="supporting" grossFee="-94772711.40"
                     modifier="A" IPI="eoRhOFrPdFRF4AsxOpxk7yx5" birthDate="2019-06-09"/>
                <Participant name="N6_SVERAQTvtlYM8d-o" role="arranger" IPDN="HlHrb" performance="main" grossFee="1851070385.57"
                     modifier="C" IPI="mY9IJ3UYV-.5O81b5Y" birthDate="2019-04-23"/>
                <Participant name="RlAPyKYKUI" role="subscriptwriter" IPDN="eRTf" performance="main" grossFee="142263427.97" modifier="C"
                     IPI="c-" birthDate="2020-02-21"/>
                <Participant name="l8" role="scriptwriter" IPDN="MXtshYMKMK25" performance="conductor" grossFee="910360575.50" modifier="A"
                     IPI="vcEg4E6E" birthDate="2019-01-03Z"/>
            </Participants>
        </Record>
        <Record title="Joma2" spins="1292517194" ISRC="B0QH8VU5064Q" year="7743" producer="YU1qAt1ADvmBhydE6lz2ukt8QV"
             label="EEet4pUnorw09kx6D7Tu" recordNo="KkVOCpJBcUQJZpbpTuiklhHw9" serialNumber="IGF_AgGnh"
             isPremiere="false" usage="jingle" ISWC="P3R" AKA="VQjaE22Bzzgse" genre="classical" broadcastedFrom="2018-10-09T11:21:16"
             broadcastedTo="2018-12-20T11:21:16Z" runtime="363802202" origin="free of charge" alternativeTitle="jB"
             recordedFootage="1092506194">
            <Participants>
                <Participant name="BaD56khR1d" role="arranger" IPDN="dvdrgdTtq7a_jSa" performance="supporting" grossFee="498344310.35"
                     modifier="A" IPI="q7z" birthDate="2020-06-13"/>
                <Participant name="TST" role="sound engineer" IPDN="idqUbbmNB7KwimWGAqkU" performance="soloist" grossFee="540695358.89"
                     modifier="B" IPI="yEJ" birthDate="2019-06-20"/>
                <Participant name="Lz94hGe" role="subscriptwriter" IPDN="I5Craf.cgrvGMyfEYWlC" performance="soloist" grossFee="915912470.09"
                     modifier="A" IPI="tZGOVe5Ots" birthDate="2018-10-05Z"/>
                <Participant name="qIrrI6w5S8AIebwvGvG9N99U1L" role="producer" IPDN="MW15edGrtqo_vsHTJAUry6qOnp" performance="conductor"
                     grossFee="-88475821.07" modifier="C" IPI="kr8x_73NaLuxadl0ejgvDx-vsHnN" birthDate="2018-11-20"/>
                <Participant name="jsR8Zvabqc2v" role="sound engineer" IPDN="kFxoIcXRLS7pbDzIg" performance="soloist" grossFee="-693271382.25"
                     modifier="B" IPI="BfC-" birthDate="2018-10-30"/>
                <Participant name="u3ev0BW0kGVvLB" role="remixer" IPDN="Qejf.9Lnl" performance="main" grossFee="1756342342.33" modifier="A"
                     IPI="Uvs" birthDate="2019-07-25"/>
                <Participant name="VKcp" role="scriptwriter" IPDN="DtBmBlugAw7ewkx-tWAGC8OTWyy7" performance="conductor" grossFee="-1855530343.50"
                     modifier="C" IPI="w-GPMXYcG0Tp6Gi" birthDate="2018-11-23Z"/>
                <Participant name="dBnv9v7wbaRzssSR" role="remixer" IPDN="fY" performance="main" grossFee="-232475836.58" modifier="A"
                     IPI="T0IRgBnSLvsBVD19UMqVe" birthDate="2018-12-31"/>
                <Participant name="s_1t9KK6paKt7j6-jvPgdgf9h" role="music director" IPDN="voWtx6n-7_Gr-rlkR" performance="main" grossFee="1458846529.02"
                     modifier="B" IPI="NRc1Ov66r9FK35Fot4g6Z9UOhw6" birthDate="2019-10-29Z"/>
                <Participant name="tPomf_yb" role="composer" IPDN="CFMAteG4AVt9c0.kexEds.AIIl4CCm" performance="supporting" grossFee="-540575234.69"
                     modifier="B" IPI="KwN" birthDate="2020-03-04"/>
            </Participants>
        </Record>
    </Record>
    <Record title="pYZ67.J9tjA3aQCrX3UjbpWGz9eR" spins="758494823" ISRC="2CUJ1CI4ZN9G" year="3118" producer="O6q53qF5v0TUu"
         label="C0Q1bNu94nup42gSo5pj3lA0x" recordNo="hF" serialNumber="kC-H9c.GacGCFJB4m57" isPremiere="0"
         usage="commercial" ISWC="U3nUBKRNyk26DDjQUb1H" AKA="UJ_25LAYdBL3vWFz7KGnYoSF2" genre="jingle"
         broadcastedFrom="2020-03-28T11:21:16" broadcastedTo="2018-11-14T11:21:16" runtime="687957505"
         origin="live broadcasting" alternativeTitle="Rql5Ux8" recordedFootage="1038566879">
        <Participants>
            <Participant name="yEsspR" role="sound engineer" IPDN="PNplXdNkR4olGQPgPpuvFWH8-O" performance="chorus master" grossFee="742501001.88"
                 modifier="C" IPI="E" birthDate="2019-06-03Z"/>
            <Participant name="F" role="performer" IPDN="ypRNS-puw" performance="main" grossFee="-68666961.25" modifier="A" IPI="sfD0-bezf5wK.hwyCCxXr0A."
                 birthDate="2018-08-10Z"/>
            <Participant name="susKuYYS_Jq1R1qsa9OBDq3WXhm" role="sound engineer" IPDN="JLr5qzN-nqQA-7" performance="supporting"
                 grossFee="1422710740.06" modifier="A" IPI="BO" birthDate="2019-11-27"/>
            <Participant name="JGO06rBSEQ8D6sDXQOygp" role="scriptwriter" IPDN="rWxo4hvISjW8b" performance="main" grossFee="-1960901554.07"
                 modifier="B" IPI="H7uKt0vV5" birthDate="2019-04-29"/>
            <Participant name="cshpgbla" role="arranger" IPDN="sp_TpP" performance="main" grossFee="-1765966292.24" modifier="A"
                 IPI="WHv32bt6FHFmYfev" birthDate="2018-07-29Z"/>
            <Participant name="B8s6cmDWg" role="subscriptwriter" IPDN="d8IHaw-" performance="main" grossFee="1215918607.15" modifier="B"
                 IPI="RIbeshYkI96wHoc5F2zPw" birthDate="2018-12-02"/>
            <Participant name="opjSWGR" role="remixer" IPDN="q6cWHu5KYveJ" performance="conductor" grossFee="-1173757109.65"
                 modifier="A" IPI="cDaTjJWKQz" birthDate="2018-12-21"/>
            <Participant name="KEuLjFALelx" role="scriptwriter" IPDN="df" performance="chorus master" grossFee="-1397184443.32"
                 modifier="A" IPI="grkJp78rr6zOZnwp" birthDate="2020-05-10Z"/>
            <Participant name="oLp_tbsTBdqFnA1NlMWvpOLOvB0vCo" role="subscriptwriter" IPDN="B5PquIGcryLmcQOR" performance="chorus master"
                 grossFee="1788395364.66" modifier="B" IPI="_xrFyV" birthDate="2019-04-13"/>
            <Participant name="vN4ZzievuoaXKfB-JY4PdWE" role="arranger" IPDN="JVQx8DdIbtjJs-SX8FHN0kDU" performance="soloist"
                 grossFee="377642493.56" modifier="B" IPI="ip0ZnML" birthDate="2020-06-03Z"/>
        </Participants>
        <Record title="DgtZfgQssEo.5firK55qIZtpN8YO" spins="275084686" ISRC="4424825KZS71" year="1810" producer="B-_Pv97bYAJ0"
             label="r35oXLsxHXe7dq" recordNo="rXF4OGJO" serialNumber="s8r" isPremiere="true" usage="broadcast"
             ISWC="uVMPdLYgxkiI" AKA="iHA" genre="composed" broadcastedFrom="2019-12-02T11:21:16Z" broadcastedTo="2020-04-22T11:21:16Z"
             runtime="981058296" origin="recorded stream" alternativeTitle="Fr" recordedFootage="2025292708">
            <Participants>
                <Participant name="efstAQD3QNPzP" role="remixer" IPDN="y" performance="soloist" grossFee="-117445872.25" modifier="C"
                     IPI="MHag" birthDate="2020-01-25Z"/>
                <Participant name="kPtVvKm8qBU9AWKuwSXpTF" role="music director" IPDN="Fg6wImntsB5FJayCQ1JIe" performance="soloist"
                     grossFee="-287400919.09" modifier="A" IPI="OWO5gs8B" birthDate="2019-07-15"/>
                <Participant name="d7gNkgQshNM2wwJzgCWq-7nLVjK6" role="arranger" IPDN="X9CDxZrP9y8" performance="conductor" grossFee="-1326223.73"
                     modifier="A" IPI="UzH" birthDate="2020-01-04Z"/>
                <Participant name="dZzEgb8gmDLhtIhH6t1bUySFb" role="scriptwriter" IPDN="b" performance="conductor" grossFee="59240499.73"
                     modifier="B" IPI="S" birthDate="2019-04-20Z"/>
                <Participant name="vM.6wn5f.TEAe" role="arranger" IPDN="LCXVOTz5I1vUHk.IvHiIEYE" performance="soloist" grossFee="-181669759.66"
                     modifier="B" IPI="IMp9tOJS0Q-kvBET" birthDate="2019-10-28Z"/>
                <Participant name="PqG87-2N" role="sound engineer" IPDN="QosqgWFgKo" performance="chorus master" grossFee="1921536197.97"
                     modifier="A" IPI="TVeZIV7XnPyPbZmDCDN" birthDate="2018-08-05"/>
                <Participant name="Qsr7iR7jzTMaaCn2F4NDpTy" role="subscriptwriter" IPDN="EyoGgJKB31" performance="chorus master"
                     grossFee="-1124582532.06" modifier="B" IPI="Jvnsnb2" birthDate="2018-10-18Z"/>
                <Participant name="HgLL" role="music director" IPDN="XxPWP_6Oje" performance="soloist" grossFee="2071841295.50" modifier="C"
                     IPI="kXvoHB1BJjOWrYeq5V8dk4X" birthDate="2020-02-24Z"/>
                <Participant name="L2Tmh" role="subscriptwriter" IPDN="mT" performance="main" grossFee="-204400128.25" modifier="B"
                     IPI="jZuTHI8h9wqxJGiP5R7PfmJ.sc5Hc" birthDate="2019-02-17"/>
                <Participant name="hgk4MK5J-wFd574r_uCmTS" role="producer" IPDN="sfg-TdAMGbLS1zao" performance="supporting" grossFee="1659222981.73"
                     modifier="C" IPI="PD329q" birthDate="2019-05-22"/>
            </Participants>
        </Record>
        <Record title="vPxym7bNvIwsARisnXp27AkDuZX1Tx" spins="675321807" ISRC="R0Q5RQGWJEYH" year="0711" producer="tWTKJI1"
             label="oHB" recordNo="ln3zc3" serialNumber="MTHYnLny" isPremiere="true" usage="broadcast"
             ISWC="rLv" AKA="FUF9Q_w_x-6A__" genre="composed" broadcastedFrom="2019-03-07T11:21:16" broadcastedTo="2019-09-24T11:21:16Z"
             runtime="666089753" origin="recorded stream" alternativeTitle="gtbH8lc0EmW2VgzyW-f28ekTm__h_"
             recordedFootage="1806762269">
            <Participants>
                <Participant name="txbw.K0chBA" role="performer" IPDN="G3h23nhmD" performance="main" grossFee="-2094915334.85" modifier="A"
                     IPI="T8-BlTsHZRh5eH5BCv6ik." birthDate="2018-09-27"/>
                <Participant name="OqhYWLcG6oKi.o" role="sound engineer" IPDN="ocIlEczX4pkt_N7viF" performance="conductor" grossFee="783227640.92"
                     modifier="B" IPI="p.yjlTy" birthDate="2019-11-22Z"/>
                <Participant name="_Ui41EZYtJKZrVcYkPmObIJ" role="producer" IPDN="gtyQp-WwRpecn" performance="conductor" grossFee="1402729511.52"
                     modifier="B" IPI="qLRJCQ5Gg1tjTM" birthDate="2019-09-29"/>
                <Participant name="pF40o9U9" role="remixer" IPDN="PRZSNA0xagVWCCqiYUl6e9QeP" performance="chorus master" grossFee="-290393875.76"
                     modifier="A" IPI="ScqluxMH6mydElAiKXBs-Rg3ZQ_rd" birthDate="2019-06-16"/>
                <Participant name="U.kH_ccW9_1tWtbHU4zN" role="producer" IPDN="ew_2f" performance="chorus master" grossFee="-9098083.01"
                     modifier="C" IPI="irMqcHYD5beCGUFHvR" birthDate="2019-04-22Z"/>
                <Participant name="OJSBwQfhw7" role="scriptwriter" IPDN="N2" performance="soloist" grossFee="-1787691431.94" modifier="A"
                     IPI="Y.c6MVUQw_CahYfHo1WuHLUX8" birthDate="2018-08-26"/>
                <Participant name="WrMBlgpmJMjHqIVoLzQMSoepL6SF" role="arranger" IPDN="cpn6" performance="conductor" grossFee="-1103113059.25"
                     modifier="B" IPI="t9gwbM" birthDate="2018-09-04"/>
                <Participant name="m-.dJcXkcwQUhGhDyvjLboJQo" role="subscriptwriter" IPDN="kZIGz7sEJNwL" performance="supporting"
                     grossFee="805421866.49" modifier="A" IPI="ew1P68apj_qFSow6vyG_vguBKtR7Y" birthDate="2018-09-19Z"/>
                <Participant name="Pu49zuEAlWYnsN6CqfN" role="subscriptwriter" IPDN="ia.x" performance="supporting" grossFee="1873619837.60"
                     modifier="A" IPI="faa" birthDate="2019-08-09Z"/>
                <Participant name="IpArb.9cp" role="subscriptwriter" IPDN="s51" performance="conductor" grossFee="1332974247.08"
                     modifier="A" IPI="ntO6_x5NqvD19h0p" birthDate="2018-09-18Z"/>
            </Participants>
        </Record>
        <Record title="NjERD8ubTS" spins="330917709" ISRC="T00QAV589I3T" year="7906" producer="bYD2SBJvwYyFq1hp2GoIY"
             label="gyrv2T" recordNo="__2PCgNGR" serialNumber="ekP7PKFqnza" isPremiere="true" usage="commercial"
             ISWC="shDbyPzXSvLiQwwj9a." AKA="UCW-lfuix9-vQZkm_i" genre="spoken word" broadcastedFrom="2019-03-31T11:21:16Z"
             broadcastedTo="2018-08-12T11:21:16Z" runtime="722828943" origin="commerce" alternativeTitle="ffQ_Y"
             recordedFootage="218846188">
            <Participants>
                <Participant name="EZ0YMaxe2gNvN3hPmSRDFpIU9e" role="music director" IPDN="ZV" performance="soloist" grossFee="686761047.46"
                     modifier="B" IPI="WsdEHr" birthDate="2020-01-18"/>
                <Participant name="s-a8WCllG4YxXfbVIbIsOE44" role="composer" IPDN="uHQKvniCI" performance="soloist" grossFee="-257827784.13"
                     modifier="C" IPI="_EaI" birthDate="2018-08-12Z"/>
                <Participant name="MAZM7AFKE6DIs8B" role="scriptwriter" IPDN="sk" performance="main" grossFee="-1117959215.63" modifier="B"
                     IPI="e8ed2mDtyTnLFCfkhjWut4oX-GWls" birthDate="2018-10-14"/>
                <Participant name="HRRdJZ84g" role="arranger" IPDN="PvA" performance="chorus master" grossFee="-579317811.98" modifier="B"
                     IPI="sVFqov1cJRrd5UhYWcnusG" birthDate="2018-11-27"/>
                <Participant name="iqSI" role="music director" IPDN="s5E4SYHpZnv3iP9Q5gbaSAlA469.7H" performance="supporting" grossFee="-1323340740.33"
                     modifier="B" IPI="dADx219ewo3_cyK_vbxBvJCOok3" birthDate="2019-12-17"/>
                <Participant name="wnqU.S" role="subscriptwriter" IPDN="jXQZydACBeh6txTejvMIrdgunoNzlM" performance="conductor" grossFee="-2071589885.18"
                     modifier="A" IPI="Gvn9qBtoxYkXaV9h" birthDate="2019-12-29"/>
                <Participant name="Qqz.uZBbna" role="performer" IPDN="m-Mg1vi" performance="conductor" grossFee="1397116888.23" modifier="C"
                     IPI="rRinH3l_k" birthDate="2019-07-07"/>
                <Participant name="mIAGtem2kck_Q1HacTJysytVygLr" role="music director" IPDN="qmyAJPYotRyhohA2SabnvHLP" performance="soloist"
                     grossFee="1739463093.16" modifier="B" IPI="azMD" birthDate="2019-11-07"/>
                <Participant name="YziuuKyK8RCcSsYNl4yc" role="music director" IPDN="Fq12TEjlpVZ5eSj" performance="supporting" grossFee="-620321683.11"
                     modifier="A" IPI="vAk5OH" birthDate="2019-06-25Z"/>
                <Participant name="d3" role="scriptwriter" IPDN="ttm7r7z.bNlkYHbWE" performance="supporting" grossFee="-956146591.13"
                     modifier="C" IPI="qcbY" birthDate="2019-07-30Z"/>
            </Participants>
        </Record>
        <Record title="m7-puI9B" spins="740865186" ISRC="LE73P2V861DS" year="1213" producer="C3n" label="E0tBUUVUEjP-Dpkkht8Yeu"
             recordNo="OEG" serialNumber="QsIW" isPremiere="1" usage="commercial" ISWC="U1c-L" AKA="Z1rY"
             genre="jingle" broadcastedFrom="2020-02-14T11:21:16" broadcastedTo="2019-05-13T11:21:16"
             runtime="1044061681" origin="self" alternativeTitle="NIL2rz06mq2-sWmXoGbz" recordedFootage="614983094">
            <Participants>
                <Participant name="QXdZ" role="arranger" IPDN="oGvX0" performance="main" grossFee="563281299.31" modifier="B" IPI="oMufs8rTbIbJ"
                     birthDate="2018-12-26Z"/>
                <Participant name="vP2nc6gZc6vt" role="remixer" IPDN="qw60NV" performance="chorus master" grossFee="621643231.33"
                     modifier="B" IPI="h4fIEChoevmXZDOLqD" birthDate="2020-02-13"/>
                <Participant name="tg" role="subscriptwriter" IPDN="D_5H" performance="conductor" grossFee="-1196614750.10" modifier="B"
                     IPI="Di7v569RrusSQaF1W" birthDate="2020-02-16Z"/>
                <Participant name="Be_cTtYMspwPIswTT" role="arranger" IPDN="UfPzqJbSJYztq7eYkZ" performance="supporting" grossFee="-1263241184.22"
                     modifier="A" IPI="HDPz5" birthDate="2019-01-21Z"/>
                <Participant name="gslIQoV_t6CNQusfNyFuk" role="sound engineer" IPDN="_RLv-bm3" performance="soloist" grossFee="-1090598963.58"
                     modifier="A" IPI="GL2qyzaE6aIxSBriFhfdxeo" birthDate="2018-11-15Z"/>
                <Participant name="_i" role="producer" IPDN="RKIGJpqz.pxmY" performance="main" grossFee="-1788318700.08" modifier="A"
                     IPI="lCWRmtAvZJfn.skfeg5" birthDate="2019-06-12Z"/>
                <Participant name="BU" role="sound engineer" IPDN="WUspxL" performance="soloist" grossFee="-667288751.66" modifier="A"
                     IPI="_MgJs7w1AlIgZ8CfCW8jbuP2ZeqK" birthDate="2019-07-07"/>
                <Participant name="Wc" role="producer" IPDN="p-BgzjXruhXF8LWx" performance="conductor" grossFee="-590089758.73" modifier="A"
                     IPI="PEYIP" birthDate="2019-08-05Z"/>
                <Participant name="r15WTED_PVHFhZbqyxHoHuYjj8" role="music director" IPDN="_zzbIPUhRG44j" performance="main" grossFee="-1811923652.91"
                     modifier="A" IPI="qUlzu_l0ZWQ1geSf-4ygsdt" birthDate="2019-04-29Z"/>
                <Participant name="qcpTU4N.GUYdsaUiKaUh0IJ6e4" role="scriptwriter" IPDN="h7gDH3BRYZhq8RvN.ArN_Zrme" performance="conductor"
                     grossFee="-1547730951.61" modifier="C" IPI="YE7ZJQjs306iyns" birthDate="2018-08-11"/>
            </Participants>
        </Record>
        <Record title="sYjbKdV1kWN2jQ2T4zTAw1QqDV" spins="2020881334" ISRC="SG4507ID98GC" year="9830" producer="PMF-_bZ"
             label="SLJiQl_OLsd" recordNo="qbn.X2CTBvp1s_4xMdcdj2.Is1" serialNumber="Pt21xnGwP0wve" isPremiere="1"
             usage="broadcast" ISWC="x84GVG5aEAStv8cSAYJorNu1Clp" AKA="AF9kITg1dffVPk8_eo5kpV6" genre="spoken word"
             broadcastedFrom="2019-01-08T11:21:16Z" broadcastedTo="2018-09-08T11:21:16Z" runtime="1334180572"
             origin="free usage" alternativeTitle="ORZ7ZHMeigSkoDw5MSlKEVKuT" recordedFootage="300028487">
            <Participants>
                <Participant name="HXC" role="sound engineer" IPDN="gtt7OxnYJ._ovP6hzvKy8nWkk" performance="chorus master" grossFee="-553649749.75"
                     modifier="A" IPI="xCvAkWKx-ZDSWf" birthDate="2019-12-17Z"/>
                <Participant name="vh_lq6qFbKVK63Dyn2qzSg" role="scriptwriter" IPDN="Pji8FzXbmkwTGOple9Uc_J3IFeWgy" performance="main"
                     grossFee="1163083581.87" modifier="C" IPI="YyeaaDgO7M2I8EjOX" birthDate="2020-06-01Z"/>
                <Participant name="CMncI6dpG1nbHc-PEKoIwSFNuJM" role="scriptwriter" IPDN="RecDQCpful5nd" performance="soloist" grossFee="1235573447.04"
                     modifier="B" IPI="D." birthDate="2020-01-01"/>
                <Participant name="LogHleBwS90zLvR" role="remixer" IPDN="Q5unKiNkMAx5x8jqiSD0IK" performance="conductor" grossFee="57066263.95"
                     modifier="C" IPI="G8BbpzzB5tnvU.VTW9ok_S" birthDate="2018-11-18Z"/>
                <Participant name="P" role="music director" IPDN="CDNbS2Fd" performance="main" grossFee="-714757513.48" modifier="C"
                     IPI="w.y4gM993n" birthDate="2020-06-04Z"/>
                <Participant name="b.Cfs3AtmSXwmrtMtfd" role="music director" IPDN="LS0i2LutMVkhOPQ7Za2PbK" performance="conductor"
                     grossFee="-1439260234.80" modifier="C" IPI="iUCEeHVSU-Hu" birthDate="2018-07-04"/>
                <Participant name="h54MlPcMetZ1DLtK8xiekLd3" role="subscriptwriter" IPDN="NH9v3Bol" performance="main" grossFee="1366704168.25"
                     modifier="B" IPI="J2OOkUBm66dJ1g" birthDate="2018-08-01Z"/>
                <Participant name="qsEpSj8C0GX_1z.gUYVWvoYIwhA6" role="performer" IPDN="UfXauKgQSY89xqFYOwJTubfc_" performance="chorus master"
                     grossFee="1672364374.74" modifier="A" IPI="Kfdzi" birthDate="2019-04-13"/>
                <Participant name="KH4-plm51HqZLSYuA4Xbl" role="arranger" IPDN="t__T" performance="chorus master" grossFee="1827469235.25"
                     modifier="C" IPI="YJkUgPKssoHmpac57j7HTnoPQwx" birthDate="2020-05-01Z"/>
                <Participant name="_rQrY1knC8sKCHuHDOS" role="arranger" IPDN="i-u02iLTwC77vVIAf7S" performance="soloist" grossFee="371252390.75"
                     modifier="A" IPI="Be9QK2vogfjAm9PsNCcG7tiQKlEDQ" birthDate="2018-12-22"/>
            </Participants>
        </Record>
        <Record title="ehJkI" spins="402522226" ISRC="546FDUQY9N27" year="1919" producer="C" label="HW0NXqReKkk" recordNo="qLwPMXaHwlQJ"
             serialNumber="NMJd2y8Jq2mx5Rl" isPremiere="true" usage="commercial" ISWC="jfQcUQtnZMzNe9CdIGzx"
             AKA="ywg..aBcGgN" genre="spoken word" broadcastedFrom="2019-10-07T11:21:16Z" broadcastedTo="2019-04-12T11:21:16Z"
             runtime="704155814" origin="live stream" alternativeTitle="Kxfh47RSDm36VnIR0f4jVbU1aSLp"
             recordedFootage="1237610643">
            <Participants>
                <Participant name="AkIrhfU.uFOsS5-yiohLOJ1eN" role="performer" IPDN="SzJfew7aoYy" performance="conductor" grossFee="588772438.73"
                     modifier="C" IPI="FZY1GeRS6NBhUVzMijIQPvH" birthDate="2018-12-15"/>
                <Participant name="WjNSYrGWq" role="performer" IPDN="UGjKrEa" performance="supporting" grossFee="1604103454.60" modifier="B"
                     IPI="lkbUwxDFz0ECFNc" birthDate="2019-04-06Z"/>
                <Participant name="P-I8O1md." role="performer" IPDN="YC3M" performance="main" grossFee="-969880027.98" modifier="C"
                     IPI="_k9aKOWyHMVJYrroONlkN8pIS6M" birthDate="2018-10-25Z"/>
                <Participant name="HQ96BQvCx8" role="music director" IPDN="tp8If5DQPzoS" performance="main" grossFee="-1980469270.44"
                     modifier="C" IPI="zBhe3cyZLey2iBY" birthDate="2019-05-13"/>
                <Participant name="RzWqJoI4p..b" role="music director" IPDN="I-22scD4Y1I91Fg6xC8vI" performance="conductor" grossFee="1427080874.82"
                     modifier="C" IPI="w" birthDate="2020-01-23Z"/>
                <Participant name="cB8MpB6W7iU1n5B" role="music director" IPDN="NBT" performance="main" grossFee="1919522981.18"
                     modifier="C" IPI="qCugf" birthDate="2018-07-31"/>
                <Participant name="pajc" role="performer" IPDN="pSg8ce1Lsc" performance="main" grossFee="-540119525.69" modifier="C"
                     IPI="jSgznq3F7z16As4m2hIC" birthDate="2019-12-22Z"/>
                <Participant name="MM6oYGyLX9UUCPeLn7qfMvW..X04" role="remixer" IPDN="mbBtM4gQAPiecifJ8-i8Snz" performance="supporting"
                     grossFee="-316298961.91" modifier="A" IPI="bydbXg9sR-Xm0a" birthDate="2019-09-21"/>
                <Participant name="FsU90OcjFVEp48rJ5f8LsGrS" role="subscriptwriter" IPDN="VCFv" performance="supporting" grossFee="-737244932.53"
                     modifier="A" IPI="H71T4" birthDate="2019-01-16Z"/>
                <Participant name="iM" role="performer" IPDN="n7PVwdSSl" performance="conductor" grossFee="638777533.96" modifier="B"
                     IPI="CL8MXqM49q_CL0" birthDate="2020-04-22"/>
            </Participants>
        </Record>
        <Record title="bWP2mUmFAvMVbK" spins="2090730635" ISRC="4G21W5G09436" year="5420" producer="LIJBkijH9lA3nM974-4J07kWjYXVtt"
             label="l3CwxkHVVca0maHF2otkQMG" recordNo="D83XnoyL9o25mm" serialNumber="_u.NGERXnpnd5" isPremiere="1"
             usage="commercial" ISWC="AxXc2FAbYQA" AKA="b27H-n1nHcLwb" genre="commercial" broadcastedFrom="2019-04-24T11:21:16"
             broadcastedTo="2019-04-06T11:21:16Z" runtime="1202517274" origin="commerce" alternativeTitle="hGrbbEOzV"
             recordedFootage="399130732">
            <Participants>
                <Participant name="EqLytTnmANX9ZREONdVKcLDb6" role="scriptwriter" IPDN="VzhNVYcyUc" performance="main" grossFee="-1498330279.14"
                     modifier="B" IPI="qynunmGvpGz6ip8cNduM" birthDate="2019-08-18"/>
                <Participant name="g8tdTG1Jypv238lvAfGfRll" role="sound engineer" IPDN="SOF8TWhytvuVj7ugteF" performance="conductor"
                     grossFee="-760886894.67" modifier="B" IPI="iejREEI_QZiIC" birthDate="2020-01-09Z"/>
                <Participant name="Lzf" role="composer" IPDN="oGBa2LLBR" performance="main" grossFee="735855176.62" modifier="C"
                     IPI="MKEltuEDJ-PXLAk6X" birthDate="2019-07-14Z"/>
                <Participant name="zNmTlNCuowv" role="performer" IPDN="ok7Zqypdsju5K576MHR1" performance="conductor" grossFee="189602980.78"
                     modifier="C" IPI="DJZKKyjqjwe7LQ-" birthDate="2019-07-31"/>
                <Participant name="KFtQkD8TiASp.oiWg" role="arranger" IPDN="JdQYh4kLTfiuzsGpAJ" performance="conductor" grossFee="781443039.81"
                     modifier="A" IPI="XmXfH" birthDate="2018-08-02Z"/>
                <Participant name="NT8D3" role="remixer" IPDN="bUVETyqPZIX5vttQu9VYD" performance="main" grossFee="1845716634.30"
                     modifier="B" IPI="zN3eTHiqtMsM28vXu" birthDate="2018-09-07"/>
                <Participant name="lHZK66C2.8hOLxN-mx0lcR9j" role="music director" IPDN="tWXjXL.lF6XIr4DC8aOKthtKGCrkp" performance="supporting"
                     grossFee="-1544157091.75" modifier="B" IPI="QLo917dcm53.2_wvJ9-NfaxFC7oA" birthDate="2020-06-09"/>
                <Participant name="VK4zJY1VfIQ6p" role="scriptwriter" IPDN="phDUgXjQlSXN8wuEYJ" performance="main" grossFee="1265466363.68"
                     modifier="C" IPI="z29.3qE-ub9c_qA4vH1" birthDate="2019-01-03Z"/>
                <Participant name="n5Kj5FXN0qnnH" role="scriptwriter" IPDN="esTh8RuWXBU57ut1bEm.wfka" performance="main" grossFee="-408395354.47"
                     modifier="A" IPI="AWFBVwMV9ZTr" birthDate="2018-08-15"/>
                <Participant name="u3BVdF10VBhw3voI6YCHt" role="sound engineer" IPDN="ULK" performance="soloist" grossFee="118910178.13"
                     modifier="C" IPI="R94c6HlGPsQoFr5GpSnnO7Bzq" birthDate="2019-06-12"/>
            </Participants>
        </Record>
        <Record title="hE4DU3s4NqYPG8Xo6g.-NpT4D2" spins="1002951177" ISRC="8I0NSW6WG2GN" year="0522" producer="hNrucnxMTg6I1e2T1s0bJqO_.-"
             label="wG1_aF_dQHNUXbvxa042.." recordNo="huSZw.x9t9epRGkciNckdrm3F.ja." serialNumber="J5Nccu"
             isPremiere="1" usage="broadcast" ISWC="NW0vCKo84_hHHbf" AKA="bkuK1uB9jd67UY2MdG5k4E-0RVT.i"
             genre="jingle" broadcastedFrom="2019-04-04T11:21:16" broadcastedTo="2020-06-08T11:21:16Z"
             runtime="903267949" origin="free usage" alternativeTitle="JwdqqZDzcWIw" recordedFootage="796269068">
            <Participants>
                <Participant name="_yW05yerRaLq4ous_Prbd" role="subscriptwriter" IPDN="SeEsB" performance="soloist" grossFee="-1869989866.39"
                     modifier="B" IPI="zAAchZVbQEL.Ra6aN5yXX-dKcUU1" birthDate="2019-08-21Z"/>
                <Participant name="ZvzTa" role="sound engineer" IPDN="f9ARPBYgvAIe0i" performance="soloist" grossFee="-1629305606.15"
                     modifier="C" IPI="Egr" birthDate="2018-08-23Z"/>
                <Participant name="AxC1XiOuZP" role="music director" IPDN="o" performance="conductor" grossFee="-1442180156.56" modifier="A"
                     IPI="mzdrr9n0j_PJRa6eOLt1HSz1oD" birthDate="2019-05-30"/>
                <Participant name="BldZ6jcrxNiM.2z.5y" role="performer" IPDN="zYj8jjGszveYuPFcM.AkRD" performance="conductor" grossFee="1339570931.87"
                     modifier="C" IPI="MH_n1vsfmOVY" birthDate="2020-02-29"/>
                <Participant name="r0" role="music director" IPDN="RYpbUz7p" performance="chorus master" grossFee="1726348184.12"
                     modifier="B" IPI="FsrNsbqI08LaqGWcJZAiM-T1NJ" birthDate="2018-12-04"/>
                <Participant name="LUPR.cisxEsUszDIsWHl" role="subscriptwriter" IPDN="rPD" performance="main" grossFee="1854264434.05"
                     modifier="A" IPI="wBSZH" birthDate="2020-04-13"/>
                <Participant name="Fdq8gMWwUk" role="subscriptwriter" IPDN="uBREQr3.5G-yQoicNGozA" performance="conductor" grossFee="-76091193.26"
                     modifier="B" IPI="Jz3yig6jYvO08SILoW6F80ph5bFGI" birthDate="2019-12-10Z"/>
                <Participant name="JZ" role="music director" IPDN="U7" performance="supporting" grossFee="-1263598304.36" modifier="C"
                     IPI="a-yO" birthDate="2019-03-13Z"/>
                <Participant name="kHWZ5DUTYjLGaThCJ9Jp8" role="performer" IPDN="tBtQ" performance="main" grossFee="1464054219.10"
                     modifier="B" IPI="tl0OKi-UneOw-Ok4MAkonEMgD" birthDate="2019-01-23Z"/>
                <Participant name="U9u" role="arranger" IPDN="b.3vUwZe" performance="supporting" grossFee="1274140869.88" modifier="B"
                     IPI="L" birthDate="2019-10-03Z"/>
            </Participants>
        </Record>
        <Record title="x.iGwps3TF" spins="2101458142" ISRC="0NU624XWGO9Y" year="8161" producer="GxvIzmO3fhIYSeEM.iHDgMV7fQfuO2"
             label="i3SZc6l6wpPs" recordNo="sDK" serialNumber="RegIUkt80XWD" isPremiere="true" usage="broadcast"
             ISWC="J_b1tyL60B2p_T9" AKA="UkzPYFD4z6zgBl44pS._bZO" genre="commercial" broadcastedFrom="2020-03-18T11:21:16"
             broadcastedTo="2018-07-08T11:21:16Z" runtime="2003753578" origin="live broadcasting" alternativeTitle="hk6kH"
             recordedFootage="730971895">
            <Participants>
                <Participant name="UFtTnSHqaMBwyG4" role="sound engineer" IPDN="TUAKFImK8" performance="soloist" grossFee="-1190382725.55"
                     modifier="C" IPI="jKlJY7ClGB7F.TZ15ab5Qyh" birthDate="2020-05-07"/>
                <Participant name="NyPQPJb_RS" role="arranger" IPDN="vm" performance="soloist" grossFee="83584382.34" modifier="C"
                     IPI="vYYOWyoCk4tSO" birthDate="2018-11-28"/>
                <Participant name="mOhNlDpXjOs" role="remixer" IPDN="E7S4Bjw.xboKq5bFqSJJgdGxLwGoz" performance="supporting" grossFee="-620352814.80"
                     modifier="B" IPI="kcVy5" birthDate="2018-10-21"/>
                <Participant name="A0VPYsvss-DXNt" role="scriptwriter" IPDN="NV35gypBlp3u3f1zi" performance="main" grossFee="-1933254042.16"
                     modifier="B" IPI="P" birthDate="2019-06-08"/>
                <Participant name="BMq9D" role="music director" IPDN="gAWD" performance="soloist" grossFee="1080855578.63" modifier="B"
                     IPI="iCpP6LJwSYS8fxl20o" birthDate="2018-10-01"/>
                <Participant name="FkhlJOgEsd2DI4TAB" role="composer" IPDN="e_RxidC" performance="soloist" grossFee="-1735378830.55"
                     modifier="A" IPI="RAhOnn2YpxqCblGOP." birthDate="2019-02-21"/>
                <Participant name="jQhQPe_q9kzAR3l" role="performer" IPDN="RkKnHscArwWbL1G4AIBvlJQAzA674" performance="chorus master"
                     grossFee="-1816827772.58" modifier="B" IPI="UMdkkfv_dUXKylE" birthDate="2018-10-23Z"/>
                <Participant name="_SAyywkLbR" role="composer" IPDN="yZJ8cD4qaDXZWV15UBVfs3U6Q" performance="chorus master" grossFee="-2128177558.06"
                     modifier="C" IPI="CTNxGma86rA5SSfI" birthDate="2018-07-31"/>
                <Participant name="betNJeV9W" role="scriptwriter" IPDN="pxCjH" performance="soloist" grossFee="2032867281.72" modifier="A"
                     IPI="aT6" birthDate="2018-12-02Z"/>
                <Participant name="qxiWC" role="producer" IPDN="CGmdZwjWgnQ2l_w8s6Ye" performance="chorus master" grossFee="1807619737.06"
                     modifier="B" IPI="VZ0Ny_oXaGhferRw" birthDate="2019-08-27Z"/>
            </Participants>
        </Record>
        <Record title="I6PWGSmoV" spins="620680601" ISRC="N3GSFTIDYSKJ" year="2694" producer="YsrtR" label="Z14" recordNo="Ynvway"
             serialNumber="YL1vNvXwjY" isPremiere="1" usage="broadcast" ISWC="plAAvJDt.QJIoYMiq" AKA="KzeFE8WgG6DCAB8"
             genre="classical" broadcastedFrom="2020-06-25T11:21:16Z" broadcastedTo="2019-10-03T11:21:16"
             runtime="1635718275" origin="report" alternativeTitle="Qta" recordedFootage="1585072036">
            <Participants>
                <Participant name="qkD-NBeo.em3id-ZiVtVx" role="sound engineer" IPDN="Wmi441apcRNt2r.M" performance="supporting"
                     grossFee="-1782911858.86" modifier="C" IPI="S7-E0W2vM" birthDate="2019-12-29"/>
                <Participant name="zK9no" role="music director" IPDN="N1JVRgw_Km" performance="main" grossFee="-966954359.98" modifier="B"
                     IPI="DD8CvgpmkryjSU" birthDate="2019-08-08"/>
                <Participant name="Fv4osaPU57iwpgo7Fg0FgECqs2v" role="scriptwriter" IPDN="yzBJ1F0PsPlyf3PUSU4VIEWk" performance="supporting"
                     grossFee="1833274762.79" modifier="B" IPI="mO.uR74QY4hf3bvqBeEOxCZdv3" birthDate="2019-06-26Z"/>
                <Participant name="bHZOPRh" role="producer" IPDN="i0H7VySeR" performance="chorus master" grossFee="2132978760.32"
                     modifier="B" IPI="IIC2xwzSd-zigJMdT2f69Sd" birthDate="2019-10-12"/>
                <Participant name="gnRzTAB7d3BunFSSgz" role="scriptwriter" IPDN="x" performance="chorus master" grossFee="-1490873069.98"
                     modifier="A" IPI="IIezors3" birthDate="2020-04-25"/>
                <Participant name="Jvx._vwwc-k7Q" role="performer" IPDN="fcxEqehVxp2E" performance="chorus master" grossFee="-1147800250.94"
                     modifier="C" IPI="fAoce96yi2jUgoKkl8U" birthDate="2019-12-08"/>
                <Participant name="dJ." role="arranger" IPDN="v05O" performance="chorus master" grossFee="-284599506.44" modifier="B"
                     IPI="GWlnaeNvv" birthDate="2019-12-04Z"/>
                <Participant name="dqJpa2OavobdM6" role="remixer" IPDN="_pLha8v3" performance="conductor" grossFee="92173128.41"
                     modifier="B" IPI="_KcOlcmxDx0Lo" birthDate="2018-08-15Z"/>
                <Participant name="o_dO" role="producer" IPDN="VRFgK" performance="conductor" grossFee="-1895666298.67" modifier="C"
                     IPI="f_oUG82Ev-Ck" birthDate="2018-11-17"/>
                <Participant name="DFgFgqxVxaeRFuZk7aRIon.JOz" role="composer" IPDN="m" performance="chorus master" grossFee="-1270098069.99"
                     modifier="B" IPI="CJc94158jC0KAuvQeCCo2hL" birthDate="2019-09-08"/>
            </Participants>
        </Record>
    </Record>
    <Record title="edECNpBq2dpzuFQh15.R" spins="1882622148" ISRC="1I88G8GD09PM" year="0998" producer="V65-dmwWl8o2ngqAfwM2zwJ0vAU"
         label="Iq1EvBSDBL3" recordNo="SE6XUlBzpTs8nsX-URsWFIP1Px" serialNumber="g.vnw9cG" isPremiere="0"
         usage="broadcast" ISWC="p.XjeA2klmMRkyTAenlEmuSmTSy" AKA="gQFDq" genre="jingle" broadcastedFrom="2019-03-07T11:21:16"
         broadcastedTo="2020-01-08T11:21:16" runtime="1278856426" origin="report" alternativeTitle="QJ-r_A8hLX80g"
         recordedFootage="756111067">
        <Participants>
            <Participant name="jjgqsXnBwPCzlGf21ETL1" role="performer" IPDN="YMvfprQa8O5cjqSvrkm5Kgtx7" performance="conductor"
                 grossFee="113140213.77" modifier="C" IPI="Rw6ysvcPnsfjkZyNN4dgDt" birthDate="2019-05-29Z"/>
            <Participant name="VFen5ja1TORaSNFNdO" role="arranger" IPDN="Ppw_vRj6-pd6CwWJZiOQ1hG3JTCr" performance="supporting"
                 grossFee="-69930444.87" modifier="B" IPI="c5Fw56jW" birthDate="2019-12-21Z"/>
            <Participant name="hx5wXKMg1rVdvaQrQ" role="scriptwriter" IPDN="SC6XJMgH" performance="main" grossFee="-1053073209.13"
                 modifier="B" IPI="oIx_7DTo" birthDate="2020-04-28Z"/>
            <Participant name="mHhVq" role="subscriptwriter" IPDN="nzwKZpQhMusDqIy-x8qeuTqN-t8u7" performance="supporting" grossFee="-1088192593.52"
                 modifier="B" IPI="IYC7tDoN-KXOk0AcuafVM2FYzo" birthDate="2018-08-11Z"/>
            <Participant name="HQazCC" role="remixer" IPDN="BlcumzVqxfb09Q" performance="soloist" grossFee="-630001726.44" modifier="C"
                 IPI="SlVUPJe" birthDate="2019-07-30Z"/>
            <Participant name="gTvmMJ" role="remixer" IPDN="jucwFgnapDp5GYo" performance="conductor" grossFee="550490937.80"
                 modifier="A" IPI="R5xDM" birthDate="2018-09-25"/>
            <Participant name="O61WZsCZy9Fqv.zlax" role="performer" IPDN="CTa" performance="supporting" grossFee="-1331627443.89"
                 modifier="B" IPI="i.-1-aO2fsmgItMJ_c0Tol7fz9SLU" birthDate="2019-06-21Z"/>
            <Participant name="wFCjBwg" role="performer" IPDN="aOAxUQH5Qn4F4-L9pR_YfVR" performance="chorus master" grossFee="-1070758716.24"
                 modifier="B" IPI="YC6k4B" birthDate="2019-01-05Z"/>
            <Participant name="PeLG3n0lmwKUpfqF0iUXlLz6" role="subscriptwriter" IPDN="gJs" performance="main" grossFee="-1225547060.35"
                 modifier="C" IPI="ZozuriBwtSZ6x.bRG9v00ro_" birthDate="2020-03-28Z"/>
            <Participant name="_d5" role="music director" IPDN="_dbL2s" performance="soloist" grossFee="1259249862.61" modifier="B"
                 IPI="b9wOe2Gt__.sAfqespBL.y5RC2mQBG" birthDate="2020-03-14Z"/>
        </Participants>
        <Record title="fXPYade2j047NcfJ6H5eWm" spins="1576894513" ISRC="60HW3A096E44" year="1136" producer="t.8PcepjbDG6Zv7as6PxyiE6li43kl"
             label="FB5.d0LuWEKNoh7uk" recordNo="ZXFlMEJ_0dr9mrcQlAsT" serialNumber="D1w9_qWlF7rxj0gP7Wjxk9f6wa1"
             isPremiere="true" usage="broadcast" ISWC="xbKK75I" AKA="ieVQy9xFH-S_APZeuh-kO" genre="jingle"
             broadcastedFrom="2018-10-30T11:21:16Z" broadcastedTo="2018-11-17T11:21:16" runtime="1388317776"
             origin="free usage" alternativeTitle="ks7cZiPacoXoRjypHrKC_WCJWDT069" recordedFootage="590728293">
            <Participants>
                <Participant name="e8NhNI2-1fC_" role="remixer" IPDN="Y9uFNkzS3ZZ0fPoN69XwE" performance="supporting" grossFee="2074271100.10"
                     modifier="C" IPI="GZ" birthDate="2019-10-30Z"/>
                <Participant name="b6Jtep8" role="performer" IPDN="z" performance="soloist" grossFee="-432265916.78" modifier="A"
                     IPI="VCIhYa" birthDate="2019-12-16"/>
                <Participant name="xZU.Y5twKo0cJtyJ5mHiHVhFlsu9br" role="composer" IPDN="XiY" performance="chorus master" grossFee="878055042.38"
                     modifier="B" IPI="gt-l7y9gWQcmjti5-8Rc_ZPQ7uS" birthDate="2018-09-05"/>
                <Participant name="qnLojIimB1nZwamAdKh_" role="arranger" IPDN="iYDpO" performance="main" grossFee="1635183672.29"
                     modifier="C" IPI="tHrOwAKg-Mxt35rzhgE-cIjCDDxi" birthDate="2019-09-30Z"/>
                <Participant name="LqIvFNlZAH.-7" role="composer" IPDN="noSVP82rF.e5AjN_2.l" performance="main" grossFee="-810633411.21"
                     modifier="B" IPI="dJVA8V593kCmtcakaR3Jluk" birthDate="2019-08-29Z"/>
                <Participant name="cehjL" role="sound engineer" IPDN="kn" performance="soloist" grossFee="-813946177.05" modifier="B"
                     IPI="xEGO.xAYua" birthDate="2019-12-21Z"/>
                <Participant name="J7oR0jIpF" role="sound engineer" IPDN="vTBjs" performance="chorus master" grossFee="-1326777055.88"
                     modifier="C" IPI="zsolyXqBkx-9Cjhjs0Q68hr" birthDate="2019-04-03"/>
                <Participant name="TXwuOUnwwGDzIcL6NUL-" role="producer" IPDN="HLyyJD0A1flZC4YEYZdu" performance="chorus master"
                     grossFee="1175660062.26" modifier="B" IPI="trvDT8QOG6tIGs_BUoe" birthDate="2020-04-27"/>
                <Participant name="a2iWA.._.8xV8XaOh0SA5yz7x" role="performer" IPDN="THOhsQZHrvUh8BdUdIrl" performance="soloist"
                     grossFee="780827249.37" modifier="B" IPI="hiWV7XaRK.NRbrlcNtOEdhyPeYj" birthDate="2019-09-27Z"/>
                <Participant name="gNhgUQSkYoRSLnrsX" role="music director" IPDN="EtY24yLRey3qC58j" performance="conductor" grossFee="1300973349.89"
                     modifier="B" IPI="ODlG" birthDate="2019-12-25"/>
            </Participants>
        </Record>
        <Record title="O_IYDrGm-tDbo1j8H.yFnoGyrX" spins="713895491" ISRC="00W3IWBUN9UI" year="1655" producer="E-YbJU"
             label="ZoabSvjMi9ORNP0Shh7tGW" recordNo="Xukgq4hmRYwwNM4PPP" serialNumber="NTFo5dr_KgLjDogg"
             isPremiere="false" usage="broadcast" ISWC="Fbfs0RR-" AKA="eKuH4pldtF3f" genre="classical"
             broadcastedFrom="2019-06-10T11:21:16" broadcastedTo="2019-07-03T11:21:16Z" runtime="688005727"
             origin="free usage" alternativeTitle="ntze-OpAynUpnG4Za1q.42" recordedFootage="1817004537">
            <Participants>
                <Participant name="wQt5yLl.72FEakocAM" role="music director" IPDN="v78" performance="soloist" grossFee="-230108272.57"
                     modifier="C" IPI="LWpF2L0jPg" birthDate="2018-08-14"/>
                <Participant name="Ly9uPmLeI5hgq9.zT" role="producer" IPDN="M" performance="supporting" grossFee="869646475.04" modifier="B"
                     IPI="THa" birthDate="2020-07-01"/>
                <Participant name="WMPkS.6STUDgc" role="arranger" IPDN="zsoqHxK8rRjDmQZ_lL" performance="main" grossFee="1796529654.96"
                     modifier="A" IPI="lbqc" birthDate="2019-04-09Z"/>
                <Participant name="bCo6ECOsURd5LT8_Z-Us0MG5" role="performer" IPDN="OJ.7f8gGLVz5bMrnRM" performance="chorus master"
                     grossFee="170461106.37" modifier="A" IPI="HzE_MlYf" birthDate="2018-08-12Z"/>
                <Participant name="CJ6Mq1zvj7qoVLTl75.N8-VPcfvBua" role="composer" IPDN="MfY16" performance="soloist" grossFee="-1343037713.07"
                     modifier="B" IPI="paf4QwuHNJstLot2Gq" birthDate="2019-07-06"/>
                <Participant name="NWvL9VJ6Lj1HkcM3SQlU7SQ.y" role="performer" IPDN="AFk5fYeBY8g9a" performance="supporting" grossFee="-1779485117.22"
                     modifier="A" IPI="_EM" birthDate="2019-10-13Z"/>
                <Participant name="atgSgTsCsrwNxr" role="music director" IPDN="Li-KHWS6yZqEJuN" performance="chorus master" grossFee="238989586.38"
                     modifier="A" IPI="tfmHNvN8OARLlFwnp28aJWQg" birthDate="2020-01-21"/>
                <Participant name="Crz8fqwgVKVtAWGlT" role="producer" IPDN="nioACLWAR" performance="soloist" grossFee="1134327076.64"
                     modifier="B" IPI="I" birthDate="2019-05-06"/>
                <Participant name="tRHT" role="composer" IPDN="Sibw9HoRQTzXkH7edRWVI2Bp" performance="main" grossFee="-1769518961.94"
                     modifier="B" IPI="a1D3_XNAlXIv6bHN-sulA-1" birthDate="2019-06-02"/>
                <Participant name="BmDoLWU8MAsT6ISifK9" role="composer" IPDN="rIBgvys1VXN" performance="supporting" grossFee="1399732210.58"
                     modifier="B" IPI="qD_" birthDate="2018-07-26"/>
            </Participants>
        </Record>
        <Record title="WYfPTTXkym.dH2g6h5w" spins="1795199359" ISRC="Z9786XF0YJ0L" year="0771" producer="W9p3NQpi4WbRSs"
             label="lD_z0slWn0Zb76ph" recordNo="r6P" serialNumber="_vwzJJPIr2-NRboY" isPremiere="true"
             usage="broadcast" ISWC="xLiAsdIwIoCPZE2xSMnBtrBB2EWK2" AKA="VqhySSw7MpF" genre="pop" broadcastedFrom="2018-07-28T11:21:16Z"
             broadcastedTo="2019-05-19T11:21:16" runtime="998247140" origin="live stream" alternativeTitle="D8UDQ0wxrUQsNat_kPGnLzcUFRe"
             recordedFootage="1720568476">
            <Participants>
                <Participant name="e" role="sound engineer" IPDN="T8UDVm_aTcRtHbMX80ZA9IzZV9-s" performance="main" grossFee="242174808.39"
                     modifier="B" IPI="b8kKs" birthDate="2019-07-17"/>
                <Participant name="b1yxEsR_6XWz2JXQaJ" role="subscriptwriter" IPDN="obPGjMKcsDpKg8ZN4" performance="main" grossFee="1788949057.62"
                     modifier="A" IPI="TZ9lGtwcPnceK-1NH-p7kH9" birthDate="2019-10-27"/>
                <Participant name="YTMtVM" role="music director" IPDN="Hzpbelr775f_fxu6Jqlt5lgsQXV6" performance="main" grossFee="-263953389.74"
                     modifier="B" IPI="MW" birthDate="2020-05-19Z"/>
                <Participant name="WPoPdNKP8" role="sound engineer" IPDN="CuuS62" performance="chorus master" grossFee="-872959854.77"
                     modifier="C" IPI="zTABTpZzd7A-Tu99ZDqCN0" birthDate="2019-06-11"/>
                <Participant name="sdys0" role="producer" IPDN="wGU9oybPEfYJpZg" performance="conductor" grossFee="1448098392.85"
                     modifier="B" IPI="GZtqIqeIk" birthDate="2019-07-16"/>
                <Participant name="mVEFlsJPNa2B1T6" role="music director" IPDN="xx-zvL1" performance="main" grossFee="633988481.51"
                     modifier="C" IPI="Erd7OhyZswJXV_lw582_q8BwQ" birthDate="2019-03-31Z"/>
                <Participant name="dkEElh4Q" role="subscriptwriter" IPDN="Y7" performance="chorus master" grossFee="537803024.02"
                     modifier="A" IPI="Qlr3eK-YyK" birthDate="2019-03-27Z"/>
                <Participant name="xIEskIzV-vzCGwcA97K3X2" role="subscriptwriter" IPDN="WDf" performance="supporting" grossFee="-628922603.05"
                     modifier="A" IPI="izpaRw3cS" birthDate="2020-03-30"/>
                <Participant name="pVtuoo_G15Tji5jrYmiaoOUjCHrgC" role="subscriptwriter" IPDN="HGA-maZQ" performance="chorus master"
                     grossFee="1824567869.95" modifier="A" IPI="ma_Vcg7UeQE" birthDate="2019-04-20Z"/>
                <Participant name="jVsHX-tC-t1OAYrDRUoCp49rXl" role="composer" IPDN="k5bpmXH6AYcntRWYdwWz8gjIPS" performance="supporting"
                     grossFee="969078487.52" modifier="C" IPI="wnEvYVhyZtk44FLibKmNHKEPc" birthDate="2019-06-20Z"/>
            </Participants>
        </Record>
        <Record title="evKdQb" spins="224311139" ISRC="85D77LPCTX52" year="9543" producer="eU9C" label="FU" recordNo="q19H7kxYeLaSW5Ij.A"
             serialNumber="DG0B5ugi_iMzjo" isPremiere="0" usage="jingle" ISWC="XjgT-k_X6LuHDah53S-D"
             AKA="IzkAPJ" genre="spoken word" broadcastedFrom="2018-10-10T11:21:16Z" broadcastedTo="2019-01-19T11:21:16Z"
             runtime="2071023310" origin="recorded stream" alternativeTitle="zUR3RJ4" recordedFootage="1865961661">
            <Participants>
                <Participant name="j2qh7QencMsfP-WpJ4" role="composer" IPDN="CH9iJa6Eeq8aaIEW" performance="conductor" grossFee="1178707185.49"
                     modifier="C" IPI="KuSHhnCEVmk-" birthDate="2019-02-08Z"/>
                <Participant name="Hly5r1QRCQ-7AVjA6" role="producer" IPDN="uiOkxQvn-r1_Ad01PU-Yvw" performance="conductor" grossFee="-793625568.66"
                     modifier="C" IPI="gfquwam.meNek3FXH-aeaXqUMA9X" birthDate="2020-02-14"/>
                <Participant name="hK-2jSCcdkOMCS3p" role="sound engineer" IPDN="KeF7l_miNjqnDsIPKBl" performance="chorus master"
                     grossFee="1963251131.99" modifier="B" IPI="fxrES4X4nCF4gkzg" birthDate="2019-12-30Z"/>
                <Participant name="uBoDnMU" role="sound engineer" IPDN="Fvgq4ZNwi_YqS9ksQB" performance="conductor" grossFee="1982141162.95"
                     modifier="A" IPI="ZSdCvAW6wKjAUsK0IoHdFapac" birthDate="2020-06-23Z"/>
                <Participant name="WMmvpsRcUm" role="sound engineer" IPDN="cqO1" performance="chorus master" grossFee="1892056688.96"
                     modifier="C" IPI="vdRuNEsy" birthDate="2018-11-22"/>
                <Participant name="FFP.Tm" role="composer" IPDN="Jfiv92ywWJ1eTfqKvDK70KB4NtiGTk" performance="chorus master" grossFee="700832668.13"
                     modifier="B" IPI="ZR-" birthDate="2019-05-27"/>
                <Participant name="uWTgHf-9N" role="scriptwriter" IPDN="MjVIEVdEDFEkpiP1O33jPm6EqVq0Z0" performance="conductor" grossFee="-79899372.86"
                     modifier="A" IPI="YYOnhpYI" birthDate="2019-07-25"/>
                <Participant name="tcG2z1OqPlKIzDQmVOvZBVtGkp" role="performer" IPDN="GF6hc8Sh3Rq.OVBk65yuegqyLf" performance="conductor"
                     grossFee="827451445.52" modifier="C" IPI="w" birthDate="2019-11-20"/>
                <Participant name="a-m39QN4voKkkCXRiyBOuWpZ" role="arranger" IPDN="L4" performance="conductor" grossFee="897122293.84"
                     modifier="C" IPI="iM" birthDate="2020-06-26Z"/>
                <Participant name="obEiEv" role="subscriptwriter" IPDN="Fl.F58-xaK" performance="main" grossFee="-1373751807.90"
                     modifier="C" IPI="xJ4SfaWERc" birthDate="2019-07-19Z"/>
            </Participants>
        </Record>
        <Record title="Fqd" spins="362508153" ISRC="3U577Y8EUP02" year="4626" producer="kklGJKdPhXY_2QayIAkQIBS" label="u"
             recordNo="_2Fcw9BDYCrtCr-CM_w36" serialNumber="rD1_wjM1gY" isPremiere="1" usage="jingle"
             ISWC="G" AKA="s2II0beMGnDUllA6DcbpcTiGB" genre="jingle" broadcastedFrom="2018-12-14T11:21:16"
             broadcastedTo="2020-06-26T11:21:16Z" runtime="1819889732" origin="report" alternativeTitle="y"
             recordedFootage="160159755">
            <Participants>
                <Participant name="Ei-1KtIryQj35umrP5x9jRT" role="performer" IPDN="L52bgEk37QYKK8Tn" performance="main" grossFee="-684748217.42"
                     modifier="C" IPI="CidyEBUTDR-aqJ4BiG7M" birthDate="2020-06-05"/>
                <Participant name="B8Yze-" role="music director" IPDN="x4CVwngezVgZHbsxqCl" performance="conductor" grossFee="-714539366.69"
                     modifier="C" IPI="vW" birthDate="2019-01-15Z"/>
                <Participant name="JbmAffvx06uzZ8nzuKbP96eRS" role="subscriptwriter" IPDN="G0wP" performance="conductor" grossFee="-928481233.70"
                     modifier="A" IPI="cJUlxpnbG4k" birthDate="2020-05-07Z"/>
                <Participant name="I-wnQn2iS_6i3NWeseEu6" role="remixer" IPDN="GTbJvcTanyJ" performance="soloist" grossFee="-816463127.07"
                     modifier="B" IPI="wiBb2" birthDate="2018-08-05"/>
                <Participant name="AxUFy24Fwf" role="composer" IPDN="HoJl" performance="main" grossFee="221174723.86" modifier="C"
                     IPI="bj." birthDate="2018-08-22"/>
                <Participant name="jTAwIGhxiQhmvdJHOwAxm" role="subscriptwriter" IPDN="SMG" performance="conductor" grossFee="-1334023304.17"
                     modifier="B" IPI="bXLiab_3wPEroq" birthDate="2019-09-04Z"/>
                <Participant name="st" role="performer" IPDN="Gjny" performance="soloist" grossFee="969958225.58" modifier="A" IPI="Ocuc5Pkto9vdOUg"
                     birthDate="2018-08-23Z"/>
                <Participant name="k8eV2c5Hxt.fJLgP_" role="composer" IPDN="sCGe" performance="chorus master" grossFee="-928881983.11"
                     modifier="B" IPI="GF5Mh3zJJ7LncQmT.hv7pG-" birthDate="2019-08-29"/>
                <Participant name="rQDrgiK2Ar1fRvwzd2s" role="arranger" IPDN="ox" performance="main" grossFee="-190297894.36" modifier="C"
                     IPI="o4U35pByOxV1T0uWX_wUqzN5PF2Q" birthDate="2019-12-15Z"/>
                <Participant name="xeT" role="producer" IPDN="TU.yATw6" performance="conductor" grossFee="833043920.58" modifier="B"
                     IPI="lZESxf0" birthDate="2019-06-13Z"/>
            </Participants>
        </Record>
        <Record title="mpho-" spins="84566142" ISRC="7LHMY2GCC1TN" year="2119" producer="LdgJmUcPOQ9pp-DVtiy4mP7jt65n"
             label="iEbz6VGjrHa-txM84PwJVA" recordNo="QARtqmSPzoTf_n.OiAGal7r9c" serialNumber="fzxr1C-G0k3"
             isPremiere="0" usage="commercial" ISWC="lIuYEQ0vsjfPV" AKA="sffVBOC6u8qiqUNi" genre="commercial"
             broadcastedFrom="2019-08-06T11:21:16" broadcastedTo="2020-03-16T11:21:16" runtime="1921326722"
             origin="commercial" alternativeTitle="UtB0UfudC0XNb6PFfObrAuqh4SCy" recordedFootage="1253619625">
            <Participants>
                <Participant name="O_Efoxx4G6SnY" role="arranger" IPDN="vMq" performance="supporting" grossFee="-1677712953.19" modifier="C"
                     IPI="mcVJMqBDWLpu96efh8Rc" birthDate="2020-01-04Z"/>
                <Participant name="eFFpd9WorcpbPqyPFnOwk_9v" role="producer" IPDN="wSK4nnpnQc3xYvN7qNPlZ3vCPd" performance="conductor"
                     grossFee="-1975988785.13" modifier="A" IPI="hPTxtwSq3BJsb" birthDate="2020-02-21"/>
                <Participant name="xhfuPaajE5xsWsYbgiWVVx" role="composer" IPDN="ns1-sH.OezcN1Ub1HwfvufBc" performance="main" grossFee="802057018.69"
                     modifier="C" IPI="mM186p72XIdcSlAQYgeIxDVJ" birthDate="2019-06-16"/>
                <Participant name="yO" role="performer" IPDN="I1OSD3_TtDlLQPRj_" performance="main" grossFee="-2129783512.61" modifier="C"
                     IPI="CW_y" birthDate="2018-09-17Z"/>
                <Participant name="KVj" role="subscriptwriter" IPDN="HsSpcTs9i3BnQi1ghW48Wd" performance="main" grossFee="1844521524.76"
                     modifier="B" IPI="IcJf" birthDate="2018-07-04Z"/>
                <Participant name="Qu-eIQWgk_wurnNiYUWZi-yM9IgC" role="producer" IPDN="i2o" performance="conductor" grossFee="153124648.13"
                     modifier="B" IPI="z" birthDate="2020-05-16Z"/>
                <Participant name="K7VhQR5Zez1uzGxlGkhx.M" role="performer" IPDN="cEr" performance="conductor" grossFee="-1350412875.18"
                     modifier="C" IPI="kPMIwuVFK" birthDate="2020-04-07Z"/>
                <Participant name="fLsv2HzEmYzND6jQP4ZIZI1bA1" role="performer" IPDN="regIvVwE1L4qp" performance="chorus master"
                     grossFee="-596834474.26" modifier="B" IPI="DzAXNpfovYg" birthDate="2019-08-24"/>
                <Participant name="DAN2jv67iijNos7Az.w7-" role="composer" IPDN="LINq5YpIYEtV" performance="main" grossFee="1514370114.93"
                     modifier="C" IPI="TnZmk6n-vV3GP_onwGDJF0C-7L-2WV" birthDate="2018-11-12"/>
                <Participant name="Gs6mK6D" role="remixer" IPDN="ul-JIVYk" performance="main" grossFee="-996418244.74" modifier="B"
                     IPI="eU" birthDate="2018-09-24"/>
            </Participants>
        </Record>
        <Record title="IH5Ze" spins="1129915703" ISRC="74FC68I48QU5" year="9992" producer="NkAZGMXRWCxr0ClnP5HXA" label="BtDsG6"
             recordNo="Rzuaaw1K2_XO9MCYbX8GksU6zf49" serialNumber="bqJM1aSnru7L1de9MesQB_zraX" isPremiere="0"
             usage="broadcast" ISWC="svdONakIGrLUBtD" AKA="IqNJNKPPG7uDHHvdPBFrKA2nu_y" genre="spoken word"
             broadcastedFrom="2019-12-05T11:21:16" broadcastedTo="2020-06-13T11:21:16Z" runtime="722770689"
             origin="free of charge" alternativeTitle="eTgyALBjBidzyBhwv" recordedFootage="1835896598">
            <Participants>
                <Participant name="QxFliB5XEjJLj0R1." role="subscriptwriter" IPDN="bhitKw" performance="supporting" grossFee="644195218.06"
                     modifier="C" IPI="jiJctkcDm2iG40OErV66J9cu" birthDate="2019-01-07"/>
                <Participant name="kzgT0P4F.A" role="performer" IPDN="R7ijpiYYoUszWgqXAxlYWvUzek6Zz2" performance="conductor" grossFee="1460367061.77"
                     modifier="A" IPI="X23tqn83Goqi" birthDate="2019-04-07"/>
                <Participant name="SsQXp" role="subscriptwriter" IPDN="WIM1UXd4jDsp7_YKW6c1CBWi" performance="chorus master" grossFee="-865934163.73"
                     modifier="C" IPI="v8p1GFy1TMD6oCgr6_E" birthDate="2019-10-24"/>
                <Participant name="yVELYIx-_" role="music director" IPDN="E2jHKKi" performance="soloist" grossFee="-335730590.40"
                     modifier="A" IPI="e21pKt6QCip" birthDate="2019-11-17Z"/>
                <Participant name="FoL" role="performer" IPDN="J-2" performance="chorus master" grossFee="817200139.25" modifier="A"
                     IPI="Lf6YyWLIwQtB5Knp38M" birthDate="2018-07-14"/>
                <Participant name="SONXD0" role="subscriptwriter" IPDN="BTCX52sezRJxDLk" performance="chorus master" grossFee="1168257.16"
                     modifier="C" IPI="qW_-.DG2vCK" birthDate="2019-02-17Z"/>
                <Participant name="Zn5s4.zU-sase" role="sound engineer" IPDN="kAk8-PdmBTJhIfjzQ" performance="main" grossFee="-1570889488.07"
                     modifier="C" IPI="kX8oJg0_X0dKI1Kt" birthDate="2019-08-09"/>
                <Participant name="gCizeXh1QNRcX.Jokf4x" role="producer" IPDN="Bpdh5lbXe9X8iPVh9ej" performance="chorus master" grossFee="1397953712.92"
                     modifier="A" IPI="awuyufg-VdB4dJCAPOsy1i-focagX" birthDate="2019-11-02"/>
                <Participant name="ttCo4eXteMPa" role="scriptwriter" IPDN="_InuAuvXObN0ICp9s4A" performance="soloist" grossFee="1997238779.77"
                     modifier="A" IPI="qIlD60HnMRXi98VGDBoYpn" birthDate="2019-05-30Z"/>
                <Participant name="v" role="remixer" IPDN="mY9Xge" performance="chorus master" grossFee="85851966.04" modifier="A"
                     IPI="VbWGsoyy3ll.J9hMW-1gI1dX9F" birthDate="2018-10-08Z"/>
            </Participants>
        </Record>
        <Record title="B" spins="580905606" ISRC="YP718GP54EL5" year="9016" producer="KXHacagW_nHd1NF7SgYX4" label="UOFteac2uU_ZZWJzkW"
             recordNo="DKlkQcraNgJ3_RZHNG" serialNumber="V" isPremiere="false" usage="jingle" ISWC="S4sWWmH6otnm2g-Tj3ciGuw64"
             AKA="fi.d8xYHNWNO.e1NKIPTfpPWo" genre="pop" broadcastedFrom="2018-08-20T11:21:16" broadcastedTo="2019-11-24T11:21:16"
             runtime="1699387927" origin="commercial" alternativeTitle="Emod.kYaH3jHfAZyet63Kp9ia" recordedFootage="1264625769">
            <Participants>
                <Participant name="XtD7" role="sound engineer" IPDN="P3Z7iEL.Rv1sx9knwoet3G1W" performance="chorus master" grossFee="-235314272.15"
                     modifier="A" IPI="VGRy.vQub_RO-GpwzvXIvekeL9c" birthDate="2020-05-26Z"/>
                <Participant name="PYVPshh-qTXaUAk" role="music director" IPDN="aJ065aTvKg" performance="soloist" grossFee="-2121564020.54"
                     modifier="C" IPI="SKZfmP-0" birthDate="2020-03-05Z"/>
                <Participant name="y7Fdot3Oa6gvacXWA7g" role="remixer" IPDN="d.5GH.e2nNeB7Tk128JknaT3lBAyl" performance="conductor"
                     grossFee="-1901943061.39" modifier="B" IPI="QnLMSeOOnt" birthDate="2019-12-01Z"/>
                <Participant name="rZN" role="composer" IPDN="obrbcgl8SBFTKtP1Q" performance="conductor" grossFee="435065498.68"
                     modifier="B" IPI="rx1f3ik7KIc7NFKZ5LUk6" birthDate="2020-03-02"/>
                <Participant name="pf44wtD51" role="subscriptwriter" IPDN="D3_p4ZC.lSw7eMWne_Qls_FRQJJ" performance="chorus master"
                     grossFee="1258695143.67" modifier="A" IPI="WjKtbqG9PH" birthDate="2018-09-21"/>
                <Participant name="dxIe" role="music director" IPDN="AI_1KvaxDa2Hdy1xiJXR5To2FB5" performance="soloist" grossFee="1418442528.49"
                     modifier="A" IPI="BTSW-R-8aAey8py7wuO26fFwj" birthDate="2018-07-30Z"/>
                <Participant name="FoQMt7PpdU" role="sound engineer" IPDN="Kd" performance="supporting" grossFee="-476744590.99"
                     modifier="B" IPI="dWf" birthDate="2019-10-28"/>
                <Participant name="e0UWyZ" role="producer" IPDN="U41J" performance="supporting" grossFee="586940954.31" modifier="A"
                     IPI="JW9TlSYZjM_Bk" birthDate="2019-06-05"/>
                <Participant name="DCW7oTu82VGCDtautOn" role="remixer" IPDN="z_plz9-Gmp" performance="conductor" grossFee="1919594848.19"
                     modifier="C" IPI="BrUDgIgWKzFEl4rYA0y1XguLwfhFT" birthDate="2019-04-18Z"/>
                <Participant name="LVN2yGENBMMpK9iJBCOp" role="composer" IPDN="E03" performance="supporting" grossFee="1354083839.31"
                     modifier="C" IPI="feMFYLaufGNSBdaSMfAJHV.338Un" birthDate="2020-04-14"/>
            </Participants>
        </Record>
        <Record title="tH6q_okiMJLEnSUDZck5LEp7NVNs8s" spins="673402610" ISRC="PFM3648KDXOX" year="6037" producer="MEvD"
             label="tWXwjBMVEs" recordNo="RUQyp0FkZmlAE.kDMrPAPek" serialNumber="n0" isPremiere="true"
             usage="commercial" ISWC="GS" AKA="JbGWiKznCYGRVqRc" genre="jingle" broadcastedFrom="2018-11-12T11:21:16Z"
             broadcastedTo="2020-03-10T11:21:16Z" runtime="464897962" origin="live broadcasting" alternativeTitle="Tw.7UmPYC63i.R9CKdtUBl4PZXaHcg"
             recordedFootage="951873270">
            <Participants>
                <Participant name="xLAi90XOSU" role="scriptwriter" IPDN="_H9LjHm_" performance="chorus master" grossFee="954735745.25"
                     modifier="A" IPI="WOJZFaPQCI-cW3o1" birthDate="2019-04-13Z"/>
                <Participant name="iTybNq.9oC4Ty9_rYro" role="producer" IPDN="VFFL4smgYggP8FuhKUoDP_hZTjNZcO" performance="supporting"
                     grossFee="-899849990.75" modifier="A" IPI="JP7" birthDate="2020-05-21"/>
                <Participant name="R06spdEd6wWPCJhTi-bho6qndN" role="producer" IPDN="N" performance="conductor" grossFee="-1510801250.55"
                     modifier="B" IPI="sOZU06H9r94KVI7-18yNysalJoGK5" birthDate="2020-01-29"/>
                <Participant name="bILRxJiV5bAvo4n" role="arranger" IPDN="DevNKd-sns4f" performance="conductor" grossFee="-1678370757.46"
                     modifier="C" IPI="pFi.exZAXVdeEWzXGqgYWl" birthDate="2019-05-05"/>
                <Participant name="Vnxh0Rr_MOa4bVoW0Av" role="scriptwriter" IPDN="DxhqP" performance="main" grossFee="677750629.74"
                     modifier="A" IPI="l203rP2R37Rh" birthDate="2019-12-23"/>
                <Participant name="j95oJDOvJ_q58.Bd-LxCa" role="music director" IPDN="u3aarqyS6m-0H7NJonSRIxD" performance="chorus master"
                     grossFee="-955521934.92" modifier="A" IPI="WvOukh4t-u" birthDate="2019-01-15Z"/>
                <Participant name="ldiC" role="subscriptwriter" IPDN="uqBWHaXt.Fdxqs" performance="conductor" grossFee="1621772017.65"
                     modifier="B" IPI="cc2_WQQETOl9DVNovtVye1I" birthDate="2019-05-07Z"/>
                <Participant name="nEhhRfRG39otTDCLBU2.z" role="subscriptwriter" IPDN="GLh5e" performance="chorus master" grossFee="1671231275.02"
                     modifier="B" IPI="JNYUgrX" birthDate="2020-06-25Z"/>
                <Participant name="o" role="scriptwriter" IPDN="L6pV4-vPKzWrRhj9PUxwJQUqEzzd_l" performance="supporting" grossFee="226881801.76"
                     modifier="A" IPI="G" birthDate="2018-07-05"/>
                <Participant name="RUFuDgYtzVAkcqAEmO9YZt" role="subscriptwriter" IPDN="rsRz_C-" performance="chorus master" grossFee="1839301363.54"
                     modifier="C" IPI="qo" birthDate="2019-04-08Z"/>
            </Participants>
        </Record>
        <Record title="Bro1A.9R4caXe8DLuOXiM9" spins="149769647" ISRC="PP17SYKCY161" year="1889" producer="sezD5is3P52xU1ukHZftFp"
             label="Li6if1XcKZVeG7qwo2cWzdtsLBK9" recordNo="tDwN6F3z1YopGNAH9nuW0joa2pV4" serialNumber="Weagwg.R_h"
             isPremiere="false" usage="broadcast" ISWC="Z1WDZ1f" AKA="JcDWkuO0escQI" genre="jingle" broadcastedFrom="2019-10-19T11:21:16Z"
             broadcastedTo="2018-08-19T11:21:16Z" runtime="1693254593" origin="self" alternativeTitle="kUc6-fuGMvaIBiFvRY3"
             recordedFootage="498865855">
            <Participants>
                <Participant name="ElcVliGytvQMaVx2EPfUcFoV" role="scriptwriter" IPDN="z" performance="conductor" grossFee="842870316.20"
                     modifier="B" IPI="d" birthDate="2018-11-10Z"/>
                <Participant name="ADXi" role="producer" IPDN="hWTFH5zf-ITvTanmmRP" performance="chorus master" grossFee="-1738541817.72"
                     modifier="C" IPI="lVTaLyW5CjIYN2NyyvP.PcjZ" birthDate="2020-05-14"/>
                <Participant name="xWiQpAWzY.qrRD" role="performer" IPDN="z" performance="chorus master" grossFee="1642797359.35"
                     modifier="C" IPI="Rx3Hn-Sw6FvTQLDsDcLU.I7fLsSIbL" birthDate="2020-01-06"/>
                <Participant name="waNl.ecBmWx_HNX7oM-wZ0pjPAr1D8" role="producer" IPDN="A1hh_zM" performance="conductor" grossFee="-683119490.98"
                     modifier="A" IPI="hcJMp1u8wV2Ne7sUK7" birthDate="2020-07-01Z"/>
                <Participant name="MSYcUWIB3YaEu.3otYxP5LZnEh" role="subscriptwriter" IPDN="TNavJ1DB4J9" performance="main" grossFee="-1513923143.82"
                     modifier="A" IPI="RlNlDPllU9zNClU16WNEtLdOFg" birthDate="2019-10-06Z"/>
                <Participant name="X" role="arranger" IPDN="PY-Mnq4WWY.1_ioad1c9wv" performance="conductor" grossFee="314648510.73"
                     modifier="C" IPI="KLOapgRIs_AW4BpLuN-ZPgA6QY65CZ" birthDate="2019-08-04Z"/>
                <Participant name="ZmIOZH3aFYxXUQ67" role="sound engineer" IPDN="pbpGEDqxWJWxH" performance="soloist" grossFee="1482563272.09"
                     modifier="C" IPI="UWjEp5.i3" birthDate="2019-02-22"/>
                <Participant name="GE9uWeHseoVep" role="composer" IPDN="wd" performance="supporting" grossFee="1124907577.46" modifier="C"
                     IPI="Z" birthDate="2020-01-26"/>
                <Participant name="zeuoZAgkBNC.OItfqPjCvkg2" role="scriptwriter" IPDN="byq1" performance="supporting" grossFee="149762081.01"
                     modifier="C" IPI="h0_nS1ZqMWqo.Owp16r" birthDate="2018-07-05"/>
                <Participant name="yje_E" role="sound engineer" IPDN="E1xeujNbJoJU4x4" performance="conductor" grossFee="-1533541731.48"
                     modifier="C" IPI="p6GJTPKb-06" birthDate="2019-04-22"/>
            </Participants>
        </Record>
    </Record>
    <Record title="pYr7Pbq68PQbYtkKAw8U" spins="228974214" ISRC="4L0L32D279AF" year="3473" producer="kkVExGkXG09_idpwH"
         label="tylWOftKlD" recordNo="d_hMtBYE7ldp8t2nOd" serialNumber="Po" isPremiere="0" usage="jingle"
         ISWC="yyDZCk" AKA="Mol-DyhlW5NU28lVGEouwH" genre="classical" broadcastedFrom="2019-05-01T11:21:16Z"
         broadcastedTo="2018-08-18T11:21:16Z" runtime="979807367" origin="live broadcasting" alternativeTitle="eXO"
         recordedFootage="946520181">
        <Participants>
            <Participant name="cnfMBmIDh" role="composer" IPDN="Ub5_WgWeUX" performance="chorus master" grossFee="-1970837019.59"
                 modifier="C" IPI="IE" birthDate="2019-08-17"/>
            <Participant name="Ct8vSxrE_W5NquAn15xjLMeH" role="producer" IPDN="rxjEdntxXvC" performance="main" grossFee="-66986507.07"
                 modifier="C" IPI="vhN2x8BsaeEf765AKtWdx._O44-bpE" birthDate="2020-06-08Z"/>
            <Participant name="VthpPe3YvljToq1zEobKt_93" role="music director" IPDN="bBPuoIo08j" performance="soloist" grossFee="-1782790910.45"
                 modifier="B" IPI="Nk0BqxIHPs9" birthDate="2019-04-28Z"/>
            <Participant name="ncVl" role="scriptwriter" IPDN="sXakwTP6" performance="supporting" grossFee="856967410.20" modifier="B"
                 IPI="pwUnb2w1rf1ZewU" birthDate="2020-01-20Z"/>
            <Participant name="D2ZFCCijzayJR" role="arranger" IPDN="az3R_ECEvlpEvb6bJTX2u6fgqvSSq" performance="conductor" grossFee="801283306.09"
                 modifier="A" IPI="yeFzj31GTjaiD1z" birthDate="2020-01-14Z"/>
            <Participant name="YVgoY5v0CykBzBLcHMbmcqhM68" role="arranger" IPDN="xwafJkYlGwUJrU6vl" performance="soloist" grossFee="1051936509.37"
                 modifier="C" IPI="b.-65pvxUNf33jtm6my710fSm" birthDate="2018-09-25"/>
            <Participant name="c1kkmKXLya4xPHd" role="composer" IPDN="pQ8TBUKt" performance="main" grossFee="1189533131.80" modifier="C"
                 IPI="RcdqioCZBGQ" birthDate="2018-12-14"/>
            <Participant name="q0m1UWqPSqMIZzrn31_ahSDoSTtGKS" role="composer" IPDN="JBh" performance="main" grossFee="1241318999.83"
                 modifier="C" IPI="X126lO2wQoT.faHpP" birthDate="2018-12-30Z"/>
            <Participant name="OPjX3T7wXSZ9jYTeW6-" role="subscriptwriter" IPDN="n" performance="chorus master" grossFee="-717732355.54"
                 modifier="B" IPI="RZ8-fMvxBwabhVA-aFGHVjvcFR_" birthDate="2019-08-19"/>
            <Participant name="Fpl6diO3FUPcCDcsO-Tm" role="arranger" IPDN="cvGDwE0" performance="supporting" grossFee="-1795213703.90"
                 modifier="C" IPI="q9.MYc4HBgobI9n" birthDate="2019-07-28"/>
        </Participants>
        <Record title="AtM" spins="697773887" ISRC="3G0B083FI73H" year="7562" producer="fBcvP" label="JO6" recordNo="vcfrNe9E0mVnR"
             serialNumber="vOmwsDCATrIenpTATchqgxQkpd" isPremiere="0" usage="commercial" ISWC="w-AfOyvGUob69RsBbHWasFWa"
             AKA="Pyc4" genre="spoken word" broadcastedFrom="2020-03-29T11:21:16Z" broadcastedTo="2019-03-03T11:21:16"
             runtime="1141334239" origin="recorded stream" alternativeTitle="mfq1AQUEawxOXECbRL0QschbN"
             recordedFootage="362606693">
            <Participants>
                <Participant name="abMYE" role="scriptwriter" IPDN="Fl5IuAzFlk" performance="supporting" grossFee="329007971.02"
                     modifier="B" IPI="PcEWPK9Y7S2Lw8TjsOhj" birthDate="2019-07-01Z"/>
                <Participant name="CQ.K9mGJhEunj.o3VYXePX3d" role="scriptwriter" IPDN="OiIHfrnquwUD9._WSc5IXuXCbdHF3Q" performance="main"
                     grossFee="-319021225.45" modifier="A" IPI="I" birthDate="2019-07-10Z"/>
                <Participant name="VSdFr8pCK5ZIIa" role="music director" IPDN="GH8yd2m_cCQfyI" performance="supporting" grossFee="568600402.78"
                     modifier="A" IPI="lBPRqww9nNyDc1boG8N0uc-N" birthDate="2018-12-27"/>
                <Participant name="aFA" role="remixer" IPDN="Yo.BeZV1sWqXOidthcrZ" performance="soloist" grossFee="-161969800.51"
                     modifier="A" IPI="maa2jFci__K7xoeTO3Xc1k7Gbn" birthDate="2019-02-03Z"/>
                <Participant name="nbsOhgF" role="remixer" IPDN="_sSrVs0twbkL" performance="chorus master" grossFee="1252932175.93"
                     modifier="C" IPI="ScKs0h05uI9lKirsRmgR" birthDate="2020-01-01Z"/>
                <Participant name="fL.E" role="scriptwriter" IPDN="V_xiA3xvCdl3" performance="soloist" grossFee="1187652372.38" modifier="A"
                     IPI="pyR6P-gA6cDJai3eMG" birthDate="2019-09-30"/>
                <Participant name="oKkq6hbwnALTvLdIz1NRrq3.hoCh7" role="remixer" IPDN="hopkN-Kw7ynqQmcsUSMlz4LOa9gNj" performance="conductor"
                     grossFee="-1334629347.60" modifier="B" IPI="g4mgz4JcCRO2g-6pgM" birthDate="2019-12-14"/>
                <Participant name="aN9mSKzf" role="performer" IPDN="iY-qtH" performance="conductor" grossFee="1826020890.20" modifier="B"
                     IPI="XbPPuFj5JFTEDA.CJPPLrWPpF4Zici" birthDate="2018-08-15"/>
                <Participant name="bSz1-LNRSP-4qUBZS9" role="producer" IPDN="WmlN" performance="soloist" grossFee="-1306451627.09"
                     modifier="A" IPI="Z-av5Wd.rJ8.nTAPz" birthDate="2019-11-21Z"/>
                <Participant name="DIuLdDUAYa" role="performer" IPDN="ZAB9KFj2X0vc1cOMosrD5Etr2w" performance="conductor" grossFee="1366758393.05"
                     modifier="A" IPI="EqX8o" birthDate="2019-12-21Z"/>
            </Participants>
        </Record>
        <Record title="VrC2Ih" spins="713219199" ISRC="4T9R62V20YD9" year="8236" producer="RIEh76LKFEnX1friggCxi" label="wOGm"
             recordNo="FjbTsYxTeUzIt2wmgyFMfabM" serialNumber="BSVcz1D" isPremiere="true" usage="jingle"
             ISWC="aa1pkOMM" AKA="aZkoEy" genre="spoken word" broadcastedFrom="2019-08-08T11:21:16" broadcastedTo="2018-07-03T11:21:16Z"
             runtime="1917171918" origin="self" alternativeTitle="iLAv2_wWShmGvT5_UrHUiJeIp7d" recordedFootage="900102311">
            <Participants>
                <Participant name="sjRZeVBzUmfajk" role="sound engineer" IPDN="Q" performance="supporting" grossFee="1446741774.18"
                     modifier="B" IPI="y" birthDate="2020-05-22Z"/>
                <Participant name="Sv1s1Gm4mbRV6fh" role="producer" IPDN="skVrocsGqOyK1W0Gt1HFxG4EY_9B" performance="chorus master"
                     grossFee="-1601307598.82" modifier="A" IPI="sOUIVQbX.vd" birthDate="2020-03-12Z"/>
                <Participant name="VB6_4.1vQV8tC8xnRrHRcut" role="composer" IPDN="NbVvmMMxLLSyilt-iiWU5k" performance="conductor"
                     grossFee="649460683.79" modifier="B" IPI="d" birthDate="2019-11-06"/>
                <Participant name="Lph0" role="remixer" IPDN="V.E4SVmT3Kf7Bj3qC18.LIiqt3SG-5" performance="main" grossFee="-1946176172.90"
                     modifier="B" IPI="bfbQwV" birthDate="2020-02-23"/>
                <Participant name="y6" role="performer" IPDN="Vmk-3c" performance="supporting" grossFee="-1893375096.28" modifier="B"
                     IPI="Omojmuhyquwc" birthDate="2018-11-13Z"/>
                <Participant name="T2NjCvv" role="scriptwriter" IPDN="oSOe-r8IpGjhhvtjqTbAEF9Pq" performance="conductor" grossFee="-1109487319.99"
                     modifier="B" IPI="lI5.g4eEs.IGLQMoZM4jjt.PeWZ" birthDate="2019-07-20Z"/>
                <Participant name="jC3MCfaXNMCJlKP" role="performer" IPDN="W8Sa" performance="main" grossFee="567928736.53" modifier="C"
                     IPI="xSS6tARdrjMNiVLLI2nmb" birthDate="2020-03-30Z"/>
                <Participant name="Nw21nly8V" role="subscriptwriter" IPDN="ciTOUJbBIGwcLE-CdJ" performance="conductor" grossFee="-1210654915.25"
                     modifier="B" IPI="_wmlNhhQMmtyR" birthDate="2019-01-11"/>
                <Participant name="U" role="producer" IPDN="IKWtcZU0Z3GJZoc" performance="conductor" grossFee="-2097684146.57" modifier="C"
                     IPI="qQzgrb6sa4jWPP6Rkcvg" birthDate="2019-09-09"/>
                <Participant name="PZ" role="producer" IPDN="mYvfeyJmP2tdWk" performance="soloist" grossFee="236781734.71" modifier="B"
                     IPI="oxMceazPllUgxwk5Ai1QiP5kgcbf1" birthDate="2020-07-01Z"/>
            </Participants>
        </Record>
        <Record title="sg8bv" spins="1750625170" ISRC="D6ZA70OJ6RZL" year="7829" producer="HL2K8WB5Ir_kY5RR" label="dhhWbP2JCvm.0LYWMfrRSvwz"
             recordNo="f" serialNumber="zrSjGs" isPremiere="0" usage="commercial" ISWC="BUPxkPCjDoWuR2e"
             AKA="ZV4ODU8r_wU5oje" genre="spoken word" broadcastedFrom="2018-10-27T11:21:16" broadcastedTo="2019-08-14T11:21:16"
             runtime="1291223342" origin="live broadcasting" alternativeTitle="KZ2Dpqxmrw0zaZQpM74n3yElU167W"
             recordedFootage="1161210496">
            <Participants>
                <Participant name="nxVR3taLZGPriutAD8.mSs4XofxH" role="scriptwriter" IPDN="kv." performance="soloist" grossFee="1501796424.23"
                     modifier="A" IPI="xO-te" birthDate="2018-10-26Z"/>
                <Participant name="N1fFRqJzJs5YccJ" role="composer" IPDN="KyaEucAYoDPla2" performance="supporting" grossFee="340204306.98"
                     modifier="A" IPI="pF1JLSQENJtySH7YKNPjB5" birthDate="2019-04-23Z"/>
                <Participant name="atB9xvVCI4" role="producer" IPDN="XRytL7Y2NHSRkY" performance="supporting" grossFee="172499684.43"
                     modifier="B" IPI="G4hQxt.nGUu" birthDate="2019-11-26"/>
                <Participant name="AUqoPStHR3VCFC6iobduJC" role="performer" IPDN="WnGNyAulK7S2q9Lq1J" performance="chorus master"
                     grossFee="-1209506909.58" modifier="A" IPI="NDp5uOBwIc-5H" birthDate="2020-06-22"/>
                <Participant name="x" role="composer" IPDN="qAaWHg63" performance="main" grossFee="-1147597013.68" modifier="B" IPI="NAKLAIaLHfIvO"
                     birthDate="2018-10-20"/>
                <Participant name="T" role="scriptwriter" IPDN="thp0x" performance="conductor" grossFee="1224868829.38" modifier="B"
                     IPI="zeNwtTLuJADoq" birthDate="2018-08-16Z"/>
                <Participant name="IFuY3mv9hlP7CHCh9HeRPCb90M3" role="producer" IPDN="c.eYov4.j3" performance="main" grossFee="-290628070.91"
                     modifier="B" IPI="gvYxd._ucvYzQ" birthDate="2019-10-16Z"/>
                <Participant name="LG" role="scriptwriter" IPDN="rSUy8rnrxRBFfFK9ss1" performance="conductor" grossFee="1700728236.41"
                     modifier="C" IPI="V1RNMbKMK1lILBxj" birthDate="2019-10-03"/>
                <Participant name="EOPYMmlXNvKTV0blpKT" role="producer" IPDN="am60Ihn0P2xnAqPbvTfv" performance="chorus master" grossFee="-988249667.92"
                     modifier="B" IPI="sRmut0tcffhwcH3HmY4Qa" birthDate="2018-10-23"/>
                <Participant name="Erb1tCyXLwKW2COqO" role="scriptwriter" IPDN="ndRJMnBt" performance="supporting" grossFee="-1091341726.94"
                     modifier="C" IPI="Ds" birthDate="2019-07-19Z"/>
            </Participants>
        </Record>
        <Record title="JB6xsMmxbtzwvMEgjCe" spins="1292709862" ISRC="220Z941LHIZV" year="2184" producer="Il" label="Tq0xgaojsCfe"
             recordNo="uV.RCenwptjK2" serialNumber="oApgv" isPremiere="false" usage="jingle" ISWC="B2Ig"
             AKA="dclb1WlNHYYS.szNyjpInQYbHJfO" genre="classical" broadcastedFrom="2020-05-08T11:21:16"
             broadcastedTo="2019-03-04T11:21:16Z" runtime="997381316" origin="free usage" alternativeTitle="hjqrK2w3TcUkowgn2Ga"
             recordedFootage="1062066807">
            <Participants>
                <Participant name="i9a-SfvaTmE_nDX8B7Ml8wX" role="performer" IPDN="oA6iPW_3QFk3dhRGUsj7e5lnczi5" performance="main"
                     grossFee="1062745637.51" modifier="C" IPI="EifmcM9vuwo_30BN4_yS" birthDate="2018-11-28Z"/>
                <Participant name="hvrS9ZSqyC7PqHo7Pt_DNanC" role="performer" IPDN="IyKRybyW9qAJQLUdR" performance="chorus master"
                     grossFee="-1161931113.35" modifier="B" IPI="M.o-XYXL" birthDate="2018-07-13"/>
                <Participant name="ZQnxc1OL" role="music director" IPDN="kLscnGsA8NLzATHMC0" performance="supporting" grossFee="433630012.71"
                     modifier="B" IPI="L" birthDate="2019-09-09"/>
                <Participant name="MyOA" role="sound engineer" IPDN="Qv_Fk" performance="chorus master" grossFee="175442929.60" modifier="B"
                     IPI="wEPtagphbmvesOv.2" birthDate="2018-10-15Z"/>
                <Participant name="a4q3" role="remixer" IPDN="bRuDnOGeM_Xn3jQC" performance="main" grossFee="-1971392436.95" modifier="B"
                     IPI="y4pT7g1T9O0MLv7PBOWb" birthDate="2020-01-09"/>
                <Participant name="P61q5mbTNYn5" role="remixer" IPDN="gSiu-3.oPRqI4" performance="supporting" grossFee="-329761465.75"
                     modifier="C" IPI="ysT" birthDate="2020-01-22Z"/>
                <Participant name="VUqb2-0mMiqmJPkY8d" role="producer" IPDN="PQ0FpD" performance="conductor" grossFee="-950899457.22"
                     modifier="A" IPI="BKO" birthDate="2018-11-11Z"/>
                <Participant name="RQP5wm8Y5loBrRv_de" role="scriptwriter" IPDN="pcpmOi0zT6oB2z" performance="soloist" grossFee="641742131.46"
                     modifier="B" IPI="eT51WKGAQ8QUw-NiLH_BYC" birthDate="2019-05-26"/>
                <Participant name="ctgKvz0VqffxMdgYqMa" role="arranger" IPDN="wKM8d-GNho-8Mfrz6Elkaq4uG" performance="chorus master"
                     grossFee="-1303026319.53" modifier="B" IPI="b96EaDShObgbBXsJ4dj-WQHP6aGp" birthDate="2020-04-05Z"/>
                <Participant name="QJYcYe6qurIp" role="composer" IPDN="BFYq7uY.1Lay2JrmYEC2HwpK" performance="chorus master" grossFee="-572425364.24"
                     modifier="B" IPI="h4.YpQ-Sf2tb3XvNzN" birthDate="2019-04-26Z"/>
            </Participants>
        </Record>
        <Record title="a.KP705" spins="1440457621" ISRC="5Y0NTJEFX09H" year="8393" producer="xT_z97" label="EZFzWGDQdjNmnqz6yx"
             recordNo="b.NA0T..9AexNRdj6N" serialNumber="yo" isPremiere="0" usage="commercial" ISWC="YUgL9xh7x4-fW8NqGdwAw"
             AKA="Us" genre="commercial" broadcastedFrom="2019-06-02T11:21:16Z" broadcastedTo="2020-06-24T11:21:16Z"
             runtime="1755365430" origin="free of charge" alternativeTitle="L1.2pF" recordedFootage="2090472177">
            <Participants>
                <Participant name="VGlHoVKrxrdF" role="performer" IPDN="pEgs3ERKGn2Ho7K9B" performance="conductor" grossFee="-2061762098.88"
                     modifier="C" IPI="ZPPduKp" birthDate="2020-02-09Z"/>
                <Participant name="Wyl7_4.W" role="scriptwriter" IPDN="XlyT-z1nkukw4g0z1R8Yib6TuUa" performance="main" grossFee="1867050859.72"
                     modifier="C" IPI="r_357Gh.Qz7RPsvO-rfH" birthDate="2019-05-08Z"/>
                <Participant name="__y1yYHx.nmXGX" role="subscriptwriter" IPDN="O17efWPYLyKcHi2f8ZMqAyKLSFj" performance="conductor"
                     grossFee="511830925.70" modifier="A" IPI="G01yN-l9UCdu.16eNZsu3bOgUd7f" birthDate="2019-09-25Z"/>
                <Participant name="fFGu0KSm" role="music director" IPDN="WHV.OWr3sW0bPH" performance="chorus master" grossFee="-65785262.86"
                     modifier="B" IPI="bUQ-inhcQXe3NNsekQiUXJRI" birthDate="2019-10-20Z"/>
                <Participant name="s4p8Pi_zkXJjyAtgeP180_cYAeG8" role="music director" IPDN="nH62Wfs6u" performance="chorus master"
                     grossFee="1405929688.37" modifier="A" IPI="EvB_lcF.HAZVMtTE9nK8g" birthDate="2019-07-21Z"/>
                <Participant name="tLhx" role="subscriptwriter" IPDN="HYk8IO" performance="soloist" grossFee="-403562086.88" modifier="B"
                     IPI="GznVPR0MsRAyswU" birthDate="2019-10-06"/>
                <Participant name="T" role="music director" IPDN="mGHz_w" performance="main" grossFee="-1709375143.27" modifier="B"
                     IPI="ErPQw-Ay" birthDate="2019-10-21Z"/>
                <Participant name="RQ9Xo1RwG5K5c5ae0" role="subscriptwriter" IPDN="syqY2IbWQQLD_i0q_MWmLjSfyNfjj." performance="chorus master"
                     grossFee="-1679836333.62" modifier="B" IPI="boGCC5" birthDate="2018-08-27"/>
                <Participant name="gj1ge5zzgKvTbByF5uy3QlOjLl" role="remixer" IPDN="sLr7OPAbYxs9dr9T926.MsBIgEv_ER" performance="conductor"
                     grossFee="-2099470935.70" modifier="A" IPI="TS-62f0WNr5Ca-k" birthDate="2020-01-08"/>
                <Participant name="blG0" role="scriptwriter" IPDN="J78248j8JTDpAfm5m4T_EqyP" performance="chorus master" grossFee="-1957869593.65"
                     modifier="C" IPI="m5RPItLPILSzsiHI08J9ZdwiM" birthDate="2019-01-13"/>
            </Participants>
        </Record>
        <Record title="KkAhHvJPRa3A" spins="2084054845" ISRC="IGJFSG3FW463" year="0693" producer="ArWAhLE87BJnwZ-9zwFTUf3o"
             label="isqtOT2-y" recordNo="eEI_UAWtjbX" serialNumber="Qr0gnXLcwJxdF8KrJzsH8" isPremiere="1"
             usage="commercial" ISWC="T53QHfeVDcyzbjdZjH1EiZhGjt" AKA="jM3zCMhpE_654Ys7FMMb4TMXoSQm_9"
             genre="classical" broadcastedFrom="2019-07-13T11:21:16" broadcastedTo="2019-02-18T11:21:16Z"
             runtime="1451560706" origin="report" alternativeTitle="kI2ejWQ6Wp" recordedFootage="2033927433">
            <Participants>
                <Participant name="LwinlzCs" role="remixer" IPDN="ZjB" performance="soloist" grossFee="1943296278.08" modifier="C"
                     IPI="Vkfek4PW" birthDate="2019-01-20Z"/>
                <Participant name="SQXwO" role="sound engineer" IPDN="e2buhAsWrh" performance="chorus master" grossFee="-383864654.70"
                     modifier="C" IPI="ZDLR9-uonOijtlnk1Tg" birthDate="2018-11-02"/>
                <Participant name="w2AUU" role="composer" IPDN="BZGjMAu5tyA-12x7-.a" performance="supporting" grossFee="556319804.00"
                     modifier="C" IPI="w8lE7bOoSo4Pr" birthDate="2019-07-01"/>
                <Participant name="T7l32fosZukkE_wnC5ibap" role="remixer" IPDN="Jed_pommEjy" performance="supporting" grossFee="1269049669.58"
                     modifier="A" IPI="ucAxvVEdxt04BxcBZcElo" birthDate="2020-06-26"/>
                <Participant name="NrAIm8nWEP0q2q" role="arranger" IPDN="m-9" performance="conductor" grossFee="2089419923.67" modifier="B"
                     IPI="sTVYi6nxXQH" birthDate="2018-09-16Z"/>
                <Participant name="DvahYIwOs" role="producer" IPDN="SEh0XiEJAwEN1Js" performance="soloist" grossFee="1023268278.31"
                     modifier="C" IPI="kT" birthDate="2020-04-19Z"/>
                <Participant name="rc2Ym._yvDeK" role="arranger" IPDN="YEzcoUKPkgEZDr8g" performance="soloist" grossFee="-1253739684.98"
                     modifier="C" IPI="QX5Rfs8s.Z4nshExrbArd" birthDate="2020-01-02Z"/>
                <Participant name="BuWcLCBDy_drITt0DuPV_" role="arranger" IPDN="p2K" performance="conductor" grossFee="-60333236.06"
                     modifier="C" IPI="WQz" birthDate="2019-11-01"/>
                <Participant name="_B2dX7XL" role="producer" IPDN="Jd4brgk2FK6tpXfYkxT37e_paL" performance="soloist" grossFee="-260498554.76"
                     modifier="C" IPI="_8UyS2kqSTof3HFd4yCJsw" birthDate="2019-09-09Z"/>
                <Participant name="V4ABnGEl-xK6CiBKS" role="producer" IPDN="hpFIOKA0sR" performance="soloist" grossFee="79191500.85"
                     modifier="C" IPI="lZe" birthDate="2019-07-19"/>
            </Participants>
        </Record>
        <Record title="lNW2G_POxO" spins="1077466828" ISRC="QT7FS2JC4R4Z" year="2233" producer="XXe2aPBmgLfe.43Fmb"
             label="Fl" recordNo="hWt8o6rOzWB" serialNumber="HfHZzkS3Y7vOOULcA" isPremiere="1" usage="jingle"
             ISWC="GYpBSsma" AKA="FmNXWFTYmFKL" genre="jingle" broadcastedFrom="2019-11-25T11:21:16Z"
             broadcastedTo="2020-01-30T11:21:16Z" runtime="1447821044" origin="recorded stream" alternativeTitle="gdLwQHwb_syO7Yz9RDfrKLFWL"
             recordedFootage="648234584">
            <Participants>
                <Participant name="TGxbgPzLY_dCAw" role="arranger" IPDN="KJ8Ko7MEfc-2Ef5K52cVK2d8Zp8J" performance="conductor" grossFee="278688749.69"
                     modifier="B" IPI="Z" birthDate="2019-01-20"/>
                <Participant name="YD6e0KIl0ew9" role="composer" IPDN="X65lJfCrrDHoabbBiH8E9d" performance="conductor" grossFee="-685548136.49"
                     modifier="B" IPI="crPndFSz.B15MYAt_" birthDate="2019-05-13Z"/>
                <Participant name="Fun2ItJfo" role="composer" IPDN="WR1tim2Tj_3Pzv81A0.-v" performance="chorus master" grossFee="1717844855.06"
                     modifier="B" IPI="qneBJJhQkjHhAQ1O5iYwkjaE8" birthDate="2019-06-03"/>
                <Participant name="nZ341" role="subscriptwriter" IPDN="s_EI83ZkEiqsjBZI6uIy1GhD" performance="conductor" grossFee="720461164.47"
                     modifier="C" IPI="mSuunLtZymEspUOuoHVqmY" birthDate="2019-10-17Z"/>
                <Participant name="iqdZ8Fnf34t8dXpLhTJ1qvfKEB" role="producer" IPDN="jjnW" performance="main" grossFee="-1285701437.76"
                     modifier="C" IPI="Qzu4bhhTIso1ETOGDQkuTB1Nu8i" birthDate="2020-01-04Z"/>
                <Participant name="E9BNoAb" role="scriptwriter" IPDN="__zj2BRdpPqDZOV6nF" performance="soloist" grossFee="93162260.32"
                     modifier="A" IPI="ZDCB1iUAtqL5G" birthDate="2019-11-15Z"/>
                <Participant name="e2NvG73qE" role="scriptwriter" IPDN="BF3pge" performance="chorus master" grossFee="878946659.60"
                     modifier="C" IPI="GFORlFsIEulOcjuDFTB-XS0aqs-" birthDate="2019-12-19Z"/>
                <Participant name="CdvuH0JvPpd" role="producer" IPDN="HAFmzmimU.zp56ened1kO1c6DF" performance="soloist" grossFee="134947147.41"
                     modifier="C" IPI="wg" birthDate="2020-05-08"/>
                <Participant name="yNRGO2RqFmxwaDWlZXpPupJLoJ.sc0" role="performer" IPDN="UhCDbI7hfjPFTIta6gJe32V" performance="soloist"
                     grossFee="-1386811586.90" modifier="A" IPI="UnMQDwe-qFwK-LJkYPkSrAj" birthDate="2019-11-15Z"/>
                <Participant name="BWNPX298VHkel6sZ2HY" role="composer" IPDN="wsLSXfW.tbDEEqPlSaynM0VVywbp" performance="main" grossFee="1476308694.68"
                     modifier="B" IPI="n28qT3viMrK10" birthDate="2019-04-04Z"/>
            </Participants>
        </Record>
        <Record title="pT" spins="1631196950" ISRC="V8G3F8FV2NW5" year="1804" producer="sM4L" label="n7KywCg11_63CzD.8"
             recordNo="e" serialNumber="nQteL-fxJbs" isPremiere="0" usage="commercial" ISWC="nhZP" AKA="UKOqWx9F"
             genre="spoken word" broadcastedFrom="2019-07-10T11:21:16Z" broadcastedTo="2019-09-25T11:21:16Z"
             runtime="753902718" origin="recorded stream" alternativeTitle="ByT3qLs-AZ28nAH1cwI" recordedFootage="550310369">
            <Participants>
                <Participant name="a.F0OI14Jns15I8" role="arranger" IPDN="ywmkDULbL_fOSa_EX_M8MKaZVr2" performance="supporting" grossFee="-583280889.07"
                     modifier="C" IPI="RsHFKm.y1mi3Wh.Da" birthDate="2020-05-31Z"/>
                <Participant name="ZF6" role="music director" IPDN="pojO1zJ8nxEzd" performance="soloist" grossFee="226527255.51"
                     modifier="C" IPI="UMgzKes4G7uxGMMJ7X." birthDate="2018-12-18"/>
                <Participant name="OGFX2" role="sound engineer" IPDN="qNwh" performance="conductor" grossFee="723849007.19" modifier="B"
                     IPI="kCaJpaUGl" birthDate="2020-05-26Z"/>
                <Participant name="zbmGd2tf9r7TP6r" role="sound engineer" IPDN="F7qHNSVhxaDWtpcesWLQTxjMcsqb" performance="conductor"
                     grossFee="1700010285.05" modifier="A" IPI="gOgSuAX_m" birthDate="2019-04-28"/>
                <Participant name="S1RcXFRe_DOS_qx54HPVkD1Yb8mc" role="sound engineer" IPDN="zt3aMDH_mBpH" performance="supporting"
                     grossFee="-1933395653.71" modifier="B" IPI="EpK0R7r9ZX" birthDate="2019-11-02Z"/>
                <Participant name="OOMSLMijRYTxRhE9Ml" role="scriptwriter" IPDN="bAjY" performance="conductor" grossFee="-1415621693.97"
                     modifier="A" IPI="lQk8I2g_bWguRxaL6-_MFTrORO" birthDate="2019-09-15"/>
                <Participant name="_pv3FqMOAG_Y4ld" role="music director" IPDN="TUGJl8SIC-FR" performance="conductor" grossFee="-892672256.36"
                     modifier="C" IPI="d1HNhCdSrd9X" birthDate="2019-09-02"/>
                <Participant name="bs3dTybwxosrc0hMPD0ezKXQfFwH0u" role="scriptwriter" IPDN="p" performance="chorus master" grossFee="1720702850.27"
                     modifier="B" IPI="N6K4HSTF6.VHnRKYbALBAYn" birthDate="2019-03-06"/>
                <Participant name="vjiGKU0IMq9.LJ" role="arranger" IPDN="a-4H4xYzx-" performance="supporting" grossFee="-602347944.05"
                     modifier="B" IPI="N63tyul9aeOVUZ6Yjr" birthDate="2019-09-03Z"/>
                <Participant name="p4nKq19gVTvq" role="performer" IPDN="gkEzJurRMbGHbKeujeTIQUGJm-PE" performance="main" grossFee="-1888777305.26"
                     modifier="C" IPI="G" birthDate="2019-05-09"/>
            </Participants>
        </Record>
        <Record title="Xuj3hM3Pb4Q" spins="1332661429" ISRC="8Q9BE6MEGN4U" year="8915" producer="tmOIvbgPnZHiN92R9Qk"
             label="D" recordNo="gToqV8WirNJx8PUia8.gB" serialNumber="QPnnN" isPremiere="0" usage="broadcast"
             ISWC="M36AYlxMaV80rxTZd5" AKA="yTCeGuzEKS4bhi" genre="jingle" broadcastedFrom="2019-11-10T11:21:16Z"
             broadcastedTo="2018-12-22T11:21:16" runtime="747522169" origin="report" alternativeTitle="c0mJvFaT7"
             recordedFootage="327180573">
            <Participants>
                <Participant name="ARDydr" role="scriptwriter" IPDN="KRcykYXVVtMSnd921G8kWNNEpt.L3n" performance="supporting" grossFee="1432093935.58"
                     modifier="A" IPI="h3v9uvp2Fg0eHUL7yq_PwUA6HMA6K" birthDate="2020-07-01"/>
                <Participant name="Vyj4oSsbF_ukg8fexj00.qXjk3Yu1M" role="performer" IPDN="CUBi2MxzUFc7iX" performance="soloist" grossFee="-1789137421.61"
                     modifier="C" IPI="YJiM0zd0lWR3YeXs3GR" birthDate="2018-11-24Z"/>
                <Participant name="DGE3THQa8oXuG" role="arranger" IPDN="PED0df0sU7oVZl.Gx_97ZxX452" performance="conductor" grossFee="663057392.39"
                     modifier="A" IPI="Na19xpNN" birthDate="2019-12-17Z"/>
                <Participant name="YEw4K" role="subscriptwriter" IPDN="WpaAkrIj9m_DenTZI8.LkKqe" performance="conductor" grossFee="-1622158390.21"
                     modifier="B" IPI="d0WZyFAX7USJesVAY9SuWF4v" birthDate="2018-11-26"/>
                <Participant name="JxbsffR9hedKxlx1JN0tgJXyHTcp.j" role="arranger" IPDN="wlMwvCdnrGmcIpPEqX0" performance="main"
                     grossFee="278197071.60" modifier="A" IPI="fPRHEB1DZ3QTS.28ic18fiEw4Z" birthDate="2019-12-27Z"/>
                <Participant name="IWRT-Fr" role="scriptwriter" IPDN="nAi2KOTAOn6iSi" performance="conductor" grossFee="2111933993.73"
                     modifier="A" IPI="lyOBZ_" birthDate="2020-04-16"/>
                <Participant name="G91WD_Zj" role="arranger" IPDN="i5DHumY_AZD7-" performance="supporting" grossFee="780256724.91"
                     modifier="B" IPI="zxP3ymVMmK-" birthDate="2019-07-14Z"/>
                <Participant name="VNyHQD4LiybFwT2fYaRQ8" role="composer" IPDN="YuUi6Q11" performance="soloist" grossFee="777056752.93"
                     modifier="C" IPI="Td.wkz" birthDate="2019-08-06"/>
                <Participant name="n5xFZBz7" role="sound engineer" IPDN="ZeKy" performance="conductor" grossFee="1307488234.13" modifier="A"
                     IPI="a1PUL6y" birthDate="2019-06-01Z"/>
                <Participant name="IQ" role="arranger" IPDN="dpHcIpCnMNh0YqZO4a" performance="chorus master" grossFee="863393898.50"
                     modifier="A" IPI="nEeHys" birthDate="2018-09-01Z"/>
            </Participants>
        </Record>
        <Record title="yOTlWaa7JDAWZJhzgltQR1pfUw0" spins="2077082450" ISRC="S6J8M3P20322" year="1405" producer="oA6OVrijoTNj9MWw"
             label="bzbsETzH0UEg_" recordNo="s-34Lh7mWzPJ7yD45IM" serialNumber="l8VcfT" isPremiere="true"
             usage="commercial" ISWC="Cueb6qAIKDVaxVNnGuVdGpDNlvYqJ" AKA="fs" genre="composed" broadcastedFrom="2019-02-24T11:21:16Z"
             broadcastedTo="2019-05-12T11:21:16" runtime="1098503963" origin="report" alternativeTitle="QSYsEWJrf"
             recordedFootage="1370981827">
            <Participants>
                <Participant name="tn6e9_SMWm6S8" role="sound engineer" IPDN="oY9LYc" performance="soloist" grossFee="703888825.75"
                     modifier="A" IPI="lTcK3NvABrCcuY3zubb5acK59hsej" birthDate="2019-11-27"/>
                <Participant name="FFweNKfEPChetCcP-LLNb8cd" role="performer" IPDN="qU7" performance="main" grossFee="-957240430.82"
                     modifier="B" IPI="yKNRVdW5rcagOrH" birthDate="2018-08-06"/>
                <Participant name="s4HHX47YsSVsaa54KWPcVajMs-B" role="arranger" IPDN="v1oAIfPKlKFMMs1wGvYyF7iG_w9" performance="conductor"
                     grossFee="1795600538.14" modifier="C" IPI="BqTl_iVIqPnRAJaEYeUmguJzfUUH." birthDate="2019-02-25Z"/>
                <Participant name="sU3KjkI" role="arranger" IPDN="JgZ2RsNdxt0Ztkv3ALQETVxBoI" performance="conductor" grossFee="450767073.27"
                     modifier="A" IPI="O-ZlshKp" birthDate="2019-12-30"/>
                <Participant name="N7JivAoc3QdnsaKproNEsVM" role="music director" IPDN="ioRW" performance="soloist" grossFee="1243251275.75"
                     modifier="A" IPI="q90" birthDate="2020-04-15"/>
                <Participant name="R" role="subscriptwriter" IPDN="aZj.vB7-poGIzH5PasBGx" performance="soloist" grossFee="-1248806673.45"
                     modifier="B" IPI="ueyQC0B-zqaHxYFPDfK3FGW" birthDate="2019-09-14Z"/>
                <Participant name="Mr" role="subscriptwriter" IPDN="ZFevAKDH0gDbqOY-ee_z" performance="supporting" grossFee="-1945948196.23"
                     modifier="C" IPI="byUk-U0-LeJeKqkTLnP" birthDate="2018-09-03Z"/>
                <Participant name="HU8" role="arranger" IPDN="tGkUz-js" performance="supporting" grossFee="1124594505.44" modifier="A"
                     IPI="bC23T67w9a8irpBC9K5yfKtu40" birthDate="2019-07-06"/>
                <Participant name="QElpks7v77JA" role="producer" IPDN="z0wV.B375Il9_lfNOgKg6Y" performance="soloist" grossFee="1079968174.10"
                     modifier="B" IPI="gqje416rx5PXi" birthDate="2020-06-06Z"/>
                <Participant name="so5pLkmlhV2GvSRKgZn.PWVMML" role="performer" IPDN="N5" performance="supporting" grossFee="500375010.72"
                     modifier="A" IPI="hIPCmJ9VkYNCI8HUneQvs4V7T7." birthDate="2019-11-23"/>
            </Participants>
        </Record>
    </Record>
    <Record title="vOI2Xvar3nnUMvSmkrOG7EESp" spins="771166874" ISRC="77E30C773A35" year="6348" producer="wLKqMT-Ns.Q-9OX.tv9i3qFK"
         label="FH30DIZ7Jh.vQchSTAsV2bTD" recordNo="aRzirdmvWWCHe.1QfRnbTOGMxp_" serialNumber="cxESH2S6d39T"
         isPremiere="true" usage="commercial" ISWC="Xe9" AKA="dQY8J4beMa92UFC" genre="spoken word" broadcastedFrom="2020-02-16T11:21:16Z"
         broadcastedTo="2018-09-01T11:21:16Z" runtime="1409380689" origin="live stream" alternativeTitle="YX"
         recordedFootage="979997259">
        <Participants>
            <Participant name="UXJbtpVnGuLWEsqySdXyfNkF_Dpk7" role="producer" IPDN="m0ugUM.7a-Md" performance="soloist" grossFee="1086828153.84"
                 modifier="C" IPI="sXb_yfI" birthDate="2020-05-21"/>
            <Participant name="s.ZFhPGV9tBLl_2G" role="music director" IPDN="sQuNPzd" performance="main" grossFee="-1833418117.62"
                 modifier="C" IPI="Nv" birthDate="2018-12-22"/>
            <Participant name="JxiBUKsfWV9_R.jJo" role="remixer" IPDN="g5TqykdC4MpMpH" performance="main" grossFee="-709659261.35"
                 modifier="A" IPI="n5W" birthDate="2018-09-26"/>
            <Participant name="VtLQMIJZ" role="remixer" IPDN="Ms3pOs.Jxb7I70KY4P" performance="chorus master" grossFee="-1076759370.50"
                 modifier="A" IPI="XD8fdvZBB-Dxvq" birthDate="2019-03-02"/>
            <Participant name="SAJwnk-.RWyjMx-Z55EjuAlWpf3hW" role="sound engineer" IPDN="LELnrsVCQ0DqDDOVWgVf1r" performance="conductor"
                 grossFee="-600030269.55" modifier="B" IPI="ca_" birthDate="2019-12-29"/>
            <Participant name="GakZdAw006" role="performer" IPDN="qmqjcCG" performance="supporting" grossFee="-1763084704.64"
                 modifier="C" IPI="Q" birthDate="2019-12-06"/>
            <Participant name="Xu1tXroaa8ETk00j0OXh" role="arranger" IPDN="o.nmeMe6R46kwXr-gJV2" performance="supporting" grossFee="-922517289.97"
                 modifier="A" IPI="rpxmd" birthDate="2019-06-18"/>
            <Participant name="ZKSo8tMHAvFfzu65" role="performer" IPDN="D3iLUGgZ5" performance="soloist" grossFee="-353954014.24"
                 modifier="A" IPI="QTBXmfMy1m9ueBqpLrZgkA" birthDate="2018-07-08"/>
            <Participant name="mwNkfFU" role="producer" IPDN="EB_2J.Fmu98byt8" performance="soloist" grossFee="837880048.02"
                 modifier="C" IPI="fVbmF9giDk6pL8r2A" birthDate="2019-01-23"/>
            <Participant name="Ly7cvkHRsLDW5stIp_Ud8wF" role="subscriptwriter" IPDN="HKxhuRwKrmNSQ" performance="supporting"
                 grossFee="1800631226.63" modifier="C" IPI="nVY.N3ajblHjkL" birthDate="2018-10-03Z"/>
        </Participants>
        <Record title="Mrc" spins="1756356910" ISRC="756XL621KKVG" year="3028" producer="jrF5" label="PSUQDlWEYTwzgLFBW9xMBN0fJ"
             recordNo="eT6J3uewha_55" serialNumber="evl" isPremiere="0" usage="commercial" ISWC="PT"
             AKA="D1o" genre="composed" broadcastedFrom="2018-08-28T11:21:16" broadcastedTo="2020-01-04T11:21:16Z"
             runtime="2116895234" origin="self" alternativeTitle="gXSg-tvS7ARIEvU" recordedFootage="1003364336">
            <Participants>
                <Participant name="u" role="producer" IPDN="Ti" performance="supporting" grossFee="231033272.68" modifier="A" IPI="adsM3p.uWeJ4mtvtXH0EK"
                     birthDate="2019-06-20Z"/>
                <Participant name="nm8zMz3uzmZD4Fz" role="composer" IPDN="h" performance="soloist" grossFee="-1587731008.23" modifier="C"
                     IPI="IdzP33CY3JdhINCU" birthDate="2019-10-12"/>
                <Participant name="kNpzz7UyGyMWvL" role="music director" IPDN="VzdKnBbX3qq03glyd-vcr" performance="supporting" grossFee="923460625.57"
                     modifier="C" IPI="Wg7_l3qZMGHQAGves1g9" birthDate="2018-10-08Z"/>
                <Participant name="Wk1L4WI9NQyqzrALVAyg" role="subscriptwriter" IPDN="L85fC" performance="chorus master" grossFee="962380145.11"
                     modifier="A" IPI="HOCvYp.nI-X6fdSea3zJUN7.ftqTE" birthDate="2020-03-13Z"/>
                <Participant name="BPq1h3HMxEO0zDUT." role="subscriptwriter" IPDN="FHAzhkexo5z4askBXoM" performance="soloist" grossFee="-711282689.73"
                     modifier="A" IPI="HRA5KXJ0TWW2RNEB" birthDate="2019-11-23Z"/>
                <Participant name="lkS8dIjynWLXtjoIxdEczawz2" role="scriptwriter" IPDN="QIk" performance="main" grossFee="679137456.37"
                     modifier="A" IPI="nEDIX5" birthDate="2019-01-05Z"/>
                <Participant name="fD" role="producer" IPDN="FPgE2vVQ" performance="chorus master" grossFee="-2031715071.35" modifier="A"
                     IPI="dwh0tVUym-_p7DAoAZd7YJGm5oaXen" birthDate="2020-03-14Z"/>
                <Participant name="t1sLo-" role="performer" IPDN="ZfwyxNKdMBIvfGj9z1" performance="supporting" grossFee="-1505548289.39"
                     modifier="B" IPI="BLe3b0kYSPYgXVPpvfLIuFZd_0_YS" birthDate="2019-11-18Z"/>
                <Participant name="EU6f9Z4WuQOrmUQy6TYgySE68o" role="subscriptwriter" IPDN="qNrvkZRDQKRCXcm" performance="supporting"
                     grossFee="602049600.58" modifier="B" IPI="Q.6QbhCLjpGyV0kbtA5wmBi2L8X" birthDate="2019-09-29"/>
                <Participant name="dDnI4j" role="sound engineer" IPDN="v" performance="chorus master" grossFee="301592210.94" modifier="B"
                     IPI="easM2W9zGNf_" birthDate="2019-09-08"/>
            </Participants>
        </Record>
        <Record title="pVXuRWGqO_EPH" spins="2143947453" ISRC="6D6K41A6FY96" year="1418" producer="Ap" label="NQCu8weaSC5uP1_"
             recordNo="oSn1SHXGSWfBxBmI" serialNumber="Vg6u" isPremiere="1" usage="broadcast" ISWC="L8QYFzh"
             AKA="Oazc2gcN" genre="pop" broadcastedFrom="2018-12-22T11:21:16Z" broadcastedTo="2019-03-01T11:21:16"
             runtime="386045512" origin="recorded stream" alternativeTitle="jv" recordedFootage="752971519">
            <Participants>
                <Participant name="twqY01ADskWSmPmlQiBJwfcXw3" role="composer" IPDN="g1wkbxG6BlrUP1j8d" performance="chorus master"
                     grossFee="-928344768.90" modifier="C" IPI="gA7Y7YsYHkwzEa9aCrozUFSX3" birthDate="2019-08-29Z"/>
                <Participant name="ifc6a9WT7BpDlAplR" role="arranger" IPDN="lN6oT9VK" performance="soloist" grossFee="-1252736325.72"
                     modifier="B" IPI="rughFErDo1ekJfTl0YxqUvZ0G" birthDate="2018-09-16"/>
                <Participant name="gqb-daqrQL7aRJV.Rs-.mYjyfJC" role="composer" IPDN="a8O7J2NGyfVnyaLCJk4n3IRhVKnSSS" performance="supporting"
                     grossFee="-1673878796.66" modifier="B" IPI="HiN7Wz2VElrkIFOee7F" birthDate="2019-07-17Z"/>
                <Participant name="pjsnT3" role="arranger" IPDN="v" performance="soloist" grossFee="380264752.14" modifier="A" IPI="ovqoBx"
                     birthDate="2019-07-06"/>
                <Participant name="iQWMPlUROxMchKNp6fx" role="music director" IPDN="vOzl7a" performance="supporting" grossFee="-1923985511.85"
                     modifier="A" IPI="kFZuP73AgGcwRe" birthDate="2019-09-22"/>
                <Participant name="mT5ygNi84kB8K.E" role="performer" IPDN="YfmI.CM2s_RxULaGy" performance="main" grossFee="1573745702.37"
                     modifier="A" IPI="eNO6BUAzqK8h_YZkumQ6ZQkJpe1Pe" birthDate="2018-09-29"/>
                <Participant name="I12p" role="music director" IPDN="zxAoWee7nN6MjJ.EYwizlJ-NPsENA" performance="supporting" grossFee="1715716535.59"
                     modifier="B" IPI="ALDI" birthDate="2020-01-19Z"/>
                <Participant name="PGuZC2JdxqRT" role="remixer" IPDN="RdZazw74QdcXmsiB4mZtPh7" performance="supporting" grossFee="-25165316.41"
                     modifier="B" IPI="MM0ZS8CoC7" birthDate="2018-08-05Z"/>
                <Participant name="W" role="performer" IPDN="lJrGPXoXAzMeJAIfReZXrP6HW9z2R_" performance="soloist" grossFee="258028414.37"
                     modifier="A" IPI="TVk9iM8QZTfwuDASPN" birthDate="2020-06-05"/>
                <Participant name="i" role="subscriptwriter" IPDN="wPVDzuxA5OGb1RuUfWFL4a" performance="soloist" grossFee="-139251236.58"
                     modifier="C" IPI="k" birthDate="2019-11-20Z"/>
            </Participants>
        </Record>
        <Record title="cYymhCH4-3sTVzCdnW56pk" spins="784169511" ISRC="9PIUH7400J98" year="2795" producer="IRKOu-QxK9rP3Vx2dLxjRKglm4nCXU"
             label="z2zz3PHE0coJf3" recordNo="yBTCbH5oS7ZZx3P8sxmLVNJ86L" serialNumber="w0PPEzDuV" isPremiere="1"
             usage="commercial" ISWC="m-UWHg" AKA="saxdYwDFYmtyZxzeOpfU" genre="pop" broadcastedFrom="2018-07-08T11:21:16"
             broadcastedTo="2019-03-24T11:21:16" runtime="85706389" origin="report" alternativeTitle="rByr7h"
             recordedFootage="1029583861">
            <Participants>
                <Participant name="UHTnbw6t.cDvZO-S6P47na" role="performer" IPDN="F89sry47bfQIdxzBy_EtHBCyZqB" performance="soloist"
                     grossFee="407117049.58" modifier="C" IPI="w2pv8vGqYKnd4N" birthDate="2019-03-02"/>
                <Participant name="VMyzhBfcpEM" role="producer" IPDN="KRdOlgoZj" performance="main" grossFee="-647257179.48" modifier="B"
                     IPI="NCd_YqLzyvhIzLXRtU" birthDate="2020-06-13"/>
                <Participant name="qKOHvQzcfKou" role="subscriptwriter" IPDN="cUd9M" performance="chorus master" grossFee="-2034041985.96"
                     modifier="A" IPI="_JDkz8.EcR" birthDate="2020-04-08"/>
                <Participant name="nSrDCjaG56JiJG0" role="performer" IPDN="WZ9hDCM9Q6FoSzJH" performance="soloist" grossFee="-1179049199.72"
                     modifier="B" IPI="hW6.ChhE3l" birthDate="2019-06-02"/>
                <Participant name="wLgU6" role="composer" IPDN="d_7PeNic26ovc" performance="conductor" grossFee="-843085343.21" modifier="A"
                     IPI="GxQ4A3JOG.lsZcHNe" birthDate="2019-04-07Z"/>
                <Participant name="sLeZB.fpkB" role="scriptwriter" IPDN="zGq7RmYhCx_jQ" performance="chorus master" grossFee="-222494879.80"
                     modifier="A" IPI="pDFNuIc" birthDate="2018-11-10"/>
                <Participant name="V.vkuh9m" role="subscriptwriter" IPDN="j" performance="conductor" grossFee="618354096.77" modifier="C"
                     IPI="wWpIMG9q2jPVDfoo2NL" birthDate="2019-08-01"/>
                <Participant name="ml9lG2_6Stye-eb2ARrMRLVOGo2J" role="music director" IPDN="pn" performance="conductor" grossFee="-1913217387.37"
                     modifier="C" IPI="Xyo" birthDate="2019-09-26"/>
                <Participant name="dY1LH3PvTXWG7B5UoBcTo2obv" role="producer" IPDN="E7fUFnZd_am9Kq" performance="supporting" grossFee="-395870582.81"
                     modifier="A" IPI="r0kU5EVgSZoSz_6" birthDate="2018-11-24Z"/>
                <Participant name="LxEWltf" role="sound engineer" IPDN="F" performance="chorus master" grossFee="1895502430.72" modifier="C"
                     IPI="PQFX23TkL_2AnKW6EaC6_.jg" birthDate="2019-07-28"/>
            </Participants>
        </Record>
        <Record title="JG" spins="2043537263" ISRC="95G7R8ZOY3BU" year="0996" producer="jsob2x4BktYC7GBeOgTV3Ri6s" label="XCZXaMR2OPruOg-n2C7"
             recordNo="FfVepitzURegjEMnnN03t1d" serialNumber="yU2JBJhmsUIB" isPremiere="0" usage="jingle"
             ISWC="SPqXDwq" AKA="otjKrSgoOG8TNVQ8GZQ" genre="composed" broadcastedFrom="2019-04-09T11:21:16Z"
             broadcastedTo="2019-11-24T11:21:16" runtime="555473071" origin="live broadcasting" alternativeTitle="Bm"
             recordedFootage="944288068">
            <Participants>
                <Participant name="Y8TXSsFUlW.e" role="music director" IPDN="SphPOHhzz_WGxAdvxK1i69McQR" performance="chorus master"
                     grossFee="-427895503.73" modifier="B" IPI="J4" birthDate="2019-02-12Z"/>
                <Participant name="kG" role="arranger" IPDN="U.30x" performance="conductor" grossFee="-1842073585.11" modifier="C"
                     IPI="CfOtWQGsEDlWOlToKYTjUWNH" birthDate="2018-11-04Z"/>
                <Participant name="EBo0-NTA6FESMs7ZfE2" role="sound engineer" IPDN="Zyjx.Ev3CUPt2brTwgUy" performance="chorus master"
                     grossFee="-1141835689.97" modifier="A" IPI="W.5Kj1JdZuMn0KSV" birthDate="2018-09-27"/>
                <Participant name="SXTSooj" role="performer" IPDN="g82NgptfzoG" performance="main" grossFee="1217133087.59" modifier="C"
                     IPI="C8Wk9_DjLMg3GMReNX" birthDate="2019-01-31"/>
                <Participant name="Cf.P_hbV16bPwzZrQpiUnJxig3jo9v" role="sound engineer" IPDN="UHqYl" performance="soloist" grossFee="-422040089.46"
                     modifier="B" IPI="fdFix9oZHT" birthDate="2018-11-11"/>
                <Participant name="sL-ylLfrUYevV0j4.zabk" role="performer" IPDN="gHQ5SekRGM8Cax" performance="soloist" grossFee="-20313759.56"
                     modifier="C" IPI="bavUi6TIS4PtPD4AMiU" birthDate="2019-03-31Z"/>
                <Participant name="wvTZkzJyh.O1hOoXWMQcxHDGw47A" role="arranger" IPDN="YAy7M8iA4JMKPwXFXgAA" performance="soloist"
                     grossFee="613929931.86" modifier="C" IPI="SotmrH_5j2" birthDate="2019-03-09"/>
                <Participant name="ng1l.D" role="arranger" IPDN="bOJV" performance="soloist" grossFee="394048327.11" modifier="A"
                     IPI="pAn.cLbcdacwpKFBV-l8C" birthDate="2019-07-19"/>
                <Participant name="A" role="arranger" IPDN="KnXS62C.zRA4Lp4OIC81Xtu" performance="chorus master" grossFee="-1491541337.79"
                     modifier="B" IPI="nQxDdA179sY" birthDate="2020-04-06"/>
                <Participant name="dM.ssFU3hoyotj6tH6IiAXCAQNCe5" role="sound engineer" IPDN="jwdjLDffzN7V7ExY" performance="supporting"
                     grossFee="2090964551.59" modifier="C" IPI="F.eZL5BdvN.7iN8745NCRLi.hUEeB" birthDate="2020-04-12Z"/>
            </Participants>
        </Record>
        <Record title="upAtgCIPCxCeNPdNfe" spins="139702324" ISRC="15O35U72N499" year="3468" producer="Z-pNHGjnx1dMqOGM2.zpn"
             label="bouVogfKbvA2Kdg" recordNo="J.kLDgH5jDB-vH5" serialNumber="S_lwwlMwrH.wxnByh51p6dD1"
             isPremiere="false" usage="broadcast" ISWC="Bbhi9pqWxkuaxin-qvS_5IYw" AKA="p2bqAauHtPIObbNLg0OuK8bBQFkp"
             genre="classical" broadcastedFrom="2020-01-29T11:21:16" broadcastedTo="2018-10-19T11:21:16"
             runtime="1462244607" origin="free usage" alternativeTitle="FOjfjlizO7XHG5Duxc" recordedFootage="93525015">
            <Participants>
                <Participant name="t3wyS" role="performer" IPDN="u" performance="chorus master" grossFee="1729754867.38" modifier="C"
                     IPI="JNN._z8uVdQGOWCZrRF" birthDate="2019-06-12"/>
                <Participant name="J8B" role="producer" IPDN="fMPzuD1D.12wXOKv" performance="supporting" grossFee="1277552141.60"
                     modifier="B" IPI="r" birthDate="2020-01-20"/>
                <Participant name="hWQQSPKh7DFWvwf5K6sFPE6yms_C" role="music director" IPDN="tULNWlfvIwZefoMeLPgSbo" performance="conductor"
                     grossFee="1109059682.66" modifier="B" IPI="aS5M9lzcfhAHG" birthDate="2018-12-22"/>
                <Participant name="K" role="sound engineer" IPDN="l8" performance="conductor" grossFee="-1765006036.85" modifier="C"
                     IPI="c7T2iiYkaVOzp-ias0Wcpk3jO" birthDate="2019-08-25Z"/>
                <Participant name="KRAekY1skrIEP6ZOicq.dfe" role="scriptwriter" IPDN="sXwm_" performance="main" grossFee="-63321342.98"
                     modifier="C" IPI="TPp" birthDate="2020-02-06"/>
                <Participant name="HG" role="music director" IPDN="QpUiKDs_yGAkZ" performance="conductor" grossFee="-761993349.88"
                     modifier="B" IPI="bz238pcapSlEzjHDqdb" birthDate="2018-09-03Z"/>
                <Participant name="Zcnz1V_bV" role="scriptwriter" IPDN="s7jvXMLA_6" performance="conductor" grossFee="1999339512.62"
                     modifier="C" IPI="WPO2MK9xUd0pzpbnzc" birthDate="2018-11-25"/>
                <Participant name="z6QiV.7ehHIWzFVDqwZb" role="music director" IPDN="Qvul_hQd7BaWGj34B_Rawr1" performance="conductor"
                     grossFee="1931687619.46" modifier="A" IPI="i.TkSd" birthDate="2020-03-25Z"/>
                <Participant name="uXJvMaD3wrvr7tIbTw7hg" role="scriptwriter" IPDN="It9o9CUwQGrPi6AzD" performance="chorus master"
                     grossFee="1965776739.96" modifier="C" IPI="kl2Zpx-2KZEx3N7" birthDate="2020-05-20"/>
                <Participant name="zwS6Tk21fI" role="composer" IPDN="lIsSmc2" performance="chorus master" grossFee="1357671453.91"
                     modifier="B" IPI="xpEkRdRe9IPG4QUm" birthDate="2018-08-06Z"/>
            </Participants>
        </Record>
        <Record title="NPOX_y" spins="1965159485" ISRC="PKL24X4HLUW1" year="8809" producer="uGrhHV8Sx1k0_" label="eb8T_DYRYgndqvD7Zce0Y5-_xNPk.y"
             recordNo="YBKAsgl_6.13cQ.t2YcP" serialNumber="K03xh" isPremiere="0" usage="broadcast" ISWC="e3MRzMDeCVd-EZmpwas3RP-8LuJ5DS"
             AKA="tgjCv5GXiNKFjjb1vFuj" genre="pop" broadcastedFrom="2019-08-17T11:21:16Z" broadcastedTo="2020-04-06T11:21:16Z"
             runtime="144076519" origin="free usage" alternativeTitle="tB5" recordedFootage="1125981856">
            <Participants>
                <Participant name="U" role="sound engineer" IPDN="ihRH9.1NlTERehY-45sICcua" performance="supporting" grossFee="583886044.80"
                     modifier="B" IPI="fT22ga5-yCXKP1m0ln8py.bG" birthDate="2018-11-08Z"/>
                <Participant name="JjmpS9EDGPJ2bELg.Wg" role="scriptwriter" IPDN="Irah6FZ.jCewoh4" performance="chorus master" grossFee="19928348.83"
                     modifier="B" IPI="tJ" birthDate="2020-04-07"/>
                <Participant name="a6AYKso3fGFLIA.f0ex6iexd" role="arranger" IPDN="TdVUdLDbj" performance="supporting" grossFee="1491403274.31"
                     modifier="B" IPI="KLZn._n4aTg-drb4P4-ehw" birthDate="2019-01-07"/>
                <Participant name="sWoF9ZmRa7zE" role="composer" IPDN="_0pPQ7fYzKrpQQY-s" performance="soloist" grossFee="-1809222625.87"
                     modifier="A" IPI="OKx" birthDate="2019-10-17Z"/>
                <Participant name="duaoqWNZMD-IRGdLSIFh-j_i1Auh" role="arranger" IPDN="zw9amG1C2XpFfsU1go" performance="soloist"
                     grossFee="-1823212473.91" modifier="C" IPI="NDIVyc" birthDate="2019-02-07"/>
                <Participant name="dDQjH2SxyRM3" role="producer" IPDN="jAAPbhh25Z1SobkKkkXjSRuP" performance="main" grossFee="-979405661.19"
                     modifier="A" IPI="NP_9h0eSzSASc6mYimWF1Ut5pPobW" birthDate="2018-09-30Z"/>
                <Participant name="S" role="remixer" IPDN="Cp-0" performance="main" grossFee="-94673056.54" modifier="A" IPI="LLksKErCEy4"
                     birthDate="2019-06-24Z"/>
                <Participant name="YyKTOaq" role="subscriptwriter" IPDN="mQ8d0g" performance="chorus master" grossFee="1198669687.25"
                     modifier="B" IPI="NSRvzgM-Zazpfng9d.mLdP" birthDate="2018-08-16Z"/>
                <Participant name="hGgjErC_g120tZ6" role="sound engineer" IPDN="LeCGZWpYwcec-4" performance="conductor" grossFee="1303592359.11"
                     modifier="A" IPI="N.R.Amby-30H3dTMqIg-UX-5l" birthDate="2019-11-27Z"/>
                <Participant name="GCHg" role="music director" IPDN="RcYsoQtZ6RX" performance="chorus master" grossFee="-439895775.05"
                     modifier="A" IPI="zrxzsD0Ftx37hP" birthDate="2020-06-29"/>
            </Participants>
        </Record>
        <Record title="Sk24jEiOD0mGvDHnBVC-" spins="235520462" ISRC="K51S3P7UW0S8" year="1327" producer="oulC9fM8.s6WPPJ4T1Rs"
             label="b" recordNo="smb4CiF" serialNumber="mTAT" isPremiere="1" usage="broadcast" ISWC="xzp0"
             AKA="D-YJGqUq" genre="pop" broadcastedFrom="2019-11-28T11:21:16" broadcastedTo="2019-10-14T11:21:16"
             runtime="763736807" origin="commercial" alternativeTitle="LqXHxWf4asgMlJ.tsASkfQf" recordedFootage="1321788326">
            <Participants>
                <Participant name="wVjS87LP1W" role="remixer" IPDN="qLN9M6wq2cwer902TAw8g_" performance="soloist" grossFee="-770177459.37"
                     modifier="B" IPI="t.eCpAsHJL.hTgmQsYhvW2" birthDate="2018-07-10"/>
                <Participant name="SvR38.0-beATthKEp.TMEfnP" role="arranger" IPDN="Xbluc2hwm" performance="main" grossFee="780881373.46"
                     modifier="C" IPI="WIpMSO" birthDate="2019-12-21Z"/>
                <Participant name="jYpKlsYve." role="scriptwriter" IPDN="y" performance="conductor" grossFee="-1110532666.22" modifier="A"
                     IPI="Hnq8j-" birthDate="2019-02-24"/>
                <Participant name="B7aH18rcAys-" role="scriptwriter" IPDN="GFNcsC7Ifu6_GstajCfU_" performance="conductor" grossFee="-1742510577.86"
                     modifier="C" IPI="TlfYhTaXS5" birthDate="2018-07-04Z"/>
                <Participant name="sfuP9V-PTg6cyfRBdBYnGTU" role="performer" IPDN="WzDCPEFh9YQNe" performance="soloist" grossFee="69669221.56"
                     modifier="B" IPI="SZ49" birthDate="2019-01-20"/>
                <Participant name="yxrH" role="remixer" IPDN="DiQ1-" performance="supporting" grossFee="-1354840585.56" modifier="B"
                     IPI="DXnkaBp" birthDate="2019-10-24Z"/>
                <Participant name="jX6wXBtcFEPvCV" role="composer" IPDN="K8nfIQ9-dtOsKfbVau0" performance="chorus master" grossFee="1338298572.84"
                     modifier="C" IPI="tGpNCNnp" birthDate="2019-08-04"/>
                <Participant name="ycqDptxN7DitZ3uPKFtc" role="composer" IPDN="m5V" performance="chorus master" grossFee="18417225.77"
                     modifier="C" IPI="zYUdzJyFJ2oQ6EeY6o2WmrlgQ" birthDate="2018-09-07"/>
                <Participant name="wi-u8H" role="arranger" IPDN="Y3l8DoLzJ" performance="chorus master" grossFee="343857750.67" modifier="B"
                     IPI="WKFqKH0Ock15aQN9YgBiAIh" birthDate="2018-08-02"/>
                <Participant name="TTiJlA9iSzg3QUhh64k-8-3S5" role="scriptwriter" IPDN="AdZACfWZhxJDLTs4S3Z46V" performance="supporting"
                     grossFee="1529909881.08" modifier="A" IPI="CohX8Bsh.SrjE8BP" birthDate="2019-02-23Z"/>
            </Participants>
        </Record>
        <Record title="SswMcGgncM7oJIhsbPvIq2qQaFLm" spins="1248287693" ISRC="SOHN4T8UP18B" year="5477" producer="aFRIvA1sZ9nx.3ff0"
             label="ohg" recordNo="hj2Sqb.iEFDL2Fko2" serialNumber="teAOj7mVK" isPremiere="false" usage="broadcast"
             ISWC="rmc" AKA="r9xY1YprTRtBh0h4zJVOWqLLqr32S2" genre="pop" broadcastedFrom="2020-06-13T11:21:16"
             broadcastedTo="2019-03-12T11:21:16Z" runtime="370813202" origin="commerce" alternativeTitle="eGMV.S"
             recordedFootage="624813863">
            <Participants>
                <Participant name="nYwZFVkjF8Hz.9LxLUN6Ieuqzn" role="producer" IPDN="rzmYHYniAwq" performance="main" grossFee="107664847.57"
                     modifier="C" IPI="INsXc" birthDate="2020-05-06"/>
                <Participant name="BXMwHYo" role="remixer" IPDN="vPPHSpe.wF5R3LVc9FQD1LawuvD" performance="supporting" grossFee="-82101011.70"
                     modifier="B" IPI="Bqk5ArzXb9Om.7gaav5cuQCspe" birthDate="2020-01-10Z"/>
                <Participant name="cgg8n2Gnfyz" role="producer" IPDN="rRkDH.cd" performance="soloist" grossFee="620773588.55" modifier="A"
                     IPI="Y02hUl" birthDate="2018-08-09"/>
                <Participant name="Job" role="remixer" IPDN="H6QyZKrNoQf9p-oa96" performance="supporting" grossFee="-769552052.91"
                     modifier="A" IPI="sUuplkEYO33-L2MnmjXEyVniNr" birthDate="2019-03-06"/>
                <Participant name="XZqnVIJx51" role="music director" IPDN="y_b13OsbfNonb-S4wovQ-j68gGO" performance="supporting"
                     grossFee="-1325214925.12" modifier="B" IPI="x34VL" birthDate="2020-07-01"/>
                <Participant name="NKwmoR7QJk-RbEn9TN" role="subscriptwriter" IPDN="yOyFrxqi" performance="main" grossFee="2117312504.45"
                     modifier="B" IPI="p2yCLxz" birthDate="2019-05-07Z"/>
                <Participant name="p8HsOdn0MnV9N_Iz28p2LwN" role="composer" IPDN="jlDng89" performance="main" grossFee="1359694661.93"
                     modifier="A" IPI="B_KSbzDQBBCZkju1p" birthDate="2020-04-11"/>
                <Participant name="vCOEOixXMN1oyeoiIQo8TjY" role="subscriptwriter" IPDN="SoJLg9VvtYiDg6BdcXmxYO24BBGBRn" performance="conductor"
                     grossFee="-1050630097.99" modifier="B" IPI="dRLauyh" birthDate="2019-08-22Z"/>
                <Participant name="Me2hm_3PT9Zi" role="composer" IPDN="LW" performance="main" grossFee="213663390.82" modifier="B"
                     IPI="WVyF4MgG_mILQHvFCO7zYCrf88" birthDate="2019-12-13Z"/>
                <Participant name="joRs5bqv" role="remixer" IPDN="_h1XfNVHhlnWyN57VH-wmFtrcrKb" performance="main" grossFee="-678118663.46"
                     modifier="C" IPI="eKgH06RM6oh" birthDate="2019-01-06Z"/>
            </Participants>
        </Record>
        <Record title="Z1LHDgT19lvOi" spins="728305177" ISRC="HLGDD68F18A9" year="2754" producer="oil8CqfCjZOc.7Ov2"
             label="uRE6mPblEw1JCJ_" recordNo="avP0h" serialNumber="cicMxjTLDO95GotVi-iNa7Z" isPremiere="1"
             usage="broadcast" ISWC="ed8zbSNiAebFYR5arrfGIBsnXqL" AKA="jKtuxoh.i2W4kRVq_Gh5FE" genre="jingle"
             broadcastedFrom="2019-10-04T11:21:16Z" broadcastedTo="2020-03-11T11:21:16Z" runtime="1131504268"
             origin="free of charge" alternativeTitle="h.3OCkzx0Y" recordedFootage="358911453">
            <Participants>
                <Participant name="VSRcGoULYV7h6EiPjux-iC2Ev.3pQO" role="sound engineer" IPDN="ViMv1rLJ0aT3TlofmgF3ks" performance="chorus master"
                     grossFee="1585124737.20" modifier="A" IPI="KBgawuXl" birthDate="2018-08-15"/>
                <Participant name="ftW2p" role="arranger" IPDN="ipYmYVF9t0cvvKJ0F6iOtu6ab.rG" performance="main" grossFee="940954823.18"
                     modifier="C" IPI="qwrIfGuvQ6S3QoQPdih3N" birthDate="2019-03-25"/>
                <Participant name="or.Yys4.klHtzAho_dKhsf" role="producer" IPDN="U23.iS5iU_hZve44Z72tD" performance="conductor" grossFee="-1469391046.96"
                     modifier="C" IPI="h6G1zSS2qeu3ctRp1MpKeiRORK" birthDate="2020-01-30"/>
                <Participant name="DaaCNd8NQU-56iQ6tr3cNdYcnX1T_f" role="composer" IPDN="Dtwrm0ORj9qsFnjipHjraHBW4S" performance="soloist"
                     grossFee="7023880.22" modifier="A" IPI="P.4-U" birthDate="2020-06-24"/>
                <Participant name="XNXyp0XhnDgEFR" role="arranger" IPDN="K1jA2iidXQeZT" performance="conductor" grossFee="-1551906146.77"
                     modifier="A" IPI="uxA46R7PT" birthDate="2019-02-12"/>
                <Participant name="xFA" role="subscriptwriter" IPDN="H8rxkwrANREzcPr" performance="chorus master" grossFee="-1354549478.92"
                     modifier="B" IPI="UmsKjstSt1APWT6wRW04m5dzZy1" birthDate="2019-09-22Z"/>
                <Participant name="gLBEntXoZ" role="music director" IPDN="A_SvYKSWwQNl1qckSC42K5Wdt" performance="conductor" grossFee="128444251.83"
                     modifier="B" IPI="YOqBFTnJ1r0Afv" birthDate="2020-01-13Z"/>
                <Participant name="zWmXyRW6yXWyUBt" role="producer" IPDN="Qnf.WXfFgX1." performance="supporting" grossFee="-1820858068.47"
                     modifier="B" IPI="hWsqe_6RkNXAGACM3" birthDate="2020-03-16"/>
                <Participant name="XsXFD7sxgaaQflYAP-FnTvl6" role="arranger" IPDN="cx" performance="supporting" grossFee="-629957028.83"
                     modifier="C" IPI="XyllILeBBavxIn" birthDate="2020-07-02Z"/>
                <Participant name="tL7CW6e" role="remixer" IPDN="dGyUQc4_5ccJfQo" performance="chorus master" grossFee="-1859260783.99"
                     modifier="B" IPI="zD-WU9F16-GcdGrTf2eW0.GmCUT_m" birthDate="2019-12-12"/>
            </Participants>
        </Record>
        <Record title="Hq_O8" spins="1832778924" ISRC="85WZ8E3Z0D75" year="1259" producer="yZFZXNoto-QjccE6r2g0of" label="kwvcnTu"
             recordNo="TMnGw4m" serialNumber="kIrwSt31hRfR58gj-aSW5vdp3KUJEH" isPremiere="0" usage="jingle"
             ISWC="M-w6HWAIvj4V" AKA="JmiaGFcw0uMCsYUIZbn3wPW7" genre="pop" broadcastedFrom="2020-02-10T11:21:16Z"
             broadcastedTo="2020-03-17T11:21:16" runtime="644360492" origin="commercial" alternativeTitle="_OSjj5IZ"
             recordedFootage="1186708254">
            <Participants>
                <Participant name="R" role="composer" IPDN="BjcncmJ7" performance="conductor" grossFee="-1329821766.33" modifier="A"
                     IPI="i9.bXpehZ3B6MvYe6F7Q" birthDate="2019-07-09"/>
                <Participant name="jM1VNc18pP85guoKI5iAdKpCxX3FJ" role="performer" IPDN="Si4.Pj7cGw5_wf-79x2W." performance="chorus master"
                     grossFee="-575481676.56" modifier="B" IPI="phC1GNw3t3KmTBNR-9Bq8Vt-Wi" birthDate="2018-09-21Z"/>
                <Participant name="GlLZ0D86mjKX2JcqXp-k" role="producer" IPDN="TAYQw" performance="supporting" grossFee="-750988062.88"
                     modifier="C" IPI="YJz6A_I" birthDate="2018-07-26"/>
                <Participant name="LggeLxcXpjs4m2mt8Ga_4SmczPqfj" role="subscriptwriter" IPDN="MKAL" performance="chorus master"
                     grossFee="1530791717.66" modifier="B" IPI="Gxk" birthDate="2020-06-16"/>
                <Participant name="xPRQN.60Qw5HgM_TZfHAQSpfi" role="arranger" IPDN="xe1xv7t" performance="chorus master" grossFee="679976321.97"
                     modifier="A" IPI="cmZ4X8vBtmaA" birthDate="2018-11-04Z"/>
                <Participant name="a7." role="music director" IPDN="uHIQKlFSV79OOH_emWYce" performance="supporting" grossFee="-263109627.11"
                     modifier="C" IPI="wlUOKgpyt_G2vDxjd_3OoOsUuqSzX" birthDate="2019-10-17Z"/>
                <Participant name="Y_L7e_pWYY2SzxgGSsrnoj" role="subscriptwriter" IPDN="_EOhMtWL-rqHDwdls.4c48p" performance="supporting"
                     grossFee="1710684651.11" modifier="B" IPI="A4hVfSJSrZ0ZOTA8" birthDate="2019-07-20"/>
                <Participant name="fB22" role="remixer" IPDN="O_3cqfDZ" performance="main" grossFee="-1411019110.92" modifier="B"
                     IPI="Uqqq5HH0i3ygYkWG" birthDate="2018-11-16Z"/>
                <Participant name="ljDC_X4" role="scriptwriter" IPDN="Lu8mfsWtT4VJFX.KA" performance="supporting" grossFee="846644776.56"
                     modifier="A" IPI="aPKK7I5_Z0_XOgFLxOBfhCA" birthDate="2019-11-04"/>
                <Participant name="PPFAbxpObgmIzMMjIW0rcag" role="performer" IPDN="wm" performance="conductor" grossFee="1478804871.09"
                     modifier="C" IPI="P3WzpAM6L_vb1wEJ0YGvz" birthDate="2019-12-16"/>
            </Participants>
        </Record>
    </Record>
    <Record title="Zay8BXdcilvdceu57" spins="1701216656" ISRC="4VO22U7FU65A" year="8178" producer="uGlvXCCJovFTT7G6w"
         label="kS5pxL" recordNo="VNF94i" serialNumber="jku3Rq" isPremiere="0" usage="broadcast" ISWC="lr4zrJaaXG_9UhMarX_iOnh"
         AKA="s3CYSsDW2SQP9cI4dg" genre="classical" broadcastedFrom="2019-05-28T11:21:16Z" broadcastedTo="2018-07-06T11:21:16"
         runtime="1299117608" origin="live stream" alternativeTitle="w1RwZ" recordedFootage="965553098">
        <Participants>
            <Participant name="UexB6j" role="sound engineer" IPDN="edz-bsBtDa7Hbg6e1YwbXBu7jB" performance="supporting" grossFee="-373755401.75"
                 modifier="A" IPI="zkeOUxBv" birthDate="2018-11-02Z"/>
            <Participant name="qAb1YPX8PbW-" role="arranger" IPDN="Z_betCct3ED605TKzbbSq7" performance="supporting" grossFee="-1027233378.54"
                 modifier="B" IPI="JXn.TdtSej-Y6ZpZKXNH" birthDate="2020-03-12Z"/>
            <Participant name="AT1DLqwjOhPirib1k2WHxuXT" role="producer" IPDN="oVkJRaOah7ihzrc5ti8" performance="conductor" grossFee="402262718.75"
                 modifier="A" IPI="nVIwxTVZaNiWEnrXH4ViY" birthDate="2018-11-27"/>
            <Participant name="ci65b" role="composer" IPDN="FD1bOLvkn.lM0fzp.nHLKT3k" performance="soloist" grossFee="1364774613.65"
                 modifier="A" IPI="f6IGfLK0wCyr6Key9XCuGiGXZ2" birthDate="2019-07-10Z"/>
            <Participant name="oF3qMu" role="performer" IPDN="C81" performance="soloist" grossFee="-88683372.01" modifier="B"
                 IPI="X6y7VVXi2lcWUaYGA_CGFVDDS_Lb" birthDate="2020-03-27Z"/>
            <Participant name="ZuaFfKEcfDiVfnYCXlEC6KLFQbS-SM" role="performer" IPDN="YOpNqr942IB6Ibh9xpZ" performance="soloist"
                 grossFee="-359977722.61" modifier="A" IPI="DK9enez" birthDate="2019-07-26Z"/>
            <Participant name="u2Qz6WwDztv_kxcxid0.JQ2TTocTBQ" role="sound engineer" IPDN="I0c6seVc9oXUN6drWTPX" performance="chorus master"
                 grossFee="-1012515067.70" modifier="B" IPI="zeA8x96xiiQeZFRBb6yQLJ" birthDate="2019-01-25Z"/>
            <Participant name="VMuhkI1UWW3Nf" role="music director" IPDN="nc7k.BLMrp_tjkYUlu" performance="supporting" grossFee="927381808.83"
                 modifier="C" IPI="KLJk_9f0" birthDate="2019-11-30"/>
            <Participant name="CE.Ja6bc.Lmwi9vCHTx9FzMl" role="remixer" IPDN="TYzxFf-53I1" performance="main" grossFee="-195148738.34"
                 modifier="A" IPI="loodhMX1" birthDate="2019-06-24Z"/>
            <Participant name="ZZLln" role="music director" IPDN="Ei_TL1" performance="supporting" grossFee="-1626213358.75"
                 modifier="A" IPI="AqrRM21Vw7R6nHyUABEqBFFxDXHtmE" birthDate="2019-01-04Z"/>
        </Participants>
        <Record title="JmrXZV2.i9mH0Am51UxK" spins="1593133204" ISRC="Y3OON84UX611" year="4152" producer="wN0QRsp80DdPBp2ljqX-Jcj3"
             label="K5yYu5d_ROef0QZU-O9B86Ae" recordNo="eipz3eOSaRiCToIDvF34SO" serialNumber="dGEiAp4UQ-qzkk68DOh"
             isPremiere="false" usage="commercial" ISWC="VgVeSYGBcdcm-msUZirnDlk" AKA="nW7MNKITNlY.dq4qDOMFH7XLohgRdZ"
             genre="classical" broadcastedFrom="2020-04-24T11:21:16" broadcastedTo="2018-10-31T11:21:16Z"
             runtime="455688618" origin="report" alternativeTitle="tXmy7Kn0z" recordedFootage="35024596">
            <Participants>
                <Participant name="RhJJSzt" role="subscriptwriter" IPDN="iLdW" performance="supporting" grossFee="1474944520.64"
                     modifier="A" IPI="qZOY2QbIczM" birthDate="2019-09-30"/>
                <Participant name="lvA" role="composer" IPDN="RedSf" performance="chorus master" grossFee="-909740877.11" modifier="C"
                     IPI="Nvf2bVNFZWf8qn7TlWyAV" birthDate="2019-09-22Z"/>
                <Participant name="wPOwxoSwl1" role="producer" IPDN="r.ntcRIEK.I8hok" performance="main" grossFee="-1735226884.03"
                     modifier="B" IPI="T01dvQE_-" birthDate="2019-07-17"/>
                <Participant name="FSUsRXn0qUJEokiPIuC9CA" role="music director" IPDN="i-esOi0Sg1" performance="chorus master" grossFee="-2011796797.80"
                     modifier="A" IPI="a30R5SHNpaGJ9Q" birthDate="2018-07-29"/>
                <Participant name="LHMfg0kSSf9EH1" role="producer" IPDN="LuVNr1UmQ.flC6Y9g7iymV" performance="soloist" grossFee="596060681.18"
                     modifier="C" IPI="Muzd" birthDate="2018-09-26"/>
                <Participant name="V" role="scriptwriter" IPDN="TkE8tqVUbmhSKhNb5Ya." performance="chorus master" grossFee="-666165020.33"
                     modifier="A" IPI="u74S6RMVIi-" birthDate="2019-03-10"/>
                <Participant name="V3_9syAOeh" role="subscriptwriter" IPDN="PCgRv0iJv" performance="chorus master" grossFee="370702618.26"
                     modifier="C" IPI="rvAF_v6WGo7LnxO2wbGyVnMV0" birthDate="2019-06-30Z"/>
                <Participant name="ErlIRr" role="arranger" IPDN="SzZHN3EttTF" performance="soloist" grossFee="1206262841.14" modifier="A"
                     IPI="KRBD" birthDate="2020-03-31Z"/>
                <Participant name="CISMiaonrFU.HSgvP07V-d1sHsO8" role="subscriptwriter" IPDN="Xmalq-DJ_sm5K.q8XTjMFxg6Jp" performance="main"
                     grossFee="-1723218231.54" modifier="B" IPI="nN" birthDate="2020-05-01Z"/>
                <Participant name="QoY9pdnwqvsdn-CcdlbSgoXw" role="performer" IPDN="q-uwarIBmKt9J2ZZQuQdVEGBgqM.dr" performance="conductor"
                     grossFee="-716015523.42" modifier="B" IPI="oSg_CEnCjv0h_fQkPqaQ" birthDate="2018-10-08"/>
            </Participants>
        </Record>
        <Record title="ijvkymoG" spins="1377694885" ISRC="M1O2228OYK3P" year="1827" producer="e3ZRK6Y9pq55ei4" label="FbFqvQb"
             recordNo="_gbPyiCJeaT1" serialNumber="KqiocDHjtx3uRXwZmzUFhEM8B" isPremiere="false" usage="jingle"
             ISWC="hgdGg" AKA="frO2jeobdGTyKJABPv3lvu" genre="jingle" broadcastedFrom="2019-09-15T11:21:16"
             broadcastedTo="2018-09-10T11:21:16" runtime="2119185727" origin="live stream" alternativeTitle="gLqjMU4ugzWUzjE6-42AC4y0o2mq"
             recordedFootage="144234623">
            <Participants>
                <Participant name="K3_HXzbQyWHZ_Iq1C" role="music director" IPDN="UA6-LxAx6Fzw.G0HuY" performance="chorus master"
                     grossFee="-290320467.54" modifier="A" IPI="YUnrjHOKHp" birthDate="2019-06-14Z"/>
                <Participant name="Q.mQPRFp7jzn_xxoBfum-gY" role="producer" IPDN="DRPqZR8dMiXFivgOmE-KCmAoCCL" performance="soloist"
                     grossFee="1450714481.43" modifier="C" IPI="QcL1n3KPQOP015EA" birthDate="2019-01-18"/>
                <Participant name="QPYnMJoL" role="subscriptwriter" IPDN="P9Be72vlRhQcJ7" performance="chorus master" grossFee="-695217553.41"
                     modifier="A" IPI="JUrMZl1dQX" birthDate="2019-07-11Z"/>
                <Participant name="vxT3d-VHkVJVqegk_yR" role="remixer" IPDN="a_J0mbE4IPsBEeoviP7jTqVVTG" performance="conductor"
                     grossFee="924733975.33" modifier="B" IPI="U-tPOxH5Cy7NklA" birthDate="2019-02-26Z"/>
                <Participant name="f.Ev" role="music director" IPDN="bE8g408-jjJT" performance="chorus master" grossFee="1918246277.67"
                     modifier="B" IPI="A7t8hM" birthDate="2018-11-26Z"/>
                <Participant name="Ta7CGsMCR4HS2tWB7h1Q6ooy3x" role="scriptwriter" IPDN="i" performance="chorus master" grossFee="-1951145871.16"
                     modifier="B" IPI="RhrnC.lZyRK1SXL4CevhyJoKGr" birthDate="2018-08-23"/>
                <Participant name="VpVK2jNMgny1pubs0E1_s0Eyl0B4jR" role="music director" IPDN="ysYKyG" performance="chorus master"
                     grossFee="-1994438389.94" modifier="A" IPI="tl-Vtzp6" birthDate="2019-01-04"/>
                <Participant name="_zh5zMDC" role="subscriptwriter" IPDN="erA30oVzu1nFIBndpj0y7Fg5xAc_" performance="supporting"
                     grossFee="1172182345.31" modifier="C" IPI="JDbMRVaJw0oObG" birthDate="2019-03-05Z"/>
                <Participant name="dDGLfIVn1tmL-y-" role="performer" IPDN="Y8" performance="conductor" grossFee="-181568600.36" modifier="B"
                     IPI="XT7k" birthDate="2018-07-08"/>
                <Participant name="tjkP-_F7Ojv-0sKh4gc" role="performer" IPDN="I.qSiCN8OW.QCSX7uu" performance="main" grossFee="1509411646.45"
                     modifier="A" IPI="I4Y1-lBQv0-tj6zWy3vHQnR1pg" birthDate="2020-02-27"/>
            </Participants>
        </Record>
        <Record title="VOK7UcJvJltJqR" spins="406726575" ISRC="5P4M087X72CK" year="7657" producer="TxTmm" label="E.JfoadWJebWb.AFIwEs2E"
             recordNo="JF447dh87cu7edIi" serialNumber="RLMs6Ap0VG4QYU0Kjr" isPremiere="1" usage="jingle"
             ISWC="zAtX1-8k9q7M68xXcSKFkXVb" AKA="MkGU" genre="spoken word" broadcastedFrom="2019-07-02T11:21:16Z"
             broadcastedTo="2018-10-12T11:21:16Z" runtime="1203548305" origin="free of charge" alternativeTitle="tfQ-VXpEPeMGMBsVqsYk"
             recordedFootage="1133912048">
            <Participants>
                <Participant name="LMmiUlpBoZdC6" role="producer" IPDN="ySBxeriMMnDSQ4f6UbZEaTf9Uy9o" performance="chorus master"
                     grossFee="1028005917.66" modifier="A" IPI="U6Xdt_syYn4HhFuBZPC" birthDate="2019-08-10"/>
                <Participant name="O28RE6EMbg1" role="sound engineer" IPDN="ni" performance="soloist" grossFee="321910784.85" modifier="C"
                     IPI="IzE49j-" birthDate="2018-08-29Z"/>
                <Participant name="yRwPiIHENM8jkEfr" role="sound engineer" IPDN="ZD2cj" performance="chorus master" grossFee="99349376.36"
                     modifier="C" IPI="uP" birthDate="2018-07-10Z"/>
                <Participant name="LwiILdIzFeOdmemQhPW7F3ifemeeNF" role="producer" IPDN="Y.4YhpK" performance="main" grossFee="2063953755.09"
                     modifier="B" IPI="Fdf65yC1ATrxFtewR5elZz250NL" birthDate="2019-07-04Z"/>
                <Participant name="bRMM.d6ZXwZ9qjf1" role="scriptwriter" IPDN="KL6ZA3MvV-kV-i" performance="chorus master" grossFee="791604275.15"
                     modifier="C" IPI="dGhMp58hDzSg7Qvw5Fi0" birthDate="2019-12-24Z"/>
                <Participant name="dx_ljgJz73EupH" role="producer" IPDN="g" performance="conductor" grossFee="-836579423.29" modifier="C"
                     IPI="wA1Ww" birthDate="2020-02-13Z"/>
                <Participant name="a3TY2lKg" role="performer" IPDN="c5Rf" performance="chorus master" grossFee="300473635.58" modifier="B"
                     IPI="eWqcVJ2pDx8TvVpDLA3SMW_" birthDate="2019-01-28Z"/>
                <Participant name="zdVYk1MNQO.v8Z" role="arranger" IPDN="kFHi4vE-6kv0rD" performance="main" grossFee="1182827656.19"
                     modifier="C" IPI="znNTXCRYKox9xPoyrha3b" birthDate="2020-04-13Z"/>
                <Participant name="f4f2LVJD9Q_Ic" role="scriptwriter" IPDN="e3Rc39Wm5my5lMIu" performance="main" grossFee="54173651.92"
                     modifier="A" IPI="p2foGQMZm1loiPG1UcgXNc4tvkpD" birthDate="2020-03-08Z"/>
                <Participant name="vFpRNl2j44V8Yob1vBS-" role="scriptwriter" IPDN="m" performance="soloist" grossFee="-641215315.92"
                     modifier="C" IPI="tUK" birthDate="2019-12-16Z"/>
            </Participants>
        </Record>
        <Record title="OujMR4rA" spins="136291109" ISRC="KU2P7A763J8L" year="6207" producer="iF6s6IOo7kwfD.V" label="LJ32OcHFyPG"
             recordNo="a.GpiOUgBz" serialNumber="tk2avfPeQYiaBRpM" isPremiere="false" usage="commercial"
             ISWC="QbFBEOI.tR" AKA="NUqcdNZfZ1oZpws6-kNWKWLdcN1Y" genre="commercial" broadcastedFrom="2019-01-31T11:21:16"
             broadcastedTo="2018-10-28T11:21:16Z" runtime="1908467159" origin="recorded stream" alternativeTitle="iofZmMYsJFAcDDwSRFeB"
             recordedFootage="486627611">
            <Participants>
                <Participant name="Yijyn21qIlkUQYqk" role="performer" IPDN="qyuEr" performance="supporting" grossFee="1849450791.24"
                     modifier="B" IPI="GgrIz" birthDate="2020-01-23"/>
                <Participant name="k" role="arranger" IPDN="uNU-" performance="soloist" grossFee="-1101656596.55" modifier="A" IPI="o4cYxs76naF_ybuK"
                     birthDate="2020-02-06Z"/>
                <Participant name="NEFantugAaivRwPiCtMJ" role="subscriptwriter" IPDN="Yxy_6vJgkTKfckIs5_oP" performance="main" grossFee="1529974742.84"
                     modifier="C" IPI="_FbstrkBdwzDMUQ_z6XF3aoX" birthDate="2020-04-02Z"/>
                <Participant name="noY" role="sound engineer" IPDN="p9i84bwC" performance="soloist" grossFee="-1741710509.90" modifier="C"
                     IPI="tz" birthDate="2019-11-28Z"/>
                <Participant name="V1EZOdK7RYczNrhTbtD4M-zkW" role="subscriptwriter" IPDN="B-WBg_M4TbW6rtpmpPKBSwGe" performance="soloist"
                     grossFee="465818792.72" modifier="A" IPI="L5F7xAu" birthDate="2019-08-18"/>
                <Participant name="MCom" role="scriptwriter" IPDN="OS" performance="chorus master" grossFee="1050302439.08" modifier="A"
                     IPI="Q1BWOVfC5KIbJk" birthDate="2019-03-20Z"/>
                <Participant name="UzZn6nFnrWx6-eBOblXb1zGZ1qKncc" role="arranger" IPDN="jUDz" performance="conductor" grossFee="-1052533017.29"
                     modifier="B" IPI="AY" birthDate="2020-06-05Z"/>
                <Participant name="uwvwrFHCVSPgxyo-wNbA" role="scriptwriter" IPDN="NNyfLFRQ8VBHIAzl9qadj" performance="chorus master"
                     grossFee="1942080737.60" modifier="A" IPI="g6kN5XmdRr9M21UxBZXHr9rrH" birthDate="2019-04-25Z"/>
                <Participant name="h9rXmn4LOZCz" role="arranger" IPDN="nZ.5mYMF_kj7U" performance="soloist" grossFee="837710931.36"
                     modifier="B" IPI="IhbTk09gGwFG" birthDate="2019-01-07Z"/>
                <Participant name="eO8A36Bh25vooFq62" role="remixer" IPDN="h" performance="main" grossFee="138565693.53" modifier="B"
                     IPI="VBHjFCF" birthDate="2018-12-06Z"/>
            </Participants>
        </Record>
        <Record title="qbjxyT2gVwZ3xjj" spins="796316377" ISRC="0B28I211EOR6" year="4720" producer="Ddi.h3u_xFBR3" label="GIhTNIkrjYgW8HQ_QWz7mZ"
             recordNo="QMr_O-wrlrFIIgCMn9db" serialNumber="FBxWz" isPremiere="false" usage="commercial"
             ISWC="I8xX-e5ieCud6JIFqzu" AKA="f8uH" genre="jingle" broadcastedFrom="2018-11-03T11:21:16Z"
             broadcastedTo="2019-11-08T11:21:16" runtime="5054478" origin="report" alternativeTitle="EIZaqpiHIt-"
             recordedFootage="1859048887">
            <Participants>
                <Participant name="DVMiYkFhcyZpPt-gDVWD." role="producer" IPDN="gXa4F" performance="soloist" grossFee="169563090.94"
                     modifier="B" IPI="uh" birthDate="2020-04-08"/>
                <Participant name="Fiy2Vh" role="subscriptwriter" IPDN="gm0F" performance="main" grossFee="-807027126.90" modifier="A"
                     IPI="DZ" birthDate="2018-09-08Z"/>
                <Participant name="R4vbkezAGlvLflzF8_HoERhxy" role="performer" IPDN="jmq4Ge" performance="chorus master" grossFee="-491246350.52"
                     modifier="A" IPI="pKaCdFDMb2M" birthDate="2019-10-14Z"/>
                <Participant name="p3ttbmbwYd3gpwOfA" role="sound engineer" IPDN="pqtT7HvOlWkIzp.m0C-" performance="soloist" grossFee="-505263329.07"
                     modifier="C" IPI="Roy.Wc" birthDate="2020-02-13"/>
                <Participant name="hr9Hqqq5" role="arranger" IPDN="mt5CP-42.l" performance="supporting" grossFee="1071897318.03"
                     modifier="A" IPI="sY.sZ" birthDate="2020-04-08"/>
                <Participant name="ARgeBFFw1b.WrIGMNDLXgChFS-C" role="composer" IPDN="lB" performance="soloist" grossFee="-245290793.51"
                     modifier="A" IPI="nQg" birthDate="2019-12-23Z"/>
                <Participant name="QXP2TXN7JJHNFtXj0uc0lySCDb" role="producer" IPDN="wy.Q8iA" performance="chorus master" grossFee="-1447427542.82"
                     modifier="C" IPI="ObOqvv." birthDate="2019-01-08"/>
                <Participant name="gokAWvV" role="performer" IPDN="DSlWMrupOnzu00Tj5" performance="chorus master" grossFee="793374503.16"
                     modifier="C" IPI="CDaExxcSqecSM2v.b0" birthDate="2019-11-07Z"/>
                <Participant name="gw4FnMfXosdMJ_WDBz" role="music director" IPDN="ixMp4Nx3BORaRyFmd" performance="soloist" grossFee="754425755.14"
                     modifier="B" IPI="X_rk2Pw3LUHXWAFRU0dDD-cQV" birthDate="2019-09-27Z"/>
                <Participant name="L-vmG" role="performer" IPDN="yPJrJmJDl3kXI" performance="chorus master" grossFee="693642292.59"
                     modifier="B" IPI="AIP0g7D0nQb" birthDate="2018-08-01Z"/>
            </Participants>
        </Record>
        <Record title="akf-f0zuHp_sosXu8eWlC" spins="130898199" ISRC="55HQBHWO0SI1" year="8697" producer="_vgs" label="NoeM3_qIlKHD5T3zuS5VrqA3ZO"
             recordNo="Sj6D-2wq164mHEixI9vM" serialNumber="KX2O8qRi0mmbqunFC9fQRlMad25Cv" isPremiere="1"
             usage="broadcast" ISWC="ah.-znFs3a.SZb2MdjErUenB" AKA="Im" genre="commercial" broadcastedFrom="2020-06-05T11:21:16Z"
             broadcastedTo="2019-01-07T11:21:16Z" runtime="354610944" origin="commercial" alternativeTitle="wn8-k-Vk6jf0Mt3uzc3Lldt"
             recordedFootage="9795875">
            <Participants>
                <Participant name="G4GCpLbBtKa" role="subscriptwriter" IPDN="iF0PsmjAitvpdc1.Ac0xbWhxhHWoY." performance="soloist"
                     grossFee="1425663719.66" modifier="B" IPI="RWSkzOHFNM8ujbxXJD0Vpop" birthDate="2019-07-28"/>
                <Participant name="pvnV7vZybsJUEvqHfYsxa" role="arranger" IPDN="eLbOoB" performance="main" grossFee="1533683940.07"
                     modifier="B" IPI="xI9eGr_CxRJ58roH5JT4" birthDate="2019-12-19"/>
                <Participant name="cTdPu7KBLVsGBPge" role="music director" IPDN="c-O" performance="soloist" grossFee="2051068839.74"
                     modifier="C" IPI="IRiidUjo9J7BWV.6QdChtWxNb_u6" birthDate="2020-01-21"/>
                <Participant name="xQtapE2A" role="sound engineer" IPDN="GNLTK4DL02vXu0AuRAD.Ew3ErmF.n" performance="supporting"
                     grossFee="1548794647.41" modifier="A" IPI="b" birthDate="2019-02-13"/>
                <Participant name="SsAcQqWkuHDC" role="subscriptwriter" IPDN="e" performance="conductor" grossFee="696110973.56"
                     modifier="A" IPI="Zu-_r1wrlcHTn" birthDate="2019-09-25Z"/>
                <Participant name="_QyJ4NT-mxFcMpDsMVIUDq6QvWVQ" role="producer" IPDN="a1gGkXR.-otv" performance="main" grossFee="513376802.14"
                     modifier="B" IPI="A6fBq0dAgJn" birthDate="2019-02-19"/>
                <Participant name="yRYnzSrl" role="performer" IPDN="_5F.Np1o" performance="supporting" grossFee="1634409141.85" modifier="B"
                     IPI="Uq3xtCG8G" birthDate="2019-11-03"/>
                <Participant name="rkq" role="subscriptwriter" IPDN="fNFM1ToRKtbquVS_t3jh_48jKEM" performance="conductor" grossFee="535586284.65"
                     modifier="A" IPI="MY1rZ_2QBBtdt_NyO9DtsM1NA" birthDate="2019-06-12"/>
                <Participant name="j" role="sound engineer" IPDN="gCKYtAc3nr-UC-kw_YbB1R" performance="chorus master" grossFee="-790891565.29"
                     modifier="B" IPI="rnSkZ2aJ7RBysnckFpWYRkd7" birthDate="2020-04-26"/>
                <Participant name="MF8iJvn8sNN173Yo6KkWtqI" role="music director" IPDN="GEqCXIQt" performance="chorus master" grossFee="-1100981191.90"
                     modifier="B" IPI="UbYFyvMYF.GFuaTklJjKPhZU-" birthDate="2019-01-21Z"/>
            </Participants>
        </Record>
        <Record title="sFwphSEeduOFiWCd9u3Og5QK" spins="766534928" ISRC="5A32UA302HB4" year="6125" producer="bat-DIYVf7BY0sp0u4"
             label="E4pW4L6z.znHPAjTmj1Ga" recordNo="b" serialNumber="Y0r5YHOcYE6Vg4n_KToG8yzAoaT3aJ"
             isPremiere="1" usage="broadcast" ISWC="BQtFJKjNmVPjxqMmi0z93FUI8j2F" AKA="ErZwHe9Qx9Sq7Bo6B"
             genre="commercial" broadcastedFrom="2020-02-22T11:21:16Z" broadcastedTo="2020-06-05T11:21:16"
             runtime="1184123742" origin="commerce" alternativeTitle="JRjsDD0KY" recordedFootage="269401586">
            <Participants>
                <Participant name="Yfplnjg1q01kYHBcFI4fT6Igeb" role="subscriptwriter" IPDN="jO8DrXDq35e_t04" performance="main" grossFee="607242136.02"
                     modifier="C" IPI="GgWfNwCRd3EUFdrmlbKJ79vVnZPw" birthDate="2018-12-26"/>
                <Participant name="khRj1TN21mGS5y" role="music director" IPDN="PjFT.P" performance="soloist" grossFee="-820442649.48"
                     modifier="C" IPI="kz" birthDate="2019-07-07Z"/>
                <Participant name="B.znhEnvtpm90HcyK" role="arranger" IPDN="t16" performance="main" grossFee="-1030685523.10" modifier="A"
                     IPI="J4sPT9ddd5cUqEN7oA.wtfJk9tw" birthDate="2019-02-15Z"/>
                <Participant name="RldXsvnhwpdretDR" role="performer" IPDN="c6rilwbUhc-y" performance="main" grossFee="-453547976.38"
                     modifier="C" IPI="ozZFJm4KOqn_FKx" birthDate="2018-11-03"/>
                <Participant name="nG3nioPsbe2hL2" role="performer" IPDN="drNqOhz9ShF2" performance="supporting" grossFee="734484151.72"
                     modifier="C" IPI="CL73FhHk4oGQY8" birthDate="2018-10-24Z"/>
                <Participant name="UnVNGNWajf1sGGlNcj.TU" role="sound engineer" IPDN="Unm7Q-sn2gHXQVcy" performance="main" grossFee="217750891.04"
                     modifier="B" IPI="OJBdZEQE5" birthDate="2019-01-11Z"/>
                <Participant name="TO" role="performer" IPDN="KPVeTTHW9N" performance="main" grossFee="-122273728.80" modifier="C"
                     IPI="nAO1fy2R5" birthDate="2018-10-29"/>
                <Participant name="SvOsKY7WA5XjbSeLuyc4mvZykP" role="scriptwriter" IPDN="m5" performance="conductor" grossFee="-1324010350.25"
                     modifier="C" IPI="hdzr_i0f7m1u45pWMw" birthDate="2020-04-26Z"/>
                <Participant name="zoQwhRKFl5j" role="music director" IPDN="srPdWkPqIUXQAVa.wbmd0" performance="soloist" grossFee="99099203.52"
                     modifier="A" IPI="m" birthDate="2020-06-15"/>
                <Participant name="uD8QxgjcdhAVby" role="sound engineer" IPDN="y90i" performance="soloist" grossFee="1650772763.25"
                     modifier="C" IPI="PatA-5L7.YPpH06" birthDate="2019-07-22"/>
            </Participants>
        </Record>
        <Record title="Xrj" spins="987366617" ISRC="P4XPB802JK0P" year="5849" producer="fIAiK8UEE" label="VZ" recordNo="I"
             serialNumber="sGMkszN19AHz-vq91JxkUhd0nmNz2m" isPremiere="false" usage="broadcast" ISWC="v3AaClJ2DxKS.E"
             AKA="uoVxxnW7BaJ8c4RW6fWTOK1w10" genre="classical" broadcastedFrom="2018-10-14T11:21:16"
             broadcastedTo="2019-10-01T11:21:16" runtime="1355055484" origin="self" alternativeTitle="y6zAuq"
             recordedFootage="1536986738">
            <Participants>
                <Participant name="SdOLVqWsTNvOm8zYRxl0" role="composer" IPDN="iFlnigUmosFueDxjYuOXCg2bJ_UF" performance="supporting"
                     grossFee="1621673643.91" modifier="A" IPI="OYt" birthDate="2020-05-20"/>
                <Participant name="Yl1lmgYdgcLcbpC_jtjUnM" role="composer" IPDN="W-Pjv1EofsBtgEV" performance="soloist" grossFee="-288312366.41"
                     modifier="C" IPI="GgC0tdFRHGCD" birthDate="2020-04-16Z"/>
                <Participant name="ODXRi1FT41rgGUUZxPquZUjX" role="performer" IPDN="nMvzH" performance="conductor" grossFee="-63732923.11"
                     modifier="B" IPI="Wz95MsM22FfRr57r" birthDate="2020-06-27"/>
                <Participant name="eR06iWlT4As-zqEKYdD2pzI" role="remixer" IPDN="ruhOcN5Yw8sfNSzgPO5y" performance="supporting" grossFee="943124374.71"
                     modifier="A" IPI="liQg3e-f1W0D.1YmvV2sr" birthDate="2018-07-22"/>
                <Participant name="pJavqc9ZhOiF66smXrj5W2JfWjR" role="remixer" IPDN="rX" performance="main" grossFee="541640396.75"
                     modifier="B" IPI="N" birthDate="2019-08-11"/>
                <Participant name="dFH0ej.4u" role="remixer" IPDN="RegNGhkiH" performance="main" grossFee="-429204948.25" modifier="A"
                     IPI="tSaXzrLMv8GvaJvH" birthDate="2019-10-22Z"/>
                <Participant name="G.ve" role="remixer" IPDN="krK4ftGDW9wjwlnt4wi4Tjrt" performance="chorus master" grossFee="-773793625.29"
                     modifier="A" IPI="BeO" birthDate="2018-11-06Z"/>
                <Participant name="utD" role="sound engineer" IPDN="jvk9f73K4Fi.sISxZfx7ek" performance="chorus master" grossFee="1060066788.18"
                     modifier="C" IPI="U8Sj0gKL" birthDate="2020-03-19Z"/>
                <Participant name="vYSitHuKvaQ1FPUXHlJ4m-vLhU" role="remixer" IPDN="hjz_vxh2lRQyunONYsg20FZsAHUS" performance="main"
                     grossFee="-827199757.64" modifier="B" IPI="n3" birthDate="2018-07-26"/>
                <Participant name="JrhcCeh5u04HOmll7AG" role="producer" IPDN="jH_RF.0h_" performance="chorus master" grossFee="-1035884269.78"
                     modifier="A" IPI="uZg.1SSYfT0hbpHrmwfHvnBQJ3-" birthDate="2020-05-18"/>
            </Participants>
        </Record>
        <Record title="yCVdd0FWN7hFSjUDTyL-sQ.-t" spins="151284466" ISRC="LQ20R816VNH8" year="0643" producer="RA4AZ1qFjD.7RYn"
             label="e.N1ySV3FE" recordNo="WvRAshyT" serialNumber="ZhFYwV4l.lNy" isPremiere="1" usage="broadcast"
             ISWC="zlZuGeo.HZ9" AKA="m3loSxaGEc71m95.YyIi_fWBL" genre="jingle" broadcastedFrom="2020-01-18T11:21:16Z"
             broadcastedTo="2019-03-09T11:21:16Z" runtime="1593164223" origin="self" alternativeTitle="kkaB2rAXLbODk70eEFRMc9GsBO"
             recordedFootage="574393405">
            <Participants>
                <Participant name="eOWlCIE0WtH" role="arranger" IPDN="zFOaV.hA6NanVNc2dcFTg" performance="main" grossFee="1934261460.41"
                     modifier="B" IPI="K4H-_vouW7m.xjqRWaixg8k8jNbei" birthDate="2019-08-07Z"/>
                <Participant name="z3Fee" role="subscriptwriter" IPDN="TfurOFYlpdHiVYIC6B" performance="main" grossFee="1893621339.31"
                     modifier="C" IPI="YJ" birthDate="2018-11-12"/>
                <Participant name="i0TFlAyecW2" role="sound engineer" IPDN="itS" performance="supporting" grossFee="2134923905.36"
                     modifier="C" IPI="p.RYexDdR-" birthDate="2018-08-21Z"/>
                <Participant name="Jm-XHKR" role="remixer" IPDN="ckjUKwtf226h3UP9BIfL7LgaZaaf" performance="conductor" grossFee="-1150023893.93"
                     modifier="A" IPI="kjFQYdCVzO3eFVomKZz7sH" birthDate="2019-06-02"/>
                <Participant name="JEHdyf9D_aLuG6ZGs_L53cSwvkU" role="scriptwriter" IPDN="PFS" performance="supporting" grossFee="-1718439287.77"
                     modifier="A" IPI="_FO5UMeKZ" birthDate="2019-10-04"/>
                <Participant name="zWFQ." role="producer" IPDN="cFJW2LY" performance="conductor" grossFee="-1854295186.74" modifier="A"
                     IPI="MJ.6cQdrV0Zu01liS7d7BQD_" birthDate="2019-02-15"/>
                <Participant name="AodBdWO9MQpJ" role="sound engineer" IPDN="Q-SeNp.i5t-15wQ" performance="soloist" grossFee="-1840554703.68"
                     modifier="C" IPI="UN_n" birthDate="2019-01-24"/>
                <Participant name="S0xtoeF9JPQSEg" role="composer" IPDN="GB40A1DJ.6PH7" performance="supporting" grossFee="-1280795413.15"
                     modifier="B" IPI="qnPbP9VchsEn" birthDate="2018-09-05"/>
                <Participant name="e3JiyHRB7xFtWZFP1dN5" role="producer" IPDN="Rb8WEm1io_J8-e5Xh9K6HkkGcQtEwa" performance="soloist"
                     grossFee="158561122.65" modifier="A" IPI="vT-lO210WHLYZ1uc-ngA8mR2FFizi" birthDate="2019-02-24"/>
                <Participant name="eOTODWtRrT_OzLwQXpgz1odFqU4z5g" role="subscriptwriter" IPDN="AIpB" performance="supporting" grossFee="-1413335651.12"
                     modifier="B" IPI="OiXrZRlvJ" birthDate="2019-08-02"/>
            </Participants>
        </Record>
        <Record title="F7c5NCkc62vxux3o" spins="1612650627" ISRC="0V7BRI6576LD" year="7908" producer="SKp4aAyovUyMzUCo4UUR6J6K1R"
             label="kwBINGed" recordNo="mEcv7" serialNumber="okdWLke" isPremiere="1" usage="jingle" ISWC="i93_kIlmZ9"
             AKA="FZV5HEDIrS0cHO" genre="spoken word" broadcastedFrom="2020-04-13T11:21:16" broadcastedTo="2018-10-24T11:21:16"
             runtime="885257533" origin="commercial" alternativeTitle="ZoW4aU" recordedFootage="1918023629">
            <Participants>
                <Participant name="vyxjqZ" role="performer" IPDN="YKRcYNt8aI47" performance="supporting" grossFee="-1118842432.16"
                     modifier="B" IPI="M4hrX90bijkM0_rNDDmtFJ" birthDate="2019-10-04"/>
                <Participant name="uNco4cR" role="sound engineer" IPDN="ZZ-9CsQHpHTTPH0H7EFH-xd" performance="conductor" grossFee="-1285369630.31"
                     modifier="B" IPI="T" birthDate="2019-06-05Z"/>
                <Participant name="U32p0Mdfnttu" role="arranger" IPDN="Pk_DO" performance="soloist" grossFee="1415564574.89" modifier="B"
                     IPI="bG71lcWcH9w.POb6gm" birthDate="2019-08-24"/>
                <Participant name="Sh2T" role="arranger" IPDN="Bu.eOiTfgzzQALLbYBoNe6F" performance="supporting" grossFee="-1482970908.43"
                     modifier="B" IPI="O9ydQrNNP3LGyH" birthDate="2019-09-16"/>
                <Participant name="iy5XqH2.XFajXNNvOf" role="subscriptwriter" IPDN="g_SDVghxH3Esrg" performance="supporting" grossFee="-1441403766.53"
                     modifier="C" IPI="vlN89sh3g" birthDate="2019-11-18Z"/>
                <Participant name="H" role="scriptwriter" IPDN="zQOK" performance="soloist" grossFee="861179451.56" modifier="A"
                     IPI="IxoxKZcjWZJXsYYohQ.QMud0S..u4L" birthDate="2019-12-31"/>
                <Participant name="_2kH0PK.Nn3nu-A8nw1zPE_6CdgW" role="producer" IPDN="OdRFzCygZOV" performance="chorus master" grossFee="629180707.24"
                     modifier="B" IPI="MKzbqNgg11O45t" birthDate="2019-08-28Z"/>
                <Participant name="rq" role="performer" IPDN="fQPRPn" performance="main" grossFee="1690977359.62" modifier="A" IPI="g"
                     birthDate="2019-12-21Z"/>
                <Participant name="H7i" role="music director" IPDN="GqFow0_afcV" performance="soloist" grossFee="-1823863195.71"
                     modifier="C" IPI="NuiQ" birthDate="2018-12-01Z"/>
                <Participant name="wJWyKwy2ksfJW5kQdMJBXEb" role="scriptwriter" IPDN="Z" performance="supporting" grossFee="13992356.13"
                     modifier="C" IPI="wysesyzNqIgDjLN0s_m2ra" birthDate="2018-07-22"/>
            </Participants>
        </Record>
    </Record>
    <Record title="PCidykBX6Dy9sx18Jvx" spins="961260681" ISRC="XMSN3936ER1W" year="8955" producer="iXvSB6EGSulRY_bYzop8QmssjUP233"
         label="pK4Mu6kpx8c8LVrN0nrElSTtzd-raf" recordNo="Tdmba0" serialNumber="jI5IxF" isPremiere="1"
         usage="commercial" ISWC="P" AKA="XByc94u8KOcauiUufIHH" genre="commercial" broadcastedFrom="2019-05-11T11:21:16Z"
         broadcastedTo="2020-06-13T11:21:16Z" runtime="819196770" origin="self" alternativeTitle="xpNnS5bKdTynSzOwQ1fxTcPyqy"
         recordedFootage="2081040359">
        <Participants>
            <Participant name="N0tagjo-9uPupu7PPnL1a8BIvJ" role="arranger" IPDN="WWDfke7" performance="supporting" grossFee="137415289.77"
                 modifier="B" IPI="NDbNMI9Q6" birthDate="2018-11-06"/>
            <Participant name="pQzLPqaGQbrmdHTxyt" role="producer" IPDN="obEELCwtbiRpMPTBQ20F" performance="chorus master" grossFee="-381320582.97"
                 modifier="B" IPI="bp7ue0HSC.LYml4" birthDate="2020-03-28"/>
            <Participant name="WkeadW" role="music director" IPDN="sSxQKsFK-D" performance="main" grossFee="-2066270966.35" modifier="A"
                 IPI="h" birthDate="2019-09-03"/>
            <Participant name="MdUiphuuZ76f2jI0" role="music director" IPDN="IAXLvwp2Hwj0o6nPHfqY7" performance="main" grossFee="773295811.60"
                 modifier="B" IPI="TVu1yhX-8..RC" birthDate="2019-12-10"/>
            <Participant name="XptVfiAFm1NGe0clV" role="producer" IPDN="yMEGDxtExhYT6HqE" performance="chorus master" grossFee="-254646847.11"
                 modifier="C" IPI="v" birthDate="2020-06-18Z"/>
            <Participant name="Dp5ZgwgImGRgS8U" role="subscriptwriter" IPDN="OiJF6Ry3xD42SXqx8HN.fyOCdc2" performance="conductor"
                 grossFee="1121361824.49" modifier="C" IPI="QrfVz2" birthDate="2019-06-09Z"/>
            <Participant name="vIS_zEPgOoarBfTy" role="producer" IPDN="sc0yXgIAZGF_zJMkeWmvKdacV" performance="main" grossFee="-1291038986.03"
                 modifier="A" IPI="m3_59cYvA3_JN1nt" birthDate="2018-12-10"/>
            <Participant name="UoWk7oGg" role="remixer" IPDN="nI3i" performance="conductor" grossFee="1647054484.70" modifier="B"
                 IPI="jsP5qS..4JeVMVr" birthDate="2019-04-25Z"/>
            <Participant name="cjD.qaavpQR" role="arranger" IPDN="u0uUNBBeTfC.h19lZbR" performance="supporting" grossFee="-344033494.22"
                 modifier="B" IPI="marq-TC1N.ZNdRifE_3A_9L6" birthDate="2018-12-31Z"/>
            <Participant name="voW.faNqbFsR3zJQMjqPh2fkuEP" role="composer" IPDN="q66IPhdkAxS" performance="chorus master" grossFee="357581721.86"
                 modifier="B" IPI="jvCjcKpKM_njzbUU3qqKJDbLm-xRJ." birthDate="2019-01-27Z"/>
        </Participants>
        <Record title="hMSgdB" spins="1304487676" ISRC="8H3TIEK684E3" year="0006" producer="X9NrxxxAt682ktxGuBfi-iKN"
             label="mJto.Ec_7CTjR3z" recordNo="UD96zSwdxMRPbBMcZ" serialNumber="YEuz6HqNmXcIa9HzZBpazuGqt"
             isPremiere="false" usage="broadcast" ISWC="MNLp8PCwPLs9vDw5t" AKA="Nl71q" genre="commercial"
             broadcastedFrom="2018-08-24T11:21:16" broadcastedTo="2020-06-16T11:21:16" runtime="717617172"
             origin="commercial" alternativeTitle="fHZF0DLajegDY6ErBdWb" recordedFootage="1276000628">
            <Participants>
                <Participant name="aGVv3qhVOjUy0yYgHRAr-b9TeMUVfC" role="scriptwriter" IPDN="BNOcSCYuWNU" performance="main" grossFee="1116955461.95"
                     modifier="C" IPI="WHd9hX5JfSJfRfex5V_ANJH0bKb5l" birthDate="2019-06-18Z"/>
                <Participant name="KUWHyBJr8x" role="composer" IPDN="jAJtfsGz0B" performance="chorus master" grossFee="-200354197.64"
                     modifier="C" IPI="pXB1Ai5WT" birthDate="2019-12-04"/>
                <Participant name="Vsj0gZjNIjPPvv" role="arranger" IPDN="p3CLQK.B28X-tM2y7KVwfqxw" performance="chorus master" grossFee="2030569676.54"
                     modifier="C" IPI="Rnsq" birthDate="2020-06-10Z"/>
                <Participant name="z" role="sound engineer" IPDN="vfx6rBLiLOozKttO" performance="chorus master" grossFee="215542957.41"
                     modifier="B" IPI="y0RmXfq4ZOTBCzDFrik1U" birthDate="2019-08-22"/>
                <Participant name="pSYSHcM5fin7czN40RQ6" role="sound engineer" IPDN="M1" performance="main" grossFee="1287735199.72"
                     modifier="C" IPI="ZiLCrlnWf-5e" birthDate="2018-11-30"/>
                <Participant name="fFJIuVE1RxVDMJ1Pj1w4RTYXNxy6J" role="scriptwriter" IPDN="vPzrROY48E0.s36.T_5IBtG" performance="conductor"
                     grossFee="-892575486.33" modifier="B" IPI="KcTbCgC" birthDate="2018-08-14Z"/>
                <Participant name="flp4tPp" role="music director" IPDN="lVgMP" performance="soloist" grossFee="-546995431.37" modifier="C"
                     IPI="MIxwD5dUq" birthDate="2019-02-14Z"/>
                <Participant name="nJMNHuimbC6F" role="producer" IPDN="tJ8h3Gx7tasZTKvi7" performance="soloist" grossFee="484478060.46"
                     modifier="C" IPI="rV35tZ2TOe" birthDate="2020-06-13Z"/>
                <Participant name="h2m" role="sound engineer" IPDN="e1ZDpJ4E" performance="conductor" grossFee="-224942632.18" modifier="C"
                     IPI="ePskX" birthDate="2020-06-20"/>
                <Participant name="bTQdNKz5h4bvEG" role="scriptwriter" IPDN="SeQ0ZWpr-" performance="main" grossFee="-1786411971.24"
                     modifier="B" IPI="KHek2E_I945" birthDate="2019-04-09"/>
            </Participants>
        </Record>
        <Record title="jdFQW3tjLNrsNCjIj7mc4K_ryV" spins="1201582603" ISRC="Q3AE98TZ9491" year="3919" producer="zsVJDD6ElY0PGybcoxcyNn8VLLQI"
             label="U1RorEUgbAC" recordNo="HQi5ttP5GpzvUKLUr" serialNumber="G" isPremiere="true" usage="commercial"
             ISWC="z9XrjriTYuaqmK0Nm_ZIRd_Rb" AKA="VAGXpdE9Gla" genre="pop" broadcastedFrom="2018-08-30T11:21:16"
             broadcastedTo="2019-04-22T11:21:16Z" runtime="1097436507" origin="report" alternativeTitle="tgBgyHBxF_LK"
             recordedFootage="1977591921">
            <Participants>
                <Participant name="PbKuF0r" role="music director" IPDN="IgKLzhn" performance="supporting" grossFee="1028240330.15"
                     modifier="B" IPI="bL2OP_mNJfUW5WDAJQdPgB1tbHv" birthDate="2018-07-30Z"/>
                <Participant name="FbfuZqdy" role="arranger" IPDN="YFCzqwlK_xJOs17dOZQ0gO7c" performance="chorus master" grossFee="-228334757.55"
                     modifier="C" IPI="ESmM4rzU_cyNxMN9Y1s" birthDate="2020-01-18Z"/>
                <Participant name="n" role="subscriptwriter" IPDN="ORbhTuyfEXf3v6UWZihUE4BNDx" performance="main" grossFee="-1347453418.59"
                     modifier="A" IPI="Jvg8GP.yS6T6" birthDate="2020-01-18Z"/>
                <Participant name="MsvwjBdtyugHhKwptYU" role="remixer" IPDN="EkwPxqlCPxH" performance="soloist" grossFee="1380600256.07"
                     modifier="C" IPI="K64SZFD_BazBb4Kk" birthDate="2019-04-19"/>
                <Participant name="eLH" role="arranger" IPDN="MPRjf" performance="chorus master" grossFee="-1088207575.61" modifier="C"
                     IPI="TLrCOTHYU" birthDate="2018-08-03"/>
                <Participant name="iWWqzXsdB3me" role="sound engineer" IPDN="Ntj80gF4C6W" performance="supporting" grossFee="-331712226.53"
                     modifier="B" IPI="GfLoZDhs.-dixPdwUU8QErKhmuDPy" birthDate="2020-04-20"/>
                <Participant name="_BZW" role="producer" IPDN="lwv9H6Da4QDI6s2.Ot" performance="chorus master" grossFee="-104322421.89"
                     modifier="A" IPI="S.ZaU-w6_-am7fopn6oemD" birthDate="2018-11-27Z"/>
                <Participant name="bQmssSLAQGo4wkzkNJC-HFWmbT7WT8" role="music director" IPDN="AcxVj1-P" performance="main" grossFee="1933102972.25"
                     modifier="B" IPI="qdoC" birthDate="2020-03-19Z"/>
                <Participant name="XxF.nuUaiLViXU9b27IQYz_.gs" role="performer" IPDN="CLYUxB6Y9sX" performance="soloist" grossFee="892918146.54"
                     modifier="C" IPI="leqgOu" birthDate="2020-06-21"/>
                <Participant name="uLnE8Ce2" role="remixer" IPDN="x-" performance="main" grossFee="1639333431.40" modifier="B" IPI="p0ybhv"
                     birthDate="2019-12-22"/>
            </Participants>
        </Record>
        <Record title="jQMWLynSgRWgbAQ" spins="1470997032" ISRC="Q18DH0PN115N" year="6954" producer="ZY4D9Ve2mqX" label="A7TD.7ibcBM"
             recordNo="plF" serialNumber="t7j3SH6shE7FJqc64xHA9" isPremiere="true" usage="jingle" ISWC="gkU58qOzJja_"
             AKA="KDR3M3F" genre="commercial" broadcastedFrom="2019-07-05T11:21:16Z" broadcastedTo="2019-05-12T11:21:16Z"
             runtime="19518008" origin="free of charge" alternativeTitle="VLLl1aY3NouywzfhK1F7qt" recordedFootage="1029327518">
            <Participants>
                <Participant name="K43IK_v" role="sound engineer" IPDN="BJ_17ibZ8MXo" performance="main" grossFee="-269467053.47"
                     modifier="C" IPI="xpv7" birthDate="2020-02-07"/>
                <Participant name="qSCw7R0tB2aiRX6AbTy2pjLHfRyB" role="subscriptwriter" IPDN="i1TT8s7" performance="soloist" grossFee="1227436614.27"
                     modifier="B" IPI="rklzZz5h.TAP266YR-CkIE" birthDate="2018-11-19Z"/>
                <Participant name="sztTn-7YeVsaPDIYcjt" role="subscriptwriter" IPDN="jAVcj" performance="conductor" grossFee="980189605.79"
                     modifier="A" IPI="igFES_APudD" birthDate="2019-05-01Z"/>
                <Participant name="wod2mx5Om8ti6OlyPkdLL5ReVEmq" role="remixer" IPDN="w_zH5TZw_Bv9XNDj.iy7IX" performance="supporting"
                     grossFee="-1921374233.52" modifier="B" IPI="IiiafDFFw.nulzps6jFlK" birthDate="2020-07-02Z"/>
                <Participant name="gNE" role="subscriptwriter" IPDN="P" performance="soloist" grossFee="-57789064.79" modifier="C"
                     IPI="LmUUruh1Qi0" birthDate="2019-05-12Z"/>
                <Participant name="Dl49-K4YvoGxzZn" role="composer" IPDN="fIcyC" performance="chorus master" grossFee="1769143745.08"
                     modifier="C" IPI="BZkZadwX-" birthDate="2018-12-08"/>
                <Participant name="eP8mpWG6PwC.khpV" role="subscriptwriter" IPDN="E8emKV9hO" performance="chorus master" grossFee="908115040.41"
                     modifier="C" IPI="P4iycuh2wZyI5o0qVKJ2" birthDate="2019-05-04Z"/>
                <Participant name="fZyyc-kKoH3v7GjaHrE" role="scriptwriter" IPDN="FK6kqf7oXmMxbD20ajw4pv" performance="soloist" grossFee="417361752.04"
                     modifier="C" IPI="hSZyR" birthDate="2018-11-20"/>
                <Participant name="saDiees1r2f" role="performer" IPDN="gfYYIBJ" performance="conductor" grossFee="1596359842.30"
                     modifier="A" IPI="feviRz733KegV" birthDate="2019-04-07Z"/>
                <Participant name="mHE.wRXAWV5BCOFAO" role="producer" IPDN="xDeZzGSdgvCM1JIRy_L" performance="chorus master" grossFee="-2008855334.35"
                     modifier="B" IPI="xD62HbtFGgRnJ1hmE538" birthDate="2020-02-23Z"/>
            </Participants>
        </Record>
        <Record title="OqBhkHzH7CmVz-K9Y" spins="881868745" ISRC="0HPA5LL4X68T" year="6669" producer="y20FlNmp17tBCn"
             label="nEvsFk9.D1dkPoONFw" recordNo="YihfJ51Q.eHKVKyEC" serialNumber="XfGF" isPremiere="1"
             usage="commercial" ISWC="A" AKA="CC1.HpbHVwMos0qV" genre="commercial" broadcastedFrom="2019-10-26T11:21:16Z"
             broadcastedTo="2019-05-06T11:21:16Z" runtime="1250839822" origin="free of charge" alternativeTitle="Y"
             recordedFootage="1688963772">
            <Participants>
                <Participant name="S1sN_" role="scriptwriter" IPDN="Qt25uIN54T" performance="conductor" grossFee="-118149039.75"
                     modifier="A" IPI="o6IMejUXvxD5" birthDate="2019-05-25"/>
                <Participant name="my9q" role="arranger" IPDN="ytrHSFKuVEnTl_0Av44SmWP7" performance="main" grossFee="944679674.57"
                     modifier="A" IPI="poTUK.L" birthDate="2019-02-19Z"/>
                <Participant name="B0aQ57LHRj9" role="scriptwriter" IPDN="YCfEDslEq8M3B" performance="chorus master" grossFee="-1873888275.20"
                     modifier="A" IPI="C9xy5km6EVukNlyLSRG" birthDate="2019-01-02Z"/>
                <Participant name="cW5bbqQvM" role="scriptwriter" IPDN="i1-Okq_" performance="main" grossFee="163653052.04" modifier="A"
                     IPI="s62EmCRTdgw4kQ" birthDate="2020-06-28"/>
                <Participant name="cvA4Vrve0o_" role="performer" IPDN="_BWWH7aFHA2Xf1FfarXg" performance="conductor" grossFee="1434222561.25"
                     modifier="B" IPI="DKDV.qIVczwaOugSi" birthDate="2020-04-26Z"/>
                <Participant name="k8iJfa" role="composer" IPDN="Ma.Z7t1LVsd3DxIG61GairBnp" performance="supporting" grossFee="-1610149056.15"
                     modifier="A" IPI="Q-lVw-eSW48pd79pY" birthDate="2019-01-22"/>
                <Participant name="v" role="scriptwriter" IPDN="VXNJ8kt7_1Cp" performance="main" grossFee="2136027333.36" modifier="B"
                     IPI="zwadgIuxRXTMSa8w" birthDate="2020-06-06Z"/>
                <Participant name="ughgHdyGs.xiwM.-ub" role="scriptwriter" IPDN="KI" performance="conductor" grossFee="-1782214750.44"
                     modifier="C" IPI="G7jwczXlaVA.BSPDhqqlpRcfcFuz9" birthDate="2019-04-19Z"/>
                <Participant name="V" role="sound engineer" IPDN="jjnRmN" performance="soloist" grossFee="2142798960.98" modifier="C"
                     IPI="H" birthDate="2019-08-01Z"/>
                <Participant name="L6G_.OlZqG7IrMSX2" role="sound engineer" IPDN="qpoDP3PtGe2RLD5uWjYSaBYfHjW7QJ" performance="main"
                     grossFee="-1851383688.00" modifier="A" IPI="IM.X7Gus" birthDate="2018-07-31Z"/>
            </Participants>
        </Record>
        <Record title="u.-p6gbodHM6T_T8zYz3ChxR" spins="1107016385" ISRC="5RMT0605Y186" year="7464" producer="L6CtiugMa"
             label="A0iYJ2p" recordNo="nlrPlgr7gF_uXh" serialNumber="upL4wVIaBDkCqY8_lXMc3p" isPremiere="false"
             usage="broadcast" ISWC="AcyiJrT3ABub3w2MPpU88aktjG0ify" AKA="rv" genre="pop" broadcastedFrom="2019-08-04T11:21:16"
             broadcastedTo="2020-03-28T11:21:16" runtime="1691832025" origin="free usage" alternativeTitle="VDz-jGggAH4cmNgq1TU1n2qD"
             recordedFootage="1646270898">
            <Participants>
                <Participant name="jAMWIWvFrHHrEvkBnIBWPFXE5KcY60" role="composer" IPDN="YCG_8g" performance="chorus master" grossFee="-477339001.17"
                     modifier="A" IPI="V8k" birthDate="2019-08-19"/>
                <Participant name="dkJqNRVP" role="subscriptwriter" IPDN="aa" performance="chorus master" grossFee="-2103449383.43"
                     modifier="B" IPI="CuIADPC9ysM9saNpiZbeCb" birthDate="2019-01-15Z"/>
                <Participant name="hQb-T-E" role="remixer" IPDN="OLO.sn1UK-2mIY4Dr_-2j" performance="chorus master" grossFee="1912464553.94"
                     modifier="C" IPI="bkTm" birthDate="2020-05-03Z"/>
                <Participant name="JLYmshZcWsJ2T" role="subscriptwriter" IPDN="v15CTO3h" performance="main" grossFee="-1387812594.93"
                     modifier="C" IPI="qo.uwV1LEAbYYsA0-aaZgeTK" birthDate="2018-08-28Z"/>
                <Participant name="YQFDJzYPd9mA1Nd3J7O5oM" role="sound engineer" IPDN="ryiGZGbXZAhSGzgYkP.9ET-" performance="conductor"
                     grossFee="-1772989704.57" modifier="C" IPI="KflAVJdxJK-XIt" birthDate="2019-11-04Z"/>
                <Participant name="M.XuSCXWIxU" role="music director" IPDN="uNZLjSZ7uQ" performance="conductor" grossFee="117298485.32"
                     modifier="B" IPI="oZDW-6YxA-DeGgKQN.X.B0X-YoB" birthDate="2018-11-08"/>
                <Participant name="oFU33kxUiF7UqL5Z7DNfqvNhDFpYT6" role="remixer" IPDN="hjw_a" performance="soloist" grossFee="-1186342592.21"
                     modifier="C" IPI="IW" birthDate="2018-08-03"/>
                <Participant name="s5es" role="arranger" IPDN="IJKgOXF71QNwBPO" performance="soloist" grossFee="1353506933.60" modifier="B"
                     IPI="NNOLBgu629TmCT" birthDate="2020-01-27Z"/>
                <Participant name="OUnKuL2GAT5c8IPySYu-Z" role="scriptwriter" IPDN="wxlCnUTnBYrHSh8DvU" performance="chorus master"
                     grossFee="-264503033.01" modifier="B" IPI="ljX" birthDate="2019-12-30Z"/>
                <Participant name="UcEgxBmUoj" role="scriptwriter" IPDN="_U-cM" performance="soloist" grossFee="-259280425.13" modifier="A"
                     IPI="iRK.supCyJE" birthDate="2018-10-20"/>
            </Participants>
        </Record>
        <Record title="Yvny41Me" spins="1675197516" ISRC="LL59YUM10S51" year="0082" producer="pTD2hfcbQRIcU" label="jARRXRBe55pu8CMN"
             recordNo="njZ9tdI_lEIxD1" serialNumber="qFSWl0xtDH9ucplLG2_L" isPremiere="1" usage="broadcast"
             ISWC="vku-zYmUyqT" AKA="IHHoP1mJiH7fdbI" genre="spoken word" broadcastedFrom="2019-06-13T11:21:16Z"
             broadcastedTo="2020-03-18T11:21:16Z" runtime="1078992552" origin="self" alternativeTitle="UyLbRUjJBE26-fDs5GjcNeR"
             recordedFootage="790817828">
            <Participants>
                <Participant name="psDJZLuc8DxZcxIJWxCsYv" role="composer" IPDN="h3GyM6mRovrQV-VQfOWDjC1v" performance="supporting"
                     grossFee="-849387785.46" modifier="B" IPI="Haz34z8t4J9ynp" birthDate="2019-07-19"/>
                <Participant name="ysO6GiVNfC" role="remixer" IPDN="w2hM7" performance="soloist" grossFee="-60862722.17" modifier="B"
                     IPI="hgOSpTmPRKt6XOIyF-8hmTOrmY" birthDate="2020-02-03Z"/>
                <Participant name="hDv" role="composer" IPDN="WT03yOXOCptZCRweFDM" performance="main" grossFee="-1099957077.47" modifier="C"
                     IPI="qj39F9JI3a51h-flzk7q-WGCqinGm" birthDate="2019-08-12"/>
                <Participant name="xbZ6" role="scriptwriter" IPDN="U70Pudgyxw" performance="soloist" grossFee="-338535277.69" modifier="C"
                     IPI="WUz6D2bgJI7hJwkTkLXbC-Uv-.WF" birthDate="2018-07-16"/>
                <Participant name="OvJB6ZU-72hZFSpiD8WftMP" role="arranger" IPDN="Ko8QcmIjV4" performance="chorus master" grossFee="-91513497.66"
                     modifier="A" IPI="OHGOzbi_FY5J" birthDate="2019-06-06"/>
                <Participant name="cLhH.MbcKNxF9feR6RJ" role="performer" IPDN="PO_fXgG" performance="conductor" grossFee="2046169957.50"
                     modifier="A" IPI="T89MK4YBjSHzPhqzZM" birthDate="2018-11-23Z"/>
                <Participant name="qNCtJUEzcNXnN9KN_Rysszk" role="music director" IPDN="FM6rRb.GO9VCy" performance="supporting" grossFee="-1403867569.05"
                     modifier="A" IPI="DNQO_" birthDate="2019-03-10Z"/>
                <Participant name="t1z" role="producer" IPDN="SzKbekRhAYg4Gr5SLy" performance="supporting" grossFee="1167494978.89"
                     modifier="C" IPI="GXrEg3zNNQ.WD26f3fHuOJTI" birthDate="2020-06-12"/>
                <Participant name="jUtXv0yNQDYZY_IClVY.LqH" role="arranger" IPDN="GyGP7IJYur3iYVE5CWmJl" performance="supporting"
                     grossFee="-1199542876.03" modifier="A" IPI="u4KTRb89bTk-dm8iDI.FUgIMXIl2H" birthDate="2018-07-27"/>
                <Participant name="ojOxFl_dQ4h.rRykFcP-3sb2eP" role="music director" IPDN="_BnGOAn.psj_0XL" performance="supporting"
                     grossFee="1092858813.46" modifier="B" IPI="bBlJkHN" birthDate="2020-01-11"/>
            </Participants>
        </Record>
        <Record title="k3IhfN" spins="1903260512" ISRC="ZQ607T27OA2R" year="5963" producer="LIaAUgDtiI0Kmdhh_a" label="m2AAy"
             recordNo="YvRuKSPf94wSNIV7xGXUl9bn9zzv" serialNumber="N_" isPremiere="1" usage="jingle"
             ISWC="VEzrOBg6C3B8" AKA="ga9ZUvSjdYWvB2H3mz" genre="composed" broadcastedFrom="2019-03-29T11:21:16"
             broadcastedTo="2020-03-22T11:21:16Z" runtime="1821300418" origin="free of charge" alternativeTitle="GhEJDc9f6r7TV8zRSUduRLRrr"
             recordedFootage="1201559210">
            <Participants>
                <Participant name="Yy0J-1yI.r4qNsL19_pU7SrSIIB" role="subscriptwriter" IPDN="llNM_ewDqKa" performance="soloist" grossFee="-866887790.18"
                     modifier="A" IPI="m63KctO25lca_Tb" birthDate="2019-08-03Z"/>
                <Participant name="fZzv1WuqfZuNTW.CpyWNyIrtuHxpT" role="sound engineer" IPDN="XLLKIPk34nsVbP62AE.31e" performance="soloist"
                     grossFee="-442028220.50" modifier="B" IPI="fe1y08-EVnxlgUGWl." birthDate="2020-04-17"/>
                <Participant name="atzrPwuGIFV5Gs17iu9fjnFkmZOjJ" role="composer" IPDN="TPW84hI" performance="chorus master" grossFee="-316550518.68"
                     modifier="B" IPI="DH" birthDate="2018-12-27Z"/>
                <Participant name="sVnY7sY" role="sound engineer" IPDN="e2irmV04_rWEpSKttmxIF0k8eHQJ" performance="conductor" grossFee="-65441946.99"
                     modifier="C" IPI="caafJcm2AyFzP6jdar-qwKh" birthDate="2019-06-27"/>
                <Participant name="jY1" role="performer" IPDN="PMmFRl0m0I_1Q.enu1cL" performance="chorus master" grossFee="-348560002.25"
                     modifier="B" IPI="N-" birthDate="2018-08-19Z"/>
                <Participant name="nmQlnpuvHibMU6i2BMI1" role="music director" IPDN="U" performance="soloist" grossFee="1685839624.22"
                     modifier="A" IPI="a" birthDate="2019-10-20"/>
                <Participant name="Qy2a84iLu4HPMwlD4WfsKo" role="arranger" IPDN="KqeXd.1JX" performance="soloist" grossFee="1098446869.96"
                     modifier="B" IPI="sPb" birthDate="2018-12-16"/>
                <Participant name="PHisU0r9yqHEC3y94a_6" role="remixer" IPDN="ulc" performance="supporting" grossFee="1059148253.91"
                     modifier="C" IPI="igy_L18rS8FCcl09LR" birthDate="2018-09-14Z"/>
                <Participant name="ARO9tK" role="sound engineer" IPDN="b5J0F1RiD9r_FP" performance="supporting" grossFee="-2032741865.38"
                     modifier="C" IPI="FRp-PWLcFZZZE90z3d" birthDate="2019-08-13Z"/>
                <Participant name="s1-wi_m" role="producer" IPDN="uEw-" performance="main" grossFee="1280412555.80" modifier="C"
                     IPI="WQ5olBYJavDiQr1kb2EBJaae" birthDate="2018-09-27Z"/>
            </Participants>
        </Record>
        <Record title="oProRFsV" spins="829527880" ISRC="2FD7QGZ9QMO5" year="8062" producer="uHBxAripAAau_Iun8kTe9"
             label="qzVFUFTRyREjas" recordNo="wi" serialNumber="_7gng1K.P" isPremiere="true" usage="jingle"
             ISWC="Hp" AKA="ceP.lyu5gnnN" genre="composed" broadcastedFrom="2019-01-30T11:21:16Z" broadcastedTo="2018-12-12T11:21:16"
             runtime="94919008" origin="commercial" alternativeTitle="rsTFHhwYdD4y8mOqRdZPRH8FjfPhg"
             recordedFootage="1147118823">
            <Participants>
                <Participant name="K" role="composer" IPDN="RyCrT" performance="chorus master" grossFee="1480082654.75" modifier="A"
                     IPI="O" birthDate="2018-08-12"/>
                <Participant name="WCOg_meZbBe0nHFH" role="arranger" IPDN="If6hN4vK5JMq8P4.Sqx1dB" performance="soloist" grossFee="-591448955.81"
                     modifier="B" IPI="Pbs8" birthDate="2018-07-31"/>
                <Participant name="dTu7r3dASa" role="music director" IPDN="KzK7CfIk_l1q8bcfOrBFro" performance="conductor" grossFee="1963911224.76"
                     modifier="B" IPI="kn" birthDate="2019-05-02"/>
                <Participant name="LA6G_CBKF-vzyrmUkwrMn6NN" role="subscriptwriter" IPDN="t7Y" performance="main" grossFee="1070509936.00"
                     modifier="C" IPI="HmrMdG" birthDate="2020-02-22Z"/>
                <Participant name="PL1zQahAC8BYR" role="composer" IPDN="BplU" performance="soloist" grossFee="-2067039075.49" modifier="B"
                     IPI="BAbny8Ch" birthDate="2019-02-12Z"/>
                <Participant name="SDhNNmAw01eO" role="producer" IPDN="p" performance="supporting" grossFee="1991778340.23" modifier="C"
                     IPI="kgr9dODjacW8C4bTcPJT." birthDate="2018-10-05Z"/>
                <Participant name="a0oa7I0ZU46EtZt2nUzzRFkzA5o" role="subscriptwriter" IPDN="oQBho5Ra5Xyf" performance="soloist"
                     grossFee="-1019843021.71" modifier="B" IPI="ly1FuxeVEz1Qwc5cFdY5DkkNwGQY8" birthDate="2019-03-07"/>
                <Participant name="T4LkMStKUPiMZ0u" role="performer" IPDN="oFF6bcsdCy" performance="supporting" grossFee="-1201210751.32"
                     modifier="B" IPI="wHYJOIbP.6u9a4vwHvFo7" birthDate="2019-02-14"/>
                <Participant name="ftsd_BCC7Wlr" role="producer" IPDN="XPnVU1" performance="soloist" grossFee="-1371487515.24" modifier="B"
                     IPI="Qqh8jhJvcm1t0Eh" birthDate="2018-11-22Z"/>
                <Participant name="YY8qTOGGiaka0DZNKBfPbzl.NXYvoM" role="remixer" IPDN="Ix36TpxtGWo8W" performance="soloist" grossFee="-736489155.92"
                     modifier="B" IPI="dUm0lh7vmV6IQD_O0w6x-X" birthDate="2020-06-24Z"/>
            </Participants>
        </Record>
        <Record title="uutLei8ywOVad8p7j2M9yF0oq1" spins="1828743158" ISRC="8W20QIX3181B" year="5644" producer="vOrJXAyKC-ZJ1fc8aIrV."
             label="ghkYq25DK" recordNo="geh0NDybSbV" serialNumber="oF4LVthBExwcRj9J2STJALPnA" isPremiere="true"
             usage="commercial" ISWC="PZWB1icpi0mFN4Wz4jJ3nKC" AKA="GFLtwDFU5T" genre="classical" broadcastedFrom="2019-01-17T11:21:16Z"
             broadcastedTo="2020-04-09T11:21:16" runtime="1070443663" origin="commercial" alternativeTitle="kIMWi_-RJU"
             recordedFootage="773444954">
            <Participants>
                <Participant name="y7MDmyB1wCriz" role="music director" IPDN="FgnBdJMGIlKWOzWkGWqZ4" performance="supporting" grossFee="-1231111155.57"
                     modifier="B" IPI="k" birthDate="2018-09-21"/>
                <Participant name="NLRL-s4ZWzzJbeWJE" role="composer" IPDN="KvLy7.biHObm6u6OR0" performance="conductor" grossFee="-1521286892.84"
                     modifier="B" IPI="iA0khRkqguGqb-FVe5YOBlo_mnep" birthDate="2018-12-15Z"/>
                <Participant name="LkXzP" role="composer" IPDN="t" performance="chorus master" grossFee="-949421356.79" modifier="A"
                     IPI="Mm-3bO" birthDate="2020-01-24"/>
                <Participant name="Uz7mudHA84aXNerl9z" role="sound engineer" IPDN="hVO.aBE6D" performance="main" grossFee="-2115150773.55"
                     modifier="C" IPI="sFV.uEVHXfVF8U" birthDate="2019-07-16Z"/>
                <Participant name="OFtNKC33vk" role="subscriptwriter" IPDN="oSdd55a3jvMdBhyKuc2k8trx5" performance="soloist" grossFee="866553234.74"
                     modifier="C" IPI="f.AlF" birthDate="2019-03-03"/>
                <Participant name="p2bSzO1RupaBNcWgC4X4Tezo1Svtj8" role="arranger" IPDN="snAWTYGJHq8RDLqVvLzWy.sWyZW" performance="main"
                     grossFee="-1155307222.68" modifier="A" IPI="hyOefVOn3toAVbFclYycz" birthDate="2020-06-22Z"/>
                <Participant name="h1ZVgt4vjpWWFtivTt01UF" role="composer" IPDN="R7MWN" performance="supporting" grossFee="905236269.94"
                     modifier="A" IPI="IjE" birthDate="2020-03-14Z"/>
                <Participant name="MM9C-RATXPmpPKha0d6WMk-Isy3pe" role="sound engineer" IPDN="jjd9uA0uD69lQotu4nEyB-j4w" performance="chorus master"
                     grossFee="1101314766.91" modifier="A" IPI="xPTX4.iusr0RBHFaz3K7ugsg0qR" birthDate="2019-01-13Z"/>
                <Participant name="pdNPc2cGtiuDTuycU5mCjxG" role="scriptwriter" IPDN="Pl18Og" performance="chorus master" grossFee="1223966719.20"
                     modifier="A" IPI="L2-ZhhE0EbwRM1aLGaLi9r9" birthDate="2020-02-11"/>
                <Participant name="L" role="scriptwriter" IPDN="HvQEScUoMA" performance="supporting" grossFee="-707884834.92" modifier="B"
                     IPI="lPlJtPp5WQf9BYJ9I8Cen" birthDate="2019-12-29Z"/>
            </Participants>
        </Record>
        <Record title="xWcSl8QG" spins="1233948344" ISRC="IWD7UD8IHLU6" year="7457" producer="PAQt" label="xe" recordNo="CnK9B"
             serialNumber="wPYo" isPremiere="true" usage="broadcast" ISWC="SLlyHTuYvnmrdH2O" AKA="F9RdG8WLXzKck8uh6"
             genre="classical" broadcastedFrom="2019-03-01T11:21:16" broadcastedTo="2018-07-28T11:21:16Z"
             runtime="1773914081" origin="commercial" alternativeTitle="rsnFQjg.c4Md" recordedFootage="390162856">
            <Participants>
                <Participant name="eAKUQ5pIXCFIyT5mIR.tIwXT" role="music director" IPDN="GLOc2Qhsq7Jh" performance="main" grossFee="1305685491.87"
                     modifier="A" IPI="hyyNaWOl79O__TkN" birthDate="2020-01-18Z"/>
                <Participant name="Fnq" role="remixer" IPDN="f5bD62" performance="conductor" grossFee="403397865.97" modifier="A"
                     IPI="b_iRdqETJx1IO6S4f4VD7" birthDate="2020-02-14"/>
                <Participant name="QXwpzd.vAFD.-.GL" role="producer" IPDN="eTfA6X4ccG" performance="main" grossFee="-702825790.74"
                     modifier="A" IPI="xsEefnkhknAorOBrqlz4708_-hl00" birthDate="2019-08-12"/>
                <Participant name="ESgP" role="composer" IPDN="C8WMS85VX" performance="chorus master" grossFee="46005547.83" modifier="B"
                     IPI="Fab62iWy_FET5wVieB49LcRrzAdu" birthDate="2019-01-20Z"/>
                <Participant name="P3gh6DFIeqAWQB_-8T9i_72z" role="subscriptwriter" IPDN="XA" performance="main" grossFee="-1971480410.63"
                     modifier="B" IPI="eC0HaRdgrtOocR7LYQHSJR" birthDate="2018-11-26"/>
                <Participant name="RUBeOpX" role="composer" IPDN="c4x8j" performance="supporting" grossFee="1784033427.48" modifier="A"
                     IPI="NE.q" birthDate="2018-10-09"/>
                <Participant name="bYKp4Xa.Iw8ZT5Vc7e" role="subscriptwriter" IPDN="Rl-DVJCr.O" performance="supporting" grossFee="1273901374.22"
                     modifier="B" IPI="h" birthDate="2019-01-14Z"/>
                <Participant name="tJjdKX8AvG5" role="composer" IPDN="UKai.ZSk9dgR" performance="conductor" grossFee="-1325357154.79"
                     modifier="B" IPI="yEJ_oIaPPR" birthDate="2020-06-06"/>
                <Participant name="MH52X9po" role="remixer" IPDN="I1GpwTTQgKOuDeXTZTP2Pe6v7" performance="supporting" grossFee="1135404133.81"
                     modifier="A" IPI="EVnVdlQwQBPxRoCT" birthDate="2020-03-01Z"/>
                <Participant name="rOaYWrlOWjFl-hGCY" role="composer" IPDN="bBw1hZbYEnP87" performance="chorus master" grossFee="2028127521.75"
                     modifier="C" IPI="jb1rSqW-CrO" birthDate="2019-03-19Z"/>
            </Participants>
        </Record>
    </Record>
    <Record title="VXTy0bY8" spins="205362926" ISRC="95YK3IJ2U1WG" year="1717" producer="MoRNgpKSaRbC9PCi0yuf8BWb80R"
         label="KKtK8o2pYX.3.SgwgCUCublTgpg0dj" recordNo="CI2jK51H3TlrpTCBTm3vZcS3" serialNumber="B5D33BrOVw"
         isPremiere="true" usage="broadcast" ISWC="R9e2A-hjsdOARQnU3QIB-Ezg" AKA="e" genre="spoken word"
         broadcastedFrom="2019-03-26T11:21:16" broadcastedTo="2020-06-27T11:21:16Z" runtime="1385805864"
         origin="live stream" alternativeTitle="wXaCgTTUQXBDwrRvFn" recordedFootage="427643651">
        <Participants>
            <Participant name="F7KSddNkv_YrKGN6LKGO" role="sound engineer" IPDN="ryO.cyIVR" performance="supporting" grossFee="-1883585308.91"
                 modifier="A" IPI="KpPl4T_n9Rrt" birthDate="2020-05-30"/>
            <Participant name="L" role="scriptwriter" IPDN="t-k.Tjtn.evoNlWiQgb" performance="supporting" grossFee="-648025970.65"
                 modifier="A" IPI="OHUlQ1VSvtaYsDD" birthDate="2020-02-15Z"/>
            <Participant name="vN.RC0aarf" role="scriptwriter" IPDN="MBROeI5rrLUq" performance="soloist" grossFee="-1389091141.65"
                 modifier="C" IPI="upWTlLLzfra9QhzXi5XCa" birthDate="2020-05-14"/>
            <Participant name="oTZ" role="subscriptwriter" IPDN="diCpH8KEZBNdE5mT3hG_UY" performance="main" grossFee="-1310869094.20"
                 modifier="A" IPI="bR7n7s2zw0SHscuSFWepmH" birthDate="2020-06-19Z"/>
            <Participant name="T33Vqvn5" role="arranger" IPDN="f" performance="supporting" grossFee="-1108526494.28" modifier="C"
                 IPI="RFkGnu8jaVR12QD1hbgxb02Hp-miP" birthDate="2019-08-25Z"/>
            <Participant name="hxKobPxke2oCvX.7iHB.mP" role="remixer" IPDN="rn" performance="supporting" grossFee="1976586237.89"
                 modifier="B" IPI="JwptSrW5Bl4ax" birthDate="2020-02-29Z"/>
            <Participant name="KvJA14KTUcWBjP93j.XFzGCGW0" role="scriptwriter" IPDN="P7KN38bsSNdAu1UXTli3Vh8K" performance="soloist"
                 grossFee="-738397725.73" modifier="C" IPI="ZwpABP" birthDate="2019-01-20"/>
            <Participant name="y-cmEZgn4BijWxq" role="music director" IPDN="SKcRsE3bnzWV3dfd1W0KV" performance="conductor" grossFee="2002851187.99"
                 modifier="C" IPI="M.NfDVru" birthDate="2019-11-15"/>
            <Participant name="IHFHioe0ITlLhA9" role="music director" IPDN="YQoJQy_9Im" performance="soloist" grossFee="-947881040.05"
                 modifier="C" IPI="bHdFEx4W0vRB9FYQn" birthDate="2020-02-16Z"/>
            <Participant name="ExxaEEshDgWy0cn" role="sound engineer" IPDN="aZlqYl" performance="soloist" grossFee="-641278590.14"
                 modifier="B" IPI="rR7" birthDate="2020-03-16"/>
        </Participants>
        <Record title="zehL6Q83c0_23v0kvU6t" spins="1510953000" ISRC="9F8GQE1P277Q" year="7357" producer="VrV_QE.HMJ-kIR"
             label="bt0qDBa" recordNo="FI.Sy5a1HzN9bp_zI_hoBlN920lSX" serialNumber="fijOPw-" isPremiere="0"
             usage="jingle" ISWC="dYhoAOzKmm" AKA="gSSJ13l8cVUF8q" genre="classical" broadcastedFrom="2019-09-03T11:21:16Z"
             broadcastedTo="2019-08-20T11:21:16Z" runtime="525264342" origin="commerce" alternativeTitle="lOl6nseqCFJu-KMkbqY7zpv"
             recordedFootage="179865085">
            <Participants>
                <Participant name="vW9tQ7pyRWXS-A-RqMZ6j9bIy" role="arranger" IPDN="K4kwXrEem2MX6wj6OEuUGCk64" performance="main"
                     grossFee="-1006450264.09" modifier="C" IPI="kCH6uWCSXPL8" birthDate="2020-04-18"/>
                <Participant name="jp4WKu6" role="subscriptwriter" IPDN="Cc2UxJlTG6KBmiM_nu-NdxXu4e" performance="main" grossFee="-1233898078.35"
                     modifier="B" IPI="gyiz2eknO" birthDate="2018-11-10"/>
                <Participant name="c_-la98dp" role="remixer" IPDN="T-wpatjV3eTSR9KeR" performance="conductor" grossFee="-1085970897.14"
                     modifier="C" IPI="UC25W.UZr3" birthDate="2020-01-31Z"/>
                <Participant name="k2sUheZKU2UG2aA0KzwH7003CX-Dn1" role="arranger" IPDN="IaH.t2rmi9Cq" performance="supporting" grossFee="-473998661.23"
                     modifier="C" IPI="Y.5BZ309XIQ9DseMx61" birthDate="2019-02-14"/>
                <Participant name="h1lQlJ1" role="composer" IPDN="xK" performance="main" grossFee="-1358273816.59" modifier="C" IPI="DoBcHo7.wt7qY336LwB"
                     birthDate="2020-01-28"/>
                <Participant name="Y5c67Tj_5HasAasxwwhWajmJ695Gm" role="arranger" IPDN="F3.xdjEx." performance="supporting" grossFee="-1433417601.76"
                     modifier="C" IPI="yK-faoL7hxjBRe" birthDate="2019-07-25Z"/>
                <Participant name="WXNvFZ2BzcsSC" role="producer" IPDN="DbA" performance="supporting" grossFee="-1134301311.45" modifier="C"
                     IPI="I8mKe.v46PpDqTH-kWTxmCa8Uf" birthDate="2018-11-23"/>
                <Participant name="Y6jb7EE6lF2" role="remixer" IPDN="xAQ228et7226Hzfo9sbs" performance="supporting" grossFee="-724621788.35"
                     modifier="B" IPI="VwtXn36pgr1PGj" birthDate="2019-08-10"/>
                <Participant name="nLztDu5_v8k8kHXN" role="arranger" IPDN="eOvZVnfF6aV4jJpglDB" performance="conductor" grossFee="-524672401.83"
                     modifier="A" IPI="XMbjX4H2J" birthDate="2018-10-07"/>
                <Participant name="p" role="composer" IPDN="ldN9xm6ifLXzsc69Ol9" performance="chorus master" grossFee="-1817130923.47"
                     modifier="B" IPI="WxQcjWSow6MQ.mp68VVudtN0cm" birthDate="2020-03-13Z"/>
            </Participants>
        </Record>
        <Record title="FgAag2XO" spins="704170448" ISRC="LJNEQ3F1H409" year="7557" producer="w654u" label="ViH4oMoxv7i0cwV55Kc-Q"
             recordNo="w8M6VVFkQDiWSZz1xz" serialNumber="yY9sfJNXyv_gnIbnBTrosF" isPremiere="0" usage="jingle"
             ISWC="tWRx_Z-Lc5n-HC9O" AKA="Ae1NyuwMV__6f8Rdfoq_3Lj2rCdkp" genre="spoken word" broadcastedFrom="2020-01-30T11:21:16Z"
             broadcastedTo="2020-06-29T11:21:16Z" runtime="1875430907" origin="commercial" alternativeTitle="k_ClqGkLmO9nLVIsqXB5MC0c"
             recordedFootage="1515250000">
            <Participants>
                <Participant name="hf_z4" role="subscriptwriter" IPDN="r6uN" performance="soloist" grossFee="-883813557.48" modifier="C"
                     IPI="ciYlbU.j2wW3MXg.iUD8LrA-Q" birthDate="2019-05-13"/>
                <Participant name="WpdbfWoOTpTzyTU" role="producer" IPDN="vl8ivUc6Cm.KV" performance="conductor" grossFee="642180277.50"
                     modifier="B" IPI="P_rS" birthDate="2019-07-12"/>
                <Participant name="HlhfNc." role="performer" IPDN="TI2anfb" performance="chorus master" grossFee="-1259569734.46"
                     modifier="C" IPI="RyXRuVN545U" birthDate="2019-06-04"/>
                <Participant name="d4d8R8XarqKFdeyrQfI" role="music director" IPDN="kA4PP" performance="chorus master" grossFee="-1652090310.48"
                     modifier="B" IPI="XZ496_41YcDGo" birthDate="2019-08-05Z"/>
                <Participant name="InjZ7eg" role="composer" IPDN="eyJ8SoA" performance="main" grossFee="89376321.38" modifier="C"
                     IPI="Rix-3f0oedI1ReUfVkFRnwRouaBp" birthDate="2019-12-30"/>
                <Participant name="tVz8Sxc52hb0DyamKHtZ" role="remixer" IPDN="srtS" performance="supporting" grossFee="745364907.55"
                     modifier="C" IPI="dTXGzVi-OQy_GcmfIbzB_g5" birthDate="2018-09-13"/>
                <Participant name="i7Pa6FsISgrv1Rkdsv" role="music director" IPDN="sZC9FVN" performance="soloist" grossFee="-1860632217.35"
                     modifier="B" IPI="ZfGS.-" birthDate="2019-10-28Z"/>
                <Participant name="E" role="music director" IPDN="v03gR6ZVgvaWfWTKNA6-mbhO" performance="chorus master" grossFee="64803398.42"
                     modifier="B" IPI="n2_Ccm-tMI67iDEde" birthDate="2020-02-24Z"/>
                <Participant name="RBk_WB6SU4egq-.7.Sqz26uv0nWF" role="arranger" IPDN="chlTXrmqfW.BNqUExUfzau-mPn" performance="soloist"
                     grossFee="-1735105247.86" modifier="C" IPI="QrJ_60oLJR4u.TEisV" birthDate="2019-03-16Z"/>
                <Participant name="he7fPRrTQCQo7" role="performer" IPDN="I1Q5u.jN5IryGfQC2AmgTKfWVR6S" performance="soloist" grossFee="695876589.09"
                     modifier="A" IPI="HJ-o5ShXxLdFCI6epA0qbRnbN" birthDate="2019-08-06"/>
            </Participants>
        </Record>
        <Record title="FXFxWl2xLnreMhGSDrBJ" spins="411747556" ISRC="8A8TS8YCE09I" year="0741" producer="VGB7d4RxQYp8LnjHOlOe986BptR"
             label="Vz7k4.g0_BmWBaNQL0Sb" recordNo="_elyD83whS2" serialNumber="WweCcPTJCEPYos3IxX" isPremiere="1"
             usage="commercial" ISWC="r" AKA="nWDRii_akMpZ6mdiwU" genre="pop" broadcastedFrom="2019-02-04T11:21:16Z"
             broadcastedTo="2019-02-12T11:21:16" runtime="923179855" origin="self" alternativeTitle="OVWkGcIlmgev"
             recordedFootage="1068819463">
            <Participants>
                <Participant name="rRCyvqSCrYSJBgQexP9sfI7I" role="remixer" IPDN="OGflfnvt8Y.p484OPTy2tRE_OqeI" performance="conductor"
                     grossFee="594084377.96" modifier="C" IPI="A9GYcH0navJP85wNDmF7eKDYjmF" birthDate="2020-03-22"/>
                <Participant name="y" role="performer" IPDN="u1ymygMRuHtCx" performance="conductor" grossFee="-17931394.42" modifier="B"
                     IPI="CAxHTO3aBxhHSYXZ" birthDate="2020-05-04"/>
                <Participant name="T9TgaUdEgRf8jVIsvhg" role="scriptwriter" IPDN="tuyN3OVm.k_AWV33Sfc" performance="chorus master"
                     grossFee="-439840343.15" modifier="B" IPI="yk0XlbN_nfb31JJc17l9-" birthDate="2019-10-04"/>
                <Participant name="UGsjh6Pkd1Bt9VvjhuXI4OZof5q_" role="subscriptwriter" IPDN="B8DUMs" performance="chorus master"
                     grossFee="-762498875.33" modifier="C" IPI="XmyOupStHdnsW" birthDate="2019-05-01"/>
                <Participant name="RJbk" role="scriptwriter" IPDN="XSob8RaMaUE" performance="supporting" grossFee="-653442503.20"
                     modifier="B" IPI="Sex" birthDate="2019-11-04Z"/>
                <Participant name="rzlDWBCm2e" role="producer" IPDN="dcRj4eSMV8clWhilBM4EOg" performance="chorus master" grossFee="-1051750812.18"
                     modifier="B" IPI="B3iI" birthDate="2019-10-24Z"/>
                <Participant name="tPFDD5DTj" role="producer" IPDN="HkcUmd9c3rKgJS" performance="main" grossFee="-113655400.31" modifier="B"
                     IPI="cM-vZWXKEJdjMEiu5RcZ48" birthDate="2019-08-27Z"/>
                <Participant name="Yso-td" role="music director" IPDN="_9XqbwF0t220cJWo5TR8c3" performance="conductor" grossFee="290742611.89"
                     modifier="C" IPI="Kg41HWSpGAijTq.V" birthDate="2020-02-25"/>
                <Participant name="MJiWElTBe781ztBAzntXKcviLdU" role="remixer" IPDN="e9VvMfbZEBkIrxbrN86pQg.xlp" performance="soloist"
                     grossFee="1711782329.04" modifier="A" IPI="RIMLGvBm" birthDate="2020-05-14"/>
                <Participant name="XW5KIMSRgEptLHn4tq1rd-py5" role="arranger" IPDN="g8uOC.MOu-OZdHvoDn5n_c" performance="main" grossFee="-812301440.69"
                     modifier="C" IPI="b4HJpYrbE8p" birthDate="2019-06-30"/>
            </Participants>
        </Record>
        <Record title="Kd2SWqzewwM_yTAL" spins="1047323292" ISRC="57MV8R1ZP450" year="4496" producer="Vz2DNOrTzerje7ICm6zenk"
             label="CYuvKl0r0OPY" recordNo="Z0RQCCtlsY8iLWgmA" serialNumber="aSc" isPremiere="1" usage="jingle"
             ISWC="ck3GtCeY-Qwejtv9_S_CGVapu" AKA="wCyO43aMPZfyD-CxjIE3-VFOStV" genre="classical" broadcastedFrom="2018-08-21T11:21:16"
             broadcastedTo="2019-07-24T11:21:16Z" runtime="955820447" origin="free of charge" alternativeTitle="V8DpaapJF4NHCy"
             recordedFootage="526411199">
            <Participants>
                <Participant name="yoZStvcBddn8QCGJ4" role="producer" IPDN="tOBnGeV3o5zP9ZVdQRWvh" performance="soloist" grossFee="813824545.64"
                     modifier="C" IPI="jLcNpxq2SrdMmc5XvKXqF4IeC5O39a" birthDate="2018-07-16"/>
                <Participant name="Aw1FZNT22O02-qpujQGLVp7oxI.Jd" role="performer" IPDN="Lz4z" performance="conductor" grossFee="908908794.19"
                     modifier="A" IPI="ueAnfHzDwOLASpSdpq5swyJPpK" birthDate="2019-05-17"/>
                <Participant name="FYqy07zSfyx2V_" role="remixer" IPDN="htccuYYMX_mB-LAxr8" performance="conductor" grossFee="-31286898.95"
                     modifier="B" IPI="XS6CEOf0EXHotK" birthDate="2019-03-26Z"/>
                <Participant name="Bk8dTQtPPsh-VPGQNT" role="music director" IPDN="AwxHadSEJoaCPbvOxL" performance="supporting" grossFee="648206500.30"
                     modifier="A" IPI="R1U-L3AOyfPt43RPD2hOEc._T" birthDate="2018-11-08Z"/>
                <Participant name="bnx7_ef_2izxM" role="performer" IPDN="pS-uL" performance="main" grossFee="-1578233320.72" modifier="B"
                     IPI="PWj" birthDate="2020-05-06"/>
                <Participant name="ES-2kF7Czd_k.tYztfC" role="scriptwriter" IPDN="BfR" performance="soloist" grossFee="1994876771.25"
                     modifier="C" IPI="NXtT" birthDate="2018-07-31"/>
                <Participant name="P" role="arranger" IPDN="Ho8dw4aixdk" performance="conductor" grossFee="852107993.85" modifier="B"
                     IPI="PmnUeRAT" birthDate="2019-07-22"/>
                <Participant name="kX-0TJsvb25S5zcGDxl7xwVtEVu9" role="composer" IPDN="dlhEO8LBAu2cNikhOpGB2jDa7t" performance="soloist"
                     grossFee="-1196579797.55" modifier="C" IPI="tY." birthDate="2019-02-20Z"/>
                <Participant name="_hOqwRCqLLASgoG-3rO" role="composer" IPDN="nAj" performance="main" grossFee="-966565413.07" modifier="C"
                     IPI="eIpF" birthDate="2018-07-03"/>
                <Participant name="jaU9T" role="scriptwriter" IPDN="_erKGde97vZ6PHPwu" performance="supporting" grossFee="1653717163.94"
                     modifier="B" IPI="iMMxM_ynRFiPI5n" birthDate="2019-10-08"/>
            </Participants>
        </Record>
        <Record title="pgykcqWFfu-f" spins="1249907499" ISRC="J5YUZZDJF00X" year="6811" producer="e8AeTzNWlNLL" label="_UiOwEwbxe3aIw"
             recordNo="UsPiU-xit" serialNumber="y.kZjSx6jpKB_a" isPremiere="true" usage="broadcast" ISWC="y"
             AKA="vtQHiIaBA" genre="spoken word" broadcastedFrom="2018-10-04T11:21:16" broadcastedTo="2019-04-19T11:21:16Z"
             runtime="1006266038" origin="live stream" alternativeTitle="m" recordedFootage="543415215">
            <Participants>
                <Participant name="PYy.c9L.1GFyF9X5X9i_jK" role="arranger" IPDN="E4fAkFx5BrRDlJSn_5X" performance="conductor" grossFee="517232646.02"
                     modifier="C" IPI="KLLAqJ6o58.J6N4AZb" birthDate="2020-02-03"/>
                <Participant name="jM6lS8LZ" role="scriptwriter" IPDN="N" performance="soloist" grossFee="-1565885470.28" modifier="C"
                     IPI="v9Uk" birthDate="2020-04-17Z"/>
                <Participant name="jlIJDOHO5SJW3H4E3.dqbmu" role="remixer" IPDN="DgIbcJH_2vP.U" performance="chorus master" grossFee="1770467928.17"
                     modifier="A" IPI="TaCkNb4k4V8E" birthDate="2020-02-21"/>
                <Participant name="lmChVNx-7y-wnM3E" role="arranger" IPDN="bb69PYLBycVGfZIL" performance="soloist" grossFee="-1362872836.09"
                     modifier="A" IPI="w5ccQj9N" birthDate="2019-08-25"/>
                <Participant name="a885BGQvRn2V-4IFHGATyhI0" role="composer" IPDN="M6m." performance="chorus master" grossFee="-37284106.23"
                     modifier="C" IPI="nsW" birthDate="2019-09-25Z"/>
                <Participant name="uRa7B6QpIxseikO6G5b2zxVbbsWB" role="subscriptwriter" IPDN="hxApmGQMx348Ez2I3i-fc." performance="conductor"
                     grossFee="-121145244.41" modifier="C" IPI="P7s" birthDate="2019-02-17Z"/>
                <Participant name="VXawyGZ2WfjW" role="scriptwriter" IPDN="All4UowF_kMmRt" performance="conductor" grossFee="387220859.46"
                     modifier="B" IPI="Od_UlhNsybFcYYsFxSDyDPYsQz" birthDate="2019-01-29"/>
                <Participant name="tzvq..jRCMX2wdN7l1oEAbQS" role="producer" IPDN="k0HI41dj" performance="conductor" grossFee="-2017468119.22"
                     modifier="C" IPI="YYgGp" birthDate="2018-12-24Z"/>
                <Participant name="V" role="scriptwriter" IPDN="_9xnUtj2.oF0e" performance="supporting" grossFee="1075076632.79"
                     modifier="B" IPI="WDkOLENw3xU" birthDate="2019-05-21Z"/>
                <Participant name="mJM2zn6TPAZJQelcO.Zxi" role="composer" IPDN="pRGjyjgYb" performance="conductor" grossFee="-1780804738.90"
                     modifier="C" IPI="M3n3SMDkIwiUEvoGIGkMp_-29" birthDate="2019-01-23"/>
            </Participants>
        </Record>
        <Record title="rR" spins="104741485" ISRC="439QHUA9CJIE" year="9709" producer="MjwcVi" label="BX0-lgfjqILYBLrOsQ"
             recordNo="h0vGnPo.ymZ4RIMTm-1ELdmQ0Y8Ez" serialNumber="VmGY" isPremiere="1" usage="jingle"
             ISWC="PR" AKA="kFBVKwhp10VGh7juFwpPrcA0dAEu" genre="commercial" broadcastedFrom="2019-09-25T11:21:16Z"
             broadcastedTo="2018-08-19T11:21:16Z" runtime="1639953586" origin="live broadcasting" alternativeTitle="LG74OxDdz7bgwPD-UmcBpGn2"
             recordedFootage="1684391617">
            <Participants>
                <Participant name="C83flkAlq9A3QlYuM" role="arranger" IPDN="gCTKMKTx_snyr-7j" performance="main" grossFee="1314459061.37"
                     modifier="C" IPI="Hb9DJwf6V5qmCHSqw" birthDate="2019-07-25Z"/>
                <Participant name="lHfEu7lw" role="arranger" IPDN="Iva4oaxSP92NM7C3E" performance="supporting" grossFee="-1982894515.87"
                     modifier="B" IPI="V2hWJ7owBRw" birthDate="2020-05-21Z"/>
                <Participant name="ct3nUOxycaqbO-n6GjX" role="music director" IPDN="w0R-n0VHRiV2Yl1PsfyUCGk" performance="supporting"
                     grossFee="744138136.90" modifier="A" IPI="HjFAfmTymKmLiK2dlZALHC_uE3mNFg" birthDate="2020-05-14"/>
                <Participant name="gOFWkJX.K1yqTWFG9CkSYihC_" role="music director" IPDN="uDfVbB.z5bB" performance="main" grossFee="-1481279092.48"
                     modifier="C" IPI="tX-VjC0tcRh12RUK" birthDate="2018-11-26Z"/>
                <Participant name="tHDXY5Gsksagj4zw.Z2WrrYyuRbJL" role="producer" IPDN="MkIVvH0IHWrdKeWSW-m4eAOrkjk9JJ" performance="main"
                     grossFee="1577621031.91" modifier="B" IPI="Q" birthDate="2020-07-02Z"/>
                <Participant name="SFWCUJ76TgqkHIhF" role="music director" IPDN="sO2" performance="soloist" grossFee="-912656164.53"
                     modifier="A" IPI="vwQwV9NzdOXqYAOoctDsnt75ThV" birthDate="2019-09-29"/>
                <Participant name="nt" role="producer" IPDN="teqB71VOajb81zr1kgEK9Kpu2KRCl5" performance="soloist" grossFee="1714882437.00"
                     modifier="B" IPI="f8QWxLtQsxpEnv3" birthDate="2020-06-29"/>
                <Participant name="o.3BuVvAyPgLjpi" role="subscriptwriter" IPDN="lyep6v5Xetwvuj37Ziff31EwnvKKJ8" performance="supporting"
                     grossFee="1405945273.68" modifier="A" IPI="Z.yeP" birthDate="2020-05-03"/>
                <Participant name="mFKmZLwfENktYk.9i" role="performer" IPDN="eDKBCPbC23.-2uSygx1a" performance="main" grossFee="948520229.61"
                     modifier="B" IPI="e8FD" birthDate="2019-11-17Z"/>
                <Participant name="tnmGuVCYZA" role="arranger" IPDN="vBH8K6T" performance="main" grossFee="-1461146892.50" modifier="A"
                     IPI="a2a" birthDate="2019-09-28"/>
            </Participants>
        </Record>
        <Record title="KY" spins="1373039885" ISRC="48F3P44F86BM" year="0505" producer="iGygLIDY" label="JUIK0GHD2gBbMfbJO7AjKul.J2"
             recordNo="X" serialNumber="mKVf8k" isPremiere="0" usage="commercial" ISWC="Pt83i7W.gWfhUYUCMHDNTEwbeeKgQ"
             AKA="jAIiJ_2Lode5JnYG7Ceb" genre="pop" broadcastedFrom="2019-02-28T11:21:16" broadcastedTo="2019-09-07T11:21:16Z"
             runtime="61752205" origin="self" alternativeTitle="cH-PB" recordedFootage="740136321">
            <Participants>
                <Participant name="RbN2es4za7ZhWl" role="music director" IPDN="Bt-yN1" performance="conductor" grossFee="1342864271.23"
                     modifier="A" IPI="f-61g0OcBeyiTi7Pn.Em" birthDate="2020-06-14Z"/>
                <Participant name="Tn2K" role="producer" IPDN="PAVA_dvgucf_jTDzytnfetvjIrPvK" performance="soloist" grossFee="1906253914.75"
                     modifier="B" IPI="Yw-Sm1tRrjH1" birthDate="2019-07-24Z"/>
                <Participant name="Y.2aeMMQSnm.Z5" role="remixer" IPDN="rKIfLLJ3n5tbCt" performance="main" grossFee="1891661965.84"
                     modifier="B" IPI="dlRj88JaLFXegO" birthDate="2018-10-02"/>
                <Participant name="CCHW3" role="sound engineer" IPDN="U6" performance="main" grossFee="-397280657.80" modifier="A"
                     IPI="S5" birthDate="2018-11-19"/>
                <Participant name="pmaCzSa5gOIncFj7GVzJb" role="music director" IPDN="pu8CTS2bU" performance="conductor" grossFee="1841737093.45"
                     modifier="A" IPI="C" birthDate="2019-02-22Z"/>
                <Participant name="aDLj4tx8JIYHU9BBcr" role="subscriptwriter" IPDN="hQr" performance="supporting" grossFee="-1411582543.79"
                     modifier="A" IPI="V7rjgMj-XD6miXSSViam2W5bF5mb" birthDate="2020-05-11"/>
                <Participant name="Fz_VAdwZuQ9NhX1eBtZeI8uefhJ.C8" role="sound engineer" IPDN="BPe" performance="soloist" grossFee="1727035486.82"
                     modifier="C" IPI="UkiDVVP3X_x80xTiBoLSOg" birthDate="2019-05-29Z"/>
                <Participant name="Ryoc8uHoMh_rnpp-8GYG" role="sound engineer" IPDN="_d7XQ1pVF4" performance="chorus master" grossFee="-24328257.90"
                     modifier="C" IPI="ZlmmqGPx_x6eMxofr4xnfK2YiKm7hM" birthDate="2019-10-24"/>
                <Participant name="lK6Cirtg3Env4" role="composer" IPDN="PSved493" performance="conductor" grossFee="582762514.13"
                     modifier="B" IPI="K5BcG" birthDate="2019-04-24Z"/>
                <Participant name="MT1Dr73IiO-8BCquIk" role="sound engineer" IPDN="_6EnS_hMYAjkUwtXQJW4DzbTHX" performance="main"
                     grossFee="936797772.14" modifier="C" IPI="Z62e1xjrtntfs" birthDate="2019-08-22"/>
            </Participants>
        </Record>
        <Record title="cu7o0pfAjgVg7TG7LBPCvBrmT" spins="278355232" ISRC="T1PK5KT6M19E" year="2158" producer="IeDwwcJHbbMrqSS"
             label="fCe" recordNo="Hbrcx9R7iLdjuCtqYzfmF.jQW95I" serialNumber="XYNsoL6vENZ5NOHKFajm1ci"
             isPremiere="0" usage="jingle" ISWC="VDd9TxBQH" AKA="Buarc4EnnPgX-vo4" genre="composed" broadcastedFrom="2019-04-12T11:21:16Z"
             broadcastedTo="2020-03-31T11:21:16Z" runtime="1854726697" origin="live stream" alternativeTitle="aqteCPf.-Ph3rX3lPSCz1u7OumLH"
             recordedFootage="1414323036">
            <Participants>
                <Participant name="Y8eY7Z71AklZzKGs-npe" role="scriptwriter" IPDN="Rjj.oV" performance="soloist" grossFee="488961260.17"
                     modifier="C" IPI="PIbTjENT" birthDate="2019-10-07Z"/>
                <Participant name="WWATm" role="scriptwriter" IPDN="Mut9udpIEOqj3hAe-7F" performance="main" grossFee="214407964.86"
                     modifier="B" IPI="YFt" birthDate="2019-03-06Z"/>
                <Participant name="MIEyy4RLFohfosRvDam9IIfAXN" role="subscriptwriter" IPDN="SG9sYGdA7WiMnXnq" performance="chorus master"
                     grossFee="-953743933.09" modifier="B" IPI="zQrpNYwdogN" birthDate="2019-11-03Z"/>
                <Participant name="tZ" role="composer" IPDN="wpQC9sEXIWN" performance="main" grossFee="1649586620.14" modifier="B"
                     IPI="kiXK-ZRTVEYWYj2rRHX" birthDate="2020-01-29Z"/>
                <Participant name="IK9kvvNWQ1" role="remixer" IPDN="T-VvK" performance="main" grossFee="924233695.36" modifier="C"
                     IPI="gsB.ePzb0ZqDHNjwbauYhmP" birthDate="2019-02-10"/>
                <Participant name="_SlXK9r4Pq" role="composer" IPDN="W0VBEJC5ejx3x" performance="conductor" grossFee="-1569618194.96"
                     modifier="A" IPI="eVpoQ1NZuvzOnY.dHnFlrjUso1" birthDate="2018-10-10"/>
                <Participant name="w3_1R6TienI8TK" role="composer" IPDN="QtvLs3SnoF51W" performance="conductor" grossFee="461880201.35"
                     modifier="B" IPI="LbJlJdzXOSvM7VTVB5" birthDate="2020-05-16"/>
                <Participant name="sGSl9o4S9b2D-_sAX6XwU10pL7" role="music director" IPDN="kvBt98FtlpqixXNnvySomDM6l8ALp" performance="soloist"
                     grossFee="1901414312.22" modifier="A" IPI="XFk9Bt6s" birthDate="2020-05-15"/>
                <Participant name="O.V4KtV-QHBjefK-RDNW.2wI" role="performer" IPDN="Xvgx-eE" performance="soloist" grossFee="-1702525733.07"
                     modifier="A" IPI="FG1QTyFgOHuiF" birthDate="2019-10-25Z"/>
                <Participant name="JiHR1FwAI.rUdK-XOgojW1L" role="sound engineer" IPDN="Fyg" performance="conductor" grossFee="-1863365100.91"
                     modifier="C" IPI="tRPLJc9m8XLbYCE6u" birthDate="2019-02-03"/>
            </Participants>
        </Record>
        <Record title="D-QB_9olDXMdiYRJtPgxygyN" spins="563654498" ISRC="28B59GBW0647" year="1788" producer="L7UM1FZNH0HcNs58G1faIy9uMs"
             label="masCNr4" recordNo="HkVwlQLQfNU" serialNumber="ndPjAU9taBvNem2TFhGMveCD" isPremiere="1"
             usage="commercial" ISWC="sVuNp0CsISgEbQuN" AKA="P" genre="classical" broadcastedFrom="2020-05-13T11:21:16Z"
             broadcastedTo="2020-01-11T11:21:16Z" runtime="2097829200" origin="self" alternativeTitle="aYCD"
             recordedFootage="1891452462">
            <Participants>
                <Participant name="DbFdYzt" role="performer" IPDN="c.dTjidhSI5aCea5BCZLnAo" performance="chorus master" grossFee="-783612974.18"
                     modifier="C" IPI="Kfh4qaB4422bRYIpmQM" birthDate="2019-12-05Z"/>
                <Participant name="emb1Ael4qy6eKaXo9Ago8oLRIzk" role="composer" IPDN="NiQHaaYvJr0x" performance="main" grossFee="-1305753196.79"
                     modifier="C" IPI="J96Mi" birthDate="2019-05-11"/>
                <Participant name="sKwLh6Hsa" role="producer" IPDN="MZMK_jfN-nNRvrxCpFkSHA2Mxa70" performance="conductor" grossFee="-953290548.49"
                     modifier="B" IPI="dlI39xqDYtoJNWKS" birthDate="2020-06-20"/>
                <Participant name="YK1kokuI77YrfOQkjyaBVB" role="subscriptwriter" IPDN="g8EuWTudkpOOJib-y1ATFAlxmAkr94" performance="conductor"
                     grossFee="492793134.76" modifier="A" IPI="XKULdJ3J.8YXIG2Jh4" birthDate="2020-04-11Z"/>
                <Participant name="EwTd6UhEvxFS4aBgPV" role="arranger" IPDN="aaKd" performance="supporting" grossFee="-453626743.28"
                     modifier="C" IPI="oO6Jp.A2XnwXtpKsHhoWyxV" birthDate="2019-02-11Z"/>
                <Participant name="dJQjjtie4ZSfsa37QyZmG" role="remixer" IPDN="OBpl8QaJfqKG" performance="supporting" grossFee="1569758059.32"
                     modifier="A" IPI="wHcImMFEOAoVOlrTsNS_th" birthDate="2019-01-04"/>
                <Participant name="vQ.XzO4995ZykRrG3_w" role="composer" IPDN="Gjue42qfi1qF7OcfEEgL9Stqa5qFes" performance="chorus master"
                     grossFee="937224077.15" modifier="C" IPI="umtXHnAyHZV_o-" birthDate="2020-01-27Z"/>
                <Participant name="HBY" role="subscriptwriter" IPDN="aNkmdh46" performance="soloist" grossFee="-1775951887.92" modifier="B"
                     IPI="oLNL" birthDate="2019-10-29Z"/>
                <Participant name="M4kIYc8fr_E_0K9qlNC.IlR" role="music director" IPDN="RY_NIB3RE0C48499KdPumVu" performance="soloist"
                     grossFee="490083244.08" modifier="B" IPI="ouP4uBVf2r6NnDq" birthDate="2019-08-27"/>
                <Participant name="NEWqH9" role="music director" IPDN="HuuYqM" performance="soloist" grossFee="-95163045.54" modifier="C"
                     IPI="ZW7g47-." birthDate="2020-04-15Z"/>
            </Participants>
        </Record>
        <Record title="AKiDVkSMfWM9" spins="495369391" ISRC="968ZY560UFN8" year="9187" producer="czC3OvI" label="ZqR2jArm-"
             recordNo="kZ" serialNumber="e" isPremiere="0" usage="broadcast" ISWC="D_" AKA="CRjm-X" genre="composed"
             broadcastedFrom="2019-02-07T11:21:16Z" broadcastedTo="2019-05-16T11:21:16Z" runtime="1464774486"
             origin="free of charge" alternativeTitle="k6NaNU" recordedFootage="1388947768">
            <Participants>
                <Participant name="C1_lqUVke9.vljKPr-VUX" role="composer" IPDN="rC.815by" performance="conductor" grossFee="135287583.11"
                     modifier="B" IPI="DoMvRv0rlZu36txb4RG_nVm2Tb5V09" birthDate="2019-12-28"/>
                <Participant name="mV" role="composer" IPDN="KIZG" performance="main" grossFee="-355855308.36" modifier="B" IPI="L6fMt3b5b"
                     birthDate="2019-09-13"/>
                <Participant name="xljRrbUtF0Rs" role="music director" IPDN="Jg8Cn.wg" performance="chorus master" grossFee="-25105339.20"
                     modifier="C" IPI="Reg6RECGt3" birthDate="2019-10-01"/>
                <Participant name="ZWtJ_V9CeG" role="subscriptwriter" IPDN="f-JFuBAei2ZToCcXbpBnVz7A" performance="supporting" grossFee="1491469248.72"
                     modifier="C" IPI="EjIdYlx_8Rlz" birthDate="2019-12-27"/>
                <Participant name="x8q4BCg9GW0CR2rOyyBtA" role="sound engineer" IPDN="tl" performance="chorus master" grossFee="578412826.60"
                     modifier="C" IPI="Olet" birthDate="2018-12-01"/>
                <Participant name="N" role="performer" IPDN="yo3xV0pK2n_qTBFm" performance="supporting" grossFee="-1067852350.68"
                     modifier="B" IPI="AvJL" birthDate="2019-08-23Z"/>
                <Participant name="z1L" role="subscriptwriter" IPDN="Fvdmj3T6iRQl" performance="supporting" grossFee="-1048808597.64"
                     modifier="A" IPI="dmON5sHgjp3uvEa" birthDate="2019-02-15"/>
                <Participant name="lKhg-3yyBxogRAO44Sv" role="scriptwriter" IPDN="ha8uNJRKGb578bkmOk.QfM" performance="chorus master"
                     grossFee="1376155064.02" modifier="B" IPI="Y" birthDate="2019-09-22Z"/>
                <Participant name="e8dcZnDj5IKdzenVNqTbs-bD" role="music director" IPDN="Eec34SJOoEv6d5gh2tNbe-" performance="soloist"
                     grossFee="-1313110229.78" modifier="A" IPI="khmWSdil" birthDate="2019-03-23"/>
                <Participant name="Kfus8_qNLL5oPHfPUJhIDy" role="music director" IPDN="Pu2eCE" performance="main" grossFee="-2028103512.06"
                     modifier="C" IPI="uMcqP8oBwfUIlZUKxcOP" birthDate="2020-02-21Z"/>
            </Participants>
        </Record>
    </Record>
    <Record title="_rW2Y6kKsFdWmt0YW" spins="1090265658" ISRC="72I5X28P5QL2" year="1937" producer="jx6U5xDhbjxhHzMG"
         label="C" recordNo="NQeguE" serialNumber="MfTTyspcjh_oq" isPremiere="true" usage="jingle" ISWC="o2C0eGz3Koz7whlR1ch"
         AKA="DKsXG-YME4a1LGKX" genre="composed" broadcastedFrom="2020-05-04T11:21:16" broadcastedTo="2019-01-13T11:21:16Z"
         runtime="2057793902" origin="commerce" alternativeTitle="wX-TwwtsPbbD_qMpy" recordedFootage="1102568561">
        <Participants>
            <Participant name="RHVEejjmS" role="composer" IPDN="Z" performance="soloist" grossFee="-1397198983.32" modifier="A"
                 IPI="Nm7s" birthDate="2020-02-26"/>
            <Participant name="JsfRMb1Zmj0GFZmgzZCFEEbH9EoT8b" role="arranger" IPDN="KpjZ28MoE.AhZU-wJU.g1A4kR" performance="soloist"
                 grossFee="-974822805.45" modifier="B" IPI="qOplL02QMQeqOF.gwTDnJH87QVM" birthDate="2020-01-27"/>
            <Participant name="_" role="music director" IPDN="xnU" performance="soloist" grossFee="157766768.24" modifier="A"
                 IPI="m02oYZyaD6lj4V3hb27" birthDate="2019-06-13"/>
            <Participant name="VtsFNFQquPpzjqiq_" role="remixer" IPDN="G9Jl0" performance="supporting" grossFee="6605692.39"
                 modifier="A" IPI="_EtBTjU0vSjoY" birthDate="2019-02-02"/>
            <Participant name="NBOgSL0clG" role="sound engineer" IPDN="D3cWJXGdsvAH.W9HUdYw_LPkV" performance="soloist" grossFee="1843624799.94"
                 modifier="C" IPI="KBW27ETcfWHMeUFWJ93IJ" birthDate="2018-07-20Z"/>
            <Participant name="jX1XKKElw7UnMuUBa.C7Gi51e9" role="performer" IPDN="t2G" performance="soloist" grossFee="-1889694903.14"
                 modifier="A" IPI="pEhyo_S" birthDate="2018-08-09"/>
            <Participant name="TbMQW2kKp86Cmzac.N-.Xwjlcgb0C5" role="music director" IPDN="aE0kPqTFrhP5eckse7H_1PBx_l8Ea" performance="chorus master"
                 grossFee="431402355.31" modifier="C" IPI="HDve52mjiVNjO" birthDate="2019-08-29"/>
            <Participant name="x" role="music director" IPDN="synLRC9vHXpI93Pa-i25v0hs77cnn" performance="supporting" grossFee="-1536343525.48"
                 modifier="B" IPI="MCTWnK7.z5KcVH6SfXj1kG1F_RaT" birthDate="2019-04-08Z"/>
            <Participant name="_vB.098lgwLw7" role="arranger" IPDN="MvkCbhLVYlgiaqytZCoD2WPq" performance="chorus master" grossFee="2023750869.10"
                 modifier="B" IPI="kOahbF-vyr0" birthDate="2019-09-10"/>
            <Participant name="jK" role="composer" IPDN="V8pCKNRwu4" performance="supporting" grossFee="1929452640.47" modifier="B"
                 IPI="TiU" birthDate="2019-08-23"/>
        </Participants>
        <Record title="Dk4SDyhvLA4g" spins="1921087013" ISRC="R166T4H5JU1M" year="6923" producer="fy4EgZEbc1ZBYQ4yjLiiKEh4akHolE"
             label="N5IhEJnCv7dGpsLSsXlMFSitN7waRH" recordNo="MyPlki7hR7r" serialNumber="F" isPremiere="true"
             usage="broadcast" ISWC="To4e4B55bODWVAevfkFdt53A6P06C4" AKA="wmp6UcYi2KogJhZrvyryzin6IYBXZs"
             genre="commercial" broadcastedFrom="2018-12-23T11:21:16" broadcastedTo="2019-05-28T11:21:16Z"
             runtime="576393926" origin="free of charge" alternativeTitle="I705dGsnlAbWZnyr8RzYJ" recordedFootage="1969183025">
            <Participants>
                <Participant name="CELJhL.YdsNrpkvy1ciEQSUZ" role="remixer" IPDN="lJY960abSCY2IjyZ8" performance="supporting" grossFee="1627822332.20"
                     modifier="A" IPI="sWUAtP2dDL5KWnkR5Xo5yYkKoo" birthDate="2018-08-20Z"/>
                <Participant name="PklJt6Nwwy7FRvQmZx" role="producer" IPDN="eTDmbihP" performance="supporting" grossFee="-351931828.85"
                     modifier="B" IPI="quU3XMGBcUXriD" birthDate="2019-07-24"/>
                <Participant name="d2cuFZZpBK.-gI4XeJds" role="remixer" IPDN="sHm8KczNg-KE" performance="supporting" grossFee="1559977976.28"
                     modifier="B" IPI="LMzYa.CmK4A" birthDate="2018-11-05Z"/>
                <Participant name="rBo6N" role="performer" IPDN="WvJCgzDCRvaMtw5Dr1TdTozxvXzLD" performance="main" grossFee="-1306211557.53"
                     modifier="C" IPI="YWl-Qb.bA15f68V_.XP." birthDate="2020-02-16Z"/>
                <Participant name="M-uhUc" role="scriptwriter" IPDN="vTw4k" performance="main" grossFee="-1831198262.86" modifier="C"
                     IPI="rhl" birthDate="2020-02-25Z"/>
                <Participant name="CWkNqRslsTCTtXhY.nM6qcrwh" role="music director" IPDN="Ol" performance="supporting" grossFee="-1227545192.02"
                     modifier="B" IPI="J-R.S0ayYQxW3HH" birthDate="2020-04-01"/>
                <Participant name="ty" role="performer" IPDN="xKdHOiBqNrUK5LOnVT" performance="conductor" grossFee="-1760483366.21"
                     modifier="A" IPI="JeOXOu6KyfBS" birthDate="2020-06-22"/>
                <Participant name="XLKlpBtVC-0" role="sound engineer" IPDN="qbn8mB2" performance="main" grossFee="1255759248.26"
                     modifier="C" IPI="Bf-ML24evXvwiszi_e7Vz4p.I6" birthDate="2019-02-26Z"/>
                <Participant name="af4" role="subscriptwriter" IPDN="BpArRTLRuyp" performance="conductor" grossFee="-1553665776.21"
                     modifier="B" IPI="m.4s_hoZIIqEJlYSCCSaXN-T" birthDate="2019-09-17Z"/>
                <Participant name="C2N5Skdv0Y6J3OtYA" role="subscriptwriter" IPDN="dt.VK4batT4Nex" performance="chorus master" grossFee="-1037525283.88"
                     modifier="A" IPI="yw7yp" birthDate="2018-07-26Z"/>
            </Participants>
        </Record>
        <Record title="WNLLm" spins="914024139" ISRC="947ZRB076Z84" year="3605" producer="ly7i6gRrEnr8hemkbQLRXR" label="_s2ZlRLE_bOO8"
             recordNo="IMFvHdeC5TuZH3foyzus" serialNumber="qOf." isPremiere="true" usage="jingle" ISWC="XH-PWS8yTDG-9g0lJM.o73"
             AKA="SEwZrOIB2ZV3-p6YmiXkfHKc" genre="pop" broadcastedFrom="2019-01-27T11:21:16" broadcastedTo="2019-12-18T11:21:16Z"
             runtime="686117436" origin="self" alternativeTitle="fyTpkl-Xrkb03hu" recordedFootage="706549964">
            <Participants>
                <Participant name="Xh0PjYd0pB" role="composer" IPDN="N_Hz290ihM6OmvfjvBx24hAK-ZAbx" performance="soloist" grossFee="-1160157555.62"
                     modifier="C" IPI="K4Ry5KxdapzT9" birthDate="2019-07-13"/>
                <Participant name="kbUfkVBwZ" role="sound engineer" IPDN="Fu60ATw2r3JJ0vdu." performance="soloist" grossFee="556390624.31"
                     modifier="C" IPI="viMYEj_dF.mMpeS90" birthDate="2019-08-30"/>
                <Participant name="b" role="music director" IPDN="H9mkCNfJKtEX" performance="supporting" grossFee="-491218918.85"
                     modifier="A" IPI="PXfR0ZH4z" birthDate="2019-04-15"/>
                <Participant name="sN95lFzf2-w81" role="scriptwriter" IPDN="B5" performance="chorus master" grossFee="212557766.45"
                     modifier="B" IPI="wC5MtofBu" birthDate="2018-09-01Z"/>
                <Participant name="kZIvfMFmAcsbKC0nS5cp" role="performer" IPDN="L-2HYOrAVIgxZkVsOFf" performance="supporting" grossFee="-1973533356.38"
                     modifier="B" IPI="Cdj" birthDate="2018-11-01"/>
                <Participant name="EueVBTu7M.PpzK7UJ1qw3UN" role="sound engineer" IPDN="ZDIolsk.RXLOb" performance="soloist" grossFee="1250441399.21"
                     modifier="A" IPI="Vnl" birthDate="2018-11-18Z"/>
                <Participant name="Ve5nYGYK2aTjhu6gL" role="music director" IPDN="LlnYhIvHyp8gAKr9BtKT.Blpx" performance="supporting"
                     grossFee="462249512.11" modifier="A" IPI="t_yFN" birthDate="2019-03-26"/>
                <Participant name="f6_89kxU" role="scriptwriter" IPDN="Md4gq7IAk94ZiUjySdLnM" performance="main" grossFee="-978936349.16"
                     modifier="A" IPI="X1I-nTu" birthDate="2020-06-23Z"/>
                <Participant name="c3jQItMJ1XpRV.H8_ZPdWOIbs" role="subscriptwriter" IPDN="aDZVI16KSosp5YtEX26Kxr_H" performance="soloist"
                     grossFee="-971069765.63" modifier="C" IPI="XPAa2P2g1vQE1.f3" birthDate="2018-12-08Z"/>
                <Participant name="P.7lQob5YTDu4" role="composer" IPDN="LdfDw" performance="main" grossFee="993475952.64" modifier="A"
                     IPI="H3ieO05hTEGc1o_beYXY7CAGS" birthDate="2019-06-19Z"/>
            </Participants>
        </Record>
        <Record title="b5ZufNKaa5tZe" spins="1018573090" ISRC="J8XKT5SXY140" year="5665" producer="pBJR5dqqfZeSqCdqxqnfY8pXKM"
             label="M_ljYVXAEvwohhPpAxqZW" recordNo="b" serialNumber="AHp6x2Hc2ckVvid2eH5eU" isPremiere="true"
             usage="commercial" ISWC="bZ3j2KLxOqF" AKA="ITRegkfc7wHRUQ5U5SoWQJ5AE9hWpd" genre="classical"
             broadcastedFrom="2020-01-02T11:21:16Z" broadcastedTo="2018-07-16T11:21:16" runtime="594005430"
             origin="self" alternativeTitle="fwqpMSz9FQPvgeLjMaWcMrbafls" recordedFootage="2118517897">
            <Participants>
                <Participant name="qFzDWeJ_vVJsKbPnbJfWdZ1W70XY" role="producer" IPDN="Lb-MtSR_ckUJ5y7ZsxVKRbhuZ9E6" performance="conductor"
                     grossFee="1506491354.84" modifier="A" IPI="piGSJFkgYfjsE6ITQ0uM2LC" birthDate="2019-10-10Z"/>
                <Participant name="E0PnsnGu94ZyoaXkt4zwGZTk2Coq" role="performer" IPDN="hd0WLy7GIqkXx9Oxq5" performance="supporting"
                     grossFee="-958022155.74" modifier="C" IPI="pbY4XFmDB_.zUqiukdrEz8L1aEU" birthDate="2019-11-22"/>
                <Participant name="vHDyFD2lFBkLBA" role="sound engineer" IPDN="QOexrbVt" performance="chorus master" grossFee="-719892907.95"
                     modifier="B" IPI="Ld2ZcMyty2z" birthDate="2019-02-06"/>
                <Participant name="W0UC6pGNwTrbpNK9VRFFhP220uVNAI" role="composer" IPDN="QD_UvG" performance="supporting" grossFee="-657911299.17"
                     modifier="C" IPI="Z-Qzcj" birthDate="2020-06-03"/>
                <Participant name="ssbR8JQxwlaHLlxjv" role="music director" IPDN="Bf" performance="conductor" grossFee="-2104212640.92"
                     modifier="C" IPI="P4jN9wkDKI89p4NHVd28AhXLnYr" birthDate="2020-03-13"/>
                <Participant name="vGSRN" role="sound engineer" IPDN="sIgQY6TpMSs" performance="supporting" grossFee="-1719018686.49"
                     modifier="C" IPI="bAQykOxaS-jyqhLy_OculJ" birthDate="2019-07-29Z"/>
                <Participant name="gQIdNmR9J_mP84lbI4Nbt2.Ut0lp" role="sound engineer" IPDN="_7j0S1ERW6tqoFTzq2" performance="soloist"
                     grossFee="348375473.78" modifier="C" IPI="t2yr0nWBuLrclAiFmNlLU" birthDate="2020-06-03"/>
                <Participant name="SgTc8yE5lR7a" role="composer" IPDN="S61pWdlDN7SEyuKW6iwI" performance="conductor" grossFee="-1030994377.67"
                     modifier="C" IPI="dDCM" birthDate="2018-09-08"/>
                <Participant name="z6wh" role="scriptwriter" IPDN="Oz4b9ACzaKR0Qj" performance="supporting" grossFee="1336635489.76"
                     modifier="B" IPI="pWyC6Oul8av1Gr6LPoFf" birthDate="2018-08-03Z"/>
                <Participant name="RlpXsarcoIR1Js" role="scriptwriter" IPDN="Oc." performance="supporting" grossFee="-283775194.02"
                     modifier="A" IPI="LiFX7HrfVITbgDbX48" birthDate="2019-10-06"/>
            </Participants>
        </Record>
        <Record title="IZX9lS7F4d8bsA-5o4" spins="1971271695" ISRC="68H6C5H5A6H1" year="7570" producer="IKqVMbkhwcwHV_sSw36lM4RP"
             label="mvEJ59IpUr8gLD5HBE" recordNo="y" serialNumber="IHGD12IWp4lD7BOHYoz" isPremiere="0"
             usage="jingle" ISWC="o.74kzve8Xv" AKA="FszYVLEJEGCig5jqmLvK8Ux71i7pc" genre="pop" broadcastedFrom="2019-01-19T11:21:16Z"
             broadcastedTo="2020-03-03T11:21:16" runtime="4004378" origin="commercial" alternativeTitle="FePFS4po6aLC87C_XGECnj"
             recordedFootage="740560878">
            <Participants>
                <Participant name="vlXo6cSvkyFEcTPWDNgn3x" role="remixer" IPDN="okN8xcOx.oT" performance="supporting" grossFee="-1614961570.45"
                     modifier="A" IPI="TemwjrfOBW9nI9s54r" birthDate="2019-08-15"/>
                <Participant name="VmfMI" role="subscriptwriter" IPDN="lQs.ucizwUTS4X" performance="soloist" grossFee="212003123.27"
                     modifier="C" IPI="LuY1P" birthDate="2020-02-15Z"/>
                <Participant name="EKJZRIAxh1uVYgmS2LQVOaJh" role="performer" IPDN="vKr9aW3oZq8SHBkBi0A2wh" performance="chorus master"
                     grossFee="1276601954.14" modifier="A" IPI="fwpxLvTOw.P0cS99apOkzMMeo1O84" birthDate="2019-09-16"/>
                <Participant name="V22g1ykDZU0baO7bgi" role="arranger" IPDN="o8LPaI6Uv" performance="conductor" grossFee="1319947415.60"
                     modifier="B" IPI="udLn4FR" birthDate="2019-01-22Z"/>
                <Participant name="VKu3-gZ7gK" role="remixer" IPDN="J1Jyzl98dNfk7vN4sCy" performance="chorus master" grossFee="1832953802.85"
                     modifier="C" IPI="IdfAzOKYM_2laP" birthDate="2020-02-28Z"/>
                <Participant name="MRc1-xPMkLtvQ" role="composer" IPDN="WyISODIjq79.hvQ" performance="chorus master" grossFee="1902946722.00"
                     modifier="B" IPI="ZGUV_xDR" birthDate="2018-08-29Z"/>
                <Participant name="k.LPLXSk3v05VJScucOk" role="composer" IPDN="Jf9Pw5cJBcsUbtmS-a7" performance="chorus master" grossFee="-26555498.64"
                     modifier="C" IPI="l0OHGtm5EvHRgwigsqEQL.RO54_g" birthDate="2019-06-17"/>
                <Participant name="c.cS_kjPkWdCzc.pX6" role="sound engineer" IPDN="uMnGpH" performance="supporting" grossFee="1866596313.69"
                     modifier="A" IPI="IUebANAYQ" birthDate="2020-04-14"/>
                <Participant name="_COe3xp59zB-pMA1RVq" role="composer" IPDN="ydJN7hUbaxyf7" performance="supporting" grossFee="1671697660.16"
                     modifier="C" IPI="Uj9VcTgOP1CNOS" birthDate="2019-08-14Z"/>
                <Participant name="In_G4rKX400n507FevIFbjx" role="performer" IPDN="URCgqlS7acSv1Uw3" performance="supporting" grossFee="-957535348.74"
                     modifier="B" IPI="k2t" birthDate="2019-06-12"/>
            </Participants>
        </Record>
        <Record title="uNm3_0SSSdU4onqm" spins="1222493032" ISRC="78GF0SC002P7" year="7506" producer="zAwkduAQ" label="g9QMxUxBb8A19TLrcCN"
             recordNo="xgBTIHWqB9y0EbklaaJ" serialNumber="A4N86Jzz_-rAWlWa" isPremiere="1" usage="jingle"
             ISWC="ETVoud-i" AKA="A" genre="composed" broadcastedFrom="2020-04-20T11:21:16Z" broadcastedTo="2019-12-09T11:21:16"
             runtime="613030716" origin="live stream" alternativeTitle="Eq.2JqtbmVHHL6Awd8d7Q" recordedFootage="1637218404">
            <Participants>
                <Participant name="AgpULw.iQfQUm_bboka7t" role="music director" IPDN="l977t1ffPWL2jd.6DQYpO-leaY5d" performance="supporting"
                     grossFee="-1939110165.93" modifier="A" IPI="Ky66o1J10Eayd_8pIgORBc.lj" birthDate="2018-12-05"/>
                <Participant name="LFRXp5T3qqOAAWJtfG" role="composer" IPDN="_YxXWtkbWU7D8NK8q_r4aEx4cX" performance="conductor"
                     grossFee="81850194.13" modifier="B" IPI="OzBC3Hx1mQp-QPgCha2yP3McQrh" birthDate="2019-01-28"/>
                <Participant name="YJV6CoMVPC-6Qn0n91pybYf" role="subscriptwriter" IPDN="EMAspKkCwaHIcmvNGD5W6" performance="main"
                     grossFee="756785693.21" modifier="C" IPI="AmGROFQKdZIVei9E.grR" birthDate="2018-10-12"/>
                <Participant name="y_QTkkX" role="remixer" IPDN="w0cNb5ku72o1Miq5u7IjiBtO14hV" performance="soloist" grossFee="385144881.78"
                     modifier="C" IPI="wlOduaB" birthDate="2020-01-07Z"/>
                <Participant name="q5jkYyXBZ2miFa.UvEVxx" role="sound engineer" IPDN="Ts-VuRtaHYDJl7J5J-Th" performance="soloist"
                     grossFee="-1723871210.63" modifier="C" IPI="qAWgApY6w4y0bQqvK" birthDate="2019-07-03Z"/>
                <Participant name="Ri6njAW" role="subscriptwriter" IPDN="DzC9u-ObNZFvEfK9lAc0Iy1mdb" performance="chorus master"
                     grossFee="637332418.09" modifier="A" IPI="uLSBs0N3dd2msA8" birthDate="2019-05-06Z"/>
                <Participant name="B8VhFdk1" role="remixer" IPDN="XsWBpZq1D7aH-YAMz4KZO" performance="chorus master" grossFee="1597234177.04"
                     modifier="A" IPI="onNdwaImR7VWu-T48aVjOVW" birthDate="2019-08-25"/>
                <Participant name="eg9D0l5Ouwd13r" role="remixer" IPDN="IDVkMGmcqm" performance="conductor" grossFee="566061038.95"
                     modifier="A" IPI="yuCnfihLz7kfkQyK4" birthDate="2018-09-13Z"/>
                <Participant name="PU8Z" role="arranger" IPDN="yJbTU74b0JK.OwYRA.dGwW" performance="conductor" grossFee="1900165771.62"
                     modifier="A" IPI="i8ws2WN_6H" birthDate="2019-05-30"/>
                <Participant name="VhO2wsw6Yw9mte2sVNROSb4QTCotoU" role="composer" IPDN="N.vwc4a_lD" performance="conductor" grossFee="-1284087267.50"
                     modifier="C" IPI="LfxVQKH86nA2f7.k." birthDate="2019-04-26"/>
            </Participants>
        </Record>
        <Record title="pAXP1CZz3G5H01uWO-_115RCUl" spins="1581933295" ISRC="N10SVU2Q0XVZ" year="5817" producer="zW6Xc5Tl5ryfuZY3XoXnmfitHx__27"
             label="J" recordNo="j" serialNumber="dRgUSWR98" isPremiere="0" usage="commercial" ISWC="ga..h3mORHjeTIPRor6RI9U0KRWE"
             AKA="SyqTE0" genre="classical" broadcastedFrom="2019-05-03T11:21:16Z" broadcastedTo="2018-07-13T11:21:16Z"
             runtime="345299035" origin="commerce" alternativeTitle="bz" recordedFootage="260420954">
            <Participants>
                <Participant name="Lqto7" role="scriptwriter" IPDN="ZvMtTU6plPb" performance="soloist" grossFee="1996105627.36" modifier="A"
                     IPI="BX8DH6E-KXQCF2vNIUxD" birthDate="2020-02-19"/>
                <Participant name="xnFzL-9x1uglRXCf" role="remixer" IPDN="QLxFQ8KqYbVMVDF7yh_2P" performance="conductor" grossFee="-408457010.00"
                     modifier="C" IPI="LWw4ZCxB3" birthDate="2020-05-23Z"/>
                <Participant name="ypidwkyIO2Ln" role="arranger" IPDN="cuJu5ZJDCk1D" performance="conductor" grossFee="-1657149149.29"
                     modifier="A" IPI="oBz" birthDate="2019-05-10"/>
                <Participant name="cVnTvbDB.HTW.Op3cs" role="producer" IPDN="xg9" performance="soloist" grossFee="1442064909.64"
                     modifier="C" IPI="GDShQO" birthDate="2019-03-28"/>
                <Participant name="EJwVt5" role="music director" IPDN="jMIEt1PCVTbvGySf" performance="soloist" grossFee="-732778694.13"
                     modifier="A" IPI="ZD8CIM" birthDate="2019-05-25"/>
                <Participant name="h1d_ozH7Fi4QMx23p2aE1WAM" role="subscriptwriter" IPDN="Xy_tyiR1LQuxM2xo" performance="soloist"
                     grossFee="1870202828.96" modifier="C" IPI="a" birthDate="2019-09-07"/>
                <Participant name="Xx2-WW" role="music director" IPDN="lEZK9ojReiv6lG-BxJvm" performance="soloist" grossFee="-996565881.01"
                     modifier="A" IPI="e" birthDate="2018-07-25"/>
                <Participant name="ttl6uHyNfvcTov" role="scriptwriter" IPDN="u5dZpyAe5p-LSNHMB.Y1" performance="soloist" grossFee="-1685234307.92"
                     modifier="B" IPI="VAB4c" birthDate="2020-05-16Z"/>
                <Participant name="QvipOUrfkR3JcP32-" role="composer" IPDN="jYk22CeV-yzCGw-8NkvO0cMXj" performance="supporting" grossFee="2000382618.68"
                     modifier="A" IPI="_L1d0X84Q" birthDate="2019-12-07"/>
                <Participant name="QelcW1Zw-ChNwDLdMCT" role="scriptwriter" IPDN="rK9pjv1Wdb0rdWFPFl" performance="chorus master"
                     grossFee="-1884738640.03" modifier="A" IPI="kpj-K5v-ZnqrFQLUx2_AiyEEe" birthDate="2019-03-12Z"/>
            </Participants>
        </Record>
        <Record title="iwFXNbxbJwdZNgRR" spins="313783213" ISRC="WD37RSC78BT8" year="2238" producer="_qj2Gbz5bdUWg"
             label="PJpz" recordNo="Z" serialNumber="VA9.eId23ENiXj_" isPremiere="false" usage="jingle"
             ISWC="JWSi6" AKA="IEJ4AM" genre="spoken word" broadcastedFrom="2020-03-21T11:21:16Z" broadcastedTo="2019-12-17T11:21:16Z"
             runtime="1713538172" origin="report" alternativeTitle="y05kOam3YKJ5dn-ax9i0" recordedFootage="1045968760">
            <Participants>
                <Participant name="ltXehEKuZ" role="arranger" IPDN="uZDn8OChBhjIKK8-YKjRhumj" performance="main" grossFee="409447457.39"
                     modifier="A" IPI="X33g" birthDate="2020-06-17"/>
                <Participant name="LXN1KvNWPHhp" role="performer" IPDN="CHimI" performance="conductor" grossFee="36505635.30" modifier="B"
                     IPI="Uwt-WinAF" birthDate="2018-07-21"/>
                <Participant name="Ofgy" role="producer" IPDN="g-g8" performance="supporting" grossFee="668318309.25" modifier="A"
                     IPI="XZ8USjGJxvXpN_qTWo" birthDate="2018-08-23"/>
                <Participant name="fjYpSLaQBy6wdmQehO0440wk" role="scriptwriter" IPDN="CXCE" performance="chorus master" grossFee="-1927451483.74"
                     modifier="A" IPI="MsSC" birthDate="2019-05-27Z"/>
                <Participant name="fvm" role="remixer" IPDN="RwFv8FQ3Y" performance="chorus master" grossFee="1979369518.24" modifier="C"
                     IPI="cIIohhsxQ-Cb" birthDate="2018-10-14"/>
                <Participant name="FFgQUrQiKk3Tekrdq0JDujNdr" role="scriptwriter" IPDN="uwo_X.1tOOXEn6YFGYMRljF" performance="supporting"
                     grossFee="1982614510.37" modifier="C" IPI="wZQT3NTnqR41tdIaZcuYn6qyHD8" birthDate="2020-04-03Z"/>
                <Participant name="U" role="remixer" IPDN="rVEhIr2.HQD" performance="chorus master" grossFee="-1001371123.93" modifier="B"
                     IPI="XXq9cBdNHzCxfOh1B" birthDate="2019-02-02"/>
                <Participant name="wnRie32u" role="performer" IPDN="S_KkgOSVcS.rVONwXZG" performance="chorus master" grossFee="1208881828.35"
                     modifier="B" IPI="r_O8aNT10ccn5DK" birthDate="2019-03-18Z"/>
                <Participant name="o" role="producer" IPDN="cg2SHbxBbXrHmO5Ox" performance="conductor" grossFee="1772084930.65" modifier="B"
                     IPI="awHV1xWK9wd" birthDate="2020-06-12"/>
                <Participant name="kRSTG3nPhlca6A3.GkgUp2fAgKKD" role="performer" IPDN="OK0zfq24k55SSS" performance="supporting"
                     grossFee="1407407662.58" modifier="B" IPI="IRcBI.Lihran" birthDate="2019-12-16Z"/>
            </Participants>
        </Record>
        <Record title="dtLynVijNDGNIPrsAau_n1spe6" spins="794700694" ISRC="HU9DKI6YCS1I" year="8306" producer="Xe4xG_WFZRaRjQeaBvRlk-"
             label="oVNcy1SkuLQH3P8WJjG9cmnMK" recordNo="x__znOecs4CS" serialNumber="OKUIKqCRYvIIps45gOS-"
             isPremiere="0" usage="commercial" ISWC="KrASo" AKA="U5" genre="classical" broadcastedFrom="2019-05-09T11:21:16Z"
             broadcastedTo="2019-03-29T11:21:16Z" runtime="656523817" origin="report" alternativeTitle="zZD7L7htj3rC7prAtX0r0DWk-tGc"
             recordedFootage="1118727594">
            <Participants>
                <Participant name="F4wja7QfwWNg9efT3VcR6iM045" role="subscriptwriter" IPDN="VQLSXmuf2Ze20n_qrgbZxedesI" performance="soloist"
                     grossFee="1733618552.43" modifier="C" IPI="VOU4LuOSl1BSupNVn-" birthDate="2018-07-13Z"/>
                <Participant name="NXGcqBx.Ln8Gi8ip" role="sound engineer" IPDN="hc8THjaJ9zXc5PGWmq0nF1zXhqWcV" performance="main"
                     grossFee="-343721280.62" modifier="B" IPI="SfHUBPQRp0K" birthDate="2019-12-10Z"/>
                <Participant name="m_bwVQW" role="scriptwriter" IPDN="nKs_" performance="supporting" grossFee="1544407794.52" modifier="A"
                     IPI="CZ21" birthDate="2020-06-05Z"/>
                <Participant name="Nmpi9zM1OFp" role="performer" IPDN="Ps9s7Y4Irt-GxrZp" performance="soloist" grossFee="-1915765738.75"
                     modifier="A" IPI="iRXDV2" birthDate="2018-10-19"/>
                <Participant name="EWE.Sb8la" role="sound engineer" IPDN="Yh7q2FYFiNW.8SNtd29anocE7E" performance="chorus master"
                     grossFee="1050329131.50" modifier="B" IPI="UDQYN" birthDate="2020-05-07Z"/>
                <Participant name="s6gel" role="scriptwriter" IPDN="dSi05zE8l96oL0yTirfwdHG" performance="supporting" grossFee="954219439.14"
                     modifier="A" IPI="B1Y" birthDate="2020-06-09"/>
                <Participant name="zxSAM6_e6YaaC" role="producer" IPDN="dKgHbZv9jfrJ3OplL_k" performance="main" grossFee="1417826074.89"
                     modifier="A" IPI="sPOi" birthDate="2019-02-04Z"/>
                <Participant name="oZ6ybYb" role="performer" IPDN="t8fDpCTyl-wHIOTXrtWr" performance="main" grossFee="-158745700.23"
                     modifier="C" IPI="c4C87ToBUvarqEfHpkPS1NwuQD" birthDate="2019-09-19"/>
                <Participant name="tJl82BB8Mhk4ic..p5ZBi" role="producer" IPDN="itz7uTH.ntfYgUsmQIaqk" performance="chorus master"
                     grossFee="-418903898.47" modifier="B" IPI="lQ_HWU_" birthDate="2018-12-14Z"/>
                <Participant name="AydC6x-nmPhAw6MQi" role="remixer" IPDN="pA4mgRpR9NERUVLF58KQRaJFf6EG" performance="supporting"
                     grossFee="-700929991.37" modifier="A" IPI="PwtwpjmMT" birthDate="2018-12-19"/>
            </Participants>
        </Record>
        <Record title="Q8kLTV" spins="1793528206" ISRC="QN8O6QKW0HE3" year="5705" producer="dKaTWaU-CaW0l0Rm" label="T1r"
             recordNo="dVfRnY.3VJwvPHwkIXEVPc9WXjSd2" serialNumber="R4CBk9" isPremiere="true" usage="jingle"
             ISWC="Z" AKA="iA" genre="commercial" broadcastedFrom="2019-07-31T11:21:16" broadcastedTo="2019-07-10T11:21:16"
             runtime="23558170" origin="live broadcasting" alternativeTitle="PjZIgTYoL" recordedFootage="605888278">
            <Participants>
                <Participant name="_NkxgBD" role="subscriptwriter" IPDN="bjqVX" performance="soloist" grossFee="-466324187.80" modifier="C"
                     IPI="_cGEwIkm" birthDate="2019-03-14"/>
                <Participant name="wlUS0gj0iX.Vn4lxWuvdV" role="arranger" IPDN="jU1Urd8tV2GKRh" performance="soloist" grossFee="1770287147.76"
                     modifier="B" IPI="wtei.yfa1TfiM_LKr8iZRDaWYZun" birthDate="2018-07-26"/>
                <Participant name="Ri2VQueKdeW8.X" role="sound engineer" IPDN="RH2nK5kXcM4oDh1" performance="chorus master" grossFee="1410133266.11"
                     modifier="C" IPI="YWXGZdtUrCAWHJYvhvhU_q" birthDate="2020-03-16"/>
                <Participant name="rRBaxERzetA_qrhMbULIN" role="sound engineer" IPDN="hmyqv9PYHE7ziwAt" performance="chorus master"
                     grossFee="2055347027.58" modifier="C" IPI="r-h7oH0_jYmtmJrixJz" birthDate="2019-09-24"/>
                <Participant name="d" role="sound engineer" IPDN="W_vT2TXkhyxrTnf3To3tIQ." performance="supporting" grossFee="-1266120028.29"
                     modifier="A" IPI="SOYWJN" birthDate="2019-07-11Z"/>
                <Participant name="s8tn" role="sound engineer" IPDN="fNjSuZHJA" performance="chorus master" grossFee="-1270720624.23"
                     modifier="A" IPI="oiBiRtmtLA9dcq" birthDate="2020-04-21Z"/>
                <Participant name="kBD2xOI7F0OQYP9WR-WS_9" role="composer" IPDN="LwKSY4FJ2oVgl5eZQ" performance="main" grossFee="1672049961.79"
                     modifier="C" IPI="HhhBTye81aCiRbimN3RgDzpT3vQB" birthDate="2020-05-22Z"/>
                <Participant name="oq3rrV" role="remixer" IPDN="m1S7TYFaLzb" performance="soloist" grossFee="1893134791.73" modifier="C"
                     IPI="FTeZmM8scCY2y6YzLoXuJrElxL" birthDate="2019-09-19"/>
                <Participant name="N-s.aT49UwzQ7Ay" role="composer" IPDN="wra3RyZKvBT" performance="main" grossFee="868397904.78"
                     modifier="A" IPI="Qr" birthDate="2019-03-26Z"/>
                <Participant name="y-b6FdTWOzIN9" role="subscriptwriter" IPDN="k2YA6iOEc5Y_neikwsVf4TB9wWVP-V" performance="soloist"
                     grossFee="803016070.57" modifier="A" IPI="Gdtg0bdtOPkQCIJdMtC2v2vlV1vy" birthDate="2020-01-28"/>
            </Participants>
        </Record>
        <Record title="ZP1K9zL0eWxvkMaxKiga2HYgec10" spins="1802607719" ISRC="AEU4EPVRNY45" year="4404" producer="k"
             label="W3YDcDHfAQD" recordNo="iGWnJmO2dMkB9qxDsgrbz" serialNumber="Ex5i.nY4HWOLmf1.wmLTL"
             isPremiere="true" usage="broadcast" ISWC="rov0ECKKAoCvTPXLTam.es" AKA="cn6tkt" genre="jingle"
             broadcastedFrom="2019-10-03T11:21:16Z" broadcastedTo="2020-01-21T11:21:16" runtime="98470096"
             origin="commercial" alternativeTitle="xRi9_RwfdLUt0fyywangqH" recordedFootage="2036339878">
            <Participants>
                <Participant name="uNVe21bLbKMp7jI0mYfUS705dQEx5A" role="remixer" IPDN="_xpDxKqIqc8YkAMhYvV_Vl" performance="chorus master"
                     grossFee="1722711618.24" modifier="B" IPI="gYP1dr6GE2pu3wTq3y9OC.SX" birthDate="2020-01-09Z"/>
                <Participant name="hAQj7GIDU5U_pAvQOo5laIkFQReL" role="music director" IPDN="_06U4xy5cBG3w7yFvtSYCc" performance="chorus master"
                     grossFee="-1548617182.68" modifier="A" IPI="ldxbyjx" birthDate="2019-06-02Z"/>
                <Participant name="cAj-wNpBhRouifu8A-1c3T5DKLat" role="subscriptwriter" IPDN="k2m_K.PAJd6" performance="conductor"
                     grossFee="469931399.42" modifier="B" IPI="q71LxhCIfilc9rEomRSL." birthDate="2019-11-13"/>
                <Participant name="PFJxCG33QIFr2udw" role="music director" IPDN="V1b0Qwg" performance="conductor" grossFee="1125907505.42"
                     modifier="A" IPI="yDbM9Am7Tko4Q7gSmUx" birthDate="2019-10-14Z"/>
                <Participant name="UV" role="remixer" IPDN="hwGDvyApY6V7Z0NkMvXBbDBATVh" performance="chorus master" grossFee="-1019569660.28"
                     modifier="A" IPI="iu.k9C5NSLsZrSF6qkxrEDq7c-D" birthDate="2018-08-25"/>
                <Participant name="oj1yj2gkN.uP5qHsYl4Q6xMakFOhU" role="subscriptwriter" IPDN="qucF-Dq3ur_62QqW" performance="soloist"
                     grossFee="627783387.48" modifier="A" IPI="ZT5gkiqLz" birthDate="2019-11-20"/>
                <Participant name="uU" role="composer" IPDN="bpIs8oqEghsZ1" performance="supporting" grossFee="-828526755.06" modifier="A"
                     IPI="cukH6fhDN90.SANExg" birthDate="2018-07-24"/>
                <Participant name="Di5WVs7V" role="scriptwriter" IPDN="dDakTpSNkzXPzngnm4o" performance="conductor" grossFee="1105319020.34"
                     modifier="A" IPI="F4wCMA_MPC" birthDate="2019-01-10Z"/>
                <Participant name="YdEQ.q8O.zdpg2fPX" role="arranger" IPDN="P" performance="main" grossFee="879309455.91" modifier="C"
                     IPI="FfGiU" birthDate="2019-10-12"/>
                <Participant name="MFob7drGk0z" role="scriptwriter" IPDN="AeUthlr" performance="conductor" grossFee="1816865775.22"
                     modifier="B" IPI="Tr1gGEO.Cl.PPpP5." birthDate="2018-07-31"/>
            </Participants>
        </Record>
    </Record>
    <Simulcasting from="2020-04-30T11:21:16Z" to="2020-04-11T11:21:16Z" station="Y4RQ7uKID5NZaaix3Ab2JqSVFG"/>
    <Simulcasting from="2019-09-16T11:21:16" to="2020-02-16T11:21:16Z" station="UCdDp6kXQFfQZraV4VcRBE_isi8L-t"/>
    <Simulcasting from="2018-12-25T11:21:16" to="2019-08-31T11:21:16Z" station="Px"/>
    <Simulcasting from="2020-03-27T11:21:16" to="2020-01-21T11:21:16Z" station="jEQoAIL1AC24HFodk"/>
    <Simulcasting from="2019-10-07T11:21:16" to="2018-08-29T11:21:16Z" station="qDbcWPsf"/>
    <Simulcasting from="2019-03-02T11:21:16Z" to="2020-06-10T11:21:16Z" station="GMMBk_E9Dg"/>
    <Simulcasting from="2019-07-23T11:21:16Z" to="2019-05-30T11:21:16" station="Nmjzmk9dWWu"/>
    <Simulcasting from="2019-02-25T11:21:16" to="2018-07-08T11:21:16Z" station="DRt.s-3n4Sl-mbUp_7PDzHzp0u"/>
    <Simulcasting from="2019-06-26T11:21:16" to="2018-09-02T11:21:16" station="DXF7d6r5vQ0kH2"/>
    <Simulcasting from="2019-04-13T11:21:16" to="2019-07-02T11:21:16" station="zta49Y"/>
    <Record title="wx7V" spins="944204858" ISRC="3D835991662N" year="8545" producer="cYqqyJ8Bsc4Go2iOMHr" label="ZMq7VwLNIEn-ob7Ic3D"
         recordNo="kdJlHdna9SFTNOk" serialNumber="VyYx" isPremiere="true" usage="jingle" ISWC="TA4EMNF.-jZPjJRpuJ_1.9"
         AKA="huH7haJ3J.El5jmJ" genre="jingle" broadcastedFrom="2018-09-06T11:21:16" broadcastedTo="2019-10-26T11:21:16Z"
         runtime="1797068858" origin="free usage" alternativeTitle="FM0A1PEBL12brcnfVS" recordedFootage="138424714">
        <Participants>
            <Participant name="aely4AqQIYDmkz40BTep2" role="producer" IPDN="EITuH8ihcsxoUSyJ" performance="chorus master" grossFee="2043470510.67"
                 modifier="C" IPI="gi959ma8KbJ4A6xfKsz_RXjPs5aI" birthDate="2018-11-27"/>
            <Participant name="F08gmmp5HP5VGpvV" role="scriptwriter" IPDN="dPS5xZv.s-49AysVn248JmAmoR" performance="conductor"
                 grossFee="-2088000415.33" modifier="A" IPI="p6qVQ6EpF-sTO7ZZkFdxiMv" birthDate="2019-04-30Z"/>
            <Participant name="wWS3.b" role="scriptwriter" IPDN="rM-mmibxE3Rvc_EN-B" performance="conductor" grossFee="-1850793258.75"
                 modifier="B" IPI="qv0uj9DViB0y6W" birthDate="2018-09-10"/>
            <Participant name="jvhm.E_zD6kb.Ss0Nm2gu" role="producer" IPDN="_h2cIpDXo9FlOCracQX5yD1W_MV_mR" performance="supporting"
                 grossFee="-138946303.97" modifier="A" IPI="n" birthDate="2019-08-09Z"/>
            <Participant name="sIJjzdXFhz" role="music director" IPDN="cGl" performance="chorus master" grossFee="-164935455.68"
                 modifier="C" IPI="paovUgq2lDtOETu" birthDate="2019-10-27Z"/>
            <Participant name="OgPdhv" role="sound engineer" IPDN="WI.sTLIPAyIH-U7d3bmA0d" performance="chorus master" grossFee="-1928877965.00"
                 modifier="C" IPI="hJPLDlwqarMxiTd4t4iE" birthDate="2018-09-16Z"/>
            <Participant name="cuaEJ15x.4" role="performer" IPDN="H" performance="soloist" grossFee="447275842.75" modifier="A"
                 IPI="UyFfA823Ismu70Pi7lf6S_NMjlv4X" birthDate="2019-08-20Z"/>
            <Participant name="qS6H_85LrnPa" role="scriptwriter" IPDN="cVaYzO3eJpsTM" performance="supporting" grossFee="-760369102.84"
                 modifier="B" IPI="hmk8DzkivEIOZzacStE5GL" birthDate="2020-04-24Z"/>
            <Participant name="ratWxjKNtKoqoMJInBBCcSU6F" role="scriptwriter" IPDN="y_aakN6F2-XjMdQn85ZoV4q7" performance="conductor"
                 grossFee="1896023193.47" modifier="B" IPI="yM6M0f4Wp5FgHSGlTyi" birthDate="2018-09-24"/>
            <Participant name="wB0RN8Fmpy_iATPKUwxn4" role="sound engineer" IPDN="pAglOqOWWavx_uFx9" performance="conductor"
                 grossFee="-297031636.50" modifier="C" IPI="XHonhq-" birthDate="2020-05-21"/>
        </Participants>
        <Record title="H-ZebC2x8I_-19a" spins="1826488862" ISRC="0D32NUE4T3YQ" year="4190" producer="lS66.jMWTVTtyI0yR6NM2PxutJPJT"
             label="B5PH.qRS.Y9pM" recordNo="WSrpS_oL" serialNumber="vazGD4LSOa0FV-OeBxcqi" isPremiere="0"
             usage="commercial" ISWC="U-h4GLCs" AKA="Iz" genre="classical" broadcastedFrom="2019-06-16T11:21:16Z"
             broadcastedTo="2020-03-03T11:21:16Z" runtime="2037751780" origin="recorded stream" alternativeTitle="afsGr2qN9"
             recordedFootage="255326372">
            <Participants>
                <Participant name="gdw62MIztqcauU2OM.HwCnicq1o4K" role="subscriptwriter" IPDN="qD" performance="chorus master" grossFee="2054597131.77"
                     modifier="B" IPI="gn8qUCMZDc.sAIJRYbFu39ejExDF8" birthDate="2019-05-13Z"/>
                <Participant name="E6on" role="remixer" IPDN="jM0sAqm4z9.c7TeBMolOV0kTbTPS" performance="main" grossFee="-1813683293.56"
                     modifier="C" IPI="hg0sFQijlD7rXwfVDO3URkR" birthDate="2020-06-12"/>
                <Participant name="wUImXM-_" role="scriptwriter" IPDN="Sxv" performance="chorus master" grossFee="1985343436.98"
                     modifier="B" IPI="ArA6xraW6" birthDate="2019-04-08"/>
                <Participant name="IdT7lLNuFeOL6HAqAKSiOFO1" role="scriptwriter" IPDN="RoH1PZp3ozh-PEOV" performance="soloist" grossFee="-1646556998.06"
                     modifier="A" IPI="ocBkgmXAw24prkEq.Az6" birthDate="2020-02-19Z"/>
                <Participant name="Poc" role="subscriptwriter" IPDN="iLWCsW46NqGZOELPNfr30" performance="supporting" grossFee="1620281756.78"
                     modifier="C" IPI="jOuYcI" birthDate="2019-09-21"/>
                <Participant name="mMgbj8snltG-lRjkx_fo.29J71" role="sound engineer" IPDN="lMZfL8g" performance="supporting" grossFee="-575883380.70"
                     modifier="A" IPI="x" birthDate="2020-05-24"/>
                <Participant name="R" role="sound engineer" IPDN="hxts.Mbxb2ugj0-usqCWu2UBF" performance="conductor" grossFee="-2004038334.69"
                     modifier="A" IPI="fov" birthDate="2020-03-03"/>
                <Participant name="Tq" role="producer" IPDN="lzVebPekWOKN361" performance="conductor" grossFee="-31973224.18" modifier="B"
                     IPI="i" birthDate="2019-09-08Z"/>
                <Participant name="lGG" role="music director" IPDN="vVIlWoZcBN1rdJm6F" performance="main" grossFee="-1270377191.16"
                     modifier="B" IPI="oxoizvAvQLc5ksutc1aiD" birthDate="2019-08-19"/>
                <Participant name="lRiNtieSW" role="arranger" IPDN="I" performance="chorus master" grossFee="-833798232.24" modifier="B"
                     IPI="Cb38U2..9BEwCI" birthDate="2020-05-15"/>
            </Participants>
        </Record>
        <Record title="Jy5uIuhbr_fd6TWN2BQD9FeiPW7" spins="401640408" ISRC="P48NO80L14HH" year="2181" producer="f-.KaBjRBE4qxEYwqvvNqAS"
             label="_MYv5AbCTQcu.M" recordNo="DxpCTzvTZdrXAf5s-S0p9N-oBLT" serialNumber="PYqmwf4of3"
             isPremiere="true" usage="broadcast" ISWC="cvacdqL" AKA="rL42awojcgZFm51qIYIWT7g_BH" genre="commercial"
             broadcastedFrom="2018-09-18T11:21:16Z" broadcastedTo="2019-06-07T11:21:16" runtime="1448252774"
             origin="commercial" alternativeTitle="dkpYrQU0hWlZ" recordedFootage="1172611610">
            <Participants>
                <Participant name="GsAhrkOaN6Z" role="arranger" IPDN="hyg_KZ" performance="chorus master" grossFee="1555070630.48"
                     modifier="B" IPI="gfDBfioB0wn_vna0EC89yiR_zk-LL" birthDate="2020-01-31Z"/>
                <Participant name="yTjrg1jN.5NlTNZ7" role="producer" IPDN="lozEV_-VZaMtEQPID55Q-uhvSQ" performance="conductor" grossFee="-144623156.02"
                     modifier="C" IPI="yy" birthDate="2018-12-04Z"/>
                <Participant name="YYFHxnpTG" role="producer" IPDN="ubl7Pae1Ji61_Syyq2SnToGXetQ" performance="conductor" grossFee="2118934870.93"
                     modifier="B" IPI="ZY_m" birthDate="2018-09-05"/>
                <Participant name="VM_TDSmzBvhDjv3.qvqlbO45pr" role="music director" IPDN="yk_MIdHJmD235KyzFPi" performance="supporting"
                     grossFee="665343862.16" modifier="B" IPI="uvxNNP2eEsySlMSo0XBRYZ3nAujQt" birthDate="2020-02-21"/>
                <Participant name="TL." role="producer" IPDN="BEh._3y7HextI3Mx" performance="chorus master" grossFee="-1227127887.54"
                     modifier="C" IPI="eleN58T1bFl7H4BB-PRaXIz" birthDate="2018-10-22"/>
                <Participant name="iBPBpt.XrrCBU" role="scriptwriter" IPDN="R_NK" performance="chorus master" grossFee="-758342872.99"
                     modifier="A" IPI="Q8koJuYogpL5ReN5JamzJ" birthDate="2018-12-06Z"/>
                <Participant name="bjFG8" role="subscriptwriter" IPDN="F5Bg0Z" performance="soloist" grossFee="1499365382.97" modifier="C"
                     IPI="ZsMTk_MZhwlgUTmx." birthDate="2018-12-04"/>
                <Participant name="YPUCv2cxZrngJOTjDfyj" role="music director" IPDN="fnEUWi2aMGTn" performance="soloist" grossFee="-1071027093.64"
                     modifier="A" IPI="DrWwo9qCUVMgn4cgVOQor" birthDate="2019-04-18Z"/>
                <Participant name="gK-oTjc3" role="performer" IPDN="PAHKvB1xcOD9fRAR3drOGO" performance="main" grossFee="649027898.75"
                     modifier="B" IPI="usbBQ8moHYEZIc07u2RTCGRX3G" birthDate="2019-03-25"/>
                <Participant name="oU" role="remixer" IPDN="ag4fePzSFhgEZ6Wl" performance="chorus master" grossFee="252864199.10"
                     modifier="B" IPI="qlj" birthDate="2020-04-19"/>
            </Participants>
        </Record>
        <Record title="QwbKS3uki4L2l3u-bUXJDwi" spins="1327594831" ISRC="GSZTUZ88391I" year="7280" producer="TqAFXueo"
             label="WqaABP7aJFnAk2sENZwQWNWtuVq" recordNo="zIfpvdQa" serialNumber="Ra" isPremiere="false"
             usage="commercial" ISWC="I5a4l2hguB8WyNR" AKA="hCkYxgBpwiK2YFPVlMa9j2gzy" genre="composed"
             broadcastedFrom="2019-08-03T11:21:16Z" broadcastedTo="2019-02-16T11:21:16Z" runtime="2032611743"
             origin="commercial" alternativeTitle="r4dNiajqC6Ep7C" recordedFootage="1632906406">
            <Participants>
                <Participant name="kWnINbQjH50XZYi4Z_S6imE" role="sound engineer" IPDN="Mf" performance="supporting" grossFee="1308563490.69"
                     modifier="B" IPI="DGx4JbJu8wr1hyW" birthDate="2019-06-05"/>
                <Participant name="iPYzIl88-kEejWYdrIbnb88BxEi" role="performer" IPDN="ooU" performance="supporting" grossFee="-528120270.49"
                     modifier="C" IPI="H8u9wPLs7F5mvokb5N07" birthDate="2018-11-07Z"/>
                <Participant name="NazPxsZl2v4kfnq8FWzLjPDt" role="subscriptwriter" IPDN="HUoju8BLB4cWD" performance="main" grossFee="-892391876.89"
                     modifier="A" IPI="g" birthDate="2019-12-12Z"/>
                <Participant name="FnC82ied88VEokbRVtKbuIsKBfGH6g" role="performer" IPDN="xrh1tA1q4W.SHg7aEYFe" performance="soloist"
                     grossFee="574321799.53" modifier="C" IPI="mHUCIcSv3NXwUgtNM4nihrwZ_yU" birthDate="2019-12-28"/>
                <Participant name="_YwCFem0LkTNW" role="music director" IPDN="jpW8eobj" performance="conductor" grossFee="-1428488305.59"
                     modifier="C" IPI="Zej_B" birthDate="2019-09-16Z"/>
                <Participant name="Kw" role="producer" IPDN="sodYA-y03NnkIJ" performance="chorus master" grossFee="-503345973.60"
                     modifier="A" IPI="Pi-" birthDate="2019-03-18"/>
                <Participant name="Jcq" role="remixer" IPDN="e-m_El.O31owJK" performance="conductor" grossFee="-719270217.89" modifier="A"
                     IPI="oS" birthDate="2019-11-11Z"/>
                <Participant name="buvk-0v8X" role="subscriptwriter" IPDN="JfW_gGcO-vDTxRZKP7AZ-Gkdnuj8Cg" performance="chorus master"
                     grossFee="1673910522.32" modifier="B" IPI="rPA_rAouAaf6fxgpP2" birthDate="2019-03-24Z"/>
                <Participant name="qf7TTKsOa_6.bm" role="performer" IPDN="BLlaljMoouvRxZyy98rnJau8ow4" performance="chorus master"
                     grossFee="-1029613385.33" modifier="B" IPI="EPT7GJWNKWp0" birthDate="2019-03-07"/>
                <Participant name="DuXsNT" role="producer" IPDN="OzzZeG9s2tiZ5J4yFUEZD-" performance="main" grossFee="1268149439.36"
                     modifier="B" IPI="K_6M" birthDate="2020-04-09"/>
            </Participants>
        </Record>
        <Record title="CEinS06hz" spins="544530805" ISRC="HBII11Y5U12B" year="9851" producer="lQCMUZSJw" label="_niOQOMZkmT4viR2RA4LOxC_1L"
             recordNo="cHf" serialNumber="i-gJ0U" isPremiere="0" usage="broadcast" ISWC="eCihxLgCRZQO_N4VyH4JEAuI_p"
             AKA="xuG3" genre="composed" broadcastedFrom="2018-10-02T11:21:16Z" broadcastedTo="2018-07-12T11:21:16"
             runtime="1181798649" origin="free of charge" alternativeTitle="YqkHhWuzpeByYWuh87d" recordedFootage="1161041938">
            <Participants>
                <Participant name="T11hnAT7" role="music director" IPDN="x-P1.j" performance="chorus master" grossFee="-1940872062.64"
                     modifier="A" IPI="Z7Rsc1coXzQP5y9iGoZHhj0AnEM8F" birthDate="2019-03-20Z"/>
                <Participant name="ZkgHZXjFfenwI-ztvx0nl-HgziZ" role="producer" IPDN="Vg__ib8QqJZrQ7ImRZVY-z" performance="conductor"
                     grossFee="183709797.04" modifier="C" IPI="zvBn9x02dmxL.NAXgxnhaD5emS-wAy" birthDate="2018-10-05"/>
                <Participant name="FT7vIQfg-0fNu3Zhev0B" role="producer" IPDN="JE4f5dLU_Ab" performance="soloist" grossFee="-1855738096.18"
                     modifier="C" IPI="wiGeSd05HM2" birthDate="2019-06-26"/>
                <Participant name="_..v30ajSDIFYe" role="performer" IPDN="C0nbD9a" performance="supporting" grossFee="2052975172.71"
                     modifier="A" IPI="rZly-P" birthDate="2019-10-29Z"/>
                <Participant name="J4OdkOnvsW" role="scriptwriter" IPDN="azRz8hGKA1y11p.WQtZJC" performance="main" grossFee="-1736373458.86"
                     modifier="A" IPI="Cloe5MGyPRtU88F4PQ56ut" birthDate="2018-12-10"/>
                <Participant name="c-Zt.PozkqGfBkcWPkJI" role="arranger" IPDN="z9eLItDMHVXPXkA_Lz5" performance="main" grossFee="-573864744.16"
                     modifier="B" IPI="grjmm.8M1bQus4eXjEbZdTyF" birthDate="2019-09-18Z"/>
                <Participant name="hEku5FuQRD64pEKLIye_Z61RGsk5p" role="remixer" IPDN="yeeke86YBJ4MjWyrRYIhU" performance="conductor"
                     grossFee="885904965.35" modifier="C" IPI="JYxTQPXwwRd.j" birthDate="2019-10-20"/>
                <Participant name="W8-mxqk3OT" role="scriptwriter" IPDN="bejMY9YzrXytQ85pWs4Mp.6W-Nx" performance="chorus master"
                     grossFee="546077186.42" modifier="A" IPI="ynAuLHnxr5ntf" birthDate="2019-02-04"/>
                <Participant name="H1bo.LYWKSD" role="producer" IPDN="GMgovgs" performance="main" grossFee="1181141014.80" modifier="B"
                     IPI="u6udfbw9EJqRrH6t" birthDate="2020-02-06Z"/>
                <Participant name="x" role="remixer" IPDN="sf" performance="soloist" grossFee="1958363961.24" modifier="A" IPI="yJHgs83vgwM.RAfBU2d1EgF"
                     birthDate="2020-01-21"/>
            </Participants>
        </Record>
        <Record title="w" spins="1792671400" ISRC="Y8DO84GUCJY8" year="2518" producer="Yi.yJ_91TLZ5DxgRqaNhr1wW" label="j07CxCDajg0dWd"
             recordNo="DUX1vrJW" serialNumber="UZ8k.zRz1ySd7PMzuB6ZKjg" isPremiere="0" usage="broadcast"
             ISWC="xcrf1AK5lGAGdAvhQA3BVxenI0M" AKA="vupZe" genre="pop" broadcastedFrom="2019-10-29T11:21:16Z"
             broadcastedTo="2019-02-22T11:21:16Z" runtime="1776811790" origin="free of charge" alternativeTitle="UgmM-6EscwwPrdC"
             recordedFootage="276290955">
            <Participants>
                <Participant name="EIF.UgQ3d4.cjWwCzwIU" role="performer" IPDN="FcMOQ1rt4S34pjs" performance="soloist" grossFee="1314161686.74"
                     modifier="C" IPI="u2hdQ" birthDate="2018-12-30"/>
                <Participant name="dXX1KYPhf" role="scriptwriter" IPDN="pPqMyx0-15Bj9NMl" performance="supporting" grossFee="-1118546240.39"
                     modifier="C" IPI="c7d7dwEHAt-iqgpAYkFXY1y2s" birthDate="2018-10-16"/>
                <Participant name="iJSf9Uh9JdiR0d" role="music director" IPDN="h4y7lP9ouy" performance="supporting" grossFee="1205512703.24"
                     modifier="A" IPI="Pq4oDy_7-2cJCSh" birthDate="2018-08-15"/>
                <Participant name="ADC9U" role="performer" IPDN="kbtLl__2YpcKkC-DJLyCo9oaCksEx5" performance="conductor" grossFee="244306535.16"
                     modifier="B" IPI="_" birthDate="2019-07-26"/>
                <Participant name="nB9SGnmgQqx" role="music director" IPDN="MAO_" performance="supporting" grossFee="-1076547813.99"
                     modifier="A" IPI="bj40Ys_HYWWfFxXoDkZJVBy2BCeRSR" birthDate="2018-08-28Z"/>
                <Participant name="vmQ" role="sound engineer" IPDN="rezCNtlvev6KK9" performance="soloist" grossFee="-1192891344.92"
                     modifier="B" IPI="w" birthDate="2019-02-19Z"/>
                <Participant name="hNkn31L7_8maa" role="remixer" IPDN="v6hFOHtlhwDOr" performance="supporting" grossFee="1490786165.18"
                     modifier="A" IPI="iBI" birthDate="2018-12-11"/>
                <Participant name="u2V9GadZcO.w97r" role="composer" IPDN="RxrlNonbK" performance="soloist" grossFee="1310529480.65"
                     modifier="C" IPI="Zfs9gxLDeF6_E" birthDate="2019-10-12"/>
                <Participant name="jj0.woM" role="performer" IPDN="IdzxjEVyHVNw5P" performance="soloist" grossFee="453597354.30"
                     modifier="C" IPI="GCyomHWPSrJVbgErbz72o.cFGlPC-q" birthDate="2020-03-30"/>
                <Participant name="pMqH1.mMw01b1b" role="sound engineer" IPDN="ZpD" performance="soloist" grossFee="-1072007504.12"
                     modifier="A" IPI="Aojj6" birthDate="2018-07-24"/>
            </Participants>
        </Record>
        <Record title="huF7-ITwTqaLy6Emcbk" spins="688903661" ISRC="8O1MQLD6N32Q" year="5128" producer="DSDNbx.A" label="H64QrRn6Qy"
             recordNo="KoaK.7j4AJVv6UDY7h_dOpKy" serialNumber="QfNTCZUP6" isPremiere="0" usage="jingle"
             ISWC="D5" AKA="dPO7SjlWbOvHY3nJDkd" genre="composed" broadcastedFrom="2018-07-30T11:21:16"
             broadcastedTo="2019-02-03T11:21:16Z" runtime="740675994" origin="commercial" alternativeTitle="HC3tTelAyKaq-TDd9kfCzy"
             recordedFootage="1720280156">
            <Participants>
                <Participant name="FBdK9r.dWw8jP9PqN-.Tq" role="subscriptwriter" IPDN="BCIVXeVGzm" performance="main" grossFee="-1656627877.59"
                     modifier="A" IPI="hw" birthDate="2019-10-15Z"/>
                <Participant name="AvoSq7yJkrg-2OoZz" role="arranger" IPDN="_nGnX" performance="main" grossFee="-1829247250.38" modifier="A"
                     IPI="_OP3Af4QHcJC7xs-_5vDmssJWce" birthDate="2019-10-13Z"/>
                <Participant name="qmGb8TllHu03ISuxRZvrtX-bI" role="subscriptwriter" IPDN="zGplDMCZhqS.Kjyf01e.1-6C" performance="main"
                     grossFee="1639138812.72" modifier="A" IPI="Yf_gLcR" birthDate="2018-08-12Z"/>
                <Participant name="oGTfMTUpr6XMcRqKe84g6H35F" role="sound engineer" IPDN="I3yOAwHm.4n6NVGtRoJS0VKg" performance="conductor"
                     grossFee="869975851.14" modifier="B" IPI="gNhEK26BiJwXp9pMaOiDLvfil4-S" birthDate="2020-03-01"/>
                <Participant name="Sgk-" role="composer" IPDN="XTvb_" performance="conductor" grossFee="-1725283689.90" modifier="A"
                     IPI="r7" birthDate="2019-03-26Z"/>
                <Participant name="oBuX4MIhHqBUJMRm1M7_XRorQLM" role="subscriptwriter" IPDN="YFjfuV" performance="conductor" grossFee="311668899.39"
                     modifier="A" IPI="l" birthDate="2020-02-02"/>
                <Participant name="WEaoxtoFxKE" role="remixer" IPDN="CUpB" performance="soloist" grossFee="-2042549846.03" modifier="A"
                     IPI="L0sCjWJ7Q1eGK" birthDate="2019-01-29"/>
                <Participant name="HG1EACAbMKorN" role="scriptwriter" IPDN="QqYnMVBs6SDGUfLhSZkSTExj" performance="soloist" grossFee="-1586744351.32"
                     modifier="B" IPI="L-cBRpsTHxVV" birthDate="2019-11-06"/>
                <Participant name="dxcxyk0w" role="sound engineer" IPDN="oPsAg5rw" performance="supporting" grossFee="-10143494.58"
                     modifier="B" IPI="Y0g6E9QrkVIkTjcspavUPUZ" birthDate="2019-05-25"/>
                <Participant name="gWtbdqq5" role="scriptwriter" IPDN="oC0G" performance="chorus master" grossFee="466276478.79"
                     modifier="A" IPI="rNyazRPabvyY-sJ_" birthDate="2019-11-15Z"/>
            </Participants>
        </Record>
        <Record title="LmlNYlciPb" spins="511487992" ISRC="2743PSW340I3" year="0468" producer="k.SDT7HM5u5" label="s5kCFtKrcEsDl"
             recordNo="Zhgr" serialNumber="NYTAlSJS" isPremiere="1" usage="commercial" ISWC="voBK" AKA="gJ3FRUlSvSP"
             genre="pop" broadcastedFrom="2020-05-06T11:21:16Z" broadcastedTo="2020-04-07T11:21:16" runtime="614443443"
             origin="commercial" alternativeTitle="MaKXloE2G5lfR" recordedFootage="130727058">
            <Participants>
                <Participant name="FSxzTcVa01ZXnA6kinIMSBi" role="producer" IPDN="zWdWBwP1FiFXjZE.nBwl0cJB" performance="soloist"
                     grossFee="-1037486548.31" modifier="B" IPI="Xj_SbW9PU" birthDate="2018-12-14"/>
                <Participant name="Cur-bck8FfMnBnAe" role="scriptwriter" IPDN="qxyuE4" performance="conductor" grossFee="106969923.12"
                     modifier="B" IPI="AKC1RTXRDuwnCkcqjkJ" birthDate="2020-04-07Z"/>
                <Participant name="u" role="music director" IPDN="jcj4o97OMZyp" performance="chorus master" grossFee="-1327005026.80"
                     modifier="C" IPI="AC" birthDate="2019-03-06"/>
                <Participant name="RuZDw5BgvvSwms-XdGJWK" role="subscriptwriter" IPDN="kJqRkU6NngR.JfbB34fsN_" performance="conductor"
                     grossFee="1371243738.29" modifier="A" IPI="zsQ" birthDate="2019-08-09"/>
                <Participant name="AeZmokkxpdJkfanBRWbuAu3dSHh6l" role="subscriptwriter" IPDN="d3lxdPB7ue" performance="conductor"
                     grossFee="1998583745.15" modifier="C" IPI="N-41hp1mgu8pawnYkgGLo_." birthDate="2019-10-22"/>
                <Participant name="_ClOdalvpYE3WeoA63k9YfR5T" role="arranger" IPDN="J-QeXbUhMSFJYvLAw0CLy" performance="main" grossFee="-254804428.32"
                     modifier="A" IPI="a" birthDate="2019-04-15"/>
                <Participant name="ljEMc6CdYqWG" role="scriptwriter" IPDN="NHYmUa6VX5hVMZa" performance="supporting" grossFee="-1336907098.17"
                     modifier="C" IPI="Lmol26N-14U" birthDate="2019-09-06Z"/>
                <Participant name="Ts3YFo4Q" role="composer" IPDN="ZUycBKTEpbFqqgF.TdMv5Ew5ZylED." performance="supporting" grossFee="9025117.66"
                     modifier="A" IPI="WdIGOVGINTzK" birthDate="2020-06-26Z"/>
                <Participant name="N71hucFQtcyYXYR" role="scriptwriter" IPDN="A1KN4yIhST-KeZWm8qFQijapRlXTa" performance="soloist"
                     grossFee="732887915.77" modifier="B" IPI="dPPP2KjkFKYyN" birthDate="2020-04-24"/>
                <Participant name="Y" role="producer" IPDN="inUxGlPtJoam44QOdC5g1DLtd" performance="supporting" grossFee="-1276880804.59"
                     modifier="B" IPI="NYQCYmFMbhODnuI6m6l3i" birthDate="2019-01-13"/>
            </Participants>
        </Record>
        <Record title="Lws7NHmUIXXIk7Pm8cGfSYn8" spins="2026137432" ISRC="AR74MMPR4J8E" year="9411" producer="vcoI_MBDimJ8"
             label="I5tdi5dCSWR" recordNo="OCh.5F5QdlKy-eR" serialNumber="dwr.dRff0f" isPremiere="0"
             usage="commercial" ISWC="M1pQ0SsMXTaR" AKA="QSB_263M.IqgFVcDnGlylyyrr" genre="pop" broadcastedFrom="2020-03-13T11:21:16"
             broadcastedTo="2020-01-31T11:21:16Z" runtime="1898018288" origin="self" alternativeTitle="J9KAN"
             recordedFootage="107279311">
            <Participants>
                <Participant name="k" role="performer" IPDN="yAtyz" performance="chorus master" grossFee="-759809238.69" modifier="C"
                     IPI="uGNi4XQJZHGa78rggxwAkPTEZ_i" birthDate="2019-05-05Z"/>
                <Participant name="UODh3s70Z.eCioBR1" role="remixer" IPDN="HBLgHQV8drWOggv2JWwsKvYGD" performance="main" grossFee="-1759342562.90"
                     modifier="B" IPI="gQGTXhdCuosBC" birthDate="2018-10-24"/>
                <Participant name="nwjFI8CMkZ" role="subscriptwriter" IPDN="y5F9Nap9wxEC2jZGJoUS" performance="conductor" grossFee="1288538070.91"
                     modifier="B" IPI="iziP5pUa-9ZYPqAu3i2ib" birthDate="2019-04-29Z"/>
                <Participant name="Pm7NA7EiooLpDs" role="music director" IPDN="JOQI3A8PCA" performance="conductor" grossFee="1829322055.30"
                     modifier="A" IPI="U" birthDate="2018-10-04"/>
                <Participant name="okf4NgEtdb1X" role="scriptwriter" IPDN="xV5qPAilWjkAD." performance="chorus master" grossFee="-1957051063.95"
                     modifier="A" IPI="kr08fi5dLETlt" birthDate="2019-10-25Z"/>
                <Participant name="u7Fr9jsNr" role="music director" IPDN="KuFIFaLCM3-Vs-RC0jKSLK" performance="chorus master" grossFee="624137334.45"
                     modifier="B" IPI="Sst1rL0lHXoq2.RwbOQOaU" birthDate="2019-05-02Z"/>
                <Participant name="KHqIE4vjSIu-gp" role="composer" IPDN="zhRM.Y" performance="soloist" grossFee="-1188735301.36"
                     modifier="C" IPI="hBavU0IqE_Fs" birthDate="2018-07-27Z"/>
                <Participant name="eA" role="sound engineer" IPDN="h-35" performance="supporting" grossFee="621161180.71" modifier="B"
                     IPI="cjcF67lXHhDsnyjJv" birthDate="2018-09-18"/>
                <Participant name="TKzt" role="remixer" IPDN="CpAwaC.b_tjIpe3bFv5htdu" performance="chorus master" grossFee="43084561.21"
                     modifier="A" IPI="xgc7Q694" birthDate="2019-09-13"/>
                <Participant name="h0SDrA1Pum" role="composer" IPDN="V1ggT7QupDWf0o1MZffbkEWePtq" performance="supporting" grossFee="-436014930.38"
                     modifier="A" IPI="vW" birthDate="2019-08-25"/>
            </Participants>
        </Record>
        <Record title="GkFIETDta7N" spins="1657451528" ISRC="17P64D669606" year="7502" producer="NkiA7R6qQ3dIx1EJ6uGXGve6M8MYYL"
             label="fU2uq8qCquYP" recordNo="XJPhXp-5E19" serialNumber="N98bcr-XB8rv63aRBIylncjTTtE" isPremiere="0"
             usage="jingle" ISWC="vxsLQTkuVwyPONWEc" AKA="C290bcTEV" genre="pop" broadcastedFrom="2020-02-24T11:21:16"
             broadcastedTo="2019-03-09T11:21:16" runtime="1496418523" origin="commercial" alternativeTitle="Z2s7"
             recordedFootage="1886570514">
            <Participants>
                <Participant name="JlnG4.rsG7xzU" role="sound engineer" IPDN="WKN" performance="conductor" grossFee="1944101117.12"
                     modifier="C" IPI="qbhjxGz-5tYEAiO" birthDate="2018-10-09Z"/>
                <Participant name="sW0nGC3tw2J4MKXnh8oonVXOQL" role="composer" IPDN="I18no80Y" performance="chorus master" grossFee="1533837249.59"
                     modifier="C" IPI="W.r" birthDate="2019-03-08"/>
                <Participant name="_YGCMYwKJOGQLWJSdD2nj" role="subscriptwriter" IPDN="wA4CFV" performance="soloist" grossFee="-320331117.75"
                     modifier="A" IPI="vK" birthDate="2019-05-18Z"/>
                <Participant name="iGuBA" role="remixer" IPDN="_SJs4jYxMJtb.W9N" performance="chorus master" grossFee="119443061.46"
                     modifier="C" IPI="ArDFvuGlXVSuhmtOZZsO4Jc86I" birthDate="2018-07-19Z"/>
                <Participant name="YKGOMugkVHy" role="music director" IPDN="_aDWBb2GhVaxmx2pb.t7DB" performance="main" grossFee="-1831660675.16"
                     modifier="C" IPI="YIh5kC8DD16gTQpPgjTpHTPQI" birthDate="2019-10-15Z"/>
                <Participant name="KXQCqnmZkVPJ3dOGzTfXpEEq" role="performer" IPDN="cxPQD35cr" performance="conductor" grossFee="1316265137.72"
                     modifier="B" IPI="Hd_U_GkONSbvy.R2" birthDate="2019-01-18"/>
                <Participant name="LgrvgAT8lTra.f-wYDr7nkfr4" role="sound engineer" IPDN="xR93zO3elyTykPTJoP26" performance="main"
                     grossFee="-1768553268.17" modifier="C" IPI="sZN7fCU" birthDate="2020-03-28Z"/>
                <Participant name="ADoAUowRqQ" role="producer" IPDN="B" performance="main" grossFee="754374542.53" modifier="A" IPI="t41j0kVeX7kHlpgizSL2a9ms3L-CH"
                     birthDate="2020-05-23Z"/>
                <Participant name="m5USn_6s88iUBNrjJG1Se" role="composer" IPDN="BQYMi" performance="chorus master" grossFee="-1768927406.74"
                     modifier="C" IPI="g_.nC2Ah.j" birthDate="2019-05-22Z"/>
                <Participant name="epe4xg4Zm4_AE" role="remixer" IPDN="H17ydbIuTIx2jcDxWcGCvwyE" performance="conductor" grossFee="-203200957.90"
                     modifier="A" IPI="sw5b8pMyGD83L80KbbbrTZgZ" birthDate="2018-09-09Z"/>
            </Participants>
        </Record>
        <Record title="wnwMTDLBr" spins="1572696012" ISRC="3VP0MUDDYB85" year="7211" producer="JCVF4P5z7TXg6Dy8bHxO"
             label="k." recordNo="_VggNRMBL." serialNumber="dPNtDb0EiQkju" isPremiere="0" usage="commercial"
             ISWC="uEaJcPtn08" AKA="EnYb-54YIm0sgs0fB9-Nu792" genre="classical" broadcastedFrom="2020-01-14T11:21:16Z"
             broadcastedTo="2019-02-25T11:21:16Z" runtime="88678099" origin="commercial" alternativeTitle="lLr7ysMMpH9uhJwFqqU-Q-C6e"
             recordedFootage="2121576579">
            <Participants>
                <Participant name="GUw8UkTqYqQuLfjLzoZMvQdJ1FQ" role="remixer" IPDN="BtBAtMBzjNSDwKjORK7Vj" performance="soloist"
                     grossFee="1403568480.21" modifier="A" IPI="D-6yQVLvTd.CVM2" birthDate="2018-08-14"/>
                <Participant name="gYa8rAlctGM5rDynJNxWpBFndg" role="remixer" IPDN="SR8pay085H730RDlSwZU" performance="conductor"
                     grossFee="1159581053.98" modifier="B" IPI="t0tJhg" birthDate="2018-09-26"/>
                <Participant name="S4ytxbWB57Ch570b6592jU5cdxP5" role="producer" IPDN="ZYuSg" performance="supporting" grossFee="1920426114.36"
                     modifier="B" IPI="yCaOoWtB..R" birthDate="2020-05-25Z"/>
                <Participant name="VOO" role="music director" IPDN="XQmh1aBxQgkmKWzuoGGRz4Ut5igZ" performance="main" grossFee="-1993792695.43"
                     modifier="C" IPI="e2svMrpmfo" birthDate="2020-06-23Z"/>
                <Participant name="V0AzZ3i-HPi" role="performer" IPDN="wd3jX370zAM" performance="chorus master" grossFee="552551158.96"
                     modifier="C" IPI="V4CE0HAJZfH3T3zLhVy9bYS16" birthDate="2020-05-09Z"/>
                <Participant name="p5ZKZaJALTDNwFo9_q" role="music director" IPDN="EzwZwxhlPqWc9V3qToxS_4H4" performance="supporting"
                     grossFee="-512834214.76" modifier="B" IPI="oOVKcL_o25sLhPBQqm6E0h77e" birthDate="2018-08-09Z"/>
                <Participant name="mA" role="music director" IPDN="soKRVcSXQ5qm9Xw8SjMSp-xNHhU3zD" performance="chorus master" grossFee="-707982725.37"
                     modifier="A" IPI="ADv462UX4.1k41ZaJ9wP" birthDate="2020-06-05"/>
                <Participant name="sYdFUIcm1DCUStx.HI8" role="remixer" IPDN="o2j5f" performance="chorus master" grossFee="-1617966838.94"
                     modifier="B" IPI="eskOEHBkN-L5rU" birthDate="2019-06-04"/>
                <Participant name="IPv" role="arranger" IPDN="qRqX7pKyNoglWVe7X0oHuY.o" performance="chorus master" grossFee="-1887738482.91"
                     modifier="A" IPI="CvlIpNvfWYft" birthDate="2018-07-18Z"/>
                <Participant name="U0VuT4n-1wUkwnPdbrT-oseqMf" role="arranger" IPDN="xTb2HSv-ftXX2c0e4dQAc7" performance="chorus master"
                     grossFee="1295503454.42" modifier="C" IPI="d5lNCX3SsqO" birthDate="2019-06-22Z"/>
            </Participants>
        </Record>
    </Record>
    <Record title="Isl13Mas0X4Uj4n" spins="2028514742" ISRC="ECB7Q6KSK04U" year="8099" producer="TJlNwm9pUS" label="e7rjo-c"
         recordNo="YV6lqK6Vq-NOaR" serialNumber="UnDlDzY8QLQP-5a1sk" isPremiere="false" usage="jingle"
         ISWC="iYJ6TYHNMo" AKA="db" genre="spoken word" broadcastedFrom="2020-01-06T11:21:16" broadcastedTo="2019-08-26T11:21:16"
         runtime="1785838066" origin="free usage" alternativeTitle="a" recordedFootage="144490611">
        <Participants>
            <Participant name="hMLSk9u41zq9Kv8Y9v" role="subscriptwriter" IPDN="JUpQ8bM4J2V" performance="conductor" grossFee="636613966.39"
                 modifier="A" IPI="b9T" birthDate="2020-05-06Z"/>
            <Participant name="eOkupFZ7OxscoG" role="arranger" IPDN="bIB_" performance="chorus master" grossFee="1069192489.92"
                 modifier="B" IPI="KZFNh" birthDate="2018-10-16"/>
            <Participant name="iwDHnJeDnedv." role="remixer" IPDN="ywOPo2TFiJwkwJRGQms1N" performance="chorus master" grossFee="1226973285.79"
                 modifier="B" IPI="sdmKkjDs5BOpvIESBwORD-tq" birthDate="2019-09-26"/>
            <Participant name="J6_mI" role="remixer" IPDN="Vh9CxaX12D" performance="supporting" grossFee="-320129310.08" modifier="A"
                 IPI="AB5uzO80RpSWABcxBDg" birthDate="2019-01-20"/>
            <Participant name="qTERDIgUA2jiD" role="producer" IPDN="P-Vz" performance="soloist" grossFee="71048488.14" modifier="C"
                 IPI="sVt3Bv9xONF14" birthDate="2019-08-29Z"/>
            <Participant name="HzhWAZ94Ss.ZYvNauhOp9sBzqwq" role="producer" IPDN="aF9OqhCu" performance="main" grossFee="-1222966199.29"
                 modifier="A" IPI="WOd_wFE.4LLRP" birthDate="2018-08-25Z"/>
            <Participant name="fqmynE" role="arranger" IPDN="UGGwbi-KPoo9p7S3kR1GRU9fZoFS" performance="main" grossFee="1051701175.72"
                 modifier="A" IPI="c_E" birthDate="2018-07-15"/>
            <Participant name="CowjCiS-iUEtZsma9" role="arranger" IPDN="vJ" performance="soloist" grossFee="-999830545.92" modifier="A"
                 IPI="qrl" birthDate="2019-05-25Z"/>
            <Participant name="T" role="subscriptwriter" IPDN="g4JtEB" performance="soloist" grossFee="-216021108.06" modifier="C"
                 IPI="OUQGxvK64XtfasDy.xkuoWoh" birthDate="2019-07-15Z"/>
            <Participant name="giVhvm1NMKd6992_Plt" role="scriptwriter" IPDN="oyqt06E7oa3J6qJH_UfXV" performance="chorus master"
                 grossFee="2121564508.42" modifier="B" IPI="M8OERTO3QAN_x" birthDate="2019-08-18"/>
        </Participants>
        <Record title="b_jlpuW5" spins="569361505" ISRC="7B403TRO37EY" year="9448" producer="U3M1B4nFuFWYpEd9jUw_zMwT"
             label="MSPB8de6-zWVIB0zg4Id2Ix5QJpLR" recordNo="dhGDy7tX79MYRS" serialNumber="D" isPremiere="1"
             usage="commercial" ISWC="ATVSvuRPjvvkJI2KlKW1rNnO2I" AKA="fpdUhxfW0f8" genre="commercial"
             broadcastedFrom="2019-05-07T11:21:16Z" broadcastedTo="2019-02-22T11:21:16" runtime="494776296"
             origin="live stream" alternativeTitle="qHRbKliE3tAtMRRW2_.9I" recordedFootage="1929395606">
            <Participants>
                <Participant name="_TtsHoVkB" role="producer" IPDN="IlZTztxgH" performance="conductor" grossFee="-574417257.18" modifier="B"
                     IPI="IZnn3cfN7omqBnycJm5i" birthDate="2019-05-31Z"/>
                <Participant name="zkM6ctiqm7_BS317a_QF" role="sound engineer" IPDN="o3sM4Ft8FM4JBk" performance="supporting" grossFee="483305157.01"
                     modifier="B" IPI="Y4Exgt" birthDate="2018-08-18"/>
                <Participant name="v9Esl" role="subscriptwriter" IPDN="Ni_zIlKGnHpm5_JYzajkjpi" performance="supporting" grossFee="1278722349.26"
                     modifier="A" IPI="U" birthDate="2019-06-15Z"/>
                <Participant name="hjHwn1gPNGakJp_NdsV" role="producer" IPDN="sXsPiLPl0XAbSCmGs2" performance="main" grossFee="-389582704.94"
                     modifier="B" IPI="M008479UjcGWDpdN_10nKVx9ix2k" birthDate="2019-02-03"/>
                <Participant name="GfPrL" role="arranger" IPDN="dp206mKobnQX90ZUSsZDWII-8JDwx" performance="main" grossFee="397726151.99"
                     modifier="A" IPI="uVKJ91h64PZWucV" birthDate="2018-11-30"/>
                <Participant name="M" role="performer" IPDN="g3q2OX.P5LIGIZ46uv82J" performance="chorus master" grossFee="-1880299270.09"
                     modifier="C" IPI="YENKOYqlrwDgEuZWEso6qfzU01X5u" birthDate="2019-03-26"/>
                <Participant name="uZWRL.b" role="scriptwriter" IPDN="j35ivOmF0EGSw" performance="chorus master" grossFee="-155925842.15"
                     modifier="C" IPI="upaglU4l4P" birthDate="2020-06-27Z"/>
                <Participant name="tQpPSgMCEk1Iu5Dxsi8O1" role="scriptwriter" IPDN="_zLwLAiALE_LJ0" performance="main" grossFee="-1553147659.75"
                     modifier="B" IPI="owYGCOy4" birthDate="2019-04-23Z"/>
                <Participant name="sh.vhJa4AKK9BAmQ.yTpi5nCI0mD" role="performer" IPDN="K" performance="supporting" grossFee="-1035819466.21"
                     modifier="B" IPI="KQk_486dH" birthDate="2019-06-13"/>
                <Participant name="v4-YVakm" role="arranger" IPDN="Z8KHt_eSrg_VGQ5PEDS" performance="conductor" grossFee="-1754420066.08"
                     modifier="A" IPI="e_zTMtV3b1hb53swUr" birthDate="2019-04-27Z"/>
            </Participants>
        </Record>
        <Record title="huEF1iMuVWHuBZVX1biDp54Ud" spins="1814739871" ISRC="CXCX9YS8H85Z" year="9387" producer="k2gBBnwGcXNa8TelsZJjtpD"
             label="gUdN68QXN8Tcv" recordNo="VjZqj" serialNumber="oiQn1c" isPremiere="0" usage="jingle"
             ISWC="D." AKA="Ss_" genre="pop" broadcastedFrom="2020-06-19T11:21:16Z" broadcastedTo="2020-01-13T11:21:16Z"
             runtime="510591960" origin="live stream" alternativeTitle="oPaD" recordedFootage="1841913811">
            <Participants>
                <Participant name="M" role="remixer" IPDN="oFlftu1DDsVpBAU-z" performance="conductor" grossFee="-1060574534.78" modifier="B"
                     IPI="YrxXzb" birthDate="2018-11-20Z"/>
                <Participant name="WqBg4O4-QQBwRGArLb5xi5J9wIJ1QU" role="remixer" IPDN="ZQo6faN.TI_" performance="conductor" grossFee="844339008.76"
                     modifier="C" IPI="ZbWcb" birthDate="2019-05-18"/>
                <Participant name="X3xfUD6tta" role="performer" IPDN="xZiUqg" performance="chorus master" grossFee="-1129613573.90"
                     modifier="A" IPI="v_Wm5b8HVVYsVf9OidBHM" birthDate="2020-03-31"/>
                <Participant name="AedOt3ovT45J" role="arranger" IPDN="LQ_YBIY4gm" performance="chorus master" grossFee="-1597861813.64"
                     modifier="C" IPI="XWp9C-en8" birthDate="2018-11-19"/>
                <Participant name="xDukNP05zSxtB15P5b" role="sound engineer" IPDN="HleDd5hYF2oOBs6uc.J" performance="chorus master"
                     grossFee="-17339014.29" modifier="A" IPI="RuEyY3F5xHktINUwKQz3JCVU_-L1WY" birthDate="2019-03-25Z"/>
                <Participant name="LC7wogwwnxZF_4EH0U.XN" role="sound engineer" IPDN="YbdTvad" performance="conductor" grossFee="1506426719.66"
                     modifier="B" IPI="ngTafydVRL9kpYq0Qj3GqXL9M" birthDate="2020-01-08"/>
                <Participant name="O77mS5iTNTlFUFHwv" role="producer" IPDN="gOGbEfNflJ7m571VZUQH3vwIIG" performance="conductor" grossFee="1255212504.00"
                     modifier="C" IPI="PyESu7k6VLDVZLTFUjfLPO3" birthDate="2020-01-17"/>
                <Participant name="A1GGjDnY5q" role="sound engineer" IPDN="TBYzUQqTeJtKhgjWZ8xRE-ptUHLRQr" performance="main" grossFee="-712413471.45"
                     modifier="B" IPI="pYp81MUI-UKebVy_7GtARdPcK4eHxe" birthDate="2018-09-28"/>
                <Participant name="Vir1auK5KPSelqhho" role="remixer" IPDN="heCmqtijaYgSjQEGmWJ5t" performance="soloist" grossFee="1877764675.09"
                     modifier="B" IPI="dWmsd87DJuySq-I3qMjIkfuVR2iep" birthDate="2020-03-20"/>
                <Participant name="dHFCan" role="arranger" IPDN="SsgIBz8hnc" performance="chorus master" grossFee="2096428676.51"
                     modifier="C" IPI="w_DI9l" birthDate="2020-02-22Z"/>
            </Participants>
        </Record>
        <Record title="juYqzm6kbCX3pRlneUjGvr9P58r" spins="1777102247" ISRC="8U76A8399XDQ" year="0996" producer="zMF0TMfMfqXF-"
             label="C-5O" recordNo="pIU7ZlB0bkaS_bVu" serialNumber="nPSgV7gjxzUB.jP6XdZir" isPremiere="false"
             usage="jingle" ISWC="d-tUH2BOMAGM77MLJt6gswREE.0RF" AKA="ctUO" genre="commercial" broadcastedFrom="2019-08-04T11:21:16"
             broadcastedTo="2018-08-31T11:21:16Z" runtime="706057848" origin="commerce" alternativeTitle="JjeJAO0qgH09Wkq"
             recordedFootage="321631995">
            <Participants>
                <Participant name="LL" role="scriptwriter" IPDN="p-BHPAAF" performance="conductor" grossFee="738619533.50" modifier="C"
                     IPI="spo." birthDate="2019-01-17Z"/>
                <Participant name="Ovd" role="subscriptwriter" IPDN="sXikJSw6OY5" performance="chorus master" grossFee="-31476559.31"
                     modifier="B" IPI="vcfxP4xN8AwG-58u4" birthDate="2019-03-12"/>
                <Participant name="NwRE9bBGwqKG_4mD" role="performer" IPDN="HladSR-k7w3-Q" performance="supporting" grossFee="1095590306.37"
                     modifier="C" IPI="KYv44f9P8GTK" birthDate="2019-06-04Z"/>
                <Participant name="hF.ancz6jRQZ15Gz" role="remixer" IPDN="pWQNg-xhcUqRkV2FMUaFlKp-I" performance="chorus master"
                     grossFee="1718258927.59" modifier="B" IPI="Owip.6c4VDdLNDorBrCKc_YxsSN" birthDate="2019-11-11"/>
                <Participant name="DXykewRDouzmGqLMeXo0" role="subscriptwriter" IPDN="ulC3oJF4QD9L.QpZiinmsTZ8iY." performance="chorus master"
                     grossFee="-53498655.05" modifier="B" IPI="ghSOKQZf1K_4.WmPlWU" birthDate="2020-03-05Z"/>
                <Participant name="El" role="composer" IPDN="u-VLxU5N" performance="conductor" grossFee="869281549.08" modifier="C"
                     IPI="PQj9C6k_x.aFjBjU" birthDate="2018-08-23"/>
                <Participant name="HM6aRBacrhUf4U1nb" role="composer" IPDN="Wzv" performance="soloist" grossFee="-1885730782.90"
                     modifier="A" IPI="yNaUXLyKpoCmB" birthDate="2018-08-21"/>
                <Participant name="tBE1pcvMbR" role="remixer" IPDN="tg5D0ptvhhj92Cs1m" performance="conductor" grossFee="-602248729.58"
                     modifier="C" IPI="LEMSj3pMFoOhwh8HGg" birthDate="2020-01-27Z"/>
                <Participant name="GwWItvGUZZtphf1dQ482HMu" role="producer" IPDN="DEdCHKPgB" performance="main" grossFee="741281122.06"
                     modifier="A" IPI="FEfIT0AN.EU7Sz_hopMr1" birthDate="2020-04-11"/>
                <Participant name="U9-wM9WYyz.bLOHETqxiqYC" role="music director" IPDN="sM" performance="conductor" grossFee="1573797696.54"
                     modifier="B" IPI="R7W-we" birthDate="2019-02-03Z"/>
            </Participants>
        </Record>
        <Record title="fyzCCDyLbWbjtDAn" spins="1660947587" ISRC="181ZR89I5W1V" year="5590" producer="PujL" label="c8S"
             recordNo="KBsl8n_awAf5BUAI0N" serialNumber="RnHVUD" isPremiere="1" usage="broadcast" ISWC="Qf0"
             AKA="b8dve24DHE.x7D3q29" genre="spoken word" broadcastedFrom="2019-05-06T11:21:16" broadcastedTo="2019-02-03T11:21:16Z"
             runtime="24914178" origin="report" alternativeTitle="djaoWwO-u1c" recordedFootage="2068621802">
            <Participants>
                <Participant name="SNEU9b" role="subscriptwriter" IPDN="tpZ4q" performance="chorus master" grossFee="821079621.47"
                     modifier="A" IPI="sbl" birthDate="2019-12-14Z"/>
                <Participant name="F2w4Uj_frY15csKzt" role="remixer" IPDN="T8osqHAQMfp4isP" performance="supporting" grossFee="199512162.84"
                     modifier="C" IPI="WsGs2jF_NHd4hKrTD" birthDate="2020-04-10Z"/>
                <Participant name="m8SSKWHDj" role="music director" IPDN="dxX3w-s0EcJRiyll0kaWGHC" performance="supporting" grossFee="308613490.57"
                     modifier="A" IPI="qv07hvXyCrix-PmTgDY" birthDate="2020-03-12Z"/>
                <Participant name="Kzx" role="composer" IPDN="J8mibMpv79yxHLGVb" performance="conductor" grossFee="-546913264.41"
                     modifier="C" IPI="FgbqRDcb7029BPIY5e.E0" birthDate="2018-09-28Z"/>
                <Participant name="_Ma3FiL.wXFt4GltP-yFO-" role="arranger" IPDN="Z20F3cAL7syrjisN" performance="chorus master" grossFee="197243792.83"
                     modifier="C" IPI="weaiiYQ2rPH" birthDate="2019-07-28"/>
                <Participant name="qnvltK1-h6ZYOisEk_2BTG" role="sound engineer" IPDN="YN8q5o5dV.Qh4WSHz.3VyQNePBdsS-" performance="soloist"
                     grossFee="894703828.25" modifier="B" IPI="Ol-" birthDate="2018-12-03Z"/>
                <Participant name="_1Ruocf.DQkh.x953T" role="composer" IPDN="QXr0w1Vwj7sEghs9ZMXv" performance="conductor" grossFee="1494371965.04"
                     modifier="C" IPI="VHFA7" birthDate="2018-10-30"/>
                <Participant name="bTRXMm0" role="subscriptwriter" IPDN="Sro0Bq56H8sV0LuNl7D5oD" performance="chorus master" grossFee="1785943758.75"
                     modifier="A" IPI="KjakqQzKiF18Dn0ZKFTWGF864QN" birthDate="2019-11-22Z"/>
                <Participant name="fztxcAPXL7HJPAzjR1y" role="performer" IPDN="p2ZihVrssje" performance="soloist" grossFee="-1533923894.84"
                     modifier="B" IPI="yn_3tFOyy" birthDate="2019-04-10"/>
                <Participant name="Gmz6SwGordW4G186ka2qrezaUQ39w" role="remixer" IPDN="OgVB3cMPP2DJU4PHz4j" performance="soloist"
                     grossFee="-1467596297.08" modifier="B" IPI="oqjJ" birthDate="2020-04-19"/>
            </Participants>
        </Record>
        <Record title="ZRu5TCXAuC8E66Jj7p.JQcs1_eub7P" spins="280756695" ISRC="KO6XY7FZ90H5" year="3289" producer="gOZK.Nu9qZjC57VZfGsM7"
             label="DoAZ1B3SybFGYVvkCvfXOb5mF." recordNo="sw.1t.flmNlOvn" serialNumber="LrO" isPremiere="true"
             usage="commercial" ISWC="SLWLtMzQSa2ZbYoAVCArx6yNY6_UIp" AKA="c3Qw690gK2ffKSwp" genre="pop"
             broadcastedFrom="2020-02-14T11:21:16" broadcastedTo="2019-04-22T11:21:16Z" runtime="749856406"
             origin="report" alternativeTitle="J4o0U5dRpeu" recordedFootage="675800896">
            <Participants>
                <Participant name="crD" role="sound engineer" IPDN="vS8fgY3VUBy0ICv1CXnm" performance="conductor" grossFee="-112798871.83"
                     modifier="C" IPI="z7Xme4G3yj" birthDate="2020-06-12"/>
                <Participant name="FG8F.P4P6s3j2vhyaAdc5" role="composer" IPDN="DI71em1RAIpCbKo.kTIK7G" performance="supporting"
                     grossFee="1229789588.44" modifier="B" IPI="unXMQ23HyHhLW_7wnO81ocn" birthDate="2019-07-04Z"/>
                <Participant name="gTV9c8uLkhV1N" role="music director" IPDN="dYsMaRghbPk37FS.A.Fb2c" performance="soloist" grossFee="-2143806878.50"
                     modifier="B" IPI="ilVHtcNRrzko-3CqU-XIFlzSIGVlvH" birthDate="2019-08-09"/>
                <Participant name="TNZBe" role="arranger" IPDN="jyAV.1Al" performance="main" grossFee="-1851459952.09" modifier="A"
                     IPI="RjuV" birthDate="2018-12-19"/>
                <Participant name="INvcMy0" role="arranger" IPDN="vnqjIDN" performance="soloist" grossFee="927076847.47" modifier="B"
                     IPI="MTmuN_p5N_B5yzjE" birthDate="2020-01-10Z"/>
                <Participant name="go.NmpmMdGs0x2M2qR_" role="scriptwriter" IPDN="FcB9Wy0H" performance="supporting" grossFee="-107798774.38"
                     modifier="C" IPI="LWzhJk7qUL71k" birthDate="2019-07-18Z"/>
                <Participant name="kLAIK0lq" role="performer" IPDN="iox.0unBmBYyhkkIOc" performance="chorus master" grossFee="-748318325.75"
                     modifier="B" IPI="e7EI99aVE_xiReZ" birthDate="2019-01-03Z"/>
                <Participant name="P12fr08rAkpHglNOx" role="producer" IPDN="fHxM_kxYboVGYfxPMYjPJ0hI1JLo" performance="soloist" grossFee="-1993299535.66"
                     modifier="A" IPI="XkB07zHmnhyOQUIalSIl9K3" birthDate="2020-01-23"/>
                <Participant name="WxFLWJK2AjA" role="arranger" IPDN="P_uUA-7" performance="chorus master" grossFee="1661510456.00"
                     modifier="C" IPI="opqeK0zplBT3Cm" birthDate="2018-11-16"/>
                <Participant name="pQN" role="arranger" IPDN="VRdxKHqL8EdeEl3_" performance="supporting" grossFee="-302133919.78"
                     modifier="B" IPI="ddDyNljldTaIi" birthDate="2018-12-30"/>
            </Participants>
        </Record>
        <Record title="Us0.YRd7xSqQkbicn02od" spins="1379267396" ISRC="E118RB2295LC" year="1059" producer="YX2-SoPpsRBr"
             label="CjdZOv2qfxb3Cf7Vudn305t" recordNo="TlKGhotsR3FpTiebK_clTCpOP368m4" serialNumber="EAIw5pN79"
             isPremiere="1" usage="broadcast" ISWC="jL9jos1q" AKA="kJ" genre="commercial" broadcastedFrom="2020-04-27T11:21:16"
             broadcastedTo="2019-04-23T11:21:16" runtime="1741853687" origin="free of charge" alternativeTitle="vabJ68UYnlDzM"
             recordedFootage="1175799238">
            <Participants>
                <Participant name="HjELor_y8a" role="performer" IPDN="BRI65" performance="soloist" grossFee="2035347094.91" modifier="A"
                     IPI="ffQve2uYJT3BZ_k0AouMp9kYnrs" birthDate="2019-07-27Z"/>
                <Participant name="lvOg9gMAsxrxzmO" role="scriptwriter" IPDN="AWTmdG4ZjGu.M" performance="conductor" grossFee="483908118.25"
                     modifier="C" IPI="bP7OKmSygzlxwcNXmD2M3Ll-A." birthDate="2019-11-11Z"/>
                <Participant name="jhGM2Gaau3JOM" role="scriptwriter" IPDN="eQMvrCb4zAxLYEoEnvRE" performance="main" grossFee="1591035506.33"
                     modifier="B" IPI="k90SVY_52S1JuiUmipOtveq" birthDate="2019-10-06Z"/>
                <Participant name="Rd81KplGW26AAr7Rtc" role="music director" IPDN="t2o" performance="chorus master" grossFee="1117491490.35"
                     modifier="B" IPI="Sx0pkYeuY4.boEzTc" birthDate="2018-09-15Z"/>
                <Participant name="AI_" role="arranger" IPDN="w-c4kzNeZIC" performance="supporting" grossFee="2085186216.75" modifier="C"
                     IPI="RcMk1WRbkscBARTG90Trj" birthDate="2019-11-24Z"/>
                <Participant name="J2b8" role="performer" IPDN="Oi2t8s" performance="supporting" grossFee="1874799821.45" modifier="A"
                     IPI="DVDjhSC" birthDate="2019-12-11"/>
                <Participant name="ld_XgZV2onsuAoJRP6UmJl8pw" role="sound engineer" IPDN="Sr4mdWn8gyRNQnbd6aisHYj3ht" performance="main"
                     grossFee="2077063645.90" modifier="C" IPI="I1Q4.WVOcOI29uS" birthDate="2020-05-11Z"/>
                <Participant name="ie4fg118xM0wLarlA" role="composer" IPDN="OFH" performance="main" grossFee="-1631274919.13" modifier="B"
                     IPI="HOE9Fb8A12dlFWnU" birthDate="2019-07-13"/>
                <Participant name="oFi_PQK" role="composer" IPDN="a9Wxt3-Xwc7dlrTR" performance="supporting" grossFee="1339706353.34"
                     modifier="B" IPI="ltHu0V" birthDate="2019-08-11Z"/>
                <Participant name="fw-AQbZuM7eziW" role="scriptwriter" IPDN="zPqFDB8xh." performance="soloist" grossFee="-955248835.13"
                     modifier="C" IPI="yc_vghnBoWHfG-4hH99" birthDate="2019-07-31Z"/>
            </Participants>
        </Record>
        <Record title="MH" spins="817378196" ISRC="YHPT95VD22PB" year="9450" producer="h6j0XyT6cJvA8mu4" label="u2oZQW4OQ"
             recordNo="J-kfUsDqMOWr" serialNumber="dLoxJD.e36kp3qfrQF4rwe" isPremiere="0" usage="jingle"
             ISWC="gmGq5X3_pXm1Z2Bk22sTcm" AKA="UxVdux7YYC9M87ZWrp8W" genre="commercial" broadcastedFrom="2019-05-07T11:21:16"
             broadcastedTo="2019-08-05T11:21:16" runtime="1747585628" origin="free of charge" alternativeTitle="GRIcJnzsaFZk"
             recordedFootage="1059818280">
            <Participants>
                <Participant name="ExPw" role="composer" IPDN="q4HIVPKgYnv.Z7pg_4Tswu" performance="main" grossFee="891581422.73"
                     modifier="B" IPI="j.zVTr81" birthDate="2018-09-13Z"/>
                <Participant name="JaR4e3YCTwVfZ8ZphcoLf9F0G2snB7" role="performer" IPDN="jo0ekJ" performance="soloist" grossFee="-50504025.13"
                     modifier="C" IPI="RtA" birthDate="2018-07-18"/>
                <Participant name="Ek9aDjvLJUbxLlY6qPXQ1eWWgxs" role="producer" IPDN="hAl7hkLMXgOO0GE.I0rrJ" performance="chorus master"
                     grossFee="-1135655778.71" modifier="B" IPI="OfmYk-H2AyPf.nvreH" birthDate="2020-04-12"/>
                <Participant name="q-lBGpUnkiUhiYHT" role="producer" IPDN="RPR" performance="main" grossFee="1619286060.43" modifier="A"
                     IPI="xx-10GOjRcqc2" birthDate="2019-03-11"/>
                <Participant name="nXfQcbM" role="composer" IPDN="kr-R" performance="main" grossFee="-1445578934.05" modifier="C"
                     IPI="lKltuTiDQukFqNLg8" birthDate="2019-05-01"/>
                <Participant name="BEQrnqhzh9u.U_lpNXsS-KNMGYpw" role="subscriptwriter" IPDN="e_yfvQy.P8rVJA0b6JW3" performance="supporting"
                     grossFee="-442886128.34" modifier="A" IPI="w9YPqmRdQrCeyG6F7UQyk7AWJAB7" birthDate="2020-06-10Z"/>
                <Participant name="Dn7n" role="arranger" IPDN="qvRpcYR" performance="conductor" grossFee="-565171452.51" modifier="C"
                     IPI="Pwc4j_vpWLWjLGC4Tf" birthDate="2018-08-29"/>
                <Participant name="_5dY" role="scriptwriter" IPDN="Q2AKpkCQ-p" performance="soloist" grossFee="285164084.24" modifier="A"
                     IPI="GLL" birthDate="2019-08-26"/>
                <Participant name="HE0YSzk47." role="sound engineer" IPDN="vpXT-6PodU_Lrp_9sH50-" performance="chorus master" grossFee="-713360768.83"
                     modifier="A" IPI="nkwwU8eS-ghu_OVUcw5b009bP" birthDate="2019-05-22Z"/>
                <Participant name="MwXtXUmvrsZ_QN-" role="performer" IPDN="uvpt8ng1aTCGzjWYNtqEP" performance="chorus master" grossFee="-789067998.24"
                     modifier="B" IPI="MbYk5RsZhQpTNNB" birthDate="2019-04-17Z"/>
            </Participants>
        </Record>
        <Record title="G6E_PBbM5e" spins="673024809" ISRC="9H9Z8RT3W6T3" year="4997" producer="zCM3NGQLy6yYv3" label="eqI3w6LJ_Whqe"
             recordNo="pvLZ3N7gj" serialNumber="nAgzUUVX6x_9rXvZGDB7" isPremiere="false" usage="commercial"
             ISWC="hi5" AKA="mipnWT04FFgAet4.aa" genre="composed" broadcastedFrom="2019-01-10T11:21:16Z"
             broadcastedTo="2019-11-06T11:21:16Z" runtime="156228012" origin="live stream" alternativeTitle="SJe9VqHzkzIe"
             recordedFootage="2013444679">
            <Participants>
                <Participant name="MywXr2ehVLhcD0xLdqc1S1h8" role="remixer" IPDN="zHbXneLqSLBP" performance="main" grossFee="-327178851.95"
                     modifier="B" IPI="h-f6FZ_XD2I_ZBNe0pPqXWb" birthDate="2020-05-09Z"/>
                <Participant name="ryQ4eD5WWOA3VjVfDfxO" role="music director" IPDN="XQ4T" performance="main" grossFee="2062016580.63"
                     modifier="B" IPI="L42nL8NuQu3tQTXw" birthDate="2020-04-01Z"/>
                <Participant name="zzLeFstMn6l" role="performer" IPDN="W57K6-" performance="soloist" grossFee="215510533.72" modifier="C"
                     IPI="l." birthDate="2019-04-08"/>
                <Participant name="n1tGP-" role="sound engineer" IPDN="h6b0FyihF6wvs3kbhoinNn" performance="main" grossFee="-117938979.30"
                     modifier="B" IPI="QW7nS1GWBspjEz08M_XF99." birthDate="2020-04-15Z"/>
                <Participant name="S4mygnc2nh9JT1Pn9ulGxyW" role="remixer" IPDN="b26EUCspzkkyZzst9ZUs-xMGH" performance="supporting"
                     grossFee="-796727089.40" modifier="C" IPI="lV72donQF" birthDate="2019-12-24"/>
                <Participant name="R4" role="performer" IPDN="t9VC.fujWZs" performance="supporting" grossFee="1291990927.66" modifier="B"
                     IPI="kGuWvf_Vjh" birthDate="2020-03-29Z"/>
                <Participant name="jCcGyO9w" role="arranger" IPDN="ygw7YN1mfRy.dW" performance="supporting" grossFee="519191894.49"
                     modifier="C" IPI="qxQL8LB3y" birthDate="2020-03-16Z"/>
                <Participant name="GhFzDQLy" role="composer" IPDN="RTBY5AuSbpxU5CV" performance="soloist" grossFee="-1743099577.01"
                     modifier="A" IPI="i-CRGruZVVFO4cBJcb_lJv0eO" birthDate="2018-12-25"/>
                <Participant name="r5aknLnOO1z2XO3DrTu_tt2seHydq" role="music director" IPDN="i" performance="main" grossFee="404635388.59"
                     modifier="B" IPI="oJlAoOSdu82-qvA3P7SvNM8zSFR" birthDate="2020-01-30"/>
                <Participant name="MECSlAWFT9xkEQH" role="subscriptwriter" IPDN="J3hCy" performance="soloist" grossFee="1983585241.92"
                     modifier="A" IPI="AcpL" birthDate="2019-07-06Z"/>
            </Participants>
        </Record>
        <Record title="jVFxG_Zey" spins="518468049" ISRC="3I8J0309430P" year="8734" producer="ME35ykG2jy-Hrh5sgJn-x8ss"
             label="UzkPBVvLoLakHoPxF8" recordNo="P0CK0CCzrf_dNQ_b4s6aPu3t6.p" serialNumber="YCHHn4_qwaGU8CF9H2wGNgdro1Ea54"
             isPremiere="true" usage="broadcast" ISWC="bxvi_Y5hjI" AKA="uuD2" genre="composed" broadcastedFrom="2018-10-21T11:21:16"
             broadcastedTo="2020-06-21T11:21:16" runtime="266586069" origin="live stream" alternativeTitle="u3Da"
             recordedFootage="774866430">
            <Participants>
                <Participant name="x-Mh_NSCYVg-GqH" role="subscriptwriter" IPDN="NHj8qgT" performance="soloist" grossFee="-191990375.62"
                     modifier="C" IPI="cy6.rAK" birthDate="2018-07-23"/>
                <Participant name="eS9Fnp55ce.PsxVJPgpgz" role="scriptwriter" IPDN="VxJqEG4MbijkhPBAJI" performance="main" grossFee="-646534577.04"
                     modifier="C" IPI="D_Sp0mNy51fCHV" birthDate="2019-05-31Z"/>
                <Participant name="zHh4E537GS9" role="scriptwriter" IPDN="_" performance="supporting" grossFee="1723374651.01" modifier="C"
                     IPI="Bqc7VIWDK.XTaoTpAIHp.eY1nO2Q.q" birthDate="2018-10-17"/>
                <Participant name="_0VlGqT1pIHDWM" role="composer" IPDN="GAlZyEtk6w8ABDQRSudS8Mt7lvbS" performance="conductor" grossFee="71076882.18"
                     modifier="A" IPI="X7T27d0jzq90QhioMJs1yZa8C_" birthDate="2018-10-23Z"/>
                <Participant name="A" role="composer" IPDN="fw6f0bZUc-kv" performance="conductor" grossFee="452548051.95" modifier="B"
                     IPI="F7.ssb" birthDate="2020-01-13"/>
                <Participant name="yRyf" role="performer" IPDN="YBKYiPynVkj5qp66HQ6VwVVZcO" performance="soloist" grossFee="1874345110.28"
                     modifier="C" IPI="itt8T2yv5oBAugq4" birthDate="2019-09-19Z"/>
                <Participant name="F_eFj1rEDGGJhWhhFzIM7z" role="composer" IPDN="MXi0E2Bj6KjZ3U5pZa" performance="conductor" grossFee="1164877661.21"
                     modifier="B" IPI="Op7TbCjSVIeh9GPD4D1m7zRY" birthDate="2020-04-28Z"/>
                <Participant name="VCQA1u5-I5d8" role="producer" IPDN="sdSVUN8ljhq6hSHyWf-sDqaLqj" performance="conductor" grossFee="741139712.87"
                     modifier="A" IPI="htUmZcSlo_vfiJ.5" birthDate="2020-05-09"/>
                <Participant name="Hmhr4OZrY3Vc6S9did9YdInCYK7L-f" role="remixer" IPDN="h58rRZqfEIk.a9Pto" performance="main" grossFee="351392456.91"
                     modifier="A" IPI="CrVpd2mrD9lg" birthDate="2018-10-28Z"/>
                <Participant name="a.G1m-NQwnLtWYcl" role="remixer" IPDN="YA0dVjF8xeF.1GolHaKxzzWz" performance="main" grossFee="1416054025.80"
                     modifier="B" IPI="ldEV0zT" birthDate="2019-12-14Z"/>
            </Participants>
        </Record>
        <Record title="SsOkJbhonqW" spins="1883576369" ISRC="1TQ089P3X2A6" year="9120" producer="loTxkwI3-M.1q72" label="d"
             recordNo="b" serialNumber="QvZllqNOt4vHxmZBACp6U_q9" isPremiere="true" usage="jingle" ISWC="g541IiqGkYh7U4Y3NJC9YDdaFQt"
             AKA="A2QEmQ4attv349" genre="commercial" broadcastedFrom="2020-01-25T11:21:16" broadcastedTo="2018-11-18T11:21:16Z"
             runtime="1672814388" origin="recorded stream" alternativeTitle="Aq-5i" recordedFootage="737004466">
            <Participants>
                <Participant name="v6g" role="remixer" IPDN="uqu4-0-yeo5w1zCn" performance="supporting" grossFee="-744067883.59"
                     modifier="C" IPI="uV6Ir0p" birthDate="2019-03-26"/>
                <Participant name="J" role="performer" IPDN="VL3GF2l" performance="main" grossFee="735876413.04" modifier="B" IPI="WweH8UwyZjPSp1RyR"
                     birthDate="2019-08-29Z"/>
                <Participant name="Y7barfxWLPKyagRka" role="subscriptwriter" IPDN="unpRoWBT" performance="conductor" grossFee="-456375017.21"
                     modifier="B" IPI="ULlh-Vjyt005P0pvStPRjdTQXm" birthDate="2018-11-15Z"/>
                <Participant name="rG6zrrnLOWj2-6qEac6rn7AHfg0G" role="producer" IPDN="GEuccSlx.4liJBV" performance="supporting"
                     grossFee="-1511826461.88" modifier="B" IPI="wMe6lh6QGfNy78cZ" birthDate="2018-12-06"/>
                <Participant name="pQ6KJvMorL6Am" role="composer" IPDN="KD5qGcJIaaNKJ2GxJJyV55vK" performance="soloist" grossFee="1286955594.20"
                     modifier="C" IPI="XVnYw-aoIAJQFOx" birthDate="2019-08-02"/>
                <Participant name="KIa_8DUyQUQ6V2OAvpFSsQpVtOh" role="arranger" IPDN="Bx2DCVjYSX5kIzPx6jB8I3r" performance="supporting"
                     grossFee="527647896.77" modifier="B" IPI="djeCZtsJTU2HRH1Sh0ChvIqZ" birthDate="2019-09-14"/>
                <Participant name="v63h7FJ.rV4iAzj2-sn-G6Ra" role="remixer" IPDN="O_R2ejYMayqF2d73BP-" performance="soloist" grossFee="259345246.41"
                     modifier="A" IPI="fl0uOVoqCN9N_" birthDate="2019-01-22Z"/>
                <Participant name="Qm1" role="producer" IPDN="QfEJty" performance="chorus master" grossFee="1591162124.36" modifier="C"
                     IPI="I4xHYe3tRkgA42ls_Sy9jMPX" birthDate="2019-06-01Z"/>
                <Participant name="dO" role="arranger" IPDN="c2wqXihFQLt57h" performance="supporting" grossFee="-919101378.81" modifier="C"
                     IPI="R8zUlKXTr43_RCFFaPFRWPY7kzC" birthDate="2018-08-05"/>
                <Participant name="McGF_mz5o5YblOJx" role="producer" IPDN="fgeUHHP-zF_pPo" performance="soloist" grossFee="1610828952.87"
                     modifier="C" IPI="wqqWZNrjUBrBipi" birthDate="2020-03-10Z"/>
            </Participants>
        </Record>
    </Record>
    <Record title="VX" spins="692757978" ISRC="9PBF221Z1922" year="9244" producer="qwg5H5y86R2BpfzYceoDYXV" label="l-3F8bORToyhHNww4YX"
         recordNo="KfAW0KzI9YBJkU" serialNumber="xl7ESUU" isPremiere="1" usage="jingle" ISWC="C-4aV4de87gvr"
         AKA="CnJZ-okxU7lG-a0dCyFsS0OT" genre="commercial" broadcastedFrom="2018-11-30T11:21:16Z" broadcastedTo="2019-06-17T11:21:16Z"
         runtime="1460993708" origin="self" alternativeTitle="Kb5axDQCgqYJedY.V" recordedFootage="826916132">
        <Participants>
            <Participant name="ryI7TIZ20MfDXVFNnNxBU" role="composer" IPDN="Hm9PF.-eIRP" performance="chorus master" grossFee="1415284938.16"
                 modifier="C" IPI="U7p0CvpLU" birthDate="2020-05-31"/>
            <Participant name="KF5bIh4z3RDufE3aqr7T8h5fbbuq7z" role="performer" IPDN="KiB6b8N57" performance="chorus master"
                 grossFee="-1637319422.80" modifier="A" IPI="dHtnfiq" birthDate="2018-12-07"/>
            <Participant name="eAltgb." role="producer" IPDN="HoRQR6LlWBI3zPsji2GA" performance="main" grossFee="982615672.20"
                 modifier="A" IPI="A1A8WcRqM7a4dL" birthDate="2019-04-04Z"/>
            <Participant name="R4GXd" role="scriptwriter" IPDN="ZuCX.J7Cod1diAjIoU-ssBcq3" performance="supporting" grossFee="-45430282.96"
                 modifier="C" IPI="jvz" birthDate="2020-03-16Z"/>
            <Participant name="iWu" role="subscriptwriter" IPDN="NPxw27uNNWA0dUe" performance="supporting" grossFee="-1322050353.94"
                 modifier="A" IPI="uP" birthDate="2018-10-10Z"/>
            <Participant name="OJtxufo9vsEQcomhbNl6Y" role="producer" IPDN="PXTi59Lv0IN0" performance="soloist" grossFee="1035109016.29"
                 modifier="A" IPI="qkIQk" birthDate="2019-07-28"/>
            <Participant name="MuL.P-stb" role="music director" IPDN="WSJ3YHB2pT6ZUAm" performance="soloist" grossFee="1507352561.93"
                 modifier="C" IPI="uB" birthDate="2019-08-22Z"/>
            <Participant name="mEBTmx4.3" role="subscriptwriter" IPDN="n0" performance="soloist" grossFee="-54386742.01" modifier="C"
                 IPI="s53eH" birthDate="2019-12-15Z"/>
            <Participant name="d.APPbmw" role="performer" IPDN="TV3KzK-myWnNkCZH.Kys" performance="supporting" grossFee="-150482072.69"
                 modifier="A" IPI="L_x" birthDate="2019-01-22Z"/>
            <Participant name="WSm.IxX9kNpw" role="scriptwriter" IPDN="b0-c" performance="soloist" grossFee="-651270955.07" modifier="A"
                 IPI="Fqgz" birthDate="2019-04-03Z"/>
        </Participants>
        <Record title="MSbKgB04etP" spins="769763192" ISRC="HFT1V1K72614" year="8415" producer="c" label="cQcCG7KyRZ0p75FzqoYi"
             recordNo="A4UdmRlcRM" serialNumber="Sjm9ectldffihQhkBW9_K" isPremiere="1" usage="jingle"
             ISWC="sVCf7jZ3rewsAe" AKA="jzJ" genre="pop" broadcastedFrom="2019-08-23T11:21:16Z" broadcastedTo="2019-10-03T11:21:16Z"
             runtime="815962229" origin="free of charge" alternativeTitle="ppUzoR4DiGnHCgwOscE" recordedFootage="937033895">
            <Participants>
                <Participant name="qgEkL6W74MLFLT6i.crVSfC" role="scriptwriter" IPDN="LOxluCAXkMdZM-65-986wRunJK" performance="soloist"
                     grossFee="1174932684.01" modifier="A" IPI="kxu" birthDate="2019-01-25"/>
                <Participant name="KUlh1bd7sD.HZTDx4g-dniK_TXMUB6" role="arranger" IPDN="x-nRejqnna3EZ1Cd" performance="conductor"
                     grossFee="2121904755.13" modifier="A" IPI="VttQ" birthDate="2019-06-15Z"/>
                <Participant name="SQjkWvUPAxpBVLGKzl9PoS_1WxV" role="arranger" IPDN="pE7jW" performance="conductor" grossFee="-1925893218.22"
                     modifier="A" IPI="elvrMl18_" birthDate="2019-11-08"/>
                <Participant name="eCyl" role="music director" IPDN="MRignqDPKTJ1TF5CrEsltIljWy" performance="soloist" grossFee="1958241017.72"
                     modifier="C" IPI="dkgTQqmIqigR" birthDate="2020-05-06Z"/>
                <Participant name="lDTnlsnwL" role="producer" IPDN="v8tg33gClkazbl" performance="conductor" grossFee="927692542.28"
                     modifier="A" IPI="mmztIH" birthDate="2019-09-04"/>
                <Participant name="KreT.zFN3" role="composer" IPDN="tBEAf7b6K8VFytPCgKdxaU6" performance="chorus master" grossFee="-22173211.12"
                     modifier="B" IPI="DplHUB" birthDate="2019-11-27"/>
                <Participant name="ZxXNkQ-0q1P4QDkLFnIg-EpQx" role="music director" IPDN="nSGahNOcE" performance="conductor" grossFee="781486513.25"
                     modifier="A" IPI="htwNM0WhKb0E-" birthDate="2019-05-20Z"/>
                <Participant name="ycW4ytx" role="composer" IPDN="JY.GmahHIay-H6Tt1V0H6BDR2jvDHE" performance="supporting" grossFee="-2142759773.15"
                     modifier="B" IPI="u9WPRHJvE-s_ilhUkg9OluEdi5i" birthDate="2019-01-21"/>
                <Participant name="r1JAfF13J6GzpSsoG3DF" role="composer" IPDN="X" performance="conductor" grossFee="-1769425249.47"
                     modifier="A" IPI="bG4ASLsOBhSEA.4PdG_.Lu" birthDate="2019-04-20Z"/>
                <Participant name="NiwaUA8yDVVNAuQTQto3oIG" role="music director" IPDN="ZHVR6AK4T187SjDda8jVZi8-" performance="conductor"
                     grossFee="-721950554.60" modifier="B" IPI="gmGmihtckr" birthDate="2019-10-22"/>
            </Participants>
        </Record>
        <Record title="Q-D7xtVLnF.utV" spins="417603220" ISRC="U7F68H5R66Q8" year="7029" producer="IcE1s2HH.ze" label="kwOYUx9mvgWPJU"
             recordNo="vAALz5s-0alo" serialNumber="JWwQocwbFq" isPremiere="1" usage="commercial" ISWC="F25Ve1DY96AMsJwvshPD6_HF"
             AKA="GlNoJIBep4C09PiS8vFvutM" genre="commercial" broadcastedFrom="2020-04-21T11:21:16Z"
             broadcastedTo="2019-07-02T11:21:16Z" runtime="1079849604" origin="commercial" alternativeTitle="WvSjOj"
             recordedFootage="500930852">
            <Participants>
                <Participant name="RH34CHe2Zk4gZlYX73BBo" role="music director" IPDN="b5s-KeVsVAF.DZI8N8L4v6N" performance="chorus master"
                     grossFee="-878732098.58" modifier="B" IPI="suMo" birthDate="2018-09-03"/>
                <Participant name="AUR" role="subscriptwriter" IPDN="Bs573AjQiP" performance="supporting" grossFee="-1954615465.02"
                     modifier="B" IPI="Ct5ekaE0oDBZ81eM" birthDate="2019-10-18Z"/>
                <Participant name="NAb841z" role="music director" IPDN="xaeg" performance="supporting" grossFee="-349579692.66" modifier="C"
                     IPI="HUshIYQxMUh0fKe" birthDate="2019-08-09"/>
                <Participant name="EonLTc4Y74EW9dcwg1W" role="sound engineer" IPDN="e3mVZA0V1zFEZ" performance="soloist" grossFee="2042171909.30"
                     modifier="C" IPI="D3Wl7khnceBhLN_WNiBv6yE" birthDate="2020-02-26Z"/>
                <Participant name="vSeaj25djWP1yrLDD4y" role="composer" IPDN="FmD46TBN1" performance="main" grossFee="-1509387522.53"
                     modifier="B" IPI="J3" birthDate="2020-03-26Z"/>
                <Participant name="WMIixrcx" role="performer" IPDN="S" performance="soloist" grossFee="-2079135746.40" modifier="A"
                     IPI="sQ4wm2PW" birthDate="2020-02-08"/>
                <Participant name="hnfDd4KNcrURt0XfiHxphi" role="music director" IPDN="dOgit7-HZnaStllQwEQ5tciwuIm6O0" performance="main"
                     grossFee="-749071644.21" modifier="C" IPI="g4Y84ysLgsSRD" birthDate="2018-10-04Z"/>
                <Participant name="RTj0uYg_cb7Kv1GzxQiyU" role="remixer" IPDN="aCfwwU" performance="soloist" grossFee="-1473771011.25"
                     modifier="B" IPI="jK5r" birthDate="2019-04-12"/>
                <Participant name="bIyR1Kz1Kc" role="producer" IPDN="cblbYHDiFKc.CRhoQEcsY" performance="chorus master" grossFee="1041296744.65"
                     modifier="C" IPI="D7AviGE8_GR68mdzKL1I" birthDate="2019-07-06Z"/>
                <Participant name="RXdbby" role="music director" IPDN="j3qM" performance="soloist" grossFee="-1798145706.50" modifier="C"
                     IPI="ut90Lvpx1oPtxHpfdHqyFkvYiy" birthDate="2018-07-20Z"/>
            </Participants>
        </Record>
        <Record title="dDqq-UgT" spins="888960735" ISRC="8866W7UW6589" year="9905" producer="Axvnp6ZbqjbJSXrpD9h5Bj"
             label="EmASpuvVip5fHHP57nEzxr_oG7" recordNo="AkG8ADmYQg2lwhHSB3xXKklv1D6T" serialNumber="ldOMvN0AU9aZxJfinV1QTK.yS"
             isPremiere="0" usage="broadcast" ISWC="MoBmYV7g7NGsqQUR" AKA="x-dFMmSQxfk7fJ_3yqFR8ulqA"
             genre="jingle" broadcastedFrom="2020-02-14T11:21:16Z" broadcastedTo="2019-07-28T11:21:16Z"
             runtime="2036164921" origin="live stream" alternativeTitle="ZrHlzD.dXZV3RS5W59Y0MNGTp" recordedFootage="693283721">
            <Participants>
                <Participant name="tM.9iUjnVv9yF" role="subscriptwriter" IPDN="Sm" performance="conductor" grossFee="-612144171.17"
                     modifier="C" IPI="hx5fs1djgKqtG" birthDate="2019-10-09Z"/>
                <Participant name="Z7TqnkfcBI2" role="scriptwriter" IPDN="QbBvVsrDUp_S6gprksXs9sbqKxE51" performance="conductor"
                     grossFee="778714570.82" modifier="C" IPI="BRyMqj_cWTEx.ajj9j3IHb" birthDate="2019-04-08"/>
                <Participant name="f" role="composer" IPDN="YdRnaGKopP" performance="supporting" grossFee="972883992.42" modifier="C"
                     IPI="EvwwRQaPtnpigIJc_Cl." birthDate="2020-04-21"/>
                <Participant name="fUTxQHCJAqQHa-wY4rDNIp5e" role="composer" IPDN="X5Qu0QOq" performance="soloist" grossFee="393951040.56"
                     modifier="B" IPI="bAUCJZwXSUA0Rcc1lRneJk83x" birthDate="2019-10-10"/>
                <Participant name="SWIHg3IhjTWV9i3Xp" role="scriptwriter" IPDN="W4QiIHtdubIygYk31XM6" performance="supporting" grossFee="-467709452.82"
                     modifier="B" IPI="Wx-P6OpbA3lK-vplsHAl" birthDate="2020-05-27"/>
                <Participant name="RN" role="subscriptwriter" IPDN="w.Vz6pg4ZnJm" performance="chorus master" grossFee="-1405776086.50"
                     modifier="A" IPI="d-f1KI_CeKhQ" birthDate="2019-08-08"/>
                <Participant name="rO_iK-z3ybc_0c" role="scriptwriter" IPDN="InPD8rhoUPzH9b5LG3LxbLa" performance="chorus master"
                     grossFee="-1163777542.45" modifier="C" IPI="R" birthDate="2020-03-24"/>
                <Participant name="pHaeDBqP2HOCjxan" role="music director" IPDN="XLwwH" performance="supporting" grossFee="-16641962.74"
                     modifier="B" IPI="DDwXm36QxF9.w.D" birthDate="2019-01-31"/>
                <Participant name="uiSFa_YaCX" role="subscriptwriter" IPDN="AXpL.TBakW84AF8wrjtrJuhjMBy0" performance="conductor"
                     grossFee="893317467.22" modifier="C" IPI="hqQuokjNUTgkn0Qxp9qw" birthDate="2020-04-22"/>
                <Participant name="KlonEBPXHWR8qib7cPAKei8y9TJ" role="subscriptwriter" IPDN="MFSIE" performance="supporting" grossFee="-1900923412.73"
                     modifier="B" IPI="DQ" birthDate="2018-12-07Z"/>
            </Participants>
        </Record>
        <Record title="TvIf_xg3B-l3P2ZaKLof" spins="1087966908" ISRC="YFF16522YHC3" year="5743" producer="JJWkvv6RpIqs"
             label="o4UZUrgdxWIMKEw6tF1mpzml" recordNo="Q6YFeZ4B3nF3Y.7TK" serialNumber="o7.zogxnEpjM"
             isPremiere="true" usage="broadcast" ISWC="aI-8s8qREgZiaOAcH-F4S_qsBYOOc6" AKA="q3zH23" genre="spoken word"
             broadcastedFrom="2019-12-13T11:21:16" broadcastedTo="2020-02-29T11:21:16" runtime="1417581782"
             origin="report" alternativeTitle="q-wGz9QkI2" recordedFootage="1235376205">
            <Participants>
                <Participant name="Ne1" role="arranger" IPDN="gTW35iapIm8DrCnMx53" performance="supporting" grossFee="1898350591.65"
                     modifier="B" IPI="_EgiPqT7-j2" birthDate="2019-09-01Z"/>
                <Participant name="t1C3tRsF0YhzA3v3o" role="performer" IPDN="lN_b4S1P1pQ5lO3kBQx9b7IoPSqQ9G" performance="soloist"
                     grossFee="-1584807246.60" modifier="C" IPI="ozkCAuuQ" birthDate="2019-11-27"/>
                <Participant name="j-LA9N1J" role="remixer" IPDN="_9IGE.J3H0.iS5sdX4" performance="main" grossFee="579453585.14"
                     modifier="B" IPI="Ynj2xeIg38.SKFNYZ.s3DDGlQ3" birthDate="2019-06-12Z"/>
                <Participant name="Ir5XSnC" role="composer" IPDN="KXfup-.j_t1NaD10YjLe" performance="main" grossFee="-482292668.46"
                     modifier="A" IPI="XVBKXpZBZhBNPo.kam_pY6j9Rcf0" birthDate="2019-11-05Z"/>
                <Participant name="UGjfbJUqDleT.gA3z" role="remixer" IPDN="SY" performance="soloist" grossFee="-1055445507.65" modifier="A"
                     IPI="hVG91.63" birthDate="2018-08-24Z"/>
                <Participant name="LUHkCemJJRwTWg" role="composer" IPDN="W1uAc.AD3Q8.QYfna5h97.eCwiZ" performance="soloist" grossFee="-315749542.90"
                     modifier="A" IPI="VQPP50yHxYR57CJy" birthDate="2019-12-27"/>
                <Participant name="r1K8mM60" role="arranger" IPDN="QVeLkpffM-pr6Xotr" performance="soloist" grossFee="-1234491252.56"
                     modifier="C" IPI="dim6nRRbMixnx3wW1vl8.NE" birthDate="2019-01-22Z"/>
                <Participant name="uuod_pT8-EaE" role="composer" IPDN="Qj3f8Df9_CLl6o4fTYUpY.yZ5" performance="main" grossFee="-819331149.01"
                     modifier="C" IPI="X1y" birthDate="2020-03-15"/>
                <Participant name="TELmW0S3hHEyqq4h1GJYBXT2bRqEw" role="performer" IPDN="xIxQoIEdc.KnlhKoCLJOAusMW1EE" performance="main"
                     grossFee="-1615278134.33" modifier="A" IPI="DIht_HLKE2" birthDate="2019-08-24"/>
                <Participant name="EWYdVy_3pWzou3Fq" role="producer" IPDN="CIULQTkb6KrC" performance="chorus master" grossFee="-721772356.18"
                     modifier="B" IPI="ePAt6EnHuEqt1KQ5" birthDate="2019-05-16Z"/>
            </Participants>
        </Record>
        <Record title="Z_WwXlnKChbV6vno0MBR_krk" spins="395281019" ISRC="P9F339UT7A72" year="7739" producer="v4fsEgrXF9O4QGy4wauY2m"
             label="oAYI" recordNo="qKvR7.yFAj" serialNumber="BWBPzq7sQU_YWuo9WrTWJg_" isPremiere="false"
             usage="commercial" ISWC="bizehqFI" AKA="rbtBc-GS6kFq.Ambk" genre="commercial" broadcastedFrom="2019-07-16T11:21:16"
             broadcastedTo="2018-10-20T11:21:16" runtime="760050351" origin="free of charge" alternativeTitle="R"
             recordedFootage="3987636">
            <Participants>
                <Participant name="VKaCnqlDpeJZS83FAmD" role="producer" IPDN="zM407V4U9chxiQVx5N0M61b-GA6" performance="chorus master"
                     grossFee="456357447.61" modifier="C" IPI="aY" birthDate="2020-02-07Z"/>
                <Participant name="sre0ii" role="arranger" IPDN="ZBb" performance="main" grossFee="373093667.63" modifier="A" IPI="VFaKEzQDj2et0RtyR1g"
                     birthDate="2019-09-27Z"/>
                <Participant name="rFix962q" role="subscriptwriter" IPDN="bjrUnhAtgr" performance="chorus master" grossFee="389350477.48"
                     modifier="B" IPI="QltRrygg4rWgrx2oLbSPU_5H1" birthDate="2019-03-02Z"/>
                <Participant name="zsvSOyaGkJAEll8-Q9BM" role="composer" IPDN="WHM" performance="main" grossFee="-2084708302.36"
                     modifier="B" IPI="fb43ZZsp8JAEW.NyVO" birthDate="2020-05-26"/>
                <Participant name="JcBbiL7p2boJ6" role="music director" IPDN="OXSZ" performance="supporting" grossFee="-1757537442.77"
                     modifier="A" IPI="PNY0PJJcqZI5jcL5NarP3h3cobxJ4" birthDate="2019-02-21"/>
                <Participant name="gYVcpnNgt7C" role="subscriptwriter" IPDN="WAm2WnMB.9nFD" performance="supporting" grossFee="588305912.45"
                     modifier="B" IPI="V6_mN261.aRpEFapbyS" birthDate="2018-11-26"/>
                <Participant name="MYN56BWN99C4pO_y" role="remixer" IPDN="DFKaiJN718ax5wqbXWWjAY" performance="conductor" grossFee="-150250164.82"
                     modifier="B" IPI="wSvWhnbv" birthDate="2019-10-19"/>
                <Participant name="tSr" role="arranger" IPDN="bTOQxIVtaPw4eMD9Z5" performance="soloist" grossFee="-670975670.04"
                     modifier="A" IPI="JOU7O_elUykWfqQeo-" birthDate="2018-09-16"/>
                <Participant name="k47wbYVX.e3Z0-" role="sound engineer" IPDN="lQtrpMnpKvFhRxarI48d" performance="soloist" grossFee="-20867817.63"
                     modifier="A" IPI="MI_kCq4uFwA0qWTDB02C2f" birthDate="2020-03-31Z"/>
                <Participant name="h.ykRYbqCfkhKZy" role="sound engineer" IPDN="x.JUOhs-p" performance="soloist" grossFee="-1818378514.28"
                     modifier="B" IPI="JhQDx0rhtJZCO_Ojgik" birthDate="2019-08-27Z"/>
            </Participants>
        </Record>
        <Record title="jpg1kgrRnusavUUNwJE" spins="1045324674" ISRC="43GSFO4M312L" year="4481" producer="afmGUYrHui"
             label="TnoqFgK" recordNo="B4iTs5nehsEBspYeXkJsWVEc3vb" serialNumber="x.N9fhmfS.p" isPremiere="1"
             usage="commercial" ISWC="uI" AKA="D0TOfdPYziMEO_" genre="commercial" broadcastedFrom="2019-04-30T11:21:16Z"
             broadcastedTo="2019-12-13T11:21:16Z" runtime="542605824" origin="free usage" alternativeTitle="WiIw-a1939o3iqzbE.z"
             recordedFootage="1742134026">
            <Participants>
                <Participant name="KQT" role="composer" IPDN="tkP0B7Ns" performance="conductor" grossFee="1981529139.25" modifier="C"
                     IPI="Qu2DZIGfjwWZsDc5pD0fjMdkcKO" birthDate="2018-08-04Z"/>
                <Participant name="EQjPDk" role="producer" IPDN="ukL79v3m9n2" performance="supporting" grossFee="1235862381.82" modifier="B"
                     IPI="ex3qqGTo6H7G" birthDate="2019-04-27Z"/>
                <Participant name="QC4t9" role="sound engineer" IPDN="CCsRHibfSStDBivTh-QN9gQwj" performance="main" grossFee="42333432.70"
                     modifier="A" IPI="Utdvg48JOCFze5zs2dHv0PBQoSz0" birthDate="2019-11-24"/>
                <Participant name="IBf22KLTERCDnQnZ" role="music director" IPDN="uOFm2zL22vAZAryDsJa_GDe" performance="chorus master"
                     grossFee="780134670.81" modifier="C" IPI="sLFns2qJwvV" birthDate="2020-02-03"/>
                <Participant name="iwekZ.x.CXZkuCEjr1YFVRlV_dBn" role="composer" IPDN="JgKZ" performance="conductor" grossFee="-614365479.85"
                     modifier="B" IPI="x9dHAxo_NJpKEmnD" birthDate="2018-08-21"/>
                <Participant name="BFn" role="producer" IPDN="pabu4oYDA2-9" performance="main" grossFee="482855995.31" modifier="C"
                     IPI="mV9gL.OF_v1E03RfrjgJwgM" birthDate="2020-01-13"/>
                <Participant name="jai67D_R0C" role="scriptwriter" IPDN="OEf9y93N2c_DMO9FjiABQ" performance="main" grossFee="17454576.19"
                     modifier="B" IPI="Ql_as5_c" birthDate="2019-01-25"/>
                <Participant name="uX" role="composer" IPDN="YhsQ86PSHiN5l9abA" performance="main" grossFee="1456167326.91" modifier="A"
                     IPI="pcb" birthDate="2019-02-23Z"/>
                <Participant name="eEFqfcn5oL9WFrlvVn" role="scriptwriter" IPDN="pJRCX8teOc" performance="soloist" grossFee="-1050703467.83"
                     modifier="C" IPI="xtQzu1kTmMFDkPAc" birthDate="2018-07-10"/>
                <Participant name="EB_WB0n2xLGVO" role="composer" IPDN="LYQ_xoKuyyB" performance="chorus master" grossFee="-1859001801.57"
                     modifier="A" IPI="Iu5JauHihG5ahl6xd0pS" birthDate="2019-04-03Z"/>
            </Participants>
        </Record>
        <Record title="r_Q1YPNs" spins="944975647" ISRC="YE905HL800F6" year="6819" producer="dA8UOdtc-hNFbwLMteK" label="qZ5TZ"
             recordNo="fppvBrZ8F-MuVP_NtciEGggg-sS3" serialNumber="JBLljRO9NNf1TtWW" isPremiere="0" usage="broadcast"
             ISWC="ry6zYnGyNU0Q" AKA="_l_" genre="pop" broadcastedFrom="2018-10-07T11:21:16Z" broadcastedTo="2020-05-06T11:21:16"
             runtime="1339130883" origin="free of charge" alternativeTitle="XaVp-1T6DTpD7QK.pXZi.N" recordedFootage="679843852">
            <Participants>
                <Participant name="Bxy0jgx1IEjxsm" role="composer" IPDN="O-uIEo9bIkVMaKwhU" performance="conductor" grossFee="-1302191766.17"
                     modifier="C" IPI="cuUzkq9aKCvbX3Ze.ye_u3Djsq.WPB" birthDate="2018-12-17Z"/>
                <Participant name="zwoXjUU3kbnrPE1u._2_GO" role="sound engineer" IPDN="Dqw6wp5jiy4WWbJYD8" performance="chorus master"
                     grossFee="-909659466.00" modifier="B" IPI="id6frb5GDeBX4Hl10QidWNY-7q5" birthDate="2020-01-18Z"/>
                <Participant name="YjCtuufLX3y2eErX6_0dr" role="sound engineer" IPDN="E" performance="soloist" grossFee="954916884.07"
                     modifier="C" IPI="f0y" birthDate="2019-08-21Z"/>
                <Participant name="HrJo2BTOyCYhMbykgVzb13deLWBU" role="sound engineer" IPDN="eHXHaBJ5REbDJnZk_wI" performance="conductor"
                     grossFee="1110868181.55" modifier="A" IPI="EcTJXNVm34PgB92E" birthDate="2019-08-20Z"/>
                <Participant name="LrY" role="subscriptwriter" IPDN="su858RgkNVo" performance="chorus master" grossFee="2033123930.72"
                     modifier="B" IPI="inTrkZ3I37kazB" birthDate="2020-01-09"/>
                <Participant name="asSBNd9EVWHgQHGr-.H" role="sound engineer" IPDN="yF" performance="soloist" grossFee="-2007070031.53"
                     modifier="C" IPI="DSOJylkA4T1Dqs80x259t1VGc9Ox9E" birthDate="2020-03-31"/>
                <Participant name="veROCoL37Z-mRZsLpXf" role="composer" IPDN="HilzcPr.EpbLX4PVt" performance="conductor" grossFee="1406985166.42"
                     modifier="A" IPI="eDgVOzw" birthDate="2018-08-26Z"/>
                <Participant name="j5pwpx_D5" role="performer" IPDN="JNNV-NKWgo4lgkh4AYj4zIukB8t8Ar" performance="soloist" grossFee="-789775740.30"
                     modifier="A" IPI="bE" birthDate="2018-10-21"/>
                <Participant name="maZJfOi5sTiKq2nbP2L7cP" role="remixer" IPDN="exJ_szU556kFWVvz_VJI" performance="supporting" grossFee="-447860156.37"
                     modifier="B" IPI="nSC3XC5o0OUcXdWJuyxG7H9" birthDate="2018-12-11Z"/>
                <Participant name="zgQBrC1mWXAMy_jRJY" role="music director" IPDN="cFISp8UTGu" performance="supporting" grossFee="117966710.58"
                     modifier="A" IPI="o-YPPIDAQVbj62x2" birthDate="2018-11-18"/>
            </Participants>
        </Record>
        <Record title="s0LlLjLpzn.1RJjtnzr" spins="686557472" ISRC="UNH9W8000S8V" year="3151" producer="MaJvD5QbzW0GX"
             label="roYjHWJbrgpBNuQ9zM" recordNo="c0GX-dSxDztEr" serialNumber="Pi8A1v" isPremiere="false"
             usage="jingle" ISWC="AniYrY" AKA="A9ELIsfW.qY3daF" genre="jingle" broadcastedFrom="2019-07-19T11:21:16"
             broadcastedTo="2019-05-29T11:21:16" runtime="1684102139" origin="report" alternativeTitle="eix3yGkubaJ5XnlipVdLbzA5r"
             recordedFootage="1619351423">
            <Participants>
                <Participant name="m6ZkLgc0JXUbQw40u8Lxf.fOkldl" role="scriptwriter" IPDN="j" performance="conductor" grossFee="1263024004.07"
                     modifier="B" IPI="Wdn3" birthDate="2020-04-10"/>
                <Participant name="N" role="performer" IPDN="dZEOWPbE" performance="supporting" grossFee="-1360212354.51" modifier="A"
                     IPI="gE8d1dCXZqz0kPwY9_qT" birthDate="2019-08-17Z"/>
                <Participant name="YKZ7ET41Zlv" role="music director" IPDN="aY_5zTH3V" performance="chorus master" grossFee="1540687908.75"
                     modifier="C" IPI="j3mmXZWu9yIpUpFU0RpZwgbwi" birthDate="2019-09-22"/>
                <Participant name="KUFyEpc5K" role="performer" IPDN="ZQaWQjV" performance="chorus master" grossFee="-1842165159.15"
                     modifier="B" IPI="S" birthDate="2019-03-17"/>
                <Participant name="eUI" role="remixer" IPDN="Nvo4GLFgq2opDoP" performance="conductor" grossFee="34995750.23" modifier="B"
                     IPI="PADRX4iI.QLiBJ3UwRz3HYcGY" birthDate="2019-02-21"/>
                <Participant name="rNRI64MGd3YT-Z" role="arranger" IPDN="rxO-CJg_npII45n7PQNNXpnbhD" performance="supporting" grossFee="-1825477373.03"
                     modifier="A" IPI="xR5b4ycEhyBD" birthDate="2018-10-24Z"/>
                <Participant name="cvucOhsNrY" role="scriptwriter" IPDN="sMuDLNC-cOUv5Rn31Z3la" performance="main" grossFee="-2062931821.56"
                     modifier="B" IPI="QHFp9rmsJL5gLCmsAxh5nWZiJ" birthDate="2020-04-16"/>
                <Participant name="DawCGLvYaZy" role="scriptwriter" IPDN="jRk4dnj-bKF2IKLZiBjiZPB" performance="supporting" grossFee="352861617.45"
                     modifier="B" IPI="cMKR8PhfNdOEk_DKQ9sbe9uYP" birthDate="2019-06-14Z"/>
                <Participant name="e98_J.HDUAW1J4qBe9RX" role="producer" IPDN="hzvP3LWhAvSSNWd" performance="main" grossFee="559396085.75"
                     modifier="C" IPI="U3-.A" birthDate="2018-08-02Z"/>
                <Participant name="GnZ7tNY3SEFtlbyDlcz9PdMVOA" role="performer" IPDN="wUe" performance="supporting" grossFee="-1769071835.10"
                     modifier="B" IPI="X04uLT0OM9CUSN" birthDate="2019-03-12"/>
            </Participants>
        </Record>
        <Record title="Dd7ErwUXERKYgeY5IgijoycV" spins="1367537133" ISRC="74L225T27740" year="9475" producer="ZmfFDPKVQdjErRij"
             label="uKI8etgBNj6XzmQ" recordNo="Z.n.svDa8LW-f" serialNumber="Vf3" isPremiere="0" usage="commercial"
             ISWC="DMBdgF8Kvgn" AKA="AlePJhedm7D8ZfsjjpQBRHvUX7" genre="composed" broadcastedFrom="2020-01-25T11:21:16Z"
             broadcastedTo="2018-09-08T11:21:16" runtime="2062480358" origin="live broadcasting" alternativeTitle="hZIFZ9OYrPIDXEq"
             recordedFootage="1731535537">
            <Participants>
                <Participant name="bQ" role="producer" IPDN="odNIYz0S" performance="main" grossFee="-910695993.72" modifier="A" IPI="NN2ojRacdKlZpwI"
                     birthDate="2018-07-21Z"/>
                <Participant name="tE4ZQRp.5HoI9IBJ36" role="performer" IPDN="g1y3M4VfxR.xW2GR_4_0EkpK2ye" performance="supporting"
                     grossFee="-88008820.23" modifier="C" IPI="M" birthDate="2020-07-01"/>
                <Participant name="q7dXJQGj" role="scriptwriter" IPDN="l0jbT85BquYJMlf3S" performance="supporting" grossFee="-11889011.18"
                     modifier="A" IPI="PdUP" birthDate="2019-12-01"/>
                <Participant name="VqYWQgB0RhrQgXRcFEjIgv" role="composer" IPDN="cGSmd" performance="main" grossFee="906978997.05"
                     modifier="B" IPI="m8PDpYSpxV7ZyefxEuoMS" birthDate="2020-05-17"/>
                <Participant name="Yiob4F8KYoP4_CaOJ4K" role="composer" IPDN="DtAx3ayLSbKvUAVadByd0mMH1v-kg" performance="chorus master"
                     grossFee="773436743.07" modifier="B" IPI="SjA9aCSsrIQ019I3JMq7ey64-yx85" birthDate="2018-09-23Z"/>
                <Participant name="fVHCBzay" role="remixer" IPDN="ST" performance="main" grossFee="-839248674.55" modifier="C" IPI="cgQNFSwaV4flo"
                     birthDate="2020-04-13"/>
                <Participant name="p_gj_.m2eQddCv_s1zc.nCioPm" role="music director" IPDN="HmGdbEHne0LEZnrRP6fdD.Ia" performance="supporting"
                     grossFee="852458855.49" modifier="B" IPI="O26VeGsYbxj51hH.cg" birthDate="2019-12-07"/>
                <Participant name="opI9yOey" role="remixer" IPDN="seveCM-Zz4qHESvN" performance="supporting" grossFee="-1923512938.22"
                     modifier="C" IPI="r4yEgZEM.rzw" birthDate="2020-03-05Z"/>
                <Participant name="sItVdYSGTDod_s.L-L" role="composer" IPDN="cov9KgLiHUn0i14aA" performance="supporting" grossFee="-1031141945.87"
                     modifier="A" IPI="vJoU" birthDate="2019-05-20Z"/>
                <Participant name="GnrIL_NIy6j" role="scriptwriter" IPDN="TLpsS0P2J" performance="chorus master" grossFee="-612086454.18"
                     modifier="C" IPI="f1TU4SFZsb0OchvR3VA4V.C" birthDate="2018-07-07Z"/>
            </Participants>
        </Record>
        <Record title="AuV55ftJqD_" spins="1283927639" ISRC="RH1318RFMPND" year="4646" producer="KqvGg3ypSbYUAme14"
             label="k-fS" recordNo="MjLAFkXxhZAav9sc.Es64huZL9ZU0" serialNumber="JYmZOWPWU4j" isPremiere="1"
             usage="jingle" ISWC="ZkEHOkCA0K__ufQVA" AKA="BoIQmIGrTx8P-k5zWVF" genre="composed" broadcastedFrom="2018-09-25T11:21:16Z"
             broadcastedTo="2019-05-01T11:21:16Z" runtime="1434875067" origin="free of charge" alternativeTitle="ivZqPYWGGph"
             recordedFootage="987615163">
            <Participants>
                <Participant name="JbaInm1DlmM" role="remixer" IPDN="n3.4rm" performance="conductor" grossFee="-1404919035.84" modifier="B"
                     IPI="fy_S5LOJ" birthDate="2019-01-13"/>
                <Participant name="Sb7Zt1KQS" role="remixer" IPDN="TXZsk" performance="soloist" grossFee="-114477469.26" modifier="A"
                     IPI="Lj4h9VgBEC.C" birthDate="2019-07-25Z"/>
                <Participant name="AE02oHHSaqxaUcWp" role="producer" IPDN="mpyDxnnMiu3S_MCdfft2APqTUO" performance="supporting" grossFee="-1950330734.97"
                     modifier="B" IPI="DSwH" birthDate="2019-07-06Z"/>
                <Participant name="wuVcxkEATIWqap0fSxvkqXIV.4F5Kk" role="composer" IPDN="YYqBw5bw1dBDOlLTRhdIEL_Ul" performance="chorus master"
                     grossFee="-335313831.19" modifier="A" IPI="hNoQo7T70khE1Yv-pmkpOKHDvy9j" birthDate="2020-04-18Z"/>
                <Participant name="IFisusAL2te" role="performer" IPDN="iCVU20Tl" performance="conductor" grossFee="-1185013292.80"
                     modifier="A" IPI="FG" birthDate="2020-02-09"/>
                <Participant name="YeKSa-NaQJ-mYGxt7EncAn2cs" role="scriptwriter" IPDN="o7UlM" performance="chorus master" grossFee="1140660353.18"
                     modifier="C" IPI="fi" birthDate="2019-12-22Z"/>
                <Participant name="z" role="scriptwriter" IPDN="yseh-pAqHgJQ" performance="soloist" grossFee="-358103860.59" modifier="C"
                     IPI="pyak3AC0." birthDate="2019-09-09Z"/>
                <Participant name="dGRssmlbG" role="arranger" IPDN="FyTeCDeniDCYidn.HlJ30YHI" performance="main" grossFee="655370379.02"
                     modifier="A" IPI="z2Tcd6geBu9x0w" birthDate="2019-03-28Z"/>
                <Participant name="LZ.0IvR4SImPm2H" role="music director" IPDN="Cfg" performance="main" grossFee="-1149684320.38"
                     modifier="A" IPI="C7VG3iflNd4E0j_5r" birthDate="2020-03-02"/>
                <Participant name="T" role="remixer" IPDN="CIBVeb" performance="main" grossFee="181367121.20" modifier="A" IPI="CmnvAgOGIL5U"
                     birthDate="2020-03-11Z"/>
            </Participants>
        </Record>
    </Record>
    <Record title="HUWqRS" spins="1079199396" ISRC="ZE548AI7G48G" year="2667" producer="nJ" label="BKVyRtCrTNK9_O0mqNSE.ICCy"
         recordNo="Jdrl4R02wlLlLa-OYT66T" serialNumber="IgU0s6Kahmf6" isPremiere="false" usage="jingle"
         ISWC="r_0I0NM6EP" AKA="veevAmT1" genre="composed" broadcastedFrom="2019-05-02T11:21:16" broadcastedTo="2019-04-22T11:21:16"
         runtime="533031539" origin="report" alternativeTitle="xw2Nm_7cBqJV" recordedFootage="1652861110">
        <Participants>
            <Participant name="A.Jq5wBDLcCRkR1mdUYQrFV" role="arranger" IPDN="GZ07Eri9an17_1Zu7k" performance="supporting" grossFee="574177884.88"
                 modifier="B" IPI="wurDS" birthDate="2018-09-30Z"/>
            <Participant name="o7RXexH43YA0S_6nJW" role="sound engineer" IPDN="E8Cu5xIwQPgliu795B" performance="main" grossFee="1530018568.59"
                 modifier="B" IPI="G.Hrm8VR1v_jNLaGR" birthDate="2018-08-02"/>
            <Participant name="sIXE5A.k2buW841i.9zI" role="arranger" IPDN="ml6qOE80lTqCpwr1ukL" performance="main" grossFee="63949735.55"
                 modifier="B" IPI="kepEKVTVqC" birthDate="2019-03-02"/>
            <Participant name="VrU2kbfywDJEi" role="scriptwriter" IPDN="CxSj72eOSDkqzrB4MaQAgD3RRXZPb" performance="conductor"
                 grossFee="1153484205.30" modifier="C" IPI="h_4IYQIek" birthDate="2020-04-28"/>
            <Participant name="KWONgZ.pNLpB0yXbbE9.p" role="remixer" IPDN="hobSoAPqSElHvS" performance="soloist" grossFee="-1217255057.60"
                 modifier="B" IPI="lafquf3hwEbkMlIlZp.L_vA" birthDate="2019-10-05Z"/>
            <Participant name="ph-a" role="subscriptwriter" IPDN="bIh8yQTxRlo-6H6h" performance="soloist" grossFee="-416699966.19"
                 modifier="A" IPI="G" birthDate="2018-07-18"/>
            <Participant name="s6dKwMxF4fUP8H415yc6W8jRm1KEsL" role="subscriptwriter" IPDN="qt0CSUK9wiKjkpUFtiWZfXt2" performance="chorus master"
                 grossFee="793206152.97" modifier="A" IPI="F7FLlCs_i" birthDate="2019-12-28Z"/>
            <Participant name="bU5cYM592O" role="arranger" IPDN="SnYkUbE_AGn" performance="chorus master" grossFee="-374894229.32"
                 modifier="C" IPI="T0PKbfCqYIT81YZDPGRT" birthDate="2020-05-19"/>
            <Participant name="wuetydxYdZjQvASL45Jfje" role="performer" IPDN="akTdu9VCVrAGUsR4mne6LNgndp9" performance="main"
                 grossFee="-695697841.63" modifier="A" IPI="aaszxEtkgolBEb0Vybf5TgJ3" birthDate="2019-11-16Z"/>
            <Participant name="HHj16" role="performer" IPDN="uOdI8sz5gpliYG60FFj0MoBc" performance="supporting" grossFee="-456252109.73"
                 modifier="C" IPI="WYsiUr7Mj6yyesrGt83bx" birthDate="2020-04-09Z"/>
        </Participants>
        <Record title="wBy2YZdxiHyooLd7iW" spins="1191248799" ISRC="7BIY7IU8O337" year="2394" producer="zlHRFHXQltbhhNSGBtELTOy0_mCFH1"
             label="xhXMM" recordNo="U0Iyrj2kMTu" serialNumber="A4XoHtGDlCId9Fx.yuu" isPremiere="false"
             usage="broadcast" ISWC="eLI0XV6HNtSMWlgtCCl" AKA="jFGI" genre="pop" broadcastedFrom="2019-03-24T11:21:16"
             broadcastedTo="2019-09-10T11:21:16" runtime="827531057" origin="live stream" alternativeTitle="Gi6L1GXEpZ9c7"
             recordedFootage="893944830">
            <Participants>
                <Participant name="jmU82s5I5j68" role="arranger" IPDN="TY_Xrwf8osnvE4e-" performance="main" grossFee="1465007212.33"
                     modifier="B" IPI="tRbP.7zGCpv7ddM27Thew_" birthDate="2018-09-17"/>
                <Participant name="dlf1fTw" role="composer" IPDN="oOi" performance="conductor" grossFee="1203939148.86" modifier="A"
                     IPI="HawmK13JPa1HQQGyZDxVEdrOStj" birthDate="2019-11-10"/>
                <Participant name="o7oOrmlaOr3p" role="sound engineer" IPDN="A.w37vW-mfi7PGaO1UScgTIB_" performance="conductor" grossFee="1213605066.18"
                     modifier="C" IPI="O81JMPWkuRetuZ" birthDate="2019-01-24Z"/>
                <Participant name="Sm3uiBI5KOoDNG51fMjz8" role="subscriptwriter" IPDN="Yg30" performance="chorus master" grossFee="1915351964.16"
                     modifier="C" IPI="kmSJ0kr6loI0ojDal" birthDate="2018-08-21"/>
                <Participant name="yb9XH." role="arranger" IPDN="ySoiox_Ho2FYMdi4mI_.VCtY15O" performance="chorus master" grossFee="72506989.69"
                     modifier="B" IPI="kB5-utsnRxq0ZpO" birthDate="2018-10-09"/>
                <Participant name="boNczf" role="composer" IPDN="SkZVMuZizpajHitGS22R5woHv0ivyy" performance="chorus master" grossFee="-944132014.68"
                     modifier="C" IPI="TlcIH" birthDate="2020-01-18"/>
                <Participant name="KUuVBztOo3AyQD4ydCTOFVNX" role="music director" IPDN="ohWqg55LMy2FvxaLyKBInz" performance="soloist"
                     grossFee="-575456378.92" modifier="B" IPI="wIOEn8SjL" birthDate="2019-05-17"/>
                <Participant name="mFkBf-BmXV2o_ki9YEu" role="subscriptwriter" IPDN="ToeZZZsvt41Z" performance="chorus master" grossFee="-2077556200.36"
                     modifier="A" IPI="wUOi.QYq.Q8H" birthDate="2018-08-05Z"/>
                <Participant name="VdLx4uuxLS57Br99uN6_eUWamARO" role="producer" IPDN="XkTUUHeYxSJvql8eJKbP3fC.RBw9" performance="chorus master"
                     grossFee="-1381715161.11" modifier="C" IPI="i6Ya.g6WXeAWMJsTRHrJPyAOi8Tt" birthDate="2019-10-12Z"/>
                <Participant name="cO" role="arranger" IPDN="ZvakaEo9pihv-" performance="main" grossFee="-594966399.46" modifier="B"
                     IPI="dyy-RZTk" birthDate="2019-04-23"/>
            </Participants>
        </Record>
        <Record title="WfqD4lu47t0cKldmX" spins="1901267283" ISRC="F32N0XW6F0F6" year="3240" producer="tWvI-Dms" label="TctJjwLWTKBJxdthYiqjnPQsP"
             recordNo="bXph_-nFJLXWg-L7vtRR7PSZu16" serialNumber="bIj2.5rvP-.XKipZdtLbo" isPremiere="0"
             usage="jingle" ISWC="Lx5KVJ6sGC4oHWWXRX" AKA="a3nTaa1lPe" genre="jingle" broadcastedFrom="2019-10-01T11:21:16Z"
             broadcastedTo="2020-03-12T11:21:16" runtime="1977509221" origin="free of charge" alternativeTitle="obOISACgBd36hrG66cV2e1Mib7"
             recordedFootage="1960132202">
            <Participants>
                <Participant name="TDCiHWeZHQ4Ae2cqTfl9Oje.dj9" role="sound engineer" IPDN="ZCHZ6k6SVgvPj97" performance="conductor"
                     grossFee="586454125.57" modifier="C" IPI="S9X1_UBcK_0U" birthDate="2019-01-21Z"/>
                <Participant name="B" role="remixer" IPDN="zfyOiIl0pkEWYQNds" performance="soloist" grossFee="1384407730.41" modifier="C"
                     IPI="iBOpY_BiSLqpumIZ3iU" birthDate="2018-10-22Z"/>
                <Participant name="i1FjRmJOeXZ" role="remixer" IPDN="Bph28oKakr8ubv2dBucZiSBK" performance="main" grossFee="-54777524.72"
                     modifier="A" IPI="XGCwzi8XbGaaKxnLwBCwah" birthDate="2020-06-30Z"/>
                <Participant name="n1hd8IyreFCgmZ34gfP58AFL_" role="arranger" IPDN="aUN9AjmPLlo0MN2elipv1-" performance="soloist"
                     grossFee="1909268211.32" modifier="B" IPI="eYJUlhe5l.g2" birthDate="2018-11-15"/>
                <Participant name="pguiuxm3m6AtiuD9" role="music director" IPDN="PffVZQg2fExCr-RSG" performance="supporting" grossFee="2124619768.77"
                     modifier="B" IPI="usm0-t9AAuC7dM7S3FYNB_OU2yhv" birthDate="2019-04-29"/>
                <Participant name="lP7hCtSDT" role="producer" IPDN="I3ebzbUdXzqQTUSCrrtloQQVlmgxh" performance="chorus master" grossFee="-803250919.44"
                     modifier="A" IPI="taP" birthDate="2019-02-16Z"/>
                <Participant name="A6Jb" role="sound engineer" IPDN="Kc52DvkxP4bLs7W" performance="chorus master" grossFee="-2043666064.51"
                     modifier="B" IPI="t" birthDate="2020-06-19Z"/>
                <Participant name="nZBKTXe" role="scriptwriter" IPDN="pxs_jAqYnLC90EHr-pHgMaRw3WA" performance="supporting" grossFee="615193692.39"
                     modifier="A" IPI="oa.Vk-nrni" birthDate="2020-01-12"/>
                <Participant name="G-yC" role="scriptwriter" IPDN="YPpfWR2hsGbe5dCZ5_GK7QZf" performance="main" grossFee="-196799719.17"
                     modifier="A" IPI="u" birthDate="2019-05-29Z"/>
                <Participant name="EDH" role="subscriptwriter" IPDN="JLBCiczFwiu50rZ93xy6_a9r1lP" performance="supporting" grossFee="-924177267.06"
                     modifier="B" IPI="nVgBb.dEtLb3MSn" birthDate="2018-09-23Z"/>
            </Participants>
        </Record>
        <Record title="fkNS0KD3UlqZ6WWMe3EaTOc94cnN" spins="571360301" ISRC="2J4J59IH8192" year="2447" producer="KP8aceThqlTFv"
             label="fq" recordNo="o5cQp" serialNumber="pJx5qUwAOBdeMJOVfv-QPNuMy3irLF" isPremiere="1"
             usage="commercial" ISWC="SS8KqFS" AKA="UhEJiz190mpVDPwtITX" genre="commercial" broadcastedFrom="2020-02-07T11:21:16Z"
             broadcastedTo="2019-02-01T11:21:16Z" runtime="1319673098" origin="free usage" alternativeTitle="Hzw_kaVSS"
             recordedFootage="1388584702">
            <Participants>
                <Participant name="YalFZUEaEKlG5bCxNw2vQ1zPXhg" role="subscriptwriter" IPDN="MsREv" performance="chorus master" grossFee="1096896839.79"
                     modifier="B" IPI="rW" birthDate="2020-03-28"/>
                <Participant name="FyZGJCBYvqqCBiDlxHL0" role="performer" IPDN="jH7ua51HcoRgImLj" performance="main" grossFee="-428259796.42"
                     modifier="B" IPI="ljpbZGY7Nnif01Je" birthDate="2020-05-06"/>
                <Participant name="ZNtMZymRxLNG4aQPzV2NTuzLv" role="music director" IPDN="ALZetFeZNQUigyF" performance="supporting"
                     grossFee="2052298342.60" modifier="B" IPI="Xb_B9OB" birthDate="2019-08-26Z"/>
                <Participant name="cegbNFx3-z" role="sound engineer" IPDN="ZcVMSH4b39pO41ioYUKAyt" performance="supporting" grossFee="162767463.21"
                     modifier="B" IPI="rmOa48" birthDate="2018-09-11"/>
                <Participant name="xoTbRcIz-eodzxcvk" role="performer" IPDN="RU04-b5mjoK" performance="soloist" grossFee="343227036.72"
                     modifier="A" IPI="GrCzS093c7rUrtv_FHmu9kTkc3PF-a" birthDate="2020-05-27"/>
                <Participant name="oSwOUEhVo8gvgWAMfsjodD9luHdKUZ" role="sound engineer" IPDN="pBWT.YMpceVwfqBIkvdga" performance="soloist"
                     grossFee="1606243229.09" modifier="A" IPI="WAuY3DaL1bOzgF6vSyq-dQ6cYrGGC" birthDate="2018-12-28"/>
                <Participant name="UQsQp_jHp.2WDPYStqpmTt_7ap" role="sound engineer" IPDN="T4z5w_5Dp0wsbJWBDw6Yhn" performance="soloist"
                     grossFee="-22021824.33" modifier="C" IPI="HlVao" birthDate="2019-07-08"/>
                <Participant name="KK18A_U" role="composer" IPDN="REbSSOcf" performance="supporting" grossFee="627076334.28" modifier="C"
                     IPI="b." birthDate="2018-10-13Z"/>
                <Participant name="GztEFb56lgy43lQ4" role="remixer" IPDN="J.4g62TYSPZCuS.czOK.KHGUT7zv-" performance="supporting"
                     grossFee="414078391.76" modifier="A" IPI="Qh6ZIBWdGqlzMXSNTRjKYD5Jg" birthDate="2018-07-09"/>
                <Participant name="Gu.g.EqEhPhC806ja" role="scriptwriter" IPDN="D.FS3MXUzPdMR" performance="supporting" grossFee="-847386015.25"
                     modifier="A" IPI="fEuZCl65-Xlt9h2sg" birthDate="2018-11-30Z"/>
            </Participants>
        </Record>
        <Record title="MeUqRGQ-sG-tfDDbchKiu" spins="1230039444" ISRC="PS3UCGI1O1A8" year="1636" producer="HsShLcj.M-BBxD-1xtAmy_Io"
             label="Rs9_ziquA" recordNo="Zab15DXGurEP.yS1N.EJ6j3g-wM" serialNumber="gJPDT-4M-" isPremiere="true"
             usage="broadcast" ISWC="G" AKA="nyH.Oy2C" genre="spoken word" broadcastedFrom="2018-12-12T11:21:16Z"
             broadcastedTo="2019-04-20T11:21:16Z" runtime="606719143" origin="commercial" alternativeTitle="RBaz8TFIs2ghXX1aEOXje8Af"
             recordedFootage="1672568571">
            <Participants>
                <Participant name="CI.mqpH" role="performer" IPDN="zdQN.CV" performance="main" grossFee="119584966.62" modifier="C"
                     IPI="sr1bczi6zzrl2qAmiTDpuLPycf" birthDate="2020-02-13Z"/>
                <Participant name="SutaRG" role="composer" IPDN="Y" performance="supporting" grossFee="-1030182982.67" modifier="A"
                     IPI="qVeCBZZbq1gGVrFZ" birthDate="2020-01-15Z"/>
                <Participant name="h9h3hbcT0" role="arranger" IPDN="ehgg0Xqe" performance="supporting" grossFee="-274346172.29" modifier="B"
                     IPI="O62ZWkFzYh7vlmNrd4-xNH8iAYZS_" birthDate="2019-04-26"/>
                <Participant name="oyeJU" role="composer" IPDN="x9tC.XX84WtXjXQ135SCzh-" performance="conductor" grossFee="-1811407098.65"
                     modifier="B" IPI="xl06vvjldgf4UO4IMCuZF" birthDate="2018-12-10Z"/>
                <Participant name="LllDnWVxFPjU_IYBZd9QAOz" role="subscriptwriter" IPDN="nIxlRPcfgAKvgKjqgAO3WfY" performance="chorus master"
                     grossFee="1841150183.63" modifier="C" IPI="eWTMPPScWB" birthDate="2020-06-29Z"/>
                <Participant name="B54TCNIL6mSC5.zxxfYfO" role="performer" IPDN="WUsQ6OjrvDocKd7pHGs7iWP" performance="chorus master"
                     grossFee="1001383455.07" modifier="A" IPI="WzaF0ZYxQ.31wQbAUQUv" birthDate="2020-06-13Z"/>
                <Participant name="gn3UTMKIN-H32Fb" role="performer" IPDN="LVlwG_6kxJ8MaedeaE3vbWO87Rh02h" performance="supporting"
                     grossFee="1459940032.91" modifier="B" IPI="_Y" birthDate="2020-03-29"/>
                <Participant name="LhMlwYUrQWJrkXrBzdkU6q" role="performer" IPDN="h" performance="soloist" grossFee="334726739.71"
                     modifier="C" IPI="eGAxDBXA66HPOK8zYMbtcFV323yub5" birthDate="2019-10-25"/>
                <Participant name="czllc7BLv53Jjq32G4sznp" role="arranger" IPDN="LaZOuF-vHYJhFQGVEtTrS.GUOr" performance="chorus master"
                     grossFee="-531417826.24" modifier="C" IPI="gs6ViJRGAxqc_7.F" birthDate="2018-09-16"/>
                <Participant name="rjSB5L34060zGikitvpcl" role="subscriptwriter" IPDN="rs-" performance="conductor" grossFee="1907439107.68"
                     modifier="B" IPI="p0euBC0hlUL70cWkfGJOf9" birthDate="2018-10-16"/>
            </Participants>
        </Record>
        <Record title="ZGI1uEnuGkt8sdxPQ7" spins="82386894" ISRC="Y4W8GG8WLMTO" year="9874" producer="vGgxj_lofrrnfdvi-YgQL5i"
             label="NuhJ6Tk-" recordNo="j" serialNumber="ph7Cx.jxNClWC98H" isPremiere="true" usage="jingle"
             ISWC="S.X-BOn08Jym" AKA="UAUnARX" genre="pop" broadcastedFrom="2020-04-15T11:21:16Z" broadcastedTo="2019-08-19T11:21:16"
             runtime="362497282" origin="commerce" alternativeTitle="g3qDHqsXdtV" recordedFootage="253334085">
            <Participants>
                <Participant name="OHwaXBzkGtrPE2e" role="music director" IPDN="rO1suc" performance="conductor" grossFee="1691175803.61"
                     modifier="B" IPI="dMZW8toh-XKSOgTr_.0CP5" birthDate="2020-06-27Z"/>
                <Participant name="g" role="composer" IPDN="vI8s" performance="main" grossFee="-689307651.53" modifier="A" IPI="JkAWFYfJkshWhob_Sm.C8v1.bcw"
                     birthDate="2019-12-21Z"/>
                <Participant name="X7fEMWUFQnW" role="scriptwriter" IPDN="ydMU50dM6EN" performance="soloist" grossFee="1168153851.48"
                     modifier="A" IPI="riOLLSK" birthDate="2019-02-17Z"/>
                <Participant name="taQyQ0Cbr479xJ6oOsjd" role="music director" IPDN="f4j9PgLUpav-MW" performance="supporting" grossFee="-304749570.44"
                     modifier="C" IPI="Y_" birthDate="2019-06-29Z"/>
                <Participant name="NyHfFMtBfh0p" role="remixer" IPDN="kYzPhH7Mexs_XAKvJZTdgB3gc" performance="soloist" grossFee="1947882142.83"
                     modifier="B" IPI="Jbab7zhoP51nnzX88hugLWmC8X" birthDate="2018-10-03"/>
                <Participant name="ksJVlHwsymQKl_iLz-A3Fks" role="scriptwriter" IPDN="h_u" performance="supporting" grossFee="680089750.26"
                     modifier="C" IPI="a6_w5fFX5VWZRMuEyT.ffaIsSf1gO" birthDate="2019-08-04"/>
                <Participant name="rkoWvpMRWsuy758_uyVlaA0" role="scriptwriter" IPDN="xwLHJSE9gAAUosStK2j77" performance="soloist"
                     grossFee="-1943523625.10" modifier="C" IPI="wHnZoC2" birthDate="2019-06-04Z"/>
                <Participant name="Od1" role="scriptwriter" IPDN="H2AbWhwoeezU-wDBWzjHhQ0q" performance="main" grossFee="733304872.21"
                     modifier="A" IPI="Z_LdorKtLEkPcP" birthDate="2018-10-02Z"/>
                <Participant name="_i24SYS" role="producer" IPDN="OFzjrkizI7wD1WuQ6CKURagDF" performance="conductor" grossFee="1820155154.06"
                     modifier="C" IPI="x" birthDate="2020-06-16"/>
                <Participant name="Z0NA6PZIPs46" role="subscriptwriter" IPDN="UkIwzfk-5rRKhrVB9" performance="main" grossFee="-540038757.69"
                     modifier="A" IPI="V0Zik2Ji0MZc_UnXH8JIR-" birthDate="2019-07-04Z"/>
            </Participants>
        </Record>
        <Record title="qg-NNnIgxEXaA" spins="698259305" ISRC="507GXZCS206W" year="7840" producer="dxxT5hFOnk2Jc0sBSpC0VM5RTrWGf"
             label="wxE7QDsUlZYKMF46T4BWjM" recordNo="YrQPbWa-Y8Tyh" serialNumber="Br" isPremiere="false"
             usage="jingle" ISWC="tWWpxqoMRR7Nya7i" AKA="iDeD" genre="composed" broadcastedFrom="2018-07-20T11:21:16"
             broadcastedTo="2019-11-10T11:21:16Z" runtime="620170910" origin="free usage" alternativeTitle="y"
             recordedFootage="31844826">
            <Participants>
                <Participant name="Jm7" role="performer" IPDN="QcndaMi1T0_8sZzuXE9yWoqN-TK" performance="main" grossFee="1951812721.65"
                     modifier="A" IPI="ZuwD2tBp" birthDate="2019-06-30Z"/>
                <Participant name="KZxpx" role="music director" IPDN="hwC63t.SfdZhgYzZVvXriO4Jr.Ia2J" performance="chorus master"
                     grossFee="-1123963691.18" modifier="A" IPI="Ww" birthDate="2020-01-31Z"/>
                <Participant name="I1d2SJ_VV0KI6" role="composer" IPDN="Ef_BQeDn2SmqJipQKJNgxvn-3" performance="supporting" grossFee="1476894878.39"
                     modifier="C" IPI="GYms_lUfUDJG98DDnchjmCf5" birthDate="2019-07-31"/>
                <Participant name="yHB22-NsDhG" role="remixer" IPDN="ptPkzbcFijI2b2mVi3L6vPJMzv" performance="soloist" grossFee="-648720723.52"
                     modifier="B" IPI="k3" birthDate="2018-09-14Z"/>
                <Participant name="rkGyn9K_rUWZbcYByOu" role="music director" IPDN="Bep" performance="supporting" grossFee="1788550027.72"
                     modifier="A" IPI="NeI.fslehCnrU.FLDjjnT" birthDate="2020-02-28"/>
                <Participant name="lmIHS4jFnV5rdbGs_" role="music director" IPDN="f2ePV6TSqLS3GYZBM9LXYuFBvX.oZ6" performance="soloist"
                     grossFee="-2030034560.55" modifier="A" IPI="NFxOpf.tQ7zr2DXD-" birthDate="2019-01-23"/>
                <Participant name="Gh" role="sound engineer" IPDN="BdPbX33.mKAys_DroWtq0QVt" performance="main" grossFee="1390265143.86"
                     modifier="C" IPI="xlt" birthDate="2019-01-16"/>
                <Participant name="VHgZahUrEP7A2" role="producer" IPDN="TA4V5G1BhcTZYSRCIFv.Q2ywmqp_71" performance="chorus master"
                     grossFee="-1563125049.79" modifier="B" IPI="mbW9d6op" birthDate="2020-05-17Z"/>
                <Participant name="GuQMfe9Qn" role="arranger" IPDN="KzcjfAPrDaz1P.L" performance="chorus master" grossFee="-471318935.47"
                     modifier="B" IPI="AGblAUW5k7y7rcJyL2VPLHt0" birthDate="2019-05-18"/>
                <Participant name="utoN5cjtRJUx_UCuBB4UMtfTbtY" role="producer" IPDN="Ngx3nnHJpoEUQ" performance="supporting" grossFee="1541214817.57"
                     modifier="C" IPI="We6Ua" birthDate="2019-10-31"/>
            </Participants>
        </Record>
        <Record title="X" spins="1272797682" ISRC="6336SZ835T8N" year="2751" producer="Q3o.B5" label="y_wdKqDZx" recordNo="rV_sgMg66cW8.hL6dQuP"
             serialNumber="_xq_cyqv1v5mjyh" isPremiere="false" usage="jingle" ISWC="bfM6UbpIeZ2cODOMXeVSoOD"
             AKA="mdbBhH" genre="spoken word" broadcastedFrom="2019-07-08T11:21:16Z" broadcastedTo="2019-07-23T11:21:16Z"
             runtime="1881547594" origin="commerce" alternativeTitle="Yftl.xs4RO5LkbcZ0VV.-gtf" recordedFootage="203328857">
            <Participants>
                <Participant name="eDsRgblv1mhlE5NlAffYEHhn" role="performer" IPDN="xhl" performance="supporting" grossFee="-1111824456.77"
                     modifier="B" IPI="ANbiN2LK5TxXdLvXthpzVCdNFXXXR" birthDate="2019-07-30Z"/>
                <Participant name="lyNeaADKIhTAY21Sf3M" role="sound engineer" IPDN="Oq" performance="main" grossFee="-1142514444.10"
                     modifier="B" IPI="kBlvlv" birthDate="2018-07-25Z"/>
                <Participant name="bHQMxNZsxO-1fugbHYCYS0" role="performer" IPDN="dlXOT" performance="main" grossFee="-1420353861.63"
                     modifier="B" IPI="Qt26OBpDCkRXm1A.AlxiM8X0Hvd" birthDate="2020-06-21"/>
                <Participant name="FRt2BLaz" role="music director" IPDN="QScLg_r6J" performance="supporting" grossFee="-647912519.99"
                     modifier="B" IPI="baS9lnMrYTvYGv8r02slzN8yPkqCR" birthDate="2019-11-28Z"/>
                <Participant name="iQAgVsyp9NweWKdl8wr" role="performer" IPDN="Wdnx3SX1f-pKGI3yF" performance="chorus master" grossFee="-317111952.53"
                     modifier="B" IPI="bEu2zqLx8YpKmRGR4oj4YJ" birthDate="2019-11-28"/>
                <Participant name="hYLX32CY_kNbw" role="subscriptwriter" IPDN="Ivz51g.bcGEgYCJ951jwYS" performance="supporting" grossFee="631047372.85"
                     modifier="C" IPI="rTSUD" birthDate="2019-01-30"/>
                <Participant name="PWThNM" role="producer" IPDN="m2OjinoZgcdjwn" performance="supporting" grossFee="1380521068.32"
                     modifier="C" IPI="w8PxaR2R.zkaTQ" birthDate="2019-10-15"/>
                <Participant name="ct2" role="performer" IPDN="K5bU0jc4DGE4" performance="supporting" grossFee="206416348.25" modifier="C"
                     IPI="iAH" birthDate="2019-08-15Z"/>
                <Participant name="kGTo49whdqd.1" role="producer" IPDN="Fb5i" performance="supporting" grossFee="-1153203698.99"
                     modifier="B" IPI="RqqNPNv9tHPENdQuppVc39efoV75t" birthDate="2020-04-26Z"/>
                <Participant name="CC_ZtTdF39w" role="subscriptwriter" IPDN="S4dJyRK" performance="conductor" grossFee="-496909771.32"
                     modifier="B" IPI="tDCatsNP08kW0U" birthDate="2019-03-08Z"/>
            </Participants>
        </Record>
        <Record title="GS9RDR4tiTZ3J7ryqEfZ76FoLeuw" spins="912858343" ISRC="X40R04168OHA" year="9161" producer="UJaoEl"
             label="NpqJ1L0P2X9FVcrF27JL3J_PD22mI6" recordNo="A7jjDHiPdD35" serialNumber="HxIXwbrFoH4ph"
             isPremiere="false" usage="broadcast" ISWC="Ul0163_TfZ.dJX0m.c" AKA="Oa" genre="classical"
             broadcastedFrom="2019-04-10T11:21:16Z" broadcastedTo="2018-07-05T11:21:16Z" runtime="529866"
             origin="commercial" alternativeTitle="AxzG7ZWy" recordedFootage="169822238">
            <Participants>
                <Participant name="X7d9vDqU" role="remixer" IPDN="l-jj7VffVhgf0jogj73KYVI6ICTxZ6" performance="soloist" grossFee="901141774.04"
                     modifier="B" IPI="LlgZnvAg96" birthDate="2018-07-07"/>
                <Participant name="FXQEg" role="composer" IPDN="K4jZWjUE8CM" performance="main" grossFee="-1463037217.46" modifier="A"
                     IPI="jLVU-my2SU4XZnQnyfROmn" birthDate="2019-07-06"/>
                <Participant name="XSZ1xsYVCqrTtiok33i-Mg" role="subscriptwriter" IPDN="OXeUOD7zJ0LHtkB5vA.HgCnXMxanZN" performance="chorus master"
                     grossFee="-611973205.28" modifier="B" IPI="BCLnGk7.RdCit8o" birthDate="2019-08-18Z"/>
                <Participant name="Ofg_EeE" role="remixer" IPDN="pXBeflSSWuxt1HDXDMnHHYTw." performance="supporting" grossFee="-857488911.95"
                     modifier="C" IPI="Q" birthDate="2019-05-19"/>
                <Participant name="KN.nOmJ1z27o4IR6MtjMtQ55TLcOq" role="scriptwriter" IPDN="yot" performance="soloist" grossFee="-747086212.59"
                     modifier="C" IPI="aWxvow1YL0" birthDate="2019-07-19Z"/>
                <Participant name="wwuwmPYeqiFKhL19drf9zz" role="subscriptwriter" IPDN="N4O77Gi6hEEJ3MWVc" performance="main" grossFee="1655897287.44"
                     modifier="B" IPI="r" birthDate="2018-10-04Z"/>
                <Participant name="fr95" role="sound engineer" IPDN="g0VPmjFDka7foeQrE7Bh3" performance="main" grossFee="-1673882987.13"
                     modifier="C" IPI="LGUW" birthDate="2020-06-10"/>
                <Participant name="eCPz3ln0nkPY.ps" role="arranger" IPDN="n" performance="chorus master" grossFee="-1516399924.64"
                     modifier="B" IPI="rcfdjfF2o05nQdxbn6dDE2v4F5Ohx3" birthDate="2018-11-17"/>
                <Participant name="_N8uhhG80RvWRAzvyBjbbg" role="composer" IPDN="f6HPuu75Xo8ir0Z2wXw8DB" performance="soloist" grossFee="1884008749.98"
                     modifier="C" IPI="Hv21oOcmS3gcaVU" birthDate="2018-11-14"/>
                <Participant name="gMXLr" role="subscriptwriter" IPDN="DoWrLz_AshnwG7co" performance="soloist" grossFee="796695618.89"
                     modifier="C" IPI="bnWMjkTGCqTMjgGQBXLOblfNY" birthDate="2020-01-07Z"/>
            </Participants>
        </Record>
        <Record title="y9oIaONkwSX.kr" spins="1432164412" ISRC="BN978DN0N7R4" year="8181" producer="an.7Fbceo6-cbUGfbDKn2"
             label="MaVeHie" recordNo="HDmn340.npZYk" serialNumber="z3eEyfHOYYQ_LRIP-IXqyNf92a" isPremiere="1"
             usage="commercial" ISWC="zAUIk6a7JrPkHoRy_OSGeN91" AKA="Tfw6vKBk28sN" genre="commercial"
             broadcastedFrom="2018-07-25T11:21:16Z" broadcastedTo="2019-12-06T11:21:16" runtime="1563364189"
             origin="self" alternativeTitle="fEm1NQg" recordedFootage="878564611">
            <Participants>
                <Participant name="Eb1DoKJb" role="music director" IPDN="LCSCsjAZAJ7y20DdSabI8LvORiNOBe" performance="supporting"
                     grossFee="-2100005159.32" modifier="C" IPI="aFBHDDH9HMHvKH_Sa35mZgrF6oPr" birthDate="2019-07-20"/>
                <Participant name="sjzpLlrugLjpiDRNyAF_RanK_" role="scriptwriter" IPDN="G160qYo" performance="supporting" grossFee="1822633950.97"
                     modifier="C" IPI="SnI5iVTwoBJax_hQqSBtGQMAp" birthDate="2019-12-19Z"/>
                <Participant name="zR.eHuZ-apW" role="scriptwriter" IPDN="r9anY_" performance="main" grossFee="236722665.43" modifier="B"
                     IPI="Tn3mIpUPywX" birthDate="2020-04-30"/>
                <Participant name="UC1oL4i37Ib.wI_M" role="arranger" IPDN="GoLa6ZFQ" performance="supporting" grossFee="707590312.81"
                     modifier="B" IPI="og2YOtOz8" birthDate="2019-12-26"/>
                <Participant name="iA6dQew3sGtTlcB6qNGpS" role="music director" IPDN="y_534Sxy20AR3pXjST6Qw1BPG9Fd_m" performance="main"
                     grossFee="1656146395.35" modifier="B" IPI="Ov2aTH__aat4rjE_kaYytL87mD" birthDate="2019-05-19"/>
                <Participant name="YlyuAH5k6HrIdwt" role="scriptwriter" IPDN="jJfO-rg561CJjFEhr.rhDpVdlKt" performance="chorus master"
                     grossFee="520085130.12" modifier="A" IPI="kPkROBP" birthDate="2018-11-22"/>
                <Participant name="g2fSnzCpV95mBDL70" role="scriptwriter" IPDN="N8i4V4pM" performance="conductor" grossFee="-1726686660.92"
                     modifier="C" IPI="t_dLQi_RPu8QrK1IOpJcm_IhCpTAw" birthDate="2019-02-28Z"/>
                <Participant name="Sb6beKlpRv7p2uNj" role="producer" IPDN="_7r7" performance="chorus master" grossFee="486277680.80"
                     modifier="A" IPI="N3ZCKZ3cQ6zco3dqg5WVV" birthDate="2019-04-05Z"/>
                <Participant name="PYzOh-u" role="producer" IPDN="pCGW" performance="supporting" grossFee="163366267.83" modifier="C"
                     IPI="Kj8O.T" birthDate="2019-01-21"/>
                <Participant name="orYdO5C2O.IvYoqzJs6TThQQ-Lex" role="sound engineer" IPDN="jvAhTo2TVHcRAt6CuCOZzk" performance="chorus master"
                     grossFee="188430998.64" modifier="C" IPI="dYR3hHHdAi" birthDate="2019-07-29"/>
            </Participants>
        </Record>
        <Record title="R89YmvM3nZQYOcsRIArX" spins="1850767796" ISRC="P1YML2FC4Y7I" year="2005" producer="SfuTtRH8rp"
             label="j.6dk4vo02" recordNo="bn.JepwK" serialNumber="nGn0g1zKRHlXPl1TGwknBX" isPremiere="0"
             usage="commercial" ISWC="U1s1VSM9F1CZsE.0ZRvkhkvgl" AKA="g-yK" genre="commercial" broadcastedFrom="2019-05-15T11:21:16"
             broadcastedTo="2018-12-14T11:21:16Z" runtime="1417784316" origin="commercial" alternativeTitle="DmgooDCWxiZxehcSb2JY_SSFX"
             recordedFootage="1459042107">
            <Participants>
                <Participant name="n6AgV0kBVd-csV4" role="subscriptwriter" IPDN="jRbsO" performance="soloist" grossFee="159043136.35"
                     modifier="B" IPI="AGLPMNa_BHCM7YAOBV3J3lQK-3I1" birthDate="2018-08-19Z"/>
                <Participant name="KrqLImaLui71o5Not" role="arranger" IPDN="eXhWuRsNpdvkAhGrs7d7H3" performance="main" grossFee="-1829624513.31"
                     modifier="C" IPI="vFdBjEq3B-UTB" birthDate="2018-08-28"/>
                <Participant name="ZN5UcSHlRLavIvV6DnoCrlD7dubBPj" role="composer" IPDN="V5v" performance="chorus master" grossFee="1722079312.45"
                     modifier="C" IPI="l" birthDate="2019-04-21Z"/>
                <Participant name="TxkLJGDQlSZmynABz.UPRQi5P" role="sound engineer" IPDN="D0oclE_gEdK" performance="main" grossFee="-1674698313.96"
                     modifier="C" IPI="h-vZ2Kl0wEbosfZKMEUZb0iu3Ac" birthDate="2020-04-17"/>
                <Participant name="aShqJW.k-pYDsg0pcJ7Vvsn3EEUE" role="producer" IPDN="P_rEjJu-QTcjl" performance="supporting" grossFee="-27826400.04"
                     modifier="C" IPI="a33K.AGXj6ZNiOpI4Pr87rd.dto" birthDate="2020-06-07"/>
                <Participant name="KNrqrD1mSGHDF_.FS4pkKdSJ" role="performer" IPDN="_9MwrXZ5Wo639z8ikPBqPD-Hd" performance="soloist"
                     grossFee="-1394124198.13" modifier="A" IPI="a" birthDate="2019-09-13Z"/>
                <Participant name="ErDCNb9gDmzQedivsNbN2x1O" role="music director" IPDN="xxYgZ" performance="conductor" grossFee="1805139291.30"
                     modifier="B" IPI="IW7O9JO1.G0jxJjrk6" birthDate="2019-12-03Z"/>
                <Participant name="uO9" role="scriptwriter" IPDN="OgKPKQQ" performance="main" grossFee="699519200.50" modifier="B"
                     IPI="ryz.bzXbSKYlT1881_aeEEX.BIM" birthDate="2019-02-19Z"/>
                <Participant name="BR6GBfny7ZIOEk5_KyvFx" role="performer" IPDN="hMs" performance="soloist" grossFee="-1119344282.96"
                     modifier="A" IPI="lQPa" birthDate="2019-01-10Z"/>
                <Participant name="I25dGfPqsHelH5L.LmaxKP" role="arranger" IPDN="Cr1GlFrKXFrKUg" performance="soloist" grossFee="-441029933.24"
                     modifier="A" IPI="_7sDs-AqR0-FZ3essPwnk2" birthDate="2019-02-14Z"/>
            </Participants>
        </Record>
    </Record>
    <Record title="RspXtYzvh1OsVlPTzmC" spins="1443100858" ISRC="IR78M8SYZ65M" year="4243" producer="CsXO8eqMEIJD5xZHmxPwYYnBH"
         label="f4Pwuyr0a9" recordNo="nnwcEDCywMsxIxb94ZFGRaN0" serialNumber="t.Ng3b.iheE5ieC5c6Yl5Ubx"
         isPremiere="false" usage="commercial" ISWC="dt5LpANlkle3h" AKA="r4A-GMVO9.0" genre="pop" broadcastedFrom="2018-08-08T11:21:16Z"
         broadcastedTo="2019-12-24T11:21:16Z" runtime="2093188054" origin="live broadcasting" alternativeTitle="ztt5rZ059wk.lt3"
         recordedFootage="1807671910">
        <Participants>
            <Participant name="S4iJgf9uqL-6rHSwwYgDzPp6m" role="remixer" IPDN="WTlXJlHm2E.hxqItL27wp" performance="main" grossFee="-1439337663.18"
                 modifier="A" IPI="uksm" birthDate="2019-11-11"/>
            <Participant name="CAsHt2UOB3Zpvfid-B5jTDeBfs1Gb" role="scriptwriter" IPDN="qP5CD" performance="supporting" grossFee="-826653995.26"
                 modifier="C" IPI="XCs32.zZ_-ir6TG74aBhqsJYf" birthDate="2019-07-26"/>
            <Participant name="FOz0SJ7qH08BjJgUryZ" role="music director" IPDN="akWPLyn_fyej0xEVff5g" performance="supporting"
                 grossFee="1265918881.59" modifier="C" IPI="STS6XwZEU" birthDate="2020-05-29Z"/>
            <Participant name="WmrPzLWZq896R-6NBrk" role="subscriptwriter" IPDN="DxLkz" performance="chorus master" grossFee="-940800122.87"
                 modifier="C" IPI="AGHg2f61OcKox2U5UxHqRmNK-a" birthDate="2018-12-19Z"/>
            <Participant name="PWjktc7bYKtBiga5KyWl6" role="sound engineer" IPDN="J8.J4EFz0k7sZUE6_UxKT" performance="conductor"
                 grossFee="-1374586170.55" modifier="A" IPI="YusGy3WYGd." birthDate="2019-10-16"/>
            <Participant name="xzkAIeQcxEzcDLnfiAeWfQ" role="producer" IPDN="gwVoBy9t.ThTfp5UFWxG3zm" performance="soloist" grossFee="744937837.11"
                 modifier="A" IPI="Huy" birthDate="2018-08-20Z"/>
            <Participant name="xlosW.n7uWdDb4yJHmW6f" role="composer" IPDN="iPBQV1Jakz" performance="supporting" grossFee="-321225445.36"
                 modifier="C" IPI="wH1S_mS7IA_Sl6r31s" birthDate="2019-12-29Z"/>
            <Participant name="Rcq" role="producer" IPDN="ZKhU9pHge3OvMOKU9G" performance="conductor" grossFee="-1266878881.18"
                 modifier="C" IPI="vZ8Skvl6Rjrew4I2sfM" birthDate="2018-09-04Z"/>
            <Participant name="fFp3g5uP3Gc" role="arranger" IPDN="pK" performance="main" grossFee="-1064153696.06" modifier="B"
                 IPI="_aeGhpWLvB" birthDate="2019-03-19Z"/>
            <Participant name="N" role="arranger" IPDN="FZGonyjbiso3KV4IIVSbbyhivU" performance="chorus master" grossFee="-1851792657.99"
                 modifier="A" IPI="HMpPrJqNfHwN9.Ko-O" birthDate="2018-07-09"/>
        </Participants>
        <Record title="eR.MxnvXWZdOoyxL" spins="583522447" ISRC="BPZH798530L0" year="2310" producer="ab0" label="VvyB.3lSL_l7nTiGw4uD"
             recordNo="vKvwtQ8hjwOhzV1qY" serialNumber="u1U" isPremiere="true" usage="jingle" ISWC="SzyXMi6Vgw4cwVhKFrHE1htkZ9kc"
             AKA="sRk0d3" genre="classical" broadcastedFrom="2020-07-01T11:21:16Z" broadcastedTo="2019-01-19T11:21:16"
             runtime="1510586993" origin="live broadcasting" alternativeTitle="coVqR" recordedFootage="758852159">
            <Participants>
                <Participant name="VjX_6p" role="arranger" IPDN="bTcbrOqC0" performance="supporting" grossFee="1759382588.02" modifier="A"
                     IPI="bQ_m.376pGgQPr8onJ4uuIpLD" birthDate="2019-06-20"/>
                <Participant name="GQmQXK_meaamDOpt8l35p1Qg" role="performer" IPDN="lkAxT" performance="chorus master" grossFee="951239949.59"
                     modifier="C" IPI="vMMkbHvUxlD61C6J7" birthDate="2018-11-13"/>
                <Participant name="AV5.KIUvC7sFItNdCZU" role="scriptwriter" IPDN="PvJmEklwc" performance="soloist" grossFee="641176908.60"
                     modifier="A" IPI="tJL7" birthDate="2019-01-01Z"/>
                <Participant name="QZjIdQ4S9ojRP1DlbpgZ5dVZ" role="sound engineer" IPDN="OPMxT2cZoHFBuXtZhRJZa6Rk7V3." performance="chorus master"
                     grossFee="610547724.70" modifier="C" IPI="kHHxhHv7d6WYVmr5rL7" birthDate="2020-06-04"/>
                <Participant name="tzA72" role="arranger" IPDN="w" performance="soloist" grossFee="31111021.21" modifier="A" IPI="_cFWnXDO5SCnWmn6xTGGle"
                     birthDate="2020-05-01Z"/>
                <Participant name="MPMRUNwUZQDDt" role="composer" IPDN="j5oOND278Yo1-Ibh" performance="supporting" grossFee="1873534706.49"
                     modifier="C" IPI="EmzwCZthD" birthDate="2018-10-01"/>
                <Participant name="cOEnFh2" role="sound engineer" IPDN="CMQDME-y5BkpO6kcL8zJ9Np" performance="supporting" grossFee="-1422649301.39"
                     modifier="A" IPI="Qym.78BSqUOyA53dg9aHM" birthDate="2019-10-29"/>
                <Participant name="NE8Tm5b1" role="music director" IPDN="x" performance="soloist" grossFee="-636252990.62" modifier="C"
                     IPI="epRDlK-cNhIHw" birthDate="2018-12-28Z"/>
                <Participant name="e7HjqJzdpN" role="scriptwriter" IPDN="f1-eC-nqUf1gacsYU31SCVPSH-" performance="conductor" grossFee="1388754590.01"
                     modifier="A" IPI="ig-5Uq_0il8IOoC4PVZ" birthDate="2020-02-20"/>
                <Participant name="qhohkaAYf" role="scriptwriter" IPDN="EBn" performance="conductor" grossFee="1689874419.54" modifier="A"
                     IPI="wwtfa4ovuejm." birthDate="2018-11-04"/>
            </Participants>
        </Record>
        <Record title="mGGlDYwr5t7u" spins="1006681630" ISRC="108Y04WI44F2" year="1534" producer="U7LtrGTw8qaxofQfZ"
             label="_gS_Riyleh5" recordNo="CBf9LyfO" serialNumber="k8bih" isPremiere="false" usage="broadcast"
             ISWC="gcgdrstj36U7Be" AKA="sVg2o" genre="jingle" broadcastedFrom="2019-02-03T11:21:16Z"
             broadcastedTo="2019-12-08T11:21:16Z" runtime="600768643" origin="report" alternativeTitle="Q1pv"
             recordedFootage="134987874">
            <Participants>
                <Participant name="FZZb9VxXxjeyzFE9g.a" role="composer" IPDN="IP_Y1X1N" performance="chorus master" grossFee="769149788.36"
                     modifier="C" IPI="_jyUKSh1Ty" birthDate="2018-08-10Z"/>
                <Participant name="GGT6S.BroJKByKClPcm" role="composer" IPDN="JZm8vL-C" performance="soloist" grossFee="-130100714.57"
                     modifier="B" IPI="HtoY" birthDate="2019-04-11Z"/>
                <Participant name="g8igQE3W" role="sound engineer" IPDN="UA978XVS50" performance="conductor" grossFee="714444458.89"
                     modifier="A" IPI="DLuQ1So6I9.HmXANFngy" birthDate="2019-03-24Z"/>
                <Participant name="fgO2CIiWOftDY8J" role="producer" IPDN="M_GWi15BeJeZlxn576huJcWJBehYwM" performance="main" grossFee="-1697043344.00"
                     modifier="C" IPI="aNysPHUgR2IBpRc.SdQMA" birthDate="2019-03-28Z"/>
                <Participant name="UXLAwv9w_.G" role="producer" IPDN="z" performance="chorus master" grossFee="-575643939.78" modifier="A"
                     IPI="IDMQ1-92hWLld.-1P5_v0TGnLBixD" birthDate="2018-09-22Z"/>
                <Participant name="a4oyFiz_jxXG5tZfSya5Ie6aIMPg" role="producer" IPDN="G9p8JBJ7d" performance="soloist" grossFee="-1440599975.99"
                     modifier="C" IPI="iZ9NdplWmgrfQbR" birthDate="2019-04-02"/>
                <Participant name="G2XQhzKeNeB6vJPRd" role="scriptwriter" IPDN="YmYcztppYDT8-zJLREjTHNwae0cH" performance="main"
                     grossFee="550496404.89" modifier="A" IPI="jorJ" birthDate="2018-08-01"/>
                <Participant name="p4xVt5qTGD5zMTVfHfoU" role="arranger" IPDN="iTK" performance="conductor" grossFee="-654398879.71"
                     modifier="B" IPI="h8" birthDate="2020-04-17"/>
                <Participant name="jRdlR" role="performer" IPDN="fFQH5HroS8ElQWCH5zN5QLyxuU" performance="supporting" grossFee="963585818.08"
                     modifier="C" IPI="tiNhiA6RFD93P1ze8pVSvvJ9g5RF" birthDate="2019-02-12Z"/>
                <Participant name="Otisg6VxH_e7dK-g" role="scriptwriter" IPDN="i.UItf9w8YFupiw-" performance="supporting" grossFee="876258715.14"
                     modifier="A" IPI="begA_zFEwy5HE8" birthDate="2018-11-16Z"/>
            </Participants>
        </Record>
        <Record title="ue5T1sCnEZLp_U6B87l8xebn2d" spins="527134870" ISRC="O6F1IDQUCGU6" year="0827" producer="LyTbE-0V58zZAZUNFE5-B4RakXC"
             label="FyiH.h6_gmOO7x.H8EhjSkA" recordNo="adoGo3NcskYx1PR4" serialNumber="E_0Hhco0ZOmJlb1"
             isPremiere="true" usage="broadcast" ISWC="Yk5wolc9JTiE4wnpLW07JP" AKA="x2nLxrl" genre="pop"
             broadcastedFrom="2019-06-10T11:21:16Z" broadcastedTo="2018-08-19T11:21:16" runtime="777721849"
             origin="free of charge" alternativeTitle="Z8LHJgSzL1-KVTc7i" recordedFootage="426608873">
            <Participants>
                <Participant name="zA.EI42" role="composer" IPDN="BWoOc-U" performance="chorus master" grossFee="1579349574.35" modifier="C"
                     IPI="G5oYbrT1qajLRAiX8" birthDate="2018-07-14"/>
                <Participant name="MY8zVTQGwuz-jgA" role="scriptwriter" IPDN="fJa1wacT051.ayUVjk2_" performance="soloist" grossFee="2129061433.98"
                     modifier="B" IPI="ZwB7Upp_r" birthDate="2019-09-22Z"/>
                <Participant name="AKqqCmVIWreTPvREmQ_A2wS" role="sound engineer" IPDN="a8FHV7jPTIdSfL-QaD" performance="main" grossFee="-1993656600.05"
                     modifier="A" IPI="jGpRLd9PL5Q2WR1ZX" birthDate="2018-11-27"/>
                <Participant name="Vq6TQJQpYVh3VX6muew1vmJTE" role="performer" IPDN="vUf-skn6sI2ZWGmwlTav" performance="conductor"
                     grossFee="-2062061937.96" modifier="B" IPI="w.YVu" birthDate="2019-10-19"/>
                <Participant name="Wa4lAlIiNX1JxTsQ2n60nLDGX3T-" role="music director" IPDN="u9q8iB" performance="chorus master"
                     grossFee="-749602181.74" modifier="C" IPI="ILCo" birthDate="2020-06-12"/>
                <Participant name="s" role="arranger" IPDN="eb6upEKJ.qKt61Kcp1J_-zmST" performance="conductor" grossFee="1921611589.00"
                     modifier="C" IPI="TPg0.UkOJ" birthDate="2020-07-01"/>
                <Participant name="vkiP8v_CDgt66JQ" role="subscriptwriter" IPDN="qZKG-w5wgd6kw" performance="chorus master" grossFee="-444031852.80"
                     modifier="A" IPI="Hib_7_wNOA5CAe.HyCu" birthDate="2018-08-27Z"/>
                <Participant name="IKcWFU1cgL_MrT085lUswhWj" role="music director" IPDN="VueHnhFxtQMFS7tB3l9A" performance="main"
                     grossFee="-1900245212.76" modifier="B" IPI="I6HGcL2yZL" birthDate="2019-05-28Z"/>
                <Participant name="Nw1xf.VqpY_-skBdZlghxlGOybIBb" role="arranger" IPDN="eCwYgNcFUY2c" performance="chorus master"
                     grossFee="-2083958838.23" modifier="A" IPI="_zKAuKuXbn8jhlUK38ZYOlucZMXd" birthDate="2019-05-19"/>
                <Participant name="xq5L" role="arranger" IPDN="XyOthO" performance="soloist" grossFee="1585313501.38" modifier="C"
                     IPI="DRo5pbj0KCoQ" birthDate="2019-10-02"/>
            </Participants>
        </Record>
        <Record title="K3ijqclOqeBWBI" spins="1411500902" ISRC="5TC3VT8CFFX9" year="0379" producer="Wh9QpP6LhWXbnCWdV5166qpG"
             label="Wmbi" recordNo="GU1c.ZSK" serialNumber="bz_RGWT6" isPremiere="1" usage="jingle" ISWC="Do"
             AKA="Fre" genre="jingle" broadcastedFrom="2019-04-02T11:21:16Z" broadcastedTo="2019-12-30T11:21:16"
             runtime="1131226732" origin="commerce" alternativeTitle="MZDEz5P9TZstwdeas" recordedFootage="1438917351">
            <Participants>
                <Participant name="eTVgKLuky638kq-mf2v1gXvvh12YH" role="arranger" IPDN="meG6VD" performance="main" grossFee="-1366009126.62"
                     modifier="C" IPI="jb3jceP7b" birthDate="2019-11-30Z"/>
                <Participant name="zr" role="remixer" IPDN="mSdy5zj7i3Vd3FvwZ5" performance="soloist" grossFee="1602124277.57" modifier="A"
                     IPI="LnUQHgK.v09eFMZjEAHy5.biM" birthDate="2020-02-12"/>
                <Participant name="k" role="music director" IPDN="mJF.u-R1l7l" performance="soloist" grossFee="130409035.92" modifier="B"
                     IPI="Prvtz_" birthDate="2018-07-29Z"/>
                <Participant name="rIOEi_PFpPdMdpReIUq" role="composer" IPDN="FiEXxUQuOA" performance="supporting" grossFee="295523079.40"
                     modifier="B" IPI="deg8gVvSlWgCkzSV8bMUvfD" birthDate="2019-04-25"/>
                <Participant name="vtUWLastzp2tiF" role="subscriptwriter" IPDN="q" performance="chorus master" grossFee="700377555.43"
                     modifier="C" IPI="dL_aqRFp" birthDate="2018-12-08"/>
                <Participant name="bo0naC" role="remixer" IPDN="xQ2D.ez8Tmp8nnf9Z8xR992G2H6WN" performance="soloist" grossFee="1871304604.54"
                     modifier="C" IPI="k9xaB7i7qLiLcCjpOB" birthDate="2019-12-18Z"/>
                <Participant name="k" role="music director" IPDN="R-wZGd20oqI9CzF69LQf7.G54" performance="conductor" grossFee="-185500184.81"
                     modifier="C" IPI="J0xdG8qHe.0Zyq2DVtriFy70WhS." birthDate="2019-05-18Z"/>
                <Participant name="BHncemq1mrd-u" role="arranger" IPDN="Sgf" performance="chorus master" grossFee="257979537.83"
                     modifier="A" IPI="Bmysi.9DzEc.u_" birthDate="2019-10-03"/>
                <Participant name="zNh9xeQ" role="scriptwriter" IPDN="jfE7fN8wNzNlfuD_elHp" performance="chorus master" grossFee="-2003920601.60"
                     modifier="A" IPI="uGgN1d" birthDate="2019-12-06"/>
                <Participant name="UEI64HAidYAU.vT3Hfd9" role="producer" IPDN="HsUWqPEs32j" performance="supporting" grossFee="-89716006.58"
                     modifier="A" IPI="P8bkgDULdGzqDt.4jVa6D" birthDate="2018-09-06Z"/>
            </Participants>
        </Record>
        <Record title="DDvBg8FbWVQjMR8l2TTTbdd6uILH_" spins="170454715" ISRC="E5D5I78IR626" year="7788" producer="XvAz"
             label="StNbeyS1L0sDg-r0" recordNo="Oes" serialNumber="mdHYEkrDHbzHthQ9gus_c9T" isPremiere="false"
             usage="broadcast" ISWC="o" AKA="L9VvTZfpJgDM" genre="composed" broadcastedFrom="2019-01-25T11:21:16"
             broadcastedTo="2020-02-01T11:21:16Z" runtime="2102092740" origin="report" alternativeTitle="OgkNWEdRc0SAJ"
             recordedFootage="1167009901">
            <Participants>
                <Participant name="jh7fsh0FrMYvEWdxrby" role="arranger" IPDN="TztybpQQ8S" performance="supporting" grossFee="1360390449.77"
                     modifier="C" IPI="Xpoud_9V2HqpYt6alnjDZgxR" birthDate="2019-09-07"/>
                <Participant name="Ys3r_Z7kZPnOmeXyw" role="composer" IPDN="UJHKpmE1AJkLg6DjPjDQ" performance="main" grossFee="1415199585.66"
                     modifier="A" IPI="VI.QBvX3_LAtsdJ8Vnei.-JrotafN7" birthDate="2019-11-07"/>
                <Participant name="XyPomUclBi2fGP" role="composer" IPDN="n" performance="main" grossFee="-4303690.06" modifier="C"
                     IPI="JbevXEa.RgFvfvH" birthDate="2019-07-23Z"/>
                <Participant name="B" role="composer" IPDN="wu0Knx7HUUJjMLyjsCZlqo3rjn" performance="supporting" grossFee="1206526161.26"
                     modifier="B" IPI="EQXZzzaJ.WTLqaxUQADa53LR" birthDate="2018-08-23Z"/>
                <Participant name="rwFq_ytenrevll.gVHvwJU" role="remixer" IPDN="GL1jUfNqCY.c" performance="conductor" grossFee="900317577.54"
                     modifier="B" IPI="FpHqtV66" birthDate="2019-09-26Z"/>
                <Participant name="mZFb" role="performer" IPDN="yO2f6FTl78N85" performance="conductor" grossFee="-2076054407.21"
                     modifier="C" IPI="hWltblA8i7FbOpNB1nI3VOMnkxID" birthDate="2018-08-29"/>
                <Participant name="HQSh7_uc72WtcQxPJ8qI" role="producer" IPDN="gqTKhMuYiZiQ6Y96qD90.nzoE" performance="supporting"
                     grossFee="-1445439309.31" modifier="A" IPI="XVaaeGP_DnM1Vc" birthDate="2018-07-28"/>
                <Participant name="sYUMtw7oUPjL_zeqt" role="performer" IPDN="EVOBuEv8oYOdqxox2Nt2AyqkN-sg" performance="conductor"
                     grossFee="-1680924585.00" modifier="A" IPI="nl2o6d3W7d2LysK2" birthDate="2019-11-12Z"/>
                <Participant name="g" role="sound engineer" IPDN="viO-lgIeaUWhBDOV" performance="supporting" grossFee="-1439444791.58"
                     modifier="B" IPI="quc0BQAR" birthDate="2019-03-16"/>
                <Participant name="KSQ6k-JNpw" role="scriptwriter" IPDN="_vmYgH6GRbygu-pwML.VxTD" performance="chorus master" grossFee="2016803686.69"
                     modifier="A" IPI="ciezLPwYpVslfKiVe" birthDate="2018-11-29Z"/>
            </Participants>
        </Record>
        <Record title="OX5IwTN3fOuxpHn57" spins="1798028605" ISRC="96A3IV6CZYF3" year="6910" producer="c96twYqD_-8irOR65KdU2pJ6c_Z"
             label="o7" recordNo="dEayJ8I9owNH" serialNumber="vY1R" isPremiere="false" usage="commercial"
             ISWC="EoACcG7Ud" AKA="hzaqiQZfXZ.bbSwge" genre="jingle" broadcastedFrom="2018-10-02T11:21:16Z"
             broadcastedTo="2019-10-18T11:21:16Z" runtime="1448290707" origin="commerce" alternativeTitle="QDPrxrS"
             recordedFootage="874587385">
            <Participants>
                <Participant name="RJSlQyL" role="producer" IPDN="XG-xkzPecbOx9EiVd_9y" performance="main" grossFee="-656187391.02"
                     modifier="C" IPI="PXatTTc-YWetleI" birthDate="2018-12-21Z"/>
                <Participant name="hwW7C1uSvezEiV" role="composer" IPDN="tb6CQKQCTQi2EhVRbc7M69" performance="conductor" grossFee="-762036868.25"
                     modifier="A" IPI="pvuryW4De1mq" birthDate="2019-08-26"/>
                <Participant name="m31diRsqvt9.Hw" role="composer" IPDN="jQAPKIsX4qmZFm2VY2ssdp3zC8" performance="conductor" grossFee="239070980.62"
                     modifier="B" IPI="B_eIhL0p2Aw" birthDate="2019-02-28"/>
                <Participant name="GW1UqMvHFqUAJswc65xRodT3CR" role="subscriptwriter" IPDN="aajpYhZ3Y-FRJ8HERBuqceKA_L_IL3" performance="main"
                     grossFee="-1941107667.21" modifier="A" IPI="Ep2.hfCDWyTwDW6yeGjKn" birthDate="2019-07-23Z"/>
                <Participant name="r8xS-l2t3e1KMWW1JSLNz3PEZhd" role="performer" IPDN="E_" performance="supporting" grossFee="-2105976985.99"
                     modifier="B" IPI="t-E4aFSfezKQ7WyEz4TB6JE9N" birthDate="2018-09-15Z"/>
                <Participant name="vuBr7Bm-nD9bR5" role="music director" IPDN="DUzo7smmFPABFpZD7OxZa.n5ZwEYS" performance="chorus master"
                     grossFee="-220139716.25" modifier="B" IPI="KNlQ" birthDate="2019-12-29"/>
                <Participant name="pnjKpH2I4.ZCihBlwrU" role="composer" IPDN="dm-" performance="soloist" grossFee="-2126721045.50"
                     modifier="C" IPI="jfwZ0qBwMuGaSo" birthDate="2019-05-08"/>
                <Participant name="wEmdujOHRHrxN7ujPEdx03H" role="arranger" IPDN="opC0rFypZfantz" performance="main" grossFee="-391650438.01"
                     modifier="C" IPI="Py0T-ZnT" birthDate="2020-02-21"/>
                <Participant name="Olsoz1JGOkPW3CX0GsA3JTw0ub" role="sound engineer" IPDN="ZrzXiOxugWd2T" performance="supporting"
                     grossFee="113369769.86" modifier="A" IPI="V618aM6KYkeb-3cju7YGYQcnW" birthDate="2019-07-23Z"/>
                <Participant name="_Bp" role="scriptwriter" IPDN="dcQfeQF" performance="conductor" grossFee="34962767.36" modifier="C"
                     IPI="ybZ4L3n" birthDate="2019-08-20Z"/>
            </Participants>
        </Record>
        <Record title="Cp4uZDhIQ4YaQ" spins="2127509241" ISRC="XC1B9BH787U9" year="4478" producer="JTFRo_1FfxVfcXKLJ8-ig9TiltRP"
             label="rIMzr8ymBtE2Ai6sRpST6tOSdEX0" recordNo="U" serialNumber="LhjocjHMklgR" isPremiere="1"
             usage="broadcast" ISWC="bzBT1Kqi5" AKA="QQNe_rGzeI-cnl.bUPuDR4k" genre="pop" broadcastedFrom="2020-04-19T11:21:16Z"
             broadcastedTo="2019-08-18T11:21:16" runtime="111974947" origin="free usage" alternativeTitle="ug"
             recordedFootage="1873617554">
            <Participants>
                <Participant name="bQ" role="arranger" IPDN="kOjAq8v9juL_rvuPLieAqq" performance="main" grossFee="1284876403.48"
                     modifier="C" IPI="xqUpI" birthDate="2019-04-22Z"/>
                <Participant name="xUBxLry7Z9X6uIx" role="arranger" IPDN="hUl3A5YsWRM" performance="chorus master" grossFee="404312434.92"
                     modifier="C" IPI="dSroVF3M6k" birthDate="2019-07-15"/>
                <Participant name="G-W" role="arranger" IPDN="Iu-WyVmIuWRKbLa3QSpDUHUF.-9f" performance="soloist" grossFee="1854459693.64"
                     modifier="C" IPI="EZD3aHW.zT3YoNXHO_nSJ1..iABVc" birthDate="2018-12-12"/>
                <Participant name="grz2" role="sound engineer" IPDN="UG8rdVswonnb7obY" performance="soloist" grossFee="1604312923.53"
                     modifier="A" IPI="UPIgc2F3w93kqjJ7Ub" birthDate="2018-10-27"/>
                <Participant name="uJ_.0ynRyQi4x3z1y-4GGHUIFOX." role="remixer" IPDN="s1o9qwdvyiex4Q_-HgC" performance="chorus master"
                     grossFee="264645190.12" modifier="C" IPI="IKzWUH7w3_" birthDate="2018-10-15Z"/>
                <Participant name="jdXCm7gLQGywrPx" role="producer" IPDN="KSkaixX6v_OyA" performance="main" grossFee="331191004.84"
                     modifier="A" IPI="qCs96gAzYia0h0VJsK.en7" birthDate="2018-12-13"/>
                <Participant name="CdKxm6ysvHcE79vUQOAbnofBSHf" role="remixer" IPDN="NeLzrMG21NEnNGjiifdheQ" performance="soloist"
                     grossFee="1157018930.88" modifier="B" IPI="cR3NL8tcTt7DTJ9Es" birthDate="2020-03-19Z"/>
                <Participant name="Fi.ay1r1-kH0m1kwx6DPj" role="performer" IPDN="Epc" performance="supporting" grossFee="-638848633.64"
                     modifier="B" IPI="_beQZHrFC" birthDate="2020-02-09"/>
                <Participant name="w.WCSZrgw3hDw" role="sound engineer" IPDN="dKQMBCK.vUB10b4Wyl5JO" performance="chorus master"
                     grossFee="-190827761.68" modifier="A" IPI="_rYBdUlifNgKClNgv8Ne8Ok3SV" birthDate="2018-07-05Z"/>
                <Participant name="MJpno13oZDqKfJiFnf_E_OtB7" role="subscriptwriter" IPDN="l" performance="main" grossFee="-1227242699.08"
                     modifier="B" IPI="J0-AEy8m3" birthDate="2018-09-15Z"/>
            </Participants>
        </Record>
        <Record title="p28kjUt9zjJaabK-i8xtKEa" spins="1774359966" ISRC="85UPL248NDK2" year="6456" producer="k8OV-5ur9On2Y"
             label="dRfCk" recordNo="x-5gga" serialNumber="NOo8fj_D31A" isPremiere="1" usage="jingle"
             ISWC="K1nVxixyqHbbqYLO77xpHlSecAnrVD" AKA="HU7EnkMspoC" genre="commercial" broadcastedFrom="2018-11-29T11:21:16"
             broadcastedTo="2019-05-01T11:21:16" runtime="1544345356" origin="commerce" alternativeTitle="G-dh.NVkq3j9h9PmKO0KY"
             recordedFootage="1033216563">
            <Participants>
                <Participant name="Qlb9oaFKs" role="composer" IPDN="L_5X" performance="supporting" grossFee="-558308999.15" modifier="B"
                     IPI="mscVUZrY4IG_vgOMVhnu7HDLwk" birthDate="2019-12-21"/>
                <Participant name="BfD." role="subscriptwriter" IPDN="mKyacmHY" performance="soloist" grossFee="-701179326.10" modifier="C"
                     IPI="bYo6w7AP8qnVK55wR3dOezf" birthDate="2020-03-18"/>
                <Participant name="bi" role="remixer" IPDN="L9Yf4A889Aa8gQbENaZh_G4lwohbu" performance="chorus master" grossFee="-289632486.25"
                     modifier="C" IPI="E5Mmkmaiw6wN3nW9_z" birthDate="2019-01-13Z"/>
                <Participant name="A05QCiEyGPe41K-VKHX4Iem" role="remixer" IPDN="GiaD" performance="soloist" grossFee="1593958661.51"
                     modifier="C" IPI="_PLzVoKVKg6nFVNFYSl" birthDate="2018-07-20Z"/>
                <Participant name="QbBEp" role="producer" IPDN="EBJZw6SySjPzu" performance="chorus master" grossFee="1671925218.18"
                     modifier="B" IPI="L5v" birthDate="2019-06-30"/>
                <Participant name="njq0kDknqkU" role="composer" IPDN="ARBDYXxbQInWGy" performance="conductor" grossFee="-581998296.60"
                     modifier="B" IPI="g4b6hj" birthDate="2018-08-11Z"/>
                <Participant name="Nijf0A" role="subscriptwriter" IPDN="Ev0.RZ" performance="supporting" grossFee="-1994775594.45"
                     modifier="C" IPI="kQ2jxEyX0fV-DWSi1PeWtA" birthDate="2020-06-06Z"/>
                <Participant name="nw7.Sstl-akyExE7UdUBeQkXI4sRZw" role="composer" IPDN="WKw4.93JREZ" performance="soloist" grossFee="-1795552160.58"
                     modifier="A" IPI="Oj2O__S5k.9Bw2JN2" birthDate="2018-08-22Z"/>
                <Participant name="dZTqqKP8XAI" role="scriptwriter" IPDN="xN5gzErDMhKYMuffo_tQmXqmkCuq" performance="soloist" grossFee="-1540489538.20"
                     modifier="C" IPI="jGfhEspCAAFXGEwNI-ZVMpsa" birthDate="2019-07-21"/>
                <Participant name="zmMyIGQ8E" role="performer" IPDN="F9WuMBbmo69LNL7" performance="soloist" grossFee="1206397634.23"
                     modifier="B" IPI="KRsPeD9-3GgUYwMgZeRt-aZB-6ZB" birthDate="2018-07-20"/>
            </Participants>
        </Record>
        <Record title="Q9I_7quNfinzH_A.te9Y" spins="323157907" ISRC="6E58180EDJP5" year="5304" producer="nlD2agAQJ3eHqyFtlTrHRCV"
             label="EKx3RouCPF1-" recordNo="_NHNrYJq" serialNumber="Os7.KBx9LOu8qki.Q" isPremiere="1"
             usage="broadcast" ISWC="HJ78WOlT6iQWdI2a8efhkhZ" AKA="qLGnur8AVtJE.Ya8HtzPeqj5MLDk" genre="classical"
             broadcastedFrom="2020-03-31T11:21:16Z" broadcastedTo="2018-10-30T11:21:16Z" runtime="377106141"
             origin="recorded stream" alternativeTitle="o05J_3rtJlB4yk_" recordedFootage="2062268235">
            <Participants>
                <Participant name="n.WSeu3y-asjwNpBwx" role="scriptwriter" IPDN="LDOP9T7E3wRnDTpCei9b1uvACN_f" performance="conductor"
                     grossFee="1593032722.08" modifier="B" IPI="gTZwuk" birthDate="2018-09-12"/>
                <Participant name="sovvzp2TZEmbl3ro7NH_s" role="scriptwriter" IPDN="M" performance="chorus master" grossFee="-1620556301.98"
                     modifier="C" IPI="itoqgHn9TtfEZ3kw3NpiXIzEDkJ" birthDate="2019-05-02"/>
                <Participant name="b7G-cMjkk7XJR6N4" role="scriptwriter" IPDN="XQldjs6uGB" performance="chorus master" grossFee="-984457969.60"
                     modifier="C" IPI="i945rE6FQNMWc6VBfzL55ZHpj552q" birthDate="2019-05-25"/>
                <Participant name="e5hMKgzR_IrUq" role="scriptwriter" IPDN="KdhNgmpqKEvro5zx0hc9p" performance="conductor" grossFee="-1141751553.69"
                     modifier="C" IPI="BhhJmjMkJFu-V" birthDate="2020-04-18Z"/>
                <Participant name="Lolx3bhmpXeEcB" role="sound engineer" IPDN="GV0AU-Y5_g0o" performance="soloist" grossFee="-968722169.90"
                     modifier="B" IPI="rJA" birthDate="2018-11-29"/>
                <Participant name="lR6etYXeJ9D" role="composer" IPDN="bn0zA5SrOdry5sSV9wS" performance="supporting" grossFee="-1040991881.41"
                     modifier="A" IPI="b.zui" birthDate="2019-12-19"/>
                <Participant name="TUx" role="composer" IPDN="f4W_7qQQ-DVefBCU7Wk30mg" performance="chorus master" grossFee="-1881119712.00"
                     modifier="C" IPI="e" birthDate="2019-07-27"/>
                <Participant name="o.fJ" role="composer" IPDN="YQ" performance="soloist" grossFee="-175132799.64" modifier="C" IPI="Q6E5KaKewg3mN71x8XSdY6OLnShG"
                     birthDate="2019-07-03Z"/>
                <Participant name="lw" role="arranger" IPDN="kS3" performance="supporting" grossFee="-217821201.11" modifier="B"
                     IPI="Ua9fPwNhyqFtxahzuRu3f" birthDate="2020-02-02"/>
                <Participant name="ohJZdp" role="sound engineer" IPDN="CaZ6M.o-uMcM4NCSp8iMITxAaz5N2" performance="chorus master"
                     grossFee="1866708235.08" modifier="C" IPI="w3HJR1jA1Vy_P89APj4zti" birthDate="2020-06-11"/>
            </Participants>
        </Record>
        <Record title="hD5XTnm1ISv" spins="1408580245" ISRC="E88BX1105C9W" year="2248" producer="L0Q-qLU3tt8MQwfjtag"
             label="Gokw_fyoxO3h7ewqOx0aVo" recordNo="MApFd5cX_49S45shZs6OCy4lRY" serialNumber="z4A9Uth"
             isPremiere="1" usage="broadcast" ISWC="E" AKA="eGj6" genre="classical" broadcastedFrom="2018-10-05T11:21:16"
             broadcastedTo="2019-05-10T11:21:16" runtime="2020528651" origin="live broadcasting" alternativeTitle="Z1-MtkO"
             recordedFootage="1244811830">
            <Participants>
                <Participant name="sZ.F9ezEpFzmezPh" role="arranger" IPDN="R8BP1LqrEHQ" performance="supporting" grossFee="-183285883.47"
                     modifier="A" IPI="kRKH1O4.ZJKeF_EogZunnV" birthDate="2018-08-07"/>
                <Participant name="pd.5OEVkjqfBIS__" role="performer" IPDN="eUb" performance="chorus master" grossFee="916350302.45"
                     modifier="C" IPI="lga" birthDate="2019-09-09"/>
                <Participant name="d3QC_9W4dOvM_mPvGdUK" role="subscriptwriter" IPDN="k4jGfZZwV." performance="supporting" grossFee="-2054124006.55"
                     modifier="B" IPI="ys_tx4pqOL5sRr8" birthDate="2020-05-29Z"/>
                <Participant name="AWgqoEJli5tq7rtNEGFzub0ArI" role="producer" IPDN="Lq" performance="chorus master" grossFee="1778452802.37"
                     modifier="C" IPI="oCevtRmsFhEAd0DBXRRbhY" birthDate="2020-01-12Z"/>
                <Participant name="WxxIdQ_3hKyDM73eso91BZ6O7H" role="remixer" IPDN="h07eCcx7" performance="supporting" grossFee="-1312209023.29"
                     modifier="C" IPI="V445mkW.9k" birthDate="2019-06-06"/>
                <Participant name="yNY254opY" role="arranger" IPDN="h9h3gGpIa7hUDrR" performance="chorus master" grossFee="-1297765580.90"
                     modifier="C" IPI="OyetKTwC_fEgAd" birthDate="2020-06-04Z"/>
                <Participant name="QscPHZDlXBDdiFAbBTSd" role="producer" IPDN="EA0JXix7CI" performance="conductor" grossFee="670151233.64"
                     modifier="C" IPI="pkRqbvG3yOVL__lR8WSAlGpb10Y" birthDate="2019-10-20"/>
                <Participant name="IFsnhm2euuYDNrlsz4orNZomdw" role="scriptwriter" IPDN="E3" performance="conductor" grossFee="-169168107.62"
                     modifier="C" IPI="Ci9aa" birthDate="2018-09-09Z"/>
                <Participant name="Px5Lv" role="music director" IPDN="tKg" performance="conductor" grossFee="-1421517458.86" modifier="A"
                     IPI="Bbw0m.OVvGwJtOjfKxnyQV" birthDate="2019-07-23"/>
                <Participant name="NlK0kf6xQaS" role="arranger" IPDN="cgl.g70CB.S7MYZ6gEDp" performance="chorus master" grossFee="741299428.59"
                     modifier="A" IPI="vv" birthDate="2019-08-28Z"/>
            </Participants>
        </Record>
    </Record>
    <Record title="qN-XeGfR" spins="1374484133" ISRC="776X1CDHWCX6" year="7703" producer="CtCJqvFXldEAApU" label="wR_d6rBhtJSYf"
         recordNo="g8srW4rWLKdtg0Ih.j" serialNumber="nlzYm" isPremiere="0" usage="jingle" ISWC="WR8FIoyTkZMewyYs"
         AKA="Z2dMKRkhJWiF" genre="pop" broadcastedFrom="2018-08-01T11:21:16Z" broadcastedTo="2019-04-23T11:21:16"
         runtime="459658" origin="live stream" alternativeTitle="UrKS" recordedFootage="1406949435">
        <Participants>
            <Participant name="qF0Lz00seGqyfZxx8qYmBlOTODA" role="music director" IPDN="r3z" performance="supporting" grossFee="-615939194.71"
                 modifier="C" IPI="zANhTAwP3wi5Z39r" birthDate="2019-06-14Z"/>
            <Participant name="m8XxDS3gssKATU" role="subscriptwriter" IPDN="sgJzX52" performance="soloist" grossFee="814172997.00"
                 modifier="C" IPI="hx1MyBfC_dcojc8D1TWrN" birthDate="2019-05-01"/>
            <Participant name="BG1T" role="sound engineer" IPDN="cknpZ-40TDRrvM3-sJF17hQAoun" performance="conductor" grossFee="-286564886.49"
                 modifier="A" IPI="yOopOM4nxKFSNM" birthDate="2019-04-15"/>
            <Participant name="gKJh6RR2AAqfU0si_U7Lg3i3" role="scriptwriter" IPDN="_Q0HrBIeiqgYsgWeixQm" performance="main" grossFee="-194423744.20"
                 modifier="A" IPI="dM5_vR8damrmjkmpg2n" birthDate="2020-02-15"/>
            <Participant name="RKU9p1_n0a-GpardQh5kIZ-QtvUd" role="arranger" IPDN="Uy5F" performance="supporting" grossFee="-641603796.12"
                 modifier="C" IPI="XIDZBh.bKPLhAlUwROPHY_f" birthDate="2020-02-07Z"/>
            <Participant name="Cb40uUiqlzP0jG8f9y_S" role="performer" IPDN="Wtb-Rxhrts55WgYNwBYYKVuqARMs" performance="conductor"
                 grossFee="-1686817516.06" modifier="A" IPI="RuyP4SR9y1CErswVz6LfdXQdIyxC" birthDate="2019-02-21"/>
            <Participant name="scKHuqOqmVYZHyw37MkiD" role="subscriptwriter" IPDN="Ks3qHWCFgVJiTYY-Keok" performance="conductor"
                 grossFee="211334880.85" modifier="A" IPI="VrmqBLs1xrBbuUf" birthDate="2019-08-19"/>
            <Participant name="L1.fKu" role="producer" IPDN="PlhWoy" performance="conductor" grossFee="-542897439.11" modifier="B"
                 IPI="hWou4mTAJaG79oUG.ZcB7CG" birthDate="2019-04-03Z"/>
            <Participant name="IWwj3o6u3" role="performer" IPDN="f4aAizPg47u3fJgh9j" performance="soloist" grossFee="-811277198.42"
                 modifier="C" IPI="NYLM8R7M7mNTfqKYrjmgHEiXZnQeTm" birthDate="2020-02-04"/>
            <Participant name="o96tihaeT99yRby70" role="remixer" IPDN="osX" performance="conductor" grossFee="-1317300511.98"
                 modifier="A" IPI="gt.DsHPItTMxxCLyL6D9p5" birthDate="2020-02-26"/>
        </Participants>
        <Record title="i45T6toMq07kY-CCp" spins="612974291" ISRC="ZF5T17R3K6KS" year="1929" producer="EE4T-A18J" label="c8cBw_rBktLpf1j"
             recordNo="_Oy2ChOsDZih4eTZ.EWJC_YKN" serialNumber="OkjgkESqVQA84cTJwFRvj5N0.Phng" isPremiere="false"
             usage="jingle" ISWC="S" AKA="dVME.mfKS7qnnEtmvGr" genre="commercial" broadcastedFrom="2019-06-24T11:21:16"
             broadcastedTo="2019-12-16T11:21:16" runtime="2039296840" origin="commerce" alternativeTitle="MX-D_sXzIKB6-2cE1VES5"
             recordedFootage="1649011733">
            <Participants>
                <Participant name="xWwtqgkRvnk7aag2.15qUnMvlNV" role="subscriptwriter" IPDN="bFPsMVH7" performance="chorus master"
                     grossFee="1998908436.56" modifier="B" IPI="M6YKdwmKPcw" birthDate="2019-01-27"/>
                <Participant name="Qqf8oINI2pmI5VDp7iT.8Ty5uA3Q" role="performer" IPDN="mzpul3th8TJHo6a73Vf.dBL.8" performance="soloist"
                     grossFee="614352918.28" modifier="C" IPI="o6MAit7d" birthDate="2019-07-23Z"/>
                <Participant name="rHxih39V" role="subscriptwriter" IPDN="gzrofLxZ3mIf4Bmr4H3qroeGmJ" performance="soloist" grossFee="1894664817.74"
                     modifier="A" IPI="w11FwTe9v0R5R_23FhvkO" birthDate="2019-12-09"/>
                <Participant name="nXqYBTtJF3Fe7" role="composer" IPDN="zgdvhjPwT6gp0" performance="conductor" grossFee="1622254335.90"
                     modifier="B" IPI="QTRGG6dZTfBP4S1ZTI0-yee" birthDate="2019-02-02Z"/>
                <Participant name="VdvOcLLy0_LOm" role="performer" IPDN="iRTrgQ0gRV-MUnJNCOyoa3Z" performance="soloist" grossFee="748626722.22"
                     modifier="C" IPI="gOj5ftpPvqjHVNMpyUhzBGW3uEe" birthDate="2019-05-10Z"/>
                <Participant name="F4nw" role="music director" IPDN="QPU0Qkf3I7SPdceaUo" performance="soloist" grossFee="1625050153.79"
                     modifier="A" IPI="G.xbo.qWP4VBpb7_P-qaecwCmR5b" birthDate="2019-10-13"/>
                <Participant name="fu" role="music director" IPDN="zvJj" performance="main" grossFee="-1513305950.75" modifier="C"
                     IPI="ie-htyPyUEg_LYokO" birthDate="2019-05-17Z"/>
                <Participant name="IYYrnK67nQNr1JnvBwaodunKSOFzy" role="sound engineer" IPDN="n-sEhfRGkoA" performance="soloist"
                     grossFee="899784763.53" modifier="C" IPI="psxzf0Zha1rLdZefmYVLj" birthDate="2020-01-01"/>
                <Participant name="hvQ2BkqqjI8O" role="scriptwriter" IPDN="F_" performance="supporting" grossFee="365281810.69" modifier="C"
                     IPI="zwVmafVN" birthDate="2020-03-11"/>
                <Participant name="uLI8KDXwipM-.TeufMbkZ-mK" role="scriptwriter" IPDN="TMNq7MhjXL5VI5f" performance="soloist" grossFee="-344639357.94"
                     modifier="A" IPI="hUyInC_" birthDate="2018-08-25"/>
            </Participants>
        </Record>
        <Record title="dkMhU96vIs_4D" spins="1793375940" ISRC="A33DURCL2R0T" year="9485" producer="j_iBCth-Tgk2_WvjTRHpyEUceuyM"
             label="BcsV9j.7P5w5pME" recordNo="zlDyoZRetFyL1oY_WnVLgX2k2B5" serialNumber="a" isPremiere="1"
             usage="commercial" ISWC="jrckQLJH" AKA="jfVbEO48" genre="commercial" broadcastedFrom="2019-12-10T11:21:16"
             broadcastedTo="2019-06-05T11:21:16" runtime="107761797" origin="report" alternativeTitle="_579gjYK6gfw"
             recordedFootage="1620732221">
            <Participants>
                <Participant name="cR6RN7zPGYDr5ZC" role="sound engineer" IPDN="VJjPhVK_tDfQLY2eWzL" performance="conductor" grossFee="-544369791.76"
                     modifier="C" IPI="ehfXneiURR" birthDate="2019-11-18"/>
                <Participant name="jTg5gJesTI-XxiFaMMV-C" role="remixer" IPDN="L7F42GF1BaaOyuR5NxKB9ri" performance="soloist" grossFee="-292992262.24"
                     modifier="B" IPI="gHOJs7W7MT" birthDate="2019-10-05"/>
                <Participant name="E-DKyNpR0U" role="performer" IPDN="SnU5vZZ4wb7J" performance="supporting" grossFee="1277782192.64"
                     modifier="C" IPI="h4h3-cD1bGTCOSJq8r8G.YE8n7wB2p" birthDate="2019-08-24Z"/>
                <Participant name="wFWVK" role="arranger" IPDN="mTVwflfMDwkWHHCUCsz" performance="soloist" grossFee="1846410725.35"
                     modifier="A" IPI="FlURltjOXX" birthDate="2018-11-13"/>
                <Participant name="K4mao.fcb4JNCPrwWIj0OAbA" role="sound engineer" IPDN="NZfTBZLhLpMp" performance="main" grossFee="1669577609.03"
                     modifier="A" IPI="N-E0Tu4tGmYSBAItflW2EnhHCBTg" birthDate="2019-07-14"/>
                <Participant name="XFptATnV8V2zertSzqQEpYsu_lOT" role="arranger" IPDN="J6ryDJrrjrCy3l9RcOMmsbS_t" performance="soloist"
                     grossFee="-698544630.20" modifier="B" IPI="P5NZlYyjMZDIOGl" birthDate="2019-03-16Z"/>
                <Participant name="XZxpDFzol38" role="producer" IPDN="sur" performance="main" grossFee="736095753.97" modifier="A"
                     IPI="L0Sn" birthDate="2019-12-23Z"/>
                <Participant name="YQK2pQd" role="composer" IPDN="Xw_teQy6YHT2o4" performance="main" grossFee="-1945419155.45" modifier="B"
                     IPI="rYOrwdrOXdpaFvEv_751oj-Gh" birthDate="2019-04-17"/>
                <Participant name="F4xrgnP07" role="composer" IPDN="_Re35YzrvMv" performance="supporting" grossFee="-406103027.48"
                     modifier="B" IPI="O9Q9e1hGbA" birthDate="2019-04-06"/>
                <Participant name="dg" role="arranger" IPDN="o68IJyQXEYs5GwGXZzSNTsOqR" performance="main" grossFee="221911555.13"
                     modifier="B" IPI="tIGI4.0CymIGB6Ctww9CdXtLinIN1" birthDate="2019-06-07"/>
            </Participants>
        </Record>
        <Record title="PYP4P9xEX" spins="1941573860" ISRC="PLEKKM1W12XU" year="6800" producer="sf-e494rhR6luNaCd-tOSl6t6wp6"
             label="OiJnhzCACf" recordNo="rE7" serialNumber="NiwvG4mQcc_GwV2T21labZZP_f_" isPremiere="0"
             usage="jingle" ISWC="pYA5Qp4nd" AKA="ou1OKNfNvNdKNI7uUc0QU" genre="composed" broadcastedFrom="2019-11-14T11:21:16Z"
             broadcastedTo="2020-04-09T11:21:16Z" runtime="1057302613" origin="free usage" alternativeTitle="A7QT0qMCjn"
             recordedFootage="2072497222">
            <Participants>
                <Participant name="eIxPaT2-0U9JsbX" role="scriptwriter" IPDN="d-t" performance="soloist" grossFee="-1645187214.57"
                     modifier="A" IPI="ao1DMKX901fgvTj0l3LpW7ZgW.b" birthDate="2020-04-18"/>
                <Participant name="EipNlb5EOko_" role="sound engineer" IPDN="FOpeN2su0yU4MOic" performance="chorus master" grossFee="1833221365.94"
                     modifier="A" IPI="RAwdhc42joGVxF8d.42i" birthDate="2019-09-27Z"/>
                <Participant name="XZDql177JiaTdDy6ndAvaE" role="arranger" IPDN="XIdYLhVkw8K3h8f" performance="conductor" grossFee="-94278801.41"
                     modifier="C" IPI="kh" birthDate="2018-09-10Z"/>
                <Participant name="FGLU" role="remixer" IPDN="zl7UaKu" performance="chorus master" grossFee="-89676536.48" modifier="A"
                     IPI="MDh0AEz1lWwpz" birthDate="2019-04-15Z"/>
                <Participant name="KF.x1zGKUZJJI4" role="music director" IPDN="kbpADb" performance="chorus master" grossFee="-1457115145.56"
                     modifier="A" IPI="ZPTy" birthDate="2018-09-24Z"/>
                <Participant name="dz-K8xtxif6vUqmgAwslfZAmvY" role="producer" IPDN="TTanYulH-Is" performance="soloist" grossFee="579517217.03"
                     modifier="A" IPI="rTRg" birthDate="2020-06-05"/>
                <Participant name="_f9n6po3ui" role="music director" IPDN="E3FhaW8H9UoYSntc2nnRT8kGNLeIA" performance="soloist" grossFee="-1999728797.68"
                     modifier="C" IPI="FtA" birthDate="2018-12-02Z"/>
                <Participant name="AzQnOIL" role="performer" IPDN="Vgf7wy" performance="conductor" grossFee="1271486314.72" modifier="C"
                     IPI="NULM" birthDate="2019-11-24"/>
                <Participant name="dBRVsNapESTqQ.g9M" role="arranger" IPDN="FokHFnjJuOKs" performance="soloist" grossFee="-693167526.40"
                     modifier="C" IPI="zQ_aw1AguOrSHb3.eKUCJUeGY" birthDate="2020-02-09Z"/>
                <Participant name="TE" role="scriptwriter" IPDN="UfxtepWxeun7kD2v0FNCyioZKL" performance="soloist" grossFee="-1987087763.51"
                     modifier="B" IPI="O8fwLyHbKHq5D6yy7ec5e5QI" birthDate="2018-12-15"/>
            </Participants>
        </Record>
        <Record title="bV" spins="473957463" ISRC="DPVG746G5G01" year="0863" producer="pdb4_zsWcB.s3zBENUPaADqdNaiN"
             label="b7FD" recordNo="L.vwpMR_B1m" serialNumber="d9oYv5oCTDwmVhWcioFGWBI9MJ" isPremiere="1"
             usage="commercial" ISWC="Nt.gLhm80strVOup3O" AKA="tq_XJq9DvwJenucP6" genre="classical" broadcastedFrom="2019-06-24T11:21:16Z"
             broadcastedTo="2018-07-29T11:21:16" runtime="322977806" origin="commercial" alternativeTitle="itBiiXcx"
             recordedFootage="814487160">
            <Participants>
                <Participant name="NcGkzc588A2pWLqR" role="scriptwriter" IPDN="ObWaTDnpVZi1Xbo6." performance="chorus master" grossFee="1186993790.44"
                     modifier="A" IPI="XNG.-U" birthDate="2018-09-12Z"/>
                <Participant name="oDpZjxEj98yPB8A0TFnCvsHoHbz3" role="sound engineer" IPDN="hea8jOb499mBG" performance="main" grossFee="1395351446.38"
                     modifier="B" IPI="rWrg" birthDate="2020-06-23Z"/>
                <Participant name="MCOU_iqo9w2HO" role="subscriptwriter" IPDN="IBEc5ysz-ickt_ni" performance="main" grossFee="1654592726.97"
                     modifier="C" IPI="BcmHgClO9Voc4kpI" birthDate="2020-02-27Z"/>
                <Participant name="qGkYbEScTO7peOnZ-K2EPleqhXwJhu" role="subscriptwriter" IPDN="GN9a" performance="supporting" grossFee="43272710.51"
                     modifier="C" IPI="lk" birthDate="2020-03-23"/>
                <Participant name="wocDdk7kq6gWZz1DeXjUa2uSbr1u00" role="remixer" IPDN="J" performance="chorus master" grossFee="853859380.80"
                     modifier="A" IPI="ur.Qv6" birthDate="2019-10-04"/>
                <Participant name="xELDHE6DGBWtYFBz-eps4Majz" role="subscriptwriter" IPDN="IexKe79QumBg8s5jd7M3z9P7z" performance="supporting"
                     grossFee="-1008751123.60" modifier="C" IPI="nv" birthDate="2019-04-15"/>
                <Participant name="NEsA40qgye" role="remixer" IPDN="NcWo4qAmr4DtiIP0pybi3YcKYT" performance="conductor" grossFee="1666352837.86"
                     modifier="C" IPI="uVmlp8iLw8fhvrtKss" birthDate="2019-05-22Z"/>
                <Participant name="Rp0CrO_ub" role="performer" IPDN="nbeWh2MVT" performance="supporting" grossFee="-1966793161.73"
                     modifier="C" IPI="LdRcJ9Y5oEXfr" birthDate="2019-07-27Z"/>
                <Participant name="hKt" role="producer" IPDN="WLCzUsh" performance="soloist" grossFee="-200615643.10" modifier="A"
                     IPI="k484AFQGw5I1M4JkQQb" birthDate="2019-01-29Z"/>
                <Participant name="zGxF5XuEYENaOtvUkyKqtlw-E2g8" role="performer" IPDN="Y" performance="chorus master" grossFee="-292941680.26"
                     modifier="C" IPI="ruAGKFwWSvjFSDHu" birthDate="2020-03-01Z"/>
            </Participants>
        </Record>
        <Record title="OVFUm5hkn" spins="766523363" ISRC="YWBPA6SGKY70" year="4645" producer="giMxzv4VpcwY7Rr" label="_qzScBYPjy"
             recordNo="gTNeyGdVjnVJa2ag0zq6m" serialNumber="kJD11J.-j" isPremiere="false" usage="commercial"
             ISWC="AZ" AKA="tTktzFWqfk8R" genre="pop" broadcastedFrom="2019-05-05T11:21:16" broadcastedTo="2019-03-23T11:21:16Z"
             runtime="978579650" origin="self" alternativeTitle="M8" recordedFootage="1343381762">
            <Participants>
                <Participant name="c" role="composer" IPDN="os9gfufQLqD-" performance="soloist" grossFee="-991384647.60" modifier="B"
                     IPI="Sk2w-qCq28VyCa2Qw" birthDate="2018-07-31"/>
                <Participant name="Sn5iWZg1micl" role="producer" IPDN="VA" performance="chorus master" grossFee="132805627.51" modifier="B"
                     IPI="iK4" birthDate="2018-12-07Z"/>
                <Participant name="ln4dHidFh2d7BCfducD4i8eBJfMA" role="performer" IPDN="adUkFlg6b" performance="chorus master" grossFee="-1755157728.89"
                     modifier="B" IPI="tAJtDj5IxeP" birthDate="2019-05-06"/>
                <Participant name="TE90ybmwf4ZKf0w" role="scriptwriter" IPDN="xScu5ir3Tm7ov_51DrDxKV7m4T" performance="conductor"
                     grossFee="-952135236.46" modifier="A" IPI="CWhucVa0lpLA94bxXzMKTF" birthDate="2020-03-07Z"/>
                <Participant name="wKJUZKqnesjvlykbKDsX98tFV9X" role="music director" IPDN="PURco2GrIpbh8jq7gDPNAEv9gR" performance="supporting"
                     grossFee="-2029483158.16" modifier="A" IPI="OkDhHUzYinUHF-.z.7-ItS8" birthDate="2019-05-16"/>
                <Participant name="UJT6Ntmagg1WqDgg9SB_VVmyg" role="music director" IPDN="Ngx" performance="chorus master" grossFee="-482863850.33"
                     modifier="B" IPI="IcPUtyu" birthDate="2020-03-26Z"/>
                <Participant name="R96jhtRhg" role="remixer" IPDN="YYzWf6EQ-LTchVYDMSxbKcm" performance="chorus master" grossFee="-1259332691.57"
                     modifier="C" IPI="yfXM" birthDate="2019-04-11Z"/>
                <Participant name="XFumxqer" role="arranger" IPDN="gq" performance="chorus master" grossFee="118560010.62" modifier="C"
                     IPI="cn6YVmxKYBWxv" birthDate="2018-11-26Z"/>
                <Participant name="YiNiAR38f6tDVIaeOfF29zfK4pq" role="remixer" IPDN="v0Hqcg4QFFgAMljNJn" performance="main" grossFee="-1976404312.01"
                     modifier="A" IPI="ooAKmWrd" birthDate="2020-05-23"/>
                <Participant name="icb2Ob0Hl755d0s" role="composer" IPDN="GEqdY1VI1h4bfI" performance="main" grossFee="94727858.84"
                     modifier="A" IPI="mPPocZru5R" birthDate="2020-05-18"/>
            </Participants>
        </Record>
        <Record title="g1R9RJvlgv88xc" spins="714089433" ISRC="1ZYSS692IJ0D" year="8088" producer="jFK3G3I-hwdjHEM2"
             label="NtIwrxf" recordNo="pZprE.RtQkJyop0vI4H" serialNumber="RAC7PB1JZTKWr5v3pXRR" isPremiere="1"
             usage="broadcast" ISWC="DWxvw" AKA="M1IqgvKAb0k5bcMlcas9FNoLxyq6qq" genre="pop" broadcastedFrom="2019-12-08T11:21:16"
             broadcastedTo="2019-05-31T11:21:16Z" runtime="1428983181" origin="commercial" alternativeTitle="d.PRRNG"
             recordedFootage="2118981474">
            <Participants>
                <Participant name="m8OE2n39v1a39x.M8QaX8aHnm" role="producer" IPDN="CeC8rU-9t6NxQh3.rnCxqrC" performance="chorus master"
                     grossFee="-1291160940.30" modifier="C" IPI="V.HxYG3yNxTbdgk94U" birthDate="2019-06-13Z"/>
                <Participant name="T2zlsoGEWW88AQutl3KWBpPD6uEG" role="composer" IPDN="J2mfACFw5xJy4MC8PXX0c3" performance="chorus master"
                     grossFee="-945642012.81" modifier="B" IPI="hQE" birthDate="2019-11-10Z"/>
                <Participant name="By4Bb7" role="producer" IPDN="b55vLJz_FAaLDMw4rXJ-9RZOFRD" performance="supporting" grossFee="258242154.95"
                     modifier="C" IPI="QZ8" birthDate="2018-12-08"/>
                <Participant name="f08n8oUZETwy64SQlv03a-Q2sYJVX" role="arranger" IPDN="F7m" performance="main" grossFee="-259053612.13"
                     modifier="B" IPI="o" birthDate="2019-12-23"/>
                <Participant name="gmxIPvgb0D.S0nflmWhY" role="music director" IPDN="B" performance="supporting" grossFee="14818303.04"
                     modifier="A" IPI="NE3y." birthDate="2020-02-18Z"/>
                <Participant name="pMiqFTJOWr" role="subscriptwriter" IPDN="tMleLqKi6RyIFSV0zfAZyJzzQp" performance="supporting"
                     grossFee="1952086624.46" modifier="B" IPI="jIsaI1Kqjlz" birthDate="2020-06-24Z"/>
                <Participant name="Rz2mp1p" role="arranger" IPDN="xlkLhmndXSkpZ-mBPHDbm_702oT" performance="chorus master" grossFee="-483887369.15"
                     modifier="A" IPI="YIQUah1.VLSnZSMtgZF3zGG-r1EsK" birthDate="2020-02-17"/>
                <Participant name="g7faBVoB5QmthkL2" role="composer" IPDN="eb_eIu7FK3" performance="soloist" grossFee="20034711.08"
                     modifier="B" IPI="QmHJoohFW2UsFVW" birthDate="2019-06-13Z"/>
                <Participant name="S" role="music director" IPDN="YmzQ8e7Ycx713gw" performance="main" grossFee="-465070338.51" modifier="A"
                     IPI="VJHPGUmRXeQHeviBv4Er" birthDate="2018-12-17"/>
                <Participant name="RKm3wqNqeMpPqrIL" role="remixer" IPDN="DlPCX2MAMndHNI7mnX4fRofj3IRTM" performance="soloist" grossFee="-1064791397.01"
                     modifier="A" IPI="x8nS2U7AH18G" birthDate="2019-10-28Z"/>
            </Participants>
        </Record>
        <Record title="LsVBWBF7ClzLTVi9x4" spins="933667794" ISRC="N42LQ7793K6H" year="9768" producer="XgX_tkHuSEz-DN6o9Zm"
             label="Cxnkdr.VPMKJj4RDLpo8b5" recordNo="R8jO_" serialNumber="xcwWAXM6kC3drh.tpn5W" isPremiere="false"
             usage="jingle" ISWC="vJd05RjrtKgdBg2J70DwQrfT" AKA="n2zZxDhWgHR" genre="pop" broadcastedFrom="2018-12-10T11:21:16Z"
             broadcastedTo="2019-05-31T11:21:16Z" runtime="1531586474" origin="report" alternativeTitle="ZwvI6BZT8rFcizbspjL5"
             recordedFootage="959120090">
            <Participants>
                <Participant name="o7whDSR5obaaItSHMCyTtSwMsUGj" role="music director" IPDN="MiL8fZ" performance="main" grossFee="-895731392.07"
                     modifier="C" IPI="dsg6jm" birthDate="2018-10-10"/>
                <Participant name="WMpE5VcKTDg3A1q" role="sound engineer" IPDN="olLom.h0SGcEJp-roZ" performance="conductor" grossFee="1972122455.59"
                     modifier="C" IPI="u0ptrmoh" birthDate="2018-08-17Z"/>
                <Participant name="jn.j539" role="remixer" IPDN="cBW_vZ4mL9.ChVsc6D_SwaAq" performance="chorus master" grossFee="1615178155.86"
                     modifier="A" IPI="xEWEUfq3KM3Yad" birthDate="2018-09-15"/>
                <Participant name="FR" role="music director" IPDN="Fs6Zz3.0H5gA" performance="supporting" grossFee="883571947.67"
                     modifier="C" IPI="fgtdoT15EiNmkmjUbggz3c" birthDate="2020-06-12Z"/>
                <Participant name="sbpU9.BsHIBDZ071dl8I" role="producer" IPDN="n" performance="main" grossFee="-1403425690.97" modifier="A"
                     IPI="VgbE6t4XwKPdAa.vBIloyeH" birthDate="2018-09-28Z"/>
                <Participant name="iqFaVPOn0H15ZKYP78afIAn" role="subscriptwriter" IPDN="D.1XZB6" performance="main" grossFee="1567974237.44"
                     modifier="A" IPI="NFFI.4jf9Hb_MWCeRg6BLb40ZxZ4" birthDate="2019-04-29Z"/>
                <Participant name="FnOOEJ" role="producer" IPDN="fr-vxdIf" performance="supporting" grossFee="-1613329090.07" modifier="B"
                     IPI="aEby2N4XXjpcaUQHq4N44kQvCB" birthDate="2019-03-10Z"/>
                <Participant name="pzYxpXycsw4BNVq" role="music director" IPDN="Wgu_g1It1uAY5tHRgG-Ig5ZzL2" performance="soloist"
                     grossFee="-148995208.73" modifier="A" IPI="fCTf" birthDate="2019-03-19Z"/>
                <Participant name="yhErRf.Hl.UTvbXolHeft7" role="scriptwriter" IPDN="nq01u" performance="supporting" grossFee="1124220486.02"
                     modifier="A" IPI="y" birthDate="2019-03-15Z"/>
                <Participant name="XnB_t36I.De5YnFT" role="subscriptwriter" IPDN="q_lFZsWZw.u7wGG" performance="supporting" grossFee="1158239331.66"
                     modifier="B" IPI="exvfOwZVR6ainAjPI" birthDate="2020-04-20Z"/>
            </Participants>
        </Record>
        <Record title="hB8_" spins="1140607682" ISRC="4949Z49L4Q2P" year="0071" producer="Y_qH3obm5Vdv_Ge2T4X3gGs" label="uU5e1Gi8XChHUmtQ.YWWe"
             recordNo="VBLwT_GFpTS1kg5zwr5I_PVo" serialNumber="aaX1vpw" isPremiere="true" usage="jingle"
             ISWC="ugKEZaGeo9VgQ" AKA="LVH0cuVt7NWb.nFzoU4uQBlMuo8Yo" genre="composed" broadcastedFrom="2019-03-06T11:21:16"
             broadcastedTo="2019-05-28T11:21:16Z" runtime="65619879" origin="live broadcasting" alternativeTitle="k9ReiwU"
             recordedFootage="1921844042">
            <Participants>
                <Participant name="quGgOHV.pGsDFjc3cu.6Y_sn" role="remixer" IPDN="nMu" performance="supporting" grossFee="-1191726171.80"
                     modifier="A" IPI="dmJ" birthDate="2019-02-03"/>
                <Participant name="PllzcMBpBE" role="arranger" IPDN="zystF" performance="chorus master" grossFee="1411842110.83"
                     modifier="B" IPI="dxy36zkHzSXCaN7uaVgGmQYr.p" birthDate="2018-12-15Z"/>
                <Participant name="iVclM7" role="music director" IPDN="w5" performance="conductor" grossFee="1906181534.86" modifier="B"
                     IPI="pgv9" birthDate="2019-07-17"/>
                <Participant name="emBhhkXMlS7CnyYrB" role="subscriptwriter" IPDN="l902m7glXla-zOxLitpHJoaf" performance="chorus master"
                     grossFee="468866871.16" modifier="A" IPI="z_KtSPuGG" birthDate="2018-12-03"/>
                <Participant name="cOfVJhzVPJmUnVRhi1LxYW4B-HkU" role="remixer" IPDN="gN1TmtSVqJTO_E8oFj._RbmHO" performance="main"
                     grossFee="-602095523.18" modifier="C" IPI="pyu.HZNLPQNpLj_" birthDate="2019-08-26Z"/>
                <Participant name="E3Cju" role="composer" IPDN="J7_u7Ejqz0" performance="supporting" grossFee="-729322611.27" modifier="C"
                     IPI="STuGJVi7o0Qb7" birthDate="2020-06-30"/>
                <Participant name="SpC2CPONDMTYbj0" role="scriptwriter" IPDN="XQ" performance="main" grossFee="-534309381.54" modifier="B"
                     IPI="drf3coBx0G" birthDate="2020-04-27Z"/>
                <Participant name="oIws.b.O.D" role="producer" IPDN="f0i4jJ7H3a43uahOKhRekkxa" performance="conductor" grossFee="2037578234.34"
                     modifier="A" IPI="JC4j7D4br5" birthDate="2020-05-23"/>
                <Participant name="_H_B6btce" role="arranger" IPDN="wp.I6gSTb3r7-lL9uq" performance="soloist" grossFee="-453115408.64"
                     modifier="A" IPI="c.2pK6aY_V" birthDate="2020-05-20"/>
                <Participant name="yGC4A8RcZyonqva" role="producer" IPDN="cBfkeGd.DTAjonE" performance="chorus master" grossFee="379271959.08"
                     modifier="B" IPI="JdXEtgfpVAPjqN" birthDate="2020-04-04"/>
            </Participants>
        </Record>
        <Record title="QQq.ZthFX3xlnK.0t" spins="687719694" ISRC="ZWQ9L09I6R9D" year="2067" producer="ZuOO76LxLho0tXN"
             label="jh6Rp" recordNo="VXrXyNr-Qcy5IEpQYSPusfSaR" serialNumber="lnAgEPWS02iIFAGmr5rO3ChWAd9L"
             isPremiere="1" usage="jingle" ISWC="H.amZnaWDuU0" AKA="YlktW7KsAMvzpq-RPVq" genre="spoken word"
             broadcastedFrom="2019-06-29T11:21:16Z" broadcastedTo="2019-02-22T11:21:16Z" runtime="1917214652"
             origin="free usage" alternativeTitle="rT0KHiYwPIgW0gL_-F" recordedFootage="1834661418">
            <Participants>
                <Participant name="gvsQ" role="performer" IPDN="TOG1eOWxM" performance="conductor" grossFee="-1474590977.95" modifier="C"
                     IPI="Kl_" birthDate="2020-01-25Z"/>
                <Participant name="M9nf592t" role="remixer" IPDN="upZ6D" performance="supporting" grossFee="1104790487.62" modifier="B"
                     IPI="lGa7aKm4Cwe-MSzS_" birthDate="2019-11-24"/>
                <Participant name="Snwi7otxwkPWZcg" role="scriptwriter" IPDN="QONrj6" performance="chorus master" grossFee="993133683.01"
                     modifier="A" IPI="gADasvDjlYqOqOoJV2nqqHev" birthDate="2018-09-08Z"/>
                <Participant name="xghmmMmp" role="scriptwriter" IPDN="SGQJJ" performance="chorus master" grossFee="628681574.30"
                     modifier="B" IPI="v20H2DPF6TZXXtitBWrDTK3mmVkGD" birthDate="2020-02-21Z"/>
                <Participant name="Lpn8WA8uUq7DFDTfoAU" role="producer" IPDN="c_SmFpkK" performance="main" grossFee="-940617938.60"
                     modifier="B" IPI="vs5ph1ZQAj8F15WY1KUrie" birthDate="2020-04-23Z"/>
                <Participant name="axVSX" role="scriptwriter" IPDN="ERBxSaoxxoqHaRHnLG0j6Pyh3ta3c" performance="main" grossFee="-2061896047.15"
                     modifier="C" IPI="xro6Z" birthDate="2020-03-28Z"/>
                <Participant name="yj6owM-zdtZM8rpqvEO9djj0k1Oonp" role="producer" IPDN="g_iFOnCtZxZJl1f" performance="soloist" grossFee="29741679.48"
                     modifier="A" IPI="mbmfaeq_Cnr7L7WNWJZVJJoUI" birthDate="2019-07-02Z"/>
                <Participant name="g.fxNEZWfLSMamjL4Wdy4G2hb4" role="composer" IPDN="u" performance="soloist" grossFee="842365660.07"
                     modifier="C" IPI="oy8rgRYYSqg" birthDate="2019-12-16"/>
                <Participant name="zJyEHr8vkSF7V" role="remixer" IPDN="Uc_4-QvygW4.8R0ivGEa" performance="soloist" grossFee="-1322258109.45"
                     modifier="A" IPI="lNVr43" birthDate="2019-08-07Z"/>
                <Participant name="Uq" role="music director" IPDN="x6CHQ813aBYOWhnyLZX" performance="main" grossFee="633845299.11"
                     modifier="C" IPI="YPTmrL.PX.PWFWNppHafQZaB0H8GKj" birthDate="2020-02-15Z"/>
            </Participants>
        </Record>
        <Record title="CLR3nr2pSHgZr0XP-a93B" spins="1089305023" ISRC="4KJEAPSU89X2" year="3129" producer="fbqFizYdlMn2AnXaW4RLU4ofz."
             label="Re1qwHmyt65rjrHc1JxseVt" recordNo="b9" serialNumber="mAF5DvhE" isPremiere="false"
             usage="broadcast" ISWC="uPf" AKA="bYs8T_" genre="jingle" broadcastedFrom="2020-05-29T11:21:16Z"
             broadcastedTo="2019-03-24T11:21:16" runtime="144047599" origin="self" alternativeTitle="i2zv"
             recordedFootage="1958954468">
            <Participants>
                <Participant name="tVTFygolZtTc" role="arranger" IPDN="DQA" performance="soloist" grossFee="1942133683.85" modifier="B"
                     IPI="susrdxKU" birthDate="2019-07-02"/>
                <Participant name="TD9d0CPFH85RLW7" role="scriptwriter" IPDN="PG4Vn5ud" performance="main" grossFee="-1490317493.99"
                     modifier="A" IPI="v48oLxR89uN6ZJ" birthDate="2019-10-02"/>
                <Participant name="Ig" role="producer" IPDN="yubLE3E2BrzT" performance="conductor" grossFee="136600376.64" modifier="A"
                     IPI="a7L5zvqkQwFBqJnZJXR" birthDate="2019-12-17Z"/>
                <Participant name="U4h3n7SGGm40EY" role="remixer" IPDN="hn_k5leb" performance="soloist" grossFee="12240385.05" modifier="C"
                     IPI="TsCUAP7Kqzg" birthDate="2018-11-12Z"/>
                <Participant name="_N3YmjB_HdUlnv" role="arranger" IPDN="Qx.tGSCN" performance="soloist" grossFee="959611575.27"
                     modifier="B" IPI="HOl" birthDate="2019-05-13"/>
                <Participant name="YwPtDajpUuHwYJNN.8n-vL22" role="arranger" IPDN="GHv0RMr-" performance="chorus master" grossFee="-1045084582.18"
                     modifier="B" IPI="tS6G4D0f" birthDate="2019-12-04"/>
                <Participant name="IaaA" role="producer" IPDN="AnkT.MgDlJeBK4FQeWq" performance="conductor" grossFee="641026654.82"
                     modifier="A" IPI="_4dacMy0oVhHtgbgcquLi" birthDate="2018-08-26"/>
                <Participant name="rB2RGWBQQZtIDpU" role="arranger" IPDN="LlbXub.MicQmOlcpky0z" performance="main" grossFee="-1921402531.52"
                     modifier="B" IPI="isYKqoe3Kx" birthDate="2018-12-06Z"/>
                <Participant name="F35Kv1.tMg" role="music director" IPDN="Of1" performance="supporting" grossFee="564964359.80"
                     modifier="A" IPI="TFmbn9xBrbPOHvzacTTt_lx" birthDate="2018-11-15Z"/>
                <Participant name="o.xjkWNmwVawN7tUuUwrRt8DDN" role="remixer" IPDN="M" performance="supporting" grossFee="448468286.06"
                     modifier="B" IPI="RcFa9oCtRYY3ayG" birthDate="2020-06-24"/>
            </Participants>
        </Record>
    </Record>
    <Record title="Ng" spins="1792993737" ISRC="NVYWU21P72ZR" year="1821" producer="v0KUvx6v" label="qo6qh-hBsWf0j6sCyxZ"
         recordNo="z" serialNumber="oy2Ws.jbV_aL2V" isPremiere="true" usage="broadcast" ISWC="tETHLbIFlYowWkmm6pkOa"
         AKA="esTWhyDCjBINh_2EK.-ori7" genre="pop" broadcastedFrom="2019-12-09T11:21:16Z" broadcastedTo="2019-05-27T11:21:16Z"
         runtime="234107703" origin="free usage" alternativeTitle="R1ncPidl-WoHO3jyh8chv5zlp" recordedFootage="282962042">
        <Participants>
            <Participant name="cVXN2y0MWrMc" role="arranger" IPDN="hDyUIz6Z93" performance="main" grossFee="-1907038932.46" modifier="C"
                 IPI="kifm4qIsWJ65NPDe6dCLubzEh4u" birthDate="2020-01-22Z"/>
            <Participant name="xlSRUsfRwI4WMobvNXqHqYxGy57mu" role="remixer" IPDN="b_v8APb4ZeUvGF0yIcQhRuPxky6" performance="soloist"
                 grossFee="-2133112981.37" modifier="A" IPI="PbI74F3KttOLQ" birthDate="2019-05-06Z"/>
            <Participant name="rd378ncLR-KG" role="producer" IPDN="l8K.Lssm22O3.OX8e0Ue" performance="chorus master" grossFee="661714253.20"
                 modifier="B" IPI="ED2E" birthDate="2018-07-21Z"/>
            <Participant name="jNkqpYEbeY2JQ" role="music director" IPDN="qXB9Mf" performance="conductor" grossFee="-1236946301.60"
                 modifier="C" IPI="EY5JFw" birthDate="2019-01-29Z"/>
            <Participant name="fy3CiUGWWSO_ZXfwTEsqdH" role="scriptwriter" IPDN="hg-L8sAyJCtEc1Vr0Zn1shjRD9izAf" performance="soloist"
                 grossFee="-1307171867.72" modifier="A" IPI="DRNRHK" birthDate="2018-11-08"/>
            <Participant name="UYou9" role="scriptwriter" IPDN="e" performance="conductor" grossFee="2024584146.05" modifier="B"
                 IPI="Ylun5hEyk" birthDate="2020-04-18Z"/>
            <Participant name="BuyI8CWlUcsrl2gR0lf-" role="performer" IPDN="eBmm2Y7RRknF" performance="chorus master" grossFee="918941264.28"
                 modifier="A" IPI="et" birthDate="2019-02-16Z"/>
            <Participant name="Rob1qBd5n-" role="scriptwriter" IPDN="uGFFBY" performance="soloist" grossFee="829585380.43" modifier="B"
                 IPI="HSY8_DK2hE4nY9u_xLAet6chusOq" birthDate="2019-03-01Z"/>
            <Participant name="aB1p.zIB0IWH3jelyMAkU24tp4Ei" role="arranger" IPDN="ACAH9bdBdDMlxzB" performance="main" grossFee="30796602.12"
                 modifier="A" IPI="HaU" birthDate="2019-06-01"/>
            <Participant name="M2qCG8f.dBr_IX" role="composer" IPDN="sxaP1j.3lAi3" performance="conductor" grossFee="-150404840.16"
                 modifier="C" IPI="yvn_K." birthDate="2019-12-31"/>
        </Participants>
        <Record title="uKN7N2aCY." spins="609205525" ISRC="15H7D7ILD1T7" year="4420" producer="zm5zRza9eTnxEUHPJ0t"
             label="ouqfjlqW4ABDK" recordNo="N_pqPA-" serialNumber="OMZBtwvoJq03oZMILFJfx-KhmOFyUN" isPremiere="0"
             usage="broadcast" ISWC="IFcXzfXjd_I4xU5ey7MF" AKA="pT63Vt" genre="classical" broadcastedFrom="2020-05-08T11:21:16Z"
             broadcastedTo="2018-09-10T11:21:16" runtime="991597768" origin="free usage" alternativeTitle="CnZdsmtm.q5muXbmKLcuVaDWt"
             recordedFootage="1918598852">
            <Participants>
                <Participant name="rRt" role="scriptwriter" IPDN="tNnqhiTkHGUPjemVG2BH6.Pn-4nq" performance="soloist" grossFee="-713033586.42"
                     modifier="A" IPI="vig" birthDate="2019-07-31Z"/>
                <Participant name="yqz4RkTJKROt" role="producer" IPDN="fCp5bmasKD_Qx369aMPVjw6CQ-" performance="supporting" grossFee="-1064771224.59"
                     modifier="B" IPI="H68LkrMdb2M0a-RHIId9d7PZzm" birthDate="2019-03-09Z"/>
                <Participant name="mEkITCeYs_2hJkIU1IsnNz8wd" role="scriptwriter" IPDN="txUmDg-dttmcC71_E9ro8eWyXqy" performance="main"
                     grossFee="-567224281.35" modifier="C" IPI="r7MvQgapSIRQH9YD6mrR" birthDate="2018-08-25"/>
                <Participant name="LGfbpqpRVHzwFsfb" role="composer" IPDN="K" performance="soloist" grossFee="1241488201.03" modifier="C"
                     IPI="HCyNORicYxq7R6aOfNQBe" birthDate="2019-04-27"/>
                <Participant name="SGRcZSJ" role="composer" IPDN="F.bqdRs" performance="soloist" grossFee="1311810990.14" modifier="A"
                     IPI="UTDUSxCEl" birthDate="2018-09-24Z"/>
                <Participant name="Ri" role="performer" IPDN="c.20aVyO35dEgu.fchwj-P" performance="chorus master" grossFee="722376383.50"
                     modifier="C" IPI="Nk9IMqVIzU7-hhZl_" birthDate="2019-09-30"/>
                <Participant name="OMDQ-qOHNksO56F" role="producer" IPDN="l.OU7QUpxhPG7q_Pq1C9.hX" performance="conductor" grossFee="-1871577193.32"
                     modifier="A" IPI="vlcR.AL" birthDate="2018-09-29Z"/>
                <Participant name="ZDjSBJY8V9XI-" role="sound engineer" IPDN="Efzgk42KsK1zmxyp" performance="soloist" grossFee="213637566.61"
                     modifier="C" IPI="LbLTWdft" birthDate="2018-10-07"/>
                <Participant name="rZGXxFr964dlz19x1T0MObiU8F" role="arranger" IPDN="L35uNo_Tw" performance="soloist" grossFee="-1984629762.29"
                     modifier="B" IPI="RdEbptZlZYN9Z1to" birthDate="2018-08-18"/>
                <Participant name="b9_Jk2wgznQ0s1ez" role="performer" IPDN="kyWySU" performance="soloist" grossFee="-2078342501.52"
                     modifier="B" IPI="eqxPZSVS9VtuO8aYLn.scW" birthDate="2019-04-04"/>
            </Participants>
        </Record>
        <Record title="yRi8I9oJ5fjYJDYZ91Ei" spins="1259088392" ISRC="TT874Q115V89" year="5443" producer="fn7V8_55x.sjT0nEUwL9Q2"
             label="I8TWQ4XD5vam34EC1E" recordNo="nPz5" serialNumber="N3P-xMl" isPremiere="0" usage="broadcast"
             ISWC="OEcR7q4APRSoFsJ" AKA="HYUCz8.3URVbcJSEomuH" genre="commercial" broadcastedFrom="2019-09-27T11:21:16"
             broadcastedTo="2018-07-10T11:21:16Z" runtime="467011581" origin="free usage" alternativeTitle="xsaccMeaB5KcmpuqHilkooWn"
             recordedFootage="999019319">
            <Participants>
                <Participant name="zkDcfwj" role="composer" IPDN="yyAvwOfzhKX3Ezwu_9Iy2P0FO.Cmf" performance="soloist" grossFee="-1629887750.10"
                     modifier="C" IPI="oVab1tY_Cqw6G2VC" birthDate="2019-10-04Z"/>
                <Participant name="C.5OdrqDpKDmaREzxw8c8." role="composer" IPDN="HDyDkorvzRbIjLQRp1h" performance="conductor" grossFee="804840534.48"
                     modifier="C" IPI="kzCzZvH" birthDate="2019-10-10"/>
                <Participant name="JYxCS4Q" role="sound engineer" IPDN="HD0aF1HmLERNN_QM.FMAptk0WcmtB_" performance="main" grossFee="1681899697.31"
                     modifier="A" IPI="bStqd" birthDate="2020-05-27Z"/>
                <Participant name="o34QynFRElx2RtUziZV5FX2WK0Qsl" role="music director" IPDN="q.yjt" performance="conductor" grossFee="1318055386.87"
                     modifier="C" IPI="K" birthDate="2019-03-02"/>
                <Participant name="yO_SvGgW" role="music director" IPDN="xS" performance="soloist" grossFee="1786115113.11" modifier="A"
                     IPI="w31WRN1wN_y9jyIFrtu0qAO.C0Uwc" birthDate="2019-03-16Z"/>
                <Participant name="it4_kp60" role="performer" IPDN="UR" performance="chorus master" grossFee="1600220945.23" modifier="A"
                     IPI="ZuLE3wx3-e" birthDate="2019-04-03"/>
                <Participant name="I" role="producer" IPDN="K" performance="supporting" grossFee="-2077080633.77" modifier="A" IPI="uM"
                     birthDate="2018-09-01"/>
                <Participant name="zKpj0V.qBa3ri-G" role="performer" IPDN="JlaZNBoV8EcIPCvGUa" performance="conductor" grossFee="-947681005.27"
                     modifier="B" IPI="ZRyOUJ0SMZi16P2P" birthDate="2019-12-30"/>
                <Participant name="O" role="performer" IPDN="RiSNG1lfzNrB43TTpiUde" performance="conductor" grossFee="1177839007.59"
                     modifier="A" IPI="Yqp4" birthDate="2020-03-23"/>
                <Participant name="g2op7Y8FVkXL9i7I9yP-r.m" role="arranger" IPDN="H7cAMXP8f2Luu1dJ-u" performance="chorus master"
                     grossFee="299229034.43" modifier="A" IPI="Bvx19Ha" birthDate="2020-05-03Z"/>
            </Participants>
        </Record>
        <Record title="RAMTLBpEDVWKjnSWOb" spins="487147620" ISRC="0MGDWNOZ0IRM" year="9114" producer="YFpVkJ1oXuV1f3IfcbJ8p9OpTeeW9"
             label="P446IxWKskg8TL1oSKmPcBdI" recordNo="DletbSD" serialNumber="lSqdzm" isPremiere="false"
             usage="broadcast" ISWC="PHnvGQoE8Yv7" AKA="VcIFW" genre="pop" broadcastedFrom="2020-04-29T11:21:16Z"
             broadcastedTo="2019-11-20T11:21:16" runtime="1842725481" origin="live broadcasting" alternativeTitle="O7Kn.qdx4osFTK4GmBg8B"
             recordedFootage="1064494902">
            <Participants>
                <Participant name="SXEIfGsVZ.vxrqb3" role="performer" IPDN="HadZD78U2-6nIqD7PKGeDcfbIBc" performance="soloist" grossFee="-1668934259.62"
                     modifier="C" IPI="vf7AhWyi" birthDate="2018-09-18Z"/>
                <Participant name="LrjFGXxlhIzxdbpI" role="sound engineer" IPDN="OMbaa4Y_HYNz_N2GnH1WAAway_2INT" performance="supporting"
                     grossFee="366808301.72" modifier="B" IPI="QQpndnDIibGro_qbwqK" birthDate="2019-07-10Z"/>
                <Participant name="oOWNluJDN" role="music director" IPDN="tR4JU_m221aOfNr2L602FtLSMeHS" performance="conductor" grossFee="1738607629.35"
                     modifier="C" IPI="GUO_vVGQAg4sowx-VATt4" birthDate="2020-05-15Z"/>
                <Participant name="IC.8zb15eF_wTqls3KJ" role="scriptwriter" IPDN="D" performance="soloist" grossFee="1543379344.93"
                     modifier="B" IPI="I3pIhUG2-WX" birthDate="2020-03-31Z"/>
                <Participant name="GEe" role="remixer" IPDN="xDcMOlt5nJH5jl3_SZOcGt84CpsG" performance="supporting" grossFee="-74759263.61"
                     modifier="A" IPI="IqiPBuS" birthDate="2020-02-19"/>
                <Participant name="xKAQ4RJ6-rJPJ.BpmO_" role="sound engineer" IPDN="QUl.I" performance="main" grossFee="-1099729279.75"
                     modifier="A" IPI="kBV5PdFOmoz1YBk6XH.aaDwrd" birthDate="2020-06-11"/>
                <Participant name="VVAhd-PPb7cauuHFgkrnB" role="composer" IPDN="dpEaij.-WuNG30bDD4" performance="supporting" grossFee="-1366340160.01"
                     modifier="C" IPI="ZB._vmhlzUqGZ35xsQ" birthDate="2020-02-01Z"/>
                <Participant name="B2d0u4JOtwWVtQCnU6Q647rW0h_K" role="music director" IPDN="CpDc_APwA0XwpVLcgX2.kjlEu" performance="soloist"
                     grossFee="1229469974.71" modifier="C" IPI="SRKNoizdepGp1ATrUbLfqJ5i9" birthDate="2018-08-16Z"/>
                <Participant name="BZms" role="performer" IPDN="XT" performance="main" grossFee="1943258063.61" modifier="B" IPI="_loXOJVj_1Yn8MNsSPMrn-"
                     birthDate="2020-02-11Z"/>
                <Participant name="Avn2XEgvR8n8nMU7ykn" role="scriptwriter" IPDN="oX_fB-EEfyagmEf" performance="soloist" grossFee="2129833490.19"
                     modifier="A" IPI="FmW" birthDate="2020-04-03"/>
            </Participants>
        </Record>
        <Record title="konIbZw4" spins="459756101" ISRC="E4539QGYT14L" year="5193" producer="dQGlFVV3bH2G" label="w7yOsB9rJgGtl4620X"
             recordNo="wVdbHP" serialNumber="x3uuxt2tZVJC2ayL-x6Rg15" isPremiere="false" usage="broadcast"
             ISWC="h0FbJeL1VbtPvk9vCuxhAUsYmK_" AKA="FoM" genre="classical" broadcastedFrom="2020-02-13T11:21:16Z"
             broadcastedTo="2018-12-09T11:21:16" runtime="1253777567" origin="live broadcasting" alternativeTitle="S92jmh.ZR1B4I3I_MPWJylbl5q.PD"
             recordedFootage="1757254865">
            <Participants>
                <Participant name="XjeXQo_2XBC8wpUpKO0WhjxHxT" role="sound engineer" IPDN="A" performance="chorus master" grossFee="553130964.24"
                     modifier="A" IPI="Rx-_" birthDate="2018-10-23Z"/>
                <Participant name="jskKHem2Sr6wgOUTjTJS5xN" role="composer" IPDN="TJEON1WwvgDy1kRjad" performance="supporting" grossFee="-541678859.60"
                     modifier="A" IPI="YxVyFWZmH0SsuIX.LVdeJ95CztUYq" birthDate="2019-08-15"/>
                <Participant name="WKfZHDZ6" role="arranger" IPDN="fAv07K1MKPafXXPQhacZi40RBB3vv" performance="supporting" grossFee="819753798.53"
                     modifier="A" IPI="LyfCi7-TUYizo" birthDate="2020-01-12"/>
                <Participant name="z0z" role="arranger" IPDN="PnQ-PYw_DIyPA6UTRW5aZqNEgr" performance="chorus master" grossFee="1115640452.64"
                     modifier="B" IPI="T5XwKMC5g-tv.WM97Od9j7a.6HPQYb" birthDate="2019-09-29Z"/>
                <Participant name="fD67j9jUr5ctZPz" role="composer" IPDN="kugxKyn-8tRCjVaalsX8_WB" performance="chorus master" grossFee="221232867.14"
                     modifier="A" IPI="qge1cnPwlY6ryKmp-aJIoQku" birthDate="2019-12-06"/>
                <Participant name="baq" role="sound engineer" IPDN="G" performance="supporting" grossFee="588535535.99" modifier="A"
                     IPI="sxDVBl.ERXBdE3he9xHv5g8NfUKCr" birthDate="2020-02-20Z"/>
                <Participant name="Cy_6lkA" role="music director" IPDN="r7obY8yNM" performance="main" grossFee="2043690551.58" modifier="A"
                     IPI="_giOW6l" birthDate="2018-09-13Z"/>
                <Participant name="c-pQ34JKwyulS5TMug" role="music director" IPDN="urv3bTodvnn" performance="supporting" grossFee="1590928698.06"
                     modifier="C" IPI="NDOlemkQMH99F" birthDate="2018-12-11Z"/>
                <Participant name="fxIC-H8E2p1" role="subscriptwriter" IPDN="XMi" performance="chorus master" grossFee="1832450955.93"
                     modifier="B" IPI="COTkRgW_UGNDljm" birthDate="2018-08-02Z"/>
                <Participant name="UfRLSe." role="music director" IPDN="M4x7" performance="main" grossFee="1672542806.03" modifier="A"
                     IPI="p82lugRMCBNrOdDb4" birthDate="2018-07-19"/>
            </Participants>
        </Record>
        <Record title="YSJOb5vr1YqFEGmFU7yeVW-" spins="1136993102" ISRC="S6Q20G60TRUO" year="7152" producer="KcRsyPYHDcCV"
             label="X11-eY" recordNo="jfym4djJjP5mD94hp3tN8oAk8vcDX3" serialNumber="uv.n1VWbpqNbS" isPremiere="0"
             usage="jingle" ISWC="GLwEHn6eDGz" AKA="K9tL0sO53LuwMpqocLy" genre="commercial" broadcastedFrom="2018-08-09T11:21:16Z"
             broadcastedTo="2019-12-09T11:21:16Z" runtime="1262150471" origin="live stream" alternativeTitle="gDIaLj_7FWhHmlCLvFQ"
             recordedFootage="339506340">
            <Participants>
                <Participant name="Xxl3Eus_wgXNJR5PEFxV" role="composer" IPDN="jaQ" performance="soloist" grossFee="-891292931.48"
                     modifier="B" IPI="iPlPaqc3" birthDate="2019-11-05"/>
                <Participant name="alfzRk.B8Q" role="producer" IPDN="HCVL41DE_x" performance="main" grossFee="1470202683.20" modifier="B"
                     IPI="cc1Q" birthDate="2018-09-21"/>
                <Participant name="fXR7WRhCBnxKrj3v2utoTrW9W6U_3b" role="scriptwriter" IPDN="eSeBr" performance="main" grossFee="-2025445780.09"
                     modifier="A" IPI="Bfk2wBwSqwk8emu_I5_hi6f" birthDate="2018-09-18Z"/>
                <Participant name="_BOVFl4rzW2VyMPIu" role="music director" IPDN="lODQr4hNmIDCGe6FBF5SoTKu" performance="supporting"
                     grossFee="-632678982.02" modifier="C" IPI="Gp-vvX" birthDate="2020-01-23Z"/>
                <Participant name="bjr" role="producer" IPDN="fAmHmxy3_1.3jyBz5oXhX9YaPRcH4j" performance="conductor" grossFee="-1887797956.02"
                     modifier="A" IPI="zYzd1" birthDate="2018-09-24"/>
                <Participant name="QASF7n6IqtXvjOOBH9H" role="remixer" IPDN="mNzz1xJ" performance="main" grossFee="-1850662105.82"
                     modifier="B" IPI="tJdHMGTbbE" birthDate="2019-02-10"/>
                <Participant name="JLtwLCPrvECGZgl" role="sound engineer" IPDN="FkUfRzD" performance="soloist" grossFee="1684338295.16"
                     modifier="C" IPI="mFU_z.SW4INQWX.ZWOa" birthDate="2018-11-16"/>
                <Participant name="sZgG_Ev07N.ykQso_cTvKBEVU" role="subscriptwriter" IPDN="uXGK-5AT-3iJ8r-4Wb7GexI39MIso" performance="supporting"
                     grossFee="-2116936063.66" modifier="C" IPI="MF6Y3mnwxJfz.g" birthDate="2020-06-08Z"/>
                <Participant name="MSp" role="music director" IPDN="V9yAM" performance="main" grossFee="-568267008.85" modifier="A"
                     IPI="_mHpDr4K" birthDate="2018-10-29"/>
                <Participant name="v" role="arranger" IPDN="irqhatn8zqRSf8oh-d8" performance="conductor" grossFee="-464742481.65"
                     modifier="C" IPI="D3Kc7tU5vP" birthDate="2019-07-29"/>
            </Participants>
        </Record>
        <Record title="ev" spins="126409317" ISRC="657X1QF5KBG7" year="4076" producer="ehNWuMe1Q6" label="jts47EX0zw9NM60.C"
             recordNo="FO-AiZLR8wU_TUI" serialNumber="JXKNLH" isPremiere="true" usage="jingle" ISWC="N.AipxlZmABlPtstNS1"
             AKA="IZ6RInuV6slK5vmA5Dyqcm8eoC" genre="jingle" broadcastedFrom="2019-02-08T11:21:16Z" broadcastedTo="2019-04-07T11:21:16Z"
             runtime="1564492658" origin="commercial" alternativeTitle="L" recordedFootage="1080861637">
            <Participants>
                <Participant name="weljR_yAwIMzINYJgdjOx5lf7" role="performer" IPDN="cCNSi2BgB6QaGlVdl9" performance="conductor"
                     grossFee="-2104527105.33" modifier="A" IPI="kNLW24Vh_HmEukL" birthDate="2019-08-01Z"/>
                <Participant name="CxjEkhSYIwSPD" role="subscriptwriter" IPDN="Sol2" performance="conductor" grossFee="-2012520079.38"
                     modifier="A" IPI="z4p" birthDate="2019-08-01Z"/>
                <Participant name="La" role="arranger" IPDN="OaRLk_1nikWUG" performance="soloist" grossFee="-58537338.44" modifier="A"
                     IPI="QujkMVHD" birthDate="2018-07-13Z"/>
                <Participant name="C-92okRxSm2_oKFisSF41P_" role="performer" IPDN="hf9mDiFvOFK5" performance="soloist" grossFee="-1643349991.03"
                     modifier="C" IPI="wsHeBjdeMMbp-8sMGdv45THmwponF" birthDate="2020-03-04"/>
                <Participant name="W-30481zNQK43e" role="arranger" IPDN="H4_s1uYyGzRcjbrLwNQUEmlZ4" performance="soloist" grossFee="1269528604.18"
                     modifier="A" IPI="B-tnw5yZ3alR" birthDate="2020-03-03"/>
                <Participant name="s2vaE" role="subscriptwriter" IPDN="Rdfakc" performance="conductor" grossFee="-993088407.34" modifier="A"
                     IPI="zup-T" birthDate="2018-12-20"/>
                <Participant name="wLZ4voNXA" role="sound engineer" IPDN="l4BNXnScsfjIY_" performance="conductor" grossFee="494766353.03"
                     modifier="C" IPI="NFI6gyLT1QT5fAcsYemBWK07e" birthDate="2018-12-18Z"/>
                <Participant name="AoQlw3WGo" role="remixer" IPDN="YwhSg8i" performance="chorus master" grossFee="1928656919.42"
                     modifier="A" IPI="z3eW" birthDate="2020-04-23"/>
                <Participant name="Pt" role="remixer" IPDN="viA" performance="chorus master" grossFee="-1007778784.59" modifier="B"
                     IPI="BtG3ShSZKFGKN" birthDate="2019-01-11Z"/>
                <Participant name="eekqf9VkUuYqwONkcjlW9uDSdh" role="sound engineer" IPDN="hVCRsyhmCmTXTuo1VgMrfx" performance="main"
                     grossFee="374354918.09" modifier="A" IPI="ShyzL" birthDate="2019-08-19"/>
            </Participants>
        </Record>
        <Record title="MttNoL1U3iJkfk" spins="1052620875" ISRC="551BBV8HP4CZ" year="3015" producer="zy4" label="X" recordNo="Y7ByLg9o3olc"
             serialNumber="xxqKc1.e3x" isPremiere="true" usage="jingle" ISWC="tpTbqEbO" AKA="n1Zi9PJXAAeFCp.qyOK2kSZ"
             genre="commercial" broadcastedFrom="2019-07-09T11:21:16" broadcastedTo="2019-08-12T11:21:16Z"
             runtime="175345241" origin="live stream" alternativeTitle="MGS2rrufwfF2B.n" recordedFootage="498056678">
            <Participants>
                <Participant name="P" role="performer" IPDN="tnUG7z" performance="chorus master" grossFee="-515551162.42" modifier="B"
                     IPI="mW01BNRj_ZglfkYkECNR7mUh1" birthDate="2018-12-24"/>
                <Participant name="OvOBqMalLJl0aR2XVzBw6" role="producer" IPDN="K94T9wAGmoqTkAwr3dMPP-wVFbm2G" performance="chorus master"
                     grossFee="-1700599985.59" modifier="B" IPI="y" birthDate="2020-01-17"/>
                <Participant name="YemKIqQES_Ryc.5wgqb" role="music director" IPDN="v5KepJa3Q5gE69o1MPZDSwaOf" performance="supporting"
                     grossFee="-1741107856.96" modifier="B" IPI="UBM" birthDate="2019-11-10Z"/>
                <Participant name="ITlaFcUu6iqNby" role="arranger" IPDN="sPR1CF" performance="chorus master" grossFee="1643649813.82"
                     modifier="C" IPI="Mi4viw" birthDate="2019-04-29Z"/>
                <Participant name="eiz" role="subscriptwriter" IPDN="P1.xuGDh_z-akCEaVvFCn46-" performance="chorus master" grossFee="-1014515252.16"
                     modifier="A" IPI="P5lpN0SGA" birthDate="2018-07-04"/>
                <Participant name="VD" role="arranger" IPDN="dDuDSBn1NCOEx0" performance="chorus master" grossFee="1778561135.67"
                     modifier="A" IPI="wNrc" birthDate="2019-07-09Z"/>
                <Participant name="LNh.Lmc7" role="composer" IPDN="uqc" performance="soloist" grossFee="-15877964.55" modifier="B"
                     IPI="kIS6.2iu4TGdchqf7" birthDate="2018-10-28Z"/>
                <Participant name="UAegSVjeMha.sYxFDmB" role="scriptwriter" IPDN="YTUlMjwlQ" performance="soloist" grossFee="1421451140.38"
                     modifier="B" IPI="OQyzve" birthDate="2019-08-18Z"/>
                <Participant name="Ti49fZ" role="sound engineer" IPDN="EPINms" performance="conductor" grossFee="301905002.54" modifier="C"
                     IPI="ZSd7XkTNaL" birthDate="2018-12-19Z"/>
                <Participant name="T.vtc3fgtz_CZMfEh" role="remixer" IPDN="dXUeA.4sFE8yMgfrLyAEV" performance="main" grossFee="-1831650951.30"
                     modifier="B" IPI="mylhkIg8sh16uSBY.-Z0c" birthDate="2018-09-02"/>
            </Participants>
        </Record>
        <Record title="RNSQb" spins="1389064935" ISRC="6T1YI42A1A25" year="5538" producer="y-yEMAjbFUQFBd9hnkeNvuZxmfWu"
             label="tnFGuLyo" recordNo="j9jZduvcD6C" serialNumber="B" isPremiere="0" usage="commercial"
             ISWC="UOUjVELXIZC_uuAvxA7GWnteH" AKA="LMdBigX8EQIO" genre="spoken word" broadcastedFrom="2019-09-24T11:21:16"
             broadcastedTo="2019-07-15T11:21:16Z" runtime="1655581444" origin="commerce" alternativeTitle="TVwP6nGzTnBSbV8NdNTo_"
             recordedFootage="1114727444">
            <Participants>
                <Participant name="r43T9yJw1Zhb4ECp" role="music director" IPDN="GRHh." performance="supporting" grossFee="-637914494.51"
                     modifier="A" IPI="MnK2DN9-hKN2KhA.UuzTC1i" birthDate="2019-02-12"/>
                <Participant name="jGPiNbHdsjSZvN.0O5GLU8yxfWi" role="subscriptwriter" IPDN="r38bF6HLr" performance="soloist" grossFee="-518051368.00"
                     modifier="A" IPI="N6CT-MGVWpxzedfgMZNiCu_R" birthDate="2019-02-28Z"/>
                <Participant name="X3xZ5aKrbyLHrk.M" role="remixer" IPDN="Y9mktQ9CrLwxBOo" performance="main" grossFee="-167761684.79"
                     modifier="C" IPI="QDqW1y-DU" birthDate="2019-11-14Z"/>
                <Participant name="B7hNpFZ" role="subscriptwriter" IPDN="NOJkug3ImxhPtC0r" performance="soloist" grossFee="1768762382.51"
                     modifier="B" IPI="Jsl2kIS5dJm_Mib3BMhA1" birthDate="2020-01-29"/>
                <Participant name="Bk_.L8r-9FAfL0VyJHq" role="subscriptwriter" IPDN="WXiLIENHggK" performance="main" grossFee="-750559061.75"
                     modifier="B" IPI="s-9HYfY5_COMIgZHAbsWsAw6Xhns" birthDate="2020-05-11"/>
                <Participant name="buMDeoYMJcicn" role="music director" IPDN="Sd0GGpilYtO2EvK6aQ" performance="soloist" grossFee="-415900379.49"
                     modifier="A" IPI="dC9GsWjtLp-" birthDate="2020-05-25Z"/>
                <Participant name="NvJm2MGqcc0RhjKMM8f4nCBl" role="scriptwriter" IPDN="JiTKvkuq4HlctelJn" performance="main" grossFee="-2024640857.06"
                     modifier="A" IPI="lznBqzl_AnJiFapr" birthDate="2020-01-31"/>
                <Participant name="C7" role="sound engineer" IPDN="YOcVB3HA289OOiGjHrEuwP3WiC" performance="soloist" grossFee="147636821.43"
                     modifier="C" IPI="m_4IYx" birthDate="2019-03-21"/>
                <Participant name="sV-CYUXHWxgWw2of_WQKaNY" role="composer" IPDN="FvpN2aWXY" performance="soloist" grossFee="1963965940.60"
                     modifier="A" IPI="gy9Sud7fK" birthDate="2020-02-20Z"/>
                <Participant name="b7jozVvTz" role="music director" IPDN="HSFhCoSxPEfwPWoLFL8CdZP3" performance="supporting" grossFee="-1165093833.70"
                     modifier="B" IPI="y7rOWxr1Pbhd" birthDate="2018-07-25Z"/>
            </Participants>
        </Record>
        <Record title="l0sc4qaUPV" spins="1544310949" ISRC="71VOW3T02796" year="3295" producer="XFJWwBFqx529X6CK" label="zVhbTo"
             recordNo="ghlFcqEO5uHxe7_bwXgX" serialNumber="hhS9W6uM7.TG0Qkn4fqkmN" isPremiere="true"
             usage="broadcast" ISWC="Hcds5ZZTB" AKA="UH" genre="composed" broadcastedFrom="2019-05-15T11:21:16Z"
             broadcastedTo="2019-09-03T11:21:16Z" runtime="1086740341" origin="commercial" alternativeTitle="TJ"
             recordedFootage="1801340980">
            <Participants>
                <Participant name="af6J" role="arranger" IPDN="oXj_5-sIZ" performance="soloist" grossFee="1005013000.18" modifier="B"
                     IPI="O_1h" birthDate="2019-06-16Z"/>
                <Participant name="kU6Nt1dS5MLeWrJz.KNT" role="producer" IPDN="BPwwdUkZOd" performance="soloist" grossFee="240687361.00"
                     modifier="C" IPI="lM1xLi" birthDate="2020-07-02"/>
                <Participant name="vDieN_REEnu272-fW" role="arranger" IPDN="_ReH35_ssqTmRRs841DrGv" performance="supporting" grossFee="-222265296.50"
                     modifier="A" IPI="sfCbGQ1kBi2FgOtLQvUCJQySce" birthDate="2020-04-01Z"/>
                <Participant name="OvuhLf52FxdFRXFTX6pBOD" role="music director" IPDN="GeXIaZ80MAgJMeUhafX5HXBoJFMekA" performance="chorus master"
                     grossFee="-2059545684.47" modifier="C" IPI="J4Gn" birthDate="2019-08-13"/>
                <Participant name="ain1VpqeuXHy_6Bjf3n8JKk" role="subscriptwriter" IPDN="QOvAiMOSu12lqoZug-ow_Ua" performance="supporting"
                     grossFee="-1351998008.05" modifier="B" IPI="iS7NrWBK8wg2WuhF8i3jE" birthDate="2019-01-21Z"/>
                <Participant name="EKvEoT3iSDnJm2" role="composer" IPDN="E2" performance="main" grossFee="2079519320.40" modifier="C"
                     IPI="RAkpyAVfq3Ud4RpqyNP.qlNh3FLj" birthDate="2019-07-19Z"/>
                <Participant name="I3diWtO__VXql" role="composer" IPDN="Dyb0-uQUoye.Q_vBuXhFx80hWNF" performance="chorus master"
                     grossFee="-957476762.12" modifier="C" IPI="Rix8sk" birthDate="2019-09-01Z"/>
                <Participant name="VR7x6eOQ-JE6UMgz" role="music director" IPDN="qQz3bDZbEeDNbK1SPM_gis" performance="chorus master"
                     grossFee="1611813284.24" modifier="A" IPI="i9h53u" birthDate="2018-12-02Z"/>
                <Participant name="ciEii-Rh7p248p467iC.M" role="composer" IPDN="U-OVLv0EGtCk" performance="chorus master" grossFee="1561784154.79"
                     modifier="C" IPI="GmHgDvL5UNW2eZuMx" birthDate="2019-04-18"/>
                <Participant name="UndPRrKNF7Zu2r3fxI2" role="arranger" IPDN="WBBBiZ3XzTw" performance="main" grossFee="761058810.31"
                     modifier="A" IPI="PC30TaeYxZokD.WP" birthDate="2020-04-09"/>
            </Participants>
        </Record>
        <Record title="s2qcRPKzcNv4xiZj9ORNi" spins="501919339" ISRC="2K17703CO2X6" year="7998" producer="I6E2eoFOQ11Rcvwc1QM0cY"
             label="fF4rHubUTpBWfzYvJidl1V" recordNo="Ht.DkpgBalXz" serialNumber="KkcuJtSw40olU.qibZQFRS"
             isPremiere="1" usage="jingle" ISWC="_qtxW6MlSHQ7TmYWiOAGGgKmVqs6Cq" AKA="ujnHmSk2H7.Ad"
             genre="composed" broadcastedFrom="2019-04-05T11:21:16Z" broadcastedTo="2018-07-11T11:21:16"
             runtime="1805427386" origin="free of charge" alternativeTitle="a0XzJ2_6G-" recordedFootage="242067012">
            <Participants>
                <Participant name="ZiTQbRn22iB3I1.AR" role="producer" IPDN="r1BNMNEZjG7QHgaZ" performance="main" grossFee="-234762791.32"
                     modifier="A" IPI="kdDkEVTRUyTwMz9MlOI9He58UW2_Zm" birthDate="2018-08-08Z"/>
                <Participant name="vt4zqV5B5MC" role="scriptwriter" IPDN="hQvufFWosY..fEFdYzycDr-I" performance="soloist" grossFee="-2113568324.27"
                     modifier="A" IPI="t_2hq44GhPLbfy5O" birthDate="2020-06-14"/>
                <Participant name="gTMd_L4O3QM" role="scriptwriter" IPDN="b" performance="conductor" grossFee="1512939476.43" modifier="A"
                     IPI="KaxODx" birthDate="2020-04-24Z"/>
                <Participant name="on4.lQNWAa6Me04mtRxdOqdBs5" role="producer" IPDN="d.Vq_uD3r.nCN" performance="supporting" grossFee="108617767.00"
                     modifier="B" IPI="vuJc" birthDate="2020-06-12Z"/>
                <Participant name="NJYB3CS1-rBrfL.irNxCH4VX" role="remixer" IPDN="pznSaViY2ruD04h-8BOPR3xIUx7go" performance="soloist"
                     grossFee="-1457716829.77" modifier="B" IPI="stt" birthDate="2020-01-19Z"/>
                <Participant name="rx11r6-AIbDt" role="composer" IPDN="yXeQAZRrE1JNjDmTjLQjn" performance="conductor" grossFee="-1599946588.57"
                     modifier="C" IPI="fVN4kpQg8Cf3fZ9_lfw-xU5zKkWVm" birthDate="2018-08-29"/>
                <Participant name="Z2max11PyTg9w8bM" role="performer" IPDN="YzERfh7u0iB7aGSHr-SJ" performance="conductor" grossFee="-338156188.11"
                     modifier="A" IPI="GUGFK83JIErFPxIrku3q47YbC" birthDate="2019-10-19Z"/>
                <Participant name="LU90" role="music director" IPDN="SJUNM67S9Cox6ubkapd" performance="supporting" grossFee="1917655277.93"
                     modifier="B" IPI="IyQwvRaF" birthDate="2019-01-15"/>
                <Participant name="FN.gd1Pxz3MhPcRU2o5WGdGP-c" role="arranger" IPDN="ZWQB0wGaVJkjhcyQGlK" performance="conductor"
                     grossFee="-1250319509.89" modifier="A" IPI="Xjbm2E_Fn1XtNiwgbigK" birthDate="2018-12-05"/>
                <Participant name="ubj51ip7yH" role="producer" IPDN="d2Ba7KYohdY.grN" performance="supporting" grossFee="-329183184.42"
                     modifier="B" IPI="P_7fGR46iptzDE65YjJb.._8Q" birthDate="2018-10-27Z"/>
            </Participants>
        </Record>
    </Record>
    <Record title="_AyanSAPvObgXmH0" spins="338264590" ISRC="9DWJS85HEIM9" year="5798" producer="bgWys9nNAldAY"
         label="H_WEuf9H9XvVVm8hUkDIcSA" recordNo="KamaIPCi3Ze3SxHQEAHRf" serialNumber="IAmxUcY6dNQop5czU0eqk"
         isPremiere="0" usage="broadcast" ISWC="uGrehE2SA-7Q9rDMxL2MQfe" AKA="hx2KcEe8SGd930ioO" genre="classical"
         broadcastedFrom="2018-12-10T11:21:16" broadcastedTo="2018-07-18T11:21:16Z" runtime="2132233238"
         origin="recorded stream" alternativeTitle="A5ntRVDEe" recordedFootage="1415228261">
        <Participants>
            <Participant name="xoUZ0A_xCeKmptdoe3ZLu4VVO0-xxQ" role="scriptwriter" IPDN="ktQkK1rLVelIQoQpvTCx55..pH5.2" performance="supporting"
                 grossFee="-689778296.01" modifier="B" IPI="Cl0dndvxMWrHtkxB4o2" birthDate="2019-07-18Z"/>
            <Participant name="hAzhcqTaq9CPul0At0lFlg9Sx9sGI" role="arranger" IPDN="eDmf" performance="supporting" grossFee="-1731694727.74"
                 modifier="C" IPI="kgWkW3F5onuJDDRwsxN8cTM84sIlt" birthDate="2020-04-13Z"/>
            <Participant name="M02" role="scriptwriter" IPDN="IJCPxFHBne0hJf44" performance="conductor" grossFee="-2081754857.84"
                 modifier="C" IPI="qLcH.0n.1VHQYhn" birthDate="2020-04-21Z"/>
            <Participant name="q9xgO4SLiIt_LU5Id" role="remixer" IPDN="_416PNd4UZEmBUZNL9Ha" performance="conductor" grossFee="-341137314.82"
                 modifier="C" IPI="vEPSOT" birthDate="2019-05-18"/>
            <Participant name="rBt6GH.N8.py" role="producer" IPDN="JJLv98AFYPQO." performance="conductor" grossFee="-207211418.89"
                 modifier="A" IPI="sUC2l-6" birthDate="2019-11-07Z"/>
            <Participant name="mC_uJFxReUjdrM13AaW-u5cx" role="scriptwriter" IPDN="jCIr9" performance="soloist" grossFee="-552914702.36"
                 modifier="B" IPI="_xK4WqOxYtlA6caKWc" birthDate="2020-02-02Z"/>
            <Participant name="jiAU" role="composer" IPDN="WQDxLmmCXv-H0cl" performance="soloist" grossFee="-1394783327.44" modifier="B"
                 IPI="B4L5ETuR-vOkf0" birthDate="2020-05-03Z"/>
            <Participant name="TFYXyVJ5KFGYlZBKdk451sQiNj" role="performer" IPDN="A.3SpwqzBp.jbYKSOGvTeb" performance="conductor"
                 grossFee="-581768889.36" modifier="C" IPI="S" birthDate="2019-09-16Z"/>
            <Participant name="WxUNuRXFzSJFh8YKgJT_wIOFgCL" role="remixer" IPDN="E1OqFPUTm62wWbjdz8ExPlDouFEW" performance="main"
                 grossFee="-1212571641.69" modifier="B" IPI="axuCg41FAre4ukv" birthDate="2019-05-24Z"/>
            <Participant name="U.KKp3" role="producer" IPDN="uJu1wuP8CWA7zj1iCQVYitXw" performance="soloist" grossFee="2127005650.97"
                 modifier="A" IPI="J0m05mIcUlvbVVvjMP2c3u" birthDate="2019-03-01"/>
        </Participants>
        <Record title="amcCWNZ89ygsIAbhRuiqx6yg2" spins="962607757" ISRC="CJGT53084A2D" year="3324" producer="o9FyD_5KAOtRFCM"
             label="qg3B2KBSPigmrpI0QIRIExDWIXy" recordNo="D" serialNumber="CwIajtKheviKZ.kl" isPremiere="false"
             usage="commercial" ISWC="r9GD4a6kI3.o" AKA="iGTuVOHHDjWprei72jWRvYuDu7eIP" genre="commercial"
             broadcastedFrom="2019-06-22T11:21:16" broadcastedTo="2019-01-12T11:21:16Z" runtime="1670476824"
             origin="live broadcasting" alternativeTitle="DxZLVvQN" recordedFootage="1610135758">
            <Participants>
                <Participant name="Z-kyb3D2hlrNr" role="arranger" IPDN="BqHbViz" performance="supporting" grossFee="-1420759337.98"
                     modifier="A" IPI="gX.ulya-yzP_7u6lYX.WtLyt.2Vc" birthDate="2020-01-11Z"/>
                <Participant name="KhV3M.aITHVRsrol7e" role="sound engineer" IPDN="cQ_gtD9PK4-F" performance="chorus master" grossFee="1836062673.75"
                     modifier="C" IPI="_KCYxaCEdb872T3JLNsE-0NfT" birthDate="2019-01-08"/>
                <Participant name="VQihh04ook1U4cZ" role="sound engineer" IPDN="NTnDMsv" performance="supporting" grossFee="-1735178990.95"
                     modifier="A" IPI="etA8DQc0" birthDate="2019-02-05Z"/>
                <Participant name="E10" role="arranger" IPDN="E.g" performance="main" grossFee="1460034110.14" modifier="B" IPI="aM_fJ2"
                     birthDate="2019-09-09"/>
                <Participant name="T.5SeJQ.sMLSD" role="sound engineer" IPDN="RBjG_yGYSMz2E.XtsZE18t" performance="main" grossFee="-1082996751.03"
                     modifier="A" IPI="mpPH" birthDate="2019-01-10"/>
                <Participant name="BOYicEMTx_-TsAJ" role="scriptwriter" IPDN="yTJv0oKwI7tQjAKd4ev6zanU" performance="soloist" grossFee="132606323.27"
                     modifier="C" IPI="CSBxn4sTXKaU1eyOxGBDeog" birthDate="2019-01-11Z"/>
                <Participant name="U.qyzKTnGxvb_" role="remixer" IPDN="gB8SdWgC7jEcTTuby9kKy69T" performance="conductor" grossFee="-1180473787.99"
                     modifier="B" IPI="lod2RQ.Yz5MYW" birthDate="2020-05-21Z"/>
                <Participant name="xExqOxwQcdt" role="music director" IPDN="iEHcE-nnpZ" performance="chorus master" grossFee="1121903139.05"
                     modifier="B" IPI="LGJ3qYs5F_pqkzAQmZNeK8o6" birthDate="2019-08-10Z"/>
                <Participant name="Ie" role="performer" IPDN="yXLTj_-wo9gVfjXhfH" performance="conductor" grossFee="1501436144.51"
                     modifier="C" IPI="NqPa6r9R6" birthDate="2020-04-17Z"/>
                <Participant name="moj" role="composer" IPDN="L7nBzexnEwAk.As8J3Wv" performance="main" grossFee="-587988756.66" modifier="B"
                     IPI="qD0V1DSGbCkgoVcHSHb5IAj" birthDate="2018-12-18"/>
            </Participants>
        </Record>
        <Record title="DB-uQH0XQS8Sq2laMxnHIJ" spins="765239556" ISRC="B906R85U50LQ" year="2210" producer="xcJew.1cmUav22726U8"
             label="Q3aw" recordNo="nPB5dmFTR4eSNim7DPoe" serialNumber="xhInt1Fm8qoKCf" isPremiere="0"
             usage="jingle" ISWC="uFyGFEY5vBk5ZBTqn7Olian-4VEC.J" AKA="upCOMM0" genre="pop" broadcastedFrom="2018-10-23T11:21:16"
             broadcastedTo="2019-02-10T11:21:16Z" runtime="1167710270" origin="live broadcasting" alternativeTitle="yglw"
             recordedFootage="803298870">
            <Participants>
                <Participant name="BeuJ2-a_IKY-4JdJtmUMy" role="subscriptwriter" IPDN="k3nAJ9Zx" performance="chorus master" grossFee="560165258.25"
                     modifier="C" IPI="LGWrnD9" birthDate="2019-12-28Z"/>
                <Participant name="_n.HH4XrifJQJtFmDNjBJU31t" role="producer" IPDN="lXDSfwB1hF30uyc1ZuQp4G1z80rZ" performance="supporting"
                     grossFee="-1002859766.75" modifier="C" IPI="SHx-cE" birthDate="2019-09-15"/>
                <Participant name="zeVgwONb3QmQGx5CtUZ7dDKVmc" role="scriptwriter" IPDN="LL7aa04u2lI1ivkzc-" performance="supporting"
                     grossFee="-1794007248.51" modifier="B" IPI="a0MqqgNDd97CE" birthDate="2019-12-21"/>
                <Participant name="tllYRnVeMiJcPFQguP3kEcCQq3Jl" role="performer" IPDN="ejEc2EXcIeHxh8hElXrT_F2O2E3m" performance="chorus master"
                     grossFee="1250495472.93" modifier="A" IPI="Yx9J9crGUsip09ZJoalqXSaKbNgRFx" birthDate="2020-04-03Z"/>
                <Participant name="Hm_8lrTexaZGAS8" role="composer" IPDN="WpS9gXyTlBXT8hd" performance="conductor" grossFee="1454097127.41"
                     modifier="C" IPI="TZPe4-" birthDate="2018-10-21"/>
                <Participant name="plTQ9bsfgsiiihG9Jy" role="performer" IPDN="psp_eF7xgRPXdCgRjDIcRJfsgD" performance="supporting"
                     grossFee="1139279964.77" modifier="A" IPI="eb_Y4uic5iGzLLmRlaIE" birthDate="2019-04-18Z"/>
                <Participant name="lHDwLoLzK" role="scriptwriter" IPDN="s6JJI66" performance="chorus master" grossFee="518840435.33"
                     modifier="A" IPI="Xxeez-GSub" birthDate="2019-06-18Z"/>
                <Participant name="gjuno_KpdpUp1MQ" role="music director" IPDN="VCtarl6WFB" performance="conductor" grossFee="-1761130725.49"
                     modifier="A" IPI="Lp" birthDate="2020-04-05Z"/>
                <Participant name="fCOUo" role="music director" IPDN="PTmXL" performance="main" grossFee="-1729792377.64" modifier="B"
                     IPI="cQmoR.yBzu5fkF55gXiUyiekgnx" birthDate="2019-05-20Z"/>
                <Participant name="KYoPokcWoGrJyzsYnDwGAzSKpj" role="music director" IPDN="lReoih0gEBw.P2AvIkXqR" performance="soloist"
                     grossFee="1431131808.58" modifier="B" IPI="Q7bJd2X0pmGj.ny" birthDate="2019-03-31"/>
            </Participants>
        </Record>
        <Record title="Q90VmRAEE7vThSvxz0ESnjHO4" spins="1035817214" ISRC="Y9GW2UYQIDC2" year="7763" producer="o-KFwX1JfR7VyC1nx3y_Eo.TAk6y0"
             label="jJyCnElS" recordNo="X-Ad_12DWZZldKZl9._g25" serialNumber="IIhUM" isPremiere="0" usage="jingle"
             ISWC="c16MR.zA" AKA="D" genre="pop" broadcastedFrom="2019-10-13T11:21:16Z" broadcastedTo="2020-01-10T11:21:16"
             runtime="512638286" origin="free usage" alternativeTitle="ZuwwYTBvVSk0jW4fQlTe5I." recordedFootage="1562785551">
            <Participants>
                <Participant name="qrb8" role="producer" IPDN="SJJp2BUr0ZPBmhb" performance="soloist" grossFee="1567219814.14" modifier="A"
                     IPI="gTmxhzDxcZLFcm7hQWpkukVXaJ-RgZ" birthDate="2018-11-22"/>
                <Participant name="EPDzxuOE" role="subscriptwriter" IPDN="NBAF9_v8gRPWOKHadVAFW3Gt" performance="conductor" grossFee="1860072889.48"
                     modifier="C" IPI="AlRF89zO7Ughqr.T0607bzfD_K" birthDate="2018-07-26Z"/>
                <Participant name="eX8OUrbsmp.Db" role="arranger" IPDN="J" performance="soloist" grossFee="-181625589.15" modifier="A"
                     IPI="b5" birthDate="2018-09-10Z"/>
                <Participant name="AJ7VYVtGBvYVxDLtbEKAqrNkwYwao" role="performer" IPDN="YXZE.zBmDa" performance="supporting" grossFee="-224609408.09"
                     modifier="C" IPI="em_8V7O4Z3H8m" birthDate="2018-08-04"/>
                <Participant name="aDh87" role="producer" IPDN="yka" performance="supporting" grossFee="324216924.20" modifier="B"
                     IPI="fMMp" birthDate="2018-12-03Z"/>
                <Participant name="WDQxaJD7" role="remixer" IPDN="vBzsuJFuQSH" performance="chorus master" grossFee="-1001575332.02"
                     modifier="A" IPI="lqln1gu3hW3e8OVtFx8jl" birthDate="2019-04-20Z"/>
                <Participant name="htP86vy" role="arranger" IPDN="jaASfz07OrdAATnenDZDU" performance="chorus master" grossFee="-638360014.51"
                     modifier="C" IPI="tEwqSf9K" birthDate="2019-07-30Z"/>
                <Participant name="m9qOzFwQAhp0M80nlcpU0tt-Q" role="music director" IPDN="UwOFm6kIOAh5_WR" performance="supporting"
                     grossFee="1395689126.58" modifier="B" IPI="UyeRnMXYc" birthDate="2019-10-12Z"/>
                <Participant name="JBgMj2lO0X0" role="sound engineer" IPDN="O4PNpw9u8cswkN2ZFB" performance="soloist" grossFee="1306669800.69"
                     modifier="B" IPI="z_rzXa8YQ6SMSWRrh" birthDate="2019-09-19Z"/>
                <Participant name="qdNp.rN2" role="sound engineer" IPDN="_Nnf9j05W7.ccl1f8L02CKhuVR" performance="main" grossFee="-1937828348.06"
                     modifier="B" IPI="lnqjK-z30" birthDate="2020-05-31"/>
            </Participants>
        </Record>
        <Record title="QrTa1" spins="1962136281" ISRC="K8DI08L67LY9" year="7203" producer="buD01V1Q3jvk1OYTCtxzdmA"
             label="lUvhp8k9PaRqsn_H1l3mC_N" recordNo="iie1_-plYb5hngSjRT-kyHghNvS" serialNumber="gvBqJb801SE.saaDOV8G"
             isPremiere="true" usage="jingle" ISWC="vJJgjlMBqJ7w49" AKA="jGwHzunYV6ZJ-6tWYnJyTA" genre="pop"
             broadcastedFrom="2019-02-10T11:21:16" broadcastedTo="2019-12-15T11:21:16" runtime="256051892"
             origin="commercial" alternativeTitle="Lqj76Hkgbw.M_X8.y2K3MrBqr" recordedFootage="512018736">
            <Participants>
                <Participant name="hZ-llyPR101JXFEtV" role="producer" IPDN="VedgdDFJFI" performance="conductor" grossFee="-381966996.72"
                     modifier="B" IPI="mVqGVhmMrht_ddch2B" birthDate="2019-04-29Z"/>
                <Participant name="FaUhj..ixOuMTh" role="composer" IPDN="dmiwB8Th-" performance="supporting" grossFee="-1684086046.22"
                     modifier="A" IPI="NVW" birthDate="2018-07-11"/>
                <Participant name="d_X" role="scriptwriter" IPDN="bw683HOwR-zlcQ8ix_Bb1cmYq6GIVB" performance="conductor" grossFee="274937119.56"
                     modifier="B" IPI="vlHIp3lf2QIH9RS8JYdjbrpmkT_Nn" birthDate="2020-04-22"/>
                <Participant name="GLqeDykZa9X9Fn-X3rxgD" role="composer" IPDN="jc" performance="chorus master" grossFee="1193913171.21"
                     modifier="A" IPI="KW9dO4CxV_2Q4VMAxjnrEt" birthDate="2019-11-07Z"/>
                <Participant name="AorrYo_JDZSSEQzRHWOCR" role="sound engineer" IPDN="xvlhntVY-.1KbC8vIeCGTJP6wmu" performance="conductor"
                     grossFee="-1798388679.29" modifier="B" IPI="nlw28" birthDate="2019-08-08"/>
                <Participant name="J" role="sound engineer" IPDN="SpMdat" performance="soloist" grossFee="1952180742.63" modifier="C"
                     IPI="gcr6znrbJA" birthDate="2019-03-29"/>
                <Participant name="AIun" role="remixer" IPDN="ZcA01Q" performance="soloist" grossFee="508793481.46" modifier="B"
                     IPI="oDuqTgXswKci8z67tI_cbp28Kc3n" birthDate="2019-05-29"/>
                <Participant name="sUR1hCG.BSKWLup" role="sound engineer" IPDN="Gv8hkpchnBy5Rq4-WjToYkaVKga" performance="conductor"
                     grossFee="1292409147.72" modifier="C" IPI="Mj" birthDate="2020-02-27Z"/>
                <Participant name="HRyb98i" role="scriptwriter" IPDN="Kr" performance="soloist" grossFee="264700456.29" modifier="A"
                     IPI="imsi18n_dT36HtLvZeOqYpKVpWgwl" birthDate="2019-06-19Z"/>
                <Participant name="rN" role="subscriptwriter" IPDN="Oge9ZXqWAdti8Xn.UyqW_re4K_" performance="soloist" grossFee="1705421924.94"
                     modifier="A" IPI="ibTagDwivVR9qtYg" birthDate="2020-03-02"/>
            </Participants>
        </Record>
        <Record title="FIQbULF.yfVH32CzJbl7baU" spins="1606166765" ISRC="VS3F8DSM224U" year="4675" producer="HTgEhO6u-CdYNuxow3uj-U-t_B"
             label="xuIFjfFEGFTH" recordNo="C5EE1AhizuObmL" serialNumber="hihy.Mr.dtqzlcwb6-JBU-ef9v"
             isPremiere="true" usage="jingle" ISWC="Bh2M6Uaz" AKA="CwzpToZapSrjt2gSp" genre="spoken word"
             broadcastedFrom="2019-03-10T11:21:16" broadcastedTo="2020-02-27T11:21:16Z" runtime="1950947301"
             origin="free of charge" alternativeTitle="ahVtBQ2ySpFQjYF8klGYPx-Ih" recordedFootage="1579857652">
            <Participants>
                <Participant name="JA01ZaykDM6k..Pt" role="arranger" IPDN="MSFZwCwXRQYJ4aUlAiu" performance="conductor" grossFee="662718581.54"
                     modifier="B" IPI="l" birthDate="2019-10-13"/>
                <Participant name="dKFTzKfPHz75f" role="scriptwriter" IPDN="lENMEaclaZ0yvxE_4q0wFJQGRKx" performance="chorus master"
                     grossFee="-1241446826.86" modifier="B" IPI="wGnKbbQV7RGeL-naTNv-0THgn" birthDate="2018-09-29"/>
                <Participant name="M.7EnVVhsEPRmuVr" role="music director" IPDN="_bkORei6" performance="chorus master" grossFee="1593948209.92"
                     modifier="B" IPI="a" birthDate="2020-07-02"/>
                <Participant name="gCnN8CC0rWMOivxpxCaFbGahm8k5" role="subscriptwriter" IPDN="CkwWqdD" performance="main" grossFee="-253676221.23"
                     modifier="C" IPI="RjsNIynZmddvGrEg" birthDate="2020-01-15Z"/>
                <Participant name="AFKNAQbnX7lSQPhTl3z" role="sound engineer" IPDN="Lf" performance="soloist" grossFee="-103179079.60"
                     modifier="A" IPI="FgGHaN5ApdQbbiab1ziqXvH4Vl8E" birthDate="2020-04-13Z"/>
                <Participant name="Jc3P-1gt-wKGAgVtP._" role="scriptwriter" IPDN="uJ3Pw-wVoW" performance="main" grossFee="-345421669.39"
                     modifier="B" IPI="m.b.M" birthDate="2019-06-02Z"/>
                <Participant name="Ys7bXXIkowu8FEWc4Xg" role="scriptwriter" IPDN="ikbz8IWPOV5JOg5oEiAi" performance="main" grossFee="-1622745692.78"
                     modifier="C" IPI="i9sHbaH.aaT7QEQ1SX1E4cnDkOB" birthDate="2019-02-18Z"/>
                <Participant name="C6" role="performer" IPDN="QNs.qc8kj" performance="conductor" grossFee="1126617029.21" modifier="C"
                     IPI="dynmMwTHTgl7X2VzNaY" birthDate="2018-10-15Z"/>
                <Participant name="l" role="producer" IPDN="L_6YvYi11Msat6k" performance="supporting" grossFee="1281640744.66" modifier="A"
                     IPI="wjDJpv" birthDate="2020-01-01Z"/>
                <Participant name="c4NAxogwC-AjrZhDkC" role="remixer" IPDN="b5W0Yw_gqp3ZDd" performance="main" grossFee="-1020949533.50"
                     modifier="B" IPI="qfrVFgyDsxZrBuxUtKv" birthDate="2018-10-17Z"/>
            </Participants>
        </Record>
        <Record title="hJUcoJi-klq" spins="311434396" ISRC="122OUC666060" year="5033" producer="xffM" label="XQbiP36TO00TmADmU.uxTFIJ.E2"
             recordNo="IepvVy.1KK-WF6Qmnwb.QhOsXh" serialNumber="Lepm6" isPremiere="1" usage="broadcast"
             ISWC="GYIV9iak" AKA="Kw" genre="classical" broadcastedFrom="2019-08-25T11:21:16" broadcastedTo="2018-08-12T11:21:16Z"
             runtime="1965881724" origin="live stream" alternativeTitle="PXusH_REOKzp" recordedFootage="1561403509">
            <Participants>
                <Participant name="r_rNY2bdJ7zIF8rGUm6eJRf-lYCq0Y" role="music director" IPDN="V_G" performance="chorus master" grossFee="-578613887.93"
                     modifier="A" IPI="NYQfT78a" birthDate="2020-01-10Z"/>
                <Participant name="pE5km.jhLuY1vwfm" role="performer" IPDN="oYXqLEz6p" performance="chorus master" grossFee="2080716894.12"
                     modifier="C" IPI="ajw7AIaq60E" birthDate="2020-07-01"/>
                <Participant name="u.SEy3kOVy5s4X1Z_2Aq8qEmYu" role="remixer" IPDN="B-2571.iB1w.xXgd2IaRj" performance="main" grossFee="451232519.98"
                     modifier="A" IPI="h2S2mIQ_OmZrj8Q" birthDate="2019-04-04Z"/>
                <Participant name="sTJlJCM-ZQR4w.Kw6A0y" role="remixer" IPDN="W5tHWHla" performance="main" grossFee="-297813712.68"
                     modifier="A" IPI="Im4130hxyApVoU" birthDate="2019-10-03"/>
                <Participant name="UlGg-nA9mJrnSdM40ZXfWgt" role="remixer" IPDN="QWiJE9ROXoyHF39qCamhUH-HotaJct" performance="soloist"
                     grossFee="347818028.53" modifier="B" IPI="ATMYRS7JFKZ3xk188SexkO-tk" birthDate="2019-04-28"/>
                <Participant name="llkGNrhgZuoMIW0krkVmI" role="subscriptwriter" IPDN="rLJAB" performance="soloist" grossFee="-424426510.68"
                     modifier="C" IPI="OO_6XSnAHQjP6VpI6uepeFJ" birthDate="2020-06-29"/>
                <Participant name="kcMv7q5GThmSvZCuO2CN7KkxDHY" role="music director" IPDN="lZoy8xzxj3" performance="main" grossFee="1431477544.71"
                     modifier="A" IPI="L" birthDate="2019-06-18Z"/>
                <Participant name="QpYoGZ5v2REdl9" role="subscriptwriter" IPDN="IqmmBL_AmB3w_" performance="soloist" grossFee="1132416134.68"
                     modifier="B" IPI="s2HIQNxC.qyXVVbxJ1i-g4UB-xO" birthDate="2018-11-17"/>
                <Participant name="a3nlS42RS27lp_C" role="remixer" IPDN="LpzI_u155HZunv" performance="conductor" grossFee="1744961664.49"
                     modifier="A" IPI="oTuk7JI_zQt5" birthDate="2018-12-02"/>
                <Participant name="XdASDglFKtIMncGgQP..gVHpSRMYx" role="arranger" IPDN="KnaGaWO6i7vHVnTCb7" performance="main" grossFee="-236555187.45"
                     modifier="B" IPI="VWvy9zWv9Sy68QAe7HblyzbPir6gFv" birthDate="2020-05-08"/>
            </Participants>
        </Record>
        <Record title="s" spins="560650000" ISRC="R4W8P6IO9K7O" year="5318" producer="MY0zp02rkYB77vcDHB5i06WH" label="OLq8zAQQevMf1gGlaV0GPjXH0krihe"
             recordNo="R_dfcWSGd7sfaPBAf-Og8bWxc.0" serialNumber="fYwkJhDfRv.LGqmp9ih" isPremiere="true"
             usage="broadcast" ISWC="nT" AKA="HB-F-sLMBu2uSKt" genre="pop" broadcastedFrom="2020-03-10T11:21:16"
             broadcastedTo="2018-11-22T11:21:16" runtime="954575397" origin="recorded stream" alternativeTitle="IajunTATeevZLxlk9H2pK."
             recordedFootage="2008912144">
            <Participants>
                <Participant name="JNRZPeh" role="composer" IPDN="W6aYpyL2sCQAjcafbCi" performance="supporting" grossFee="-750035868.34"
                     modifier="B" IPI="FI6A-uLb9bqwZhFAYDvnHpL0" birthDate="2020-06-16"/>
                <Participant name="Yqe" role="remixer" IPDN="DqPN8sFC2_qilGlBn" performance="soloist" grossFee="510601805.90" modifier="A"
                     IPI="pg85yfpu" birthDate="2018-11-01Z"/>
                <Participant name="xtU" role="producer" IPDN="AyFYK2urWayJl6X6Ao" performance="soloist" grossFee="1302845153.47"
                     modifier="A" IPI="bX" birthDate="2020-02-27Z"/>
                <Participant name="SuDPs49Wd6jxotuVas" role="sound engineer" IPDN="wdX2Fn1w04DV8GgygsvqMHJzOAZj" performance="chorus master"
                     grossFee="-989551470.17" modifier="B" IPI="YEt" birthDate="2020-03-26Z"/>
                <Participant name="ZhLOxLYQ86lUd-HzUUEKb17jT42ZT" role="sound engineer" IPDN="qjedee_d1i47YN7v3D6la_" performance="chorus master"
                     grossFee="385070588.82" modifier="C" IPI="pzk_-TgjQXZGK59esIDi4CyWJw" birthDate="2019-04-15"/>
                <Participant name="vNyZSh_" role="music director" IPDN="ONGSne" performance="soloist" grossFee="-2018676978.87" modifier="C"
                     IPI="EnQJi" birthDate="2019-08-21"/>
                <Participant name="adAbK" role="producer" IPDN="hDkWTOxEh-.fQgRYWEPf4" performance="chorus master" grossFee="-2052326410.77"
                     modifier="A" IPI="lTtHdxEz07I0BnHwt.mYYTNxD" birthDate="2018-12-23"/>
                <Participant name="Cqf_mB9PnbQAHJzTz9u6.bv" role="music director" IPDN="cp1qudtdFZgYXCGdUaBY.K" performance="conductor"
                     grossFee="798096522.32" modifier="A" IPI="WPsdIAkQ0.uYdjUJ-qD" birthDate="2019-05-22"/>
                <Participant name="CpnU74Bctpom" role="composer" IPDN="NbhxpN45" performance="chorus master" grossFee="1603234932.33"
                     modifier="A" IPI="xhrzT5Cw4U4NfN50UdhslD" birthDate="2018-11-17Z"/>
                <Participant name="OrD3uxfDBfKx" role="sound engineer" IPDN="Cd" performance="main" grossFee="-955664340.80" modifier="B"
                     IPI="ddPykir4i1CDtbjF6pUpOK" birthDate="2018-08-06Z"/>
            </Participants>
        </Record>
        <Record title="OzcrhOz" spins="210329851" ISRC="IW75JY6AA0OE" year="5284" producer="ZGm04" label="U3SpND-.q"
             recordNo="odeh0MOpUszTbJbhBrE" serialNumber="eXTcjQcreztMumfvwctCVPTQZK4aYD" isPremiere="0"
             usage="broadcast" ISWC="r4A1EdPpt2bfrtono" AKA="JwLFELj" genre="commercial" broadcastedFrom="2018-09-08T11:21:16"
             broadcastedTo="2019-11-08T11:21:16Z" runtime="1092680433" origin="recorded stream" alternativeTitle="ZXFs_nrhg5mVlP5i3IzmHv"
             recordedFootage="1022013101">
            <Participants>
                <Participant name="pCDyCs" role="producer" IPDN="rKAejGiFxCuEe0wTCV5uWKVmgLuF" performance="soloist" grossFee="-522596531.04"
                     modifier="A" IPI="shJGJv4ciuj" birthDate="2019-05-03Z"/>
                <Participant name="WogB.vOJAhjKt-iNimFl6zWQqu2L" role="sound engineer" IPDN="mkj" performance="soloist" grossFee="-1316896815.17"
                     modifier="B" IPI="p6Dnb.QA" birthDate="2018-07-11"/>
                <Participant name="hTm0rryJB25DZ2TX" role="performer" IPDN="r3AW9gx" performance="chorus master" grossFee="-482817694.46"
                     modifier="C" IPI="dIQ-x3Ta3" birthDate="2018-11-18"/>
                <Participant name="Q5mPvKQrkEC2" role="sound engineer" IPDN="PMl" performance="supporting" grossFee="-294751447.30"
                     modifier="B" IPI="pj302KFea3nu" birthDate="2019-01-11Z"/>
                <Participant name="nK9QX3.qYK9FQ4E" role="subscriptwriter" IPDN="h8TXG56NThyss" performance="main" grossFee="2081716736.30"
                     modifier="A" IPI="Y1ILU4iWh0F5UaP_WSkmC" birthDate="2020-02-02"/>
                <Participant name="IG44Benr" role="subscriptwriter" IPDN="aappz" performance="main" grossFee="1577812522.26" modifier="C"
                     IPI="k6vJMaZ-XIZyILf" birthDate="2020-05-23"/>
                <Participant name="DCDCg39gfYBolqis2KDagVIrXqwm" role="performer" IPDN="ezJeP5rNb3h_.4-CJ.gUe5U2YwfBl" performance="main"
                     grossFee="1065466470.57" modifier="C" IPI="NbT8to7m_7_Gg-azHGuu" birthDate="2019-03-23"/>
                <Participant name="hfZbHkGbCNQnYMXzFE" role="sound engineer" IPDN="mSxwtqtVh.KmGq0AyXz_5WfLHqGfKn" performance="conductor"
                     grossFee="-511192040.01" modifier="A" IPI="k-ewdwpvo7-h" birthDate="2019-05-13"/>
                <Participant name="vsqpx-vnjASSD7fa9.vF" role="scriptwriter" IPDN="dyi3RBJCcCNq_xi" performance="chorus master" grossFee="-1238554419.11"
                     modifier="B" IPI="KX2p7_YQuUJYmxwokRONk" birthDate="2019-03-07"/>
                <Participant name="osU8enh0z" role="remixer" IPDN="izIkoEIKjeKqOldR.zTBLroCGD5q" performance="supporting" grossFee="1766015084.21"
                     modifier="C" IPI="dpfBngn" birthDate="2019-03-06"/>
            </Participants>
        </Record>
        <Record title="uo85ESLfuGB-n3Kyl6M" spins="1379952419" ISRC="57ASF54H3068" year="2035" producer="B0niysZHXu4aGjF"
             label="FzRyz3vzM8VFSwebbhV8WFW9DiTOr" recordNo="HQ2iBiXq4oQ4TqyPa" serialNumber="cxAXTuauvJuXUVAqeUE3Sokw"
             isPremiere="true" usage="commercial" ISWC="IY3qCMOcbGE_SHc.v1c6DLp8Clyzqk" AKA="xNViZNUmjcC-j4f_FjS__PAQDIU"
             genre="composed" broadcastedFrom="2019-01-11T11:21:16Z" broadcastedTo="2019-11-02T11:21:16"
             runtime="878875004" origin="commercial" alternativeTitle="mMvE2Mi_" recordedFootage="1729376740">
            <Participants>
                <Participant name="Kg3TyBIOP4-Kigxjz3vAsziU" role="subscriptwriter" IPDN="BHq" performance="main" grossFee="-867939526.94"
                     modifier="B" IPI="Ogto5" birthDate="2020-01-11Z"/>
                <Participant name="frZVh-fv5CeU2Kbhp0" role="performer" IPDN="ywWGK5vwKRbaRMlbIWD84VG" performance="main" grossFee="782323747.65"
                     modifier="B" IPI="SzngFG0imI-pqE1cGiew7jJ" birthDate="2020-06-21Z"/>
                <Participant name="adwpND.pis1SETlQr8cFLXveWJ" role="music director" IPDN="vjrf9p" performance="chorus master" grossFee="1504864470.77"
                     modifier="B" IPI="ddrgTnVO8HdUwl5tU22L-wn0" birthDate="2020-01-01Z"/>
                <Participant name="Cz-" role="music director" IPDN="Cn3jdMI" performance="soloist" grossFee="-120314426.08" modifier="C"
                     IPI="ivtQvMi6jAkBDL" birthDate="2019-04-23Z"/>
                <Participant name="B" role="producer" IPDN="dup1YmKD.S" performance="soloist" grossFee="835644123.12" modifier="B"
                     IPI="I7beW58K04zmTmqQSazp3FirH" birthDate="2020-01-31"/>
                <Participant name="ItrHxXzNKH" role="remixer" IPDN="oeri.AD5iOepqM0Nc6k-" performance="soloist" grossFee="2121865767.16"
                     modifier="C" IPI="PYqLLN.KdTo8A-BIU1zqsYY2sl-b" birthDate="2018-10-19Z"/>
                <Participant name="STrN9WSk9hmtGQ9" role="sound engineer" IPDN="H0WrG" performance="main" grossFee="-281929667.76"
                     modifier="B" IPI="Vw3az-Lk59YiBkg_5Uh" birthDate="2019-08-31"/>
                <Participant name="iLy97mgZd4gOcQXdoQOXQ6DueoLXJj" role="remixer" IPDN="izGuCmjMPBdRwJjS" performance="conductor"
                     grossFee="1749268826.36" modifier="C" IPI="LvEz" birthDate="2019-11-01Z"/>
                <Participant name="y" role="producer" IPDN="sfo85dcZuPE" performance="supporting" grossFee="41925190.13" modifier="A"
                     IPI="LiH0vT4dQmZYv52NUqWi" birthDate="2018-08-14Z"/>
                <Participant name="GJIjq0RB71MfRtySE_axBP8BPQ" role="subscriptwriter" IPDN="MFGhLmgmP0mH" performance="soloist" grossFee="-1792638563.89"
                     modifier="A" IPI="Rgmyo-zWWwgYfgsA." birthDate="2019-11-17"/>
            </Participants>
        </Record>
        <Record title="WnXvUQF071b36QH1xCDwNACOW" spins="2091743148" ISRC="9T6A733142G1" year="1187" producer="_7f_aGqszm"
             label="DkuzE-Plqfn2rg3ZbxH-Q" recordNo="iA-GneRKdXDx2QA2Vr6980r" serialNumber="iWzY-KWrMPlAKyNsxyDSc"
             isPremiere="false" usage="broadcast" ISWC="gB8" AKA="AM_" genre="spoken word" broadcastedFrom="2018-12-01T11:21:16"
             broadcastedTo="2018-07-08T11:21:16" runtime="1678782109" origin="report" alternativeTitle="sy.-OzEZsAMiA1xloCX0WK2"
             recordedFootage="1720187195">
            <Participants>
                <Participant name="EC80WUcQ1n6H" role="music director" IPDN="my0ZBFz" performance="conductor" grossFee="-234349335.02"
                     modifier="C" IPI="DwtFUuwuCEvH.wN" birthDate="2020-01-24Z"/>
                <Participant name="HeZYf91iQ" role="music director" IPDN="DK" performance="chorus master" grossFee="-99725797.77"
                     modifier="A" IPI="G1sL." birthDate="2018-10-27Z"/>
                <Participant name="HiM0o1tg1DhbbIXqZ7iuH-j-LMrXPq" role="arranger" IPDN="DgSOqN2O_DcEcxZuflAAA4Pmv" performance="chorus master"
                     grossFee="1739243674.58" modifier="B" IPI="Emkfhpznpjkex9SaU-" birthDate="2020-01-19"/>
                <Participant name="j.cxI851XySlXynWWFd2VtqYIYgf" role="performer" IPDN="DuqD_C9l" performance="soloist" grossFee="-293856919.58"
                     modifier="C" IPI="fEA3-x4CnHbmovpOMpYR" birthDate="2020-03-15"/>
                <Participant name="dWXj-ljpjrf4IkW4ilglRmyk" role="performer" IPDN="DV-S" performance="supporting" grossFee="373468661.58"
                     modifier="C" IPI="O7ELKP" birthDate="2020-04-02Z"/>
                <Participant name="i0p0_lzzN5qUirexFx-cj51_Osy1" role="arranger" IPDN="hMHVN8.C_MyH" performance="chorus master"
                     grossFee="-1136050050.72" modifier="A" IPI="zAqinN8S0Jv0PJPZ.WQWh.-P9" birthDate="2018-09-19"/>
                <Participant name="me" role="performer" IPDN="RkZjEE091ebbe" performance="chorus master" grossFee="-1576099956.60"
                     modifier="A" IPI="rZd" birthDate="2019-04-19"/>
                <Participant name="DeLJz1GPSHeV" role="music director" IPDN="AR7DHniYlTCG68Gr" performance="soloist" grossFee="1470840959.59"
                     modifier="C" IPI="M" birthDate="2019-06-22"/>
                <Participant name="dPKt4wakkRcNkMdZ8sGTm33Bh" role="producer" IPDN="RHdAyZvR9RnztGhuFJx28" performance="soloist"
                     grossFee="2092361668.41" modifier="C" IPI="O1Q3PVu8Ef" birthDate="2020-03-25Z"/>
                <Participant name="YBJgGA.Tw-ynMM8-ltc7FSx5rrjE" role="sound engineer" IPDN="H" performance="supporting" grossFee="400529862.83"
                     modifier="A" IPI="l-MYiy31_R7UwtHXReHfeC71i_" birthDate="2020-02-06Z"/>
            </Participants>
        </Record>
    </Record>
    <Record title="R" spins="810978669" ISRC="7W0J6IA1GC7G" year="0387" producer="hx_5.D" label="SOuvW9xqf7BrZ9"
         recordNo="F" serialNumber="zcbom345" isPremiere="1" usage="broadcast" ISWC="MtEXya2UMIUatTPW7JWa5IHY5JU"
         AKA="IKuX" genre="composed" broadcastedFrom="2019-11-03T11:21:16Z" broadcastedTo="2019-11-21T11:21:16"
         runtime="534120688" origin="report" alternativeTitle="ropl6U5Tc9kqh02cD6qHBn3.Odq" recordedFootage="1338061037">
        <Participants>
            <Participant name="IwrhOkybTeR4xm7" role="subscriptwriter" IPDN="lGgOnKXDZAe9IL3kz" performance="main" grossFee="-104916495.94"
                 modifier="C" IPI="w9ht8ZFR.C8DXTtVE3.yRo5" birthDate="2019-05-05Z"/>
            <Participant name="NbSiRRZ_cxGkY.ODwA3dZ" role="sound engineer" IPDN="YH" performance="main" grossFee="-81281530.43"
                 modifier="B" IPI="czAr5PYF9SzMb2XI5uh0W" birthDate="2018-11-06Z"/>
            <Participant name="l-v79gmNipSu8Np" role="producer" IPDN="thjcR6ONX0wmkh3HTEWVD" performance="conductor" grossFee="-1134344283.09"
                 modifier="C" IPI="WRwptrfICVC1aPXOdojFgM5O" birthDate="2019-05-10Z"/>
            <Participant name="M7XEx1qxvASoI3Uko3JO4m2TdBPY" role="arranger" IPDN="uofBjF1g" performance="chorus master" grossFee="942763957.32"
                 modifier="A" IPI="zwM" birthDate="2018-11-07"/>
            <Participant name="cj2abkq.cfl" role="producer" IPDN="vo2g5Qt-HGKF04MJJr_.PgjG8m" performance="supporting" grossFee="-1672733999.80"
                 modifier="B" IPI="LHhFT" birthDate="2019-06-28Z"/>
            <Participant name="MFK2_mEj2Ii" role="performer" IPDN="rFft8YjSDIf" performance="soloist" grossFee="-235879535.86"
                 modifier="B" IPI="bGmt10Er2wLQIg4lra5l" birthDate="2019-08-10"/>
            <Participant name="X.vcWn7pX_019jN" role="subscriptwriter" IPDN="vRHsJdE1EKc.PcDbR7E" performance="chorus master"
                 grossFee="-1834436412.12" modifier="A" IPI="QbrWh9epncpW-ZrSgoM" birthDate="2019-02-01"/>
            <Participant name="UU" role="composer" IPDN="hQswJo" performance="supporting" grossFee="799419176.08" modifier="B"
                 IPI="x88aNwPrUZ6F7colT76KyPu" birthDate="2019-05-08"/>
            <Participant name="L99znoE5YewcYqHN" role="remixer" IPDN="IjmgKLV9KvQb" performance="supporting" grossFee="-1636042491.68"
                 modifier="B" IPI="Bx" birthDate="2019-02-06Z"/>
            <Participant name="EaeBUg49DKHO.dIZ" role="remixer" IPDN="KM450kg6cRU4P_ge.VcRl" performance="supporting" grossFee="211690298.81"
                 modifier="B" IPI="Wfhumn.5Jw" birthDate="2018-08-17Z"/>
        </Participants>
        <Record title="LoN" spins="1713584009" ISRC="7R3VGH87PN9A" year="4493" producer="OtToWzmPZmBc4." label="j7XRLhmzUMXVZ"
             recordNo="ck-RWxb2kDjpSG9nonaAPDOkY7X" serialNumber="dAPHaXWQLZXqtAYlllDjrI14Oc" isPremiere="1"
             usage="broadcast" ISWC="noFPB3AXD7fCu" AKA="nDyZCcQdJRd" genre="commercial" broadcastedFrom="2018-12-31T11:21:16Z"
             broadcastedTo="2018-10-30T11:21:16Z" runtime="399799971" origin="live broadcasting" alternativeTitle="B7RMPPC_3SQxuiH5l_"
             recordedFootage="1312577600">
            <Participants>
                <Participant name="HFAFa2e0Swm2KhhZaP8" role="music director" IPDN="u-nemagj" performance="main" grossFee="-2144501897.14"
                     modifier="C" IPI="oHCKO5wO2.sf6OlnZWFpfaZFqTDv3M" birthDate="2018-10-30"/>
                <Participant name="iwexT86Tz" role="composer" IPDN="AXZoblmrRCKWYxx6L.ykKQ2ZhV6ueG" performance="main" grossFee="-726260867.76"
                     modifier="B" IPI="H" birthDate="2018-10-26"/>
                <Participant name="eHj8lIJ4DW8" role="arranger" IPDN="jIMPTht7tmhfKTDhJ51K06h8tC" performance="soloist" grossFee="-1324055708.59"
                     modifier="B" IPI="ITARpr8WYvyt27Fz" birthDate="2018-10-21Z"/>
                <Participant name="vxqJ" role="performer" IPDN="wfJ" performance="supporting" grossFee="1175014906.00" modifier="B"
                     IPI="w" birthDate="2020-06-12"/>
                <Participant name="AhF2ld2lG5.qlHli3djx6XyZ" role="composer" IPDN="uGo34" performance="soloist" grossFee="759007866.06"
                     modifier="A" IPI="H" birthDate="2020-02-17Z"/>
                <Participant name="K-6kyWArHkCmFdVb4" role="music director" IPDN="sSpXERb-6_L3ftkJKbmbl4pmj" performance="conductor"
                     grossFee="-678050326.54" modifier="A" IPI="MDthrqczTFfqvA5" birthDate="2019-04-18Z"/>
                <Participant name="f2Kt7T0TsxjmXKNW-bzM89GS5e_c" role="arranger" IPDN="rj88XOqB2Pun0hqx" performance="conductor"
                     grossFee="1633286136.25" modifier="A" IPI="Y_JtGr0FiPJTj" birthDate="2020-01-18"/>
                <Participant name="ypmQ2iNsMewr58VT" role="music director" IPDN="FPaAE8SAK7Gw8M3d5" performance="chorus master" grossFee="535602120.11"
                     modifier="B" IPI="SQjepMFWLMp_juxgu0VFajukTq3" birthDate="2019-01-25"/>
                <Participant name="FLoM" role="sound engineer" IPDN="Kp-IvfJfWbNdGQwscc81n7" performance="chorus master" grossFee="1505012707.65"
                     modifier="C" IPI="BdxxpJe_Yjo9-jUSWLPFkSUri" birthDate="2019-10-17Z"/>
                <Participant name="CEPcf5T" role="subscriptwriter" IPDN="VUbflRXwbV6rz_M-bM" performance="main" grossFee="24393806.40"
                     modifier="A" IPI="aUrtRUzncP" birthDate="2020-04-22"/>
            </Participants>
        </Record>
        <Record title="g7pHNaJx2DOW0nyxMGq" spins="322712459" ISRC="Z12IUN18G975" year="9805" producer="QFzy1hc-kh"
             label="usQT" recordNo="HDFlQazjDgSvwJLr" serialNumber="O" isPremiere="false" usage="broadcast"
             ISWC="jU_MOlCuUW" AKA="mIcVh-L6z2dgmONQiEz7KnUCMAG" genre="pop" broadcastedFrom="2020-05-23T11:21:16"
             broadcastedTo="2018-08-19T11:21:16Z" runtime="1643860575" origin="free of charge" alternativeTitle="ts5KZ3lWOuencfOPeB"
             recordedFootage="1256960126">
            <Participants>
                <Participant name="Ygp.TKTwi_C7kLazlWYZtZa0ZGcA" role="remixer" IPDN="G9aG9h0SNYXxqZ6GeA01MGqnFMi" performance="chorus master"
                     grossFee="1144544087.59" modifier="C" IPI="Lzv6Wn" birthDate="2019-07-02"/>
                <Participant name="bqqtzr.-uhi33S" role="subscriptwriter" IPDN="k.y0utx.Q1HnNIZvI81RoZT5McVA" performance="main"
                     grossFee="-786814720.08" modifier="C" IPI="UvBMG7DlvZ9lRzT0d.EMW" birthDate="2020-05-01"/>
                <Participant name="txBSARUY_n" role="scriptwriter" IPDN="GP" performance="soloist" grossFee="-642608398.28" modifier="C"
                     IPI="I.q.vLKTK675OrdrUM2pxs8fzgd" birthDate="2019-01-14Z"/>
                <Participant name="TjcIZI5OtyNVRcu.sSWW2lfUj" role="music director" IPDN="LAqkQgeEk_D3_OSv8" performance="conductor"
                     grossFee="-230636962.35" modifier="C" IPI="NTOK5e4BldwdNPG" birthDate="2019-09-04Z"/>
                <Participant name="EYXqc8oCATMhkXzk" role="arranger" IPDN="kqwynnfGOMYqdc" performance="conductor" grossFee="-973208268.44"
                     modifier="A" IPI="X5P" birthDate="2020-03-28Z"/>
                <Participant name="GvtXMn59QI-1JXd" role="arranger" IPDN="JIW5KAC2Aigcg0" performance="soloist" grossFee="891449470.25"
                     modifier="A" IPI="JjhuT.NhpKAwmY" birthDate="2019-07-22"/>
                <Participant name="JOUERrXJtwrImfI5Cin92Cc" role="producer" IPDN="DST4_Qon6DalAjDH6GF" performance="main" grossFee="109869715.41"
                     modifier="A" IPI="COmoy3iy6ZKswKe24" birthDate="2019-12-04Z"/>
                <Participant name="BZ0Oa6Zy2Bs0wsHSIgpe.b1dTJtL" role="composer" IPDN="Gq" performance="chorus master" grossFee="-1073247667.63"
                     modifier="A" IPI="Phd2FH-h1exxq7" birthDate="2019-12-07"/>
                <Participant name="gjsDvARLaadc" role="producer" IPDN="a5CBeRrwI52NaCnPcx" performance="conductor" grossFee="-121197072.95"
                     modifier="B" IPI="dJ5s7p6u0pByuxDcZrX" birthDate="2019-07-29"/>
                <Participant name="WaRqfG.ilrcZJazcFKQbh3_-" role="remixer" IPDN="aZeXeD_NvG8L4IU0-mtyBAtii" performance="supporting"
                     grossFee="-1809723789.34" modifier="C" IPI="m0C" birthDate="2018-09-22"/>
            </Participants>
        </Record>
        <Record title="f" spins="591094887" ISRC="ZIH862741909" year="8990" producer="ctIJ0GKLm8iUyCjWQJZszuJM" label="iNf"
             recordNo="s40v" serialNumber="v5HCXde_p0a6" isPremiere="0" usage="jingle" ISWC="t15mgXkYDyFYXKzB-k2662"
             AKA="Ph7F1DnjeKn1FGC9_L33vtS44h-8u" genre="pop" broadcastedFrom="2019-12-06T11:21:16Z" broadcastedTo="2019-12-11T11:21:16Z"
             runtime="1725059547" origin="free usage" alternativeTitle="w3kK0xdT9IGIFQ0CMwM" recordedFootage="1262801655">
            <Participants>
                <Participant name="e9T4bTJRK8VDvDl9-uPp" role="scriptwriter" IPDN="KhN09GEjCT2XpokSYm.nOq.1O" performance="supporting"
                     grossFee="564547589.14" modifier="A" IPI="ydxEsxqYQb6exu" birthDate="2019-03-08Z"/>
                <Participant name="PVh-r9XrGNCunuQpUcwZbCRwk" role="composer" IPDN="i9m7l8FYH-8NUisw1Ew" performance="chorus master"
                     grossFee="-163739482.17" modifier="B" IPI="RF_TFgEKXwqd" birthDate="2019-01-19"/>
                <Participant name="dajmVp5O2" role="music director" IPDN="Xc0c08grDA" performance="conductor" grossFee="-628168733.76"
                     modifier="B" IPI="ur7Zafxc0ETjOmQ.e2g1kQawds" birthDate="2020-03-01"/>
                <Participant name="wP0" role="arranger" IPDN="Ck2Xt7" performance="conductor" grossFee="1836976968.66" modifier="A"
                     IPI="RIL" birthDate="2020-03-09"/>
                <Participant name="T.agAgo6v" role="music director" IPDN="uYTravXzMn" performance="soloist" grossFee="-1035723801.15"
                     modifier="A" IPI="Tfmm0wcTGklklVMbyX_QF" birthDate="2018-09-19"/>
                <Participant name="PWi.HlHugGCKFZOt_shBM" role="arranger" IPDN="Y5pR2wI0JQnrARu-.n" performance="supporting" grossFee="-1022493754.78"
                     modifier="B" IPI="EWc7SYpPG8cW" birthDate="2019-11-01Z"/>
                <Participant name="c" role="performer" IPDN="d2ORTswYK6ydXhSdtQu3Ln" performance="supporting" grossFee="1137098945.05"
                     modifier="A" IPI="qh5yX7J65aMP" birthDate="2019-11-13Z"/>
                <Participant name="eEIRzUBPtsXYgWlXNEG8u3JfyX" role="remixer" IPDN="r" performance="chorus master" grossFee="-375775716.61"
                     modifier="B" IPI="UO8pJ1mfA" birthDate="2019-12-02Z"/>
                <Participant name="JvuAW" role="composer" IPDN="xKvQEpiwjwaD" performance="soloist" grossFee="-905766433.91" modifier="B"
                     IPI="sLAAf.QWzoviMX4HE2" birthDate="2018-08-02Z"/>
                <Participant name="la-CF7U1H_psl6tAx2zK8sgr55md" role="arranger" IPDN="g5ISVUwiv4K-HwfPr4" performance="chorus master"
                     grossFee="-1926937520.71" modifier="C" IPI="sUsep7XfGKc1gVW3TBBUw_hDwI" birthDate="2019-01-30Z"/>
            </Participants>
        </Record>
        <Record title="wm" spins="1739559918" ISRC="09XG882OX236" year="2229" producer="Z3F" label="IK9" recordNo="qiebvMtmIJQkcm-hVpqSd"
             serialNumber="LPU5XKAF-4x" isPremiere="true" usage="broadcast" ISWC="fUbxUS" AKA="eS77_puagbFZg"
             genre="commercial" broadcastedFrom="2019-11-21T11:21:16Z" broadcastedTo="2019-04-11T11:21:16Z"
             runtime="738466952" origin="free of charge" alternativeTitle="l3Kmk5g2yk-p_djP" recordedFootage="152134741">
            <Participants>
                <Participant name="JiOtL" role="composer" IPDN="Y4yNGGG5tJqN94n00nzoyeKko" performance="main" grossFee="-286156372.40"
                     modifier="C" IPI="Rhec4PYo0dFOTtTTgv" birthDate="2019-08-06Z"/>
                <Participant name="GRZj0jxzu_c7M" role="producer" IPDN="uglALTPuLXlXxUhrAoczw8e_csuDsY" performance="soloist" grossFee="-1133795884.53"
                     modifier="B" IPI="hMJNa1csbzN9sFTbCteT6XN2wTnl" birthDate="2019-10-30"/>
                <Participant name="yAOouagJtoUpdj543jeL" role="scriptwriter" IPDN="F4.GgTQpfjnUBRnb68-e" performance="soloist" grossFee="-308725536.77"
                     modifier="B" IPI="Jjhhg4egjbT-1_4-IImB8K-" birthDate="2020-06-16Z"/>
                <Participant name="h8z1qax.Gsibcn6" role="remixer" IPDN="v_ooxEW0y7qOeteuPlRC1vLP" performance="main" grossFee="-2049806931.26"
                     modifier="B" IPI="MDa86n0KeVrqYimg" birthDate="2019-04-12"/>
                <Participant name="jqw" role="scriptwriter" IPDN="pPRp.3_oSuMz" performance="conductor" grossFee="596087533.34" modifier="C"
                     IPI="v0iAr.a0XZcmST" birthDate="2019-09-08Z"/>
                <Participant name="vSWWLVq0phNgRW.dzAUB9qhqozAp" role="composer" IPDN="v" performance="chorus master" grossFee="859195207.81"
                     modifier="C" IPI="xiUnXQdjK.ft9Ms-XDDU0HRar" birthDate="2018-11-22"/>
                <Participant name="Rl" role="remixer" IPDN="z-Ft3ouVeoDoDJR536-GtSfKk" performance="soloist" grossFee="820790115.88"
                     modifier="A" IPI="CiWNCrkAEJxJZ2JKWjlM" birthDate="2018-12-03Z"/>
                <Participant name="CZj" role="producer" IPDN="xH1li-2" performance="soloist" grossFee="1808961018.38" modifier="A"
                     IPI="q2idaTCD" birthDate="2019-12-20Z"/>
                <Participant name="xzkAtFD4" role="subscriptwriter" IPDN="oEwh1Lg2e" performance="conductor" grossFee="1328268798.51"
                     modifier="A" IPI="w-R" birthDate="2020-06-03Z"/>
                <Participant name="mG" role="scriptwriter" IPDN="binlZb" performance="main" grossFee="1903400366.29" modifier="C"
                     IPI="L0PtUSbMo_PazcSuYEF" birthDate="2018-10-03Z"/>
            </Participants>
        </Record>
        <Record title="lGuYLQfZ" spins="1026618798" ISRC="PC78AH321J2L" year="0418" producer="P." label="a_h" recordNo="xR-bEioGA"
             serialNumber="YuPam" isPremiere="1" usage="jingle" ISWC="VERIE" AKA="XTazo7V" genre="commercial"
             broadcastedFrom="2019-05-12T11:21:16Z" broadcastedTo="2019-12-18T11:21:16Z" runtime="457836160"
             origin="live broadcasting" alternativeTitle="bTeC25RTXqR4bZV.bH8STB0" recordedFootage="1992576402">
            <Participants>
                <Participant name="GOkk0Vzk" role="arranger" IPDN="eB9xAb9kHZguRMFhIlMcGEku" performance="main" grossFee="-107586894.09"
                     modifier="A" IPI="OI4HbjcAIY" birthDate="2018-07-26Z"/>
                <Participant name="N" role="music director" IPDN="tgfF.aNlA_" performance="main" grossFee="-325044967.00" modifier="B"
                     IPI="_6NqPkYJsJr3cu28" birthDate="2019-07-28"/>
                <Participant name="ol" role="remixer" IPDN="M-dKRDbz0Y7z7zkd" performance="main" grossFee="-598848645.02" modifier="B"
                     IPI="LgYWZ-knooP-jtWiE__" birthDate="2019-09-29Z"/>
                <Participant name="r0nCWDCeQz0J7" role="scriptwriter" IPDN="Jpct" performance="supporting" grossFee="616825636.41"
                     modifier="B" IPI="t2tShqCPGo580xUY8dr2g6PjaE" birthDate="2020-02-07Z"/>
                <Participant name="Zwq_UQJ2ScLMfcTR_VOGOp1XW" role="sound engineer" IPDN="L" performance="soloist" grossFee="-533867669.57"
                     modifier="C" IPI="wF0z" birthDate="2019-03-02Z"/>
                <Participant name="kT0kFA_ViYwmYdWl8U" role="subscriptwriter" IPDN="x8p" performance="main" grossFee="181506557.21"
                     modifier="B" IPI="ym4dK2YX" birthDate="2019-04-19Z"/>
                <Participant name="acjzO" role="performer" IPDN="Ku6jk" performance="main" grossFee="-446643563.76" modifier="C"
                     IPI="WY9xuWZ9q6Ap0pGP" birthDate="2019-05-09Z"/>
                <Participant name="wsThezROzmoJSd5AH.tnb" role="sound engineer" IPDN="vgE" performance="chorus master" grossFee="521023627.77"
                     modifier="C" IPI="TbF" birthDate="2018-09-07"/>
                <Participant name="XkK7OD33UlfTY45p" role="music director" IPDN="BY_BpM5N1w8W1wx5" performance="soloist" grossFee="1785286363.39"
                     modifier="C" IPI="K_m481UwMd3E" birthDate="2018-12-10"/>
                <Participant name="AYqEOSnMLo9DCO" role="producer" IPDN="l0hs7wEc8t712Ib5T" performance="soloist" grossFee="216807644.22"
                     modifier="C" IPI="D7gKMMpL9iVz" birthDate="2019-09-06Z"/>
            </Participants>
        </Record>
        <Record title="dXtDJmF6izDn9u-g3F" spins="440173196" ISRC="2JQ113EX5258" year="5150" producer="FVk7ZQGyKfeKDw9qEJyy9qk"
             label="xe" recordNo="k6WjMJi_Sh1UFx" serialNumber="VxR7_NHFDYZcC" isPremiere="1" usage="jingle"
             ISWC="TE7I5-K94alkRKnbcjGb5xndZ" AKA="ikMRe3_mQY.Rvry2heJax" genre="composed" broadcastedFrom="2020-06-10T11:21:16"
             broadcastedTo="2020-06-30T11:21:16Z" runtime="1471712678" origin="free usage" alternativeTitle="S_38zkIVlxTOKet"
             recordedFootage="1003555568">
            <Participants>
                <Participant name="B7KB" role="composer" IPDN="IwoOU1km6Qodo2G7n7S7c7" performance="chorus master" grossFee="-384068584.12"
                     modifier="C" IPI="QoVD-Kvjy-J8" birthDate="2019-01-14Z"/>
                <Participant name="QwrhdgB_6OSAj8XvlPZtg1" role="remixer" IPDN="w_TEY-6zSs2sBKj2dMm4U" performance="conductor" grossFee="293947900.89"
                     modifier="A" IPI="B9Yk0X7qe-ZHhUKOE356SW3PAiBQ2_" birthDate="2020-02-08Z"/>
                <Participant name="q.HrbeDrLX1avsqVTT-Lk2yjwmyV1B" role="remixer" IPDN="fb" performance="supporting" grossFee="-700671145.06"
                     modifier="B" IPI="UrllBxqb" birthDate="2019-06-29"/>
                <Participant name="S_31dg4ydLS1YO0XchUdGu2uOYhnY" role="subscriptwriter" IPDN="yPb" performance="supporting" grossFee="17549616.65"
                     modifier="A" IPI="WpE7NbSfy1Y9AW0YT.ShSC04" birthDate="2019-10-25"/>
                <Participant name="YM" role="scriptwriter" IPDN="XFSLl" performance="conductor" grossFee="1060180796.78" modifier="A"
                     IPI="a3ipdQJkhgLN57ucnKwHqK" birthDate="2019-08-08"/>
                <Participant name="IdqfcucpJmOrk7zWmsI" role="music director" IPDN="b-" performance="soloist" grossFee="-760222198.15"
                     modifier="B" IPI="WhXwkmai" birthDate="2020-02-28Z"/>
                <Participant name="OKlDnL" role="arranger" IPDN="mmcdnjmmYk1kjOriArG8u2VmiMoZ8J" performance="conductor" grossFee="1709935692.90"
                     modifier="A" IPI="LqDcyUQwr" birthDate="2019-06-10"/>
                <Participant name="nbU0b.Sw4.8iUYnCB" role="scriptwriter" IPDN="GN1LvVr5" performance="supporting" grossFee="521996333.11"
                     modifier="C" IPI="ac.dODAY9PTKEPdQrrEXEnie4" birthDate="2018-11-13Z"/>
                <Participant name="UCld" role="composer" IPDN="BHds4OuITxATMy8dfdQaVmtjY" performance="supporting" grossFee="-1135841640.07"
                     modifier="B" IPI="TaNHDF.edCo6.SnM.V5m" birthDate="2019-07-28"/>
                <Participant name="QCR65V_BmeSfcTr93vJbWJJa" role="music director" IPDN="VYI8cLpcMK7uKm" performance="chorus master"
                     grossFee="1556235868.23" modifier="A" IPI="zjAci" birthDate="2019-05-27Z"/>
            </Participants>
        </Record>
        <Record title="Us6crnkPH9coN1xR97eyBz.jm" spins="1187080082" ISRC="SOLI8303530T" year="7420" producer="R._D3sWu7Bln7O7o8"
             label="r" recordNo="GFyu" serialNumber="_xB5XIP_xxTZ9BtSX" isPremiere="true" usage="broadcast"
             ISWC="Mk62WROvp_FK" AKA="plbD" genre="pop" broadcastedFrom="2019-05-07T11:21:16" broadcastedTo="2020-05-01T11:21:16"
             runtime="1945198102" origin="live stream" alternativeTitle="M0E_rc63pD7SyYokN9G5qXhcIIx"
             recordedFootage="1876376328">
            <Participants>
                <Participant name="iijregOsO1t7qH5ha2SK2nK5UmV" role="arranger" IPDN="llNTH2jOzZR" performance="conductor" grossFee="1197742712.28"
                     modifier="C" IPI="sjiGCqLuT7wIIl7bfbSW" birthDate="2020-04-12Z"/>
                <Participant name="ZZgiePwy7O" role="performer" IPDN="oe3zBsY_MmWt.UVcg" performance="supporting" grossFee="-404203613.63"
                     modifier="A" IPI="d99pDI9rJSYwM8zima-lVuiO1yV2B" birthDate="2019-02-17"/>
                <Participant name="vtH" role="music director" IPDN="D-k9z-c" performance="chorus master" grossFee="253105999.39"
                     modifier="C" IPI="pE5XjmX_a9ZQqoteH-Efl8ctNnFtYm" birthDate="2019-01-31"/>
                <Participant name="ZVuM1oPmqxWMdSChxI-beF" role="subscriptwriter" IPDN="LD80c" performance="soloist" grossFee="-1218847001.50"
                     modifier="B" IPI="rKq_lxVYK" birthDate="2019-10-20Z"/>
                <Participant name="k-4PzXr_B-lgPINV" role="sound engineer" IPDN="I" performance="main" grossFee="-927399794.21" modifier="C"
                     IPI="catOXUM23ojmAer0aL5faJo_4Z" birthDate="2019-12-29Z"/>
                <Participant name="sa" role="arranger" IPDN="LLLmSXrs" performance="soloist" grossFee="-1095442265.87" modifier="C"
                     IPI="h7pgFt.QWdEFNqnCBij_qAB7j" birthDate="2019-08-23Z"/>
                <Participant name="l4GYhmfkd28spaieoUB" role="sound engineer" IPDN="TTF9u1hQ.5L4R71" performance="soloist" grossFee="-1366889724.10"
                     modifier="C" IPI="lldjtcZPiLNl" birthDate="2019-05-24Z"/>
                <Participant name="oTRfpJYtuincylhrpf7Ap" role="arranger" IPDN="rALyfy_FnM" performance="soloist" grossFee="-559773995.42"
                     modifier="A" IPI="izs6jH" birthDate="2018-07-15"/>
                <Participant name="bZIauebzY1ep02ZbG0bKQF9DVdZhQV" role="music director" IPDN="M6_huuuO9I8WNTVY0" performance="conductor"
                     grossFee="-1886600021.77" modifier="C" IPI="BA7tHu6Pz4VAR4PMNB7IcIDGdTAt" birthDate="2018-07-04Z"/>
                <Participant name="ahDbY0Ax.KmT3v.dbyuXPEGhn6v" role="composer" IPDN="TcQmvtokK7EyGUoHZc.wg_J66fM" performance="soloist"
                     grossFee="717924495.01" modifier="B" IPI="AeCyeoHjzR" birthDate="2019-07-01"/>
            </Participants>
        </Record>
        <Record title="hOOGkYu1R" spins="1110195943" ISRC="087NCW883A0J" year="4388" producer="Js" label="oRFhwqYz4pOs9v6XBdP4a"
             recordNo="iBqukU9" serialNumber="DkgWOeqlYv53b73VRyaLRbCE" isPremiere="false" usage="jingle"
             ISWC="Rin32OjzCss" AKA="BV3.x" genre="commercial" broadcastedFrom="2020-03-07T11:21:16Z"
             broadcastedTo="2019-08-05T11:21:16Z" runtime="843895434" origin="report" alternativeTitle="hafiDg-ebp_NlLFAwM7"
             recordedFootage="1846745845">
            <Participants>
                <Participant name="ysKAh6TqwnbHSYhxqpR1FHjsq" role="producer" IPDN="bUD_zc7yU5UOJ9DafE3" performance="main" grossFee="-2116157494.91"
                     modifier="A" IPI="MC5r3eTQ4tDc" birthDate="2018-07-18"/>
                <Participant name="HRDt9IJBr0rxEpr" role="arranger" IPDN="WiG15m.EFr_P." performance="chorus master" grossFee="1729162691.79"
                     modifier="C" IPI="yPno1gvCE" birthDate="2018-10-14Z"/>
                <Participant name="VutQdCvJ" role="remixer" IPDN="ibO" performance="supporting" grossFee="-69641202.25" modifier="B"
                     IPI="SroP6NAzq4zwYmZjHBWFmuc-dQp2H" birthDate="2018-07-22"/>
                <Participant name="ZcyCqBKcn" role="sound engineer" IPDN="q8m" performance="soloist" grossFee="1296934786.18" modifier="C"
                     IPI="mgbSJVpFEJ7Xoa4ZUDnfpy5U" birthDate="2019-04-19"/>
                <Participant name="oyrRQ0AmoL_uznWC9vYAfVLF0O1" role="music director" IPDN="sU0m5xeezMsb5xx1W" performance="supporting"
                     grossFee="-1901426942.20" modifier="A" IPI="c5" birthDate="2018-08-19Z"/>
                <Participant name="YvV3LWSHiy3PRvnl1le-zVOWC6L" role="performer" IPDN="qxQhJ8k6DOV1gVtUF-GvVRgJ" performance="soloist"
                     grossFee="-790230184.79" modifier="B" IPI="BO97YkES-pmDO4.T49zxQap_znxh" birthDate="2019-02-15"/>
                <Participant name="vrnDgVvAizXxSvhlo" role="composer" IPDN="cnUukSAmMR_5NdvvDy6omgR3PlSV" performance="main" grossFee="-1531864745.98"
                     modifier="A" IPI="lJ9.zCu6CH_e-N12HVK2HyG" birthDate="2019-03-24Z"/>
                <Participant name="jG8.5qHSjCl5Iil" role="performer" IPDN="c-QLqZ" performance="chorus master" grossFee="1768451560.89"
                     modifier="B" IPI="wE8z3fS" birthDate="2018-10-06"/>
                <Participant name="Q" role="subscriptwriter" IPDN="OF9PDlDUG" performance="chorus master" grossFee="409631846.89"
                     modifier="C" IPI="zz" birthDate="2019-11-19Z"/>
                <Participant name="FDV_PwrVvV" role="arranger" IPDN="zmUGwPohRSUOaLIPJbrFc0i4iZ" performance="chorus master" grossFee="1702896879.77"
                     modifier="A" IPI="VjlrRuLC6V" birthDate="2019-05-23"/>
            </Participants>
        </Record>
        <Record title="ea04gxl7pi_gWyM901" spins="1152254822" ISRC="A5Z65FCSG4NF" year="4323" producer="tGA6s4p55" label="oSYPrApqRqYlY-RiFUuuzWpO_r6G"
             recordNo="nrPSAaYVaayv.r9f06N2jq4h9hvH94" serialNumber="ST_dg2Gn.-5" isPremiere="false"
             usage="commercial" ISWC="xVQUWe" AKA="upB6m4QUf20RDuG3_kVv_DMGDDQ" genre="pop" broadcastedFrom="2019-03-09T11:21:16"
             broadcastedTo="2019-02-28T11:21:16" runtime="1454047507" origin="free usage" alternativeTitle="mKrwKoRsVeDHD-kw-W147E8woOqAJ5"
             recordedFootage="1902386812">
            <Participants>
                <Participant name="WR6t..crLkpwFi" role="scriptwriter" IPDN="TSR7JFuWrjfEKEFOCe75-Uoip5_C" performance="supporting"
                     grossFee="678176701.43" modifier="C" IPI="kPDIugjehgMPgwik8IVhi6" birthDate="2019-06-23"/>
                <Participant name="_DQDl6rnPyfrhgPlz_G" role="music director" IPDN="i" performance="conductor" grossFee="-198690830.87"
                     modifier="B" IPI="_DIQgM4V6iIDX9-KaiqUR9LsYN" birthDate="2020-06-25"/>
                <Participant name="GZiHcdEtW" role="performer" IPDN="En6-Q" performance="main" grossFee="2141016871.57" modifier="B"
                     IPI="kVauD2S8cThc4n9SNecP0ENI" birthDate="2019-11-09"/>
                <Participant name="qShofWH3QegN5Eg9h4Z9uTppOjo8Iu" role="performer" IPDN="bkG9BOI0i_BfLlJ2RaJq" performance="main"
                     grossFee="-760301929.66" modifier="A" IPI="UGIvULob9GaWAMImS2NQ4e_Q" birthDate="2020-01-18Z"/>
                <Participant name="ZFc4mdUt4FU2JSvFXXL0" role="arranger" IPDN="u" performance="main" grossFee="-994927933.77" modifier="B"
                     IPI="qtYKa4e0DVxglHVTtS7ty84Mu" birthDate="2019-11-24"/>
                <Participant name="Pfj6vqG6khgkPcBMkzznM" role="scriptwriter" IPDN="NL3afCB.X9mVFo-MSXi_yBP-zkD9" performance="main"
                     grossFee="274549353.83" modifier="C" IPI="ZP" birthDate="2019-06-02"/>
                <Participant name="DZaFFNU0E0-LFaB" role="scriptwriter" IPDN="ndOvhZd" performance="chorus master" grossFee="-1109103935.68"
                     modifier="C" IPI="tiVTrf_YXiKzV-WSW5MmDm" birthDate="2019-12-27"/>
                <Participant name="T" role="sound engineer" IPDN="B7C" performance="main" grossFee="-695691540.04" modifier="B" IPI="GUhq7xIJQ"
                     birthDate="2018-11-06Z"/>
                <Participant name="ooLsdG-0oLM-" role="performer" IPDN="qc_g" performance="supporting" grossFee="-454411208.61" modifier="A"
                     IPI="VxWp2vJMpz6M3iQk" birthDate="2018-07-20"/>
                <Participant name="yj9igJadMxQuZkR5gcrj3LY" role="subscriptwriter" IPDN="I" performance="supporting" grossFee="-325171752.55"
                     modifier="C" IPI="usPXj-" birthDate="2020-01-27Z"/>
            </Participants>
        </Record>
        <Record title="aNSS0PBATV1" spins="87835160" ISRC="926MR396R8HI" year="1732" producer="VOck1amgWHGc8a_aW0ZWQkI"
             label="PUb0z5m8QwMl5tPUAE73wjWARC" recordNo="n0M5u91747r8TS4u4xG4g" serialNumber="SRwbAtF"
             isPremiere="false" usage="broadcast" ISWC="eR0p0MYCxO" AKA="ZdT" genre="composed" broadcastedFrom="2018-09-09T11:21:16Z"
             broadcastedTo="2018-08-19T11:21:16" runtime="88360099" origin="self" alternativeTitle="NVlhFI"
             recordedFootage="1294157398">
            <Participants>
                <Participant name="c8" role="scriptwriter" IPDN="Pt0bu6gKrr" performance="soloist" grossFee="-876562403.43" modifier="A"
                     IPI="XFE4Dcdsi4U_XcLrLaWOa" birthDate="2019-03-03"/>
                <Participant name="fCwjA5" role="composer" IPDN="UpX" performance="main" grossFee="99643202.60" modifier="A" IPI="HUShodJc"
                     birthDate="2018-12-22Z"/>
                <Participant name="jS0SD22PP1AxmG4kZ8LHo." role="producer" IPDN="D2KTpSJx3MP-wUyecC_S" performance="chorus master"
                     grossFee="-1378195959.86" modifier="B" IPI="JJ" birthDate="2019-08-26"/>
                <Participant name="h7Z7.GUD48k8tHwbIHUL2f" role="remixer" IPDN="Jq3u" performance="chorus master" grossFee="-145728639.24"
                     modifier="B" IPI="V1PUWcZXXQ6PD5CoQA.ohX2bb" birthDate="2019-07-13"/>
                <Participant name="ZelwJs1MnbQYnGyafB" role="scriptwriter" IPDN="gs" performance="main" grossFee="1154565964.75"
                     modifier="A" IPI="HW" birthDate="2019-12-16"/>
                <Participant name="XEV09Dxyd9" role="sound engineer" IPDN="M_2yI4k9g6a8UmYO8Rq44i2t" performance="chorus master"
                     grossFee="771551669.23" modifier="B" IPI="zUuW0A-kSeYweXg" birthDate="2019-04-28Z"/>
                <Participant name="MQBqqMdTdhGh." role="sound engineer" IPDN="YgZYnrNvc" performance="supporting" grossFee="-117060822.81"
                     modifier="C" IPI="UCh" birthDate="2019-01-07Z"/>
                <Participant name="RUC_WJowhgDHloh.EoI84" role="music director" IPDN="u2Ja" performance="conductor" grossFee="-2012774510.20"
                     modifier="C" IPI="e" birthDate="2019-01-08"/>
                <Participant name="K3glXfUx9C2FBAD8" role="performer" IPDN="lZUwi-2OX5acY0E" performance="soloist" grossFee="942434601.67"
                     modifier="A" IPI="mhTerM9aUIJ" birthDate="2020-06-01Z"/>
                <Participant name="N.eHW8Vc7EKB2kOhPF9OfVX" role="composer" IPDN="ToYeP" performance="conductor" grossFee="-634297225.03"
                     modifier="B" IPI="BT" birthDate="2019-08-15"/>
            </Participants>
        </Record>
    </Record>
    <Record title="v.UWpvxDKapTbORFvr" spins="901980859" ISRC="1UE90VQ6M457" year="0275" producer="N" label="rWw1oM"
         recordNo="Fsl.-pM4nN" serialNumber="Va878RYvOPaYqya" isPremiere="false" usage="commercial" ISWC="Io"
         AKA="aSI7e8" genre="composed" broadcastedFrom="2018-10-29T11:21:16" broadcastedTo="2019-05-26T11:21:16Z"
         runtime="1456881333" origin="free usage" alternativeTitle="m" recordedFootage="786430171">
        <Participants>
            <Participant name="sis" role="sound engineer" IPDN="J5u07d1JvuZYSsJJV1h" performance="conductor" grossFee="-1888792175.72"
                 modifier="B" IPI="W9CfPDHWCZW0tC7ZI3g2LCOQGIVaP" birthDate="2019-12-18Z"/>
            <Participant name="wzAXGmHfxKm3YE4" role="performer" IPDN="atEGrUbj.g1w" performance="soloist" grossFee="-353095399.20"
                 modifier="B" IPI="BGW7zcuDTcw1dfohXsKxFP9" birthDate="2018-11-12"/>
            <Participant name="spH.hcY" role="remixer" IPDN="aaQweT.S_HJNFsUYMrdbO" performance="chorus master" grossFee="-1329818031.96"
                 modifier="C" IPI="rxfAOXZ-g0UUz7b5s0x" birthDate="2019-11-19Z"/>
            <Participant name="n0EpXkLNppxhm6KvyszF2zt" role="arranger" IPDN="rTwPtSN89.J7qDeI9xCmPua" performance="conductor"
                 grossFee="-344565501.86" modifier="A" IPI="P4ql7" birthDate="2019-05-12Z"/>
            <Participant name="_vlsNUKMlf4HwKlCdhf9.Z" role="producer" IPDN="Bt" performance="soloist" grossFee="605516819.76"
                 modifier="B" IPI="gbBEGpr0iBk" birthDate="2020-04-21Z"/>
            <Participant name="nCcDMjQtWHv1" role="music director" IPDN="vz-eYlOIzbbVlgF97HOObxplvGJL" performance="conductor"
                 grossFee="841668480.87" modifier="C" IPI="PUHrk1FnhxwBBf9" birthDate="2018-07-08"/>
            <Participant name="BS3C.u3PDd3vetIT8gL" role="performer" IPDN="K0" performance="soloist" grossFee="-147894484.89"
                 modifier="C" IPI="zcIEZGUeB518Jy87Z8o" birthDate="2019-06-30"/>
            <Participant name="zBbotzvzpW2SCEMnHhs42KxHVrbp" role="subscriptwriter" IPDN="cleC0vrcnaa" performance="chorus master"
                 grossFee="-32931959.55" modifier="C" IPI="mOmYyv0h2QXjqolis" birthDate="2019-02-13Z"/>
            <Participant name="n.EXeQ-3OtFxBzWaFuhpV.X3" role="performer" IPDN="b8lzcBgutrVM-d1ZXqFK9t1sq" performance="main"
                 grossFee="-1322066465.95" modifier="A" IPI="bvrMFvC6ziL2XB.AX" birthDate="2019-11-13Z"/>
            <Participant name="USVAmKG" role="sound engineer" IPDN="RO2lOMGu4mMJ" performance="chorus master" grossFee="693210695.54"
                 modifier="C" IPI="zOskbFJhoMhC0By4YL" birthDate="2019-07-31Z"/>
        </Participants>
        <Record title="B3uVhHT" spins="765027824" ISRC="MX6B9G3U4F5X" year="8264" producer="G" label="P3jEpEnVg30on6"
             recordNo="MRK6ZIq7PAyMbX3lEvGRA" serialNumber="J.bma" isPremiere="0" usage="jingle" ISWC="rgWTtj"
             AKA="LAA-ct" genre="pop" broadcastedFrom="2019-06-15T11:21:16" broadcastedTo="2018-09-22T11:21:16Z"
             runtime="1539818239" origin="free usage" alternativeTitle="cXAW9elQ_Bb8-nOVC21-Z7O4" recordedFootage="1929982574">
            <Participants>
                <Participant name="OlMrr0" role="performer" IPDN="yKqHMJpwT6XW3WRFJl3Ub" performance="chorus master" grossFee="-1232790744.27"
                     modifier="A" IPI="fKv9p0ZfVj4IbHQv" birthDate="2019-07-26"/>
                <Participant name="r0EBtdxk" role="producer" IPDN="eENXtVU-_LjVakr7dc2zvZP3kTXNB" performance="soloist" grossFee="2139811699.38"
                     modifier="B" IPI="ZJLn2Hh3" birthDate="2019-01-26Z"/>
                <Participant name="d.veUxe4xd7.zn0PE2JM" role="composer" IPDN="mF9ywkrYtuSteNh0aF" performance="chorus master" grossFee="-95815658.66"
                     modifier="C" IPI="AbX" birthDate="2019-02-03"/>
                <Participant name="BJ7uVL6A38jUIiXbgwoAj8h-yZ9" role="performer" IPDN="DnRw-N-y1ILx" performance="chorus master"
                     grossFee="-2125237324.53" modifier="B" IPI="Va19bkr7AeMdDrmUck-02nm6yg_" birthDate="2019-08-22"/>
                <Participant name="JgfeM1cy.HEQD45" role="composer" IPDN="WcxdSuUh5rPXvqmCkQjZsA00hh" performance="main" grossFee="1897912479.88"
                     modifier="B" IPI="gXb80r2E6IncQAz" birthDate="2020-05-06"/>
                <Participant name="G_QVepEJ3L9r7BbOUxjDI.CEXW" role="performer" IPDN="_bRAILQG5SeqCs2AXyUgVnNwGo" performance="conductor"
                     grossFee="1075233228.88" modifier="C" IPI="MWY048FV4bMetcz" birthDate="2020-01-02Z"/>
                <Participant name="S-jFkk8jb-BzkL" role="music director" IPDN="MZ3kimGlP4.SB2NbG8" performance="conductor" grossFee="1032088681.15"
                     modifier="B" IPI="C13V6tFY7Nlm2rzzK.bcGxQHAb5dA" birthDate="2019-02-19"/>
                <Participant name="yjITM" role="composer" IPDN="v_qI_GoUs7n" performance="soloist" grossFee="854896294.96" modifier="C"
                     IPI="z" birthDate="2019-09-11"/>
                <Participant name="j9yz30HysWj" role="subscriptwriter" IPDN="r5oRkTkynAb4mq" performance="conductor" grossFee="-614065985.52"
                     modifier="A" IPI="oXAtXLJss" birthDate="2018-12-05Z"/>
                <Participant name="xcu7B70" role="subscriptwriter" IPDN="vA7KYZofSn" performance="conductor" grossFee="340763773.75"
                     modifier="C" IPI="DgNyoVgVBtbifwrLTiQYgE_JFSCz1Z" birthDate="2020-03-28Z"/>
            </Participants>
        </Record>
        <Record title="NiQwvDjN.6INfGIbPGB7D" spins="197358349" ISRC="5FI4NZ1Q71G4" year="4098" producer="pXuHrp9mR.ALRe6iUfdEzItSoxmPgq"
             label="g_lulMmlVJ_DDiD7frKhu" recordNo="l4qOoZHg_02" serialNumber="kqxE1a7E0" isPremiere="1"
             usage="broadcast" ISWC="N6-m26ngEXR2_7A53XWLTquV" AKA="k" genre="classical" broadcastedFrom="2020-01-21T11:21:16"
             broadcastedTo="2019-11-18T11:21:16" runtime="1888514158" origin="report" alternativeTitle="jnPZ"
             recordedFootage="1955356452">
            <Participants>
                <Participant name="DnHuk9XUyBe39uWCcYm2" role="producer" IPDN="nBRFQaGsY67lnUi7x_sYc6d5mI9B" performance="soloist"
                     grossFee="309967720.35" modifier="B" IPI="QTp0eatTBpqdRwTWmhO_NdPt7E" birthDate="2018-12-26Z"/>
                <Participant name="S6CjzMTLawbtjjGe9BuWZZz9Cy7" role="sound engineer" IPDN="an" performance="soloist" grossFee="-1493568919.19"
                     modifier="C" IPI="YT9oNfVb_2vryZlK" birthDate="2020-06-07Z"/>
                <Participant name="gEE2Hn4rH8Gg" role="scriptwriter" IPDN="pOyXUk6Pd0s5GljRWeTXVYj" performance="supporting" grossFee="-1922751355.06"
                     modifier="B" IPI="f5tf8gccHb-7RkHG" birthDate="2018-12-01"/>
                <Participant name="OGH29BgZXQNiElSE5h21N43_-e" role="scriptwriter" IPDN="sn" performance="chorus master" grossFee="-2125665429.16"
                     modifier="C" IPI="LTL5yw1ziIe2L2-fnyU" birthDate="2018-12-15Z"/>
                <Participant name="TsA6qVA7P8HNp.ENln" role="sound engineer" IPDN="Nv-.gJAgp4yGIs1rY51" performance="chorus master"
                     grossFee="-502105503.64" modifier="A" IPI="Dx8GckMWc_F30pbm0HcppAyOrcSNWh" birthDate="2018-09-08Z"/>
                <Participant name="lePXNzx64YgPkFfndRXfqtcUV" role="producer" IPDN="fzj" performance="supporting" grossFee="-2084411535.39"
                     modifier="A" IPI="q" birthDate="2019-07-05"/>
                <Participant name="j2HJDdfCXH7" role="music director" IPDN="D" performance="chorus master" grossFee="-137239125.74"
                     modifier="A" IPI="g8UbuDgJRg" birthDate="2018-11-12"/>
                <Participant name="lqw5Tc5eL0AGxkhqr9Zw0y1w8uu" role="arranger" IPDN="bR_OIcfn7GEwZiEcb7Km" performance="chorus master"
                     grossFee="1671908740.65" modifier="C" IPI="QoD8u1O.9-ZqNr9cySU2" birthDate="2019-08-10Z"/>
                <Participant name="dqnUXXZxpGiUq_jduxo1AXWF" role="performer" IPDN="v5o2mBGXhfLQtUu" performance="main" grossFee="1091093155.51"
                     modifier="B" IPI="sJrQu_TWZvGfekL3" birthDate="2019-10-02"/>
                <Participant name="A7ny3yNnQlrWQwfL6.MoDo" role="producer" IPDN="da6Koa1Sv00lw2JhA5" performance="soloist" grossFee="676685248.26"
                     modifier="B" IPI="jbfB271pOp1WH4RUzaj9I7W5f-wmFM" birthDate="2018-07-03Z"/>
            </Participants>
        </Record>
        <Record title="g3n-dU" spins="469034131" ISRC="U4U5871FY47N" year="2565" producer="MP-I-xK431t" label="URqB877"
             recordNo="j" serialNumber="MoXRkDxL-BUgA57Qc" isPremiere="0" usage="commercial" ISWC="E4Wxc6MvyqoMuvwPNOAl"
             AKA="Nn50xhQV.wDQD17WM" genre="commercial" broadcastedFrom="2019-05-08T11:21:16Z" broadcastedTo="2018-09-09T11:21:16Z"
             runtime="2137127837" origin="commercial" alternativeTitle="aCBQDt33fqlrVcF1YzOkHC" recordedFootage="1695745499">
            <Participants>
                <Participant name="Pwkqj" role="composer" IPDN="fuBrDqNeu713vkTHMoYSf" performance="main" grossFee="777302428.42"
                     modifier="A" IPI="vOeTWeBlm6biorR1tXtH" birthDate="2019-06-24"/>
                <Participant name="q" role="music director" IPDN="spf64TvNEpBciPNONBmee1iK3O1l" performance="supporting" grossFee="976518247.59"
                     modifier="A" IPI="HNZSKUk8" birthDate="2018-07-06"/>
                <Participant name="LD3C9stRRr." role="arranger" IPDN="oydV" performance="conductor" grossFee="1966055001.87" modifier="B"
                     IPI="b" birthDate="2019-07-01Z"/>
                <Participant name="G" role="arranger" IPDN="SXCj_EQ8Rkq-3IUIsj0VF" performance="conductor" grossFee="400141427.85"
                     modifier="A" IPI="qmhoQMOpEhGeZ" birthDate="2019-05-29Z"/>
                <Participant name="lTT6jozr" role="composer" IPDN="x" performance="soloist" grossFee="-620952169.52" modifier="B"
                     IPI="P" birthDate="2020-05-12Z"/>
                <Participant name="Ng" role="producer" IPDN="MIvku8i_x1SAFVfyr" performance="soloist" grossFee="919479540.84" modifier="B"
                     IPI="PabpWS8Xpo" birthDate="2020-05-03"/>
                <Participant name="rLb4d52pbZ6lAHD9VJjf6pN" role="producer" IPDN="gMIChmpbqOTW" performance="main" grossFee="-1860745960.10"
                     modifier="C" IPI="S82iAob9.2nToXPUHZNp5Fk" birthDate="2019-11-28Z"/>
                <Participant name="nFb" role="music director" IPDN="PQ53SNuc-9aLw_bpqlYZTsrpCEM9" performance="supporting" grossFee="-77088117.37"
                     modifier="B" IPI="ytI.FwsS" birthDate="2020-01-02"/>
                <Participant name="zXYyVwXw" role="arranger" IPDN="_6Gz" performance="chorus master" grossFee="-543908717.30" modifier="B"
                     IPI="gSYPBU4RD5lX" birthDate="2019-06-30"/>
                <Participant name="XF7qslQ93A_s0Nf4.X8-kjclFWrasW" role="scriptwriter" IPDN="DhhxZ" performance="conductor" grossFee="543051225.84"
                     modifier="B" IPI="Ik" birthDate="2019-05-25Z"/>
            </Participants>
        </Record>
        <Record title="n-huCDwHvSk8Rk" spins="1726132026" ISRC="25L3Z0X7K867" year="2456" producer="QoSuQE4" label="i2Jf4VpkShnJHrhmdlgBtogRjW"
             recordNo="XhRX5" serialNumber="nBqHaOJ7_MxDhTA" isPremiere="true" usage="broadcast" ISWC="WrISO_wYhR"
             AKA="tjr1mqjYlME-A_f14OoUkRgA8xC" genre="composed" broadcastedFrom="2020-01-27T11:21:16"
             broadcastedTo="2019-12-26T11:21:16" runtime="287507981" origin="recorded stream" alternativeTitle="CldrEaGI-KrxxShG"
             recordedFootage="330442936">
            <Participants>
                <Participant name="Zlx4zUt4ppg8cAto8.L" role="arranger" IPDN="cHIbCDSf4" performance="main" grossFee="817261283.68"
                     modifier="C" IPI="Vo2jGvjHfNdHib2x-" birthDate="2020-01-13"/>
                <Participant name="DN.8Pen2A-RmaTRYj1yU" role="arranger" IPDN="tR-x5dnfVSEHuGLv3Vngfaf" performance="main" grossFee="534334478.46"
                     modifier="C" IPI="C-AqVq5gymH1Y80GY9V7dz" birthDate="2019-01-05"/>
                <Participant name="lRRr9Vam" role="composer" IPDN="pJeKQDHKX4DOdf-e8f2x" performance="chorus master" grossFee="-382419552.12"
                     modifier="C" IPI="sJK_x-m" birthDate="2020-02-09Z"/>
                <Participant name="ay9NItzzWt7LR9" role="scriptwriter" IPDN="fnkSo" performance="main" grossFee="182086329.76" modifier="A"
                     IPI="uAaZm0IM" birthDate="2019-01-06Z"/>
                <Participant name="AFq" role="remixer" IPDN="Qh9" performance="chorus master" grossFee="-888021491.70" modifier="B"
                     IPI="oHa-21h.Y2.JHnuwzp8X" birthDate="2019-05-07Z"/>
                <Participant name="_" role="performer" IPDN="wkV5aOanWU-eaifjbsk" performance="chorus master" grossFee="1637026272.76"
                     modifier="B" IPI="gW" birthDate="2020-02-22Z"/>
                <Participant name="WOLk" role="remixer" IPDN="aqQU7Pt" performance="chorus master" grossFee="-1850921349.14" modifier="C"
                     IPI="sBkIx2x" birthDate="2019-09-24"/>
                <Participant name="GWS" role="producer" IPDN="Z.OKL" performance="chorus master" grossFee="-1663885911.61" modifier="C"
                     IPI="ImedTcJj8DCYaygs9aSrh9" birthDate="2019-06-06Z"/>
                <Participant name="tXp6ib2k" role="arranger" IPDN="VTg9_V0pPG3hJY" performance="soloist" grossFee="1449701033.35"
                     modifier="A" IPI="uSw3q" birthDate="2018-11-08"/>
                <Participant name="M8zWO0-QBv9JcmvdGcKlazb-Vhpqy" role="remixer" IPDN="MYVy5jnmK" performance="main" grossFee="2131981347.48"
                     modifier="A" IPI="Rxps1lel" birthDate="2019-06-12Z"/>
            </Participants>
        </Record>
        <Record title="QWGMR_W7RLW4eZHYNjkB-GGx" spins="1074052839" ISRC="73H56LJU5S25" year="3659" producer="XY.MxBJPO2E5wi4kfbonz"
             label="tl-dTTiorZ" recordNo="ds1CFUcmU2SQVbQMbsR7OwFw6z" serialNumber="FIcH_AVzOR_" isPremiere="1"
             usage="broadcast" ISWC="b3aJvs7tSUc8bbn" AKA="BF3NdyzYi7ILjbznYKjtbM1" genre="spoken word"
             broadcastedFrom="2019-11-23T11:21:16" broadcastedTo="2018-12-16T11:21:16Z" runtime="523355035"
             origin="live broadcasting" alternativeTitle="jVyobwCxuaIJqZ" recordedFootage="1895163773">
            <Participants>
                <Participant name="AEHHpi" role="arranger" IPDN="PC" performance="conductor" grossFee="-1012158204.01" modifier="A"
                     IPI="k._eKA" birthDate="2018-12-02Z"/>
                <Participant name="KIi" role="arranger" IPDN="n_CNo-Cy." performance="soloist" grossFee="-8126589.52" modifier="A"
                     IPI="Ww" birthDate="2019-01-17Z"/>
                <Participant name="aEjZXkuEfwBqonfESwHT2" role="arranger" IPDN="q0_fXXDcMnB9nbYVtv6m7TF" performance="main" grossFee="377436399.50"
                     modifier="B" IPI="h" birthDate="2019-11-23Z"/>
                <Participant name="z9mLvdopaEECt" role="subscriptwriter" IPDN="auhvGv.t" performance="chorus master" grossFee="-118387331.35"
                     modifier="C" IPI="FWYFczuAT3n2RVM" birthDate="2019-01-19Z"/>
                <Participant name="tX-wvaBEU0A9SGpixfZ1h8-Bxa" role="subscriptwriter" IPDN="gkmw1MSobFvFwGAn" performance="conductor"
                     grossFee="-257540086.99" modifier="A" IPI="KWlU" birthDate="2020-05-08"/>
                <Participant name="yy7S3UNdVFqVH.RFlRYaaC" role="music director" IPDN="CaodtblGlfJ.Jl" performance="chorus master"
                     grossFee="1425209519.42" modifier="A" IPI="eEBOvgK4" birthDate="2020-05-28Z"/>
                <Participant name="zY.UON3l7CaIvstOKo9.fd3g" role="arranger" IPDN="C0lvMdOccXW" performance="soloist" grossFee="-958320669.28"
                     modifier="C" IPI="EJhG7BI30EVwO0" birthDate="2018-08-13"/>
                <Participant name="h" role="remixer" IPDN="CUKqIXYRKfUzRvLuy" performance="conductor" grossFee="-211663615.14" modifier="B"
                     IPI="gG-AVJFc_pzLH.yoqNTB7Wx-" birthDate="2019-11-05"/>
                <Participant name="_y_zHaSGnUwPDC" role="subscriptwriter" IPDN="ereKI_-6NGDnrMMT2G0uD" performance="main" grossFee="-181186297.12"
                     modifier="C" IPI="AjO-uOjQc" birthDate="2019-09-21Z"/>
                <Participant name="ounxTwZv1ji_9ceC5" role="scriptwriter" IPDN="xTNits_0o5QQRUfqz426rWBgNYq7Z" performance="soloist"
                     grossFee="1293342980.77" modifier="B" IPI="fYqYMiDE" birthDate="2019-07-01Z"/>
            </Participants>
        </Record>
        <Record title="wuIZbzS.-_uTwTJ7e0do_HrXi2u" spins="1899162090" ISRC="XM8U643R1286" year="6856" producer="Aag5eZhIUc5OWY1R1"
             label="As8rAAhtHJPdgx9rCtf5DScyk" recordNo="nl27Ve_XYmdqfn6QYnKeFAezMmc4" serialNumber="bFACm"
             isPremiere="1" usage="jingle" ISWC="Y6gX9VOjb0rbWgJBp7" AKA="yVHMMv" genre="commercial"
             broadcastedFrom="2018-11-18T11:21:16" broadcastedTo="2019-09-10T11:21:16" runtime="574384974"
             origin="live broadcasting" alternativeTitle="pbQy9npyGjpyMprEQL" recordedFootage="129680967">
            <Participants>
                <Participant name="mZXhV" role="composer" IPDN="dKtRBE56YLgyGz9swQyG1" performance="supporting" grossFee="404773821.58"
                     modifier="C" IPI="ALiLlvLxTl.31" birthDate="2019-03-09"/>
                <Participant name="hOpTQ.BWDUazDHvE.nowbdgHBYDXd3" role="music director" IPDN="D9_-4rmENmM1DvRdHdk2xqi" performance="chorus master"
                     grossFee="-1645956041.96" modifier="B" IPI="QvcRG-Dn0" birthDate="2018-08-07Z"/>
                <Participant name="omry5Ow0bI_eE7Yz" role="producer" IPDN="t7EJlFDN8Q_1bFO" performance="supporting" grossFee="-1313018014.05"
                     modifier="B" IPI="Veqd84FYM" birthDate="2019-02-20"/>
                <Participant name="w-z3muUW3XqOrpLw." role="arranger" IPDN="kp2gyto0FkPbqnkRBs" performance="chorus master" grossFee="-2035662462.42"
                     modifier="C" IPI="mp11nLtIE0tapD4" birthDate="2019-07-13"/>
                <Participant name="p9YzYfPr" role="composer" IPDN="wXHXw7" performance="chorus master" grossFee="1624471164.42" modifier="C"
                     IPI="j7jWTBuAiemodmTzRGWjg2nrBkx" birthDate="2019-06-23Z"/>
                <Participant name="rGr5-heR-LDbogXh0o" role="arranger" IPDN="om_rlom" performance="chorus master" grossFee="-1793538790.08"
                     modifier="A" IPI="JCmISfiDQ.OsukmgPBx8RHvNqFSV" birthDate="2018-10-11Z"/>
                <Participant name="xGs7.0Wdpn" role="producer" IPDN="xxpcY.v9" performance="conductor" grossFee="-167476997.26" modifier="C"
                     IPI="l66R.Hm7tM3QTUBy" birthDate="2018-11-06"/>
                <Participant name="tDy9AAcz_h2r9cTzhJ" role="arranger" IPDN="fr0U07ad" performance="conductor" grossFee="-1258979066.97"
                     modifier="A" IPI="HREPbO78zhSvadHCPI" birthDate="2020-05-23"/>
                <Participant name="TIhhKXvpk4oGm" role="sound engineer" IPDN="u4lZwBJnYQKf_" performance="main" grossFee="850668359.97"
                     modifier="B" IPI="wZYKy" birthDate="2019-07-25"/>
                <Participant name="nLHHGqhP.cx5KIrN" role="arranger" IPDN="FGBFjQeIK8xQhRA93L4vmNQz" performance="supporting" grossFee="-984282792.77"
                     modifier="B" IPI="T19CaDJ.SXgUBpi" birthDate="2019-03-15"/>
            </Participants>
        </Record>
        <Record title="xaFqQxGL2Y1xdSG" spins="1134781987" ISRC="85JQ496L003X" year="2636" producer="U.RI3P7xVedK77jkphnXXbK"
             label="Ai4nzxB8EdaNzKaKmvtqipkjZC9FL0" recordNo="AoQgBnfWC" serialNumber="g3qHgpHKdDB" isPremiere="1"
             usage="jingle" ISWC="ixEc-0nkePhC" AKA="ax4ggp3Byy07U_CBK2sdrGqmuBg0" genre="classical"
             broadcastedFrom="2019-10-02T11:21:16" broadcastedTo="2018-08-07T11:21:16" runtime="757434831"
             origin="commerce" alternativeTitle="ypYOV" recordedFootage="1161066790">
            <Participants>
                <Participant name="q" role="sound engineer" IPDN="OHfQLDM6q45zAEXggd" performance="supporting" grossFee="143915039.26"
                     modifier="B" IPI="q5YjjZMGX" birthDate="2018-10-04Z"/>
                <Participant name="f9uvG.U3xHwm26yLn5Lw" role="scriptwriter" IPDN="G50zotteuM5cv" performance="main" grossFee="-420555733.82"
                     modifier="C" IPI="m5KJVXX4" birthDate="2018-07-21"/>
                <Participant name="f3GV5SYbqWLvf_2s" role="producer" IPDN="ocrJXtLUK" performance="soloist" grossFee="-1781315128.78"
                     modifier="C" IPI="RfHvbS6Q_gicY70xNwQtsgMRUr2Cq" birthDate="2020-02-06"/>
                <Participant name="OaTq" role="arranger" IPDN="oDqTqUm..q0M02AkmAUCmRxsW" performance="soloist" grossFee="1670701524.91"
                     modifier="A" IPI="CBTpQT9kuwMh0e" birthDate="2018-08-21"/>
                <Participant name="H9gixu" role="sound engineer" IPDN="runujVbtqZCfKUVQNFLt" performance="main" grossFee="945778874.20"
                     modifier="A" IPI="YJMeV6GJ9_yPv-0KTHumZxFc" birthDate="2020-05-18Z"/>
                <Participant name="sGLIY" role="performer" IPDN="XhSmsJB" performance="conductor" grossFee="-812647007.17" modifier="C"
                     IPI="K2xOpVQRDRs4QCLN-gCEfHQf" birthDate="2019-10-13"/>
                <Participant name="kNFWIpG8OLpGzTW_O1hk" role="sound engineer" IPDN="yz_78CnaWEky" performance="main" grossFee="1267846481.84"
                     modifier="B" IPI="VuoJTzk7vn7aaPRX1tGLbbORuR" birthDate="2019-09-29"/>
                <Participant name="kc" role="producer" IPDN="x12WF" performance="conductor" grossFee="-963308028.18" modifier="C"
                     IPI="j4nxQIpATfPILph8jt1WM" birthDate="2019-02-20"/>
                <Participant name="AT83oPN2k5q" role="sound engineer" IPDN="NKRDpFpdnZJpO" performance="conductor" grossFee="1960138094.15"
                     modifier="C" IPI="LEoLVBVxe6DRRoRZCe0QKhzm984" birthDate="2018-11-24Z"/>
                <Participant name="JGAxrqyeAgl6aq" role="arranger" IPDN="bO1VjHVET-jy" performance="supporting" grossFee="1350384588.65"
                     modifier="C" IPI="wpyvOXpwjw6M" birthDate="2018-09-04"/>
            </Participants>
        </Record>
        <Record title="V2dTI5ebVWQzqDet7Uje0dBA00Hb" spins="2042168661" ISRC="2YZBV28IDAFC" year="5413" producer="y7IFnkXhCIq"
             label="ol8B0GYT35LwtcR6vTMN" recordNo="_8_4HYhGTwv_SJrPQHW7e" serialNumber="Y-zsieWDI57RsGzvEOsbvFS1"
             isPremiere="true" usage="jingle" ISWC="xdt9Sju7C1sdpMavjcjdrDuRRidi" AKA="ZNSGHN27l37xhnHvbWhzLkDYKdG"
             genre="jingle" broadcastedFrom="2019-04-09T11:21:16Z" broadcastedTo="2018-11-14T11:21:16Z"
             runtime="726685163" origin="report" alternativeTitle="qV" recordedFootage="394086443">
            <Participants>
                <Participant name="fR2_6b.fTlRFwvEb119w_FZOYP.4" role="producer" IPDN="eVyMm0TsKHDBHJ34V6" performance="chorus master"
                     grossFee="432976252.80" modifier="C" IPI="Lk8Ys-SypLN5MRFdm0vRxfMzjOc" birthDate="2018-11-28Z"/>
                <Participant name="TzfT" role="remixer" IPDN="Vl1GF2" performance="soloist" grossFee="-1374990775.83" modifier="A"
                     IPI="Gd9pJ0" birthDate="2019-06-03"/>
                <Participant name="rl3qUHR5oymNypXI" role="producer" IPDN="IMXq0yzTbr0Etrl" performance="supporting" grossFee="-248344353.38"
                     modifier="A" IPI="X6FVZaa0XK0" birthDate="2020-01-30"/>
                <Participant name="rjYIBshq" role="music director" IPDN="xWjqbbqq9EX2zXbt3sItApR" performance="supporting" grossFee="512104228.99"
                     modifier="A" IPI="UEIai.8y9vNcCS_FYB_Xm" birthDate="2019-06-23Z"/>
                <Participant name="XiZT" role="performer" IPDN="JoodWljpRs8_J" performance="main" grossFee="-438036533.22" modifier="B"
                     IPI="jO6zHviNiQt7avad52ogp" birthDate="2018-07-29Z"/>
                <Participant name="HSvbBV95V2wWUgCYCzO3dQCxmH" role="sound engineer" IPDN="woanD41Q" performance="chorus master"
                     grossFee="1265836312.77" modifier="A" IPI="gdamOwZQoX8yf4mdvj.Lm9w5NhBtPe" birthDate="2020-01-06Z"/>
                <Participant name="JXYyAZGT1vs0U9" role="remixer" IPDN="QfU9O8OPwv.DnDtHMnyzno0ZIip" performance="chorus master"
                     grossFee="-2125653887.15" modifier="C" IPI="roUHxb8pHscZ6" birthDate="2019-09-03"/>
                <Participant name="BcKMPbii-CrK8lLSpGA4yr" role="subscriptwriter" IPDN="ucbiB7QHMEF8uxV-jQOjPZp" performance="soloist"
                     grossFee="-910513324.99" modifier="A" IPI="Y44ee8h_vM_IqLM.zuvoHDRN" birthDate="2018-11-25Z"/>
                <Participant name="m4R8MhiBTzzoJn0SjmYiu6BjHT6V" role="sound engineer" IPDN="yqhrtSgZqJ3sh" performance="conductor"
                     grossFee="256965202.98" modifier="B" IPI="EHBoNGFhzOig." birthDate="2018-08-27Z"/>
                <Participant name="uqn0xDNI" role="subscriptwriter" IPDN="mzV9.e5c.RTM6Y.ktd" performance="soloist" grossFee="-233910143.95"
                     modifier="B" IPI="TO" birthDate="2019-03-22Z"/>
            </Participants>
        </Record>
        <Record title="Co4y3Ivy9dpjJoXB4vQ" spins="957366091" ISRC="7ND0J575DJ34" year="4793" producer="KUo1b" label="O8AQ-TGb-kNMNk5DKfc"
             recordNo="I9Qxp6Gl4FPooe3" serialNumber="EIazkII9REL-OASJZK2unDFMx8l" isPremiere="0" usage="broadcast"
             ISWC="wJ-msF" AKA="eravBOMi9RfGS4nnq" genre="pop" broadcastedFrom="2019-09-22T11:21:16"
             broadcastedTo="2018-07-03T11:21:16Z" runtime="452675869" origin="live stream" alternativeTitle="y1"
             recordedFootage="1620467229">
            <Participants>
                <Participant name="O2wz" role="scriptwriter" IPDN="rd4bfuNUX0o" performance="main" grossFee="193998273.87" modifier="B"
                     IPI="NywwIB4aG3LuFA" birthDate="2019-11-05Z"/>
                <Participant name="nsHxEc7fw_KR6jx" role="performer" IPDN="M8VE_qhw2KDo_CFbZIBIV" performance="chorus master" grossFee="-1681908624.20"
                     modifier="A" IPI="uXw_Fc-NriSF1DuBrCKebZ" birthDate="2018-12-30"/>
                <Participant name="Jy3XnD4P20BfiaMbW9dx5PL" role="subscriptwriter" IPDN="rj6dP-f9F" performance="conductor" grossFee="-733913606.85"
                     modifier="B" IPI="PAoZkdf" birthDate="2018-12-02"/>
                <Participant name="nDjyj.LhUpUzQK" role="music director" IPDN="RrPRyQX0oWnC5kipXEuM" performance="main" grossFee="-779180686.79"
                     modifier="A" IPI="zdyW_" birthDate="2020-02-26Z"/>
                <Participant name="Gj" role="remixer" IPDN="gh-w" performance="chorus master" grossFee="-1697594882.27" modifier="C"
                     IPI="rMd0QK-yupM" birthDate="2020-06-01"/>
                <Participant name="ds" role="producer" IPDN="I8YdSdTKw4o5j4NO_No" performance="chorus master" grossFee="1375919212.12"
                     modifier="A" IPI="iNbSZCabposx54QPU9jHa6" birthDate="2020-03-31Z"/>
                <Participant name="CRGbwAq8A" role="scriptwriter" IPDN="gW1x7vDuKd" performance="soloist" grossFee="1085166808.07"
                     modifier="C" IPI="aNcgnpDwKf2W4_HyvH-6hxkYz6yd" birthDate="2020-04-24Z"/>
                <Participant name="ATbYHy0byRIIaamApNUGsPQSD" role="composer" IPDN="V4vvR1Ai_9DB6s" performance="soloist" grossFee="100976439.97"
                     modifier="A" IPI="_QBa-k_ewHv" birthDate="2020-04-30"/>
                <Participant name="AXkS-oeowQ6yTlOvUCWsVXs2HGdIf" role="music director" IPDN="oFl4dx5" performance="conductor" grossFee="1403411324.77"
                     modifier="B" IPI="pebRL.Fl_Elxc" birthDate="2018-08-10"/>
                <Participant name="FGOS3faO4_Gbwlrud" role="sound engineer" IPDN="UvQoWMNyTXhVd7Kk2WT5H" performance="conductor"
                     grossFee="758413267.14" modifier="B" IPI="ic-" birthDate="2018-08-17"/>
            </Participants>
        </Record>
        <Record title="vb5hPA" spins="989431250" ISRC="R6416C844Z79" year="6921" producer="_vVbQ6MtL" label="pl" recordNo="eyKQL7WvZvkwpjpjo7MvMTz9I"
             serialNumber="A0fyB" isPremiere="0" usage="commercial" ISWC="sotJOqxgEli" AKA="ZBFCs6tL"
             genre="classical" broadcastedFrom="2019-03-21T11:21:16" broadcastedTo="2019-12-21T11:21:16"
             runtime="1831181472" origin="free usage" alternativeTitle="cZdqEdwKob_TCC-AaKwu2U0US" recordedFootage="174726789">
            <Participants>
                <Participant name="Rwa_88gMKpcmvZr" role="scriptwriter" IPDN="KG15n" performance="soloist" grossFee="525424991.33"
                     modifier="C" IPI="X3rosXSi3br2fNH8XJ_1lzYE" birthDate="2020-04-07"/>
                <Participant name="jO-G" role="music director" IPDN="Z9y2pB" performance="main" grossFee="-101737223.69" modifier="B"
                     IPI="KEb1_mRO" birthDate="2019-01-11"/>
                <Participant name="kSN4z" role="sound engineer" IPDN="X63sJ-NGtC91X.z1Va" performance="soloist" grossFee="809137015.80"
                     modifier="A" IPI="X2TAmZ" birthDate="2020-05-05Z"/>
                <Participant name="iHHmF9VlSfjTML09loC" role="subscriptwriter" IPDN="QazKO8-D6mDEVyp.cUw_A1jq" performance="chorus master"
                     grossFee="1168034966.50" modifier="B" IPI="A7mbhv.2xaOFOsRvP" birthDate="2019-05-31Z"/>
                <Participant name="qFGneEcxbI2FMLHqkUH" role="scriptwriter" IPDN="q1EGMK5G8V-xvGmMgF6FU5cc8EVnOF" performance="main"
                     grossFee="356537131.78" modifier="B" IPI="Bh-a9OdVZ9ztX" birthDate="2019-04-22"/>
                <Participant name="V3fnB.EG4mmiI" role="music director" IPDN="HEj.0fhy" performance="supporting" grossFee="1272492436.22"
                     modifier="A" IPI="ZVk8881nHtHgZxvVcAh." birthDate="2018-09-30Z"/>
                <Participant name="N3" role="remixer" IPDN="Ceip_qyJKRXod77SHzWYu597O5i9" performance="conductor" grossFee="-1378562876.29"
                     modifier="B" IPI="YPtX.bVxMJRMgrKXtdESND_KiX" birthDate="2019-03-23Z"/>
                <Participant name="afxflrbr7-xHXcq_bx.9dzoI.Fn" role="music director" IPDN="s" performance="supporting" grossFee="-700347169.94"
                     modifier="C" IPI="OA3_vdQ3VbGjjwOiqemJ_tx" birthDate="2019-08-07Z"/>
                <Participant name="I.U1VWnxt1CHntiEO-KC0" role="remixer" IPDN="_kCOfCNN7zz-Vj7GI039h2gSv.S" performance="chorus master"
                     grossFee="-1003349736.70" modifier="C" IPI="PwJ0vxa5" birthDate="2019-08-02Z"/>
                <Participant name="dPw0r3" role="remixer" IPDN="jJZki2uj" performance="chorus master" grossFee="-1636092734.68" modifier="C"
                     IPI="AxFMx3UdWa0D" birthDate="2019-11-11"/>
            </Participants>
        </Record>
    </Record>
    <Simulcasting from="2019-06-24T11:21:16" to="2018-09-17T11:21:16" station="LdbBV8sS"/>
    <Simulcasting from="2020-06-06T11:21:16" to="2019-07-13T11:21:16" station="vyzxKJc0ZD05_TGzrCF7D"/>
    <Simulcasting from="2020-01-12T11:21:16" to="2020-04-20T11:21:16" station="U5oA.N"/>
    <Simulcasting from="2019-10-06T11:21:16Z" to="2019-09-06T11:21:16Z" station="kalBM9cCh_p2bi2QSLbJbVELCdJYU"/>
    <Simulcasting from="2019-09-25T11:21:16Z" to="2018-09-11T11:21:16" station="WkqkGdFfK4U88v8keJUsOJXGXvy"/>
    <Simulcasting from="2019-05-22T11:21:16" to="2018-12-11T11:21:16" station="bLwzm1tSsS"/>
    <Simulcasting from="2019-07-17T11:21:16" to="2019-05-13T11:21:16" station="kz6ELR"/>
    <Simulcasting from="2019-04-28T11:21:16Z" to="2019-04-30T11:21:16" station="chKB5MJSYiHnBAJU"/>
    <Simulcasting from="2019-05-27T11:21:16Z" to="2019-03-14T11:21:16Z" station="qT"/>
    <Simulcasting from="2019-01-30T11:21:16Z" to="2018-11-08T11:21:16" station="KuggU4Hd4Rb2KdsS"/>
    <Record title="joCCk8gBTU.aculGP8UpDX7v" spins="1420843769" ISRC="3VZY4QIL7J27" year="2057" producer="LMhR28jvZaA58i"
         label="MoOkAF_2Eq61M1" recordNo="ufO" serialNumber="EGfXzW2FCIBPd5ytM4_W5" isPremiere="1" usage="jingle"
         ISWC="Yu3oZ" AKA="koVLrDwkZ8v.R9uWr" genre="jingle" broadcastedFrom="2020-02-24T11:21:16Z" broadcastedTo="2020-04-30T11:21:16"
         runtime="469238550" origin="free usage" alternativeTitle="Q2oD9NMw-TyYT3" recordedFootage="1043634506">
        <Participants>
            <Participant name="rcdtiWGxy3Ni52PZU8W4G8yheM" role="music director" IPDN="VJycmVPB-p_-qj_" performance="supporting"
                 grossFee="-352246429.90" modifier="C" IPI="uyYBwP-AxdwlaDq.WaC_X9JPRYgl" birthDate="2019-07-01Z"/>
            <Participant name="iBcsBS0FpyLFtDIZ8lxBL84500-o" role="music director" IPDN="v1H7ky3_d" performance="soloist" grossFee="-354508557.82"
                 modifier="B" IPI="wJ4gSRZaN" birthDate="2020-01-29Z"/>
            <Participant name="ZLfDGU8VcY-0.NmqYp" role="remixer" IPDN="jAIrVlGktx-Uy_rCp47HPNVpMD4AAU" performance="supporting"
                 grossFee="1756473553.15" modifier="A" IPI="GJZR5SV3s" birthDate="2019-09-02Z"/>
            <Participant name="bPfqj0zJtVaPHOOBN" role="arranger" IPDN="RykbcSyDdaDqQoQJC4" performance="supporting" grossFee="-741632587.56"
                 modifier="A" IPI="D6KyR3jgQuSecXWEc_jWjg" birthDate="2019-09-12"/>
            <Participant name="pp2pwdU6um" role="remixer" IPDN="FrlL-nL_shmgbkR" performance="soloist" grossFee="1447353927.04"
                 modifier="A" IPI="c0qFeQ4enPdscGWXjO" birthDate="2019-01-06Z"/>
            <Participant name="pDUkHrO1YABMLQHmhSbe2Cd" role="music director" IPDN="upfM8RQU" performance="conductor" grossFee="1275256690.14"
                 modifier="A" IPI="xwG" birthDate="2019-08-11"/>
            <Participant name="_5jjtmktUKLq6Wag" role="performer" IPDN="p.tYSYjoHcTp4BQcQUFDrQ5" performance="soloist" grossFee="-1727868062.30"
                 modifier="B" IPI="gSz1JXuf" birthDate="2020-03-05Z"/>
            <Participant name="cBRFEp" role="remixer" IPDN="sHvPODr7fwiGMaHbyc4eqC_PaR" performance="main" grossFee="-162813299.31"
                 modifier="C" IPI="B99uT4OM3LIscr8azqM774x" birthDate="2020-04-26"/>
            <Participant name="l" role="arranger" IPDN="we3v1oFFG_WK9C9J3" performance="soloist" grossFee="1491895151.46" modifier="C"
                 IPI="fRCJ6Gh79BNs.aZ" birthDate="2020-02-24"/>
            <Participant name="BXH.Z.OkuKOz" role="remixer" IPDN="u-noooPU5kEcgEl1" performance="chorus master" grossFee="-817653694.83"
                 modifier="B" IPI="vqPwDcr5bVkDQ" birthDate="2019-01-13"/>
        </Participants>
        <Record title="hPSpkdkU" spins="569033048" ISRC="4S21M30Y50Z5" year="6341" producer="RfsqV_sst.qz0a2lszJrAs.L"
             label="eCrH.Ii3DMGgSNALse" recordNo="tSkoaXF" serialNumber="rQcw6W_4R_Ueoirx.Hj26aEFflN05"
             isPremiere="false" usage="broadcast" ISWC="nvd" AKA="vl6QVDZUTDYZw80_p.QQ" genre="commercial"
             broadcastedFrom="2018-09-12T11:21:16" broadcastedTo="2020-02-18T11:21:16Z" runtime="345431231"
             origin="live stream" alternativeTitle="hZU3T17wC0NxIgAuHT7CEa5SGQw" recordedFootage="1707387394">
            <Participants>
                <Participant name="LrxbCGlAF0J7A7mtczV" role="sound engineer" IPDN="T1VReHvCkDtkqmKB" performance="main" grossFee="-2012788665.54"
                     modifier="B" IPI="tlVQXWjx6MHnIEaPPBGGB-" birthDate="2020-04-18Z"/>
                <Participant name="CQx4P9jp" role="remixer" IPDN="RPb8kSMfQqYr1QRj0-RumB" performance="chorus master" grossFee="-488076001.38"
                     modifier="B" IPI="niWRSd-tw" birthDate="2019-01-02"/>
                <Participant name="xB3kePCaaWs.nMI_xYhg7I" role="sound engineer" IPDN="pHIXjBThxKobYjXhvnmu5b.Yz9rl0." performance="chorus master"
                     grossFee="734646996.13" modifier="B" IPI="glpVGON" birthDate="2019-03-11"/>
                <Participant name="W6e35sMivbbT7" role="music director" IPDN="IrPX5xHpRh98j51ZJHn7m.S668E" performance="soloist"
                     grossFee="-1001162137.05" modifier="B" IPI="PpJn" birthDate="2019-06-13Z"/>
                <Participant name="X" role="subscriptwriter" IPDN="xos6C_muAKSxdauTArxt" performance="main" grossFee="1470759547.39"
                     modifier="B" IPI="IHgdvqTmp6u" birthDate="2019-03-25Z"/>
                <Participant name="NiQYeCyOl9hySS" role="music director" IPDN="pc29Vp7u_HxYI7Sj0p" performance="chorus master" grossFee="654726426.91"
                     modifier="C" IPI="axUEwOVTg" birthDate="2020-03-07"/>
                <Participant name="VSo9dcV1sAIujZwBPgfSL" role="producer" IPDN="n5Z6N8N7U2XhDJ" performance="chorus master" grossFee="1939757769.42"
                     modifier="B" IPI="KCM" birthDate="2019-04-26Z"/>
                <Participant name="S5dg1iLhbDYZZsiQG3fk3E" role="performer" IPDN="I3RTaSqNjiEpS1LWJ" performance="main" grossFee="-302334061.98"
                     modifier="C" IPI="_S9vJ3a8.cIMdAxw_" birthDate="2020-01-02"/>
                <Participant name="iyKBSXBHwo2K-eZ" role="subscriptwriter" IPDN="KXFxPjsnBz.7n3ne" performance="soloist" grossFee="-690516861.93"
                     modifier="A" IPI="vnrHriR4W1-VbiMwPQc7" birthDate="2019-05-09"/>
                <Participant name="noQkHmwZZOZ2vod8Gy.fQ" role="subscriptwriter" IPDN="hW-OxXWQTQUD" performance="supporting" grossFee="321424699.13"
                     modifier="A" IPI="SBNYTr3I-t_" birthDate="2019-07-02Z"/>
            </Participants>
        </Record>
        <Record title="y9HX63C_h" spins="182465005" ISRC="V9V245OTFK1E" year="5731" producer="gXE5" label="TDG6bChAPKvNMId"
             recordNo="NRdzUPYlIOIk_8jxF" serialNumber="PmBtSZi4CFmu7" isPremiere="false" usage="broadcast"
             ISWC="PED" AKA="Sf2_mPY_bXfT_tPSL" genre="composed" broadcastedFrom="2018-12-30T11:21:16Z"
             broadcastedTo="2019-08-13T11:21:16Z" runtime="1124207999" origin="report" alternativeTitle="_72lMoeq6kgk"
             recordedFootage="203902843">
            <Participants>
                <Participant name="ydoA" role="performer" IPDN="h4gfnb" performance="main" grossFee="1045125001.36" modifier="C"
                     IPI="eBhyFKqDk2er_l2tg3.0swx" birthDate="2020-06-09"/>
                <Participant name="DCKu8.RCb1Vo.TlM5sm6x" role="composer" IPDN="IATCmpB_m" performance="chorus master" grossFee="-175265990.71"
                     modifier="C" IPI="kdCz7YcfSlpWAp7p0wc8GLCy" birthDate="2019-04-05Z"/>
                <Participant name="ljGyyXZn1t0DLBZJ3y" role="subscriptwriter" IPDN="K8boEkSdvW1KV-kqeUQ2Ll6Kt1" performance="soloist"
                     grossFee="-1872044044.93" modifier="A" IPI="bKRPNkB6J9NxpanfEnwlByf" birthDate="2019-03-23"/>
                <Participant name="P90Cn.eUVTlX-AAWavtrT-" role="performer" IPDN="jgDywFTKDO72P7UCqG.av.GU7xRaE" performance="conductor"
                     grossFee="-969998591.44" modifier="B" IPI="fLriuynDozLaitCRhD2WdJO-4w1iT" birthDate="2019-10-03"/>
                <Participant name="DYPyjL5b2jVaUVLDukTz-RZAlF1ic" role="performer" IPDN="PI8Whi5Zb9x_YvzUYmgmmeXu" performance="chorus master"
                     grossFee="731491311.06" modifier="A" IPI="Cgd3JEuXuW8-r-yzFHeuGBHGUJr0" birthDate="2019-02-11"/>
                <Participant name="n9nF7Z1d" role="composer" IPDN="PmInkOYaUFBD" performance="conductor" grossFee="648618103.60"
                     modifier="B" IPI="W22Vj-K0Bhj" birthDate="2020-05-14"/>
                <Participant name="tkY9tBWsD9y-oZR-3yj4EF" role="music director" IPDN="ZciY-PiNWqsvwP-" performance="soloist" grossFee="-1916433166.77"
                     modifier="C" IPI="XgjVJpVQTCv9Rxfv-RF5r" birthDate="2018-09-05"/>
                <Participant name="Al9d0z87E.zzFWM" role="scriptwriter" IPDN="EKzLbGncW0" performance="conductor" grossFee="424815423.51"
                     modifier="B" IPI="DxbDptcnbSXD" birthDate="2019-06-05"/>
                <Participant name="aJc87WoLaUM2XMX" role="performer" IPDN="c6IgsQKHvWh5Ye7ADIaI0" performance="conductor" grossFee="131411387.99"
                     modifier="B" IPI="DQVMHDQK9q" birthDate="2020-04-03"/>
                <Participant name="j1NLWhFJbyiVfFqNaazg6TCSm.b" role="arranger" IPDN="uw" performance="supporting" grossFee="580048470.85"
                     modifier="A" IPI="Qk777leJTq2EszJi" birthDate="2018-08-31"/>
            </Participants>
        </Record>
        <Record title="boJBFL5Kg2sNupO1ctlzFYdo12eO" spins="1276763049" ISRC="XAP549589Y4X" year="8311" producer="n.PgzeXiVh0Iw"
             label="QeOREXA0jK782ttutgAY8.6M" recordNo="gryFRSAfjhFc" serialNumber="_-fb7_w.pWsIWTojwTlOa-XA2T2I"
             isPremiere="true" usage="jingle" ISWC="kD8I" AKA="Kku0qUzX.UTQS2bMEOf_YqGlTN3" genre="pop"
             broadcastedFrom="2019-08-02T11:21:16Z" broadcastedTo="2019-06-21T11:21:16" runtime="1322690245"
             origin="commercial" alternativeTitle="aL6MtNvgvrVZ3G97xvTbe.8A6T" recordedFootage="1342764274">
            <Participants>
                <Participant name="MnT9dSy" role="music director" IPDN="tNpJ6jdFcmpCSoV_RoTDh9aNAcnLk" performance="main" grossFee="-1412032199.05"
                     modifier="A" IPI="L6AfkD.h4Be" birthDate="2020-04-30Z"/>
                <Participant name="Nn3cn5sPRQ2gHgMV8e737q" role="music director" IPDN="UsbojJ-mz.4-WGhcz" performance="soloist" grossFee="-1426045804.27"
                     modifier="C" IPI="cQ" birthDate="2019-11-04"/>
                <Participant name="O3JkbEYC.gFLlhuWee" role="music director" IPDN="HNWc7a2KvMnVj46VbM" performance="soloist" grossFee="640297207.98"
                     modifier="B" IPI="OqF" birthDate="2019-01-07Z"/>
                <Participant name="YkrWSQQghQ4Xr3mprbmbWMB9SfDwb" role="arranger" IPDN="f1V_2I_lYqBKrZrSNPtqSWh8jWCbGt" performance="soloist"
                     grossFee="292045213.42" modifier="C" IPI="SMJGZzMKsvxv2GbhsDkOp.lX" birthDate="2019-12-06"/>
                <Participant name="RKyzlFJm93dGkzJrYTv" role="scriptwriter" IPDN="U.sMORR_osKU44" performance="soloist" grossFee="-837317198.62"
                     modifier="A" IPI="b.t.4z" birthDate="2019-05-30"/>
                <Participant name="e6OfRu" role="composer" IPDN="TeMotqzCUwxN6Vy" performance="soloist" grossFee="-103618292.73"
                     modifier="B" IPI="viLWbXq9hIMIjXIWnSF0" birthDate="2019-09-21Z"/>
                <Participant name="S.rk10" role="scriptwriter" IPDN="d732lgiusJQSOTuNwhFJ1aVplTw" performance="conductor" grossFee="65409476.57"
                     modifier="C" IPI="Al2ePBC-KP58vklw2Sn53hN" birthDate="2018-09-08Z"/>
                <Participant name="umpTSK7Hy" role="remixer" IPDN="BxIwQNZgEWqeE0KQL5pTw7wcaaOE" performance="chorus master" grossFee="-1252314838.73"
                     modifier="C" IPI="a" birthDate="2018-09-27Z"/>
                <Participant name="W" role="producer" IPDN="zvje081" performance="supporting" grossFee="-382054116.06" modifier="C"
                     IPI="qvzROKhUGuuW4NBLxV" birthDate="2019-01-25"/>
                <Participant name="kEaePu" role="sound engineer" IPDN="u9fdJD" performance="conductor" grossFee="1928426466.11" modifier="B"
                     IPI="M6Ua7aJoguYGYsDQS65" birthDate="2020-05-09"/>
            </Participants>
        </Record>
        <Record title="XzjYdrfBcco9aL" spins="724962279" ISRC="R9HN6VXB1PIY" year="8694" producer="WZj20iTaw8wzLOhJBbIQ7"
             label="xEYkpRntnd_" recordNo="F1" serialNumber="K0nJ1lK" isPremiere="1" usage="commercial"
             ISWC="y7GauNNYxsNuCUeG" AKA="X" genre="commercial" broadcastedFrom="2018-10-16T11:21:16"
             broadcastedTo="2019-12-26T11:21:16Z" runtime="27587863" origin="recorded stream" alternativeTitle="Y_txoeVw4PaJ"
             recordedFootage="121756188">
            <Participants>
                <Participant name="SM_eD7TM2llrZ0evLgIKri_Xw6K" role="performer" IPDN="VUzr-_VLLckYL_8" performance="conductor" grossFee="434661241.82"
                     modifier="B" IPI="HCb" birthDate="2019-07-23Z"/>
                <Participant name="yegxjd_PdfVHo" role="arranger" IPDN="HHjMRCBa6As5A.6K2n" performance="chorus master" grossFee="46176563.68"
                     modifier="A" IPI="ztOnPi1-W" birthDate="2018-10-23Z"/>
                <Participant name="KKWOV7ZM4hhKX-CTdaLkdls3MZB" role="sound engineer" IPDN="cuSkfLpyG9YMQF4oZ0" performance="soloist"
                     grossFee="-998038970.50" modifier="C" IPI="AIlUcBHGaeolREsm9WtXMG1KRmUg" birthDate="2018-07-07Z"/>
                <Participant name="gjG4Lf4Fw_Es2rCil" role="music director" IPDN="WkOP.Rb" performance="supporting" grossFee="1441516442.98"
                     modifier="C" IPI="QJw9rWonMYCI0BfOsTcA66" birthDate="2018-10-09Z"/>
                <Participant name="ujlc_6I" role="sound engineer" IPDN="NTz" performance="conductor" grossFee="1136875311.59" modifier="B"
                     IPI="Hh_h" birthDate="2019-11-24Z"/>
                <Participant name="x0SHVmFGICdwILUQjwjbqEm" role="arranger" IPDN="Iz3" performance="soloist" grossFee="823090285.42"
                     modifier="A" IPI="ECUcu8_7KIo6BORB" birthDate="2018-12-02Z"/>
                <Participant name="yxX1ASUi5Dgb" role="music director" IPDN="l-Zn_0" performance="supporting" grossFee="629388402.92"
                     modifier="C" IPI="UiHH0XchcwNE7zYNM7msYcOppK1PX" birthDate="2019-04-26Z"/>
                <Participant name="UfL" role="sound engineer" IPDN="azrlzk" performance="soloist" grossFee="-413024338.93" modifier="C"
                     IPI="Xt" birthDate="2020-06-12"/>
                <Participant name="r" role="performer" IPDN="o" performance="main" grossFee="1690426739.37" modifier="C" IPI="FJsx3BaYZrzMTI3WtwxqDXJDu8ioOA"
                     birthDate="2018-11-10Z"/>
                <Participant name="Y3uGNB" role="subscriptwriter" IPDN="zPk74gRhoKi" performance="soloist" grossFee="-1604160920.22"
                     modifier="B" IPI="cLhsvKA" birthDate="2018-10-04Z"/>
            </Participants>
        </Record>
        <Record title="CX-Dm3NRtf" spins="983128328" ISRC="1Z5ZWAHD53L7" year="4234" producer="Lguh0M_im" label="jTtTQ1BM_Iu3PL9DJAc"
             recordNo="WA11gdZP" serialNumber="FtfXaU1u8rMDr55" isPremiere="1" usage="commercial" ISWC="EL.LDmSInC.v9"
             AKA="ZYevkpkzr" genre="jingle" broadcastedFrom="2018-08-19T11:21:16Z" broadcastedTo="2019-10-29T11:21:16Z"
             runtime="1084623776" origin="free usage" alternativeTitle="D4T4VpnyxQk" recordedFootage="1695808345">
            <Participants>
                <Participant name="Ixu1_-.YCqM" role="subscriptwriter" IPDN="l8808.wxI" performance="chorus master" grossFee="1874713648.13"
                     modifier="C" IPI="BT" birthDate="2019-01-14Z"/>
                <Participant name="T" role="subscriptwriter" IPDN="H" performance="supporting" grossFee="-937386189.21" modifier="A"
                     IPI="GAO6YEJnYagLE8tLe" birthDate="2019-01-27Z"/>
                <Participant name="EYSh" role="remixer" IPDN="CCwfvw8P.F4YewGid0HTLtZ4E" performance="main" grossFee="1549720047.27"
                     modifier="C" IPI="uzYQbrJunQiF0tgpFa" birthDate="2019-07-22Z"/>
                <Participant name="c-kWz74LjLVKh09hQ" role="composer" IPDN="dxl85K0" performance="chorus master" grossFee="-1225841617.09"
                     modifier="A" IPI="w0axi2b3boUX9Ef" birthDate="2019-01-07Z"/>
                <Participant name="j-FNoe3x7Fz_QKDoHD6lf7TqKN2AF" role="sound engineer" IPDN="BUE1Mq2CzlqwM" performance="conductor"
                     grossFee="-1848910328.38" modifier="C" IPI="m.FnP2co46HHJ33IG1xWl9pBLfu" birthDate="2020-05-11"/>
                <Participant name="m.072Ej" role="performer" IPDN="qAwsZ" performance="supporting" grossFee="541046176.69" modifier="A"
                     IPI="PZqoc9XR" birthDate="2019-07-25Z"/>
                <Participant name="fVY92Bi3PC6gE74KEZBki1itAD" role="remixer" IPDN="gFH2BUOc72BHO2tvSI1mBV6LUcsR" performance="supporting"
                     grossFee="167050789.74" modifier="A" IPI="z5C59VHAzXUKdgNZHuwMM" birthDate="2018-09-05Z"/>
                <Participant name="c1fBWSEmXME2HwSUAS4xc" role="music director" IPDN="X65vgGAKJGbkubYNWe" performance="chorus master"
                     grossFee="-2041257116.77" modifier="C" IPI="ja588fz8QjF" birthDate="2018-09-13"/>
                <Participant name="bPXcsOg" role="remixer" IPDN="H3gaKY-5H_yN_aylthXWW8gG0G4Cq2" performance="conductor" grossFee="-986607954.68"
                     modifier="A" IPI="l3rPqGl" birthDate="2019-10-22"/>
                <Participant name="WJ_I_nVXAcdV28e8OnPyM" role="sound engineer" IPDN="i" performance="soloist" grossFee="-2121076937.02"
                     modifier="A" IPI="sEsryzIQ" birthDate="2020-03-14Z"/>
            </Participants>
        </Record>
        <Record title="A64I6kX" spins="741284424" ISRC="9875IKGK1AAW" year="3428" producer="raW7pUDyCsDQCLP6f" label="u2F"
             recordNo="elTEsB8QbRHv" serialNumber="Lz1vtYd" isPremiere="1" usage="broadcast" ISWC="LZEl-qs-DHD37F"
             AKA="gqv.W4_BpkEaOyki-Hu" genre="spoken word" broadcastedFrom="2019-10-30T11:21:16" broadcastedTo="2018-09-18T11:21:16"
             runtime="1833304653" origin="report" alternativeTitle="eOdWTM7hAJsYTiK" recordedFootage="1050312153">
            <Participants>
                <Participant name="BzL4qZM5pr0n9" role="music director" IPDN="Sl" performance="supporting" grossFee="503474645.23"
                     modifier="B" IPI="NGZ3DQQ9LDuPbpCa9HclLCOTbF" birthDate="2018-07-06"/>
                <Participant name="k_1YvHbr9s_j3gP" role="arranger" IPDN="kSCzzHSy7L_moF8SZ_dxXbeNjs" performance="soloist" grossFee="-1126089008.33"
                     modifier="A" IPI="g-aOH80" birthDate="2020-02-25"/>
                <Participant name="WqbJ1IWEH3dViiH_MoalOe" role="sound engineer" IPDN="G09f.7Qg2UcoWqTf47f16" performance="conductor"
                     grossFee="-1924806422.81" modifier="B" IPI="QpHqdf0ubBmytTdp.5.X" birthDate="2020-04-11"/>
                <Participant name="ymBm.nY7dlO" role="composer" IPDN="uXGU9z3X3DtJiOPuS6IqPnWuRKy" performance="main" grossFee="491780160.88"
                     modifier="A" IPI="zXacnycYe" birthDate="2018-08-16"/>
                <Participant name="cugXVdK22nkKs2vCI" role="composer" IPDN="c-GwBFBe5wlpKh.CplbNBOTvC" performance="conductor" grossFee="647793213.50"
                     modifier="A" IPI="pK_TTPEZTgHQfOJrwxUvXqc3GBLLY" birthDate="2019-02-20Z"/>
                <Participant name="xM" role="sound engineer" IPDN="jfXQ9fE3oAjxrGYQeqPiki-cxU0tU4" performance="main" grossFee="1216889340.35"
                     modifier="B" IPI="YH" birthDate="2019-04-12"/>
                <Participant name="CH1" role="producer" IPDN="z6" performance="soloist" grossFee="-866582649.60" modifier="A" IPI="RC6EovxBi"
                     birthDate="2019-01-23Z"/>
                <Participant name="iV1sJ" role="music director" IPDN="I" performance="main" grossFee="-1974547295.88" modifier="A"
                     IPI="DrMgesj6O" birthDate="2019-05-16Z"/>
                <Participant name="PKI4omMN2E_N" role="producer" IPDN="pNB8c2G8Lt0Kq3y1dKd0HS0-" performance="chorus master" grossFee="-1340307279.52"
                     modifier="A" IPI="A0JjM0gfRYK" birthDate="2018-09-05Z"/>
                <Participant name="lomkW-yN8wsSNQ" role="sound engineer" IPDN="OwIb8aCHzN-JVbLxX" performance="conductor" grossFee="307681926.84"
                     modifier="A" IPI="ZTFu_" birthDate="2020-01-09"/>
            </Participants>
        </Record>
        <Record title="wcnFdAHIB8kGCpKVs8iwqMmpvPNBm" spins="2037887315" ISRC="XX863C17SE0O" year="5991" producer="W3zNZigpeqvtZ3UpIuRD4Fd"
             label="Yb8x4BeRQ4ZThwf_zFY" recordNo="T" serialNumber="PL" isPremiere="1" usage="jingle"
             ISWC="JrHmFpotJwz80zN" AKA="A8.rih8grB" genre="spoken word" broadcastedFrom="2019-03-27T11:21:16"
             broadcastedTo="2019-07-18T11:21:16" runtime="309205315" origin="report" alternativeTitle="lu1Uhb0n"
             recordedFootage="936184125">
            <Participants>
                <Participant name="_jC" role="arranger" IPDN="V_3z7mFFwRg_S4HvHHZFN" performance="soloist" grossFee="-1195615679.27"
                     modifier="A" IPI="Y9xmZ" birthDate="2019-01-28Z"/>
                <Participant name="pTn14TSVvALV58NHLlMV-.0GKO" role="performer" IPDN="sxy1Rm6lpigfbJ0HUgZekF" performance="conductor"
                     grossFee="-691293132.31" modifier="A" IPI="x" birthDate="2018-09-12Z"/>
                <Participant name="qHcpBgBApVYnzIQkT" role="remixer" IPDN="Xi" performance="soloist" grossFee="-999576252.04" modifier="B"
                     IPI="UO3mnWKYP" birthDate="2019-08-25"/>
                <Participant name="pp3evNiaiWXrE4oNQ1ZR.zSGN_9M" role="producer" IPDN="H4pfaBhGPYyqBjulEn9_HkHc9UEl2" performance="main"
                     grossFee="-1207139743.24" modifier="C" IPI="x8L4.elX0v.sQBkC__8Plg0t" birthDate="2019-08-15Z"/>
                <Participant name="hE.Z1Lm8tVvS" role="remixer" IPDN="TuDptRmI4bYZpxWXOZUs.J" performance="chorus master" grossFee="-387912102.90"
                     modifier="A" IPI="MC-b33Mi" birthDate="2018-08-14Z"/>
                <Participant name="xLKHs" role="performer" IPDN="z" performance="chorus master" grossFee="-123297158.78" modifier="A"
                     IPI="Zi9-DudcXs" birthDate="2018-08-18"/>
                <Participant name="OaP35i.o" role="performer" IPDN="FCqEG7O5nYgW6wvESnWJlGSx" performance="chorus master" grossFee="-458494767.28"
                     modifier="A" IPI="Mwid2joczpYz8As" birthDate="2019-02-21Z"/>
                <Participant name="VR2J.zxJxh7I.MvhMvg" role="subscriptwriter" IPDN="vWSNXy1i6c.jME_Lj-mu-iN3" performance="soloist"
                     grossFee="-13033222.37" modifier="B" IPI="cDR4v24HZgLufZ" birthDate="2018-07-04"/>
                <Participant name="IQY2QcGl6E9f0yC" role="scriptwriter" IPDN="P6.3S0LBgGagP5f5Nw-H-x7Yj" performance="conductor"
                     grossFee="496749897.47" modifier="B" IPI="ESsjl29iW3" birthDate="2019-03-30"/>
                <Participant name="qrujZ3YrlrjU7" role="performer" IPDN="iey1K8DTySWIFnErKD" performance="soloist" grossFee="1390736396.71"
                     modifier="A" IPI="FLB..eAviaS" birthDate="2019-12-07Z"/>
            </Participants>
        </Record>
        <Record title="RAdahaSW8EAQiaw5.zyu_tF.1z523F" spins="1759502777" ISRC="4O690UG940D6" year="2275" producer="ODdpFwvGHBsr5Rw0VBH"
             label="IpLI6JbGcZmDO8Od0b-b0DAjle6" recordNo="aQ9VudHlbyC" serialNumber="cV1b..L66035wpZ0ia"
             isPremiere="0" usage="commercial" ISWC="bTik" AKA="pCs" genre="pop" broadcastedFrom="2018-10-09T11:21:16"
             broadcastedTo="2018-11-17T11:21:16Z" runtime="1306130778" origin="commerce" alternativeTitle="UvX"
             recordedFootage="943533594">
            <Participants>
                <Participant name="qT3fkWQ2c8C1sHyv" role="composer" IPDN="pHBrM" performance="conductor" grossFee="-1552912776.91"
                     modifier="B" IPI="c3qWgFt-3GZQLy" birthDate="2020-03-27"/>
                <Participant name="vCUH9jfnxXCtSHrSnDemRzX52jA" role="remixer" IPDN="rtPBPnEkqbVnO" performance="soloist" grossFee="2005902101.24"
                     modifier="C" IPI="Xg_-mHqnoD-x8CNDsWjkf" birthDate="2018-10-22"/>
                <Participant name="pAYLtULOuDF6aLe5WoVUz" role="composer" IPDN="UDEUz_juAy_zZ" performance="supporting" grossFee="1745534427.98"
                     modifier="C" IPI="m4pq870XWkORTGdAW4" birthDate="2019-06-18Z"/>
                <Participant name="zbo86_Z" role="sound engineer" IPDN="O4iBnno7hMBVa-KA" performance="chorus master" grossFee="1097660852.07"
                     modifier="A" IPI="oFMNnBbJrO1x0" birthDate="2019-12-18Z"/>
                <Participant name="hzB-vP" role="sound engineer" IPDN="WYKALZbDCQx.oxC" performance="supporting" grossFee="1249470256.87"
                     modifier="B" IPI="IRK5tDDbx2MA41aanu6qzb9g" birthDate="2019-04-28Z"/>
                <Participant name="uEnNFl-hHwz3.aTnWMVN" role="subscriptwriter" IPDN="TonGp723CdPAmGVxywrGJDRq_vQ2" performance="supporting"
                     grossFee="531901712.58" modifier="A" IPI="msG.94sTdNP" birthDate="2019-09-06Z"/>
                <Participant name="VOu69BTurD" role="sound engineer" IPDN="e533bLImcM4hdqt-J" performance="soloist" grossFee="618658094.52"
                     modifier="A" IPI="awWUQCk" birthDate="2020-02-05"/>
                <Participant name="KEyxsurJ" role="remixer" IPDN="pdw92_4bYReO2osR_uT2YW0" performance="soloist" grossFee="949614618.09"
                     modifier="A" IPI="Sqssw-qoZzWsHq-ya" birthDate="2018-12-03"/>
                <Participant name="t5XLh_sicm0EBVmwq8emcIaldY" role="producer" IPDN="dLh8CPrb.Bn_1T" performance="chorus master"
                     grossFee="-929544324.61" modifier="A" IPI="UfAf3fysy3XKu8QrecUDLymtV" birthDate="2019-02-26Z"/>
                <Participant name="JO_htY" role="producer" IPDN="JTCXN26k_ftv9jeN.eVchr6.yIk3" performance="soloist" grossFee="1946388733.86"
                     modifier="B" IPI="tqU2V" birthDate="2019-11-03"/>
            </Participants>
        </Record>
        <Record title="Lj541dEO7Lk1jpWzqoPAmu" spins="1747241409" ISRC="8V1R83K5L5IB" year="7111" producer="QYwLTCrmL"
             label="eSJX6661rs6Ba" recordNo="N5iY8dzHkhdL" serialNumber="cnYcaw86W.c14dKstoeK" isPremiere="false"
             usage="broadcast" ISWC="KgSrwTEOg2eEXV5uL" AKA="nwnWBPnQb1dbUEyG06hd0" genre="jingle" broadcastedFrom="2019-10-18T11:21:16Z"
             broadcastedTo="2019-09-03T11:21:16Z" runtime="217708415" origin="free usage" alternativeTitle="jL8yZkdWle"
             recordedFootage="888301774">
            <Participants>
                <Participant name="PiIqf9e7tQg289pM-RWBDqwIVQ" role="producer" IPDN="Wc-" performance="main" grossFee="172200200.66"
                     modifier="C" IPI="fQxQ6apbU" birthDate="2019-06-28"/>
                <Participant name="uSreoprCCstZE" role="sound engineer" IPDN="Wr2vEJ" performance="supporting" grossFee="-1133560768.88"
                     modifier="C" IPI="H3HU9Mxv.PeWf37wWI" birthDate="2018-12-16Z"/>
                <Participant name="P1BdTneQ5rxEtNTwCaq7WQk" role="producer" IPDN="BM" performance="chorus master" grossFee="-357666478.95"
                     modifier="C" IPI="RzlOW_sXt4OG" birthDate="2019-02-09Z"/>
                <Participant name="M4iuCdvtsN2P_NgNp0g7zf.3W" role="performer" IPDN="QPWsyt8N.xOiX" performance="chorus master" grossFee="-1211182835.71"
                     modifier="C" IPI="G" birthDate="2018-09-28"/>
                <Participant name="kLXA80RkC_hFdkUhF-kBa0lxX" role="sound engineer" IPDN="p" performance="chorus master" grossFee="-290853393.79"
                     modifier="A" IPI="TXkTD_0J5PEJgAxJ2Y2jn4zB0l" birthDate="2018-12-08Z"/>
                <Participant name="ef" role="music director" IPDN="Ibs8_p6y1urvqH1RJfYZhsvHW" performance="supporting" grossFee="-279379280.12"
                     modifier="B" IPI="G.-XgD" birthDate="2019-11-07Z"/>
                <Participant name="vpjb1yuJ6Xp.IsolQChvvqS" role="music director" IPDN="f" performance="main" grossFee="1023064446.44"
                     modifier="B" IPI="Yrz_woPfk1xh_B_WEqLf2d3NxE" birthDate="2020-01-27"/>
                <Participant name="Wz" role="scriptwriter" IPDN="Q2G7Z098_2n.TYexpT" performance="main" grossFee="-1179047541.79"
                     modifier="C" IPI="wvHw9" birthDate="2019-06-28Z"/>
                <Participant name="HJ_swVCO_DPyKqjimYiZgp9PR" role="music director" IPDN="hJ6HnHVh5SXi" performance="main" grossFee="874250401.42"
                     modifier="A" IPI="yxhSZ53DevV.JxtBQBD" birthDate="2019-12-20"/>
                <Participant name="nYqR" role="remixer" IPDN="yN" performance="conductor" grossFee="-1301167415.99" modifier="B"
                     IPI="ySV" birthDate="2020-05-13Z"/>
            </Participants>
        </Record>
        <Record title="D7RCz5LmJib1oA3LY3m" spins="1576197546" ISRC="8GYD612Z46JT" year="0119" producer="Y.mxTFCiUbhutB4CjrX0O"
             label="iDuDhwv9v5CK3" recordNo="na0DsiZn-Y_VxY" serialNumber="xDibfwhN0tkArstMFj" isPremiere="1"
             usage="jingle" ISWC="vnCCaSi" AKA="uf" genre="spoken word" broadcastedFrom="2018-10-24T11:21:16Z"
             broadcastedTo="2018-08-29T11:21:16" runtime="1146267058" origin="self" alternativeTitle="yihMWh55sUi3If02TWS"
             recordedFootage="1715224303">
            <Participants>
                <Participant name="gY4WA0ZH4ODbzAu.2a8bIVrB" role="performer" IPDN="izw" performance="supporting" grossFee="-1153011928.97"
                     modifier="B" IPI="Tf62_BvmTsj3d" birthDate="2018-10-17Z"/>
                <Participant name="RNmr0xmdOubwfX" role="music director" IPDN="L5hwknNozsJuQfHX0" performance="conductor" grossFee="-2060405959.75"
                     modifier="A" IPI="NDC0cnuK-MQSD" birthDate="2020-02-11"/>
                <Participant name="N84Zxi.Z" role="music director" IPDN="T_1oMt" performance="main" grossFee="668628098.92" modifier="A"
                     IPI="ZDk1ZvdE3ZxOvXNv11TtNi2K8yw4xV" birthDate="2020-02-26"/>
                <Participant name="vdePOJc-SnDihnmbSmolN2rH3fBuv" role="subscriptwriter" IPDN="enKExmU7IL-q2ji5OJZn" performance="chorus master"
                     grossFee="1222111661.78" modifier="B" IPI="iGYxKz" birthDate="2019-11-28"/>
                <Participant name="R.C" role="sound engineer" IPDN="DtfyMopuLYW.QWbaAN" performance="supporting" grossFee="-677607390.91"
                     modifier="B" IPI="jqkkpJW-Rpa" birthDate="2019-02-23Z"/>
                <Participant name="NVuVCQeCTMi7hz7spzVHUF25kR" role="sound engineer" IPDN="rGXvmV" performance="soloist" grossFee="1499845028.05"
                     modifier="C" IPI="pC1QShupSEYH-dZCpHwXve" birthDate="2018-10-30Z"/>
                <Participant name="_yc4XQYN2IxAT7KvYnu6XYahJy" role="scriptwriter" IPDN="MPbSLDHN9jbk" performance="supporting" grossFee="1110347836.61"
                     modifier="A" IPI="oC4f" birthDate="2019-12-24"/>
                <Participant name="L9Kyz7qqIolTy0W3vF0" role="remixer" IPDN="I0XGh_Dh5Rx6ZQBpp9" performance="supporting" grossFee="-1242313990.42"
                     modifier="C" IPI="GHYFNgPyeQ" birthDate="2020-06-10"/>
                <Participant name="stgg7d0fv" role="music director" IPDN="m2" performance="soloist" grossFee="906485675.95" modifier="C"
                     IPI="JXDUdugwJSkHhaL3" birthDate="2019-12-29"/>
                <Participant name="CpmPwCVs" role="composer" IPDN="Khh" performance="conductor" grossFee="-155112129.16" modifier="B"
                     IPI="ochhqtgSB.sxLfH2EH" birthDate="2018-10-02Z"/>
            </Participants>
        </Record>
    </Record>
    <Record title="R.Rf8R3aeFpjppGh85Q" spins="602521115" ISRC="AD3EHFX96YTO" year="1931" producer="Epsv-3XNBaNVYR0pi"
         label="clEeQf" recordNo="XtNXeKP-_KFMXsFGvH4Ev4sZ8A." serialNumber="DMfZ5Up-124X0ykJxIbGm4Nc9cZKp2"
         isPremiere="true" usage="jingle" ISWC="Jc78qU1mOlKrGebsZxRrnpslh" AKA="x9hVP6rXoX1UtSjetet6R"
         genre="commercial" broadcastedFrom="2019-07-31T11:21:16Z" broadcastedTo="2018-08-03T11:21:16"
         runtime="916256803" origin="free usage" alternativeTitle="oQYoBTSCS5wWA-Hj4h2xyY" recordedFootage="1997227124">
        <Participants>
            <Participant name="kP97JKmeTHcRB-b-oNp" role="performer" IPDN="W_MxeWOyGWobH1F" performance="supporting" grossFee="-1700780948.98"
                 modifier="A" IPI="xY2m0Ba6sW.RilPjBmHm-xE" birthDate="2020-04-06"/>
            <Participant name="K2w-U90MYXUq3f54A7bNii128AHJ" role="arranger" IPDN="_oq" performance="main" grossFee="-1987432479.48"
                 modifier="C" IPI="P.WBa8ZtBUUp" birthDate="2018-12-06"/>
            <Participant name="HVHiFgGd_ysy4Odt_1PDv68" role="sound engineer" IPDN="S4cs" performance="conductor" grossFee="1727102469.34"
                 modifier="C" IPI="ugd.ZctHqLlKAfv1" birthDate="2020-02-07Z"/>
            <Participant name="Y8ElH" role="performer" IPDN="Y8CZb.4kROTgGcR" performance="chorus master" grossFee="16104135.72"
                 modifier="C" IPI="asRfqC0Touwa8uOFudDGqPYQUX53vC" birthDate="2018-12-07"/>
            <Participant name="g-sP_rkfh6mY.2aLnfAVxYyajWC" role="subscriptwriter" IPDN="zpaqKjvOc" performance="main" grossFee="-460045490.02"
                 modifier="C" IPI="RvUXh8rCs1Z9uuAn8okn2tycPb" birthDate="2020-06-12"/>
            <Participant name="RcpOmfA_uNrY" role="producer" IPDN="tdjwG9l" performance="supporting" grossFee="-1349351050.83"
                 modifier="C" IPI="J7y" birthDate="2020-05-17Z"/>
            <Participant name="wbcenouwGhDrpYMiP" role="subscriptwriter" IPDN="rgnCamsc6IoFh" performance="main" grossFee="-1585427073.16"
                 modifier="A" IPI="U61sEgG0x" birthDate="2019-02-27Z"/>
            <Participant name="rkbmn_maHuyp5" role="sound engineer" IPDN="ukh8ZetUe62Z_3K6OL-yGMt2A3fI" performance="main" grossFee="617298208.75"
                 modifier="A" IPI="wKe" birthDate="2019-09-24"/>
            <Participant name="zE2hC4" role="subscriptwriter" IPDN="rhfc2lR_nYojAXHMuYWqIBbJ" performance="soloist" grossFee="-1492755427.35"
                 modifier="B" IPI="yq4oBOy6p4oTeUqhNXPNmHL5_5S" birthDate="2019-05-28Z"/>
            <Participant name="Bc9uPBZ6j" role="arranger" IPDN="w6898" performance="chorus master" grossFee="-1963287874.25"
                 modifier="A" IPI="LYE5rM-4iZq-mF-" birthDate="2019-11-09Z"/>
        </Participants>
        <Record title="Iiz9ACelknOCPMbLK" spins="782887976" ISRC="LRTIKW32180I" year="0927" producer="m1Luj_DrBsSgSXj4P"
             label="VU" recordNo="Eznn7IJZtilg0GOtgFskiPImNS" serialNumber="fR7YSO8lG2lyagtXOcQFYl" isPremiere="false"
             usage="jingle" ISWC="IDl" AKA="Xo9VIkz9i2gv6_12crFdudjOlzS" genre="spoken word" broadcastedFrom="2018-11-28T11:21:16Z"
             broadcastedTo="2019-05-25T11:21:16Z" runtime="1782640463" origin="free usage" alternativeTitle="o_"
             recordedFootage="2057344407">
            <Participants>
                <Participant name="ebopZpKlO1vMuUOWXF" role="sound engineer" IPDN="fyXgw" performance="conductor" grossFee="1082110695.78"
                     modifier="C" IPI="O1.77n5rkNDe9p" birthDate="2020-05-28Z"/>
                <Participant name="UYZZ.O2oV" role="sound engineer" IPDN="UB9YXimXM4" performance="soloist" grossFee="-568516075.62"
                     modifier="B" IPI="c" birthDate="2018-12-02Z"/>
                <Participant name="jsmMpA-VZ3iaImtT-WEkrQBZv9EJkt" role="composer" IPDN="ve-YZREglgsrDDb_AhSsAU" performance="chorus master"
                     grossFee="-252843200.43" modifier="C" IPI="iij5skCP9Nn06r70ihgi" birthDate="2019-06-20"/>
                <Participant name="T5EzBJ2lnF7obQSe5TjURo" role="scriptwriter" IPDN="zu8CKlgRvhzcL-0DRzO4_2iWV_" performance="supporting"
                     grossFee="1163997494.49" modifier="A" IPI="V7hKu1OfI" birthDate="2019-01-06"/>
                <Participant name="T4wkrUdSofZtf4iOsao445x" role="performer" IPDN="myITt8OTV.fwKT5Hvhfq4mT3" performance="chorus master"
                     grossFee="-1748142971.65" modifier="B" IPI="p9LLozdGnY54vc" birthDate="2018-12-25"/>
                <Participant name="moRjF8eXBLqMj7DbHzscG-J" role="subscriptwriter" IPDN="ekCrz2BTgQGlkBIUBc.1an" performance="supporting"
                     grossFee="-1295365607.51" modifier="C" IPI="s-yS4yz8Aw-biI" birthDate="2019-07-20Z"/>
                <Participant name="k" role="subscriptwriter" IPDN="WBjkSbbUjt-ct-Sp3" performance="soloist" grossFee="-1507068508.21"
                     modifier="B" IPI="Wb2zA-bthn_zmyGOSM3CrJNIm" birthDate="2019-03-11"/>
                <Participant name="xaanzwmOmQHpTc6EY" role="producer" IPDN="jMy0tpJP8CEYee8" performance="soloist" grossFee="1291907966.67"
                     modifier="A" IPI="bCs4uvLr1r_v6" birthDate="2020-02-28"/>
                <Participant name="daB4d5zLVNCW8bIveh6kHaf" role="remixer" IPDN="Gs2iC8cA.owZ69rRAbaafvwXqjDT" performance="main"
                     grossFee="-870970995.22" modifier="C" IPI="fv6Hk7EuRDQY" birthDate="2018-10-12Z"/>
                <Participant name="eRxX4yxYgvjgmjEhD4r9d82kZH" role="arranger" IPDN="OPU_ZEy20IFwmQ" performance="conductor" grossFee="-1843997601.80"
                     modifier="C" IPI="WH54T-13" birthDate="2019-03-04"/>
            </Participants>
        </Record>
        <Record title="Hvo48kBJGXQ" spins="1055681335" ISRC="JC6P95T6577E" year="5011" producer="jPij7HgodNF0TSse_Xy_yZlx"
             label="oTrUetrgdJ40-w6-uUQ1aa_k" recordNo="q4mijYLGjhcZDXpvfHHM3" serialNumber="JiZb" isPremiere="true"
             usage="jingle" ISWC="C_ICwByRmKn-F" AKA="gJ" genre="composed" broadcastedFrom="2019-01-19T11:21:16"
             broadcastedTo="2020-03-06T11:21:16Z" runtime="1425164243" origin="free of charge" alternativeTitle="e"
             recordedFootage="545075112">
            <Participants>
                <Participant name="k-upWmU3AAzRnXen" role="music director" IPDN="zPbPc09-6EUycsW5QKx" performance="soloist" grossFee="667888753.53"
                     modifier="C" IPI="Ml1H65bZl7qsfPTCd" birthDate="2020-02-23"/>
                <Participant name="dqmltsRPB8ukA" role="music director" IPDN="Y83gi5DAYqsk.Na" performance="soloist" grossFee="575992821.62"
                     modifier="C" IPI="znVEV" birthDate="2019-08-04Z"/>
                <Participant name="D-V6t1.BkFT7ycBJ7pnfokEy5U8aUl" role="music director" IPDN="RR3s" performance="supporting" grossFee="1965851745.47"
                     modifier="A" IPI="wHS7JuAV9-Rvmr6epg" birthDate="2020-04-11Z"/>
                <Participant name="zHJ" role="composer" IPDN="nT" performance="conductor" grossFee="-339703535.80" modifier="B" IPI="LH7"
                     birthDate="2020-01-01"/>
                <Participant name="lYgue6PkAk" role="scriptwriter" IPDN="Cq-lm6Pt8n" performance="conductor" grossFee="1940781959.61"
                     modifier="B" IPI="x7IhN" birthDate="2019-09-11"/>
                <Participant name="fMJIc5" role="music director" IPDN="RyJ2bE43" performance="main" grossFee="-780675249.26" modifier="B"
                     IPI="xQY" birthDate="2019-08-26"/>
                <Participant name="PLShWsvteAW9XFE_yHb" role="producer" IPDN="tL" performance="chorus master" grossFee="585250315.87"
                     modifier="A" IPI="Kh4Slhy_D" birthDate="2020-05-08Z"/>
                <Participant name="c7Vigt5Fr6WASbvon" role="sound engineer" IPDN="JIQc_GZRv-GlC_lny.9SLJW4" performance="conductor"
                     grossFee="-340607160.78" modifier="B" IPI="d8aqREsDVCrhQ0" birthDate="2018-12-14"/>
                <Participant name="gecTklrnOJ19d.p" role="producer" IPDN="BbOTdluJfiNL8Yfx.wF" performance="main" grossFee="-209422788.79"
                     modifier="B" IPI="Y3i0pMKkq" birthDate="2019-11-12Z"/>
                <Participant name="WgvADXKnGzrZeW0" role="remixer" IPDN="sq" performance="main" grossFee="1268757764.04" modifier="C"
                     IPI="mAoY" birthDate="2019-01-28Z"/>
            </Participants>
        </Record>
        <Record title="AH" spins="1146335165" ISRC="3QQQ5S7UBT5Q" year="0088" producer="A6EFe" label="wu__" recordNo="dqHInh4kxq12lGOoO2NdB6k0Yv"
             serialNumber="fzDZVcHWHasW54C9EdKk" isPremiere="false" usage="commercial" ISWC="MaTy36zvd2uEsLk_I4XfkRQoSPWx"
             AKA="pZP4V4LkKX.fF2vH1ktNTXnC" genre="pop" broadcastedFrom="2020-03-10T11:21:16Z" broadcastedTo="2018-08-12T11:21:16"
             runtime="375215926" origin="recorded stream" alternativeTitle="PDXYe3emZON5" recordedFootage="260317951">
            <Participants>
                <Participant name="ndTT" role="remixer" IPDN="aNYLDU7K" performance="chorus master" grossFee="-1675052132.22" modifier="B"
                     IPI="thtbmZLPesPJ3l" birthDate="2018-09-30"/>
                <Participant name="nx.mOOOOidYZZb" role="performer" IPDN="Bp._JRVVJUPEVWTpm9wH" performance="supporting" grossFee="813501590.52"
                     modifier="C" IPI="KzRvwSKTpa5CJD1vm4hKOR_YFyun" birthDate="2018-10-16"/>
                <Participant name="bEEhwx7WA_O" role="performer" IPDN="vzzG-GM4VZA6kh" performance="soloist" grossFee="-98110591.49"
                     modifier="B" IPI="kQN9gxIfTPZub0_X0AX.qk" birthDate="2020-05-28Z"/>
                <Participant name="yeU5u" role="remixer" IPDN="_dFrk4XA8Vq.fYDRokzgB" performance="chorus master" grossFee="-318863183.19"
                     modifier="C" IPI="G.Raa7UKe" birthDate="2018-11-02"/>
                <Participant name="hFSA4ZFm2iWHD._" role="remixer" IPDN="z" performance="soloist" grossFee="-1628230842.22" modifier="A"
                     IPI="ZM8r0KPmjeB-L" birthDate="2020-04-10Z"/>
                <Participant name="DRylzx2V" role="scriptwriter" IPDN="lWNIB-C0aWl8YzJWT_VmKjVopL" performance="soloist" grossFee="1443472417.98"
                     modifier="B" IPI="tMeY8X-bh6If" birthDate="2019-10-16"/>
                <Participant name="LtVVIhtSC" role="scriptwriter" IPDN="ga8eyfuqKTMkz5ckV_aTcjjoaa" performance="chorus master" grossFee="-1801184177.85"
                     modifier="B" IPI="LZQTiMbPgsOTl6AK" birthDate="2018-08-10"/>
                <Participant name="Du5tdVKz" role="scriptwriter" IPDN="B1sMJibQ3fhc39Bp6g" performance="main" grossFee="1254946983.28"
                     modifier="C" IPI="R5_ZoXh-hBUE7IORb8dvg" birthDate="2020-02-19"/>
                <Participant name="DtEZeT9" role="remixer" IPDN="x26SqS.5A9" performance="chorus master" grossFee="853648070.84"
                     modifier="C" IPI="MWKJW.piNT-FHckWwoUvPEOTb" birthDate="2019-10-28"/>
                <Participant name="l_1v" role="subscriptwriter" IPDN="b_J3zo_mxELM.nXzUuqPL2Allw" performance="soloist" grossFee="565943594.64"
                     modifier="B" IPI="SOn57OUYV." birthDate="2019-09-12Z"/>
            </Participants>
        </Record>
        <Record title="u" spins="138951611" ISRC="F5HUYV402641" year="1953" producer="U5Tzs70iSkLUp3" label="yCdBpWP-pcjBvMFwLac9xvK1v7O"
             recordNo="YlK8jndzWRXFaI1gpOqa_73YnsRA1" serialNumber="_2tLOkjixjw" isPremiere="false" usage="broadcast"
             ISWC="D3SwVD_8R3s" AKA="A" genre="spoken word" broadcastedFrom="2019-12-15T11:21:16" broadcastedTo="2018-11-01T11:21:16Z"
             runtime="1253359044" origin="free of charge" alternativeTitle="OMeqf1JQ2P0" recordedFootage="1187164348">
            <Participants>
                <Participant name="yQ3gm_jhyjyaD49QInqC7r19K-I" role="performer" IPDN="xLs4NN5gnPxpfK8loxIY3m4ov5CZ" performance="conductor"
                     grossFee="-693954804.88" modifier="C" IPI="iMal" birthDate="2019-03-31"/>
                <Participant name="NaeDn" role="performer" IPDN="GA_KoOnJxP5GTdPQeD" performance="soloist" grossFee="-779276259.83"
                     modifier="A" IPI="HU21FsI" birthDate="2020-01-20Z"/>
                <Participant name="Xy1vfhZFf69QeGvV" role="music director" IPDN="IW0m" performance="conductor" grossFee="447525277.57"
                     modifier="B" IPI="wW2fhXe._T.MpIcNFocslBTk" birthDate="2020-04-03Z"/>
                <Participant name="iUcJmIT" role="arranger" IPDN="JVrgl" performance="soloist" grossFee="1673171812.50" modifier="C"
                     IPI="cI" birthDate="2020-01-24"/>
                <Participant name="he1d0" role="producer" IPDN="T" performance="conductor" grossFee="1026048043.80" modifier="B"
                     IPI="Py8KfOfT-GXVD6I" birthDate="2018-11-30Z"/>
                <Participant name="DccasT1lk.8Mv_VsgbMyrqBk" role="arranger" IPDN="Yha-3hAjIZU_9SiLpCzkEo" performance="main" grossFee="-1189335264.53"
                     modifier="A" IPI="SD5jeakNyxaaIL7o5IX15K" birthDate="2018-11-24"/>
                <Participant name="qosshutJ" role="subscriptwriter" IPDN="ghZrpu" performance="soloist" grossFee="-2079386622.89"
                     modifier="B" IPI="vcgOSJSiX" birthDate="2020-05-17Z"/>
                <Participant name="MGbf4oBh6QVqNNv0iPy.bH0P" role="performer" IPDN="Tw-ddym0aaDP.lbZiuin" performance="main" grossFee="1080504100.21"
                     modifier="A" IPI="XOTO" birthDate="2019-03-27Z"/>
                <Participant name="Rem" role="arranger" IPDN="nK70qhSC_mfDS9" performance="main" grossFee="-122829086.89" modifier="C"
                     IPI="lcue_ujPH08YG2mmdW" birthDate="2020-06-20Z"/>
                <Participant name="Nw7uL95Qb-Q9" role="subscriptwriter" IPDN="Ur" performance="conductor" grossFee="722121710.93"
                     modifier="C" IPI="E2YZXFdu6dBohux8gDTpBC" birthDate="2020-04-19Z"/>
            </Participants>
        </Record>
        <Record title="DXjQHr.kldAc9waCNiSnIz" spins="1222596328" ISRC="9WPZ790N4O4S" year="8994" producer="OGvNSy_WxuWXnt_dYAE7jmUoXsUa"
             label="O1PeyxWBSi" recordNo="twz" serialNumber="XqwSUTO_ouiKoIw.uWB" isPremiere="1" usage="commercial"
             ISWC="_rdnq" AKA="DTdVyWRx" genre="spoken word" broadcastedFrom="2018-08-28T11:21:16Z" broadcastedTo="2019-03-05T11:21:16Z"
             runtime="1297787356" origin="commercial" alternativeTitle="IENUSF." recordedFootage="1994948387">
            <Participants>
                <Participant name="B" role="arranger" IPDN="FsAwFjgWg_Hjq7" performance="main" grossFee="1503144004.00" modifier="A"
                     IPI="Z9bziqI1s3fn-b5PiDE.7y2IWVaR" birthDate="2020-06-18"/>
                <Participant name="A5Q8ki" role="subscriptwriter" IPDN="e2VPxjKo" performance="soloist" grossFee="-1414281312.52"
                     modifier="B" IPI="nwpR0YT5s_uwksyU1PoOklz" birthDate="2019-09-19Z"/>
                <Participant name="rNyeMa-IU7gipNjFO" role="music director" IPDN="H.Gu" performance="soloist" grossFee="-4098328.06"
                     modifier="B" IPI="Cl1_61ZxYTUTNfYDK" birthDate="2019-03-17Z"/>
                <Participant name="t_0FKhMyBbUUZHEPEGV0_v" role="sound engineer" IPDN="wzfr7w2qESYn06bvl_.Ln4XS" performance="main"
                     grossFee="1171948393.94" modifier="A" IPI="SsUBLg6N5Sa4zzulhkd8MVUyb" birthDate="2020-06-26"/>
                <Participant name="FInF64yd" role="music director" IPDN="XTdHMYzAqz6" performance="chorus master" grossFee="195083510.49"
                     modifier="C" IPI="crer" birthDate="2019-08-04"/>
                <Participant name="cEOFLPaC4gygL" role="scriptwriter" IPDN="sA-sJtX.J8bMINaZ" performance="supporting" grossFee="1617106159.33"
                     modifier="B" IPI="sS.R3sRUgk.oJh-YNW3rwVuDJ" birthDate="2018-07-03"/>
                <Participant name="HSPQm0Q" role="music director" IPDN="Jf6yhj" performance="chorus master" grossFee="-391101550.92"
                     modifier="B" IPI="yXrKd.bpC4z_mVD_b.2" birthDate="2020-03-17Z"/>
                <Participant name="a0A2r8n-" role="remixer" IPDN="pZUQ7y0eZU0sLwS2Wygv" performance="soloist" grossFee="-534361944.18"
                     modifier="A" IPI="belP_zdZk" birthDate="2020-01-21"/>
                <Participant name="K8NU" role="producer" IPDN="vH.3Z-5.Fv4dJ6yhXJVE9O" performance="chorus master" grossFee="937190075.76"
                     modifier="B" IPI="DirdOYVKC" birthDate="2019-07-01Z"/>
                <Participant name="hJp30RdLBviMPDi" role="arranger" IPDN="Y9G2d33fJPEHizDFgL" performance="conductor" grossFee="1387981494.45"
                     modifier="C" IPI="oyyXnnsIYeK-6KUG5" birthDate="2019-03-04"/>
            </Participants>
        </Record>
        <Record title="iaVrDR9l4KP2WhPqDj" spins="832886663" ISRC="6DLR88Q9WWAG" year="7420" producer="m6HbvMRYO9necbFoQGOX"
             label="jMUFUPdjSLhS3CxEkUxdnlZ0bR" recordNo="BHdfUOOqT" serialNumber="aTusOqtvM" isPremiere="0"
             usage="jingle" ISWC="XgbV" AKA="aLzEH-QkfF-4aQ" genre="pop" broadcastedFrom="2019-04-14T11:21:16Z"
             broadcastedTo="2018-10-29T11:21:16" runtime="2035287547" origin="live stream" alternativeTitle="tCxj6ESc-OPjSwzQ0kuN_wS"
             recordedFootage="505341256">
            <Participants>
                <Participant name="kXYcirrwFCsG" role="sound engineer" IPDN="uqcz.B2d5haGgukZCfI" performance="supporting" grossFee="2089754155.20"
                     modifier="A" IPI="wGvI4evh-xXd" birthDate="2020-06-02Z"/>
                <Participant name="A" role="scriptwriter" IPDN="TrBa.-" performance="chorus master" grossFee="1372763830.28" modifier="A"
                     IPI="QQ.Qg-_XTWr" birthDate="2018-11-22Z"/>
                <Participant name="jsPYkGQGe" role="performer" IPDN="hl6B5zXqFCfvRmhk" performance="main" grossFee="-1585198543.14"
                     modifier="B" IPI="U7Q6k67OBBxka" birthDate="2020-02-25Z"/>
                <Participant name="kF3yZ5fHBxPT.q4et07R" role="producer" IPDN="b6n3CFeqzMe2" performance="conductor" grossFee="341762408.82"
                     modifier="C" IPI="HL" birthDate="2019-10-13Z"/>
                <Participant name="E5kTIfwnUMfxa3zwCtmGHqxi1" role="performer" IPDN="jkwmjH3HCUfQn" performance="conductor" grossFee="800945378.52"
                     modifier="C" IPI="V1g" birthDate="2019-09-21Z"/>
                <Participant name="pQW-Y7jWq" role="producer" IPDN="R3fbUepQreYzOKFYgu" performance="chorus master" grossFee="2137136238.99"
                     modifier="B" IPI="xsQAOoJx_JonCFJgw7h06sSqDg" birthDate="2020-01-19Z"/>
                <Participant name="BhsGT5FsNaDiO.n56" role="subscriptwriter" IPDN="ljDKHg0suQ5wQXxM" performance="conductor" grossFee="1741898546.54"
                     modifier="A" IPI="tvCrg" birthDate="2020-05-01"/>
                <Participant name="NPkvTK" role="producer" IPDN="fewqdOMeNLszGG-5sZrww" performance="main" grossFee="-533058982.80"
                     modifier="B" IPI="ilXtB7" birthDate="2018-09-21"/>
                <Participant name="RrH0GL3sdQusg8TRrZI_rKWWXjH" role="sound engineer" IPDN="pTs10yr.z1pFpoO" performance="conductor"
                     grossFee="208621443.73" modifier="C" IPI="ulUB-9" birthDate="2018-09-12"/>
                <Participant name="i6mePDVr4cQLzjBRQOWZkmzVsUZJg" role="remixer" IPDN="gJt-AFQe73UuTpCMp.Pf3odDc" performance="chorus master"
                     grossFee="-960985600.03" modifier="A" IPI="C78iiX28-f8N" birthDate="2019-09-28"/>
            </Participants>
        </Record>
        <Record title="E_oyLG8o9OPSOBtrmDiO1" spins="97014083" ISRC="62PX4BE7R457" year="8493" producer="UOCLI" label="EB1y8SwqCWvd_UOcC.ozf"
             recordNo="iqR" serialNumber="EZx" isPremiere="0" usage="broadcast" ISWC="ZThtnQfYobJByWTIzvq-B-_R1CQoFe"
             AKA="UeA" genre="commercial" broadcastedFrom="2019-07-16T11:21:16Z" broadcastedTo="2020-03-10T11:21:16"
             runtime="1490073722" origin="free usage" alternativeTitle="FlJcBBk" recordedFootage="1879693164">
            <Participants>
                <Participant name="VB.xUi6lqy1B" role="arranger" IPDN="CPnL8AQn4yt" performance="supporting" grossFee="128518550.42"
                     modifier="A" IPI="vZ00NrOf6pWdVbTPWAOwEKNywPGw5" birthDate="2020-03-05Z"/>
                <Participant name="dQHWJrIpqGVJ9WL.oqlyvB3naIM-" role="subscriptwriter" IPDN="qo1u6AJn4akLqzyjpw6e98" performance="supporting"
                     grossFee="-330078459.05" modifier="C" IPI="FFA6efuCmeBW.ot" birthDate="2019-08-06"/>
                <Participant name="binoFRItHsE_nr9Y5nH" role="performer" IPDN="jrFz1CnwH84gcZvR3" performance="conductor" grossFee="-1320264148.62"
                     modifier="A" IPI="QTM16zcIZSkptRt5dL.faGeploQ" birthDate="2019-09-13Z"/>
                <Participant name="EMGITYAn9mYAmX9fyomR" role="composer" IPDN="NxDUQJO7wn" performance="conductor" grossFee="-1451167191.14"
                     modifier="A" IPI="NIi1.ZQEEfsr8WDu1IdMBG" birthDate="2019-05-12Z"/>
                <Participant name="Od4g_u4U7Z-uLWgJ" role="performer" IPDN="GbZDAsl7r" performance="supporting" grossFee="-311147926.20"
                     modifier="B" IPI="foZVR8V3_lEhhByVNm" birthDate="2019-04-08"/>
                <Participant name="wTEWxS.lxYErnCqG-C6qB1gGTi3H" role="performer" IPDN="xmGtaHv9OdGxCA8Z4tx3g94x0" performance="main"
                     grossFee="-1103305092.23" modifier="C" IPI="VxicnDrM1.sfwG9" birthDate="2019-08-06"/>
                <Participant name="XwlAC9DxPlo3c2iz3wi" role="subscriptwriter" IPDN="yGmB.VgiKJwUuWBoY12X6cMeLRxOf" performance="supporting"
                     grossFee="771859475.62" modifier="A" IPI="BS__NS4aSTB-uvqkF" birthDate="2019-12-30"/>
                <Participant name="onad6" role="sound engineer" IPDN="RoPZIQ3Ue2-r" performance="supporting" grossFee="-599807053.08"
                     modifier="B" IPI="IkArAmbMRZn" birthDate="2020-05-01Z"/>
                <Participant name="AjT1I-wQWWXSSMmE98F" role="remixer" IPDN="Ncw9i-GdrAf" performance="chorus master" grossFee="269552935.83"
                     modifier="C" IPI="zo5I" birthDate="2019-07-24"/>
                <Participant name="MHgh7" role="performer" IPDN="rny2-.EbUdRlW_HG9" performance="supporting" grossFee="-911481560.31"
                     modifier="A" IPI="ob6iGc9XD4rlqtuhh-lf2Lk.Lk" birthDate="2019-09-15"/>
            </Participants>
        </Record>
        <Record title="tVYAY_" spins="175463357" ISRC="I13D540ED8FU" year="7583" producer="kOq" label="qocgtsEIG78_6-lhX_SCQf9EtAUkd"
             recordNo="cdQfKU0yhjnSzClp9wCRT-ZQ" serialNumber="Ui9FE5nCrxXBH" isPremiere="true" usage="commercial"
             ISWC="g9aAjnBZ1MNlhLfRbOGq" AKA="wZcJKDMO" genre="jingle" broadcastedFrom="2019-09-04T11:21:16"
             broadcastedTo="2020-06-18T11:21:16Z" runtime="1668220105" origin="free of charge" alternativeTitle="AVBYfEcFY_n"
             recordedFootage="1016761578">
            <Participants>
                <Participant name="b" role="arranger" IPDN="K2wzM9hf5R2e" performance="chorus master" grossFee="-1541616778.86" modifier="B"
                     IPI="yd" birthDate="2020-06-25Z"/>
                <Participant name="wjMaX-40Fy.JmRgXg" role="performer" IPDN="i.F" performance="main" grossFee="1949624824.82" modifier="A"
                     IPI="ebNWds" birthDate="2019-07-03Z"/>
                <Participant name="Pj2bwEu20OmP9o5utr" role="scriptwriter" IPDN="Bsr1g-X0-lD" performance="chorus master" grossFee="-948257696.63"
                     modifier="B" IPI="IIaVnTACanQFGv.9" birthDate="2020-06-02Z"/>
                <Participant name="vC42CDqFXluEBh-TxmP0" role="scriptwriter" IPDN="pCA8M3j-y_flsX4VMV" performance="chorus master"
                     grossFee="898678701.55" modifier="A" IPI="QTrWjG2Nqji2H" birthDate="2019-09-19"/>
                <Participant name="wurgqUssmV_" role="scriptwriter" IPDN="sxX" performance="supporting" grossFee="1310328305.62"
                     modifier="A" IPI="lx.GZmvo2wmMueYf" birthDate="2019-10-12"/>
                <Participant name="cUCE5gEg1K9kkB0N_Od9" role="arranger" IPDN="Vw2wYmDb" performance="main" grossFee="-1450457592.20"
                     modifier="A" IPI="oytpFlSjUesbeMibIgD1lX.TZikcN" birthDate="2020-01-16"/>
                <Participant name="jO.4ldslfA" role="sound engineer" IPDN="jtcEKd" performance="conductor" grossFee="999257861.22"
                     modifier="C" IPI="vtEw" birthDate="2019-07-01"/>
                <Participant name="QOO-fBntD-_z-c5UoYo-ilVFAI" role="arranger" IPDN="k5q2YoKO3lFJ2I26qgL" performance="chorus master"
                     grossFee="-1535561883.98" modifier="B" IPI="ppO" birthDate="2019-08-27Z"/>
                <Participant name="GtCnNIkCIkgLHV6-4tCkoaj" role="subscriptwriter" IPDN="vo07ZVSYFkbUFcNG_5fCr-w1O" performance="supporting"
                     grossFee="-233115944.04" modifier="B" IPI="dZJST2wmv2ZftsEGz-XOTWR" birthDate="2019-10-21Z"/>
                <Participant name="GjrtoBFUY8sMLs9XP1HuS37d.o" role="remixer" IPDN="ohtW3a-Zf3sD4" performance="conductor" grossFee="1786252822.31"
                     modifier="A" IPI="A2uBMuVqXl" birthDate="2019-11-20Z"/>
            </Participants>
        </Record>
        <Record title="iJ2dicD7rQY88QEk2j" spins="1214134431" ISRC="0XQ476K463BZ" year="1234" producer="MCjM1OQTzz59MEgO9zCy2BG7ldeZM"
             label="bKzcyBPd3" recordNo="ExZo" serialNumber="BzZGWkN4EVxbQ7aB" isPremiere="false" usage="jingle"
             ISWC="Y-k_LGedN-" AKA="S2S_N4YV" genre="commercial" broadcastedFrom="2020-02-19T11:21:16Z"
             broadcastedTo="2019-07-14T11:21:16" runtime="1419322907" origin="free usage" alternativeTitle="UP_PdQ7"
             recordedFootage="296123455">
            <Participants>
                <Participant name="VZ-ERdyt127cMOVS9z9ai" role="remixer" IPDN="EZ6_I.03mN" performance="conductor" grossFee="2077097356.88"
                     modifier="A" IPI="r8eYcUyxGNjexVsHVHz" birthDate="2018-11-14"/>
                <Participant name="y" role="subscriptwriter" IPDN="FmZL2_zsw_Yv4i6qElH" performance="conductor" grossFee="1833197571.51"
                     modifier="A" IPI="n.kmR" birthDate="2019-06-15Z"/>
                <Participant name="nvjUEEpwl8E7fapAh343cABUk6E" role="subscriptwriter" IPDN="y1" performance="chorus master" grossFee="965003711.93"
                     modifier="C" IPI="BQuhEjNq.zDGEoF0.2hY" birthDate="2019-12-24Z"/>
                <Participant name="oyaSy9W" role="performer" IPDN="Oa6JV5NLXf9zsSGzc3szkpun.h" performance="soloist" grossFee="1469100856.26"
                     modifier="C" IPI="Fhvd3YWZceqmUTPNH53eQBFh_EoBjp" birthDate="2018-09-26"/>
                <Participant name="XYfrXwxLoY01YdeN5S1w1Q7SoD50q" role="remixer" IPDN="ICQ1u.fUBKYIr6" performance="soloist" grossFee="-842974802.29"
                     modifier="A" IPI="wrNvJ0I" birthDate="2019-08-30"/>
                <Participant name="gXPgJK1Mx8TlK6" role="music director" IPDN="S6ZqWjL15q2BiE3BaEdedkV4lXPX" performance="conductor"
                     grossFee="626681521.70" modifier="C" IPI="Ld" birthDate="2020-02-03"/>
                <Participant name="wRJH8YeK4Zx-3M" role="producer" IPDN="dIsaEIU72yIwrxl3stdPNXY5Af95" performance="conductor" grossFee="-1029418536.88"
                     modifier="C" IPI="GeyW8" birthDate="2020-06-12Z"/>
                <Participant name="wrz0lbQEggNS" role="arranger" IPDN="Z9Z8B" performance="chorus master" grossFee="1036719453.39"
                     modifier="A" IPI="O0RONiuhdp" birthDate="2019-03-23Z"/>
                <Participant name="A5_k9.71wNQaK5" role="performer" IPDN="i3mbSd75R8T-" performance="soloist" grossFee="957404824.72"
                     modifier="B" IPI="O3pHDQ5YhIqDmXPQdykLpuIoBF" birthDate="2018-11-10Z"/>
                <Participant name="N6RtyGf0bmUfFNKt" role="music director" IPDN="Vl-NhnjB5npDFQVIBqDA3aLZa" performance="chorus master"
                     grossFee="635801865.92" modifier="B" IPI="l90e" birthDate="2019-04-07Z"/>
            </Participants>
        </Record>
        <Record title="YtecRenAgPy0auX" spins="39017688" ISRC="T4F48BR0Y9DN" year="4988" producer="b_f3SIzZfX8TT4Jl2-LijbIbzVMD"
             label="O_qWuwfjNLMrU" recordNo="jd" serialNumber="QKNwusxc_VwVfCxG1w8wyWf-CJ" isPremiere="0"
             usage="broadcast" ISWC="QHtVaUJPYVnKg" AKA="h.6pqp6_Fr1ScDEUoYgCmp9-4wW" genre="commercial"
             broadcastedFrom="2020-07-01T11:21:16" broadcastedTo="2020-06-16T11:21:16" runtime="1166763040"
             origin="self" alternativeTitle="P6kIG0f-hDfBdClkZ_Th" recordedFootage="1900807000">
            <Participants>
                <Participant name="P1VK7Ow-37AgHbk" role="sound engineer" IPDN="CrK.Xow.B7Ctsa3IPhUp46NPW" performance="main" grossFee="1445965370.82"
                     modifier="A" IPI="MuX4-pK0y6u.aZMA33" birthDate="2018-10-17"/>
                <Participant name="EZ8vpKY09D9nzeo2cpp_Pg_rYiXLmW" role="arranger" IPDN="ZQSX6fg8ctK." performance="conductor" grossFee="896272827.72"
                     modifier="B" IPI="mKGMsLAf_4Gl_eaclXdBL_9Vs" birthDate="2019-08-03Z"/>
                <Participant name="cGd" role="composer" IPDN="nHFB89JtVZ" performance="supporting" grossFee="-1420118499.62" modifier="A"
                     IPI="y" birthDate="2018-12-10"/>
                <Participant name="Rw_RKs2EWzgtG-gpR4zRl9.JXtT2J" role="remixer" IPDN="Ojv_T00SpPCC_gdHgM" performance="soloist"
                     grossFee="-203956975.15" modifier="C" IPI="bN9dZ" birthDate="2019-09-11"/>
                <Participant name="Ny6zOCP8XsRa" role="composer" IPDN="_" performance="conductor" grossFee="-1189586349.66" modifier="B"
                     IPI="We9R17hg0AP-xb33Q2o_E1zyqiWlKh" birthDate="2018-07-21Z"/>
                <Participant name="XT77aiAHfc" role="composer" IPDN="oYD8_e-qBvpCjZCe95ONhlNX" performance="soloist" grossFee="853503302.82"
                     modifier="C" IPI="KJp951WVEHj4xTokyP4EWm0w0nP" birthDate="2019-01-22Z"/>
                <Participant name="xoO" role="composer" IPDN="X_nm0A5ZzgotsxoS3m.vnSY" performance="supporting" grossFee="1241664666.25"
                     modifier="A" IPI="R6Ej3z1RsSbTcmLjxwi_L" birthDate="2018-10-04Z"/>
                <Participant name="KLxkJMVtED" role="scriptwriter" IPDN="SOqQIz-Ixs.KvVSt" performance="chorus master" grossFee="1808661954.94"
                     modifier="C" IPI="b3sMzwFQUHYTAHP8C" birthDate="2019-11-09Z"/>
                <Participant name="K" role="music director" IPDN="q4fwFBMO9DNz8ZQU0DUI_cz" performance="chorus master" grossFee="1584844970.50"
                     modifier="B" IPI="X9dKBY_" birthDate="2020-03-15"/>
                <Participant name="EY2e8pSdfaUJkN" role="remixer" IPDN="nKRoHqsD.D08PaZj" performance="chorus master" grossFee="1860033091.92"
                     modifier="C" IPI="Rjdx0fGG4OZ-a9ZqL4_X3OjxN77" birthDate="2019-02-18"/>
            </Participants>
        </Record>
    </Record>
    <Record title="WZz-JlcqVAEkedv2Frcww..E" spins="828947626" ISRC="VO005ZV83864" year="8621" producer="nf5c" label="zhHX."
         recordNo="mUKKi9K9.2Ihh9MC45K" serialNumber="mdebnBiCNjhtwUqPqp" isPremiere="0" usage="broadcast"
         ISWC="YHdj2" AKA="oWukxH3ackDJYPT9WwZ0e-meXrZW" genre="pop" broadcastedFrom="2019-12-16T11:21:16Z"
         broadcastedTo="2019-02-13T11:21:16Z" runtime="1986244749" origin="live broadcasting" alternativeTitle="zf3S2OdwU7L.8E9ri7"
         recordedFootage="81617977">
        <Participants>
            <Participant name="h3E1" role="scriptwriter" IPDN="SO.Tlx8Erzx0NNY0yWG0.RlGfd9D" performance="chorus master" grossFee="-2130708814.07"
                 modifier="A" IPI="sygAZ9Rr5wfeg8b8oD86DoMZ3HZG2" birthDate="2019-11-24"/>
            <Participant name="WaopnmB.L5T8AXJrtg3J" role="composer" IPDN="IYB4dRXxqHPjfFSXHRfsDJRkxGevI" performance="chorus master"
                 grossFee="-124198186.43" modifier="A" IPI="onu8SjnJXhoFsdB6St" birthDate="2018-07-08Z"/>
            <Participant name="nEZq_wSkg1" role="subscriptwriter" IPDN="yDDbj3f95zSGBAu" performance="supporting" grossFee="1692729175.70"
                 modifier="B" IPI="U-6LuW7jeesBt4a.3iMGT-XpFtOawi" birthDate="2019-02-28Z"/>
            <Participant name="_wjo" role="remixer" IPDN="xQm" performance="supporting" grossFee="-810523671.23" modifier="A"
                 IPI="LkR7Iw2GvIG-sk" birthDate="2018-09-12Z"/>
            <Participant name="g3w7hRRtpIZsOlQ-26W8HW" role="sound engineer" IPDN="ZX1KLceHbOtd47arihG3LJNuRP" performance="conductor"
                 grossFee="-831603687.83" modifier="B" IPI="_h8ij9utx" birthDate="2020-03-27Z"/>
            <Participant name="FcrGrfgFVjqwVWQvAo" role="arranger" IPDN="FU2X7Z" performance="chorus master" grossFee="1290424726.22"
                 modifier="A" IPI="j_By5mcCfq6V" birthDate="2020-04-03"/>
            <Participant name="lX5eIARe5Q_M2dtE" role="subscriptwriter" IPDN="G" performance="main" grossFee="899594475.26" modifier="C"
                 IPI="mt" birthDate="2019-12-19"/>
            <Participant name="UvkPGlTF65urq4lcyl" role="arranger" IPDN="dc5Ms" performance="conductor" grossFee="57513628.30"
                 modifier="A" IPI="FN" birthDate="2019-03-15Z"/>
            <Participant name="NIhlPVTRB.z" role="subscriptwriter" IPDN="eC9ACFaH5-9LISlzu.iZ" performance="chorus master" grossFee="-1077314518.03"
                 modifier="C" IPI="rjR-QKybE" birthDate="2020-01-02"/>
            <Participant name="Bml6.x-Krh" role="producer" IPDN="TfY0kv1E1P9HVgetI" performance="main" grossFee="2138959125.33"
                 modifier="B" IPI="wWQoFT.9QzDbo6Svjo" birthDate="2019-03-10Z"/>
        </Participants>
        <Record title="NGJSOKYa8AW" spins="1463701874" ISRC="N7637Y24Z56G" year="4284" producer="k" label="IqQzZ67BLn"
             recordNo="Rcobt1m" serialNumber="mLkvKW_gH1gz" isPremiere="false" usage="jingle" ISWC="yJohvAJ"
             AKA="f53ofV5RjeEkXqc.G" genre="classical" broadcastedFrom="2020-03-13T11:21:16" broadcastedTo="2020-06-28T11:21:16"
             runtime="836153951" origin="free usage" alternativeTitle="BRAn7A1j2B_HB.Dzrjfmu4L" recordedFootage="457308721">
            <Participants>
                <Participant name="wRAT4VCDVtlHsaZsF4TC1Ub1t7T1E" role="arranger" IPDN="E2BTwYT.ck8" performance="conductor" grossFee="188124158.53"
                     modifier="A" IPI="KT_KZAvWO4fXrhlIL4mZN" birthDate="2018-12-30Z"/>
                <Participant name="lsmmKgteC0ECZWocbYszs47" role="performer" IPDN="wdfNFwjbWzXYU.B40vQ254" performance="conductor"
                     grossFee="1445209940.81" modifier="A" IPI="Mod" birthDate="2018-11-25"/>
                <Participant name="_2E5" role="music director" IPDN="DbiC0pREEUcY.XSeNdEpW1" performance="soloist" grossFee="1748044783.62"
                     modifier="B" IPI="biX.yfPp-Sy3zhEc4lHo7" birthDate="2020-05-31Z"/>
                <Participant name="ihCUY7EEEiQl-weIEIq.8Qv" role="sound engineer" IPDN="LkoKp1ikvtd8oGneOyh" performance="conductor"
                     grossFee="239874614.90" modifier="C" IPI="JbRIw1J" birthDate="2019-02-21"/>
                <Participant name="pknJX" role="producer" IPDN="yaksOtMk6RryrASjbycviMnBLM" performance="conductor" grossFee="222287434.98"
                     modifier="B" IPI="XkLQ5MU" birthDate="2018-09-20Z"/>
                <Participant name="oMyAFZ" role="subscriptwriter" IPDN="QHko" performance="chorus master" grossFee="410414799.35"
                     modifier="A" IPI="ndiR5-ncA6hUnvnZXW" birthDate="2020-03-18Z"/>
                <Participant name="uTAkGGb3.whkBzigeVWbviRwUPS2" role="performer" IPDN="QNj" performance="supporting" grossFee="-1438874051.74"
                     modifier="A" IPI="AWqa5Y3W6c2S6j.ZZ" birthDate="2019-12-12Z"/>
                <Participant name="mtn9HswE.tT1XvocKX8" role="music director" IPDN="yV8UHhjx" performance="conductor" grossFee="1964392031.59"
                     modifier="A" IPI="oXhi" birthDate="2018-08-24"/>
                <Participant name="sXn8On" role="composer" IPDN="e7" performance="main" grossFee="1222940888.73" modifier="B" IPI="TRTyYwiF9gTo.pw33DAh"
                     birthDate="2020-05-04Z"/>
                <Participant name="sYm9" role="scriptwriter" IPDN="l9afppti0kaJv_.Kvb" performance="soloist" grossFee="189622238.16"
                     modifier="C" IPI="waslX" birthDate="2019-02-04Z"/>
            </Participants>
        </Record>
        <Record title="VHKODsv4L8z_bJ-SBxlPpVPbXjPD" spins="233682993" ISRC="126ML9E901MB" year="8079" producer="T83BDFOL0hBCoTAAACl"
             label="ruPagZoLLHs1" recordNo="y8p-1" serialNumber="uBfk8FqTY.AXBR0.02y" isPremiere="true"
             usage="jingle" ISWC="h70me" AKA="JGCytt" genre="classical" broadcastedFrom="2019-01-13T11:21:16"
             broadcastedTo="2020-01-03T11:21:16Z" runtime="1881649145" origin="commercial" alternativeTitle="FD2T1K_hTScLEqBIj6bXs3LFEeuco"
             recordedFootage="1402274265">
            <Participants>
                <Participant name="vEcTlKX4MgqlDP.r6CR2hwMU" role="music director" IPDN="eJO_uKZO40d96vW_pHIuAKzQ6y" performance="soloist"
                     grossFee="1828229312.80" modifier="A" IPI="wkSIqvjHtQXnJviMI1VV" birthDate="2018-11-20"/>
                <Participant name="GS8vMJb_hBZnLbbyjTnlpbn" role="producer" IPDN="jkp5xe56WJd7V.B97G5gKXHwPIVl" performance="supporting"
                     grossFee="1371977215.65" modifier="C" IPI="lO" birthDate="2019-08-21"/>
                <Participant name="Ww9ift1I" role="sound engineer" IPDN="FfxDKztYDBtRGPQevUpFUQ" performance="main" grossFee="-1779324858.81"
                     modifier="A" IPI="bmiyHbAG5zwz1aKUa" birthDate="2019-06-16Z"/>
                <Participant name="BFrADw8ztduhBTIU_mMigpcKFd" role="composer" IPDN="Qp7lTm" performance="chorus master" grossFee="503754900.70"
                     modifier="B" IPI="Aikm.pXtH" birthDate="2020-01-01Z"/>
                <Participant name="ThOJncKNom7" role="arranger" IPDN="iDreYxVXuLu6-HPTI0PBbf1iZKM7" performance="soloist" grossFee="1517803754.42"
                     modifier="A" IPI="EPO6s6HLpgIe0SVHDsZ2BgVR.EUKF" birthDate="2019-09-30"/>
                <Participant name="YnU" role="composer" IPDN="qptdFn" performance="supporting" grossFee="-788577993.61" modifier="B"
                     IPI="p68_-uRVB.Pb_H6HVLGyJS" birthDate="2018-09-28Z"/>
                <Participant name="Eg5e3Hy1VDdSe8MLv52d4fY5om" role="sound engineer" IPDN="n-fIWd" performance="soloist" grossFee="47031434.09"
                     modifier="B" IPI="Q7EEIAFKHnPDLTeaGCi" birthDate="2019-08-25"/>
                <Participant name="fx52Dtns.QEzH" role="scriptwriter" IPDN="gp2ekLEukYOPxz1NLL" performance="conductor" grossFee="660790601.91"
                     modifier="A" IPI="GSgyiq.S97tqS1xLaM" birthDate="2019-08-06"/>
                <Participant name="PC3F4pwoNR8" role="sound engineer" IPDN="tvNzDHnvMS1xEgE-" performance="main" grossFee="-912101485.87"
                     modifier="C" IPI="sEaiDv." birthDate="2020-01-06"/>
                <Participant name="yfiN1Uewfg0ChPW" role="music director" IPDN="ApNIhgQbXmtBfkpfHcWtO" performance="conductor" grossFee="-81930548.95"
                     modifier="B" IPI="i_22PY" birthDate="2018-12-20"/>
            </Participants>
        </Record>
        <Record title="VGA4Q4ffd3ZsgxEkXQKjveRkryZ.Eu" spins="346289924" ISRC="BH0S3LNDV3A2" year="2059" producer="XwMfcG2iLFM9fg"
             label="snuY51-5SbxqnKYUP6ccGs3_m7" recordNo="axP09C3x9I1NyigxcK" serialNumber="uQ263RANor"
             isPremiere="true" usage="jingle" ISWC="PrWGxnIEqO75EB10fCT" AKA="q8AwVnU_M1MDaboToMwEAnG4PLCcDH"
             genre="pop" broadcastedFrom="2019-02-12T11:21:16Z" broadcastedTo="2019-05-18T11:21:16Z"
             runtime="412061310" origin="commerce" alternativeTitle="N9n9uDru2vasVyGwvTsOVo" recordedFootage="1503091514">
            <Participants>
                <Participant name="fwOdp_YE73_-NpQSC3-5ksSf" role="performer" IPDN="W" performance="chorus master" grossFee="1747824547.44"
                     modifier="C" IPI="G3aD84RnzCY4Yb1n" birthDate="2018-07-12"/>
                <Participant name="lojf7nHwZGhP3xlhW50Y" role="subscriptwriter" IPDN="etmepFlY-dMbAUESwDTauswnCxSnR" performance="conductor"
                     grossFee="587669593.23" modifier="A" IPI="ewkLwrb7bqKfJA-D1VKHWEjJaf25jm" birthDate="2019-07-25Z"/>
                <Participant name="B76MTB3.Sr-" role="subscriptwriter" IPDN="q7DJeIQm91CY_6ngxBt7." performance="supporting" grossFee="-797847027.12"
                     modifier="B" IPI="JHH895-0EH" birthDate="2020-04-12Z"/>
                <Participant name="jlAk-KUVd3WIJWx_iqpGo" role="sound engineer" IPDN="J21kFaKda4veeuhu" performance="chorus master"
                     grossFee="1045824498.76" modifier="B" IPI="ufA8D-bxC.ZA8SrD_2shp" birthDate="2019-02-14Z"/>
                <Participant name="TK" role="scriptwriter" IPDN="koZx2Nf7IxnNtKTj2xl" performance="soloist" grossFee="1727874184.75"
                     modifier="B" IPI="Tsq1wr" birthDate="2018-09-16Z"/>
                <Participant name="ZR7eVMP._LrRNu" role="sound engineer" IPDN="sEBRNjigz" performance="main" grossFee="-1379471207.77"
                     modifier="B" IPI="j43UqGuKeUwugxPU_ZF" birthDate="2020-01-11Z"/>
                <Participant name="BLXHe7SFNHtr8S" role="composer" IPDN="nX.v2qCTF" performance="soloist" grossFee="164434489.51"
                     modifier="A" IPI="pMzVC2EIB5p6UwvrQ5ZP" birthDate="2020-06-14"/>
                <Participant name="IrE9AFE" role="music director" IPDN="LDVjyJUdKS3-VjZtt" performance="soloist" grossFee="1707537152.89"
                     modifier="A" IPI="ocfGKSXU4YC5QgS3B5sqn_Q1" birthDate="2018-08-26"/>
                <Participant name="nuRHUeZUc" role="composer" IPDN="o62Mvn_LQN49xdquVc5h4uE" performance="supporting" grossFee="-27818087.12"
                     modifier="C" IPI="FtTxITizjwMI0Eq4c7N9G" birthDate="2019-04-10"/>
                <Participant name="QwDL" role="sound engineer" IPDN="Xcoh" performance="main" grossFee="-962629154.03" modifier="A"
                     IPI="yiZC8SpW" birthDate="2019-03-14"/>
            </Participants>
        </Record>
        <Record title="y-sGBKGuVCL_PUdoo7Nh" spins="617124460" ISRC="8UV2PP54T5MN" year="3039" producer="QzzkurZHje-ILo3"
             label="oU.zzi0CYlAFvoSR2eF" recordNo="a6" serialNumber="wpnvdm.1WBJvOVLF" isPremiere="true"
             usage="commercial" ISWC="Zw03q4w" AKA="y_920RzaGAFkJ3Ioz3dPsdPeyf" genre="pop" broadcastedFrom="2019-08-28T11:21:16Z"
             broadcastedTo="2020-01-07T11:21:16" runtime="1737972017" origin="commerce" alternativeTitle="wqw.zRANHReP1j2cfdJx-0n-s3dDm"
             recordedFootage="1148802774">
            <Participants>
                <Participant name="qunGImY6t2" role="performer" IPDN="bGjnaE3" performance="soloist" grossFee="-1204570738.96" modifier="B"
                     IPI="mupEQXV3q9Sq" birthDate="2019-07-20Z"/>
                <Participant name="TGeiCY7.qe" role="music director" IPDN="BeX1Z6mNV46alfd82FeC" performance="conductor" grossFee="-473343841.74"
                     modifier="C" IPI="ja3tIDWio" birthDate="2019-07-25"/>
                <Participant name="Afy4R" role="composer" IPDN="wHgwut7dOb" performance="soloist" grossFee="223509442.55" modifier="A"
                     IPI="c9WlbR9u67p.rxZH.Gw" birthDate="2019-02-05Z"/>
                <Participant name="rVWX2XQ0k8PzGRJJYgV8Xx4psE-" role="sound engineer" IPDN="AlE1xGdw" performance="main" grossFee="-745734880.65"
                     modifier="B" IPI="ZCTDXsAbYJuy" birthDate="2019-11-17Z"/>
                <Participant name="dpZPZ" role="remixer" IPDN="Qb9Ph_1Fn" performance="supporting" grossFee="-1636061825.03" modifier="A"
                     IPI="kgMCwvO5WF0KEbaOgumOr3rfd9__dN" birthDate="2019-01-31"/>
                <Participant name="fChh3NcvDT9" role="sound engineer" IPDN="aspC4qTdh0kYpnkldPhUjA3f5Q6RT" performance="chorus master"
                     grossFee="1091761276.46" modifier="B" IPI="PGpyoa" birthDate="2018-12-12Z"/>
                <Participant name="X" role="remixer" IPDN="ncIDk-" performance="main" grossFee="684361640.30" modifier="B" IPI="xJwRBp"
                     birthDate="2019-09-03"/>
                <Participant name="KrF5ymHnNrl" role="arranger" IPDN="S3P7vrCAt.9.YR38v5hyVT" performance="main" grossFee="-1514677531.26"
                     modifier="A" IPI="ukg-NteUBYr" birthDate="2019-04-01"/>
                <Participant name="iyIq84jP" role="sound engineer" IPDN="P.jlNJACSNrZIkVP_2e68S" performance="main" grossFee="200658293.93"
                     modifier="A" IPI="h" birthDate="2020-04-23"/>
                <Participant name="n_KgP4xQMsJ1" role="performer" IPDN="ZdY7p" performance="supporting" grossFee="359522698.38" modifier="B"
                     IPI="OAUTGQ" birthDate="2018-09-27"/>
            </Participants>
        </Record>
        <Record title="Vn_XO" spins="1232798710" ISRC="0QG3S94JNL72" year="5560" producer="XC2oS2ivZTDqIFhGnrfqV" label="xpy18DKLquGTJvy3Y7yK"
             recordNo="GE5xplhXyIlCsc5Efk6KTO" serialNumber="wEg9AO" isPremiere="false" usage="broadcast"
             ISWC="bzAsxWJnKYc69KAlvWmd" AKA="xeP" genre="spoken word" broadcastedFrom="2020-05-30T11:21:16"
             broadcastedTo="2020-04-03T11:21:16" runtime="352755236" origin="free of charge" alternativeTitle="jHrCQ6VCFcQwekk7zPRc5b"
             recordedFootage="981221115">
            <Participants>
                <Participant name="kUC" role="arranger" IPDN="rckNzcDwHS" performance="chorus master" grossFee="-751701804.83" modifier="A"
                     IPI="z30UtTReiv0QkX-F5_DpJHWly47" birthDate="2019-12-25Z"/>
                <Participant name="oQHc" role="composer" IPDN="i" performance="supporting" grossFee="1998363092.29" modifier="B"
                     IPI="EmQLg2YZcJ3s8IRp25Sw.WWvXt" birthDate="2019-03-03"/>
                <Participant name="lFY35MeI0K0XenzgD_RkokCjAVH" role="composer" IPDN="dqQC.qsozrYZUJKAjlNhr4C" performance="soloist"
                     grossFee="-680643557.10" modifier="C" IPI="Kwl" birthDate="2019-05-28Z"/>
                <Participant name="W-05kxKwmQYOHLnREgmy" role="remixer" IPDN="cdYlDFbwd5elD" performance="soloist" grossFee="-392323983.63"
                     modifier="C" IPI="k.16UepISjf29aiDFP_jTvE" birthDate="2020-02-24"/>
                <Participant name="uA4Aam" role="remixer" IPDN="p4gN88ZD5tKXdBMv-F" performance="main" grossFee="1777312119.97" modifier="C"
                     IPI="FJmqDoeWQ4v2h5JZQJDtqB" birthDate="2020-06-26Z"/>
                <Participant name="BJcEv8PwHe9i9h3" role="arranger" IPDN="q3_TNcM17GrN" performance="main" grossFee="-75408875.85"
                     modifier="C" IPI="iS0tZridvIC" birthDate="2020-04-06"/>
                <Participant name="D2s285w" role="performer" IPDN="wiD_Be" performance="soloist" grossFee="1894222469.74" modifier="B"
                     IPI="ggl" birthDate="2018-10-10Z"/>
                <Participant name="KCC" role="music director" IPDN="tvagvPU5vP4O6LfNBjw" performance="supporting" grossFee="1914523646.62"
                     modifier="C" IPI="PaB97mb4bEfPCYbBNFjJ" birthDate="2020-04-12"/>
                <Participant name="tUIP" role="music director" IPDN="HkbML8aLTjRp_" performance="conductor" grossFee="1124397405.37"
                     modifier="C" IPI="i52Mwzhp0JDzuw1k4_xAQi7C9h1w" birthDate="2020-01-13"/>
                <Participant name="ABKSY" role="performer" IPDN="VRGsRLB" performance="chorus master" grossFee="1703042334.41" modifier="B"
                     IPI="ftSyHK5lNo3" birthDate="2020-05-14Z"/>
            </Participants>
        </Record>
        <Record title="K0xicr.LbQOv2n" spins="1366963008" ISRC="8483LG90311D" year="2983" producer="wNvPyZa" label="gfI2ULhFi2YwYbjRNur34xB7"
             recordNo="LMwT2Fh64f_XZ" serialNumber="r8EoVOh" isPremiere="0" usage="commercial" ISWC="V27My"
             AKA="SKoF9f1rPr" genre="classical" broadcastedFrom="2019-01-23T11:21:16" broadcastedTo="2020-05-21T11:21:16Z"
             runtime="1656456929" origin="live stream" alternativeTitle="BOeVT.I" recordedFootage="1578183035">
            <Participants>
                <Participant name="S38eejhqLwajw6oK4QA6jk" role="performer" IPDN="QAIKiOfnu" performance="soloist" grossFee="-387153148.33"
                     modifier="A" IPI="R6cw06PoacL5nd" birthDate="2020-06-09Z"/>
                <Participant name="eO4RyZEEWkJ8dJOgTpRa" role="remixer" IPDN="Z3EWUzKCbmLF5QP1LKqh" performance="soloist" grossFee="187318095.52"
                     modifier="B" IPI="oSoy-EH-2V.oN6pg5xE" birthDate="2018-12-12"/>
                <Participant name="p-XrOxU" role="remixer" IPDN="mA8dgKI3ys2MnbZOElmVyns3" performance="soloist" grossFee="643672236.51"
                     modifier="C" IPI="rkUnG.yZz8" birthDate="2018-10-13"/>
                <Participant name="WGb6fXWzM1DZN6rK_F" role="arranger" IPDN="R5gJAE9gQNEQ5" performance="supporting" grossFee="-1210182495.72"
                     modifier="A" IPI="K" birthDate="2019-09-28Z"/>
                <Participant name="ew9pQrPb" role="sound engineer" IPDN="yFATM4" performance="chorus master" grossFee="2132740597.88"
                     modifier="C" IPI="xCEApZXpShaa9Ow5J8lzAoJuJLeYNJ" birthDate="2018-11-14"/>
                <Participant name="pVF97z6XroVRPThT4DO" role="performer" IPDN="V3ZQGAk" performance="conductor" grossFee="-174506131.37"
                     modifier="A" IPI="Yo9u" birthDate="2019-06-11"/>
                <Participant name="UAkkNcdz9" role="music director" IPDN="Q4LzDCHMUYFiWKTxXq" performance="chorus master" grossFee="1137521583.36"
                     modifier="C" IPI="g5" birthDate="2020-03-15Z"/>
                <Participant name="Pyg" role="music director" IPDN="qR.7GHL8.VxCh" performance="supporting" grossFee="-2056957141.32"
                     modifier="A" IPI="fAuyPhd77laVJg" birthDate="2019-09-27Z"/>
                <Participant name="gDjxj9cfav3wS98jdkzsO9BcieF" role="performer" IPDN="wc" performance="main" grossFee="751922103.59"
                     modifier="C" IPI="lhazAm3mFTbh9Qd" birthDate="2018-09-03Z"/>
                <Participant name="eiUg" role="performer" IPDN="r4EJAWvv3c7_mng" performance="supporting" grossFee="-1455708699.88"
                     modifier="B" IPI="X3" birthDate="2019-10-11Z"/>
            </Participants>
        </Record>
        <Record title="ywG1lotO6MZN0AWliWmF2lhQz" spins="895807621" ISRC="44ZUGP96SK7J" year="5068" producer="MC-xbRwdcj-1kiNZ"
             label="S" recordNo="jw.QMC0.WQUZ2AMiomI" serialNumber="GRTSii0uH" isPremiere="1" usage="broadcast"
             ISWC="ncWjubThwsf0HHNWfryFEfp" AKA="Wmr" genre="classical" broadcastedFrom="2020-01-08T11:21:16"
             broadcastedTo="2019-09-03T11:21:16Z" runtime="487411218" origin="commerce" alternativeTitle="vsqsFbFIgf3f.PmA5LWXKNtYLx"
             recordedFootage="1842716423">
            <Participants>
                <Participant name="WgWXFEw8pZTnVg6ZJEZyWo_" role="subscriptwriter" IPDN="ZXlz9zOmTOyE9Y" performance="chorus master"
                     grossFee="-73822268.86" modifier="B" IPI="Cyqbih" birthDate="2018-10-19"/>
                <Participant name="u8i96JOxBd" role="arranger" IPDN="nDTc4WyvW37GO7y3ynimc5SO" performance="supporting" grossFee="722633385.38"
                     modifier="A" IPI="bh" birthDate="2020-05-06"/>
                <Participant name="qfNl0iStjVNr4HDgGsS9" role="arranger" IPDN="k5moVjTrXs7lOI" performance="conductor" grossFee="847921709.73"
                     modifier="B" IPI="Tv0Iyyds.AHW" birthDate="2019-09-24Z"/>
                <Participant name="W2nAsqQ9Wx_KIElSOkNjOg" role="composer" IPDN="Rk8A.CvmwfhjdFjxtbW2nqpsCCB6OX" performance="soloist"
                     grossFee="-921835966.76" modifier="C" IPI="YNpHWyj1Hed_NcIBVRdH1bOn7" birthDate="2019-04-22Z"/>
                <Participant name="G.BxCZPHwXMQnnvd7Ur0l" role="sound engineer" IPDN="IiuI1-tXUE05xc" performance="supporting" grossFee="7784288.91"
                     modifier="A" IPI="M" birthDate="2018-11-06"/>
                <Participant name="ycTCgu.VPxCY5grq-LLAcQ" role="music director" IPDN="DURWu_6BoowvZjRgOQGvZBRsWW" performance="soloist"
                     grossFee="2037086591.50" modifier="A" IPI="sNYhizZOMk8-" birthDate="2020-05-18Z"/>
                <Participant name="oMwji8NJbRqrf1W2zds9_" role="subscriptwriter" IPDN="E4" performance="conductor" grossFee="-1128452928.23"
                     modifier="C" IPI="VT" birthDate="2019-02-17Z"/>
                <Participant name="_.bHytPfpLxodHsuGPZO" role="composer" IPDN="GxBZW1koMHv9ScDWTZHIG" performance="conductor" grossFee="138427484.32"
                     modifier="B" IPI="DAdg" birthDate="2019-01-12"/>
                <Participant name="Evil.Sq-v.gV5YcOgqtx" role="music director" IPDN="MHNfQ" performance="main" grossFee="-288819292.60"
                     modifier="A" IPI="B7LymDb0lJm_Cq" birthDate="2020-06-11"/>
                <Participant name="SudPevCa50b4cmEUkXuiceP1-" role="remixer" IPDN="iAyg1TCi" performance="conductor" grossFee="-1809905401.22"
                     modifier="A" IPI="u_80R6" birthDate="2018-12-10Z"/>
            </Participants>
        </Record>
        <Record title="E" spins="1623154870" ISRC="W8H8KLQGUT4F" year="3473" producer="zwEu_PjstmiK90j.BmDDZOlOAWuXSJ"
             label="ANvC.StpR_gSylhad" recordNo="FEbZCaJWPg6o1h0CuGGd" serialNumber="O89iWtAJAgwG" isPremiere="0"
             usage="jingle" ISWC="mtsNmtFKqcskYPW3ShH4yueT" AKA="Aew9ATXNjn1ECmzhkGWT6On__" genre="jingle"
             broadcastedFrom="2019-11-11T11:21:16" broadcastedTo="2018-09-26T11:21:16" runtime="196396013"
             origin="commerce" alternativeTitle="UsKaWRByO5Q.KZG69YkpG-" recordedFootage="128803593">
            <Participants>
                <Participant name="uBtZr3PpwOoVfz1pplZ6b" role="scriptwriter" IPDN="nu3O" performance="supporting" grossFee="-1762555503.17"
                     modifier="A" IPI="u-NH45wR" birthDate="2019-04-05"/>
                <Participant name="HAowB4uqzk" role="sound engineer" IPDN="qMHt014peqr9aHQR8jPjWjdq17" performance="conductor" grossFee="-558951816.93"
                     modifier="A" IPI="Y5HgoNA86fk7bCh388d" birthDate="2019-11-17"/>
                <Participant name="n9fMoH82g7PTw8z29WPzPBcLwa" role="producer" IPDN="G68zdI-tI9mE27" performance="main" grossFee="623301862.32"
                     modifier="B" IPI="K" birthDate="2018-12-03Z"/>
                <Participant name="mGpZsG.yatK" role="producer" IPDN="gQar7v" performance="conductor" grossFee="1918909823.18" modifier="A"
                     IPI="SgtqfJOiD2w6flODK" birthDate="2019-02-06"/>
                <Participant name="Brgiz5dtvgwxSCJ6ESlXyo0e740x" role="music director" IPDN="W2ZvzaY_vidSWonhDOQ_E8" performance="chorus master"
                     grossFee="1781317853.26" modifier="C" IPI="NkQrTtZmtVm" birthDate="2018-10-30"/>
                <Participant name="gCu" role="producer" IPDN="I3L" performance="conductor" grossFee="-380038369.68" modifier="C"
                     IPI="ttI_" birthDate="2018-08-16Z"/>
                <Participant name="doMmc22Kh5" role="producer" IPDN="nEcC" performance="supporting" grossFee="2137031595.37" modifier="C"
                     IPI="nLjPWi1D2mj" birthDate="2018-11-24"/>
                <Participant name="aLva1s6sRcfgC0k.naKJf8" role="subscriptwriter" IPDN="Pf5T" performance="conductor" grossFee="506064803.56"
                     modifier="C" IPI="baC1" birthDate="2019-02-09Z"/>
                <Participant name="hqcSgfFSg0eO" role="arranger" IPDN="Qn.3vjmQ8D" performance="supporting" grossFee="-594312016.98"
                     modifier="B" IPI="u" birthDate="2019-12-29"/>
                <Participant name="C8guIE" role="performer" IPDN="AJjzX9bi8pxDeoqHdgzAZIXWJ" performance="conductor" grossFee="-1789721341.79"
                     modifier="C" IPI="m8Y6FFyX0dRy.G6NHMDk" birthDate="2019-05-20Z"/>
            </Participants>
        </Record>
        <Record title="Yljusl2-dn3jqt5-K" spins="200131621" ISRC="057ET6BDGK79" year="4668" producer="e2" label="mKMh.eY57x6"
             recordNo="OljsLp7dLPJZzPaNqVGYs" serialNumber="TJErOb" isPremiere="false" usage="jingle"
             ISWC="NgQxNbnd3" AKA="MRAXqZS47it9KO4c_8fAQ_msX6Ubd9" genre="spoken word" broadcastedFrom="2019-10-15T11:21:16"
             broadcastedTo="2019-06-15T11:21:16Z" runtime="1263138476" origin="live stream" alternativeTitle="B"
             recordedFootage="389009453">
            <Participants>
                <Participant name="vEOKfjIWyp1lURBy1qjWsAyepmG" role="music director" IPDN="Cw3odxaY" performance="supporting" grossFee="390190345.80"
                     modifier="B" IPI="P-rDip" birthDate="2018-11-15"/>
                <Participant name="EB89Me" role="sound engineer" IPDN="x5cLQPrdmOQ5srE9qVwTKC" performance="supporting" grossFee="-896887683.56"
                     modifier="B" IPI="nw47" birthDate="2018-12-16"/>
                <Participant name="hvd8x" role="performer" IPDN="T2r_Vk" performance="main" grossFee="1419522951.77" modifier="A"
                     IPI="Y47YYcFUMNRyaMWSCl8SiQ" birthDate="2018-12-12Z"/>
                <Participant name="bYrjKAA2spuPUcRnjpxU" role="composer" IPDN="L" performance="conductor" grossFee="1702333183.33"
                     modifier="C" IPI="oJm" birthDate="2018-12-28Z"/>
                <Participant name="AwEG4ePh6XjDhBHnsAF_p4NRvwj" role="scriptwriter" IPDN="osCoTUurGQgx6qAf7On" performance="conductor"
                     grossFee="536473357.79" modifier="B" IPI="tK84m69UP1SJeXNgbMYA5DRts6X" birthDate="2019-09-17"/>
                <Participant name="rMJgqvm6V5t3" role="producer" IPDN="gH6oh" performance="chorus master" grossFee="1796034232.35"
                     modifier="C" IPI="uqjgBwpVyqUp7hV" birthDate="2020-01-20Z"/>
                <Participant name="FJ" role="sound engineer" IPDN="QB" performance="supporting" grossFee="-2118299913.53" modifier="A"
                     IPI="C2q_5CNv3a_OV21civA" birthDate="2020-06-01"/>
                <Participant name="kvGv" role="performer" IPDN="vYuO8.iMzsy6" performance="conductor" grossFee="502388303.63" modifier="B"
                     IPI="FMja.TM" birthDate="2019-08-08"/>
                <Participant name="PepkPbK188G" role="composer" IPDN="MELiDlb-L" performance="supporting" grossFee="-719877668.32"
                     modifier="C" IPI="lfF0ePs3AR0ZRMec7IzrXmFRRkBp" birthDate="2019-02-23"/>
                <Participant name="hxyIftENPaUDAL3l9Cy.cjZ" role="arranger" IPDN="dWDlfAeinSV5T9q-HShTC5wRE" performance="supporting"
                     grossFee="184688840.10" modifier="C" IPI="PdW-L8D0" birthDate="2019-11-28"/>
            </Participants>
        </Record>
        <Record title="Eeo_afHmiwtHtB0gQus" spins="2123093913" ISRC="027JW02ZH848" year="6377" producer="ldVsIR-yyKKChaS"
             label="GKeO8ctI7kQNM3sFKWxuXl" recordNo="SVbB10VY-" serialNumber="xwruF5jM0" isPremiere="1"
             usage="broadcast" ISWC="Jp2qmANv1_pKSItlMoYE9OIXY6" AKA="tKSg_A4XabMyLrBymq" genre="jingle"
             broadcastedFrom="2019-08-22T11:21:16" broadcastedTo="2018-10-24T11:21:16" runtime="1814527132"
             origin="report" alternativeTitle="w_t-9YPCDrIP__ojJEyuMSA" recordedFootage="1415987266">
            <Participants>
                <Participant name="eo7bqHVqC" role="sound engineer" IPDN="BWy70ABEVbNAetbpbsi7czjxtmNoh" performance="chorus master"
                     grossFee="1217443204.66" modifier="A" IPI="L.7vpDdZKWzAre9mmbvPRc9z" birthDate="2018-11-04Z"/>
                <Participant name="PXSf4UARkrPMN5BGA" role="arranger" IPDN="ONBKhWPHzr_RsJGudQa3Ox8YN3" performance="conductor" grossFee="778999520.18"
                     modifier="C" IPI="ofYOJai-teSFalfP7" birthDate="2018-07-04"/>
                <Participant name="ZtT" role="music director" IPDN="GL-szvd5CtSdJJXDKgr5" performance="conductor" grossFee="452435512.14"
                     modifier="C" IPI="EQyeFtCV" birthDate="2019-07-13"/>
                <Participant name="KYato6" role="performer" IPDN="LUZqxsU0d8hnGIDNpPh" performance="main" grossFee="766669902.58"
                     modifier="B" IPI="Hb6iugxnPx4fUsTG-mU" birthDate="2020-03-09Z"/>
                <Participant name="PrTGg_gN6He4pJd4f7wcb" role="subscriptwriter" IPDN="jHYajrvdM_1_pAHFSmupzIbA_zxGS" performance="conductor"
                     grossFee="1723124785.40" modifier="A" IPI="a-RIB5" birthDate="2020-03-10"/>
                <Participant name="RoCoIk" role="scriptwriter" IPDN="PLMgPEVXYGQ8eteK8eUKCEo9" performance="conductor" grossFee="-839524017.19"
                     modifier="A" IPI="z8twEfq2RH7PAmFt7Q" birthDate="2019-01-14Z"/>
                <Participant name="pPujEJbUHoAuNSZSj9" role="composer" IPDN="Ppm-iUq26hWYyyAAy4VUix0" performance="conductor" grossFee="483988933.02"
                     modifier="A" IPI="jPi1KbvrQa" birthDate="2018-12-01Z"/>
                <Participant name="HfQ5Pc6hq3" role="music director" IPDN="xLj1IE.bv5gr" performance="soloist" grossFee="832730135.05"
                     modifier="B" IPI="dCSqxp8EKDju1rfUO8fUfgS" birthDate="2019-10-13"/>
                <Participant name="zckOCMi.0hlQ" role="remixer" IPDN="nVKv6kB29GEq6RgZh" performance="chorus master" grossFee="-364733899.48"
                     modifier="A" IPI="aU87Fh5wurAzweY89LPYBbn" birthDate="2020-03-23"/>
                <Participant name="A74vB" role="scriptwriter" IPDN="deUjZ.t07ty0oE_4knj8AEwPLSE" performance="soloist" grossFee="-1509545704.26"
                     modifier="B" IPI="Co6kI" birthDate="2020-06-05Z"/>
            </Participants>
        </Record>
    </Record>
    <Record title="Yzvh6fCAUmP7dlcb" spins="1056578317" ISRC="8M9SUZX39Q3R" year="7753" producer="jA" label="kiLNSNwgcWuLZ-aD"
         recordNo="UAS9zEOilRk.p" serialNumber="UGEEjWR4MioZ3" isPremiere="true" usage="commercial" ISWC="NjEl4mhBp1DS8w.IPPKjQPi2"
         AKA="jtbtTs29JNFWezCs2ou" genre="pop" broadcastedFrom="2019-09-12T11:21:16Z" broadcastedTo="2018-11-11T11:21:16"
         runtime="2115561950" origin="commerce" alternativeTitle="M" recordedFootage="156863014">
        <Participants>
            <Participant name="plHOa87H4" role="subscriptwriter" IPDN="Ivp" performance="soloist" grossFee="993025667.08" modifier="A"
                 IPI="TOczF8B" birthDate="2019-04-28"/>
            <Participant name="h4LMMh04IWBB" role="sound engineer" IPDN="BPBlW.2YGC9DhlUS" performance="supporting" grossFee="1209518015.89"
                 modifier="B" IPI="t.ZvVrysJL" birthDate="2018-10-20"/>
            <Participant name="XubiYJ" role="remixer" IPDN="qXE40qiMeMdYVK" performance="main" grossFee="-303662632.35" modifier="B"
                 IPI="PdsPQ2G_K1" birthDate="2019-04-18Z"/>
            <Participant name="Pb." role="subscriptwriter" IPDN="OgkwcjjRVElaU" performance="chorus master" grossFee="1641726708.51"
                 modifier="A" IPI="XXPF.w9jpsIV2A0.vq1vfwqi_" birthDate="2019-03-31Z"/>
            <Participant name="zCpmglsHjQCv3ywyVtEk5e2" role="arranger" IPDN="CdEzbXkSlD6aN" performance="soloist" grossFee="942006045.84"
                 modifier="B" IPI="BUk" birthDate="2020-01-19Z"/>
            <Participant name="z" role="arranger" IPDN="CAL.WNppwvJ4XmCED6lmqhHfLq" performance="main" grossFee="788648216.30"
                 modifier="C" IPI="yBoMLBasjdiK5tTbJ" birthDate="2020-06-30Z"/>
            <Participant name="njeagYNfmNML_FaY8XyW9hlgjO0n8" role="scriptwriter" IPDN="OAAQUETqw-Q6cqnrOJhN" performance="main"
                 grossFee="1153667511.55" modifier="C" IPI="it4BzrcbXIIX7dWBLHxd6-c" birthDate="2020-07-01"/>
            <Participant name="MKQhD.ALa6z2ZY" role="music director" IPDN="B0L.chi.QAtba5f169I7" performance="main" grossFee="-1567241899.04"
                 modifier="B" IPI="sPVxvevi0McTDxT0l5yRMr.0jJ" birthDate="2020-01-11"/>
            <Participant name="EODQdnRQwbnxr7AKcHZUKwFlx_56im" role="sound engineer" IPDN="KLDOnnmM9QIR0z" performance="main"
                 grossFee="1981578679.77" modifier="B" IPI="Zr8lkSas3" birthDate="2019-11-01Z"/>
            <Participant name="KkSIY5csJ3_GMFkSKuxnyEZ" role="scriptwriter" IPDN="SCEkaEt" performance="chorus master" grossFee="-1141458159.18"
                 modifier="A" IPI="ZC7q9SYH" birthDate="2018-11-05"/>
        </Participants>
        <Record title="OT6" spins="1581817494" ISRC="64R3AK2LZIWM" year="6205" producer="W0s4sAtljNFejFgL" label="uVvcKEZlW7D_PpQp0BGtSlF20MiJB2"
             recordNo="V0" serialNumber="wnCx8UTGh82" isPremiere="false" usage="jingle" ISWC="ReCnSQ5NFjwljJrSuEalF"
             AKA="zO" genre="commercial" broadcastedFrom="2020-02-18T11:21:16" broadcastedTo="2019-07-08T11:21:16Z"
             runtime="840313436" origin="commerce" alternativeTitle="QulRYTqkx4_aKU" recordedFootage="2085924705">
            <Participants>
                <Participant name="zDam" role="remixer" IPDN="XANAwNKGcfdK" performance="main" grossFee="1381221783.01" modifier="A"
                     IPI="WK.12RGkRj-aDO7z4RcMF6U.K1p" birthDate="2018-08-23"/>
                <Participant name="aOwnML2" role="performer" IPDN="dXX08_nDpYig3XHWV1igs09gWMx" performance="main" grossFee="-630629682.93"
                     modifier="A" IPI="jnzB" birthDate="2019-11-13"/>
                <Participant name="x4EYkjCvJU56jad4YDTvthML9i" role="producer" IPDN="G" performance="chorus master" grossFee="-51846734.28"
                     modifier="B" IPI="_qVgw9OuDbU3toUKd.BONY" birthDate="2018-10-18Z"/>
                <Participant name="g-7BqEQzjESj5bb0m6rx" role="performer" IPDN="Q1YGtl_NwZ" performance="soloist" grossFee="-1747128823.08"
                     modifier="B" IPI="MKAJcEKWpej" birthDate="2018-08-02"/>
                <Participant name="Qtxwl7KV8a.MeQp0SrE4f" role="producer" IPDN="awVsUdNKldwiR1ZFj0GvX2" performance="main" grossFee="-674535330.38"
                     modifier="A" IPI="cqrMy3mI" birthDate="2020-06-30Z"/>
                <Participant name="Z-HXzH" role="sound engineer" IPDN="tR-Fs" performance="soloist" grossFee="839990552.19" modifier="C"
                     IPI="Sk0-PCVVb7ByQ_s" birthDate="2019-07-02"/>
                <Participant name="qcCMZVT2OJO4kNw" role="producer" IPDN="Hn5V-ry7eaeNFm7_dsJpo4t" performance="conductor" grossFee="1120325642.70"
                     modifier="B" IPI="Yns_Fu9Twqu23WVcLV0" birthDate="2020-04-12Z"/>
                <Participant name="rPQM9JPi6fTb" role="subscriptwriter" IPDN="_4AwiROcxxM98-fa14uj" performance="soloist" grossFee="329714454.64"
                     modifier="A" IPI="svE71_6JVUFrd0W7L.SzcG" birthDate="2019-03-09"/>
                <Participant name="RVowE1XKGrew" role="sound engineer" IPDN="rP_0QQ.Zbu" performance="conductor" grossFee="161971929.77"
                     modifier="C" IPI="Jj69" birthDate="2019-07-15Z"/>
                <Participant name="WTE67NBE" role="remixer" IPDN="HXiCXSu9hbD0sZFPaSvHgTfr." performance="soloist" grossFee="293395385.99"
                     modifier="C" IPI="n" birthDate="2020-01-27Z"/>
            </Participants>
        </Record>
        <Record title="PNn" spins="446864104" ISRC="6RV9B5SJZ8IZ" year="8613" producer="o9dfYF.BtUU4X8" label="u_5-f"
             recordNo="dImb0zxJY0nUmPPmupQZg" serialNumber="_0DaopoLx0SGRUqQl" isPremiere="true" usage="commercial"
             ISWC="Nme54TTze8l-5hD" AKA="magWXSCyzD9n3Sh" genre="pop" broadcastedFrom="2019-03-19T11:21:16"
             broadcastedTo="2019-04-07T11:21:16Z" runtime="1896378786" origin="free of charge" alternativeTitle="HqKl6vNFW8QvrLCM.6"
             recordedFootage="166564457">
            <Participants>
                <Participant name="iI066eQ9Dp.LpKx3JHZ_ohw73U" role="sound engineer" IPDN="kGG_7UhvBKdDGX_T2t1i-XAFYxq" performance="main"
                     grossFee="761917393.59" modifier="B" IPI="NfVWK" birthDate="2018-12-04"/>
                <Participant name="S6ljseO-KZvdgDRjZ3vee" role="remixer" IPDN="H.D7oE5NvPtAU" performance="supporting" grossFee="1536083167.05"
                     modifier="B" IPI="jv5dAQeOSNpaY" birthDate="2019-04-20"/>
                <Participant name="aan" role="performer" IPDN="sCmA.X87UgH" performance="supporting" grossFee="-451881888.85" modifier="A"
                     IPI="dxlp9o1HdpSc." birthDate="2019-01-23"/>
                <Participant name="NB8x79vq4" role="scriptwriter" IPDN="D8doxheN5F" performance="chorus master" grossFee="-1646625708.11"
                     modifier="C" IPI="NXx" birthDate="2019-10-28"/>
                <Participant name="m4J29NUntgu4HMQ" role="music director" IPDN="hAfCyzO9_XK02kJqpx5zPtmjWt" performance="chorus master"
                     grossFee="1987578317.65" modifier="C" IPI="dJ6Y" birthDate="2020-01-04"/>
                <Participant name="COCbg2cS3koJ3Zc" role="scriptwriter" IPDN="xsq-ru_dRu5l" performance="main" grossFee="1181562415.14"
                     modifier="A" IPI="l20R_ZAQob9d7aU" birthDate="2019-08-19Z"/>
                <Participant name="cVly" role="arranger" IPDN="Yz" performance="supporting" grossFee="812231661.04" modifier="A"
                     IPI="YSBv2nNYVpg" birthDate="2020-04-07Z"/>
                <Participant name="sH42YvEp4T1bQawqwIZWnaQ" role="sound engineer" IPDN="rjuZ2" performance="supporting" grossFee="-1357783546.47"
                     modifier="B" IPI="K3Ev4AAlR4dqsR8GNSa_6b" birthDate="2018-11-03"/>
                <Participant name="NnRD1KDCJk0GUJOKBuTFxBNQFx0_j" role="sound engineer" IPDN="MvBHz" performance="conductor" grossFee="-1561599806.59"
                     modifier="A" IPI="C-ytoTL" birthDate="2019-03-22Z"/>
                <Participant name="nt4qc7w.UhcBUH5YZ_DR" role="performer" IPDN="sCVrSOHuwAhHl4CiV6NmFD6_HBocm" performance="conductor"
                     grossFee="-1825326563.21" modifier="A" IPI="v-K6-C7A1ivlINJwcwrT3L" birthDate="2020-02-01Z"/>
            </Participants>
        </Record>
        <Record title="eJSHk9EwHad" spins="86746266" ISRC="NAY1G6D3R78R" year="6171" producer="i3Zj37CA" label="YWhP58dP3oxMN"
             recordNo="f65gy" serialNumber="KCREZK4B5MiH" isPremiere="true" usage="broadcast" ISWC="YrChD92GkN"
             AKA="Bt.sm" genre="spoken word" broadcastedFrom="2019-01-01T11:21:16" broadcastedTo="2019-09-17T11:21:16Z"
             runtime="808075122" origin="live broadcasting" alternativeTitle="Zwzwv" recordedFootage="1088333963">
            <Participants>
                <Participant name="ejUmAo9dCQjrD1a" role="subscriptwriter" IPDN="O_" performance="conductor" grossFee="328335688.93"
                     modifier="B" IPI="j" birthDate="2020-01-11"/>
                <Participant name="VyWqN8U" role="music director" IPDN="zJW" performance="main" grossFee="-1983603334.25" modifier="B"
                     IPI="I54_xWq_yJumbZpRnUr6TZ9bXQDNcU" birthDate="2018-11-15"/>
                <Participant name="q1pI4CiSa" role="composer" IPDN="DbtX6AoCE48ERbS32OU4Mx5N7pH" performance="soloist" grossFee="1197354203.23"
                     modifier="C" IPI="_0i7jE6RgGgUoUsX6AwFE0zP3" birthDate="2018-10-03"/>
                <Participant name="wLjWXNw" role="sound engineer" IPDN="c76IwBU_4vH-MxDgg6DDr" performance="chorus master" grossFee="-91116086.48"
                     modifier="A" IPI="V8bHEeE6EmlVOoPt6JU" birthDate="2019-04-07"/>
                <Participant name="mCYVDKeE7U5WywlUoair2Zs_S1zu" role="remixer" IPDN="vMt5tNgvkd1Zwg0Pppc" performance="soloist"
                     grossFee="-197502247.15" modifier="C" IPI="L7n.z" birthDate="2019-03-25"/>
                <Participant name="SzjR7womXPhG1N" role="subscriptwriter" IPDN="KR_SDLYwftxrSk_mrbBuU" performance="conductor" grossFee="910809745.61"
                     modifier="B" IPI="seoqIR" birthDate="2019-06-20Z"/>
                <Participant name="NJHpgy" role="arranger" IPDN="iL_xrQ7e87N-YWamm" performance="soloist" grossFee="636397027.83"
                     modifier="C" IPI="q_TiJQ" birthDate="2020-01-17Z"/>
                <Participant name="fhbnx" role="subscriptwriter" IPDN="lpTls" performance="main" grossFee="-821205436.98" modifier="C"
                     IPI="iUnZeUwc_QtziHiHYJ" birthDate="2018-09-04Z"/>
                <Participant name="Gk0Cn7V83b5rTrVd6VVnFPBtIiFSe4" role="sound engineer" IPDN="g0Ass" performance="supporting" grossFee="209291044.42"
                     modifier="B" IPI="BBsIZNcylmFaR.6I" birthDate="2019-05-30"/>
                <Participant name="dR" role="producer" IPDN="ktNcLn1Ic8IlsUF.BIRi1c" performance="conductor" grossFee="-720238539.53"
                     modifier="A" IPI="FuxHMbKk0.mqBqd35t-AArIaCs2A" birthDate="2020-06-09Z"/>
            </Participants>
        </Record>
        <Record title="sdai" spins="1817732789" ISRC="6L643R7L9M07" year="8669" producer="C9RDbPs86uIMxbPXgTepp" label="qordl_WKPOgpUTY5vS-54Q"
             recordNo="TfERJUr0E5r" serialNumber="dIpYmsvKQ7uNlVboq5" isPremiere="1" usage="broadcast"
             ISWC="XFtX" AKA="NUWAvJ" genre="composed" broadcastedFrom="2019-02-23T11:21:16Z" broadcastedTo="2020-03-18T11:21:16Z"
             runtime="1739554006" origin="free of charge" alternativeTitle="dN-Y7Ep_vbCK4F7M4HyO21Cs"
             recordedFootage="150495040">
            <Participants>
                <Participant name="FADwy-8B" role="sound engineer" IPDN="e2ji" performance="main" grossFee="254062499.36" modifier="A"
                     IPI="fZ-rEtiz08jT1uz6" birthDate="2019-07-24Z"/>
                <Participant name="y1WkzTfTAQ2VMRvvsQcHQ" role="music director" IPDN="Nc" performance="chorus master" grossFee="-1566420355.39"
                     modifier="B" IPI="QRUWGE9XVKxQ07T.8GAx6W4aFjn1" birthDate="2020-02-19"/>
                <Participant name="d1ES4rjKmbebudl3" role="performer" IPDN="vyB0CKwFFggi0oG09x" performance="soloist" grossFee="744872238.53"
                     modifier="C" IPI="bUVWDU1dJIA_gLVwjWfEL" birthDate="2018-09-12Z"/>
                <Participant name="LVYHJRch" role="sound engineer" IPDN="ED9UBRZTxJisHti9f6aIs8hGpp0nYl" performance="conductor"
                     grossFee="-1445802762.91" modifier="C" IPI="HQYcADQdAH6iaI_a77ND" birthDate="2020-06-09Z"/>
                <Participant name="iB1k8" role="composer" IPDN="JUzayur8_dlEWPIUqYP" performance="supporting" grossFee="891441033.01"
                     modifier="B" IPI="F0EyZz0-nomTvY2RVFKuU.QbM" birthDate="2019-06-10"/>
                <Participant name="MwgUlixpyx9eHimbqpG8GoKj" role="composer" IPDN="WllG_GN0UCKdqB9wN" performance="soloist" grossFee="1386169130.10"
                     modifier="A" IPI="mRAAuE3M_dTg" birthDate="2020-04-05Z"/>
                <Participant name="Ug5N1aytrHDIDBjtkO-7SZAf0QE07" role="arranger" IPDN="ynSZgvs_kmoNf1OLGDQ" performance="soloist"
                     grossFee="2001225339.98" modifier="A" IPI="lFyq" birthDate="2019-10-27Z"/>
                <Participant name="tNZsYVtF" role="arranger" IPDN="k4.FJXY" performance="conductor" grossFee="-1817602823.54" modifier="A"
                     IPI="y4s9eDNgdKdug4iUQ" birthDate="2019-08-31Z"/>
                <Participant name="gSU9yxHVFkvP65svpOsYA" role="subscriptwriter" IPDN="Urc0dhXv" performance="chorus master" grossFee="-1886423722.73"
                     modifier="B" IPI="pdnRsl75csb7nQ8Cluxk" birthDate="2019-07-23Z"/>
                <Participant name="dp4K.ZYUcEhyo" role="performer" IPDN="Nl-xEan_jEx0ud8GL" performance="main" grossFee="-340198643.44"
                     modifier="B" IPI="QXJgZmTRVg53O8LOZoF0" birthDate="2019-10-19"/>
            </Participants>
        </Record>
        <Record title="cqAp-VYN9FAT6-woCjuno" spins="451952549" ISRC="KV6LR0F3F221" year="3627" producer="h" label="ZI9Q.SPXY5"
             recordNo="h7CnOXUcqkn9.b65mb" serialNumber="L4dNdSTSdR0k4u6Y6gUkm7d1H" isPremiere="1" usage="broadcast"
             ISWC="dp5l" AKA="dl" genre="classical" broadcastedFrom="2019-10-29T11:21:16Z" broadcastedTo="2019-11-03T11:21:16Z"
             runtime="1885038900" origin="self" alternativeTitle="_EbJpWVA62BZ" recordedFootage="2022466018">
            <Participants>
                <Participant name="bAViqIFtUV5QiP.NzfhOCf-qWl" role="performer" IPDN="IQqfBjIR2oqFtDbc_" performance="chorus master"
                     grossFee="-2028195972.92" modifier="A" IPI="O_C.gZIf1yvM" birthDate="2019-07-10Z"/>
                <Participant name="m-F" role="performer" IPDN="N0CTccZzJEinN6F48Av" performance="soloist" grossFee="-655851106.19"
                     modifier="C" IPI="D.b4fIZLi7p8EuLT" birthDate="2019-12-18Z"/>
                <Participant name="mUF6jvi8tK" role="music director" IPDN="PPoroX1" performance="soloist" grossFee="998315188.38"
                     modifier="C" IPI="GmCP" birthDate="2018-12-12"/>
                <Participant name="fUqOgt6oxdHDUs7tH-.-SILHl" role="music director" IPDN="RVZY41zOwfDNm" performance="conductor"
                     grossFee="-1157947525.11" modifier="B" IPI="uHxc307qZD" birthDate="2019-03-27"/>
                <Participant name="jzlWMdAgK4HTQyCeIsu1mgUWp3Wan" role="arranger" IPDN="zjilp5irK_jbg0K2v0BKag" performance="supporting"
                     grossFee="1892600250.62" modifier="A" IPI="VbBkJRj5." birthDate="2020-02-17"/>
                <Participant name="j8Uuankfi6unrlQkJ5hNu82" role="sound engineer" IPDN="vYRdP9JnnXq1LHzFSym9Q-XlCjbtK" performance="soloist"
                     grossFee="-996912319.83" modifier="A" IPI="lsthnY9FfaLeXOHIaA9I" birthDate="2019-10-26Z"/>
                <Participant name="b7An0FM66Ng" role="sound engineer" IPDN="ASzL0OSwnjRifuube7coqJ" performance="main" grossFee="1061341296.03"
                     modifier="C" IPI="NxPLWIXzwX" birthDate="2018-07-21"/>
                <Participant name="UcXFTH0Y71HY0E" role="scriptwriter" IPDN="AJHKwaaa" performance="chorus master" grossFee="-622187413.45"
                     modifier="B" IPI="kCmqDFuI7le9C3BCGpdA" birthDate="2019-02-19"/>
                <Participant name="oj" role="subscriptwriter" IPDN="HYdYBtiW0" performance="main" grossFee="1536078443.27" modifier="C"
                     IPI="JqvCYW.iZuTnZEC" birthDate="2019-02-06Z"/>
                <Participant name="QzV_5oajNqyGvf5XEFOvKgGOG3" role="sound engineer" IPDN="fu" performance="chorus master" grossFee="-1041718444.31"
                     modifier="B" IPI="i0" birthDate="2020-06-07Z"/>
            </Participants>
        </Record>
        <Record title="afEI-NwvpqIeGBqM-" spins="831262145" ISRC="E04SWPK3912N" year="1312" producer="np937J5GxR5dma7Xplw"
             label="rAlU1o8QPcdWSCM" recordNo="_G3pOhdpZjADLB333wc7" serialNumber="B7I55oeDqcjzs-UxADE9ZzHhes"
             isPremiere="false" usage="commercial" ISWC="e0m.EOAcAN-FLY4MEfpgY92DmFUSpq" AKA="KAivy1siQvJt"
             genre="composed" broadcastedFrom="2019-07-02T11:21:16Z" broadcastedTo="2018-11-26T11:21:16"
             runtime="114323708" origin="free usage" alternativeTitle="l8iJDX561ltzzH0m0LoPtytfd" recordedFootage="1574262841">
            <Participants>
                <Participant name="n46d60lvI84Jnr-GQ" role="subscriptwriter" IPDN="Ra_" performance="conductor" grossFee="1593689028.36"
                     modifier="C" IPI="rfHnnTngiijYyie" birthDate="2020-04-16Z"/>
                <Participant name="P0LLa52-leXZdfVX" role="remixer" IPDN="eoi_Ef.3AHwWbmZUzpG6" performance="main" grossFee="-1803226228.39"
                     modifier="C" IPI="MG0JGS5tJ9fOR" birthDate="2019-01-03Z"/>
                <Participant name="tEgWHPYenkqT_66gBmwm" role="remixer" IPDN="Z96OH" performance="conductor" grossFee="1307131719.63"
                     modifier="C" IPI="fPYHboV4" birthDate="2019-05-14Z"/>
                <Participant name="N1BF7-V7_pPb6k0Y6jU43" role="producer" IPDN="VPh" performance="main" grossFee="1481036882.73"
                     modifier="A" IPI="pOhnyGW1DGfCoa" birthDate="2018-12-13Z"/>
                <Participant name="Nufa_r0XEZs3kZ2-Z" role="remixer" IPDN="z" performance="soloist" grossFee="-1579230113.45" modifier="C"
                     IPI="RfskN6uckBo39j3eb1m8_" birthDate="2019-04-06Z"/>
                <Participant name="s0b_NlpdSQVZ1SiZyI" role="music director" IPDN="kSOK7H-WNuSkZn83nbYK" performance="supporting"
                     grossFee="-1201508620.90" modifier="A" IPI="XGHDI4" birthDate="2018-08-10"/>
                <Participant name="lBZ9UtrVfRtmWaLuOIb_kLt" role="subscriptwriter" IPDN="J3dxlGIcxQYDVwAFoYkP88J" performance="main"
                     grossFee="285200545.34" modifier="A" IPI="kAs3Ba6KLP8UgIEtAb" birthDate="2019-10-05Z"/>
                <Participant name="Z6wjS" role="scriptwriter" IPDN="hOiPsy6cAy" performance="main" grossFee="321724978.96" modifier="B"
                     IPI="kLUKF6iLooHwKklW4ycnmn2n" birthDate="2019-09-24"/>
                <Participant name="N6eGNgo79WWCNkIjOX6xpcS-89" role="sound engineer" IPDN="SMkHr1-u_hka_aXG7J0D8" performance="main"
                     grossFee="-458442787.44" modifier="A" IPI="JLxF6M20Tfa5W2pGZREJ2HGiHRow" birthDate="2019-07-16Z"/>
                <Participant name="fYJvm4236IhcfUgRoCMCYlanaFNO" role="remixer" IPDN="xLjEIcrGeVohT5JC6tKnzgHm" performance="chorus master"
                     grossFee="-1855483068.02" modifier="A" IPI="dx5ZxOV.oj-3" birthDate="2020-04-23Z"/>
            </Participants>
        </Record>
        <Record title="T8LVXjm7sb3r_KwGxybn" spins="1856331069" ISRC="EYDNI4Z4KKNO" year="4035" producer="GsXV1kdE5_8LLeJ_uqsa.yOJ2Cod"
             label="GLMdL7Rj-1u7tOAzjau40AvS" recordNo="tnhjqNkXMxCP9am3Zrf_P9XqZzaJ_4" serialNumber="hA8QQt"
             isPremiere="0" usage="commercial" ISWC="V6lZzS4RdB" AKA="c9HQ.pNiO9" genre="commercial"
             broadcastedFrom="2019-03-30T11:21:16" broadcastedTo="2020-05-26T11:21:16Z" runtime="2010799622"
             origin="free of charge" alternativeTitle="jGubARBkjgYGPR1wWjlPZ4" recordedFootage="1256833606">
            <Participants>
                <Participant name="yM6uRc-aTEL_3j5d" role="scriptwriter" IPDN="dLZ" performance="conductor" grossFee="-348717262.21"
                     modifier="B" IPI="STB_VvK_K37LrxtoL" birthDate="2019-06-16"/>
                <Participant name="e3-7z" role="arranger" IPDN="AWQBPDG6l_1" performance="soloist" grossFee="1880893575.54" modifier="C"
                     IPI="xt16R_o8HqQv" birthDate="2019-03-18Z"/>
                <Participant name="AfM0yvRnJ" role="producer" IPDN="BUPFX3ldMO.ays3FV" performance="conductor" grossFee="-1291839213.13"
                     modifier="B" IPI="d9" birthDate="2020-02-25"/>
                <Participant name="kQJwLolHUgd" role="composer" IPDN="K" performance="main" grossFee="1739553809.75" modifier="B"
                     IPI="kLQ06q" birthDate="2020-03-02"/>
                <Participant name="xeCDWg8G8gn4ppVWeXfoyglaKYR3OR" role="scriptwriter" IPDN="FV1QTqJrq" performance="supporting"
                     grossFee="1809608398.25" modifier="B" IPI="oRkxV.cw1AP0lAcDdBvLdN_PDtao" birthDate="2020-05-21Z"/>
                <Participant name="fKif1A17Nxzmz6wsOF35BAFwL0GzFt" role="remixer" IPDN="M" performance="chorus master" grossFee="-1713565439.38"
                     modifier="B" IPI="Mv1H3U2U8814G.FN-iniNBNQQ6" birthDate="2018-07-10"/>
                <Participant name="gTmGVhKU00MgjmSKWvj.F25xt" role="composer" IPDN="F4XexJoXI6qanx" performance="conductor" grossFee="1747022301.95"
                     modifier="C" IPI="RvrMrJpv0.wemb7DSLPhjLhwS" birthDate="2019-01-31Z"/>
                <Participant name="u96oXkd68RAaaMeGPGRZziwqO" role="arranger" IPDN="c5HLT.m4o6PtxbKgf7Z" performance="chorus master"
                     grossFee="-247956113.81" modifier="A" IPI="T7Q6UIXqI.4IIE0T_31aQ" birthDate="2020-07-02Z"/>
                <Participant name="UlvlA293ptBiFOWVODV6QG" role="remixer" IPDN="VQZzIeKy5KqQhHz63SUVc" performance="main" grossFee="899435669.73"
                     modifier="B" IPI="a0V1WY3l0AEplUpTUVUx" birthDate="2019-07-16Z"/>
                <Participant name="h8JHQnP9Kbair" role="subscriptwriter" IPDN="v7eB" performance="supporting" grossFee="1989743900.24"
                     modifier="B" IPI="BIZp4DHdYesP.5" birthDate="2020-06-06"/>
            </Participants>
        </Record>
        <Record title="Njk3a1" spins="11539792" ISRC="58LN2110HVS4" year="0090" producer="DhDRUqss4_u" label="ZgnOSBuQMAyJ0b4pNqipdH"
             recordNo="QwNb0dingWZSQg4ra2-abvBC.7ebQh" serialNumber="mPmWakvVy-C" isPremiere="0" usage="broadcast"
             ISWC="iHafiIXvHLmL1" AKA="ZbOFVGWc8b" genre="composed" broadcastedFrom="2019-02-19T11:21:16"
             broadcastedTo="2019-01-01T11:21:16Z" runtime="108136987" origin="free of charge" alternativeTitle="X"
             recordedFootage="82746421">
            <Participants>
                <Participant name="DAX8cV0F765seYdVRrzWPoEqN" role="scriptwriter" IPDN="L-u7V2FQlN_Humeo7sROri_LTFH" performance="conductor"
                     grossFee="249127026.60" modifier="B" IPI="DTSCe_7btNPDO7W" birthDate="2019-02-08"/>
                <Participant name="FsJpY5DdxEakxv7W9Ii6EduEzF" role="subscriptwriter" IPDN="_xioyKHKl6SzddcuFOes" performance="soloist"
                     grossFee="-632479031.91" modifier="C" IPI="L3KkBr910onCx_v" birthDate="2018-08-20Z"/>
                <Participant name="yM7CLuNB0.kcDyneI_O_-EeJHbmn" role="remixer" IPDN="RewewHUGHKLUq" performance="supporting" grossFee="-243031829.62"
                     modifier="B" IPI="ACbcvbjwLkyAGAL9n3VGp3m3" birthDate="2019-04-28Z"/>
                <Participant name="EH07Kp" role="producer" IPDN="paOyRSe78EYVvA" performance="conductor" grossFee="384607009.72"
                     modifier="C" IPI="Ul" birthDate="2018-07-23"/>
                <Participant name="H.nB-w.6T1UI58FRn1xmzXySI3OZz" role="scriptwriter" IPDN="VcqXxFLsPd1d8bk_gw" performance="soloist"
                     grossFee="1783930525.89" modifier="C" IPI="Prbwh47" birthDate="2020-06-17Z"/>
                <Participant name="maX.tECgrYcXbGkkDxCLis" role="arranger" IPDN="kteYEUPVmCA7Q_TIkxrBCrok" performance="chorus master"
                     grossFee="221872181.37" modifier="A" IPI="IRvLcQ6pk9vxD" birthDate="2018-07-04"/>
                <Participant name="o1KMhcCszK9L2KJQpAfJSVbuk" role="producer" IPDN="Upndy4zsQ7HCB" performance="chorus master" grossFee="1006378113.70"
                     modifier="C" IPI="gW-xuwXVxO4-fsrbmn1Yhrg_2Qco" birthDate="2019-05-22"/>
                <Participant name="DRm-ulkFcpbnPjnLGOQvO3KXq" role="composer" IPDN="d21" performance="main" grossFee="158677463.89"
                     modifier="A" IPI="ehnAiGcNkzGJOPDJ" birthDate="2019-02-22Z"/>
                <Participant name="Z" role="sound engineer" IPDN="mgRL75-4HorpDNjSTlK_qTpvPwl" performance="chorus master" grossFee="-300811536.82"
                     modifier="A" IPI="G_Nizsc8p6" birthDate="2020-06-24"/>
                <Participant name="PK" role="music director" IPDN="JjN9gvdk" performance="conductor" grossFee="-2111380317.12" modifier="A"
                     IPI="ENzYrVK_-9f.tu3VAA9t2XNT7" birthDate="2019-04-22Z"/>
            </Participants>
        </Record>
        <Record title="k" spins="885951603" ISRC="3T3R5FXN496Z" year="1853" producer="spAYwVQlwamW5" label="Zzr5fox6DhlZNfj"
             recordNo="xAx51d" serialNumber="HDxTiTDrjFny1h" isPremiere="1" usage="broadcast" ISWC="t.NA9"
             AKA="lz-eeQKKB" genre="classical" broadcastedFrom="2020-03-27T11:21:16" broadcastedTo="2019-06-11T11:21:16"
             runtime="1783650338" origin="live broadcasting" alternativeTitle="_hq8HV7wdG" recordedFootage="957243451">
            <Participants>
                <Participant name="f" role="performer" IPDN="kMP-u9" performance="main" grossFee="698998831.53" modifier="B" IPI="lxAOTnsOgDqQXR"
                     birthDate="2019-07-16"/>
                <Participant name="bae4C1bxA" role="composer" IPDN="am" performance="main" grossFee="1406755998.18" modifier="A"
                     IPI="s." birthDate="2019-04-24"/>
                <Participant name="gEFxZgW_M" role="performer" IPDN="sfz6YOyrBBlUPEyC3fkP" performance="supporting" grossFee="-1327161262.68"
                     modifier="C" IPI="SaSEl9OQIhXGEhb_MpUp7El" birthDate="2020-02-05Z"/>
                <Participant name="KN9O_x" role="scriptwriter" IPDN="R7eoekn2.Aw" performance="supporting" grossFee="403895776.67"
                     modifier="A" IPI="yZZtzBcDKQ.roGYL1j7" birthDate="2018-12-11Z"/>
                <Participant name="AEUz0n2GRNQ3UFZt_4hCZObWFjX1o" role="music director" IPDN="nf" performance="soloist" grossFee="1868580657.26"
                     modifier="B" IPI="vtpeeOW.B.lyqyZGBy" birthDate="2018-09-14"/>
                <Participant name="LaZKbRm0HbM6z1tl.4mfbLtD3RdA" role="subscriptwriter" IPDN="d.vzvBa" performance="soloist" grossFee="601889325.12"
                     modifier="B" IPI="qJeK5zR-ue90XecX" birthDate="2018-10-10Z"/>
                <Participant name="J577694NJ4gCSYscaTClL" role="music director" IPDN="zLLS.ymiwjTjxo6-yVyRAAsvNa" performance="conductor"
                     grossFee="499204122.79" modifier="A" IPI="Bl8TsfTyx" birthDate="2018-08-29Z"/>
                <Participant name="Oz-6plmMLc0.ZyeuaS6JudcicBJ0" role="producer" IPDN="C3v2l2zmX5GipVUPavMQDJp5JAy.es" performance="main"
                     grossFee="1182494356.35" modifier="A" IPI="VxUHjJS0wrUeOXJoSA_I" birthDate="2019-10-07Z"/>
                <Participant name="xyQmVV" role="performer" IPDN="fHW7jvfc07-NHyJJP4TN." performance="soloist" grossFee="-2086100401.56"
                     modifier="C" IPI="IY8Bd98j9g1ht6qMJ" birthDate="2018-08-12Z"/>
                <Participant name="opttttna7" role="sound engineer" IPDN="KTkyAn9V2zmxvv8Wsb" performance="chorus master" grossFee="698294039.89"
                     modifier="A" IPI="pl9EVWbMUhngR.zS" birthDate="2019-04-30Z"/>
            </Participants>
        </Record>
        <Record title="ZtYhrYQR9lqniKwmOBT5Q" spins="1240667908" ISRC="5H00L9024MEA" year="2739" producer="TaOBQEqcWNByKIin9T3MfZ7Rds5L"
             label="h8JbFYKS" recordNo="t1C_UrMq3q" serialNumber="Ai7v4G01j95HdioZ" isPremiere="false"
             usage="commercial" ISWC="k5zS0T75x1rsQev99" AKA="vZi_GMw" genre="pop" broadcastedFrom="2019-12-31T11:21:16Z"
             broadcastedTo="2019-12-03T11:21:16" runtime="177529780" origin="recorded stream" alternativeTitle="Psag4SE74n3HzpGCls"
             recordedFootage="1359065294">
            <Participants>
                <Participant name="FwvOc8Q_UgC3vIVKz" role="performer" IPDN="P4" performance="soloist" grossFee="1348414192.06" modifier="B"
                     IPI="HcLtSbkH" birthDate="2020-06-29"/>
                <Participant name="jVtUHNYBYneKAaWeS0CRsE" role="remixer" IPDN="ZGr5UNdVO4SlA7nultyi7n" performance="main" grossFee="-211430728.37"
                     modifier="B" IPI="PmY19kJIC" birthDate="2019-12-24"/>
                <Participant name="Tu-ypw2LlD3_XFu8kbw" role="composer" IPDN="CC4gPr.YVtdg" performance="main" grossFee="-597898296.67"
                     modifier="B" IPI="qQ_OdxGW1BYoc_l856N" birthDate="2019-07-06Z"/>
                <Participant name="qOM7FSdaq.1FnHFowiO-" role="composer" IPDN="yu" performance="conductor" grossFee="-250166637.52"
                     modifier="A" IPI="rgeQ6j0CBMbnrdH6aa3agvH_SmzjW" birthDate="2020-01-09"/>
                <Participant name="PZ9DJ" role="music director" IPDN="tzkq" performance="main" grossFee="-1762075859.46" modifier="C"
                     IPI="vLChOrMqgUY" birthDate="2019-03-14"/>
                <Participant name="EhbBe76xZ" role="performer" IPDN="yPsRvgKzmpqKKSEeB." performance="supporting" grossFee="1798434870.37"
                     modifier="A" IPI="jlAP" birthDate="2019-04-13"/>
                <Participant name="gtQSK6Fv1M7ppq_Z1PF" role="arranger" IPDN="ny3tOqA51JimOc0Rh5" performance="main" grossFee="975259510.95"
                     modifier="C" IPI="mC8cUAr-jznEGevR5_l" birthDate="2020-05-18Z"/>
                <Participant name="b-16LU3F0P4" role="subscriptwriter" IPDN="h5Y9YV9" performance="main" grossFee="2018863261.60"
                     modifier="C" IPI="uVLVPaMbMcB" birthDate="2019-08-09"/>
                <Participant name="D" role="producer" IPDN="NPlJCN3D_yQGqEz" performance="chorus master" grossFee="-306904754.41"
                     modifier="A" IPI="G5NuIxJHIvSpYmm" birthDate="2018-10-31Z"/>
                <Participant name="f3W" role="sound engineer" IPDN="G9ZeKPB78fc9Q7hG0YTYr" performance="chorus master" grossFee="695299444.33"
                     modifier="A" IPI="qJ9EPtMJjZ7zG38K3" birthDate="2019-08-01Z"/>
            </Participants>
        </Record>
    </Record>
    <Record title="Z8wsEi5RoOzU41LRTb6_wFwF1" spins="4166858" ISRC="6J8QPQBIZ385" year="4609" producer="Zq" label="_ftBU00cejNkyBI_m"
         recordNo="xWWC09k" serialNumber="no-R" isPremiere="1" usage="commercial" ISWC="weSD7XmPGP-rLzDBNdzqCGwu"
         AKA="Nu09z._j0T2vZ4" genre="spoken word" broadcastedFrom="2018-09-13T11:21:16Z" broadcastedTo="2018-09-18T11:21:16"
         runtime="1567712139" origin="report" alternativeTitle="rNKcltQgGaxR1zk" recordedFootage="1472825109">
        <Participants>
            <Participant name="XIZpMLuwDn_WQmLw7jaXDtTbA" role="sound engineer" IPDN="YUvRuP.5GFLO1tjieAYdOFJ" performance="supporting"
                 grossFee="257706834.05" modifier="A" IPI="K5tyY_Ke9xScUMSexLjJoQrqgB" birthDate="2020-02-18Z"/>
            <Participant name="A-QjrBW.Rz" role="subscriptwriter" IPDN="Tk.N" performance="soloist" grossFee="-872848424.24"
                 modifier="B" IPI="wz_pfoTPl8x_nt1GFcEDroUxXfU1" birthDate="2019-02-02Z"/>
            <Participant name="tkgqTcDG" role="remixer" IPDN="rM8" performance="main" grossFee="-663833427.32" modifier="B" IPI="Qvwbd6jWQ-TAr5dqCfEtPake2kf"
                 birthDate="2018-07-17Z"/>
            <Participant name="sqiSlM8UsQbV" role="producer" IPDN="h" performance="chorus master" grossFee="-103402604.55" modifier="B"
                 IPI="Tjsq5QP0gQ2uBHk-spP1" birthDate="2019-03-24Z"/>
            <Participant name="weuY-27SnWph45jXkTfozAARaTk2" role="composer" IPDN="OgINFs" performance="main" grossFee="498698339.93"
                 modifier="A" IPI="lFlGnyCGuvAxWZk.jmMzw" birthDate="2018-08-18Z"/>
            <Participant name="WE4Bmj_O2ih" role="remixer" IPDN="_d3LOH6WD" performance="conductor" grossFee="-1728848558.86"
                 modifier="B" IPI="K5OPI1oRlT" birthDate="2019-03-15Z"/>
            <Participant name="xef4vFm1Y0X" role="sound engineer" IPDN="CLHCS42KHxsVDcb" performance="soloist" grossFee="1855038973.30"
                 modifier="C" IPI="Y" birthDate="2018-12-11Z"/>
            <Participant name="y8BLh.KJpxZPosiw2Suelj1w3" role="performer" IPDN="UPnij3Cr_sXp" performance="supporting" grossFee="139585207.26"
                 modifier="C" IPI="GH2cKyVcCLhZalC7Hh" birthDate="2020-02-07Z"/>
            <Participant name="Zza8RAZHKnfkXB-.qXd" role="composer" IPDN="eTijsMKxzCT-_YHvjTQ2LUGes" performance="conductor"
                 grossFee="-1978321449.04" modifier="B" IPI="qiQwbNGkjJ_FAZbPe" birthDate="2020-03-03Z"/>
            <Participant name="wSjHOSLv5Sms_QHkxLiGnp" role="subscriptwriter" IPDN="B" performance="supporting" grossFee="-297780413.52"
                 modifier="C" IPI="q7hxHIwPlSm" birthDate="2019-05-12Z"/>
        </Participants>
        <Record title="mGLKum6G" spins="1484720248" ISRC="97RU8B3MV284" year="6570" producer="EsFP35lvMD4FT2O50pWuBYB23n9p9"
             label="q4F9iB9vhXAIxFZ4S" recordNo="fnPR3rYom2wiyic7" serialNumber="O0" isPremiere="true"
             usage="broadcast" ISWC="nRzDf85Ia4A-arv" AKA="MS" genre="composed" broadcastedFrom="2020-06-25T11:21:16Z"
             broadcastedTo="2020-02-11T11:21:16" runtime="575126831" origin="recorded stream" alternativeTitle="O2oOa_GuilT-K9e399jT4vDz"
             recordedFootage="417739211">
            <Participants>
                <Participant name="oe_NI_HD.KGN1hB3" role="performer" IPDN="dsyiCw" performance="supporting" grossFee="-715974372.37"
                     modifier="B" IPI="WOXNjYxFkrJe" birthDate="2019-05-20Z"/>
                <Participant name="A" role="music director" IPDN="_b6D.h4YxPC.9G" performance="chorus master" grossFee="104077849.39"
                     modifier="A" IPI="l" birthDate="2019-07-12Z"/>
                <Participant name="EkDQLjHx" role="performer" IPDN="w" performance="main" grossFee="-685568522.14" modifier="C" IPI="R48ld-bJH"
                     birthDate="2020-05-05Z"/>
                <Participant name="l6EoDC7Q9s7Z480aGJadYl" role="subscriptwriter" IPDN="JJEw" performance="supporting" grossFee="-415139625.71"
                     modifier="A" IPI="LaWj.VExM4htul" birthDate="2019-07-09"/>
                <Participant name="Yf_pTYoErX6R_RecDwTG61i_G_Zh" role="arranger" IPDN="_s5" performance="conductor" grossFee="-1272310060.81"
                     modifier="B" IPI="ahE7" birthDate="2019-03-21"/>
                <Participant name="Cwe5C2whKMcKdzxmp4lHNFS.tH" role="music director" IPDN="fDM5C_7td" performance="supporting" grossFee="1981452171.52"
                     modifier="C" IPI="KoUYt2" birthDate="2019-09-12Z"/>
                <Participant name="FOK5" role="remixer" IPDN="RROQW9xf3_J" performance="soloist" grossFee="963269461.52" modifier="C"
                     IPI="zeFCqHt" birthDate="2020-04-02Z"/>
                <Participant name="GLXCa4Y" role="producer" IPDN="TpKGavjBHqxNj-50" performance="supporting" grossFee="292066330.75"
                     modifier="B" IPI="GfS.3_IJPDS6JXteNHbPkw" birthDate="2019-08-23"/>
                <Participant name="nJzspN5-k" role="sound engineer" IPDN="ksSG_rHcO8ZMDTc1dwAWOW54MG9" performance="soloist" grossFee="208259697.56"
                     modifier="C" IPI="Rha7.1QuKBLyEbHC" birthDate="2020-06-26Z"/>
                <Participant name="UqaNcr5qTUy7Sp" role="scriptwriter" IPDN="YvCEBTydxkNGcZaesEG_rH" performance="supporting" grossFee="1943668635.99"
                     modifier="B" IPI="tMtHjMzpOyn5xdMomdEQJsL_" birthDate="2019-08-21Z"/>
            </Participants>
        </Record>
        <Record title="r" spins="1535885693" ISRC="49211Q50B297" year="9028" producer="WK2-" label="l-9QTT23idxIyFRy0eJy5E"
             recordNo="PtrQf8fibwhOjilLoxC2OaMu9oIai" serialNumber="drWA83c" isPremiere="1" usage="jingle"
             ISWC="Mp6vs0T_5twwy" AKA="drl" genre="composed" broadcastedFrom="2020-05-06T11:21:16Z" broadcastedTo="2019-08-31T11:21:16"
             runtime="1522760858" origin="recorded stream" alternativeTitle="B8-2kZ" recordedFootage="1550783723">
            <Participants>
                <Participant name="cR_273OQ" role="composer" IPDN="EX" performance="supporting" grossFee="-130465770.62" modifier="C"
                     IPI="J9CAc4CAVbNOs_lcUuE" birthDate="2020-05-16Z"/>
                <Participant name="L" role="music director" IPDN="Z3kZ2jQCo80y7BIA-M44" performance="main" grossFee="-1357438776.89"
                     modifier="B" IPI="AJ7C-MLjts2mQ" birthDate="2020-04-03"/>
                <Participant name="S50INoNqx4pkK562Mkw0K" role="performer" IPDN="eWbVRVuWIM_VXdIl" performance="main" grossFee="1426626726.64"
                     modifier="A" IPI="tTgUKZ8" birthDate="2019-01-29"/>
                <Participant name="tWQkJBUrbFHUmirjrUE" role="composer" IPDN="gDPJMJp_tJgqQQ" performance="conductor" grossFee="1268530949.04"
                     modifier="C" IPI="aX" birthDate="2018-09-08Z"/>
                <Participant name="BO191EDJH4y48cSzg-VEerHMay" role="arranger" IPDN="QcsTzdUdk7a07hRSde" performance="conductor"
                     grossFee="687833728.59" modifier="C" IPI="s9d0q" birthDate="2020-04-14"/>
                <Participant name="Osbd-1GX8g.cBiXQQhbNJtnh" role="composer" IPDN="V742L.-Gse.InQjm2k11LGIs" performance="supporting"
                     grossFee="2141464193.40" modifier="A" IPI="Qs3OSVXJICZ0drnD9olK6" birthDate="2019-03-31"/>
                <Participant name="Mtv9KCbkudQybWV" role="music director" IPDN="s7d5Jj" performance="chorus master" grossFee="-1939485579.59"
                     modifier="C" IPI="RM" birthDate="2020-05-15Z"/>
                <Participant name="fh9.AIGD7NKhSgr-BnWCfwKN960OBt" role="subscriptwriter" IPDN="I9TLSuFBM7VSf2zLO7" performance="supporting"
                     grossFee="-1485187668.35" modifier="C" IPI="rVZ5voYxpZxAq4MbrX4" birthDate="2018-08-25"/>
                <Participant name="Wi_" role="performer" IPDN="CHQbUETNg" performance="chorus master" grossFee="-393814459.55" modifier="A"
                     IPI="p" birthDate="2019-03-29"/>
                <Participant name="z1elCs" role="remixer" IPDN="exdWe" performance="soloist" grossFee="-1873751810.04" modifier="B"
                     IPI="NafUO3cDdHZPrjX3J" birthDate="2020-07-01"/>
            </Participants>
        </Record>
        <Record title="SPnDpSYAQkXidmV" spins="1157471273" ISRC="MTV5EX3Z4D3X" year="3198" producer="Ls8Ad6kiilh2" label="lh2pU-nP5RG8DftPfVSLzuUj"
             recordNo="oLYq0N" serialNumber="D5JKvo.Qe0" isPremiere="0" usage="broadcast" ISWC="gLtlQ9eSg3j9dGr0fvYS"
             AKA="HvgS.fuUkHzYZ1" genre="spoken word" broadcastedFrom="2019-03-03T11:21:16" broadcastedTo="2018-10-24T11:21:16"
             runtime="230528161" origin="live broadcasting" alternativeTitle="eAk4w5GtfoOYnxTIug20w17YFmJ"
             recordedFootage="1054476109">
            <Participants>
                <Participant name="jBJvHBj7Seh7TtZ0z_qAHEzH8" role="subscriptwriter" IPDN="nCrxZ9KsCgdCYn-" performance="chorus master"
                     grossFee="1442269755.92" modifier="B" IPI="zNsEhytYGKdyeOU" birthDate="2018-07-19Z"/>
                <Participant name="VR6MQAd3no" role="sound engineer" IPDN="d_zjj" performance="main" grossFee="-934852110.69" modifier="B"
                     IPI="i4tUG6zSk" birthDate="2018-10-04"/>
                <Participant name="QJwQydB8F_P-USyYMR" role="producer" IPDN="PEYhqbl6wF266" performance="main" grossFee="2134037313.40"
                     modifier="B" IPI="HoCQpYjAYgNu8OOj5-7dJEJq" birthDate="2018-11-21"/>
                <Participant name="FkfBkFah6a8" role="music director" IPDN="i4P" performance="conductor" grossFee="515820166.28"
                     modifier="A" IPI="A29fASvzdcgTJ2" birthDate="2020-02-23Z"/>
                <Participant name="TbkoLBGQy_8qnTJKTKVAIi" role="music director" IPDN="RqDZe3yO_3eZ_UJty3dRY-px" performance="conductor"
                     grossFee="-1439575538.93" modifier="B" IPI="KWZ" birthDate="2020-06-26"/>
                <Participant name="ylv1fEKo5K" role="sound engineer" IPDN="iewbBl7umgQjbUTzZtxg0ReJi-Qz" performance="supporting"
                     grossFee="-1636653893.70" modifier="A" IPI="Mz_CGUs1ia" birthDate="2019-09-20"/>
                <Participant name="eFfr" role="performer" IPDN="Q5G1bkSw_HtHACL" performance="chorus master" grossFee="512987081.77"
                     modifier="B" IPI="yiiqt7_" birthDate="2019-09-14Z"/>
                <Participant name="GAvjJxD1cmR9WhTjaM5" role="composer" IPDN="oiClfgxoLmB9HBg77CqCkCg" performance="chorus master"
                     grossFee="849099900.99" modifier="A" IPI="NGfbYlGr" birthDate="2018-12-01"/>
                <Participant name="r" role="remixer" IPDN="NEmtEozMZ" performance="supporting" grossFee="-942677825.84" modifier="A"
                     IPI="pNS3m1m8OqROHlXqBsDoSyCUblz0X" birthDate="2019-03-23"/>
                <Participant name="MX2hnBxTEUv_phA__sXe4l89Tq9yD" role="sound engineer" IPDN="D5ktmhxWp_n9XGdAu.S9H8IgUAQ" performance="conductor"
                     grossFee="468600690.55" modifier="C" IPI="Vp9yLkwMj" birthDate="2019-06-06"/>
            </Participants>
        </Record>
        <Record title="G8q8YbLG0DSwvyC5zVzjFVygj" spins="487160363" ISRC="84RT1W6V4ZKB" year="6363" producer="ysqtJpejv_VFGe5UmaKTl_0C"
             label="d5shdYOKKvOmDzV1-1W-eP1M" recordNo="lD" serialNumber="RNjZWSs.spyyS2EfeE3xjtkF" isPremiere="true"
             usage="commercial" ISWC="uQxLYJPO-u891yZIiMNyZzt7Q8a" AKA="WPGKiglj99yk4baT5i2fU" genre="spoken word"
             broadcastedFrom="2018-07-25T11:21:16Z" broadcastedTo="2019-03-07T11:21:16Z" runtime="662052239"
             origin="live stream" alternativeTitle="Xi" recordedFootage="1400805942">
            <Participants>
                <Participant name="xmTmDL3DVTJrwVRmuDK-kCtG" role="sound engineer" IPDN="_f5I_zBFkDOElz" performance="main" grossFee="-279416912.88"
                     modifier="B" IPI="haEMlp2BECbvf5-XrNAzNpBIs" birthDate="2018-12-31"/>
                <Participant name="blKsePY_" role="scriptwriter" IPDN="omET2LMC44" performance="main" grossFee="1025282621.13" modifier="A"
                     IPI="wDactc6oHNiEqf" birthDate="2020-03-31Z"/>
                <Participant name="K" role="subscriptwriter" IPDN="zZaV4z83HfBHMsKq9k7ygmHSz3" performance="conductor" grossFee="1803594948.95"
                     modifier="A" IPI="pZ." birthDate="2018-09-12Z"/>
                <Participant name="N1KqT6Jh4eGuzb3DFM" role="performer" IPDN="wrCKHh64VXEs8l9TJN05H" performance="soloist" grossFee="764933042.53"
                     modifier="B" IPI="JSa6caUQRC-cMfS" birthDate="2019-01-31Z"/>
                <Participant name="TQfHLWeICRq4VIljs2" role="subscriptwriter" IPDN="tBxzQHjgLo8WuK6rEz7Uq1y6u42" performance="conductor"
                     grossFee="190712952.72" modifier="C" IPI="WHgmPfnLBC5GRCrQ" birthDate="2019-07-03"/>
                <Participant name="_-sXnAj-g" role="sound engineer" IPDN="GzC.6" performance="supporting" grossFee="679337442.80"
                     modifier="C" IPI="N49OYX5FC7xjRAwTKpBAeHJl7BsX" birthDate="2020-05-30Z"/>
                <Participant name="tuM9QaiYl5-a8" role="remixer" IPDN="E8x11X0ccTlKFgl.jG" performance="supporting" grossFee="-1112203877.46"
                     modifier="A" IPI="wIQt_YYRxRbznvFGj" birthDate="2018-11-03Z"/>
                <Participant name="FAphwpVb1kitdADIx" role="arranger" IPDN="x96C" performance="main" grossFee="-341680821.99" modifier="B"
                     IPI="Y3W173AACIDSlEQwyD" birthDate="2018-12-03Z"/>
                <Participant name="sK5" role="scriptwriter" IPDN="k5O_K" performance="main" grossFee="1718988820.81" modifier="C"
                     IPI="d6tbdQW" birthDate="2018-09-07Z"/>
                <Participant name="mcztw" role="music director" IPDN="UKsYinKYOlN0BzU5p" performance="supporting" grossFee="586353019.31"
                     modifier="A" IPI="d5XiLkA2xc" birthDate="2018-07-24Z"/>
            </Participants>
        </Record>
        <Record title="TM-3" spins="1353200533" ISRC="END0N4JI6CPV" year="6130" producer="tddzpzVKl9L-52XP" label="mP9rRWZrQI5ZR2us_HMC7jnM1v.qq"
             recordNo="O_szc_Mv4E" serialNumber="eGpuKUzwUtwJt5Jks" isPremiere="1" usage="jingle" ISWC="BNbnNuz62a5UrNe..2uy5DqqLGK38"
             AKA="zk.JfTtnLq7LipLMtB3" genre="pop" broadcastedFrom="2018-11-29T11:21:16Z" broadcastedTo="2019-06-04T11:21:16"
             runtime="460583427" origin="commercial" alternativeTitle="BBV.izuG_N1RIM22B.VCPDjxJ" recordedFootage="1745868887">
            <Participants>
                <Participant name="OKKP" role="composer" IPDN="TA" performance="soloist" grossFee="-188105067.48" modifier="A" IPI="rLCKREiLl24tubciawUISf993-TW0B"
                     birthDate="2020-03-04"/>
                <Participant name="zr4moJjCjEeqLfMYyoQ-lVk" role="composer" IPDN="pcQ-uKdMdCmFvhqMFtyc5cJNex1w" performance="soloist"
                     grossFee="1317665993.85" modifier="A" IPI="f8dsG20rPlh" birthDate="2018-09-17Z"/>
                <Participant name="U1qm_w.2" role="performer" IPDN="M7P6Qr__" performance="main" grossFee="-1100501860.93" modifier="A"
                     IPI="G5s45HrtSl" birthDate="2019-06-01Z"/>
                <Participant name="ibx77cvmEExC1XK0XlebF" role="performer" IPDN="RWjbqcOvMJF0nS.vA6ZtPdmcMpo" performance="main"
                     grossFee="-224511647.12" modifier="B" IPI="KNShn-S" birthDate="2018-11-13Z"/>
                <Participant name="uqdD-8igSCKG_LqtLn9Nl6" role="scriptwriter" IPDN="fulEQ.WNFf._NVVWaNdNRu." performance="conductor"
                     grossFee="135456878.68" modifier="B" IPI="T9n2G" birthDate="2019-11-17"/>
                <Participant name="V98w4HnbFO1se3HCuOSUnE" role="scriptwriter" IPDN="D-sCoa9WoCdgfkDjHOKHmZ" performance="main" grossFee="1091715859.01"
                     modifier="A" IPI="BmWkigEyaWgBNrBSFnYY7HLb36Nh" birthDate="2019-04-20Z"/>
                <Participant name="pnVAS" role="producer" IPDN="PgXxwY.BJjujSkBf6694HSrX" performance="main" grossFee="-1466426247.00"
                     modifier="B" IPI="rZ7jR" birthDate="2018-11-18"/>
                <Participant name="z29YrINCwUzu2AWuR" role="performer" IPDN="TlK2lpM3jHbbY.ZyyIzettlf75_XL" performance="supporting"
                     grossFee="889016145.20" modifier="A" IPI="W9U8jAt" birthDate="2020-03-07Z"/>
                <Participant name="rJsDUxgRHn9l9pPZPLnhoEJu" role="producer" IPDN="d4dvhhPHiH" performance="soloist" grossFee="-2033911779.05"
                     modifier="C" IPI="AD" birthDate="2019-09-06"/>
                <Participant name="OgCVKL3xyF0" role="performer" IPDN="m4S" performance="conductor" grossFee="-1575606657.54" modifier="C"
                     IPI="QRe5jsHJ-DWy850f.z5IdKphkL0B" birthDate="2020-04-25Z"/>
            </Participants>
        </Record>
        <Record title="WObp" spins="269401558" ISRC="4IX24AL3X530" year="1440" producer="tV.pW6Tl-ZIW.hwXFEENSAhOe2T"
             label="RsPn8.TB" recordNo="xX0d0.YC.d79mvg12PLqV" serialNumber="n5ufBLUn" isPremiere="true"
             usage="commercial" ISWC="Slcm_1eJAypUWkfa1K2uxtlU" AKA="hfoDpCd_H26Ge" genre="jingle" broadcastedFrom="2020-06-02T11:21:16Z"
             broadcastedTo="2019-08-16T11:21:16Z" runtime="1376519374" origin="report" alternativeTitle="u2.mbSXq4dIe9"
             recordedFootage="1328015771">
            <Participants>
                <Participant name="Kz1Xdap7QyoW4" role="subscriptwriter" IPDN="TiAZNonRs-Hv-qhcYWpJL" performance="supporting" grossFee="-2143583673.72"
                     modifier="A" IPI="pBzipKU6htSI27sMFntvAy2K4" birthDate="2018-11-29"/>
                <Participant name="Td5J" role="composer" IPDN="qkjP3Ba3ngK_WSopslpgD" performance="soloist" grossFee="930555937.27"
                     modifier="C" IPI="Ul9kvc7jD.XJB8Z5fnw8O13JO5Ql1" birthDate="2019-03-03Z"/>
                <Participant name="UqufDq" role="producer" IPDN="XJLl99KmwDUYjVDtbx_a" performance="conductor" grossFee="-645185271.91"
                     modifier="B" IPI="ntDwmA-_.kYWexpyBXtF" birthDate="2019-05-07Z"/>
                <Participant name="Db" role="music director" IPDN="go8jfOTVG-nVD80rv.Sk.scl4wEF" performance="main" grossFee="129454931.03"
                     modifier="A" IPI="vxGk0fIGl8w8tQnScrK.MGi.0nVxTl" birthDate="2018-10-12Z"/>
                <Participant name="QO8792zlidzZZaxuJGoGNqF8jbE" role="producer" IPDN="aTMsVpGHF24anU9q-LJDDfOCbA4" performance="main"
                     grossFee="-1517098834.40" modifier="A" IPI="p0gpO" birthDate="2019-06-04"/>
                <Participant name="CqzA_wC" role="composer" IPDN="Zq.x4Mvq2H" performance="chorus master" grossFee="1838736880.48"
                     modifier="C" IPI="yhB7yDzBOP0" birthDate="2019-04-10"/>
                <Participant name="WiGozi" role="composer" IPDN="Ym9ckomnAWn_P" performance="supporting" grossFee="1824157958.64"
                     modifier="B" IPI="xl40sGjJKop" birthDate="2018-09-27"/>
                <Participant name="HY2Wh78lSiyAkEzBD6pZtrvYWlkP" role="remixer" IPDN="lX4yq" performance="soloist" grossFee="-843673110.36"
                     modifier="A" IPI="VPeBTT8pWkrNaPJ" birthDate="2019-09-25"/>
                <Participant name="zLO-rlv1" role="scriptwriter" IPDN="dfjiRCLdLdGTXF7uQOX-xH7MDbXO8h" performance="chorus master"
                     grossFee="-1707488206.52" modifier="B" IPI="K" birthDate="2020-06-24"/>
                <Participant name="K1Nkh_nRsPI" role="sound engineer" IPDN="h6qSAw0P5DxjnWMrxl8T414" performance="main" grossFee="-719075149.46"
                     modifier="B" IPI="nJz" birthDate="2019-12-29Z"/>
            </Participants>
        </Record>
        <Record title="kiBlSNKbdMsaKT4sNQRis" spins="772201148" ISRC="UUSPL1CPGP10" year="0226" producer="Xnc_WLZi3dP01YtSx6Qc"
             label="zCPgOYN7ZAjhibKv8m" recordNo="hrV-tWjPomk6" serialNumber="LIVZmsmE-hy" isPremiere="false"
             usage="broadcast" ISWC="XaE0wdBHWE11oHy-" AKA="QeEfu23psVp5Fn11e" genre="classical" broadcastedFrom="2020-05-06T11:21:16"
             broadcastedTo="2018-11-15T11:21:16Z" runtime="1020407885" origin="free usage" alternativeTitle="flHe9RqEmx"
             recordedFootage="618605534">
            <Participants>
                <Participant name="L.pn5EZcWhlIFHg" role="producer" IPDN="D" performance="supporting" grossFee="-1543227797.17" modifier="C"
                     IPI="TMmKMqd5_obB5Pj5Z" birthDate="2019-04-02"/>
                <Participant name="DGS7HaVTP8lkWH8vr55jnI" role="music director" IPDN="ZyGpSYUAP9U4C" performance="conductor" grossFee="-180321850.67"
                     modifier="C" IPI="ARqKQdAXYnLqdTXB79" birthDate="2020-04-26"/>
                <Participant name="Yt_8qjZEmIqGrV.5_q1T2Q4" role="arranger" IPDN="RnsT1" performance="chorus master" grossFee="1293061564.50"
                     modifier="A" IPI="x7C3kwhTk7IVwQ72L-5NCIL" birthDate="2019-11-12"/>
                <Participant name="C8oWAQlz.mV" role="remixer" IPDN="A3_QA_9_M9zn24rIlBYVLr-Xam" performance="chorus master" grossFee="-2020590101.55"
                     modifier="C" IPI="_7fZ" birthDate="2018-09-18Z"/>
                <Participant name="KgoaXLo.x" role="sound engineer" IPDN="brcZ1KecAwiEj4voklLj9Vk5Mc" performance="chorus master"
                     grossFee="-821456313.56" modifier="C" IPI="Yh1psSsvlztZ35gCX7" birthDate="2018-12-07"/>
                <Participant name="wXKSOdLFAhcv" role="arranger" IPDN="JvsVqUBGIrW3et" performance="conductor" grossFee="704593605.72"
                     modifier="C" IPI="vCtcRFX5KnZtjAGwLjaQZ" birthDate="2019-09-06"/>
                <Participant name="OxRnMW_HS4qw6bi6ayRYtR" role="subscriptwriter" IPDN="vk0r40Q2.vz0eb6l6iBrIJiXBniSIn" performance="chorus master"
                     grossFee="-1189872854.77" modifier="C" IPI="M-bF3wpYQC-crCXaC2w440dKd" birthDate="2020-02-11Z"/>
                <Participant name="uhfAJpBA" role="remixer" IPDN="OOebhfvaAx3gEcR8itEVrhObp" performance="supporting" grossFee="-2014870197.80"
                     modifier="B" IPI="kasuR1x95.H7PB_718nCAlE" birthDate="2019-09-05Z"/>
                <Participant name="jWnxtuNsAYnTv1l_IOFuQMOG8" role="remixer" IPDN="cehiIeMSt.CImUO" performance="chorus master" grossFee="-1820379296.99"
                     modifier="A" IPI="jMyButvPlRExFSZ" birthDate="2019-09-23"/>
                <Participant name="AB" role="performer" IPDN="raMOt5YS39REUxHOih7htGEpdb4O" performance="soloist" grossFee="545640997.29"
                     modifier="B" IPI="AIIN-.U2B0" birthDate="2019-01-31Z"/>
            </Participants>
        </Record>
        <Record title="tqWWk2IPVe-mvjA" spins="251818618" ISRC="441MTVY1A56O" year="4575" producer="ZSDc2hIDhufAdEQk5L"
             label="C9t1MLYLSRf5TaNgQJq" recordNo="F7YvOklS3F_3OLsw" serialNumber="ZEPWhKiBgI8q77x" isPremiere="false"
             usage="commercial" ISWC="xYscUP3zye8fFxR9_LptY_LLcpK" AKA="udrCF1zCXdFQU1zay" genre="composed"
             broadcastedFrom="2020-05-11T11:21:16Z" broadcastedTo="2020-04-11T11:21:16" runtime="1686350326"
             origin="commerce" alternativeTitle="K6VSy" recordedFootage="327042299">
            <Participants>
                <Participant name="rQFTjNdZrI-CrSD4ZQ" role="scriptwriter" IPDN="eUuqGVFsLkfWWFW2_gk2VMbFLE" performance="main" grossFee="456705577.92"
                     modifier="C" IPI="KN" birthDate="2019-11-16Z"/>
                <Participant name="PEOHpBucG8__NyCELb744" role="composer" IPDN="MMEhu_wYbV" performance="conductor" grossFee="-1080025.82"
                     modifier="A" IPI="NQizs5PvzKj86vBrL32tb" birthDate="2018-10-22Z"/>
                <Participant name="jd01jVapOFGELMLcrSvgOam5hDTi" role="producer" IPDN="KhS3wPl6vgCHDH4Ex18BeqUARUwu7" performance="soloist"
                     grossFee="-740820941.83" modifier="A" IPI="kp" birthDate="2019-02-03Z"/>
                <Participant name="QkepGMdquwAOYVyWZx" role="sound engineer" IPDN="h8y4c0qYl3G1eBl6nC" performance="soloist" grossFee="-873313638.04"
                     modifier="C" IPI="jOymkDtcCfjxW9zitED5" birthDate="2019-09-30"/>
                <Participant name="n-GOo" role="arranger" IPDN="YVt8" performance="soloist" grossFee="1814863021.19" modifier="C"
                     IPI="LwMs" birthDate="2019-08-26"/>
                <Participant name="x.3F" role="producer" IPDN="aSd" performance="main" grossFee="-1005936492.69" modifier="A" IPI="MyhHuG"
                     birthDate="2018-09-28Z"/>
                <Participant name="uieG3CrrWSvkr" role="producer" IPDN="gOTxY2-nOa7JV-" performance="soloist" grossFee="550279367.66"
                     modifier="B" IPI="t" birthDate="2019-10-28"/>
                <Participant name="sxfU.x6swM87efUu_E9r0Pw" role="scriptwriter" IPDN="RGRMVhrb4OPM0BH" performance="chorus master"
                     grossFee="914550934.82" modifier="A" IPI="fSGmOSOAh11c4Os" birthDate="2019-02-28Z"/>
                <Participant name="Yoy" role="composer" IPDN="oS_iKrUAKceDui9Q" performance="main" grossFee="1162221354.34" modifier="B"
                     IPI="d5.a2.yb0GDaKK7pbp12" birthDate="2020-03-22"/>
                <Participant name="vOYb9RZTjQ4kz1IA.4QqNtGuRBfo." role="music director" IPDN="nNpP0hoGQhqZRSrfXoclSKvZKwE7Q" performance="supporting"
                     grossFee="786689656.23" modifier="A" IPI="DWYPsDXD7QT" birthDate="2019-06-04"/>
            </Participants>
        </Record>
        <Record title="_RDUN9nTNrtUy8" spins="747006477" ISRC="HL21N2VX96A5" year="4790" producer="pLDM96t4.I.MZ9X-z_mcXSE_H"
             label="rj1U9D3N" recordNo="oi1yBOpnvf3tsMy" serialNumber="t4kK" isPremiere="true" usage="broadcast"
             ISWC="gczrw" AKA="DOg9JgByqlj9BQ" genre="spoken word" broadcastedFrom="2018-12-08T11:21:16Z"
             broadcastedTo="2019-12-19T11:21:16" runtime="1376932847" origin="live stream" alternativeTitle="KWkdo7ce"
             recordedFootage="1225749264">
            <Participants>
                <Participant name="Gj8YhdJsfD13bsbv_HTPsgUwRwp" role="music director" IPDN="xdgTFiVXVthjYZ71ol" performance="soloist"
                     grossFee="-466741233.68" modifier="C" IPI="X" birthDate="2018-11-12Z"/>
                <Participant name="zY18FAUu_26w3dGTG48Ub22dpAV" role="composer" IPDN="PHQrF" performance="supporting" grossFee="1800890843.66"
                     modifier="A" IPI="j" birthDate="2019-06-03Z"/>
                <Participant name="RM2Cb" role="producer" IPDN="jwiDGbD1" performance="soloist" grossFee="541074619.69" modifier="C"
                     IPI="FNPe2J08l5J5FtSsiyVG" birthDate="2020-04-06Z"/>
                <Participant name="PQOVa" role="producer" IPDN="y1z6b1EmnQ6PdvJKTu3X" performance="chorus master" grossFee="434721708.96"
                     modifier="C" IPI="dRZ7UjQSccIQOV_XnunR" birthDate="2020-06-16Z"/>
                <Participant name="gFigM_2CqHr9tY" role="performer" IPDN="rFOLx57SLvuubDsZw8Ueuu.rHJmtdL" performance="soloist" grossFee="-395959361.23"
                     modifier="B" IPI="Z3X" birthDate="2019-09-19"/>
                <Participant name="JQsasEfctxnxD6" role="subscriptwriter" IPDN="A" performance="conductor" grossFee="-1707999559.92"
                     modifier="B" IPI="rUqjn8-" birthDate="2020-05-14"/>
                <Participant name="O2c9uB" role="subscriptwriter" IPDN="nDf" performance="main" grossFee="882909338.84" modifier="C"
                     IPI="lgs.NXNTkCnuQf.BOpzSr" birthDate="2019-12-23Z"/>
                <Participant name="CH8iQwS9F._f0iOYemhe4f8Ly" role="sound engineer" IPDN="ZKPw0c0MeNvnyOP.K" performance="soloist"
                     grossFee="1412338349.50" modifier="B" IPI="Tcna" birthDate="2018-09-04"/>
                <Participant name="g" role="music director" IPDN="u7hjkXv4yIVEEaT4vvnbI76YS8" performance="supporting" grossFee="-938708583.07"
                     modifier="B" IPI="iOFH" birthDate="2019-07-25Z"/>
                <Participant name="p2g-ys" role="music director" IPDN="lY-a77HDnv4zlNQuWfHV" performance="conductor" grossFee="700575796.69"
                     modifier="A" IPI="wutWJ9n2V5J2ZgGtG9qRUFqA" birthDate="2020-06-30"/>
            </Participants>
        </Record>
        <Record title="QdOFOPh" spins="2113455045" ISRC="J6GYWN5B6036" year="7959" producer="MpaO" label="IdrOJJDrcIjyXWc7P31BeEoMLZ133"
             recordNo="C4M3Jw6h4gSS" serialNumber="HzrESnA5S62th" isPremiere="0" usage="broadcast" ISWC="Znd05gpKU8V7hm0iFXfeBdX"
             AKA="na6Mfq8mvsFAxGRw" genre="jingle" broadcastedFrom="2018-10-29T11:21:16" broadcastedTo="2018-12-01T11:21:16Z"
             runtime="1560295048" origin="commerce" alternativeTitle="QVisE0VyhfvdYMH7TaoAAPUzp" recordedFootage="364586901">
            <Participants>
                <Participant name="YKfC" role="subscriptwriter" IPDN="MOuf8" performance="chorus master" grossFee="-573955008.00"
                     modifier="B" IPI="I5JaDkcksX7VEx9" birthDate="2019-12-30Z"/>
                <Participant name="tttP12O.IC0lPBAxHprAxtnlIfpKT" role="remixer" IPDN="JtoYMHj" performance="chorus master" grossFee="-451686032.66"
                     modifier="A" IPI="fJDwzLo0SxRB5VIHHTxdNHR3y-9Pk" birthDate="2020-01-24"/>
                <Participant name="lV5lB_eXW_24qxsi5" role="composer" IPDN="aMv" performance="supporting" grossFee="793512986.19"
                     modifier="C" IPI="efu5fU5GsLm1As" birthDate="2018-12-05"/>
                <Participant name="tpOtLJ" role="producer" IPDN="kg9SLz" performance="conductor" grossFee="-1785380232.83" modifier="B"
                     IPI="DaSEh5wz" birthDate="2019-11-01Z"/>
                <Participant name="Z-hLcj4Wy7v2iHubs0I4C5" role="subscriptwriter" IPDN="DMDcEgyuKKXW" performance="conductor" grossFee="72760386.41"
                     modifier="A" IPI="yvz6Je5avN-10i1OsUYfB" birthDate="2019-10-21Z"/>
                <Participant name="o0y" role="sound engineer" IPDN="sUgBEPOhri9Yw5u6" performance="supporting" grossFee="-1754331682.11"
                     modifier="A" IPI="XDKqvH.H2" birthDate="2020-03-23Z"/>
                <Participant name="Y9gt1UaHTsP3cdew1TM" role="subscriptwriter" IPDN="hBRwqz2CAc4XZ9" performance="supporting" grossFee="-1296781400.97"
                     modifier="B" IPI="aBIUyHeESEWFrNdEQoreFAWhXPTnI" birthDate="2019-06-16Z"/>
                <Participant name="Ewe6k7mLT276BYcAjw8G" role="subscriptwriter" IPDN="mAqPP9mW" performance="supporting" grossFee="367594670.99"
                     modifier="A" IPI="O" birthDate="2018-08-09Z"/>
                <Participant name="NUrM.mRTrYRXL6HM2F6EOU8CyOZ" role="arranger" IPDN="Cs_zyzB8T95AK-jDS7YRgC9wC8M" performance="supporting"
                     grossFee="-2084635628.57" modifier="B" IPI="RUWD.TwbXW0B" birthDate="2019-05-14"/>
                <Participant name="VseTMJxZ4K.3HjAUC0ZshW" role="composer" IPDN="BIVjNr8CMhhN" performance="chorus master" grossFee="-1006160534.62"
                     modifier="C" IPI="N9jBjL0REz" birthDate="2018-07-31Z"/>
            </Participants>
        </Record>
    </Record>
    <Record title="W3EL3pFEXpWRsZdVEXTaDp0DHLfEnh" spins="1156901218" ISRC="7NVMOF8S0XXM" year="9578" producer="dE"
         label="PZblnklapL1NPHPgnRO" recordNo="oesIEBzZJuhPtIVhFTDj9c-" serialNumber="B8zFpI_Ya2dxd"
         isPremiere="1" usage="jingle" ISWC="SUpBcskmE" AKA="VbuVrUuaRTmRTqD2jt" genre="composed" broadcastedFrom="2019-05-30T11:21:16"
         broadcastedTo="2020-01-13T11:21:16Z" runtime="605244494" origin="free of charge" alternativeTitle="dGfwh369AcygpvqY70vgrwR37kj9"
         recordedFootage="634383228">
        <Participants>
            <Participant name="H61GuZguQVbnFUGw" role="arranger" IPDN="zfnbcMWyC.OH" performance="conductor" grossFee="1080449034.95"
                 modifier="C" IPI="nsH1Ka9HP.wTS6gnfb4tClFZdDcvhE" birthDate="2018-07-09"/>
            <Participant name="hgKrRSMIumCZoKiWG8bu_N" role="sound engineer" IPDN="JFiuvclmIIkEE1g" performance="conductor" grossFee="-1569721678.17"
                 modifier="A" IPI="i6SI" birthDate="2019-12-19Z"/>
            <Participant name="t" role="scriptwriter" IPDN="fJX7IwofLVexU" performance="soloist" grossFee="-1988732096.02" modifier="B"
                 IPI="HJu7MWTDMUE" birthDate="2018-10-04Z"/>
            <Participant name="kG.A60wHrAn_rcXv8xw" role="sound engineer" IPDN="xwVO8m" performance="supporting" grossFee="-1720347835.33"
                 modifier="A" IPI="raEJBFmDC-8WcR3fFwi1GtBC" birthDate="2018-08-19"/>
            <Participant name="hhMg" role="scriptwriter" IPDN="ri1Ou9B8d5sLTnUMCJ-o" performance="conductor" grossFee="-2122627082.78"
                 modifier="B" IPI="xH7VHzRPiJNL66ZUOSYz5P_c4Cm54" birthDate="2020-06-20"/>
            <Participant name="uRUyWF3zGF7n6_PIpdlUDT" role="subscriptwriter" IPDN="jkrzB0BpxTGZPxdAy" performance="supporting"
                 grossFee="5826407.78" modifier="B" IPI="Ffmu" birthDate="2018-12-23Z"/>
            <Participant name="mk2tJJK2q8NDcfG" role="performer" IPDN="p2tqR29nm0wmXlDrGT.Pq" performance="supporting" grossFee="442095282.36"
                 modifier="C" IPI="Ms3TX" birthDate="2020-04-13"/>
            <Participant name="H6IoksKQsyS4kvPQtOsZZl" role="subscriptwriter" IPDN="yDfOHbSQ-HbSY4jyV7L-QxGbK4C" performance="conductor"
                 grossFee="-635825382.09" modifier="C" IPI="maVCWGrUEalgXkYLW.wv.w5l08Jr" birthDate="2020-06-21Z"/>
            <Participant name="Cz0pLgil" role="performer" IPDN="mgirxq5aScwyzeX47X_9TSG24kw" performance="soloist" grossFee="-2108978771.56"
                 modifier="C" IPI="p8sS0mX.XpHgHz987jPB" birthDate="2018-11-14Z"/>
            <Participant name="Tp7RB" role="music director" IPDN="qn0bslpq3" performance="chorus master" grossFee="-500194562.89"
                 modifier="A" IPI="WayJMTJuUs.xPkzyWmR" birthDate="2020-04-05"/>
        </Participants>
        <Record title="zlKlCMQdNAnXJxEW7bkJ89" spins="1987282013" ISRC="9X90Z8DG8E09" year="0192" producer="aVZf.1q1HlFvFVy5ow8."
             label="I5mf" recordNo="heyU4LLk7sFG0lJ2xYlSlCM3X" serialNumber="PNS5YOmnyiiavEd" isPremiere="0"
             usage="commercial" ISWC="cHf" AKA="xNyg" genre="spoken word" broadcastedFrom="2018-07-28T11:21:16"
             broadcastedTo="2019-09-23T11:21:16Z" runtime="854022301" origin="live broadcasting" alternativeTitle="BZ9kQGmV1S6i"
             recordedFootage="516977445">
            <Participants>
                <Participant name="e9aIcyE" role="composer" IPDN="tAEksTx.cS" performance="supporting" grossFee="505653608.43" modifier="A"
                     IPI="KRj3zJY16E33F4N4Cb-Aw6rBI.wl6x" birthDate="2018-09-11Z"/>
                <Participant name="m1_0.TxKWI65ZqTBf" role="arranger" IPDN="IORGKOOcf61oK.gMSwgO" performance="chorus master" grossFee="1917009493.10"
                     modifier="C" IPI="Mbn" birthDate="2020-01-28Z"/>
                <Participant name="OAwEm.oHjmSV" role="sound engineer" IPDN="L4EauaT" performance="main" grossFee="1470952118.49"
                     modifier="B" IPI="A6OxC753Q" birthDate="2019-09-27Z"/>
                <Participant name="npE5dYuUOx.x15gRh-DeQDAuWR" role="performer" IPDN="QFGjHwq-.I1qqsF3tScf" performance="conductor"
                     grossFee="-1175871228.43" modifier="B" IPI="a183tA1NhBkwEXTw59w2Mb2aV" birthDate="2019-06-10"/>
                <Participant name="MLsc7SIXYPE9_SGqzbN2N" role="remixer" IPDN="pYAo6cy9chC8Cu4TiKCnp8" performance="chorus master"
                     grossFee="-568163261.52" modifier="C" IPI="D-rb4VbF59tohOc8rYzpGRRutSo" birthDate="2019-07-01"/>
                <Participant name="exvH6J5c6n1.H8DiEkFGU9nQciKEKK" role="music director" IPDN="zeBQcdMfBC6U9HCfU11SoNaK-Q9_z" performance="main"
                     grossFee="-1346716283.92" modifier="A" IPI="tRlq95h" birthDate="2019-08-05"/>
                <Participant name="NXs72DkcwVC1Nb6FlWsrRo" role="sound engineer" IPDN="wtvBnyft6ujELZtpHoqpT8cYy" performance="supporting"
                     grossFee="146766596.67" modifier="C" IPI="ndYG1P" birthDate="2020-01-17Z"/>
                <Participant name="HE0rEYXjJZW-c0J" role="remixer" IPDN="YVMfFbyCZJqw8.LwF1gc.1" performance="conductor" grossFee="-1629722453.31"
                     modifier="B" IPI="_DiuXxkx32KBftD" birthDate="2019-03-31"/>
                <Participant name="pzawdjg3Imy" role="composer" IPDN="t5XKX3sK1aSfNMc6" performance="supporting" grossFee="795913911.58"
                     modifier="C" IPI="wv9UMEkJXGh1" birthDate="2018-10-20"/>
                <Participant name="OUiovwNT" role="subscriptwriter" IPDN="ec3K1OM4lbUhE13YSzWACx_z3FfFy" performance="chorus master"
                     grossFee="1675632508.63" modifier="A" IPI="sj04PW" birthDate="2020-01-19Z"/>
            </Participants>
        </Record>
        <Record title="LMs8LKjvIwHwJguXSsDZErQRZf" spins="296191508" ISRC="Y6ET4W53I223" year="8573" producer="D5TW370_RZGYqk7_WBM1kN67lFRx"
             label="FaKwug43xXG9momS__Nn0a8Xrc" recordNo="fu0BvsLzMGsSDbL" serialNumber="LwIGbuj-3HcBb"
             isPremiere="0" usage="broadcast" ISWC="extGU_l1KhjLIEUF28hUl6KpMp" AKA="dcQR3VSdM0Q.nLPBR"
             genre="classical" broadcastedFrom="2018-10-31T11:21:16Z" broadcastedTo="2020-05-11T11:21:16Z"
             runtime="261336212" origin="free usage" alternativeTitle="hVMX4F8KGOSb-o6ehP" recordedFootage="1704566532">
            <Participants>
                <Participant name="LsuKF-VPikCu" role="remixer" IPDN="oh3" performance="main" grossFee="628269254.60" modifier="C"
                     IPI="zjUAS" birthDate="2019-11-17"/>
                <Participant name="z3CRBd1" role="performer" IPDN="NmOwGU-aWpl" performance="chorus master" grossFee="2028607175.84"
                     modifier="C" IPI="ROH" birthDate="2018-12-16"/>
                <Participant name="z-D8wn7AD" role="scriptwriter" IPDN="KMzmhxofTgSfczZaRazO.6ScRjPfyk" performance="conductor" grossFee="-1753547689.58"
                     modifier="C" IPI="Pi_ht63.yZZkkNF9wefC-HADbX" birthDate="2019-08-23Z"/>
                <Participant name="egfbtfcokIKN3vN1ixKF2buAjDQN" role="arranger" IPDN="yu" performance="supporting" grossFee="-479084217.33"
                     modifier="C" IPI="Dejf4WA4uR7JW" birthDate="2019-10-07Z"/>
                <Participant name="E0booVn.AASgLC1GM0WGSN" role="scriptwriter" IPDN="NXiK" performance="main" grossFee="-1113155480.33"
                     modifier="A" IPI="R-dpbVX4Y30BD" birthDate="2019-03-21Z"/>
                <Participant name="dHpex6kY" role="producer" IPDN="dJb8" performance="soloist" grossFee="702757184.15" modifier="B"
                     IPI="XLP597YUVM6DGjUMbu7" birthDate="2019-05-04"/>
                <Participant name="aqk6tz-d" role="scriptwriter" IPDN="D42HtY.E77PzR" performance="conductor" grossFee="322030879.26"
                     modifier="C" IPI="Y7v" birthDate="2020-04-24Z"/>
                <Participant name="XqWShfg.Kza8-.MG" role="subscriptwriter" IPDN="Ca9pM_dg4KMIGBosSXyT6Cl_8ypsy" performance="soloist"
                     grossFee="-1546369585.18" modifier="C" IPI="oqssM4tKwykvCq0sb.fuL" birthDate="2018-11-03Z"/>
                <Participant name="Lv6l-jmauLNlWfAE-CfZ" role="scriptwriter" IPDN="PIZd2A1" performance="soloist" grossFee="-1858730918.27"
                     modifier="C" IPI="iTcTLhy" birthDate="2018-08-28Z"/>
                <Participant name="Uv9OhMWDg" role="producer" IPDN="vleXImzxs4I1RX3AW" performance="soloist" grossFee="1094634812.72"
                     modifier="A" IPI="_ANbE4pEttILrY-jIy.9tAJ5" birthDate="2019-08-05Z"/>
            </Participants>
        </Record>
        <Record title="lvh_Jzy1JnyzW.9" spins="1588906274" ISRC="U03N6Y7745ZI" year="6770" producer="RXRXJmSFGhCNX"
             label="clr" recordNo="l" serialNumber="CQx0HJVSIwh7K9i" isPremiere="1" usage="broadcast"
             ISWC="olalLaeeg.6WUx" AKA="cSM-kQNmHCfC1kntMBxIE" genre="commercial" broadcastedFrom="2019-07-20T11:21:16"
             broadcastedTo="2020-06-09T11:21:16Z" runtime="1217875484" origin="free of charge" alternativeTitle="lTsfM175"
             recordedFootage="653173156">
            <Participants>
                <Participant name="ID7S2YTY" role="composer" IPDN="eM.PLZkjPbcRzzuLux." performance="main" grossFee="-441302987.83"
                     modifier="B" IPI="CN.m1J9Sk" birthDate="2020-03-15Z"/>
                <Participant name="wt" role="scriptwriter" IPDN="fF26vT-f" performance="chorus master" grossFee="807396150.95" modifier="C"
                     IPI="JdI2oB2zDKULHk" birthDate="2019-05-22"/>
                <Participant name="bmLczXW9oIgNQ9IT0Ai-6oPFh" role="performer" IPDN="dd4UtSNIm7zA.mGqc" performance="chorus master"
                     grossFee="39234056.97" modifier="B" IPI="rCmMVR11QryQ" birthDate="2018-11-07"/>
                <Participant name="k0zMeR-WykKOS-iF_ZiSkMXsnkgr-L" role="sound engineer" IPDN="aOVOxunlah-dl98P9.A-" performance="chorus master"
                     grossFee="1814782671.43" modifier="B" IPI="CWr6FwheOvL3w" birthDate="2019-08-06"/>
                <Participant name="SL6iq" role="performer" IPDN="ur5kyJymchjNOrAEUc7Re-13lDNVI_" performance="main" grossFee="1493634885.25"
                     modifier="C" IPI="APlqmN1TRqS2o_ykKEEzp" birthDate="2019-09-09"/>
                <Participant name="_jmHvU052pR257bdfUt1" role="remixer" IPDN="c1UKqQG1FWkyT" performance="soloist" grossFee="-290291975.82"
                     modifier="C" IPI="yScx9dUSjneXs6z-E1nobB2T0D-P" birthDate="2019-07-06Z"/>
                <Participant name="qM1aM.mQXIfQgTKe9rv8iD" role="scriptwriter" IPDN="SDhmRyrG" performance="main" grossFee="1640184194.03"
                     modifier="C" IPI="Ntc-LFrKYBKDELHxkvu" birthDate="2018-12-20Z"/>
                <Participant name="_8jg5kjj7xNhJIjT48SCTKI6a" role="producer" IPDN="PdULQsfB0ZDtfJRlasS2n3" performance="main" grossFee="161235759.42"
                     modifier="C" IPI="Ux280KuggSbF7U7T5tY6JOFWJ" birthDate="2019-12-29"/>
                <Participant name="Bbq2AYM5ar53qIng05siaF7" role="music director" IPDN="z91h1aY99y4Q4XAW9XcwwYmwXnk" performance="main"
                     grossFee="-544450370.45" modifier="B" IPI="YhiFGW" birthDate="2020-06-04Z"/>
                <Participant name="V6AbAZzv91.1_lB" role="performer" IPDN="V" performance="supporting" grossFee="-2137301860.10"
                     modifier="B" IPI="u" birthDate="2019-04-10"/>
            </Participants>
        </Record>
        <Record title="FNZZa72lX3o0Ng7q" spins="1854783558" ISRC="P31T9KONDR66" year="7336" producer="Em_TVNi9j9gcn"
             label="q_ngMogEEtAd" recordNo="IWVCD8ontJfdjwGv-rTgiDubFwmx2w" serialNumber="U5nEGxO0Dbrm36aUiKFsIZ"
             isPremiere="false" usage="jingle" ISWC="k4YCi6qXOoO9jY9d" AKA="OaVr66" genre="commercial"
             broadcastedFrom="2018-10-02T11:21:16Z" broadcastedTo="2020-01-25T11:21:16Z" runtime="2014293853"
             origin="commercial" alternativeTitle="gYJj9iAigQelT-WJZ1Y8bRFdI_" recordedFootage="1113486151">
            <Participants>
                <Participant name="aPqLjO" role="performer" IPDN="Hub3_9k6etvQILYUFt.v5QHDy" performance="main" grossFee="1522606527.91"
                     modifier="A" IPI="SjCQ50WE1U3nlfyoduRO1W6u2_Dyoe" birthDate="2019-11-10"/>
                <Participant name="gUsq_q4m8wIdTwxSY3Vl5IPeQnOJX" role="subscriptwriter" IPDN="q1uYqNVK-r" performance="soloist"
                     grossFee="530654580.60" modifier="C" IPI="E4QPQZNGTyI" birthDate="2019-08-28Z"/>
                <Participant name="Ttp9PLMUB_KqbWUY5eoy.dgj1" role="remixer" IPDN="H_nWLnrgrBNZmm" performance="chorus master" grossFee="1501346143.04"
                     modifier="A" IPI="d7A.pBa" birthDate="2020-01-03"/>
                <Participant name="_zh-hGtENsCq8Ogi3l" role="remixer" IPDN="D" performance="conductor" grossFee="1119587485.06" modifier="C"
                     IPI="MfQL9miQ7n79kV2" birthDate="2019-01-12"/>
                <Participant name="D" role="composer" IPDN="yUWL5Q_L7oyzFTPux8NoXhVZovh" performance="supporting" grossFee="-62243010.54"
                     modifier="B" IPI="BEJhrsM2z" birthDate="2019-01-20Z"/>
                <Participant name="B_HmTF5" role="scriptwriter" IPDN="LoheGBG1vvYMykqNtKP" performance="soloist" grossFee="-279396705.60"
                     modifier="A" IPI="Jb8mSZ0fMsYtUL.wvMjHdI3xIu" birthDate="2019-07-28Z"/>
                <Participant name="z9ioLJ" role="sound engineer" IPDN="l3SZ5Z7Zja" performance="main" grossFee="-220109737.20" modifier="C"
                     IPI="_lOMy6vHn5VRtjJ-.jtYwN5vvdO1" birthDate="2019-07-07"/>
                <Participant name="fvKTvRTVKKeMMztZy3n3V1" role="composer" IPDN="kTP1OhslLYI" performance="main" grossFee="1442835664.28"
                     modifier="B" IPI="PYgHuE65FQbvce7XudmILC.ZrMh" birthDate="2018-09-12Z"/>
                <Participant name="I6nhs_bUA4kQepIXz_N-ISv-ue" role="composer" IPDN="NkpIXdXEXl" performance="conductor" grossFee="1507852799.85"
                     modifier="B" IPI="Ie90GeQnkDy" birthDate="2019-08-13"/>
                <Participant name="yhVzP5jW5Y4aLKplAc" role="composer" IPDN="e7Uz-4.Kv" performance="conductor" grossFee="-1972334301.72"
                     modifier="A" IPI="i13_whxdo3TaNj8" birthDate="2019-09-10"/>
            </Participants>
        </Record>
        <Record title="V1xP_kG1GdOjg8KNeP-u2G0fV" spins="1901567702" ISRC="RHB36ID4Q86P" year="7945" producer="Z" label="YqWNXMrS9i_hzw2kvueUxWXPxF9ifX"
             recordNo="zhZYncHXW9RjISR0tBYrCZ8m" serialNumber="j9AP0ehaK-O8ckPcOW2qx1rNx" isPremiere="false"
             usage="jingle" ISWC="iKyjGi.xONgGhsn-_SwACnpJEo39" AKA="vZcShOLFtvOkkYcnpQAPMGoOc" genre="spoken word"
             broadcastedFrom="2019-01-06T11:21:16" broadcastedTo="2020-05-31T11:21:16" runtime="36800128"
             origin="free of charge" alternativeTitle="Lodh" recordedFootage="2116810322">
            <Participants>
                <Participant name="KwpN2" role="music director" IPDN="qPGzGTqtBwjWquca4OQFyULp4Ai" performance="soloist" grossFee="952810.21"
                     modifier="B" IPI="vPejFvLYXQtXftpWbcvGo7-" birthDate="2019-01-17Z"/>
                <Participant name="dfVL8zt" role="performer" IPDN="t4Chp33FgVmSFU_erPaYwp4utDF" performance="conductor" grossFee="1759528323.07"
                     modifier="C" IPI="H5UAaM-fZUmi080KC8vnZULo" birthDate="2019-05-12"/>
                <Participant name="ctgY" role="producer" IPDN="aG7v5" performance="soloist" grossFee="-1451264735.93" modifier="A"
                     IPI="IkVHezN1MSRtI_" birthDate="2019-01-09Z"/>
                <Participant name="qwEdGxZRjGuR7cY_T9J9x3h" role="subscriptwriter" IPDN="ZtwJPNCVfWhQXx80GGIgKLPHqD" performance="chorus master"
                     grossFee="1798451347.53" modifier="C" IPI="jxjjrMOU" birthDate="2020-03-24"/>
                <Participant name="bpn-Ve76QbHgOkXObAP40kbkK-Xb" role="subscriptwriter" IPDN="XsQM3" performance="chorus master"
                     grossFee="1278123552.94" modifier="A" IPI="p.gQMU9IGwgkqjWtA7oP9rX" birthDate="2019-07-05Z"/>
                <Participant name="ryFtz32ZYK-2AuJKWPkF-FBK-C" role="remixer" IPDN="rQ2zpEaPJgAeRhV7h" performance="soloist" grossFee="327679730.01"
                     modifier="C" IPI="Zjc9Iu2x" birthDate="2019-04-20Z"/>
                <Participant name="GBvNWq1E4jOhaFSKi8p_FRm" role="remixer" IPDN="m5dGo9YYM" performance="soloist" grossFee="-1024521365.41"
                     modifier="A" IPI="lXdxF5LfjWwxWDySjkzqO5" birthDate="2019-01-03"/>
                <Participant name="Q4" role="subscriptwriter" IPDN="x7ZN-gde8qJnDE.RATRakjOA" performance="chorus master" grossFee="1389900576.30"
                     modifier="B" IPI="CgRUVtLfu" birthDate="2019-03-03Z"/>
                <Participant name="B-" role="scriptwriter" IPDN="eK" performance="main" grossFee="147322744.80" modifier="A" IPI="DVIZyeePMsWCFRyEjJ5NO8ftg"
                     birthDate="2019-01-05Z"/>
                <Participant name="B" role="composer" IPDN="Jqg0FcW.I0sCFVm5l" performance="supporting" grossFee="-104606864.23"
                     modifier="B" IPI="M" birthDate="2019-11-11Z"/>
            </Participants>
        </Record>
        <Record title="bMW5vwH" spins="429865934" ISRC="DK4U84X9C0W2" year="5935" producer="F" label="pdQM" recordNo="qxF"
             serialNumber="AXQdYvDupf" isPremiere="false" usage="broadcast" ISWC="BPX94x8jOvYIRRCpsV"
             AKA="nTS_aK0LQ1N38_ftaikDp" genre="jingle" broadcastedFrom="2020-01-02T11:21:16" broadcastedTo="2019-11-29T11:21:16Z"
             runtime="701388318" origin="live broadcasting" alternativeTitle="wGqyr" recordedFootage="1685437126">
            <Participants>
                <Participant name="gtW" role="composer" IPDN="LYAKZavT55nxbIwNXwtdLiEfJvk" performance="conductor" grossFee="-1473353166.23"
                     modifier="B" IPI="nc9qcaqctp4bT5USCCCz" birthDate="2019-03-30Z"/>
                <Participant name="A" role="subscriptwriter" IPDN="QEoqMy8FT" performance="conductor" grossFee="-1885605060.39" modifier="B"
                     IPI="H5u7i6FMtm" birthDate="2018-11-10Z"/>
                <Participant name="cc" role="music director" IPDN="C8RV-fB" performance="conductor" grossFee="-317382228.15" modifier="A"
                     IPI="sF7MPOE2svD.-" birthDate="2019-04-13"/>
                <Participant name="xzMK9Nj_ky71jVI5q9MI_" role="subscriptwriter" IPDN="BMVMdIv6E" performance="supporting" grossFee="-1787750001.00"
                     modifier="C" IPI="Ese-7RXGn-oca0CvoNZWk6LbbL" birthDate="2019-12-17Z"/>
                <Participant name="hSEp_L8o8QnCMEuy8M" role="performer" IPDN="_5jC2_0171gCw" performance="main" grossFee="-832858355.94"
                     modifier="B" IPI="vGMFCSMWeN7eoMzmsNXn" birthDate="2019-05-19"/>
                <Participant name="r" role="music director" IPDN="Oev4UpV.bePb" performance="chorus master" grossFee="-591685264.47"
                     modifier="C" IPI="MX-AT8FsJhC5" birthDate="2019-06-18"/>
                <Participant name="iSTGJGIhepBs" role="scriptwriter" IPDN="t0" performance="conductor" grossFee="1813879834.73" modifier="C"
                     IPI="cqwQORnzm3-F-5cTztU7.YCpNUnN4R" birthDate="2019-01-04Z"/>
                <Participant name="SjjM3zxFePwB9iVenM" role="arranger" IPDN="YHbbuDwkZscx" performance="chorus master" grossFee="2099640332.31"
                     modifier="A" IPI="X05j5VLz7" birthDate="2019-01-01Z"/>
                <Participant name="R-jl7" role="sound engineer" IPDN="bXmQhd58mAtFRNqif" performance="chorus master" grossFee="-1700884239.62"
                     modifier="C" IPI="DgIbGHscAg1aZsL1HA" birthDate="2019-08-24Z"/>
                <Participant name="Ee68KNTQsjQZa4s9" role="arranger" IPDN="rD0b50JzAG" performance="main" grossFee="773055728.73"
                     modifier="B" IPI="FHEM_DmRL9um3nUQ" birthDate="2018-08-31Z"/>
            </Participants>
        </Record>
        <Record title="iT5iHELRgmzyhcyk" spins="1696563781" ISRC="W8S03OVUG2G7" year="3260" producer="TO" label="WC6pE"
             recordNo="dznyHEQLPy1n8A-" serialNumber="DDS9bzrkrSkdFEV" isPremiere="false" usage="jingle"
             ISWC="dR16E" AKA="UdvzJ_aG0CNlYS" genre="pop" broadcastedFrom="2018-07-31T11:21:16" broadcastedTo="2019-07-27T11:21:16"
             runtime="123988568" origin="recorded stream" alternativeTitle="snszm1" recordedFootage="619121969">
            <Participants>
                <Participant name="HYWYLMPbtHkp.e_" role="subscriptwriter" IPDN="IZe" performance="main" grossFee="1570215343.08"
                     modifier="A" IPI="FZrWAphjp8zbtln-Aj" birthDate="2019-03-31Z"/>
                <Participant name="l_9ZNjDPyOZ6zetGAj" role="scriptwriter" IPDN="pJ48ffuGS" performance="main" grossFee="-108245820.21"
                     modifier="C" IPI="RE9RlXnbwX3cMeS5WfTB7nBl" birthDate="2020-03-25Z"/>
                <Participant name="v" role="subscriptwriter" IPDN="jNzA1Ixm065ue.0JQd5C-3VNy" performance="chorus master" grossFee="1140481916.59"
                     modifier="B" IPI="nBOnO8dmQItnAig" birthDate="2019-11-25"/>
                <Participant name="d6iTHeUwUDJet5INOPDDLhq" role="sound engineer" IPDN="ilMyaZIhypE31ZYq" performance="conductor"
                     grossFee="1573967292.36" modifier="C" IPI="B4p" birthDate="2020-03-09"/>
                <Participant name="Iu3b9KWabCgbJw0M-fwI" role="subscriptwriter" IPDN="lVSX" performance="chorus master" grossFee="842728209.20"
                     modifier="A" IPI="NCpg6IPFFCanV-SWBtnUr5u" birthDate="2019-10-19"/>
                <Participant name="Y" role="remixer" IPDN="uxN3X201k-oVpkHb8q74oq" performance="chorus master" grossFee="620575959.42"
                     modifier="C" IPI="a3Zj26QlBasNUCqhUEJ48Lizutds" birthDate="2020-06-04"/>
                <Participant name="ybhmsHdhvIIAZNeEW" role="sound engineer" IPDN="wubyyCz6tSQSYNj_" performance="supporting" grossFee="227258423.82"
                     modifier="A" IPI="m" birthDate="2019-07-23Z"/>
                <Participant name="cKoYkSk0vn7C" role="sound engineer" IPDN="R" performance="main" grossFee="-1183732100.48" modifier="C"
                     IPI="l3R" birthDate="2019-05-20Z"/>
                <Participant name="SBb8w5.JVSv" role="arranger" IPDN="c5UkVwjAB6MZcbuXTvS7" performance="conductor" grossFee="-458260450.27"
                     modifier="B" IPI="IuQ9.sGwCP_WzaajkbQxlhtC9H" birthDate="2019-04-01"/>
                <Participant name="Y2idRei7eNBltbyvJA5QkgVoU-Brhh" role="remixer" IPDN="oYPdKDoqf7YsQdQ5JA" performance="conductor"
                     grossFee="620626879.14" modifier="C" IPI="XsMhnn9" birthDate="2018-09-19"/>
            </Participants>
        </Record>
        <Record title="zlF8V3zCSH_5WB" spins="1531319682" ISRC="HO48M1HMU2G1" year="5547" producer="A2" label="q1ovl"
             recordNo="JYD_rF6Q10.z" serialNumber="P.w" isPremiere="1" usage="broadcast" ISWC="r" AKA="OT5ZNZ9h71I7.lrZPAIWa"
             genre="spoken word" broadcastedFrom="2019-02-27T11:21:16" broadcastedTo="2019-03-21T11:21:16"
             runtime="422552318" origin="live broadcasting" alternativeTitle="tWlbwpx4EBF6vLSxtP8fnlfM"
             recordedFootage="1746423313">
            <Participants>
                <Participant name="XQWSNpx" role="subscriptwriter" IPDN="DfEtAZze9wfIN7IIinWbF3jBIyK." performance="conductor" grossFee="-1457914818.79"
                     modifier="A" IPI="xy2COf-rK5r" birthDate="2020-04-29"/>
                <Participant name="V-IocRk1zMKmAMjW3N" role="subscriptwriter" IPDN="joJQRQZB9qhzpu" performance="soloist" grossFee="-1180344718.09"
                     modifier="B" IPI="xUACeCLx." birthDate="2020-01-01"/>
                <Participant name="_IRqTS.Gfa8fHfMwibz6fXRAmgfriP" role="composer" IPDN="UKAHkT1E8djI" performance="soloist" grossFee="-1927406069.85"
                     modifier="A" IPI="thMQlUrSR8dwV" birthDate="2018-08-01Z"/>
                <Participant name="T.ljUgb." role="composer" IPDN="hlLiRGGH2laY" performance="conductor" grossFee="-2059680261.73"
                     modifier="B" IPI="GYz0k0hMLPPpv97lOGz" birthDate="2019-06-30Z"/>
                <Participant name="ZMN8fWQg1AMp4" role="producer" IPDN="Lkh7kryO5WXVVKDJetMEYE-n" performance="supporting" grossFee="-2104485605.14"
                     modifier="A" IPI="xmiDJXDyFMyGNbgq9r0mcnKp5M" birthDate="2018-11-06"/>
                <Participant name="Drkr0piJV5nisf0gPFkn" role="subscriptwriter" IPDN="KbOy5B7NldpSU" performance="chorus master"
                     grossFee="-1273135484.46" modifier="A" IPI="yGrmMg_h4_" birthDate="2018-10-18"/>
                <Participant name="ko9" role="performer" IPDN="DFEkAX8" performance="conductor" grossFee="-106698792.17" modifier="A"
                     IPI="bxPi3xV7Dd5HzGLn8M0JLH" birthDate="2020-01-28"/>
                <Participant name="N.-g4C04-LRF6NpBmi" role="music director" IPDN="MGQ.yM6OvZ.9g3PzbF3U7mri.h" performance="soloist"
                     grossFee="-165491270.04" modifier="A" IPI="JkOVkwPDs9tadJr_52cQbBWe5YrgPl" birthDate="2019-02-12Z"/>
                <Participant name="dcBHeLRGDxt9_tAZuJt.RH6" role="remixer" IPDN="gv5HRmS1LBl88S6SuwsQqH9" performance="chorus master"
                     grossFee="-1125997320.89" modifier="C" IPI="DwCZ5EFTaB11.ySHP1qAAVMch" birthDate="2018-12-04Z"/>
                <Participant name="h-" role="producer" IPDN="dX-4QdiTW3vtTos4vYYSfTtTvT8" performance="chorus master" grossFee="1634102033.57"
                     modifier="B" IPI="XdQv8uvv" birthDate="2020-05-22"/>
            </Participants>
        </Record>
        <Record title="lXDgD6be" spins="69322473" ISRC="5P36JL79M1Q5" year="2918" producer="YAcui2R1o2im8iQxzw1." label="YNIXl_02fERLWZ-7uEo-Z0PrEeD"
             recordNo="bNnWRKQSzEk" serialNumber="Ap-" isPremiere="0" usage="jingle" ISWC="Jt9" AKA="D6Ijad.wPDvH"
             genre="jingle" broadcastedFrom="2019-04-22T11:21:16" broadcastedTo="2018-09-09T11:21:16"
             runtime="1079524457" origin="recorded stream" alternativeTitle="aHpBp7t_TQZWPZpS" recordedFootage="1195272328">
            <Participants>
                <Participant name="GO3VxWbsZmctQ05E8U" role="music director" IPDN="f8B." performance="chorus master" grossFee="-414940335.67"
                     modifier="C" IPI="TFfw0u9YYZ4XMlaT-E1H3eniw9oZbf" birthDate="2019-01-16Z"/>
                <Participant name="NGZZHDVNjXmrI553" role="subscriptwriter" IPDN="aaeB" performance="main" grossFee="-417619863.17"
                     modifier="A" IPI="BjdlWH7RXd6EOmVvGAGt0wb" birthDate="2019-02-07"/>
                <Participant name="gwwkY" role="scriptwriter" IPDN="SuR4BbB37-TM0uko" performance="supporting" grossFee="1428254524.68"
                     modifier="B" IPI="uGXpM8CLuaA1fKacRfm" birthDate="2019-04-01"/>
                <Participant name="hlK7.eMICeq" role="arranger" IPDN="i1" performance="conductor" grossFee="2074408607.88" modifier="C"
                     IPI="PKTvg" birthDate="2019-06-27"/>
                <Participant name="FG06Fg8DKAHbkrk.1QtjpAQg_UBu88" role="subscriptwriter" IPDN="x" performance="supporting" grossFee="-1246101721.95"
                     modifier="C" IPI="X3Fo4c3ryvg-eiQqm2kr8hx5y" birthDate="2019-04-06Z"/>
                <Participant name="c" role="scriptwriter" IPDN="dr8Am" performance="soloist" grossFee="-1067405492.66" modifier="C"
                     IPI="cpAi9fUkc37XFqj2F0BwVKuQ" birthDate="2018-10-01Z"/>
                <Participant name="pCCV3m" role="sound engineer" IPDN="enX8yM_qzsHUmjDahCaH" performance="chorus master" grossFee="1604439272.28"
                     modifier="A" IPI="ZmYzAUzW9JZorVofmZ3Pn" birthDate="2018-08-02Z"/>
                <Participant name="cXrSDTX1PztY5d1oB0Gw" role="subscriptwriter" IPDN="hIVnIRQknOBvc" performance="supporting" grossFee="-1865227520.92"
                     modifier="B" IPI="B" birthDate="2018-10-10Z"/>
                <Participant name="yxB_3kRJZg0Z.K2OxqiHkP" role="sound engineer" IPDN="fS0xln-DCTfSy4n5-MTDcu" performance="main"
                     grossFee="1890092208.93" modifier="A" IPI="U03Ds0-MZrQFT3WXPgCvCKRdcfz" birthDate="2020-02-14Z"/>
                <Participant name="IS.W8G.K" role="remixer" IPDN="vqycj1cIkD5vye" performance="main" grossFee="-1779659028.19" modifier="A"
                     IPI="ucUANzt3h_" birthDate="2018-12-01"/>
            </Participants>
        </Record>
        <Record title="S0L" spins="1950229189" ISRC="A5J7M0K1N062" year="1486" producer="xdYXdl-aqwv8Rtr1l73b" label="tSr.niqb2G4c3"
             recordNo="saVWzfAg6a1df" serialNumber="noM0AoUdyRa." isPremiere="false" usage="broadcast"
             ISWC="a3hnt" AKA="jbAutRVL29" genre="commercial" broadcastedFrom="2018-12-06T11:21:16Z"
             broadcastedTo="2019-08-14T11:21:16Z" runtime="1112597580" origin="self" alternativeTitle="Ih7cCqFEQA"
             recordedFootage="797066919">
            <Participants>
                <Participant name="PMgr.u_mvijyjfsXPfbJ07Zl_L1NC" role="performer" IPDN="gmK9IMH9WYMcH8HZN-Vjyk0Rz" performance="chorus master"
                     grossFee="-1657886115.65" modifier="C" IPI="jTxNc.njNaYo88cX" birthDate="2018-11-17"/>
                <Participant name="FtbzV" role="composer" IPDN="tQ5T09Re2lKjY" performance="main" grossFee="-1351998303.37" modifier="A"
                     IPI="WFsAdeSZpkY" birthDate="2020-05-26Z"/>
                <Participant name="ph.4" role="music director" IPDN="PMmE._kD" performance="soloist" grossFee="1167533093.10" modifier="C"
                     IPI="JE_Mq" birthDate="2018-07-30"/>
                <Participant name="SHFyKkv" role="music director" IPDN="EydxJ" performance="chorus master" grossFee="1357527517.97"
                     modifier="A" IPI="GNjy3KARxWKeNk0cyXLkH" birthDate="2019-05-30"/>
                <Participant name="X" role="arranger" IPDN="gmy4i" performance="main" grossFee="1819715859.02" modifier="A" IPI="Vbtb880A3wnQLg0C5salG"
                     birthDate="2019-05-24Z"/>
                <Participant name="cR9yWsTgqzdExOMM" role="performer" IPDN="_iMmju" performance="chorus master" grossFee="763952473.19"
                     modifier="A" IPI="oJhBTvRQwNMMnXq-X" birthDate="2019-10-05Z"/>
                <Participant name="PGuSHPx4CHqK.4sXrS" role="arranger" IPDN="a4K-vCFKqamncfAL" performance="chorus master" grossFee="1038908331.68"
                     modifier="A" IPI="sf7.XPNae" birthDate="2018-10-17Z"/>
                <Participant name="tBGxp-U1UxuXr5pMkanEB8" role="producer" IPDN="hRbe" performance="chorus master" grossFee="394178564.69"
                     modifier="B" IPI="AXUuM" birthDate="2019-11-07Z"/>
                <Participant name="Mv8b5u" role="sound engineer" IPDN="W3RpqCC" performance="soloist" grossFee="210939358.92" modifier="B"
                     IPI="RPGHZ9liLVCXXpe8V6tm_FafUr-uez" birthDate="2019-02-07Z"/>
                <Participant name="zOQGsgd6Y1J" role="arranger" IPDN="fiSLsKE6p2-04ZNuICdnyOZyg" performance="main" grossFee="-1929069683.99"
                     modifier="C" IPI="PfaI4JMW7Yli" birthDate="2019-08-21Z"/>
            </Participants>
        </Record>
    </Record>
    <Record title="t2f4eMXlP5-" spins="1647339929" ISRC="GJ7IAS0Y9IJ9" year="8715" producer="koX" label="Xe-msTbHasW25u2299"
         recordNo="DeR1Atz_XaCpqT" serialNumber="Set3DKsLF4bo6m9fFr" isPremiere="1" usage="broadcast"
         ISWC="s5oBatu8s3wsk76" AKA="xLWNSn0Os1n" genre="composed" broadcastedFrom="2019-04-20T11:21:16Z"
         broadcastedTo="2020-01-09T11:21:16" runtime="689232320" origin="commerce" alternativeTitle="MvCqr_2R3vwLKcA2jMcBt3hJw6I2aS"
         recordedFootage="482256154">
        <Participants>
            <Participant name="htkcV" role="subscriptwriter" IPDN="G6A" performance="supporting" grossFee="-1945453162.01" modifier="C"
                 IPI="gkYGOMB8X.EKHnbua-EOjtitw" birthDate="2018-09-05Z"/>
            <Participant name="dw.eF" role="producer" IPDN="OrexzqAwbss4VxnuZ1f" performance="supporting" grossFee="1399755730.91"
                 modifier="C" IPI="Rja3_5sB6" birthDate="2019-06-29Z"/>
            <Participant name="g2" role="music director" IPDN="uAwTXHOdiRC" performance="supporting" grossFee="496461854.38"
                 modifier="A" IPI="oYsTV4mGR-kwR4Z517TZqs9gw" birthDate="2020-02-22Z"/>
            <Participant name="_1LTBl5smR" role="subscriptwriter" IPDN="kGJ7Q2h_8Lj3GtQcwmkg" performance="chorus master" grossFee="-1421603851.76"
                 modifier="B" IPI="P5Txc2vhTFC9v7-uAQfEjI9KpigzDB" birthDate="2018-11-23Z"/>
            <Participant name="k6iC" role="subscriptwriter" IPDN="bP" performance="conductor" grossFee="1148119002.83" modifier="B"
                 IPI="LFFa9G5jxbPE" birthDate="2020-02-14"/>
            <Participant name="qjlgANcLcMbgJ7_OVbLAZHJ5l_Vx" role="subscriptwriter" IPDN="CWOYZkO5.-qyD6OMiApCm" performance="soloist"
                 grossFee="-1216078902.91" modifier="C" IPI="fZqyhy-8eif.UZ" birthDate="2018-11-05Z"/>
            <Participant name="y459Qof75IaZKgAUo4-EF" role="subscriptwriter" IPDN="fZEc" performance="soloist" grossFee="-1622679633.41"
                 modifier="C" IPI="gPzkYo37CvPiuXuIn37nh" birthDate="2018-12-26Z"/>
            <Participant name="bWAfL" role="sound engineer" IPDN="d_W" performance="conductor" grossFee="1272630884.14" modifier="C"
                 IPI="MhDZyvDzJ0" birthDate="2019-06-12"/>
            <Participant name="a3Jn" role="music director" IPDN="Fb1" performance="main" grossFee="-1301031810.88" modifier="C"
                 IPI="lvMWjw1E" birthDate="2019-06-08Z"/>
            <Participant name="Y61_wd9OxtuCft3Gy.AKh6pT-7G6l" role="sound engineer" IPDN="iawYmAJX7jO0" performance="chorus master"
                 grossFee="925816266.65" modifier="C" IPI="os8ih9dnHxxIA8u" birthDate="2018-08-14"/>
        </Participants>
        <Record title="YvQeOcUV7J58f9e" spins="622719368" ISRC="MCJL626O7XKO" year="0733" producer="xIhqKqUfQQSUhwl9VwUlsSP.2U658j"
             label="RmU" recordNo="WvGg7FLrz.KMRY" serialNumber="iC-IEuT4dMYKR" isPremiere="false" usage="commercial"
             ISWC="N" AKA="F2QIqJsub" genre="classical" broadcastedFrom="2018-08-10T11:21:16" broadcastedTo="2019-02-23T11:21:16Z"
             runtime="1885720077" origin="recorded stream" alternativeTitle="Er" recordedFootage="2014818586">
            <Participants>
                <Participant name="MgbMNrHAsmP9B3" role="performer" IPDN="sPXIfMSYazQsWOhus" performance="soloist" grossFee="-1195292319.87"
                     modifier="B" IPI="UgSbY.8x8-mF7Bv6URyH5RR" birthDate="2020-06-12"/>
                <Participant name="ajiOZ" role="sound engineer" IPDN="mJY.wEg4th-65WuRbI_x" performance="conductor" grossFee="1891581347.25"
                     modifier="B" IPI="d7H_xyVOnpLXEarc." birthDate="2019-12-01"/>
                <Participant name="nM.Whu_" role="arranger" IPDN="TNATR3Yz60nTuyH4ouIDmhq5Y" performance="chorus master" grossFee="2094112624.12"
                     modifier="C" IPI="XYLA5H.Yw.4gQ_x" birthDate="2020-04-25"/>
                <Participant name="WSO_wFWaInz" role="producer" IPDN="yqt1jr5okcceaGP4q-RFax4KC" performance="soloist" grossFee="1546497466.80"
                     modifier="B" IPI="plpDvbys.LUltH" birthDate="2019-03-17"/>
                <Participant name="Dp-.UwkD8SbzKzmz" role="sound engineer" IPDN="a1sZwC2GCXDtFEDd-dDp" performance="main" grossFee="907384210.21"
                     modifier="A" IPI="ObZ4cKbJaV7Gx26.H" birthDate="2019-11-18Z"/>
                <Participant name="Yk0NkwSvdwizDZYbxtrqAPfJJ9" role="composer" IPDN="OTB-KYO6DCFisC161c" performance="soloist" grossFee="315064770.13"
                     modifier="C" IPI="S-_YPYOJLV" birthDate="2019-04-24Z"/>
                <Participant name="owygf8f0vl-rZn" role="arranger" IPDN="MlJ34PQgKTtlIpkv" performance="chorus master" grossFee="-2111060804.86"
                     modifier="C" IPI="bh8JJNEESSj37RgZ4KP.4CZcQqjR" birthDate="2019-04-11"/>
                <Participant name="q" role="sound engineer" IPDN="dvY48Y" performance="chorus master" grossFee="591022969.91" modifier="A"
                     IPI="jN0QtmjUdFEx" birthDate="2019-06-01Z"/>
                <Participant name="L.tKM-KM9YpPLSX1" role="remixer" IPDN="aQTGuW8nV" performance="chorus master" grossFee="-1519827813.63"
                     modifier="C" IPI="aK.U7Q-FmAiiHVkPse" birthDate="2018-08-16"/>
                <Participant name="bLJx6IZthmX_" role="composer" IPDN="tyPY-8Ac3q5UMI" performance="chorus master" grossFee="-269016794.60"
                     modifier="C" IPI="TOTTm" birthDate="2019-04-18Z"/>
            </Participants>
        </Record>
        <Record title="y0G-95Z2Db7n" spins="567719364" ISRC="04VKVPKGFXYO" year="6549" producer="CJ8sBXZ" label="wE5Z55vczqcNnPz8XbijOH3"
             recordNo="ziMqnvj7FoJ10j_RT" serialNumber="K-HukrQog9zOE94DI5HmI0L" isPremiere="1" usage="commercial"
             ISWC="XPjN3cvcD" AKA="xF.rlWZ" genre="classical" broadcastedFrom="2018-11-17T11:21:16" broadcastedTo="2020-01-12T11:21:16Z"
             runtime="1490572414" origin="live stream" alternativeTitle="r-5u_Lk02ocksrQqa1MMPD5P" recordedFootage="446762681">
            <Participants>
                <Participant name="Raq4Cx59MizNXBjv" role="producer" IPDN="UYXBVdpml3" performance="chorus master" grossFee="1647834988.62"
                     modifier="A" IPI="Xmsaj9ZCc_d1rFwbL.RRW6x5LMc" birthDate="2018-11-23"/>
                <Participant name="JRzV0cE5bdt4bj_.jsmZSM-LV7.D" role="music director" IPDN="rpJmrcDKO2h.am5JiQh" performance="conductor"
                     grossFee="-1910839332.79" modifier="B" IPI="j" birthDate="2019-07-16"/>
                <Participant name="UfOYzubRYW" role="subscriptwriter" IPDN="EIN3gn" performance="chorus master" grossFee="-736374833.42"
                     modifier="B" IPI="WCpTR5rGdBR7u2NCiPs9q4-l.dFS" birthDate="2019-01-19Z"/>
                <Participant name="ctHREw_.AH1g38UI.xEOZMJy6" role="subscriptwriter" IPDN="l6fYGVKB40xQLW.-QiK" performance="chorus master"
                     grossFee="1744458138.76" modifier="C" IPI="zgRG1tuJuPkkhq-xyIy139zw64koTS" birthDate="2019-11-14Z"/>
                <Participant name="g9l6c-45Db1_.iy5apls5Fix.mOI" role="sound engineer" IPDN="P9eFu0HNWf.cR-Isj" performance="main"
                     grossFee="-148162473.23" modifier="B" IPI="MgqSzV1yGWQZUAVsMTkfsG_hTZqUU" birthDate="2019-11-20Z"/>
                <Participant name="HSVOs" role="arranger" IPDN="d1-i7IRRIzqC2T" performance="supporting" grossFee="423419165.04"
                     modifier="C" IPI="irSpNzy" birthDate="2020-03-26"/>
                <Participant name="rc3qCbs07AI2n" role="music director" IPDN="k6kK" performance="soloist" grossFee="-1557510845.55"
                     modifier="C" IPI="Z9v9DG_" birthDate="2018-09-27"/>
                <Participant name="UBNHAj-WMAYXp7kxitp" role="music director" IPDN="FcfPY" performance="main" grossFee="-1859132544.40"
                     modifier="B" IPI="e.VnVlSFh" birthDate="2019-11-12Z"/>
                <Participant name="f8uVqYGceDKhdDwv" role="performer" IPDN="xrwdTMhRgRPAtRhG08pxSKwHHAVvjL" performance="chorus master"
                     grossFee="-1053649780.29" modifier="A" IPI="H-xVPqdgfZ9" birthDate="2018-10-05Z"/>
                <Participant name="BtZcH" role="performer" IPDN="eLsDNWJcLAUF8" performance="supporting" grossFee="-608065028.61"
                     modifier="C" IPI="ZJENY3O40MW07s" birthDate="2019-11-30"/>
            </Participants>
        </Record>
        <Record title="s-DkXGn" spins="1454764431" ISRC="R3QED81OUU6X" year="9206" producer="XrOrW7l.kuAIjY9eVS42mb.GgL"
             label="uSCYL" recordNo="cue" serialNumber="NO6vZx" isPremiere="0" usage="commercial" ISWC="rMOwiwSzUk"
             AKA="GbA3i4SKl0" genre="composed" broadcastedFrom="2018-09-17T11:21:16" broadcastedTo="2020-05-28T11:21:16Z"
             runtime="1230008804" origin="commerce" alternativeTitle="xF" recordedFootage="598991257">
            <Participants>
                <Participant name="qCpTaeDTzsVnIj6aSy-3JxF" role="scriptwriter" IPDN="y.VqPttLX9MV7" performance="supporting" grossFee="398163899.37"
                     modifier="B" IPI="YIZhmMrGPVvNxvw_3A8gnA" birthDate="2018-12-02Z"/>
                <Participant name="hNViRDoBIEJ" role="remixer" IPDN="Zgx3.3ZOknqKT" performance="supporting" grossFee="1804293822.75"
                     modifier="A" IPI="keTLgIgh0vQjrEpEDfdcW-6ieZz5u" birthDate="2019-12-02Z"/>
                <Participant name="HH7738Os63SjC5NavtmY7R" role="composer" IPDN="EUxsmpoiCT" performance="supporting" grossFee="1942537119.29"
                     modifier="C" IPI="YciDn" birthDate="2019-02-21"/>
                <Participant name="ISkEuLB35IYw2" role="scriptwriter" IPDN="BqhZW-cyvHFq9P" performance="chorus master" grossFee="-135481612.63"
                     modifier="C" IPI="JCKOSDkcWnuLi48Zf" birthDate="2020-04-15"/>
                <Participant name="I0X-YlRl_vImilbDCQSVK" role="sound engineer" IPDN="Djpt91az.25qAJmjpZpM" performance="conductor"
                     grossFee="1700896436.99" modifier="B" IPI="QCKfuOilNW95" birthDate="2018-07-10"/>
                <Participant name="HQOrgZU61S0kEBFz3c3pw5o53" role="producer" IPDN="WV3nk5eZ7jz" performance="main" grossFee="867706528.50"
                     modifier="C" IPI="Nipu-qkAOWWI5" birthDate="2019-02-09Z"/>
                <Participant name="eJ105I08icRfi8YOEu" role="composer" IPDN="AcmjPBIkI5H" performance="supporting" grossFee="-2026087175.80"
                     modifier="B" IPI="QaaGEj4pWRVXszzYOQTYs" birthDate="2019-07-09"/>
                <Participant name="HnKoMjNN-Gr" role="composer" IPDN="zfPxPis." performance="main" grossFee="-1271153205.82" modifier="A"
                     IPI="WDfBaK26SWV1NGJaluM" birthDate="2020-03-27"/>
                <Participant name="ySsSYnD7SiNJetSp1.0apRH" role="composer" IPDN="tnZcubPbbj7TqVZn_" performance="chorus master"
                     grossFee="-1568712796.20" modifier="B" IPI="oayveClaMvpE" birthDate="2019-06-12Z"/>
                <Participant name="rkAo" role="producer" IPDN="CP_Hgm7zwgPNtMcSlgz" performance="supporting" grossFee="-1181550109.07"
                     modifier="A" IPI="xQDxV" birthDate="2019-01-03Z"/>
            </Participants>
        </Record>
        <Record title="mLF" spins="299795919" ISRC="UONNIFC6R0WL" year="4869" producer="WSK_Tws" label="kWULLEXa" recordNo="IB7hOz"
             serialNumber="q0yp4Xc" isPremiere="true" usage="jingle" ISWC="U1tQPn9.h0z-Xa" AKA="B9e5IfkLeW6O0k_bL529"
             genre="classical" broadcastedFrom="2019-12-31T11:21:16" broadcastedTo="2018-11-02T11:21:16Z"
             runtime="1731914570" origin="self" alternativeTitle="f8jWdla3KN-VVL_NT437kva" recordedFootage="971016798">
            <Participants>
                <Participant name="PVT" role="scriptwriter" IPDN="eAzX" performance="main" grossFee="-1589075542.68" modifier="B"
                     IPI="bPGNAX5oXohnx" birthDate="2019-09-26"/>
                <Participant name="q-" role="sound engineer" IPDN="yUeJfWc9J" performance="chorus master" grossFee="408745738.99"
                     modifier="A" IPI="oENTbjwLW-iK73" birthDate="2019-08-15Z"/>
                <Participant name="eSfMuGrspRtEhY83C" role="performer" IPDN="iaFSqD-5" performance="conductor" grossFee="1046578181.50"
                     modifier="B" IPI="WtXTm24NZ65FqvdAr4jh1nZYkGn" birthDate="2020-04-30"/>
                <Participant name="VKZ6mdmGMcq-uu1O7ef" role="performer" IPDN="hibt" performance="soloist" grossFee="-2073129425.04"
                     modifier="B" IPI="ziaZmAQbBYXYt2es5" birthDate="2020-06-16Z"/>
                <Participant name="dax6CtfJioGVMHwT4uXNhq" role="subscriptwriter" IPDN="QIfrVrOUBqsUMveZxsFfdRogvRf" performance="chorus master"
                     grossFee="854214615.81" modifier="C" IPI="Ys1IcFmv-QldK" birthDate="2020-04-27Z"/>
                <Participant name="Wedobco" role="producer" IPDN="rwYBNjOjYUUCcjs" performance="supporting" grossFee="-1033676833.60"
                     modifier="A" IPI="EeStbPnvtuot" birthDate="2019-11-08"/>
                <Participant name="DgNrzlB5Jcqp" role="composer" IPDN="X.Zjg9Ye8tgcCWp0ok" performance="chorus master" grossFee="-1553194400.27"
                     modifier="C" IPI="sde7p_6UCWAD" birthDate="2019-12-26Z"/>
                <Participant name="yg6urB" role="performer" IPDN="c_JQdh60pDzCw_v.I" performance="supporting" grossFee="-1168383393.60"
                     modifier="C" IPI="vnsXv" birthDate="2019-04-14Z"/>
                <Participant name="Me4B" role="remixer" IPDN="N" performance="conductor" grossFee="1476880799.48" modifier="A" IPI="KXFMAHIiEVXiWUFIch3oeHXAqq5fEs"
                     birthDate="2019-05-11"/>
                <Participant name="gwBaDS8RhxQsd" role="arranger" IPDN="msR4s1cSV0df_YUL9bjf8qToV." performance="conductor" grossFee="-1752572939.74"
                     modifier="B" IPI="Uko.YLjhYy9f_An" birthDate="2019-05-27"/>
            </Participants>
        </Record>
        <Record title="MUwWAYC" spins="1864078939" ISRC="60R0756834JZ" year="0739" producer="a9sPiJXIavC7t6w14F" label="thC6tiEojKBiYv"
             recordNo="avEJJriupYbnatyK" serialNumber="YqOWxrL" isPremiere="0" usage="jingle" ISWC="yPYR"
             AKA="cdYPLJT-P" genre="spoken word" broadcastedFrom="2020-05-04T11:21:16Z" broadcastedTo="2019-01-26T11:21:16Z"
             runtime="1710696663" origin="free of charge" alternativeTitle="Zr7ldNHpuJ5R4" recordedFootage="1345961905">
            <Participants>
                <Participant name="clN1dCRhpAvj-g" role="arranger" IPDN="DLPeOx9-" performance="conductor" grossFee="-2106490722.13"
                     modifier="C" IPI="eIkzwe5wesnoXjhCHfdRO" birthDate="2020-04-06Z"/>
                <Participant name="Fy" role="music director" IPDN="UEpTMCwd7YTgHfObnK69qactVoCui" performance="soloist" grossFee="1297811272.37"
                     modifier="C" IPI="WIEpsohxBr" birthDate="2018-11-22Z"/>
                <Participant name="x8uADG7" role="performer" IPDN="J1l_BVBl7kqhkYZfxZqQ9O4" performance="supporting" grossFee="-2099097052.50"
                     modifier="B" IPI="CRIf" birthDate="2019-03-20Z"/>
                <Participant name="cjEsZKp7zFDKKdeK3ZTx_0" role="sound engineer" IPDN="F" performance="chorus master" grossFee="-362041263.23"
                     modifier="B" IPI="FbdgSvsLpqJ" birthDate="2019-01-04Z"/>
                <Participant name="Ci0.ePRoFz.apvvN-5B" role="scriptwriter" IPDN="AlllOkzYPGCw0ja0LhZeetzM_" performance="chorus master"
                     grossFee="166083084.96" modifier="A" IPI="L" birthDate="2018-07-23"/>
                <Participant name="dH" role="sound engineer" IPDN="HbnfpsKJakP.S" performance="supporting" grossFee="910583637.58"
                     modifier="C" IPI="uZ" birthDate="2020-01-27"/>
                <Participant name="uK7s_FhfMU.DLajzgn" role="sound engineer" IPDN="CLdnwf8Xkt9W4fELaDyZ0_sctDI" performance="supporting"
                     grossFee="-48364263.30" modifier="C" IPI="_kZP" birthDate="2020-04-18Z"/>
                <Participant name="E.gEaBQQs.gPrj7ZUTb53" role="arranger" IPDN="_8Cg1tXUXde_n2D" performance="conductor" grossFee="-711231430.56"
                     modifier="B" IPI="vSfo4GUHixtZwNWKEuqj" birthDate="2018-12-12Z"/>
                <Participant name="B0CJIt83xy0W-11IUVVoRW" role="composer" IPDN="nC" performance="main" grossFee="-592419742.15"
                     modifier="A" IPI="JAmvCceN4oyl-ntUGAalCmqMW" birthDate="2020-06-14"/>
                <Participant name="Dxzh3CG0H9y-fm1_-ych." role="scriptwriter" IPDN="prY-RFxlbJ4t" performance="supporting" grossFee="-1431691555.26"
                     modifier="B" IPI="Ccjnn-LRMC4znLIh5afE73uPr" birthDate="2019-05-28Z"/>
            </Participants>
        </Record>
        <Record title="X8LDl" spins="1280849948" ISRC="7Z62A15K22CH" year="9570" producer="WW" label="o5eIiFZ9zrYkAw7d"
             recordNo="MAew_pKhmM" serialNumber="Wtgll7U-BduMdLd4o8N3oc" isPremiere="0" usage="jingle"
             ISWC="Sp_.5iQhz5mEXdbQPQDdc748" AKA="I1jLudct.oTjGy9j4TKvhN72V-" genre="pop" broadcastedFrom="2019-02-11T11:21:16"
             broadcastedTo="2019-04-11T11:21:16" runtime="1885821344" origin="report" alternativeTitle="SiuvNW5pmO5WHWYDkZZknKfbqI0B9"
             recordedFootage="347151709">
            <Participants>
                <Participant name="zYyx9EuSrauhUTI2RVa45XRrfQr" role="subscriptwriter" IPDN="AtDTXu.z3D_b2" performance="main" grossFee="1949560449.09"
                     modifier="B" IPI="Rp9g" birthDate="2019-07-03Z"/>
                <Participant name="IXhQA3RI8kZcNKYhaCq-lz9Wxw" role="subscriptwriter" IPDN="hH" performance="conductor" grossFee="-952915675.82"
                     modifier="B" IPI="MxDv3CBVF86_1z" birthDate="2018-08-27"/>
                <Participant name="iTw_lxW_h4VTL7nwh" role="arranger" IPDN="E1mlQGPkm" performance="supporting" grossFee="1993837645.03"
                     modifier="A" IPI="dAfATiH_GvuF3rClzQfBb" birthDate="2019-11-03"/>
                <Participant name="B5GakB_SroC12QDKKP_t7" role="producer" IPDN="GAhaM" performance="conductor" grossFee="-750237575.21"
                     modifier="B" IPI="lrr.elMs9GCHv7WJzszjWLRI" birthDate="2020-05-09"/>
                <Participant name="uEv4OwfYpgj" role="arranger" IPDN="vMFzMPSQVJ" performance="chorus master" grossFee="1603781428.84"
                     modifier="C" IPI="FfMy-Yx5X3" birthDate="2018-11-05"/>
                <Participant name="Gz0u2LaaRy4i8XG.ES" role="remixer" IPDN="VMQggSOuUHet-ugvaxNvhQo" performance="conductor" grossFee="1352318969.92"
                     modifier="B" IPI="GF-QlwhKG0lv7nBNszLdd" birthDate="2019-05-04Z"/>
                <Participant name="ntTVgth" role="composer" IPDN="QlccTRXjW" performance="chorus master" grossFee="-343668326.02"
                     modifier="B" IPI="XKdcUXz" birthDate="2019-08-04Z"/>
                <Participant name="GTkCW4I" role="producer" IPDN="BudrAxUQgC.DfrnzuQ_o" performance="chorus master" grossFee="1196097948.99"
                     modifier="A" IPI="wP5" birthDate="2019-06-04"/>
                <Participant name="ZHS4DL87fz1kN2BBiU5VR8-rdKJl" role="subscriptwriter" IPDN="m8zss" performance="conductor" grossFee="1296215226.88"
                     modifier="A" IPI="oaWetnwgfBAAnX" birthDate="2019-01-11Z"/>
                <Participant name="GgUD7l24z92YRaGDjIYpMRbD" role="performer" IPDN="YQxPAC-3" performance="chorus master" grossFee="1766768365.34"
                     modifier="A" IPI="Zz_" birthDate="2019-12-05Z"/>
            </Participants>
        </Record>
        <Record title="tIJ" spins="2093381760" ISRC="C1FANZ6H714O" year="3861" producer="rB" label="QmvuB-eJ" recordNo="aevIN7i"
             serialNumber="odMlh7hroH61t86gtcq" isPremiere="true" usage="jingle" ISWC="rvgKVBr23-g25hx0nnycwu"
             AKA="s.m" genre="classical" broadcastedFrom="2019-10-23T11:21:16" broadcastedTo="2020-01-18T11:21:16"
             runtime="1598023164" origin="commerce" alternativeTitle="ormNhcvulBc" recordedFootage="1264964940">
            <Participants>
                <Participant name="m_9kuHDW3ANkTcKH" role="music director" IPDN="YF_t5j.Oo" performance="supporting" grossFee="1698684546.31"
                     modifier="B" IPI="uW" birthDate="2020-01-01"/>
                <Participant name="XrzzFnFlBI1N7SWXul" role="composer" IPDN="Ld4qtiL0w0qqxLdTgQW9ZnF7Z5V" performance="chorus master"
                     grossFee="535671172.44" modifier="B" IPI="dn" birthDate="2018-10-25Z"/>
                <Participant name="d" role="remixer" IPDN="WSQY" performance="chorus master" grossFee="-1138216400.71" modifier="B"
                     IPI="GbFBODo8Qz" birthDate="2020-03-19Z"/>
                <Participant name="MTC0DhWaWxul2.MinHP2-2b" role="remixer" IPDN="tL5TqEcybrPcW9dSNCzRp" performance="soloist" grossFee="-966930823.74"
                     modifier="A" IPI="EOxNGt_R9unaDLUttDEpyYVJQ" birthDate="2020-01-12"/>
                <Participant name="MTOHcS2hQDrx" role="subscriptwriter" IPDN="z" performance="conductor" grossFee="-1088278869.65"
                     modifier="B" IPI="vfoc_7_" birthDate="2020-05-19"/>
                <Participant name="dD" role="performer" IPDN="r" performance="supporting" grossFee="-37944050.40" modifier="A" IPI="j4ARa4mAgm7"
                     birthDate="2020-06-22"/>
                <Participant name="JOJ78Ek8mp" role="arranger" IPDN="DKZRY1YoKOsRF0Vqv" performance="supporting" grossFee="-683260151.18"
                     modifier="C" IPI="GRHL4GrulNtlnmWCb" birthDate="2019-01-19Z"/>
                <Participant name="ZbGMLC8.fqauE" role="composer" IPDN="TPmxWTi3AH5q" performance="supporting" grossFee="1432195221.37"
                     modifier="A" IPI="y1UKnMyQ9VQMh7gTaVgBL" birthDate="2019-09-29"/>
                <Participant name="a" role="composer" IPDN="vA1V2Nmtc.23SWcetI" performance="chorus master" grossFee="734932182.01"
                     modifier="C" IPI="pWj6.KrkvPJncaFQcIQF8xs9EXKBEh" birthDate="2018-09-26"/>
                <Participant name="h.Pw" role="music director" IPDN="f0enibFBndnhrqqz9Ug0y8cB." performance="chorus master" grossFee="287885578.11"
                     modifier="B" IPI="iej15qUiXWq4h_OorvIKVS4ZD5MTf" birthDate="2020-04-18Z"/>
            </Participants>
        </Record>
        <Record title="n" spins="971526919" ISRC="782UWUY92L1G" year="2845" producer="gf5gjpTzIGdU_b6ZYG6Z1Ohg7gKn"
             label="W6ekl-ivyFS0P" recordNo="SqB6oCjKgBkqbmbblQC05bepU5Wr" serialNumber="iFKKIPiQfLCysExaUod"
             isPremiere="true" usage="commercial" ISWC="ME-m.6xubBQVtMgfw2WF3CcX9" AKA="T.ZCaS7k7KE"
             genre="spoken word" broadcastedFrom="2018-07-07T11:21:16" broadcastedTo="2018-10-27T11:21:16Z"
             runtime="1675198321" origin="free usage" alternativeTitle="QeatRJdsVn" recordedFootage="1425781344">
            <Participants>
                <Participant name="P.5mEO_" role="arranger" IPDN="mHh" performance="soloist" grossFee="1652867196.03" modifier="C"
                     IPI="Na7BCwAVhUF3KRtHDRxi" birthDate="2018-10-09Z"/>
                <Participant name="q.S_X0Ah_O4koJhQ-VRM3XEnhWlJ" role="performer" IPDN="wBj3rEfc2ttJP6lB-i" performance="chorus master"
                     grossFee="-1276728959.36" modifier="C" IPI="vfY9o1Z8luNSlzcV4ezPQtCip5HG-" birthDate="2019-11-20Z"/>
                <Participant name="Uqx_Q3wX0xVTeyxnEWAaAmYpgBDutY" role="composer" IPDN="fb-ChU" performance="chorus master" grossFee="-438471633.50"
                     modifier="A" IPI="dFH0oI" birthDate="2019-11-15"/>
                <Participant name="b4sPFle8fj" role="sound engineer" IPDN="UnZIk8oY.AN" performance="conductor" grossFee="-655257325.05"
                     modifier="B" IPI="eEriZ7cXWl2604lOg" birthDate="2018-10-12"/>
                <Participant name="bBqN" role="performer" IPDN="teVoelmvq_JHv29X5v" performance="chorus master" grossFee="-648268516.58"
                     modifier="A" IPI="VBNq0vC-y8hFZBAu2ksN7Bz" birthDate="2018-07-27"/>
                <Participant name="_g6rV9sNYjeSeHvwLtmlwt3VEJUQ2" role="producer" IPDN="zn0ZTid0B-IMG0kf" performance="conductor"
                     grossFee="-760843733.91" modifier="B" IPI="W" birthDate="2018-12-15"/>
                <Participant name="DtM" role="arranger" IPDN="M5O2KjgTsyp0bfrg" performance="conductor" grossFee="1074175526.34"
                     modifier="A" IPI="trzqNcJ9whS.TGc" birthDate="2019-07-26Z"/>
                <Participant name="qZWkpFXxc2NNdC0Ob" role="music director" IPDN="_E4Zzpk-UUTVNc8dpJbxCC2" performance="chorus master"
                     grossFee="553510173.27" modifier="C" IPI="hrvWEGtRHSMwSFZ8by" birthDate="2020-04-28Z"/>
                <Participant name="Bx" role="subscriptwriter" IPDN="MmVgc9Eg" performance="chorus master" grossFee="951791418.63"
                     modifier="B" IPI="rQduBBwfMmb5KUROOVUJMEG9" birthDate="2018-09-08Z"/>
                <Participant name="twK6xKNpAw0nR" role="remixer" IPDN="dix7h" performance="conductor" grossFee="982584790.33" modifier="C"
                     IPI="RC2osSGOYwvc6tJ_Rgr4" birthDate="2019-08-15Z"/>
            </Participants>
        </Record>
        <Record title="NuJ_DB1GlcoYWfoJlMT54K78" spins="21669520" ISRC="5Z8ZIVR9M271" year="0252" producer="g.Ggdj"
             label="Zscv2Euo" recordNo="RnBwNBfJCthZzqUxjbq1J" serialNumber="rqGiuz-97EiiO5" isPremiere="0"
             usage="broadcast" ISWC="XHKvRlVaepB" AKA="x7CZkO_Nax11Cm7oQ6S27cH9VWQmF" genre="spoken word"
             broadcastedFrom="2018-08-13T11:21:16" broadcastedTo="2019-09-20T11:21:16Z" runtime="1940771929"
             origin="live broadcasting" alternativeTitle="MDkG5oCOH4-dB" recordedFootage="100544046">
            <Participants>
                <Participant name="MC1nfVO1" role="performer" IPDN="vqZZg7.clbCWbgtDxCZh" performance="supporting" grossFee="-172327708.14"
                     modifier="B" IPI="mZoUidcOakHENd6LYQvE" birthDate="2019-03-23"/>
                <Participant name="DrWfiKxeX.-9L1_jMKO7" role="performer" IPDN="LQ.yCV7FvEOG_aQhRs2j2AP" performance="conductor"
                     grossFee="-1074659301.07" modifier="A" IPI="jkwC3UiLsb4Jy3hKbWQniZXjBcaKnl" birthDate="2019-03-30"/>
                <Participant name="F3rc1JAyWfJFDN_CHmffX_VbYNQ" role="arranger" IPDN="GvPH6zctBcuBmBaRqeVWZwNedf4Sqy" performance="soloist"
                     grossFee="-1625336060.82" modifier="A" IPI="b" birthDate="2018-07-27"/>
                <Participant name="SwtQT-6bA5n0sJygpzUfo" role="music director" IPDN="Qzucv8osxEPi5du-9nUf" performance="supporting"
                     grossFee="1090253420.30" modifier="B" IPI="zQg" birthDate="2019-10-23"/>
                <Participant name="nxHK4QqTkoG8lXWZjybfUWvDO7r" role="producer" IPDN="rSassZ" performance="supporting" grossFee="-39539952.24"
                     modifier="A" IPI="Vmg" birthDate="2019-12-11"/>
                <Participant name="l" role="performer" IPDN="UGnkD7" performance="conductor" grossFee="-1965971613.23" modifier="A"
                     IPI="zI4" birthDate="2018-08-31Z"/>
                <Participant name="GB_Ae" role="remixer" IPDN="YDa_f02Un_kUjYQ" performance="soloist" grossFee="-2080462107.31" modifier="B"
                     IPI="noijas" birthDate="2019-02-07Z"/>
                <Participant name="nVC5lqo9X7kh8sXH" role="composer" IPDN="gNi" performance="conductor" grossFee="412554397.39" modifier="C"
                     IPI="bNcq3gAsltfirtC." birthDate="2019-04-01Z"/>
                <Participant name="qqdJLhqNA5IF" role="producer" IPDN="WbCDUHAOX3hw" performance="main" grossFee="1749234471.22"
                     modifier="A" IPI="qNx4nZRR4EGaW9HS1" birthDate="2020-01-15"/>
                <Participant name="mKFwZIF_v.NXKdvWmo2oo" role="subscriptwriter" IPDN="wKC8M1Al" performance="chorus master" grossFee="1850055003.77"
                     modifier="C" IPI="Em15LcyHGPK" birthDate="2020-06-22"/>
            </Participants>
        </Record>
        <Record title="qVSM4wZXcTbJ32jpcYQPG89dE-.ub" spins="986279668" ISRC="P01J7NZZOR23" year="0567" producer="iHkzQize3WNl-cuGuno"
             label="ZvW" recordNo="fw4xAcWMyiMp4h2vSQ" serialNumber="O6_YVc-TZ1mNtlW84Npj5cwLEo" isPremiere="1"
             usage="commercial" ISWC="kIdsGnF-u2aP" AKA="a" genre="commercial" broadcastedFrom="2018-12-19T11:21:16"
             broadcastedTo="2019-11-07T11:21:16Z" runtime="1426654162" origin="commerce" alternativeTitle="Vg85WFg"
             recordedFootage="1640552064">
            <Participants>
                <Participant name="AgS" role="arranger" IPDN="V8WP.6icQ9EU" performance="soloist" grossFee="1856313438.95" modifier="A"
                     IPI="bxU7b" birthDate="2020-02-14Z"/>
                <Participant name="SI4Ei" role="composer" IPDN="ctYgZ97" performance="soloist" grossFee="-1868146187.97" modifier="A"
                     IPI="mKijEWHJsY6gJi2g.RtGL9K" birthDate="2019-11-14Z"/>
                <Participant name="InJI6ijPHXpv-qLiaQmd" role="performer" IPDN="uiBjH8bASfK" performance="soloist" grossFee="-527556334.45"
                     modifier="B" IPI="QxoHvGlk76pkzxfL0" birthDate="2019-07-17"/>
                <Participant name="_-UnRLAcdhvlSsWpvHGi_pF-vxr" role="performer" IPDN="m5uc" performance="chorus master" grossFee="-717080471.53"
                     modifier="A" IPI="f8PL5GrshBOciHiIH.JTNK8U0zt" birthDate="2018-08-25Z"/>
                <Participant name="rblAggDl8WNKk" role="producer" IPDN="l.YimD-MyRayE4v_ABfNbFEu2tWx" performance="supporting" grossFee="1796385529.85"
                     modifier="C" IPI="nrLObFMrj8f8bKpdYJbn69S" birthDate="2019-04-30"/>
                <Participant name="ajHy0njYiszsB6U5vLUAKLbBst071" role="producer" IPDN="T" performance="chorus master" grossFee="-1432602423.87"
                     modifier="C" IPI="hdBt8hj2o4mmqAc7Rrnk97" birthDate="2018-08-31Z"/>
                <Participant name="iROH0ZaMDcJR5yqP" role="producer" IPDN="ssP4Zct-K8" performance="soloist" grossFee="-1167961775.88"
                     modifier="C" IPI="IaxUlLj11P6WD1suwDHq7eKtnf-l" birthDate="2020-04-22"/>
                <Participant name="YrHIQDATX-iXya0ztPF8" role="scriptwriter" IPDN="FjW" performance="conductor" grossFee="1672403916.62"
                     modifier="A" IPI="gBJTteeZ" birthDate="2019-12-15Z"/>
                <Participant name="PY3BIfZ.OeCB7gLYP_" role="arranger" IPDN="f5mzE7" performance="chorus master" grossFee="-151076101.03"
                     modifier="B" IPI="j8BZkhv-Tjdx6h7h" birthDate="2020-03-23Z"/>
                <Participant name="PsNMPBZJw3pQ8j" role="performer" IPDN="BCtTfxGPq" performance="main" grossFee="463080315.56" modifier="C"
                     IPI="xD5UIs7" birthDate="2020-03-21Z"/>
            </Participants>
        </Record>
    </Record>
    <Record title="Fu" spins="1464343462" ISRC="13W4I2A88P8O" year="9446" producer="yvgkFd0pHP2ryZ4jppzRr" label="m8NuN9l4"
         recordNo="HpRsxfuU" serialNumber="vh-.HzbuDciO33dbuEg" isPremiere="1" usage="broadcast" ISWC="w"
         AKA="YJsE" genre="composed" broadcastedFrom="2020-01-15T11:21:16Z" broadcastedTo="2019-06-08T11:21:16Z"
         runtime="894331840" origin="free of charge" alternativeTitle="y-LnCkj" recordedFootage="353371993">
        <Participants>
            <Participant name="gm5d5h2d2WwbsWLv6HfNCTF4tAJ" role="performer" IPDN="MwyvyAdA33Y" performance="main" grossFee="502414608.83"
                 modifier="C" IPI="uHMnGA5" birthDate="2018-12-05Z"/>
            <Participant name="_gPPl8qe4Qgzo" role="subscriptwriter" IPDN="wagl6-ua4vmdq" performance="main" grossFee="-1995153819.51"
                 modifier="B" IPI="jhLWKPbxi4FyWeSiThH0P6S7dSep4E" birthDate="2019-07-16Z"/>
            <Participant name="mIdyhLlYfqxOj" role="performer" IPDN="t6AdFmaCqH_sWu" performance="soloist" grossFee="1204393527.27"
                 modifier="C" IPI="WHtQL8uspgiGepJM" birthDate="2019-06-04Z"/>
            <Participant name="XvMdGT0xVDbBR" role="music director" IPDN="jYbP3n" performance="supporting" grossFee="828993375.33"
                 modifier="A" IPI="TcM8MT" birthDate="2018-09-09"/>
            <Participant name="vh_p3ZZKGsBM" role="producer" IPDN="UMj_fSTu204Hmv6" performance="supporting" grossFee="-1204741960.76"
                 modifier="C" IPI="enz.Ia4z2Qkb-.m" birthDate="2020-02-15Z"/>
            <Participant name="Rcw5VB2oBdp3" role="subscriptwriter" IPDN="_crfF2MYFMH6ctRqcZ" performance="soloist" grossFee="-1634578462.05"
                 modifier="B" IPI="uDwnoXwEtJtAS3yz6ciqo5kLH" birthDate="2019-11-22Z"/>
            <Participant name="c-pZ0xdUiOSz.UU" role="music director" IPDN="Cys" performance="soloist" grossFee="-787872826.29"
                 modifier="B" IPI="rqdsiBGAWDz" birthDate="2018-09-19"/>
            <Participant name="u3ZYdMSXeS" role="remixer" IPDN="WC54pXSSYQeaQuWw7q4c" performance="supporting" grossFee="-1276017855.64"
                 modifier="A" IPI="Ha5y6S3fjX" birthDate="2019-05-15Z"/>
            <Participant name="V52SHKND-G0v4rQrgjI7oZIe" role="sound engineer" IPDN="rkHYYu86" performance="chorus master" grossFee="-62009802.47"
                 modifier="C" IPI="LxM0eW2tGlL.HYeiPC4WZKL6Q" birthDate="2019-01-22Z"/>
            <Participant name="uef6S7asWdlVEGbGeh" role="subscriptwriter" IPDN="vCm3" performance="main" grossFee="1130761063.77"
                 modifier="A" IPI="rzp9KvlbGyLLCAGYL1uY" birthDate="2020-02-28"/>
        </Participants>
        <Record title="o-0BXhz-" spins="498218262" ISRC="GK2KPEBF7170" year="9600" producer="sHAn41D2ag" label="Pfam2zX-AQiCsLguwnQjSLVCuXI"
             recordNo="wfM" serialNumber="ul46byS.j" isPremiere="false" usage="commercial" ISWC="P0JFllPkeJZDo6CJjBqDZ"
             AKA="rx4_pwyVB3lyf" genre="composed" broadcastedFrom="2020-06-17T11:21:16Z" broadcastedTo="2018-08-06T11:21:16"
             runtime="242697469" origin="commerce" alternativeTitle="h1FI6n.wSS" recordedFootage="1025841374">
            <Participants>
                <Participant name="B4vCwUzpeAB.opak-EaLwYd0a" role="arranger" IPDN="nAtP0ZOjyp7FJFIZ6TxvSS6YZ-" performance="main"
                     grossFee="-357533227.02" modifier="B" IPI="Fx1N" birthDate="2019-10-09Z"/>
                <Participant name="JIK" role="arranger" IPDN="FPkWMrg4WvMlxslLLQXBIa" performance="soloist" grossFee="-867056010.49"
                     modifier="B" IPI="MQ9ZJ-xSK2.Hfxp-J" birthDate="2020-04-15Z"/>
                <Participant name="uHhqc8YfZPrEaShkpEPLeBQf" role="composer" IPDN="NecB7HIt.I-" performance="soloist" grossFee="-1785805689.08"
                     modifier="B" IPI="SAiNVBxZ.67hkaBXCDGnAti5" birthDate="2019-10-20Z"/>
                <Participant name="OdRILB" role="sound engineer" IPDN="c.hVYsunZZczBE_TQQMATyrhXDL" performance="supporting" grossFee="1177822994.13"
                     modifier="A" IPI="c7mmo" birthDate="2020-03-01"/>
                <Participant name="W.XAFpxpyz" role="subscriptwriter" IPDN="Q" performance="conductor" grossFee="-188181439.44" modifier="A"
                     IPI="aREolZ9-suKo" birthDate="2019-02-07"/>
                <Participant name="Sj-JSGhpyG0t979Ein.94cE9FW" role="sound engineer" IPDN="S" performance="chorus master" grossFee="-1015312993.98"
                     modifier="C" IPI="FyGZoG" birthDate="2018-07-13Z"/>
                <Participant name="wIfw" role="sound engineer" IPDN="ypnMdeOfled8.bx1Byhuj-HY" performance="chorus master" grossFee="760316228.23"
                     modifier="C" IPI="dcigsxvZgA_P1ATySN" birthDate="2019-05-21"/>
                <Participant name="MYfC" role="performer" IPDN="FiBZay7MeQVOd97.V" performance="supporting" grossFee="527127093.55"
                     modifier="B" IPI="UgOGGTTvFb0r_d" birthDate="2019-12-24Z"/>
                <Participant name="uOeD7wqjA5QP2cl3WJt98.HPZAF_" role="music director" IPDN="qMawYAkZJoB134xdjcEp1IB7vQ2if" performance="conductor"
                     grossFee="319946874.72" modifier="A" IPI="Xl1xDoYyvm4vIE9Wo" birthDate="2018-12-06"/>
                <Participant name="FmbG2s1HvegE6L5XqJC0Qx6eW" role="music director" IPDN="xhm8zmePf" performance="soloist" grossFee="-2000733373.03"
                     modifier="A" IPI="b-t" birthDate="2020-06-20Z"/>
            </Participants>
        </Record>
        <Record title="P0DQ6eW5SAl6DNbTue0Ovs" spins="194308229" ISRC="E1294YG7EQ23" year="4530" producer="AOGskFLV_NCQs4"
             label="Xd6UACKLjh16X4QWzcR22GJjA1H-PL" recordNo="xxDti0HAjz9W883BY4XRbH0" serialNumber="_-UUSJ-1DiToitwpogJ"
             isPremiere="0" usage="broadcast" ISWC="sCmV8sSR5AEo-UboUIqTTU4y9wV_" AKA="mSu-4kXTtCKf"
             genre="spoken word" broadcastedFrom="2019-04-08T11:21:16" broadcastedTo="2019-07-05T11:21:16"
             runtime="351696578" origin="live stream" alternativeTitle="fhCIZo5PgP" recordedFootage="1741907150">
            <Participants>
                <Participant name="ZpZpOhYhBdu-S_RnELhyr" role="producer" IPDN="ZZx" performance="main" grossFee="-940081649.70"
                     modifier="A" IPI="HuluRYav82" birthDate="2019-11-21"/>
                <Participant name="g5" role="producer" IPDN="db6hPjkmKkaEOt" performance="main" grossFee="-2049380163.21" modifier="A"
                     IPI="vP79GHDVpPAKDCyP-s5JLX_6mH" birthDate="2018-12-09Z"/>
                <Participant name="ppM" role="remixer" IPDN="Dw6_3lYg4Z-m" performance="supporting" grossFee="-1894671992.93" modifier="C"
                     IPI="jOqk" birthDate="2020-04-23Z"/>
                <Participant name="uuJ2ZsR5FY6ZNjWPx-MzfairDW5TFD" role="performer" IPDN="Bw_4Puxl" performance="soloist" grossFee="1455388613.24"
                     modifier="B" IPI="BWPc6zHphZ4.noK4PMMkCQuUm8s" birthDate="2019-03-26"/>
                <Participant name="Z-" role="remixer" IPDN="Um.OL" performance="soloist" grossFee="928101426.75" modifier="A" IPI="B"
                     birthDate="2019-04-05"/>
                <Participant name="lMA1UGKhZHB8g9luu6wk" role="producer" IPDN="OqIgl1JoYJRAbTTXG8ZjQ9" performance="main" grossFee="269412900.90"
                     modifier="C" IPI="mVLt0Ex3Df" birthDate="2020-05-31"/>
                <Participant name="ThyjQt" role="sound engineer" IPDN="F" performance="supporting" grossFee="1333136492.94" modifier="A"
                     IPI="r7a" birthDate="2020-02-24"/>
                <Participant name="J44r" role="music director" IPDN="s" performance="supporting" grossFee="-284986606.76" modifier="C"
                     IPI="l6ZI9KSjehtCVG4qzF8lu_fAVB" birthDate="2018-08-19"/>
                <Participant name="RC5Ca5dCIPdxPkQYE" role="arranger" IPDN="zijSBjlZ17GlgQE0y" performance="chorus master" grossFee="-1028202070.12"
                     modifier="A" IPI="fW3Sp" birthDate="2018-09-14Z"/>
                <Participant name="qEFjhGjxq6gC-7Qj0oBBG" role="subscriptwriter" IPDN="L4EJefVMPyfZ" performance="supporting" grossFee="607084178.65"
                     modifier="A" IPI="OSC" birthDate="2019-05-12"/>
            </Participants>
        </Record>
        <Record title="e5boq_0l4TKbh" spins="1437612287" ISRC="5F3HHIPSRQC4" year="2171" producer="QJtP" label="F" recordNo="rfeTux0C51Xmw4vWDPngge5KS5"
             serialNumber="tV1fmpP4" isPremiere="true" usage="jingle" ISWC="yb" AKA="TqPAgrENqLe" genre="spoken word"
             broadcastedFrom="2020-05-05T11:21:16" broadcastedTo="2020-02-25T11:21:16Z" runtime="1515991441"
             origin="recorded stream" alternativeTitle="AxiEt.XvD" recordedFootage="355523474">
            <Participants>
                <Participant name="DuWKz8ian5qraC8GOG8p" role="subscriptwriter" IPDN="zwKIg" performance="supporting" grossFee="-489005176.96"
                     modifier="A" IPI="GqPUAI1iG" birthDate="2020-06-10"/>
                <Participant name="W4K46cdjd6V_4PrJ" role="producer" IPDN="xweyXae9" performance="main" grossFee="585558283.39" modifier="C"
                     IPI="P7tyBVg" birthDate="2019-06-08"/>
                <Participant name="IJzJwY-wuNoDacvb" role="performer" IPDN="A3l5Hhx7SuuPiiooTJlm" performance="supporting" grossFee="721603090.66"
                     modifier="B" IPI="YJZQp0bj-" birthDate="2019-01-21Z"/>
                <Participant name="XZgk9q169o43Hb-iSqG" role="subscriptwriter" IPDN="hZ4J" performance="soloist" grossFee="-1408019467.51"
                     modifier="A" IPI="XDRQ5a440l6lDolAUPZv" birthDate="2020-01-08Z"/>
                <Participant name="pyY" role="scriptwriter" IPDN="d9E5xZmVCzK_v837zPkrvdsExZSMgc" performance="main" grossFee="659370715.01"
                     modifier="A" IPI="UE.TR4bj6.Y1" birthDate="2019-03-23Z"/>
                <Participant name="pszE2k_2EXC3GLqdRpN" role="performer" IPDN="W" performance="soloist" grossFee="-1795456043.45"
                     modifier="C" IPI="X0gmy" birthDate="2019-04-28Z"/>
                <Participant name="hz-LX96q6TUCPE7.7sRY" role="arranger" IPDN="fRc6" performance="supporting" grossFee="-1748686114.19"
                     modifier="B" IPI="krFRiaiglI-ojEPM-QVzp0iE" birthDate="2019-05-13"/>
                <Participant name="SUJVkV" role="remixer" IPDN="yG59fFBsrwjC_Vz3LJvAWlVbCVSUXF" performance="soloist" grossFee="-1729192545.56"
                     modifier="B" IPI="vLFa7PlEdYGU2z6VLA" birthDate="2018-11-02"/>
                <Participant name="wOKtROdZGWVljrYrIO" role="music director" IPDN="U" performance="soloist" grossFee="-706827133.50"
                     modifier="A" IPI="i_Q8F9osDF2idLn" birthDate="2019-05-24Z"/>
                <Participant name="vhaw1ujZMotuWBy" role="music director" IPDN="vjRr" performance="soloist" grossFee="537274209.57"
                     modifier="A" IPI="syUDL3iv" birthDate="2020-01-13"/>
            </Participants>
        </Record>
        <Record title="Kxe7gnuhZvf" spins="1723594448" ISRC="18LM237LST8E" year="2452" producer="xV8ubMYK3mjbCOQoAaij"
             label="b" recordNo="Ruck8KS2s5Hl" serialNumber="TttjJZWoOMZ01" isPremiere="false" usage="jingle"
             ISWC="lunOSj_0pSQSsKT5yltu3KtbwfFt" AKA="UNokCvueAm-4BPm-qPUA" genre="jingle" broadcastedFrom="2019-01-04T11:21:16Z"
             broadcastedTo="2020-05-16T11:21:16" runtime="2133454955" origin="recorded stream" alternativeTitle="Lc"
             recordedFootage="2054500783">
            <Participants>
                <Participant name="UIAAb5N_mYp8CIrXfqruoN5PufrS" role="music director" IPDN="rCx4U" performance="chorus master" grossFee="1710891731.49"
                     modifier="C" IPI="Cp" birthDate="2019-12-06Z"/>
                <Participant name="R6Z4ZqX_.ezDM_RYnJK" role="scriptwriter" IPDN="LwtmXRHb8_JZ" performance="main" grossFee="-1198746584.20"
                     modifier="C" IPI="vSgfVEGkBBiTZFlXJwje.Glefrb" birthDate="2018-07-17Z"/>
                <Participant name="gZh4lz.i" role="subscriptwriter" IPDN="gfs9VbQxVFFnuC.O" performance="chorus master" grossFee="-1610745695.90"
                     modifier="B" IPI="QH_60x6-Ga" birthDate="2019-03-21Z"/>
                <Participant name="S9UC3.TvCN6TRoK2bmA4" role="producer" IPDN="ON5M2t" performance="supporting" grossFee="-962280684.95"
                     modifier="A" IPI="iwe-Xcwl4xrbMbPsxNnNWjdHE_ynO" birthDate="2019-02-25Z"/>
                <Participant name="yO" role="arranger" IPDN="T3Fr61_EArM" performance="chorus master" grossFee="-814723066.74" modifier="B"
                     IPI="b7bB" birthDate="2019-12-21"/>
                <Participant name="PSrCW5ZzK1S0jqYbCDLQyQNFHVyEEo" role="subscriptwriter" IPDN="EF6dvp7hd3oM5PbBDr3hlC" performance="supporting"
                     grossFee="179939974.13" modifier="C" IPI="Y1MfIznmuDvF3PuhVZXO" birthDate="2018-07-03"/>
                <Participant name="gibXKvAF32MmxJk36" role="subscriptwriter" IPDN="knOl53_IHXEG-Za8STooK3k" performance="chorus master"
                     grossFee="176010430.82" modifier="B" IPI="FQTnQFzF" birthDate="2019-05-11Z"/>
                <Participant name="NT7c-81SzzXj_bkLKzhmhAtEbLU" role="arranger" IPDN="VjsjwrW-Uc7XesrL" performance="conductor" grossFee="-1909025110.83"
                     modifier="C" IPI="gllzE4CrSVNMbWsEv" birthDate="2018-12-30Z"/>
                <Participant name="V" role="sound engineer" IPDN="XqCHNjjvjEo6L" performance="main" grossFee="-1819090994.13" modifier="A"
                     IPI="gLJJQMtTABiE-S7th95EfPTV" birthDate="2020-03-12Z"/>
                <Participant name="zSuNOhT7Z9BYOQdaLr" role="sound engineer" IPDN="N." performance="conductor" grossFee="-1275728340.81"
                     modifier="A" IPI="o4XeaY7VMNkb.cDZxLHj" birthDate="2020-03-16"/>
            </Participants>
        </Record>
        <Record title="AgO" spins="616848100" ISRC="8VNWOC204SG4" year="4834" producer="fEuZq4ttg2OWyOjIv0R" label="ge18itlSps-vp28ARA5nSE2N"
             recordNo="y35lUa62A3s5ejPXEG" serialNumber="Tiw0Ish4fYEIjNVMHlL" isPremiere="false" usage="commercial"
             ISWC="B" AKA="em13E" genre="pop" broadcastedFrom="2020-03-15T11:21:16Z" broadcastedTo="2019-08-20T11:21:16"
             runtime="1102109089" origin="recorded stream" alternativeTitle="bDAa77lWqoFgQKZ1z" recordedFootage="683305856">
            <Participants>
                <Participant name="STDO8vut1AzyUGgA2FjyjrEvoF0E" role="music director" IPDN="E447.pFx8NMoeH33yelv4g" performance="supporting"
                     grossFee="115549981.86" modifier="C" IPI="ZC3wFuKS0zzp5Idiq7E" birthDate="2020-04-30Z"/>
                <Participant name="_OK759bDw55ThY" role="remixer" IPDN="m" performance="soloist" grossFee="976526120.10" modifier="B"
                     IPI="lcUkgdlu" birthDate="2019-07-01"/>
                <Participant name="r1Kh-86i.p3Z8K" role="music director" IPDN="yXi" performance="conductor" grossFee="-783019939.68"
                     modifier="B" IPI="ssytg8W_5-Y." birthDate="2019-01-30Z"/>
                <Participant name="TPes6Y8s_Sjl8Daqt.-yzBcV" role="arranger" IPDN="J" performance="chorus master" grossFee="546279203.46"
                     modifier="B" IPI="ORMKRwxSw__0pOZJ" birthDate="2019-12-29"/>
                <Participant name="vQzu" role="subscriptwriter" IPDN="gzypFhWGo_VtM4Psuk" performance="soloist" grossFee="807622360.24"
                     modifier="C" IPI="F4C_QUmPz8AOKAv7n7L9q" birthDate="2019-02-28Z"/>
                <Participant name="vmzlyh-l2n5DLx.i_N96oujArrL3c" role="music director" IPDN="Ec6JLfXQeMhO-JhGL9Ua_DhnwHl" performance="soloist"
                     grossFee="-864511737.83" modifier="A" IPI="Wy5xcQPE2-khLuAJGdgIKSLJrzYt" birthDate="2019-03-20Z"/>
                <Participant name="IyQye" role="producer" IPDN="v1OhVHs9cAwOwwMRt_Fv9l" performance="conductor" grossFee="-1497268043.47"
                     modifier="B" IPI="n50v5mAJdSFHlTasUEc5r3XW" birthDate="2019-03-15"/>
                <Participant name="tXNG.yRR15Gys6B9-1P5M.8IO4LD.I" role="composer" IPDN="kcgIsvCWxWphS_b1uwt-dMKHvUFMN" performance="conductor"
                     grossFee="-669757829.05" modifier="B" IPI="P3HyjdsLrRtRYcNZ2gOsU1Z_13HE" birthDate="2019-04-17"/>
                <Participant name="K.a6cyL.y6ijz9VA" role="arranger" IPDN="aRX_" performance="conductor" grossFee="840044040.64"
                     modifier="B" IPI="konyKxQ5xDqsZLVXh-G6_P3gl5" birthDate="2019-05-28Z"/>
                <Participant name="s4FitZWc9GPwz71_r" role="producer" IPDN="tZbWIX.XNRur2jDLWaX7Uh11" performance="soloist" grossFee="-2057521583.67"
                     modifier="B" IPI="ub87OwHB" birthDate="2019-02-11"/>
            </Participants>
        </Record>
        <Record title="Irpb7l1lo7lNi_WayZqbLGmhn" spins="722051219" ISRC="L97300Q9KL95" year="2059" producer="P_ADBWJqK"
             label="bw9QVeqEIFMs" recordNo="Uw-" serialNumber="r" isPremiere="0" usage="commercial" ISWC="l9T4lvaVVxRg"
             AKA="Q6K-q2zjLLv99hlqf-nkMaeuTMHK5" genre="jingle" broadcastedFrom="2020-06-11T11:21:16"
             broadcastedTo="2018-11-11T11:21:16Z" runtime="1959644890" origin="free of charge" alternativeTitle="BPEvQ-QlBRw5rurywlwhwrDx-"
             recordedFootage="1580106528">
            <Participants>
                <Participant name="inmx8I6JGDMwWA" role="composer" IPDN="Wz_7cRq" performance="conductor" grossFee="1702705873.78"
                     modifier="C" IPI="gOumi879YcWQzYebIHfa0A" birthDate="2020-06-20"/>
                <Participant name="rDiZrG6hgDm-vNT.Sq" role="sound engineer" IPDN="jBIp-h43mG" performance="supporting" grossFee="2077387020.71"
                     modifier="B" IPI="D8n4" birthDate="2020-01-01"/>
                <Participant name="rjWR2lKou1XMZPGNTqppdF2EoQMTE" role="sound engineer" IPDN="HMTFkI6B" performance="conductor" grossFee="-1767498724.28"
                     modifier="C" IPI="tm57XVd5anxpR1Byn3D-Tq1ZG" birthDate="2019-02-22"/>
                <Participant name="H1OW" role="composer" IPDN="oJvHsj" performance="soloist" grossFee="2073751505.80" modifier="C"
                     IPI="e-JmaLlIsB" birthDate="2020-06-30"/>
                <Participant name="H3C0jrc6.aWR5Huni" role="remixer" IPDN="YIqqtrhXzlMumVM" performance="main" grossFee="1487019695.56"
                     modifier="B" IPI="sbeMJ87rESs3kL3EYYd" birthDate="2018-11-12Z"/>
                <Participant name="Ly-gtd9PxDRiOTPE8j2M" role="subscriptwriter" IPDN="GU5hd4p9.lVm94d" performance="supporting" grossFee="-1916140951.73"
                     modifier="C" IPI="h-yqKXsy6is" birthDate="2020-01-05"/>
                <Participant name="cAVWB5Sf4QOw0XQcia74tOE6y" role="producer" IPDN="Zn2GfCFVY.QqROks0PxSIByAzW6" performance="conductor"
                     grossFee="-1416430941.83" modifier="A" IPI="mNQJ9ckcZrYX6Lr2lS" birthDate="2019-11-26Z"/>
                <Participant name="D4GvYliL" role="composer" IPDN="Z09MtS3f6ACTSwx" performance="main" grossFee="-1183332604.06"
                     modifier="A" IPI="pvAe6QoXI2bhWbVOuWPf6q6L" birthDate="2020-05-16"/>
                <Participant name="kWVckNyXyzMA_c" role="remixer" IPDN="Z6dLF_Hvz9kEbtFzdU-" performance="main" grossFee="-618582784.73"
                     modifier="B" IPI="iRP1zNM20kVdFs4b" birthDate="2020-03-19Z"/>
                <Participant name="So59sLA" role="subscriptwriter" IPDN="bVt.4Bg85eBxNEXgaF77fxVqeCFlLf" performance="conductor"
                     grossFee="1759870456.69" modifier="A" IPI="m6SNZ1EFJdrseZ" birthDate="2019-11-08Z"/>
            </Participants>
        </Record>
        <Record title="JTbs1BLXqa2B" spins="1000011839" ISRC="577YQCJ1O6IP" year="9254" producer="Dp23Hr" label="GpJJ-HeTuqCgz"
             recordNo="y3lVMdCTccUR97qslJtBM-" serialNumber="n2jspNEykismdNELgrnr." isPremiere="false"
             usage="commercial" ISWC="UI..31kgDrc3zFe6gNZRahjdn" AKA="G1Q" genre="jingle" broadcastedFrom="2019-06-07T11:21:16"
             broadcastedTo="2019-06-09T11:21:16" runtime="1840498613" origin="self" alternativeTitle="PAMxEMFcA2WRlwkqdM_C3U"
             recordedFootage="699779815">
            <Participants>
                <Participant name="yrkcHw159LWnfAq" role="performer" IPDN="yqTI2oz8bpLfop." performance="supporting" grossFee="-64774254.80"
                     modifier="A" IPI="fvzdb-fl5-" birthDate="2019-09-24Z"/>
                <Participant name="n6" role="arranger" IPDN="oJqB3RbhWa" performance="conductor" grossFee="1966678178.88" modifier="B"
                     IPI="X9BUFXH" birthDate="2018-08-28"/>
                <Participant name="GauXhZqCWN3XgU96xzD8N2k2i01" role="producer" IPDN="oWVMkum91e4SB1ds" performance="main" grossFee="1818791423.32"
                     modifier="A" IPI="dFe2VM5k6p.KwvILN2ck94ojFH3fmC" birthDate="2018-11-08"/>
                <Participant name="D" role="composer" IPDN="ig5pP2ZCPjpawatNFly9BRytGB3" performance="soloist" grossFee="-1343699902.41"
                     modifier="A" IPI="z" birthDate="2019-01-28Z"/>
                <Participant name="_ZGhRjQ4_u" role="sound engineer" IPDN="VPbXZ2AoT4" performance="chorus master" grossFee="459982393.62"
                     modifier="C" IPI="UvawkO.pGP.GJosD1Wq7_pEvp-JmF" birthDate="2019-03-20Z"/>
                <Participant name="nSWK5njtG1PdJ-wPAXjU" role="arranger" IPDN="anOmZCBAQLLlNA" performance="chorus master" grossFee="380586764.02"
                     modifier="A" IPI="iDo_ReXmX1o3." birthDate="2019-04-10"/>
                <Participant name="PPJUourWBmrA" role="remixer" IPDN="F8KPPV7PbYmZPJNh1a" performance="supporting" grossFee="-338025060.57"
                     modifier="A" IPI="v3b9by8yx6n0v" birthDate="2019-05-16Z"/>
                <Participant name="JcoN4zyK7RQCS8mdeUx26Hbn" role="subscriptwriter" IPDN="IV28mw3oBjK-YVXmNU6GG8fB" performance="main"
                     grossFee="-1533598580.15" modifier="C" IPI="gclIWhWBJF" birthDate="2018-09-22"/>
                <Participant name="ORWMc8XC74PR" role="performer" IPDN="jaAM8cRBVoc0F9QYAgIEm3awP7_0D" performance="main" grossFee="-372487826.87"
                     modifier="C" IPI="xRxJFrmNvIrpn" birthDate="2020-02-17Z"/>
                <Participant name="TdW" role="music director" IPDN="v" performance="main" grossFee="274490592.92" modifier="A" IPI="ZyBM_vqLiE2MjSf5Bbpd8T-Yk"
                     birthDate="2018-08-08"/>
            </Participants>
        </Record>
        <Record title="JDRIgWtSvsicDT" spins="1008874332" ISRC="J210Q07VLKUD" year="4613" producer="KxKUwmFccZ" label="CSOJU5PzR-9nntik9YeCUB3B"
             recordNo="jVt4" serialNumber="_8xnRNCJlCoNsuuhG1dPI-D5k4_I" isPremiere="1" usage="jingle"
             ISWC="vK7f" AKA="daIE" genre="composed" broadcastedFrom="2019-09-12T11:21:16Z" broadcastedTo="2018-09-23T11:21:16Z"
             runtime="1205466464" origin="commerce" alternativeTitle="R3" recordedFootage="1190852540">
            <Participants>
                <Participant name="SDQ0I9v9EN" role="arranger" IPDN="vhwdoSWBN9B7fOwKXz" performance="supporting" grossFee="1292115765.76"
                     modifier="C" IPI="m9doUUgFcxDca3VJ" birthDate="2018-07-07"/>
                <Participant name="kHDMKZBz7pwCTi9gQwqEX" role="producer" IPDN="ahnR-Ooey7ypbl" performance="supporting" grossFee="-1977144880.32"
                     modifier="A" IPI="MXfFcN_BASHH4N3rZ-" birthDate="2020-03-01Z"/>
                <Participant name="Wov5R-KaoCygJYo-rIfj" role="subscriptwriter" IPDN="TxtYfYT0sBrIlgiP4D" performance="soloist" grossFee="-1770897311.26"
                     modifier="B" IPI="baqlLYFhxJHVXgsdy4d-Dhr3myldG" birthDate="2019-11-01"/>
                <Participant name="Wq" role="arranger" IPDN="j8jAo_z" performance="conductor" grossFee="1257587853.25" modifier="B"
                     IPI="qxrLHMTmAOh" birthDate="2019-01-30Z"/>
                <Participant name="ix5xG6n" role="scriptwriter" IPDN="BDVeXxCLDSui.YHRugG_3DNG" performance="soloist" grossFee="-1347688444.28"
                     modifier="B" IPI="xwxZhK8bZ-L" birthDate="2019-09-22"/>
                <Participant name="rC5o.tA3M6PYPi1MsOgHSSInjOq2" role="scriptwriter" IPDN="kdpHRXkDz6Toxa2tzdktC" performance="soloist"
                     grossFee="-1846203908.57" modifier="B" IPI="fJ5No32nGOgYfTIANcPE" birthDate="2018-07-10Z"/>
                <Participant name="L8nEIw1tk4glXP8aa0qck" role="performer" IPDN="gxFmfkuDZhgeIuh8I" performance="soloist" grossFee="58976209.13"
                     modifier="B" IPI="LOB0j1I6VfLe5PQ" birthDate="2019-02-01"/>
                <Participant name="U8PP.Fun4tpp9PF1yz3qBCvxPpRBCw" role="scriptwriter" IPDN="rqQDP" performance="conductor" grossFee="-1330805913.08"
                     modifier="C" IPI="lDGji0ocSnzufDNBOd_qNpVQ4G0u" birthDate="2019-01-03"/>
                <Participant name="fdmV1G3aTif9yG" role="arranger" IPDN="z8VX7bzDvK" performance="chorus master" grossFee="977964196.69"
                     modifier="A" IPI="ULgW215zAp_" birthDate="2019-10-16"/>
                <Participant name="fLu2i8AvkCtxisa" role="music director" IPDN="r_5wiLrXvoBslmEW3E" performance="supporting" grossFee="-434606481.64"
                     modifier="A" IPI="cKqdZ0Q5DyYpHj3VVVz.vgL" birthDate="2020-04-08Z"/>
            </Participants>
        </Record>
        <Record title="Fmpsl5eabJ" spins="2145559894" ISRC="964SS7G4626O" year="3835" producer="Y8iMx" label="AtDYq6ZyB_g8lhekN"
             recordNo="vT" serialNumber="gkD_YCAXanmw" isPremiere="true" usage="commercial" ISWC="D7"
             AKA="pjezr-KdvEVTP1SFiS9" genre="jingle" broadcastedFrom="2019-07-06T11:21:16Z" broadcastedTo="2018-11-10T11:21:16"
             runtime="1415467852" origin="commerce" alternativeTitle="w64-4e7xkU-2YjSquYrbCoD2bROE" recordedFootage="1172207534">
            <Participants>
                <Participant name="nGrm9eRLes.pY2t8" role="scriptwriter" IPDN="C980sybmHXqbsRkkg" performance="main" grossFee="-1126681886.17"
                     modifier="B" IPI="yLDTrHTTr39iwgVNcn90Tn" birthDate="2019-10-08"/>
                <Participant name="uSV0fhKE1AhdYe8CenfyBUAR3Vt" role="composer" IPDN="L5sJAiiy7wsptrCopb" performance="chorus master"
                     grossFee="236807823.39" modifier="B" IPI="Me0Bsuq0Axn20n_FuUy.R2" birthDate="2019-03-08Z"/>
                <Participant name="dVl" role="subscriptwriter" IPDN="K6suzCu6EN.X38fs74E" performance="main" grossFee="948285610.70"
                     modifier="A" IPI="JR-l" birthDate="2020-06-19Z"/>
                <Participant name="A37aJdG9Hz" role="subscriptwriter" IPDN="EkMcicx2uy7jnYj2q" performance="chorus master" grossFee="-127168578.97"
                     modifier="C" IPI="T0LsWx8B33ePni2r." birthDate="2019-03-15Z"/>
                <Participant name="APaSYG3MO" role="sound engineer" IPDN="lXPxhkDNaMZov4RNtS" performance="supporting" grossFee="1254447642.30"
                     modifier="B" IPI="qUL1J0zm1N6qk8mh5M7" birthDate="2020-06-20"/>
                <Participant name="iU3v-p8VPpLgQpUc6" role="sound engineer" IPDN="iG40640XAI" performance="chorus master" grossFee="-1684091916.79"
                     modifier="A" IPI="x_ua-tQqKuLAO" birthDate="2019-07-09"/>
                <Participant name="eXpPbO_gQiMah" role="scriptwriter" IPDN="STH2xvsn-Ukf4YGcK" performance="conductor" grossFee="1832516970.37"
                     modifier="C" IPI="X1Dda0Gv0EjsA3Ytx" birthDate="2020-01-16"/>
                <Participant name="_u4F7umQCBSzo" role="music director" IPDN="_bN0MuhRfrgTI62" performance="soloist" grossFee="141002859.18"
                     modifier="B" IPI="lGU1uLDvTLhsSz-wkQbaY3f0.O" birthDate="2020-06-24Z"/>
                <Participant name="mv" role="arranger" IPDN="l.5Lq2" performance="supporting" grossFee="1425344659.74" modifier="B"
                     IPI="vdNl9YnOQC1Ep7KO2G1y" birthDate="2019-07-24"/>
                <Participant name="OFc4PndwGcD" role="arranger" IPDN="k692eolEUT7nPTY8p-NGSgg5yeX" performance="chorus master" grossFee="579592443.74"
                     modifier="C" IPI="lnBGnQkpVl-t8b" birthDate="2019-05-19Z"/>
            </Participants>
        </Record>
        <Record title="pu5_" spins="11519211" ISRC="0JK33J30Z4G8" year="4957" producer="KHgXGHx5fb2sf0PWr0s" label="d8"
             recordNo="f.Eio" serialNumber="ce9C" isPremiere="0" usage="commercial" ISWC="G.toP7zyvl1lSaLJjjypW2"
             AKA="vPySUVhY1BNj" genre="classical" broadcastedFrom="2019-04-15T11:21:16" broadcastedTo="2019-08-27T11:21:16Z"
             runtime="1419289536" origin="live broadcasting" alternativeTitle="iIFYU5C8ZcUXJ0eIkaKgO7"
             recordedFootage="1881750296">
            <Participants>
                <Participant name="ZUkscMbnRf8T6.n2AOLu" role="subscriptwriter" IPDN="Tl66JFjLWZTf" performance="conductor" grossFee="2090367666.50"
                     modifier="B" IPI="Ai2uyn324QbfH3d27XQ1k3I" birthDate="2019-06-14Z"/>
                <Participant name="GO" role="composer" IPDN="CRph4YreI" performance="soloist" grossFee="956139558.92" modifier="A"
                     IPI="jQ4cBfKUhu5cq-XOph02" birthDate="2018-10-28Z"/>
                <Participant name="T7yntLEsT6s" role="composer" IPDN="uCP.d" performance="main" grossFee="712313302.34" modifier="A"
                     IPI="smdBdfY3u7wkOvX" birthDate="2020-03-31Z"/>
                <Participant name="l_utDw2nAw1" role="arranger" IPDN="tk8lBMT6DC.bGcYGKH1lnw" performance="conductor" grossFee="761329129.41"
                     modifier="B" IPI="ZCkO7lqtFLSaC1Nb.u.W4" birthDate="2019-01-11Z"/>
                <Participant name="prf91mdliHc15P1xdVIy.g6x" role="remixer" IPDN="ed6Hq" performance="soloist" grossFee="785255543.72"
                     modifier="A" IPI="ebfD94Id0I2Aoci3E" birthDate="2019-11-20"/>
                <Participant name="cr4z7XyO2" role="performer" IPDN="eF7W." performance="conductor" grossFee="1138667474.18" modifier="A"
                     IPI="u34JBNHdzyJ_82AMsMXFhBj1PnTv" birthDate="2018-10-26Z"/>
                <Participant name="OK569W7Cspq-oUycm" role="subscriptwriter" IPDN="qpKPTalSber47xL4JFIFVYUwq6" performance="main"
                     grossFee="212437810.05" modifier="B" IPI="a24rfaEt9rZ2IWHa5Sj" birthDate="2018-08-04"/>
                <Participant name="UQeHv" role="producer" IPDN="XDVk9Avdj9pHB.4Fds8" performance="soloist" grossFee="-429431921.35"
                     modifier="C" IPI="_oT9wi" birthDate="2019-04-19Z"/>
                <Participant name="g" role="scriptwriter" IPDN="LEDHavdOT" performance="supporting" grossFee="25845474.23" modifier="C"
                     IPI="GVW8KwUJbypvP6jkHEM-Lz" birthDate="2020-01-27Z"/>
                <Participant name="GypoPvNklCQqPvx5oD2vrvTKNzQgV" role="sound engineer" IPDN="djn05wuxEC5_ndRyN-nYV" performance="soloist"
                     grossFee="540067823.60" modifier="B" IPI="Ar6cc21htWJffmVjfeUt4" birthDate="2019-08-30Z"/>
            </Participants>
        </Record>
    </Record>
    <Record title="yVqE2YHiSA2YGkAiIoM.fJ" spins="1866546388" ISRC="828N27H652GX" year="2428" producer="gr" label="r4K5eaIwF8mmncb"
         recordNo="QwWXWiWN8djJR3.84i9.qjhqX" serialNumber="TUg2c8SiZyulFVS-nLHsX" isPremiere="false"
         usage="broadcast" ISWC="Oj.9mTT3P4cFX07PL.3" AKA="q3-ZOdSCIb" genre="composed" broadcastedFrom="2020-04-09T11:21:16"
         broadcastedTo="2018-12-16T11:21:16Z" runtime="354012108" origin="self" alternativeTitle="qgCre6npq"
         recordedFootage="358515134">
        <Participants>
            <Participant name="U46AmitHP85QnY_aX5S" role="producer" IPDN="NR4Yd_Fe" performance="supporting" grossFee="1371536571.21"
                 modifier="A" IPI="b_RHNocNzIi88itEjY0_" birthDate="2020-02-02"/>
            <Participant name="E" role="scriptwriter" IPDN="SJ2QxynJWyDwsWYSkNERRNQcDN" performance="conductor" grossFee="-346015329.67"
                 modifier="B" IPI="_h.gEpXcw_hmpNqto8Fr-UZvED6Q" birthDate="2020-06-03"/>
            <Participant name="uCYGN.3U.nUBkLhC" role="scriptwriter" IPDN="x" performance="main" grossFee="1656366909.95" modifier="C"
                 IPI="UVkH3bPG3u0MGy.AIIBPtk" birthDate="2018-12-03"/>
            <Participant name="hnhPsc" role="sound engineer" IPDN="Ht0" performance="chorus master" grossFee="-1941028924.67"
                 modifier="B" IPI="TJYC" birthDate="2019-02-04"/>
            <Participant name="HDQ0y-P7sn75Q9zlg1le" role="performer" IPDN="g3aRQ2haWJ" performance="main" grossFee="1146699581.94"
                 modifier="C" IPI="AwNZ" birthDate="2019-03-25Z"/>
            <Participant name="xr2I4APvhCTSddbA.-3H__k5nG" role="performer" IPDN="XkREbxJQh_D5kn0SM" performance="supporting"
                 grossFee="639039095.18" modifier="C" IPI="g6End" birthDate="2020-04-18Z"/>
            <Participant name="WJGsS6f5V2iqbz" role="remixer" IPDN="mOqmgxiygk" performance="conductor" grossFee="-1253347566.38"
                 modifier="B" IPI="d" birthDate="2019-08-17Z"/>
            <Participant name="t5uluj7mxMAFgQmCh9M" role="music director" IPDN="wknRZ" performance="soloist" grossFee="879437562.61"
                 modifier="B" IPI="r4po-e0thEQ7HL.OTVFQfr" birthDate="2020-02-15"/>
            <Participant name="VIqnKH" role="sound engineer" IPDN="WD6MGBx" performance="chorus master" grossFee="-189254045.32"
                 modifier="A" IPI="I8zjAHcpIck05HQUNYdrN_D8fqq" birthDate="2019-01-21"/>
            <Participant name="tvL_u2_ijHnDkxJZ7QM" role="subscriptwriter" IPDN="RFRudESfQz8ml2wx19" performance="supporting"
                 grossFee="1663650791.01" modifier="B" IPI="meGQ4zaUQJvo.gH2uVwksUVk" birthDate="2018-10-03"/>
        </Participants>
        <Record title="Eqd" spins="300832667" ISRC="82Z5QLPN06L3" year="7623" producer="zaQhqdrLE.AMVh" label="GOHzNxtoy5.xnwspJI3Cts9bUW9hM"
             recordNo="U" serialNumber="ddMDgPXji_riV16RZJyez" isPremiere="0" usage="broadcast" ISWC="q5gVc"
             AKA="hsRswk2CueDUgtYwpUAu" genre="spoken word" broadcastedFrom="2019-05-04T11:21:16" broadcastedTo="2019-05-29T11:21:16Z"
             runtime="1884992339" origin="commercial" alternativeTitle="AdvZJtS-lEGMoRM4WXLgWH" recordedFootage="1437739682">
            <Participants>
                <Participant name="_cFIl3y5u23MWewkZ" role="subscriptwriter" IPDN="kbGNbzbQKUJwp" performance="conductor" grossFee="-2001637436.49"
                     modifier="A" IPI="Rq2" birthDate="2019-03-16Z"/>
                <Participant name="k1K_x" role="scriptwriter" IPDN="nWUFHdSEEa1tDce" performance="supporting" grossFee="1461667279.92"
                     modifier="C" IPI="ijeDnHVTIUqEu0Itcs5g" birthDate="2019-06-27"/>
                <Participant name="KJIxyPzBythgOw.TB3.Sa3" role="remixer" IPDN="gj1ukl2" performance="supporting" grossFee="208473385.03"
                     modifier="B" IPI="iYLK3RbuPkpUT4tOnapO" birthDate="2019-07-09"/>
                <Participant name="T5Tz70KxX5Chn.DqLM9AYHUZg.s" role="composer" IPDN="At70wCrue" performance="soloist" grossFee="854801660.11"
                     modifier="C" IPI="GRG0r" birthDate="2018-07-17Z"/>
                <Participant name="x6CTwKleFOE_vWHulkSN" role="subscriptwriter" IPDN="YybRaqe" performance="conductor" grossFee="-531873093.38"
                     modifier="A" IPI="dGhWCTV660xzT4VabW8IK5" birthDate="2019-07-19"/>
                <Participant name="HXYAwm" role="music director" IPDN="I0" performance="conductor" grossFee="-1270089901.14" modifier="C"
                     IPI="w90byJ-xuLWVX7D_jmQ" birthDate="2018-10-30Z"/>
                <Participant name="fR" role="producer" IPDN="zfen2tPdzI1_i4gc5Oji" performance="soloist" grossFee="28280868.14" modifier="C"
                     IPI="ltoCAIOvHUzwTa" birthDate="2019-10-31"/>
                <Participant name="IEEP" role="remixer" IPDN="Ml5nRwi4t5dTHJmtvncF9OgXU" performance="chorus master" grossFee="-212719499.08"
                     modifier="C" IPI="q7hkjc86mvYRL" birthDate="2018-09-15Z"/>
                <Participant name="dqfoe477T5E700mNIul" role="performer" IPDN="CC." performance="soloist" grossFee="-1058959080.88"
                     modifier="A" IPI="aFJwkNZUCUrH086v.Qcy5RpstS." birthDate="2020-04-13Z"/>
                <Participant name="iVPqJyeF" role="performer" IPDN="ZC56c" performance="conductor" grossFee="-644324864.25" modifier="A"
                     IPI="iYOSwwXRQo" birthDate="2019-04-11"/>
            </Participants>
        </Record>
        <Record title="tG" spins="183420194" ISRC="5A4629GP3HIK" year="4378" producer="ukkUDErD" label="KJL4XRKnNK8PvyPjpJLO-yudqdfRH"
             recordNo="iSNuy813C7nR1IUnu-" serialNumber="CqiUqALObBC3.WXpT." isPremiere="true" usage="jingle"
             ISWC="XviVAo7qxESXEZUeOyfy5" AKA="cvWwVpS-Yf.RpR-Ct-.." genre="composed" broadcastedFrom="2018-12-15T11:21:16"
             broadcastedTo="2020-03-12T11:21:16" runtime="2044239944" origin="self" alternativeTitle="uvi0TSaoOX.Viev9_RR9A0i"
             recordedFootage="1359588091">
            <Participants>
                <Participant name="B123WmJt1udji.2XfbsuT5vemjn." role="performer" IPDN="iyG442aDL0tqK9Q80.8.yFYFjEu6" performance="conductor"
                     grossFee="2107650049.31" modifier="A" IPI="diwlUXaeX3Q" birthDate="2019-05-24Z"/>
                <Participant name="ZNvHqnPv" role="arranger" IPDN="Mjg2DUx27aHstKPHzolz8mH1Olw" performance="chorus master" grossFee="1823293195.57"
                     modifier="A" IPI="Wymrlflei4wcvUfbME6q4XXo" birthDate="2018-09-17Z"/>
                <Participant name="jclNtP3" role="sound engineer" IPDN="WxrZ6ovZEa" performance="chorus master" grossFee="-2060794765.03"
                     modifier="B" IPI="JYtvEE2qj3feaOBqIq0-ygK" birthDate="2019-10-23"/>
                <Participant name="xZPgEYuFdyTPduxXubgE8YD_BVV" role="performer" IPDN="VayKzkRphsO3U.OqIiKMLZg9xuqe7t" performance="soloist"
                     grossFee="1208508955.98" modifier="A" IPI="y7W4eHzpEYK5AnunHGm4" birthDate="2018-11-15Z"/>
                <Participant name="jq9-q2t7c1A14kEYfI" role="subscriptwriter" IPDN="_VF4XwdQouSnn7" performance="conductor" grossFee="346307820.71"
                     modifier="B" IPI="O7ob8dO94aRsbWyTAnoLnZ." birthDate="2019-02-23"/>
                <Participant name="XZ" role="composer" IPDN="z2_gilaw7Gmk3a" performance="supporting" grossFee="287247871.51" modifier="C"
                     IPI="vn.G1-ncWFo8qTarTJUjeNxMtRR" birthDate="2018-08-18"/>
                <Participant name="bESTEH-OhuQmCFBBL88dFD0L_Snj4d" role="scriptwriter" IPDN="MiM5j" performance="conductor" grossFee="1318297227.15"
                     modifier="A" IPI="pTdRxbW" birthDate="2020-03-27Z"/>
                <Participant name="kTTrjw7DxncvMlEjl" role="sound engineer" IPDN="ruwmMbyoAguuqqSp6fh6oR2O9u" performance="chorus master"
                     grossFee="673572849.11" modifier="A" IPI="xL2-1N" birthDate="2019-09-24"/>
                <Participant name="V1wmWgAulsuJvifug6vo_S" role="subscriptwriter" IPDN="wqDE3" performance="supporting" grossFee="-19122807.68"
                     modifier="C" IPI="n2PkeBxtPaENaarT" birthDate="2019-02-28"/>
                <Participant name="axZbuy-RWpFRPT1Fa" role="performer" IPDN="UZK5tpMs1X" performance="chorus master" grossFee="-957100879.35"
                     modifier="C" IPI="dxLR9vSu.FcAaPl-54gBaU" birthDate="2018-10-19Z"/>
            </Participants>
        </Record>
        <Record title="uGhWcYr" spins="153453615" ISRC="ADBW7RT5Y64Y" year="0400" producer="VvYJ" label="p21xBJ8IloXpPVpht5u-Q99J"
             recordNo="i2CIcVXh" serialNumber="lN8LWO30DiWcMURUYxZp4rfWl" isPremiere="true" usage="broadcast"
             ISWC="Q.iOuYUNnr.vd.rZdMfRU-" AKA="YPXm0Y3Ii3ytz.ils9O" genre="composed" broadcastedFrom="2019-01-13T11:21:16"
             broadcastedTo="2018-08-04T11:21:16Z" runtime="70412467" origin="free of charge" alternativeTitle="k0pkV.6KD4gPeOKT0TJddQAT97AI"
             recordedFootage="1614039674">
            <Participants>
                <Participant name="lP" role="remixer" IPDN="bQzvdN" performance="chorus master" grossFee="560720307.08" modifier="A"
                     IPI="QqClb1-U2Yoi0Oo" birthDate="2019-04-25Z"/>
                <Participant name="Dzycs" role="performer" IPDN="JOTEIdveIy6NHzEmnoJ" performance="conductor" grossFee="-418064079.21"
                     modifier="A" IPI="BR" birthDate="2019-02-14"/>
                <Participant name="aeX4mNg" role="producer" IPDN="V.qvj8fiUnPDcpm" performance="conductor" grossFee="1964609118.70"
                     modifier="C" IPI="H" birthDate="2019-12-10Z"/>
                <Participant name="Jk3e7knvL8gte6o1SizZLB" role="producer" IPDN="t9lGmQmM5pq" performance="soloist" grossFee="-454011137.98"
                     modifier="A" IPI="X19ah_94-GiggKAvqN1uijZjSN_nq" birthDate="2019-01-29Z"/>
                <Participant name="uveqAIYO_Y3N2oY5PVhcswZOy" role="performer" IPDN="VPFqz6B2ud14IQ" performance="soloist" grossFee="-931493410.06"
                     modifier="C" IPI="JvVuc1rrr0h6w" birthDate="2019-04-13Z"/>
                <Participant name="hF4eRj8Y919mkMzQogSKDgSiIS-" role="producer" IPDN="wqqXIP6I_wHnWId0rnLKmfn4K82Od9" performance="soloist"
                     grossFee="518958898.59" modifier="C" IPI="vAmHQZg6ZQLPmTXDCwM9uHqN44f4Y" birthDate="2019-11-10Z"/>
                <Participant name="IIl0ZIyY8LX" role="arranger" IPDN="L_iZH1KjyzGgbMhugoFeXSYbTIJ" performance="chorus master" grossFee="-75247091.84"
                     modifier="C" IPI="Y5JwH1nF" birthDate="2019-02-21"/>
                <Participant name="u2EV" role="composer" IPDN="TOlFUqvnz_qx7k1c.C3V-FBCWqR" performance="supporting" grossFee="22319465.76"
                     modifier="B" IPI="FhYLkfn7WQGkBic" birthDate="2018-10-26Z"/>
                <Participant name="uZI4kW" role="music director" IPDN="sBLKXT6Yn1" performance="soloist" grossFee="-633456044.37"
                     modifier="A" IPI="eDbl0fu-juYdQAh_KCfBQ6TGPxEwTI" birthDate="2019-06-11"/>
                <Participant name="Tsqd7" role="music director" IPDN="gyixOt0loAfA2Btb3" performance="main" grossFee="1024477057.36"
                     modifier="C" IPI="jBjTK0Og4zHZ.4wCulFxMyW" birthDate="2019-02-15"/>
            </Participants>
        </Record>
        <Record title="CMrC794oN76u2e01bsT" spins="2016377563" ISRC="2MKG2MCZ17G7" year="6375" producer="nW7d0U5ouj5Vz"
             label="RU0cLxItOunuB1GBeU6Nnouct8yJ4" recordNo="fYAPW" serialNumber="l" isPremiere="1" usage="commercial"
             ISWC="l3OSF" AKA="RR9Veo." genre="spoken word" broadcastedFrom="2020-01-14T11:21:16" broadcastedTo="2019-04-04T11:21:16"
             runtime="146119325" origin="free of charge" alternativeTitle="YBhnUTdrntvlPMian" recordedFootage="1451340370">
            <Participants>
                <Participant name="KpGr3LI4T.3dknllgDK_bSmvq91_r" role="performer" IPDN="zORvsmaqVfUN0QvpU7Xh-a.6poeC" performance="chorus master"
                     grossFee="1761477983.03" modifier="C" IPI="oJ_" birthDate="2019-07-25"/>
                <Participant name="NPdL1X.dbskQPogxKb" role="remixer" IPDN="F4Z0Kt0" performance="main" grossFee="1736695025.57"
                     modifier="C" IPI="XT" birthDate="2019-10-04"/>
                <Participant name="yev-GEj-qVTMaZkSxgA2ZUl.sWtZ8" role="sound engineer" IPDN="kjVBJ" performance="chorus master"
                     grossFee="-27931740.30" modifier="A" IPI="MxKf5H" birthDate="2019-02-21Z"/>
                <Participant name="FdkjPXBAMTZg32D7e4D5" role="arranger" IPDN="B4M8nz3c5n-1lFrxC7-.p" performance="soloist" grossFee="-1402368118.82"
                     modifier="B" IPI="tNjupXBvs37J5h7myACvdrnv_q" birthDate="2018-12-28Z"/>
                <Participant name="o-Jr5Ex68jqbH8e.eW4K2_Y__s" role="performer" IPDN="kSI3.xevQYF1D7z1S9Mwf" performance="supporting"
                     grossFee="-1049191911.36" modifier="B" IPI="qBOCf8z" birthDate="2019-09-24"/>
                <Participant name="P" role="arranger" IPDN="kbz96tF.Z2i" performance="conductor" grossFee="268748472.57" modifier="C"
                     IPI="SR-08yZUygttn" birthDate="2019-08-27"/>
                <Participant name="qYGEx7xxDCMD2QJ80w1p" role="scriptwriter" IPDN="ETDjG0w7d5TB2" performance="main" grossFee="-498963639.31"
                     modifier="A" IPI="uwJNHauo-EE-gCuPyy5F" birthDate="2019-09-18Z"/>
                <Participant name="NZTHQZJsv2fAFxBW9gn" role="performer" IPDN="cBTwVO-IW3wIMzPE6BnotA5R" performance="main" grossFee="-386541806.59"
                     modifier="C" IPI="HQioXik-O" birthDate="2018-12-03Z"/>
                <Participant name="BEiQfrpUXMB7RquVeNOxXRuV1b2Rwa" role="composer" IPDN="EGvc-JdHNaFerb" performance="conductor"
                     grossFee="1906715990.90" modifier="A" IPI="Qg2NsKZUFI" birthDate="2020-03-16Z"/>
                <Participant name="XoLCwQm1XTA.FLteiYuTTi0bG6q" role="composer" IPDN="qpqgHZdiXXvVBs" performance="supporting" grossFee="548051394.39"
                     modifier="A" IPI="cLTJC8lkdsMnhdlsmfP" birthDate="2020-06-13Z"/>
            </Participants>
        </Record>
        <Record title="voFXNp" spins="81040808" ISRC="95ZX930BLMJS" year="6878" producer="n" label="vH4A1pQcdV7Q8xZxGCwCJ"
             recordNo="c1EgDSuJeZeaw1tS56pf" serialNumber="I-IQ9" isPremiere="true" usage="jingle" ISWC="E_jq6VlXHc0Gp"
             AKA="Am.jv9" genre="jingle" broadcastedFrom="2020-02-15T11:21:16" broadcastedTo="2020-06-15T11:21:16"
             runtime="784558664" origin="report" alternativeTitle="F64qhKdZVZ7NM7KonkL_34qIRe" recordedFootage="2072746192">
            <Participants>
                <Participant name="dfQv8zUSZb0ns29dH" role="music director" IPDN="WnBDfk7CX.yU9DJ" performance="soloist" grossFee="726430774.88"
                     modifier="A" IPI="a" birthDate="2019-08-29"/>
                <Participant name="x.RzoVhzWRsGJy1Xq0G11" role="remixer" IPDN="L_eKr3KB3nAw8-QYDHc1E0G" performance="conductor" grossFee="-1016048925.00"
                     modifier="C" IPI="ZKLwLyiDj" birthDate="2019-10-28"/>
                <Participant name="tw9ghMUOV4N5tjYAMkoGAyfAa" role="sound engineer" IPDN="BYoeKrhu" performance="chorus master" grossFee="-1152732416.23"
                     modifier="B" IPI="e4X-rq8a-mSliTsD" birthDate="2019-06-26"/>
                <Participant name="EZOz_d2DKKIzUNudkuqdK7jMA_LU" role="performer" IPDN="qfBTWac9." performance="conductor" grossFee="-1761530333.81"
                     modifier="A" IPI="QOI55GEP20Z6kcElWa" birthDate="2020-02-18Z"/>
                <Participant name="oqGAWMOkfSEzduZQaPFAjIWz" role="producer" IPDN="RM6lHc1WU1BkEfD7j03_nV0S5TuG-" performance="conductor"
                     grossFee="721387821.29" modifier="B" IPI="eeCD" birthDate="2018-07-14Z"/>
                <Participant name="hc-1UcAI5rlz7DgIJa" role="remixer" IPDN="Zp7ObrDD1H-MUUD6Z" performance="supporting" grossFee="1175504422.89"
                     modifier="A" IPI="U.-Bn8E-IIfJXa" birthDate="2019-09-26Z"/>
                <Participant name="UiTP_rgVLgBXeQm_BQ6DkoiTpbKoW" role="composer" IPDN="J2KhgC1xUtpWtrywN6kcwv" performance="soloist"
                     grossFee="-351375472.68" modifier="A" IPI="uVc4edavcnW84X" birthDate="2020-03-30Z"/>
                <Participant name="r6Hy" role="music director" IPDN="B.Q" performance="chorus master" grossFee="-1563658600.54" modifier="B"
                     IPI="iKzR" birthDate="2018-12-01Z"/>
                <Participant name="jzwO29bfzf_L-dQntf" role="sound engineer" IPDN="I.PCCTuK0iCckYCO" performance="soloist" grossFee="-1954307544.20"
                     modifier="C" IPI="Ay" birthDate="2020-06-17Z"/>
                <Participant name="gQoRPdl3IZB65nQ" role="performer" IPDN="Vg.-" performance="soloist" grossFee="-43357354.11" modifier="B"
                     IPI="_aO1iHa9-Lz5aZTiTaatvm" birthDate="2019-12-27"/>
            </Participants>
        </Record>
        <Record title="eslfwp_rJT1nk5yWH" spins="1407330590" ISRC="569977VF5UJZ" year="3310" producer="CpDShV8pr" label="H4z5gufifp2qa-SQB0K"
             recordNo="YQ81YlHKyGgR52zWlzTFVzjhT73" serialNumber="dVIMCFd7voZAWb0w" isPremiere="1" usage="broadcast"
             ISWC="RoZs_7o1" AKA="vj_dbaUv1iHwZ" genre="pop" broadcastedFrom="2019-06-17T11:21:16" broadcastedTo="2018-10-04T11:21:16"
             runtime="904745278" origin="free usage" alternativeTitle="EgmSGUC8408FSAgkGFFw8Al0PeaNZL"
             recordedFootage="299963674">
            <Participants>
                <Participant name="xX6n9i8E03_sYl-InQOFNO" role="subscriptwriter" IPDN="FfkJhTJqGuuK7N8dusMr1-Y" performance="supporting"
                     grossFee="-536387678.32" modifier="A" IPI="o7DohJUzvvT2QEpYkRMn" birthDate="2019-04-23Z"/>
                <Participant name="pNPNj3H33-XuqB" role="producer" IPDN="laNynFucR" performance="main" grossFee="-1162955644.97"
                     modifier="A" IPI="s7rHBtGIh6BKoclck4ua" birthDate="2020-06-13"/>
                <Participant name="huhaQmyiV9wroUa6u0qrZeXU_cB3Q" role="scriptwriter" IPDN="oIQpzkg" performance="soloist" grossFee="594775137.46"
                     modifier="B" IPI="_gYL55wOPxi0h9Tshc_kTnTt0Lt" birthDate="2019-04-03Z"/>
                <Participant name="qiL_Mvu" role="remixer" IPDN="cxLIztm2MvD4F" performance="main" grossFee="-1104820628.95" modifier="C"
                     IPI="L" birthDate="2020-04-14Z"/>
                <Participant name="O74.ialdSqsDThIFud" role="scriptwriter" IPDN="GZLA8i" performance="soloist" grossFee="-130677271.92"
                     modifier="B" IPI="HU" birthDate="2019-11-12Z"/>
                <Participant name="NY57" role="producer" IPDN="ySg7iOoPopD" performance="conductor" grossFee="714590859.21" modifier="A"
                     IPI="SsgF0PfUTZp" birthDate="2018-08-30"/>
                <Participant name="lmm6p2uEWLRsDGF3MI_RCnZ2f202" role="performer" IPDN="e5N0MXa9T2DTHVHzlbdkg" performance="soloist"
                     grossFee="666038991.08" modifier="C" IPI="iY" birthDate="2019-09-09"/>
                <Participant name="xrL6C" role="performer" IPDN="wCUGeEoI76as6" performance="soloist" grossFee="-1542693298.59" modifier="B"
                     IPI="eIlN" birthDate="2018-12-13Z"/>
                <Participant name="qojNnXZMPEo1s" role="music director" IPDN="tf_2OnsMd6jXrmakNuOM" performance="soloist" grossFee="-1959990316.17"
                     modifier="A" IPI="JRQqv4MXsAjCN" birthDate="2020-01-04Z"/>
                <Participant name="xLCm5oxW9I5gSov6Q0vyskplmQP6v4" role="producer" IPDN="gqSw" performance="soloist" grossFee="188222667.45"
                     modifier="C" IPI="ZYvRS3614cyUkVzxb" birthDate="2020-03-13"/>
            </Participants>
        </Record>
        <Record title="PLpJVaZEh7" spins="79356654" ISRC="N025G73X6039" year="9806" producer="K2k" label="zqL2oqn5aBAjIsZ"
             recordNo="o41vevrSUs.1zIIxZdTkkgCN0iL" serialNumber="K1.huBi34Si1qeq_Z1" isPremiere="false"
             usage="broadcast" ISWC="kpRmxR20e" AKA="a72lP" genre="pop" broadcastedFrom="2019-01-16T11:21:16Z"
             broadcastedTo="2020-02-27T11:21:16Z" runtime="1083438153" origin="live broadcasting" alternativeTitle="ZiG3rMcx0inkxz7dOCsbW"
             recordedFootage="2093710871">
            <Participants>
                <Participant name="yt4YLx_1LCye2TqIRyPw_dWlf" role="scriptwriter" IPDN="I3" performance="main" grossFee="158616159.82"
                     modifier="C" IPI="HDC6Cp8zOPf0" birthDate="2019-07-04"/>
                <Participant name="DnApxZnfGEoDZA70JRw0zQ1" role="composer" IPDN="KCQEXZmoCC81NeZ0u9nYR.D1" performance="conductor"
                     grossFee="1424705779.67" modifier="B" IPI="v1AvGVTM9xYM9cRePT0xjLk1D" birthDate="2020-03-29"/>
                <Participant name="_i_owYDjvssdfdbZ" role="sound engineer" IPDN="kiJOm.-6GirbSmXPmNEqt" performance="supporting"
                     grossFee="144827783.56" modifier="B" IPI="H5C2Oq.Cu1Z7B4g" birthDate="2018-10-17Z"/>
                <Participant name="Rsf_XuFPx6ns" role="arranger" IPDN="Ik6F" performance="soloist" grossFee="587936173.59" modifier="C"
                     IPI="M5gY" birthDate="2018-11-16"/>
                <Participant name="h7PK1oUotc1IZVyb" role="sound engineer" IPDN="Ynnnb8CzWluBqsX6F_phZ" performance="main" grossFee="-950322048.66"
                     modifier="A" IPI="BBgpFMW5Tq0NfC7" birthDate="2020-05-02"/>
                <Participant name="ZljfzIkYHMPQotdb1B" role="music director" IPDN="vW0zrasKa2XKI44hR" performance="soloist" grossFee="1962899126.66"
                     modifier="B" IPI="iTni2g" birthDate="2019-10-09"/>
                <Participant name="_emjUl" role="composer" IPDN="PwKNLhYkwIE.kbau" performance="main" grossFee="2105030388.53" modifier="B"
                     IPI="R" birthDate="2019-11-27"/>
                <Participant name="rjd0FT8KNkRaZ6Ln" role="producer" IPDN="prTWQaZJ_.j3jnT" performance="conductor" grossFee="-1526754167.33"
                     modifier="B" IPI="mHlQakvb" birthDate="2020-01-20Z"/>
                <Participant name="TFMq7laTEGlnmxM" role="music director" IPDN="hxHxtxD1gl31KZDLRg0dTVeJf-" performance="main" grossFee="288888504.87"
                     modifier="B" IPI="KEe3NT27OW9gYtAG" birthDate="2019-04-01Z"/>
                <Participant name="y-7nYyGT-qKfa7IT48jnyjvZXAJ" role="sound engineer" IPDN="L.vu6gHczTd2XQJ4JoUY2v5zKw" performance="supporting"
                     grossFee="60334508.93" modifier="C" IPI="UfqALq8" birthDate="2018-10-27"/>
            </Participants>
        </Record>
        <Record title="fOQ._Pi5vUZ2" spins="1413107495" ISRC="4XO2N5T30J77" year="5406" producer="rIUZKIN1TUdMR96" label="cOduGdsF4"
             recordNo="LDM2H9.xl2BSkO099s" serialNumber="XUKmGoVCaR9.NN3ooFy7VASJ" isPremiere="true"
             usage="jingle" ISWC="nF_lb.a2WwIyr0" AKA="CMiFlnmB_Dwd.Lv_GI" genre="commercial" broadcastedFrom="2019-05-02T11:21:16"
             broadcastedTo="2020-04-26T11:21:16Z" runtime="1028683646" origin="free of charge" alternativeTitle="T3irFG"
             recordedFootage="1245686403">
            <Participants>
                <Participant name="T6IBygC5yh-" role="producer" IPDN="Me9eMAKlm" performance="chorus master" grossFee="-668965848.89"
                     modifier="A" IPI="ZgIa1JqisdaLHUYLq._v.yNQEm" birthDate="2020-02-22Z"/>
                <Participant name="LLiga0KsgJ5zuCQUcHZEOZU" role="remixer" IPDN="sJ4cTcYzho38AMiq" performance="chorus master" grossFee="-1197305404.01"
                     modifier="A" IPI="I4qEEGMgdA" birthDate="2019-05-12"/>
                <Participant name="nnAbz5UVGCG" role="music director" IPDN="vf7jV9wW5.4p2yhx-G5hQ8vH.waQvF" performance="chorus master"
                     grossFee="498234317.34" modifier="B" IPI="NmDqCOg1cuS4ZAWM8jG8h8" birthDate="2018-09-17"/>
                <Participant name="ar" role="subscriptwriter" IPDN="fcDERUKTy6HtMRoS" performance="conductor" grossFee="1298091548.99"
                     modifier="B" IPI="MfC" birthDate="2018-11-02"/>
                <Participant name="xZVWPYeB0JrulpxxpnBQ6Rm" role="remixer" IPDN="_npKTsYSKia8sCn-" performance="conductor" grossFee="-2035330412.41"
                     modifier="A" IPI="q" birthDate="2019-08-07Z"/>
                <Participant name="m71LbKNYOyCvFC-eNjOrzB" role="music director" IPDN="jyNUwhzHlECy" performance="supporting" grossFee="2034016502.39"
                     modifier="B" IPI="EJTp" birthDate="2018-10-21Z"/>
                <Participant name="tQ-81hsXaUe" role="sound engineer" IPDN="q.oOX" performance="soloist" grossFee="1083651989.79"
                     modifier="C" IPI="O" birthDate="2019-01-07"/>
                <Participant name="pQ" role="arranger" IPDN="Y" performance="soloist" grossFee="-1689351400.66" modifier="C" IPI="mWr0e4dtfvMGp"
                     birthDate="2020-01-03Z"/>
                <Participant name="MkRIqY4zCAKBh9RH0PL0mGGL" role="arranger" IPDN="u47MdWA_oBrQ" performance="main" grossFee="-473285487.89"
                     modifier="C" IPI="ELIwCx-kFtuGk5.OWuTRU" birthDate="2018-09-05"/>
                <Participant name="QFLgIxi.6-iv9lxKBVkAbWfRQxgbV" role="scriptwriter" IPDN="gx8pyVGmQAYidz" performance="chorus master"
                     grossFee="1991579684.92" modifier="A" IPI="papsn-YftlR1L2s1X2" birthDate="2019-01-12"/>
            </Participants>
        </Record>
        <Record title="KV" spins="115789178" ISRC="5A2LZ6HMS22Z" year="7574" producer="B8n4IGZegCWo9X" label="ny7w12mg8_elJuM9ik"
             recordNo="PIh-e8qCj" serialNumber="YkyyUu2_43v4v7" isPremiere="1" usage="jingle" ISWC="wwXLA89l"
             AKA="Mo.X_7Jp" genre="composed" broadcastedFrom="2020-01-24T11:21:16" broadcastedTo="2019-06-01T11:21:16Z"
             runtime="1350730399" origin="live broadcasting" alternativeTitle="JcThZmz2qWpxzqyyaF8lxgW5u3PDal"
             recordedFootage="388393580">
            <Participants>
                <Participant name="ZUwwwXui9kh" role="remixer" IPDN="hqMDXZvbVHWQaJO" performance="supporting" grossFee="624651110.36"
                     modifier="B" IPI="rY8ar5lsDV1QtBap2M" birthDate="2019-10-29"/>
                <Participant name="Xa" role="sound engineer" IPDN="lFnulMi2T_34" performance="supporting" grossFee="571117832.26"
                     modifier="B" IPI="Zj.1DeF0E8m0AthQEirFMpMO" birthDate="2019-11-19Z"/>
                <Participant name="Z.cf2RjaLyDBMtONSUU8" role="subscriptwriter" IPDN="BpC.Av_npv" performance="supporting" grossFee="652601777.81"
                     modifier="B" IPI="OXe4pyUqpoga-jc003" birthDate="2020-02-15Z"/>
                <Participant name="TCgCN-k8b_R4FbV8_98" role="producer" IPDN="VA3W7tocX61G.i-uyShX" performance="chorus master" grossFee="-929008779.84"
                     modifier="C" IPI="F6ILFTFF9" birthDate="2020-06-06"/>
                <Participant name="Ky9T.rEtIm9rB86TluuSy" role="subscriptwriter" IPDN="zbmLp6ZTEBxxCh3pXvtF-3Uv2ckF3" performance="soloist"
                     grossFee="560300168.95" modifier="B" IPI="valY-.3XBRtwB9" birthDate="2019-03-05"/>
                <Participant name="sLYxmF" role="composer" IPDN="yNOzyWX1rQHitE99" performance="supporting" grossFee="-634273745.33"
                     modifier="C" IPI="MeUNG-rA.BpvsWJrKKimDGfy" birthDate="2019-11-09"/>
                <Participant name="a3_zGfWFyFAj64nfzWGLim616ijXf" role="performer" IPDN="UNR8Hh" performance="soloist" grossFee="-357745599.61"
                     modifier="C" IPI="PbV6.JMakbKFDQaC" birthDate="2019-04-30"/>
                <Participant name="vdtxSEqtpCUbP" role="subscriptwriter" IPDN="jWCZniuStAGglg-7_" performance="soloist" grossFee="-1172321563.25"
                     modifier="C" IPI="PT7E.O97NNtiN" birthDate="2020-06-23Z"/>
                <Participant name="BJ2Fe_oK1XJ5" role="performer" IPDN="dDpv" performance="main" grossFee="-559653378.04" modifier="A"
                     IPI="irE" birthDate="2019-01-15Z"/>
                <Participant name="AxImZHt0VNXEu44dEx" role="producer" IPDN="sGxPi_lHK1tKsED4XVlf" performance="chorus master" grossFee="898106913.98"
                     modifier="C" IPI="U7mrWP0Fl" birthDate="2018-11-21Z"/>
            </Participants>
        </Record>
        <Record title="T0c6sUK2x2E-dHEZ8yorq3" spins="822187065" ISRC="QHT2UN7S9QQ1" year="5535" producer="b3Bpoocm"
             label="RpaCRZ" recordNo="KJhyHjyAMm8C" serialNumber="h1G4uwCabC2jV" isPremiere="0" usage="broadcast"
             ISWC="VnjHXpj_ixqRYMC" AKA="H6nfwFDxMt" genre="commercial" broadcastedFrom="2018-09-15T11:21:16"
             broadcastedTo="2020-03-18T11:21:16" runtime="340183052" origin="live broadcasting" alternativeTitle="tm9BKNiF8bAiz_s.CU2P"
             recordedFootage="1083059860">
            <Participants>
                <Participant name="yxDwp" role="music director" IPDN="I-P9JY4Pjba-Ma.bMuHMMI" performance="conductor" grossFee="885483043.28"
                     modifier="C" IPI="I" birthDate="2019-11-02"/>
                <Participant name="qaRUdR_gAuH.3QkNo8uUQX2hMvBRO" role="subscriptwriter" IPDN="_mG8" performance="conductor" grossFee="1255738041.34"
                     modifier="C" IPI="Q5cYFawv9F.neJKqtjA.0NnhM" birthDate="2019-02-14"/>
                <Participant name="TeUlmiyCO.gUPW_IXz" role="arranger" IPDN="yIoyn1" performance="soloist" grossFee="-581705228.12"
                     modifier="B" IPI="LowltMyuyq" birthDate="2018-07-08"/>
                <Participant name="TyVeu_n1gfycTV3Ko5jBxkJe" role="music director" IPDN="athUOdSo" performance="conductor" grossFee="1954837514.91"
                     modifier="A" IPI="i84dPhRzdrYCuN" birthDate="2019-09-13Z"/>
                <Participant name="EDNODX..AP2CyXUS8rB52qX" role="producer" IPDN="k2sDC4rpm2p5YVax6lbC6H" performance="chorus master"
                     grossFee="264834764.64" modifier="B" IPI="zp_VxP5tsQf63" birthDate="2018-07-20Z"/>
                <Participant name="RcH9ez.DqAF2uTejczFI7xCf" role="sound engineer" IPDN="H6D37rSFjuiVSf800hXgs5a5bWZDz" performance="conductor"
                     grossFee="-2076682937.42" modifier="B" IPI="RNZbDH9lNvuRraN" birthDate="2019-10-16Z"/>
                <Participant name="pw37m4y" role="music director" IPDN="Ijq3ZyeB" performance="chorus master" grossFee="-1654930078.43"
                     modifier="C" IPI="_gYt" birthDate="2019-10-11Z"/>
                <Participant name="l4kkjxHG124" role="music director" IPDN="UX3xPtSkCRefNhQBvrFFQNNyqSz." performance="conductor"
                     grossFee="-1805159748.55" modifier="B" IPI="exbdcnlQIDo5OZdHC" birthDate="2018-08-16"/>
                <Participant name="XUO3VPAniQP" role="performer" IPDN="MzBiTzwfUuAJWrSlVIB_iPl.CT1" performance="conductor" grossFee="-1887909744.08"
                     modifier="C" IPI="M2DsB79yA1fha78HiUTlCdH8_QEFmI" birthDate="2018-08-07"/>
                <Participant name="n8kwf027tW" role="music director" IPDN="odBtihCCA_gUKHgFMQPW1" performance="soloist" grossFee="842014329.85"
                     modifier="B" IPI="AL" birthDate="2018-10-27Z"/>
            </Participants>
        </Record>
    </Record>
    <Record title="Gq-l4z" spins="1341800025" ISRC="JVP1FN181PVV" year="1516" producer="k0ucu-VbcOtsj" label="WM_C4X1-EZhq8nk7GW"
         recordNo="N9fMpA15" serialNumber="FSjuNlZ9vR6q" isPremiere="true" usage="commercial" ISWC="sURKZs4BzfroGDI"
         AKA="se53ZY-ZBgYoinP.kiX9TvUo" genre="jingle" broadcastedFrom="2020-06-03T11:21:16Z" broadcastedTo="2018-07-09T11:21:16"
         runtime="1690533661" origin="live broadcasting" alternativeTitle="eaK0L5GVO2NTs8rE" recordedFootage="1348589472">
        <Participants>
            <Participant name="iyhSH" role="producer" IPDN="th18CR0fl" performance="soloist" grossFee="560327549.49" modifier="A"
                 IPI="PSTaXQFjhZ" birthDate="2020-05-06"/>
            <Participant name="SAHs6CXXJ763FVaock" role="remixer" IPDN="YEraBU" performance="conductor" grossFee="1066670642.07"
                 modifier="C" IPI="iYe7" birthDate="2019-10-26Z"/>
            <Participant name="duM_8xtAOFR7ih7mU" role="subscriptwriter" IPDN="N2z9O31C" performance="supporting" grossFee="-651753216.19"
                 modifier="B" IPI="ou7oaawU" birthDate="2020-05-07Z"/>
            <Participant name="q6_" role="producer" IPDN="Pnrs1Es1w8evd1q.vJAbIlsf1Hy0E" performance="conductor" grossFee="-801748848.20"
                 modifier="A" IPI="jgHfz5UoYsjZtHX.BI" birthDate="2020-06-13"/>
            <Participant name="vPMQJAT_rkK.rmC" role="music director" IPDN="LQRAIMJykqprs3cV" performance="soloist" grossFee="-1622829442.90"
                 modifier="B" IPI="XOV" birthDate="2020-05-08Z"/>
            <Participant name="T" role="arranger" IPDN="uOiDr" performance="supporting" grossFee="-588730122.88" modifier="B"
                 IPI="U0GYN4kjnZ2JzvQejqcmsg3B.uxq_G" birthDate="2019-06-23"/>
            <Participant name="OaQviwY4UfW08EWFgvk" role="composer" IPDN="ASP" performance="main" grossFee="-1564102169.03" modifier="C"
                 IPI="wcQs0eh3KKEe" birthDate="2019-10-12"/>
            <Participant name="ZYP1XUv" role="scriptwriter" IPDN="h_" performance="soloist" grossFee="-1296155440.26" modifier="B"
                 IPI="ERQgYoW" birthDate="2019-11-05Z"/>
            <Participant name="F" role="performer" IPDN="o8wq75mYDZ976S4" performance="supporting" grossFee="2134331713.00" modifier="C"
                 IPI="D-l-" birthDate="2019-10-01Z"/>
            <Participant name="rQ" role="subscriptwriter" IPDN="eepDb-V3yj1CAhlIMwgM0aSb" performance="supporting" grossFee="287726320.50"
                 modifier="B" IPI="cDswH" birthDate="2020-05-11"/>
        </Participants>
        <Record title="qYBAc4fuyr2CSBMJEuLkrSo.J" spins="216453739" ISRC="EJ4D14V7I7N0" year="1997" producer="PtM" label="saNbUXCD"
             recordNo="w7lE87BVGRn4UbPlw3UaCjAHNlf8_" serialNumber="s87iEqQsP2f_OSDZJUnrqYu5Euyn5P" isPremiere="0"
             usage="broadcast" ISWC="U0f24dUbycGZUlfSb7hs-" AKA="rA_llNp9jX-VIAXnkcqHQ42" genre="jingle"
             broadcastedFrom="2019-08-29T11:21:16" broadcastedTo="2018-11-11T11:21:16Z" runtime="1664099591"
             origin="free of charge" alternativeTitle="gga9spqvIQuGPa0PBjR7L.faA0lX2l" recordedFootage="1848953414">
            <Participants>
                <Participant name="cjyJov9w0sk_Pa4wAJjR2A27Dt1Vm" role="sound engineer" IPDN="Pcy_XftDy" performance="soloist" grossFee="-862956171.41"
                     modifier="B" IPI="h7juQ5m" birthDate="2019-10-08Z"/>
                <Participant name="tMWtkmqcmU1" role="composer" IPDN="p9.HHZrUjCvnut" performance="main" grossFee="-1659975818.86"
                     modifier="B" IPI="yCIkErsMPiq_" birthDate="2019-01-27Z"/>
                <Participant name="DD0.1Uz-oawaEBeK7HE.Rke" role="scriptwriter" IPDN="dl_R8n81qibUmi1-ZPDTo" performance="soloist"
                     grossFee="359500802.12" modifier="A" IPI="DRxUzn4" birthDate="2019-02-12"/>
                <Participant name="MPZ68AC1dZ" role="scriptwriter" IPDN="SqERr0L_Y" performance="supporting" grossFee="-524027980.88"
                     modifier="B" IPI="KyShIfvL34aGcv.t9sgmP" birthDate="2020-06-20"/>
                <Participant name="H" role="performer" IPDN="isi1vaRYBz1" performance="supporting" grossFee="745279680.23" modifier="C"
                     IPI="wkzPVN-tDh8pOXy5MeGe" birthDate="2018-11-19"/>
                <Participant name="TiZMSgI" role="sound engineer" IPDN="EzGj8tfH8WHOAvu" performance="soloist" grossFee="489901824.51"
                     modifier="C" IPI="prR3_cctm" birthDate="2019-11-11Z"/>
                <Participant name="pHh" role="subscriptwriter" IPDN="pNB1mabWIfEmsBHn2k8F5dL7fGb" performance="main" grossFee="567928300.07"
                     modifier="A" IPI="sO" birthDate="2020-06-13"/>
                <Participant name="GtfL8fs3d5GJB79pIYonYm9AEOB" role="sound engineer" IPDN="Ub0o-wOa7rnpPI." performance="soloist"
                     grossFee="-442828451.81" modifier="A" IPI="VYZbY7ULfBLOJa" birthDate="2020-02-07Z"/>
                <Participant name="nUkCy" role="subscriptwriter" IPDN="aAuqlwbPl_CnGJ" performance="chorus master" grossFee="1737219570.15"
                     modifier="C" IPI="Xdgbd" birthDate="2019-01-17Z"/>
                <Participant name="SgQNt7SeA-xFRSpOGIqB7LYe.g" role="performer" IPDN="xEVF1pPSR6XWbw" performance="supporting" grossFee="-2008777973.28"
                     modifier="B" IPI="ba" birthDate="2020-01-11Z"/>
            </Participants>
        </Record>
        <Record title="lEVZ.fwde-P0AZ7RiBdcgT" spins="773249063" ISRC="Z5JQ008JJ31L" year="3693" producer="S17smXIy2z0GLKpjVti_8ut-"
             label="h85llXF" recordNo="xNxzjfVwo4Us.e" serialNumber="VJJh" isPremiere="true" usage="jingle"
             ISWC="QpbDxZpwP05saToHF1" AKA="sKdAG" genre="jingle" broadcastedFrom="2018-12-04T11:21:16"
             broadcastedTo="2019-02-26T11:21:16" runtime="1071835023" origin="live stream" alternativeTitle="QXEAeFckoJ7ECJggygf2VbB2ZfyK"
             recordedFootage="70574956">
            <Participants>
                <Participant name="AIz" role="arranger" IPDN="x0KplIe_N5B" performance="supporting" grossFee="285683257.75" modifier="C"
                     IPI="RRAIcF7" birthDate="2020-01-17"/>
                <Participant name="SDatL38" role="producer" IPDN="EgeBfRsa98oFK0" performance="supporting" grossFee="-512394065.82"
                     modifier="A" IPI="BkKY" birthDate="2018-12-05Z"/>
                <Participant name="Yy0" role="sound engineer" IPDN="scw6gfIoXlrQ" performance="chorus master" grossFee="1390871148.26"
                     modifier="B" IPI="RVFf2-TNjS" birthDate="2019-01-17"/>
                <Participant name="ilczOwh4" role="producer" IPDN="MGX" performance="chorus master" grossFee="-1356739582.25" modifier="C"
                     IPI="dUN1pxkwt-_NNdP" birthDate="2020-02-16Z"/>
                <Participant name="ibNMtZna2bVuQuFcIG8a-i" role="music director" IPDN="J_NDjpwzFheOdEYW0C9rerM" performance="conductor"
                     grossFee="-1117337289.18" modifier="B" IPI="TEIwoqsyLzKzbzr5n6" birthDate="2019-05-21Z"/>
                <Participant name="QXs.37aGhW3Wqg" role="music director" IPDN="NQV8frB3IbMOqN8wZA5nzKdo" performance="main" grossFee="-810167446.67"
                     modifier="A" IPI="gmAr" birthDate="2018-10-24"/>
                <Participant name="Rcy0vs9rq6nFPb1ZoFzRYSdY9" role="music director" IPDN="ov8D6pJ7QTFtPiQkFzRwSE0YSge0j" performance="main"
                     grossFee="-1641520819.50" modifier="A" IPI="WfWoV5fGcNornZxbkyqMdV-eUC" birthDate="2019-11-27Z"/>
                <Participant name="sMA16agMM4Dnafg76H" role="arranger" IPDN="GU4seAmqay" performance="conductor" grossFee="1836877329.97"
                     modifier="A" IPI="L0j3-cIMlAan9Rd1_LrOmqMS3vk" birthDate="2018-11-01Z"/>
                <Participant name="N6khwH..zdgrm-" role="arranger" IPDN="R24w4mVdTCo" performance="soloist" grossFee="-937957035.48"
                     modifier="C" IPI="Be-3oIqiX" birthDate="2019-05-07"/>
                <Participant name="LCQbOJS4vW-Wl" role="performer" IPDN="ohOWVP6Mjbn8qlWLhFo1mOhMXV" performance="main" grossFee="1142550811.74"
                     modifier="C" IPI="uG1upGA" birthDate="2020-06-29Z"/>
            </Participants>
        </Record>
        <Record title="D" spins="299342608" ISRC="5J30819M46CV" year="8033" producer="jWBj-" label="UxRV3cQ8hmwekSPG"
             recordNo="ynE.MFoe1iXICRJGie8uIbKtX7Gstp" serialNumber="BtovO5bUi1TLFuJSYu-79M7" isPremiere="0"
             usage="jingle" ISWC="ywkCaUEIgWMbnmbGx4PcP" AKA="LI" genre="jingle" broadcastedFrom="2019-07-30T11:21:16"
             broadcastedTo="2020-02-08T11:21:16Z" runtime="1378347041" origin="report" alternativeTitle="Fdrg8tD8TCy5HSxjCZeTXPeoA4lknD"
             recordedFootage="2043849385">
            <Participants>
                <Participant name="OyVJpVt" role="remixer" IPDN="ZV" performance="conductor" grossFee="-717697760.51" modifier="B"
                     IPI="DAQeaMuEqWd0dZsZ" birthDate="2019-05-02"/>
                <Participant name="y." role="subscriptwriter" IPDN="__gIybsl474" performance="chorus master" grossFee="-1702796130.51"
                     modifier="C" IPI="wuRc0sJLEG8UWrHb-fkvHzz2jqObAR" birthDate="2018-08-13"/>
                <Participant name="WMdN" role="producer" IPDN="WsZBohRMELrFTJiDpzcizEk3" performance="main" grossFee="964738243.26"
                     modifier="B" IPI="fqwxbw4fQV" birthDate="2018-10-09"/>
                <Participant name="Z" role="producer" IPDN="yko" performance="main" grossFee="1838427689.43" modifier="C" IPI="mcbg17Bl4.H7TBSuOtFeqAoj"
                     birthDate="2020-06-28"/>
                <Participant name="hdLwj5OnirSUziHsIp" role="producer" IPDN="okZTchPxsg5WyI0" performance="chorus master" grossFee="-1455423975.32"
                     modifier="A" IPI="uldmmQsejab.Uqe2Yy5M.ac8br" birthDate="2019-12-20Z"/>
                <Participant name="H9tP9WIt5BC_" role="sound engineer" IPDN="uVT4jJ-OfV0ZYbUYuO" performance="supporting" grossFee="-84227583.31"
                     modifier="C" IPI="_y6XpvjyCK85PNVkhG" birthDate="2020-06-20Z"/>
                <Participant name="_NF7Nvl34yynp" role="scriptwriter" IPDN="BAiEv_mukO5WIz_yjR1S__" performance="chorus master" grossFee="601365780.05"
                     modifier="B" IPI="pgky_ag59-XC5gUoBbqy1xzb." birthDate="2019-05-28Z"/>
                <Participant name="Rhrf1_LHSGiNkNxspHkof0" role="remixer" IPDN="RvMS4W-gv4zEv" performance="soloist" grossFee="-974208066.60"
                     modifier="C" IPI="WXXUt0BBQBdusrld2" birthDate="2019-10-12"/>
                <Participant name="X" role="producer" IPDN="A" performance="main" grossFee="1452400452.20" modifier="A" IPI="a2gVDTUh0hrvO3U4OwOtQ59GuID"
                     birthDate="2020-01-11Z"/>
                <Participant name="mS48XEDUPrO26El" role="sound engineer" IPDN="a5tierFPsi6K" performance="chorus master" grossFee="2097615261.85"
                     modifier="A" IPI="FPv0kiRfmHz1O" birthDate="2018-09-03Z"/>
            </Participants>
        </Record>
        <Record title="X0pMW8-zLkS69E8C1" spins="1595497252" ISRC="FYX19VHM93A1" year="9641" producer="B2mMmhX7679ag"
             label="kItl2ZwPLs-DPJ.M.7cYXp" recordNo="AOB-WKuGuDnaCZ" serialNumber="PEJGh85z" isPremiere="true"
             usage="commercial" ISWC="P53kVY574" AKA="gRfKcDiSjIj-iE5emWJR" genre="spoken word" broadcastedFrom="2020-06-01T11:21:16"
             broadcastedTo="2019-08-24T11:21:16" runtime="829503345" origin="commerce" alternativeTitle="w"
             recordedFootage="60744407">
            <Participants>
                <Participant name="p1-CIX_OTvR-FS-KN9cWOi" role="producer" IPDN="m.kXvv7LmpA0uM" performance="supporting" grossFee="-2089713486.61"
                     modifier="C" IPI="U.4UIVZ8zf" birthDate="2020-06-12"/>
                <Participant name="bcQ1yCcAa.psfdfrWalKA4" role="arranger" IPDN="F-dJKnPAsu1" performance="soloist" grossFee="-1280221122.59"
                     modifier="A" IPI="CxkMzt0C" birthDate="2019-12-01"/>
                <Participant name="K-EuKG4AEGK9onrBFm" role="scriptwriter" IPDN="AZmTE6odYITRhkHu" performance="conductor" grossFee="-527927444.93"
                     modifier="C" IPI="pQFGpNfQX" birthDate="2019-12-22"/>
                <Participant name="k6xQje0r6iHQ5pL" role="scriptwriter" IPDN="DIWz_5__TNgRsRbMf1QE3-Tr" performance="chorus master"
                     grossFee="-1667217130.25" modifier="C" IPI="fHS.yOdDu" birthDate="2019-08-13"/>
                <Participant name="E_65tMHj-9zAjj.7qaL" role="sound engineer" IPDN="IHof4Eg-KaQVsAV_D2Nj" performance="conductor"
                     grossFee="-1087188874.31" modifier="B" IPI="sLKuOgBth7ObQkSFZ6tjkThEZe" birthDate="2019-01-08Z"/>
                <Participant name="Oy1D" role="producer" IPDN="X-BIhOcJjvpMwKsLwi" performance="main" grossFee="-650323324.18" modifier="B"
                     IPI="ric_sfjG4uRsZxis4YGt-b" birthDate="2019-04-21"/>
                <Participant name="fDV_WMGvcj6ch3yZRlCcC6s" role="producer" IPDN="oN4asvmF" performance="main" grossFee="1259573717.17"
                     modifier="B" IPI="d" birthDate="2019-12-19"/>
                <Participant name="PWoJxCWkc9k3nNn4kqVLTkUU" role="scriptwriter" IPDN="rnRIaXsT9S0i02v01lNcdkog" performance="supporting"
                     grossFee="-17626373.71" modifier="A" IPI="pSp1usgSkOcezy5HrcEKVcgW" birthDate="2018-12-24Z"/>
                <Participant name="v0c772" role="music director" IPDN="u3VWQWhm7v3noxqQPbgd0zAvUz4qe" performance="soloist" grossFee="1026846782.20"
                     modifier="A" IPI="CknfwK0ySEfPQJ3h18PAfM8" birthDate="2019-11-25"/>
                <Participant name="gXH" role="composer" IPDN="Dh5ne" performance="supporting" grossFee="1139441125.63" modifier="B"
                     IPI="Ff1YWnS1SF_8nDqN2Rd9Ga9SrQT" birthDate="2019-12-06"/>
            </Participants>
        </Record>
        <Record title="YrHltrtTcw9EA72.xM.haEbBB6a" spins="1620399140" ISRC="KKQ2IZW220T6" year="3488" producer="VC"
             label="n" recordNo="qIGLu2GfPJoe8" serialNumber="zBkAfoDpW1" isPremiere="false" usage="broadcast"
             ISWC="sZ1X9FfKCkBWYmzLP58OQ" AKA="KvM8m" genre="commercial" broadcastedFrom="2019-08-15T11:21:16"
             broadcastedTo="2019-06-29T11:21:16" runtime="1847289823" origin="free of charge" alternativeTitle="v3"
             recordedFootage="1519915804">
            <Participants>
                <Participant name="n6673Mn9B9aGlF2T2hu7G" role="composer" IPDN="v9sCuKdvS" performance="main" grossFee="1961273614.52"
                     modifier="A" IPI="DlWkAxDYncb" birthDate="2019-06-22Z"/>
                <Participant name="GzWTO" role="composer" IPDN="uBGk4MsW19zK90fR_w" performance="supporting" grossFee="-574934389.65"
                     modifier="A" IPI="h" birthDate="2020-06-01Z"/>
                <Participant name="w..nIaWEHYoETrwzhqMom-0tjwNu" role="composer" IPDN="Kork9wh2ygPV" performance="supporting" grossFee="1949371081.81"
                     modifier="A" IPI="Lwsq_EvkNNGHgMDbwcvH" birthDate="2018-08-17Z"/>
                <Participant name="JjZoLpwKv1h0C" role="composer" IPDN="J82j8ropMh8feZxsYsfaw7spZ" performance="supporting" grossFee="1073926688.22"
                     modifier="A" IPI="wd5SbAbCntEEu.E" birthDate="2019-06-30Z"/>
                <Participant name="UVAIQ.KFzdZq4f6Gs19j-nu33On4" role="sound engineer" IPDN="eB5Yj1e54r0p-IfNcpbK" performance="soloist"
                     grossFee="-581656474.26" modifier="C" IPI="o68VGfDv4Zgp2fdMlmMdOwGkN" birthDate="2019-02-22Z"/>
                <Participant name="j1ps5YgUwPadOkpNq95N" role="remixer" IPDN="l5zwy" performance="soloist" grossFee="1854745300.87"
                     modifier="A" IPI="rt54RD" birthDate="2019-03-25Z"/>
                <Participant name="cXD2MKYf" role="scriptwriter" IPDN="bdCyjALXp7M" performance="chorus master" grossFee="-1149079658.66"
                     modifier="A" IPI="jFctBHyxT.Mvsyz92VHe6tAA" birthDate="2019-09-28"/>
                <Participant name="ZCeyTqJd5_bc8AOt" role="scriptwriter" IPDN="NX8sC2MO1gpBZ-4zCyajDqlRVKBRMR" performance="supporting"
                     grossFee="385774088.83" modifier="B" IPI="vzMcqSJxvSmJ" birthDate="2018-12-14Z"/>
                <Participant name="uTTytI_Zq0rynTvGVhs" role="subscriptwriter" IPDN="wV8TuvKRb_w8KZPvv3PmA9yX_" performance="soloist"
                     grossFee="1764505577.97" modifier="B" IPI="NGa3Ytx41" birthDate="2019-03-21Z"/>
                <Participant name="gSD1l8L" role="remixer" IPDN="F-hbJPN" performance="main" grossFee="1006915519.36" modifier="B"
                     IPI="M3SRWR-kWlrrMAVxb" birthDate="2019-11-20"/>
            </Participants>
        </Record>
        <Record title="r9f_o4wIORPkiXSy_BdO-FQLLuSpFn" spins="453508828" ISRC="489K995J48Q7" year="8080" producer="dQY2"
             label="fNW.kwm_prmP2ASgQWYpJ9Yg8QE-C" recordNo="o9PEONZYt" serialNumber="yvf4VU8wF93hZh4"
             isPremiere="1" usage="jingle" ISWC="Rr8jo1OH85qj1q8PfgUe-vWVQQ6eET" AKA="L74thjeCNOZGa8W"
             genre="commercial" broadcastedFrom="2019-08-01T11:21:16" broadcastedTo="2019-04-14T11:21:16Z"
             runtime="108085234" origin="live broadcasting" alternativeTitle="z" recordedFootage="2069512902">
            <Participants>
                <Participant name="vIwnH01DgGvp7Yu-c7dDfrR" role="performer" IPDN="WmTYzf78oc" performance="supporting" grossFee="1748157347.06"
                     modifier="B" IPI="D" birthDate="2018-10-31Z"/>
                <Participant name="XMpzlUvl5orAJJlJA5EY5JJWrv" role="composer" IPDN="MuK.W_H8KkmryMa6nnHkiRuxmwdJ" performance="chorus master"
                     grossFee="-831149657.88" modifier="A" IPI="CBczoppRXayITty53" birthDate="2019-03-04"/>
                <Participant name="Kom9b-X7B4wRX7ex7Wn9tc4oVB" role="performer" IPDN="ZZb9" performance="conductor" grossFee="678185406.29"
                     modifier="C" IPI="cBKVVsx" birthDate="2018-12-17"/>
                <Participant name="IBH4dv" role="music director" IPDN="pwX" performance="soloist" grossFee="1347007226.48" modifier="A"
                     IPI="ub_3_L.L.3qy0NFWPwAa4a6df3U" birthDate="2019-01-24"/>
                <Participant name="AAck82718btVfubkhfX" role="sound engineer" IPDN="PC0" performance="conductor" grossFee="651015784.52"
                     modifier="C" IPI="CCdzKO46eiOksr4gnH7EFCD.XjHAfk" birthDate="2018-10-19"/>
                <Participant name="gd6cmxW" role="performer" IPDN="qru3mjIiRGR" performance="soloist" grossFee="22170806.04" modifier="A"
                     IPI="dK3igJf" birthDate="2020-02-22"/>
                <Participant name="leZnnSss" role="performer" IPDN="PyL1pKW4tFzyWiRLF72aCGzcG" performance="conductor" grossFee="-48605590.11"
                     modifier="A" IPI="R6A" birthDate="2018-08-26"/>
                <Participant name="Oza43OgA2xEmFG" role="producer" IPDN="Rl7XIxW1dgQAE" performance="chorus master" grossFee="1378922941.77"
                     modifier="C" IPI="tci4zzfTEjA97INF" birthDate="2019-04-07"/>
                <Participant name="lbSXMsVmG8h0oyD77LqKYBVh3r" role="sound engineer" IPDN="d" performance="main" grossFee="1658354656.61"
                     modifier="B" IPI="uuqrRj6rQge-IDrdS02E" birthDate="2018-11-05Z"/>
                <Participant name="JQG62D.oNAoISaXkIN.AFb" role="producer" IPDN="dqvx" performance="conductor" grossFee="1327132969.12"
                     modifier="C" IPI="rU_nCV89Wjt6GFIV6zhVdJtNWLKB" birthDate="2019-04-12"/>
            </Participants>
        </Record>
        <Record title="nKCBaewCsMqZqL_H" spins="391614530" ISRC="6B07CW850LNH" year="4079" producer="tfxzTp" label="qrWwXftzjBO"
             recordNo="oF7LlHsg3gKxjP6kt_OTdaKb9EbLeM" serialNumber="GBIZ" isPremiere="0" usage="commercial"
             ISWC="bbmO6NW3dNo6nE4o03_BlA57" AKA="CSWLj0RAmpj-xUlPsXza6" genre="spoken word" broadcastedFrom="2018-10-17T11:21:16"
             broadcastedTo="2020-05-04T11:21:16" runtime="991217449" origin="recorded stream" alternativeTitle="afQcOK"
             recordedFootage="1427186709">
            <Participants>
                <Participant name="bxx0" role="subscriptwriter" IPDN="FdnVHkBGPEV" performance="chorus master" grossFee="-793495867.64"
                     modifier="C" IPI="Oc8psy_xRI46bFraUSaTODOBqaWBsx" birthDate="2019-05-10Z"/>
                <Participant name="xBH-HDVsjcdvXaVsTw0yy6NHEK" role="subscriptwriter" IPDN="pJyo0BkReE.9fi0omdGtc39WgY1k3x" performance="conductor"
                     grossFee="1141616854.18" modifier="C" IPI="tcxcmPEHY-G_JL" birthDate="2018-12-04"/>
                <Participant name="b" role="producer" IPDN="qEqiLRxKBzA2KlDTUVbJlB8N" performance="soloist" grossFee="-1772008805.40"
                     modifier="B" IPI="bU7" birthDate="2018-07-31Z"/>
                <Participant name="Z2" role="scriptwriter" IPDN="V5vglgA3GUSB78kQniNLMF." performance="chorus master" grossFee="453324644.78"
                     modifier="C" IPI="_FUW2bU5XZZkNKgMN6pSa9rcs" birthDate="2019-02-08Z"/>
                <Participant name="QXRA00JZZzczYU" role="scriptwriter" IPDN="g3PvNalLOxPqjcuc9TvWG9hrH-ltl" performance="soloist"
                     grossFee="340846380.66" modifier="B" IPI="JdHu0o" birthDate="2018-09-15Z"/>
                <Participant name="OG4t3lQjJf" role="music director" IPDN="xvw-DNHvZQ_gvKgXpFOLODh" performance="conductor" grossFee="1146261996.49"
                     modifier="A" IPI="pZZ.VtFMZCJv-NmKZ1Ij0TTk" birthDate="2018-10-08Z"/>
                <Participant name="EXOtzIDBHt" role="scriptwriter" IPDN="bXhhcn" performance="soloist" grossFee="147027293.08" modifier="A"
                     IPI="YR-vpD95.G" birthDate="2018-12-31"/>
                <Participant name="KPxL8G" role="remixer" IPDN="fr0TGWG2BPf8kq4NLSuVH3" performance="supporting" grossFee="-103936825.69"
                     modifier="A" IPI="htx800OSYK_UFP67Ee5wIB6" birthDate="2019-06-10"/>
                <Participant name="fANq" role="music director" IPDN="ROP" performance="chorus master" grossFee="-1216800321.37" modifier="B"
                     IPI="wPda-COplVk" birthDate="2019-01-28"/>
                <Participant name="wA51atDD291moU0vXzwR" role="scriptwriter" IPDN="FipCI" performance="chorus master" grossFee="746286022.67"
                     modifier="B" IPI="q7B_DSTn6nPVkCiACDpK-Zk.2bG3HR" birthDate="2019-06-07Z"/>
            </Participants>
        </Record>
        <Record title="m1cKEl0P" spins="193701753" ISRC="53HM98L5CFH0" year="6491" producer="O825r" label="HpoAxIAkl-2bKqTNQpjm1x"
             recordNo="JdwSq" serialNumber="XP8CSREIb8." isPremiere="0" usage="broadcast" ISWC="xX" AKA="VSzkoI_aSTj1dpMq7"
             genre="classical" broadcastedFrom="2019-06-19T11:21:16" broadcastedTo="2019-10-30T11:21:16Z"
             runtime="1013550823" origin="live stream" alternativeTitle="_UaJhph6uJAWq" recordedFootage="899463179">
            <Participants>
                <Participant name="c" role="performer" IPDN="oQU1bebFvfHUW.-twyq_sNod14GH" performance="main" grossFee="1175602134.40"
                     modifier="C" IPI="xGls0YiFf6e1FfX.SAz2Jcng5okCHq" birthDate="2019-07-01Z"/>
                <Participant name="LeEb3" role="scriptwriter" IPDN="pEIe-henAtEi5f45Gijct" performance="soloist" grossFee="815705285.03"
                     modifier="C" IPI="i.G77uNpkqfaz44" birthDate="2018-09-25"/>
                <Participant name="oSk2K5IVjizMesggf0GYTaKiBzyM" role="music director" IPDN="i-yjP0LAyJVotkaSzPQMaNXK32" performance="soloist"
                     grossFee="908359360.82" modifier="B" IPI="KUGuVF1iPg.jgy9iDb7WE" birthDate="2018-12-10Z"/>
                <Participant name="zq" role="scriptwriter" IPDN="Pi__Z91OoiwSnmXKl_W11eT" performance="chorus master" grossFee="164635149.95"
                     modifier="A" IPI="ptqR9uFOLAb4c_sseFXN5SC" birthDate="2019-07-07"/>
                <Participant name="jl" role="music director" IPDN="Nk5oJF.U-3o13EmqNm1S4VHsvVJB" performance="main" grossFee="1815008076.12"
                     modifier="B" IPI="T6" birthDate="2020-05-10"/>
                <Participant name="vQwE7_ilyXZgGrXYo3T" role="producer" IPDN="R8-.fPRzSkb" performance="main" grossFee="-853439377.97"
                     modifier="A" IPI="XO4NZS9gEUyKu" birthDate="2019-08-06Z"/>
                <Participant name="iGQuSoN4-mBteepbGvq_BCnc" role="performer" IPDN="uyd" performance="soloist" grossFee="-1054093633.30"
                     modifier="A" IPI="oZ8uKLMT9Jw.IhqB04" birthDate="2019-02-17Z"/>
                <Participant name="PAj" role="arranger" IPDN="GKXlE6SRMTUU2BeMxA_Wi." performance="supporting" grossFee="2125641206.60"
                     modifier="B" IPI="Q13" birthDate="2018-12-28"/>
                <Participant name="DFX5FuS9j81mkvtlDb" role="subscriptwriter" IPDN="rvOyz1YZx7FJGbgxtDe" performance="supporting"
                     grossFee="-2106360484.10" modifier="B" IPI="h6X" birthDate="2019-03-12"/>
                <Participant name="FLR.x" role="producer" IPDN="AroMC" performance="soloist" grossFee="-1305249367.23" modifier="B"
                     IPI="fAHpsIN_JEdGMIzsgNM-Dkdv2eYz" birthDate="2018-08-20"/>
            </Participants>
        </Record>
        <Record title="GX9_x" spins="292448150" ISRC="XAE2O9J37RE1" year="5609" producer="td8y" label="Vx_19n" recordNo="ZKOVIoIIA-"
             serialNumber="va8gAv9i" isPremiere="0" usage="broadcast" ISWC="xQ1" AKA="luiShjktMAf" genre="composed"
             broadcastedFrom="2019-02-05T11:21:16Z" broadcastedTo="2019-02-28T11:21:16Z" runtime="49624829"
             origin="live broadcasting" alternativeTitle="CA30zWMIk8oGIC" recordedFootage="461843974">
            <Participants>
                <Participant name="SURbBP34Yj-QxDS.28TPxY9" role="performer" IPDN="X2eSrdbGLOmI6RiVsrx" performance="chorus master"
                     grossFee="-2109530438.28" modifier="B" IPI="psLPBpRfrO6dTVLg2rt8qw2nQshKk" birthDate="2019-10-27Z"/>
                <Participant name="_KCS815nCh2lwQMMYeZLK_l5i" role="producer" IPDN="YeH-e9EsMOJ5A" performance="supporting" grossFee="-753538170.56"
                     modifier="C" IPI="gO2xAb" birthDate="2019-04-07Z"/>
                <Participant name="onaYict" role="scriptwriter" IPDN="CeFyw0dftAIoKjiLi4wA3EK" performance="soloist" grossFee="-1638687978.59"
                     modifier="B" IPI="O7XDNg0ZT" birthDate="2019-09-21"/>
                <Participant name="ms1Q7SjAIabp87FHd4G3Q-1Kr-" role="arranger" IPDN="ARuLTtiSmaaDA" performance="chorus master" grossFee="-25139948.68"
                     modifier="C" IPI="YeQY3geFQ2.jv8D" birthDate="2019-02-21Z"/>
                <Participant name="TX-aCNe91" role="producer" IPDN="sx1ODinkQJ8tI8Hk1" performance="chorus master" grossFee="506545789.44"
                     modifier="C" IPI="HGs5" birthDate="2020-05-01"/>
                <Participant name="Jr2gwZr" role="music director" IPDN="KJD_2" performance="chorus master" grossFee="-1799470613.52"
                     modifier="B" IPI="D" birthDate="2018-10-02Z"/>
                <Participant name="CF8SGGpm3JgQ.9iB" role="sound engineer" IPDN="R3Lkh" performance="chorus master" grossFee="1967791573.55"
                     modifier="A" IPI="ndjYDb" birthDate="2019-03-12Z"/>
                <Participant name="KKpGho1UMuGGn5rYTGvXo" role="remixer" IPDN="cizrUT9XmQ3Yr2-SxpesHdril-rX" performance="chorus master"
                     grossFee="2127304180.06" modifier="C" IPI="ViGWub0uCEX" birthDate="2020-04-05Z"/>
                <Participant name="ooGlpJ9xWt_FysgL.0Qy5KphR7KdM" role="arranger" IPDN="XBHw1wD7Z7N0tssKiSOnpajuH8.R" performance="conductor"
                     grossFee="1921280122.04" modifier="B" IPI="JV_aObZl8XyuYJ" birthDate="2019-09-30Z"/>
                <Participant name="JAKEzKsC-lup8ENlwUK1ZV_9R" role="music director" IPDN="S58JhvCeLVpizd09eauqUYlJMxJk" performance="conductor"
                     grossFee="1531068034.15" modifier="A" IPI="YMt8.n5QXIosI_lF1." birthDate="2019-09-04"/>
            </Participants>
        </Record>
        <Record title="Rdiv1W0UhPa_Bi.L" spins="1343445061" ISRC="9HWU1P796JDV" year="2204" producer="FspuR" label="I3W8x-eLJYjpkv_BtXltrL1"
             recordNo="ggLdurXksEN-" serialNumber="L-" isPremiere="1" usage="jingle" ISWC="TDSSfeYBOOZ-KrkM5ameqRe"
             AKA="LE.j9axoDrPM1cjcy0RlZC" genre="composed" broadcastedFrom="2019-12-18T11:21:16" broadcastedTo="2020-05-18T11:21:16"
             runtime="1018213217" origin="recorded stream" alternativeTitle="bOUxFyEp7l" recordedFootage="865626180">
            <Participants>
                <Participant name="Q2fez3I.ZDv" role="sound engineer" IPDN="Gji_6uwVX" performance="supporting" grossFee="494503658.04"
                     modifier="B" IPI="D9Sg7mRTkHYTSXpM" birthDate="2019-09-18"/>
                <Participant name="SupODk3CfwRu9J3tOJ3f-1" role="composer" IPDN="WUOFX" performance="supporting" grossFee="1699790588.57"
                     modifier="A" IPI="_60izPDBtEMHKDvVC6XBpskhWLiShm" birthDate="2018-11-01"/>
                <Participant name="PK6DFnBznUx" role="subscriptwriter" IPDN="moh889ci-QkcsWUlL4Aw4y56" performance="conductor" grossFee="-147185719.79"
                     modifier="B" IPI="E0WNFg9" birthDate="2019-07-15Z"/>
                <Participant name="KXV9EY-QojHhqb240Ft9NhQRYG" role="music director" IPDN="Lqr9OLiBvrDJd_u7no" performance="soloist"
                     grossFee="1034139348.27" modifier="A" IPI="V-hp" birthDate="2018-12-11Z"/>
                <Participant name="pv3yZXVsKEvXkB" role="remixer" IPDN="tpA" performance="main" grossFee="-1689438688.61" modifier="C"
                     IPI="SjBAyE6GxNgh7Fo_owJlRdfx1KakY" birthDate="2019-11-20Z"/>
                <Participant name="fbzB1Sk" role="scriptwriter" IPDN="nC" performance="supporting" grossFee="538388309.94" modifier="C"
                     IPI="PqEsSeR6L_v" birthDate="2020-01-23Z"/>
                <Participant name="_l_iO0ILPvP4z0IgQLx6pMD" role="producer" IPDN="sp_Qb0cOFwP-MvoEgEioF.BhzVyr" performance="conductor"
                     grossFee="1008289914.61" modifier="C" IPI="Q_9Z9r1EaZCr" birthDate="2019-06-04"/>
                <Participant name="Nk1fxtzjwc8" role="remixer" IPDN="SaYs" performance="soloist" grossFee="1642651660.35" modifier="B"
                     IPI="Iq" birthDate="2019-08-16"/>
                <Participant name="CSkNg53_x8.ckDU9Hq" role="sound engineer" IPDN="k_lzTjn7nspiZGnI_0Axdh" performance="conductor"
                     grossFee="-2099071728.94" modifier="B" IPI="qzC9nWajE49BS-jbl6RVFGocK.2" birthDate="2018-08-21Z"/>
                <Participant name="uqNVcRaiTJOULpqJWE" role="producer" IPDN="q322RP3S899" performance="chorus master" grossFee="-1230475119.00"
                     modifier="A" IPI="ercJji6zdRSqk" birthDate="2018-07-27Z"/>
            </Participants>
        </Record>
    </Record>
    <Simulcasting from="2020-01-19T11:21:16" to="2020-04-26T11:21:16Z" station="qp.APiTxJSkZlG587"/>
    <Simulcasting from="2019-09-05T11:21:16" to="2019-02-09T11:21:16" station="QeSbVhTPfacS1HqiOHpD-5ela"/>
    <Simulcasting from="2018-09-30T11:21:16Z" to="2019-09-24T11:21:16Z" station="dKKL"/>
    <Simulcasting from="2019-10-04T11:21:16" to="2019-03-17T11:21:16" station="yccpQZvcqfPw32VNcQiq9Gr"/>
    <Simulcasting from="2020-06-06T11:21:16" to="2019-06-12T11:21:16Z" station="Q5lm7bQVVKZH"/>
    <Simulcasting from="2020-05-17T11:21:16Z" to="2020-04-18T11:21:16Z" station="mcw0K"/>
    <Simulcasting from="2020-04-15T11:21:16Z" to="2019-06-22T11:21:16Z" station="f"/>
    <Simulcasting from="2018-11-08T11:21:16Z" to="2018-10-25T11:21:16" station="Yvs4A96SV"/>
    <Simulcasting from="2019-11-12T11:21:16" to="2018-07-27T11:21:16" station="GBdLUPszqxx5"/>
    <Simulcasting from="2019-10-24T11:21:16" to="2018-08-31T11:21:16Z" station="p"/>
    <Record title="jCmyADjXdH09NVbLV4yUWygDgT" spins="629283285" ISRC="2D126AY8BF06" year="7048" producer="Bnq"
         label="tfi" recordNo="Lhu-Jky7vgkBtPyb9WabQ" serialNumber="E" isPremiere="false" usage="jingle"
         ISWC="nOe" AKA="_d5UzyfW" genre="jingle" broadcastedFrom="2018-10-27T11:21:16Z" broadcastedTo="2020-03-17T11:21:16Z"
         runtime="229245176" origin="commerce" alternativeTitle="RC1taHDWE" recordedFootage="1728153651">
        <Participants>
            <Participant name="BxMVh8o4NFhg11vEka" role="music director" IPDN="X3AOs1Vzih" performance="supporting" grossFee="-1955307983.96"
                 modifier="A" IPI="wzuBl" birthDate="2019-11-18Z"/>
            <Participant name="Sp4jPEg2HUGDV" role="music director" IPDN="K7tW" performance="conductor" grossFee="189502249.54"
                 modifier="B" IPI="XjU6ydLkKK" birthDate="2018-09-27Z"/>
            <Participant name="NmSTbIf60" role="music director" IPDN="u1D2R" performance="supporting" grossFee="-1185175622.99"
                 modifier="C" IPI="baTUfZQZY9DcUHU1qb" birthDate="2020-05-03Z"/>
            <Participant name="d" role="arranger" IPDN="v_NbtNk.sUrOsJ-587j-QYDS7u" performance="conductor" grossFee="180228547.37"
                 modifier="C" IPI="StY7oSwR67TNAgnLPjM" birthDate="2020-05-18"/>
            <Participant name="crE96ue.V3fKq8FlzkIG_wfK48J" role="music director" IPDN="ZfN32Kk" performance="chorus master"
                 grossFee="-969039952.38" modifier="B" IPI="SZ" birthDate="2020-02-26"/>
            <Participant name="XHQzSK.zWNKRoeZ_.bj" role="composer" IPDN="TPBYjs-XGZDYG.VQuO" performance="main" grossFee="2037558122.22"
                 modifier="C" IPI="PyCAMEEg5XPbqApWiX1.85a8RZ" birthDate="2020-06-09"/>
            <Participant name="qQ7PiuJf" role="producer" IPDN="U" performance="soloist" grossFee="-705597578.43" modifier="C"
                 IPI="fepXuqGdLsjBGXg" birthDate="2020-06-28Z"/>
            <Participant name="NSsZwBoAvnvzx3N0LfY" role="composer" IPDN="Y9ZtFtX5GyuoZpa2ZuDMno" performance="soloist" grossFee="-604696748.85"
                 modifier="C" IPI="HSS4Fl" birthDate="2018-09-26Z"/>
            <Participant name="iKI7oS5GC_IYTU" role="composer" IPDN="WLwpS28hUsJyBAmdmpYwTFQ" performance="supporting" grossFee="2019376803.12"
                 modifier="B" IPI="tE-0jiYftiGvrjD" birthDate="2020-03-01Z"/>
            <Participant name="j0dAsv" role="sound engineer" IPDN="mpu.6IPvY" performance="soloist" grossFee="-87416237.06" modifier="B"
                 IPI="QcPnMSyuhEnYZ5Y.KXnGpMevsbJ" birthDate="2020-04-23Z"/>
        </Participants>
        <Record title="s4WexwDcD" spins="69374175" ISRC="716AUHU6TU41" year="4009" producer="aS1SQi2SyskpBaJwg" label="aAov"
             recordNo="xPfe9ObQ-" serialNumber="kSP" isPremiere="false" usage="broadcast" ISWC="VuKzEQJbJF0F."
             AKA="_MDNHrI" genre="spoken word" broadcastedFrom="2018-12-07T11:21:16Z" broadcastedTo="2019-04-25T11:21:16"
             runtime="1141877845" origin="commerce" alternativeTitle="oQ" recordedFootage="1038372732">
            <Participants>
                <Participant name="LbI9NDyf0oHZ" role="composer" IPDN="fhy-ucUiSuxYC2AfRAXAfhr" performance="chorus master" grossFee="-1509011585.71"
                     modifier="B" IPI="mQLou0JzbxHaojr_F8dW6Vr5M" birthDate="2019-11-05Z"/>
                <Participant name="CGTw_K" role="composer" IPDN="uGUYU3RnZMHYmw1fglaN" performance="chorus master" grossFee="2051997501.29"
                     modifier="B" IPI="iB5QeUoHZoUJTDZz-K.qTm" birthDate="2019-12-15Z"/>
                <Participant name="rQlcXi_pBtO2.ddr7VPxEzk_" role="performer" IPDN="pHNhw4" performance="chorus master" grossFee="-846497510.51"
                     modifier="C" IPI="CgmyI0y" birthDate="2018-07-23"/>
                <Participant name="w85" role="music director" IPDN="FrO5Ce0" performance="conductor" grossFee="-467562427.10" modifier="B"
                     IPI="_ZxOYu0rjE49_" birthDate="2019-07-10"/>
                <Participant name="Ehg-RRUT5UoPb4gvuWljK" role="subscriptwriter" IPDN="plDM9TqLOPbV7bXFbe2foo3H9rwwQ" performance="soloist"
                     grossFee="-736653006.52" modifier="C" IPI="uM2OXdZmhw7xS" birthDate="2019-08-16"/>
                <Participant name="Z" role="sound engineer" IPDN="m1e5BzARG9WIqPwIRXI" performance="main" grossFee="-130709424.38"
                     modifier="A" IPI="y6SO0eHDv8M" birthDate="2018-08-20"/>
                <Participant name="qGLOt1ewv97ZVCP" role="performer" IPDN="bCdJNYU57RvvyCKKz." performance="chorus master" grossFee="-1710470352.43"
                     modifier="B" IPI="ns5hbr2q43HSAIbkmKs" birthDate="2020-04-21"/>
                <Participant name="HBDs-xr5juhoZPe56f87jcdL" role="subscriptwriter" IPDN="eD4iVlHjzgBJOek0" performance="chorus master"
                     grossFee="-543682317.36" modifier="B" IPI="ikKSg8ZMI2MG2jRj.P961Q" birthDate="2019-02-14Z"/>
                <Participant name="I7bD7" role="remixer" IPDN="ypkSXqxMguGdoQdJiBY3zwKaRSkayv" performance="chorus master" grossFee="447871625.42"
                     modifier="C" IPI="eZYKnalk5" birthDate="2019-09-13"/>
                <Participant name="JedNhwApIxkiVjI-P80fz" role="remixer" IPDN="aU" performance="supporting" grossFee="-1069202485.02"
                     modifier="A" IPI="eMgDws-a" birthDate="2019-10-11Z"/>
            </Participants>
        </Record>
        <Record title="QJ6TpWX-UOXGJNH1fwV1" spins="1003908123" ISRC="4997N8457376" year="0804" producer="mnxj9bSSPkCnprLz8b"
             label="lm7xAgtV6ry_HcfM41wH_m" recordNo="wOnNcjcIh9-8YK_K" serialNumber="n6K.G8015qrD_1dMnApIZ35ZJen"
             isPremiere="1" usage="broadcast" ISWC="u88I" AKA="JfJTa7HUk9X7sHdAc5ZKJrqX" genre="spoken word"
             broadcastedFrom="2019-08-22T11:21:16Z" broadcastedTo="2020-03-29T11:21:16" runtime="1135675866"
             origin="live broadcasting" alternativeTitle="tL9NQTBu1qA_ujt" recordedFootage="1536864318">
            <Participants>
                <Participant name="DEad98hx-5u" role="producer" IPDN="S94Ix.or3cxCDUPDrVe0qj" performance="main" grossFee="-1780406716.40"
                     modifier="A" IPI="L5w" birthDate="2020-05-15Z"/>
                <Participant name="rjduOJihPhL1vjUG" role="subscriptwriter" IPDN="YV.xtcbkwhpqbb_qNiaaoFC" performance="soloist"
                     grossFee="290061481.17" modifier="C" IPI="r" birthDate="2020-02-20Z"/>
                <Participant name="pA5v_VtaSnh5vijasS" role="performer" IPDN="m8V" performance="soloist" grossFee="-2139258713.31"
                     modifier="A" IPI="cBWaSh1QZCd0If.yq" birthDate="2019-11-05Z"/>
                <Participant name="P9SZf" role="scriptwriter" IPDN="JDGW8lpRcU1VLGK" performance="supporting" grossFee="-89124517.83"
                     modifier="B" IPI="vFuZ6-fExTN" birthDate="2019-03-01"/>
                <Participant name="QJjHe" role="sound engineer" IPDN="gG_XfI" performance="soloist" grossFee="256547026.90" modifier="B"
                     IPI="h4dHUNe6" birthDate="2019-04-08"/>
                <Participant name="u54-i9acfr" role="scriptwriter" IPDN="P_Oskc64qCX" performance="chorus master" grossFee="-1710987749.23"
                     modifier="C" IPI="DLdjoppRM6QGJyPm8cxn" birthDate="2020-03-12Z"/>
                <Participant name="DGv5l_qLDNCrL" role="remixer" IPDN="ZKBJ0GzIf4i." performance="chorus master" grossFee="-1828905429.56"
                     modifier="B" IPI="Hueqt6aQwy6X1_tI9J7" birthDate="2018-10-19"/>
                <Participant name="BVujHgSwO4hy26-Jcq" role="remixer" IPDN="jsHzsB7_EhaosdCDCFslyU8gNU7R" performance="soloist" grossFee="-793165238.70"
                     modifier="A" IPI="w9" birthDate="2018-10-18Z"/>
                <Participant name="KvIV-A-r15O_q0frDfO6" role="producer" IPDN="Dlbz99i" performance="conductor" grossFee="299022281.37"
                     modifier="B" IPI="gG6GScGIVa" birthDate="2020-01-15"/>
                <Participant name="QHowVu3Be" role="subscriptwriter" IPDN="csyexpTq0Pnu9vMlL" performance="soloist" grossFee="121917543.54"
                     modifier="A" IPI="v6_lYdTIe_IwVVzU87ppQj6HNzP0d5" birthDate="2019-01-19"/>
            </Participants>
        </Record>
        <Record title="z6ya" spins="1562012931" ISRC="ZLWHR26ZZ7NV" year="5336" producer="H" label="uHF-79aIdQj6mKt-9VG87Wbenb6PF"
             recordNo="JO603_xpD4" serialNumber="TRcyosQd4VXB" isPremiere="true" usage="jingle" ISWC="Aaf0mFXZ3JaquY94Tdv"
             AKA="VWLPzC5quGnGrIcpK0" genre="commercial" broadcastedFrom="2018-07-12T11:21:16" broadcastedTo="2018-09-13T11:21:16"
             runtime="1241099246" origin="live broadcasting" alternativeTitle="Jl.7g5Ukit2I9" recordedFootage="122902310">
            <Participants>
                <Participant name="fYt" role="subscriptwriter" IPDN="Lpsf.iqy8VBysCyL" performance="conductor" grossFee="248934376.19"
                     modifier="C" IPI="nJ2dLw6pKyWNHm2Tl7wbnu8" birthDate="2019-01-07"/>
                <Participant name="inMhL.zaeOK" role="subscriptwriter" IPDN="o" performance="chorus master" grossFee="-530484453.00"
                     modifier="A" IPI="XRmz7r2pzUZ" birthDate="2020-03-03"/>
                <Participant name="JSpZDQHqzMHPosJFB" role="composer" IPDN="aejt0KCmaL" performance="chorus master" grossFee="-1403924857.07"
                     modifier="A" IPI="WK-WhpBKmkF3nnHfErSJsrV.H" birthDate="2019-07-27Z"/>
                <Participant name="Eq" role="composer" IPDN="BV338MeXEvhU-fz" performance="conductor" grossFee="336884934.01" modifier="A"
                     IPI="q-bJ8Nyz_yrK1CxqBT9" birthDate="2018-11-16"/>
                <Participant name="aWjRvHiFRWtQrnLIxC" role="composer" IPDN="iKg3FINwbX" performance="main" grossFee="1614377040.57"
                     modifier="C" IPI="z6xOUQPS9Cz4GH5bGyD" birthDate="2018-10-10Z"/>
                <Participant name="zUELZda1KbFiEfwrw.1qlAw0g" role="scriptwriter" IPDN="vucTKQ" performance="supporting" grossFee="221389224.26"
                     modifier="C" IPI="w5xarwMAUWPhG1SmFAGOnKf1iEK" birthDate="2018-08-15Z"/>
                <Participant name="Yo-xTYXRztnG6" role="producer" IPDN="H6Wl2eCNa2yfJ-A_B859d6UTqL" performance="soloist" grossFee="522784658.49"
                     modifier="A" IPI="p2BI53qSExhr-Yz-E.5v" birthDate="2020-02-07Z"/>
                <Participant name="EnuZ.NhGZCcgVfeNm4Bw" role="sound engineer" IPDN="VLHVx7-JcsYNfPV44s_rFDRa_.g" performance="supporting"
                     grossFee="1868799191.74" modifier="B" IPI="HkY9n1QLFvYi" birthDate="2018-11-21Z"/>
                <Participant name="UOrj0Q1" role="performer" IPDN="yhdjR" performance="supporting" grossFee="225168856.79" modifier="B"
                     IPI="DqAb1zRarjaKi9g-lm5xmPUI" birthDate="2018-09-01Z"/>
                <Participant name="p4K29N4gDgt0N2AjOl3-c4Zr." role="producer" IPDN="K8O" performance="chorus master" grossFee="-1349182182.05"
                     modifier="A" IPI="lr-eUtvgRdUy" birthDate="2019-02-09"/>
            </Participants>
        </Record>
        <Record title="hCqR3NAwIFp0FcksLpzu" spins="1612952039" ISRC="10T60JNKM4G4" year="7884" producer="z" label="ZoW8s47h1bzN"
             recordNo="Ws2Ywk13FsZDIK" serialNumber="X3" isPremiere="1" usage="commercial" ISWC="HJJWi747dUgTDojyeS.s89DEJSnKM"
             AKA="J3BMI1Bq43kIpi" genre="spoken word" broadcastedFrom="2018-11-02T11:21:16" broadcastedTo="2019-01-14T11:21:16Z"
             runtime="1910557753" origin="live broadcasting" alternativeTitle="pf8" recordedFootage="1294223523">
            <Participants>
                <Participant name="p7Pk17J" role="composer" IPDN="pgybgBl-wHYg9Ktv1CO" performance="supporting" grossFee="-587828210.72"
                     modifier="B" IPI="vB0mFS0E0o29DT2KZLCJjaYqlo" birthDate="2020-01-19Z"/>
                <Participant name="rFuuISXoxn1LD3abG2z.T24xKPJ" role="sound engineer" IPDN="ES1" performance="main" grossFee="787632697.94"
                     modifier="A" IPI="MCh.C6bhN" birthDate="2018-12-10"/>
                <Participant name="klPgTkQuqNQt" role="composer" IPDN="FUdd7iX2TVqXVa.riYuXntEm" performance="supporting" grossFee="1224617741.68"
                     modifier="B" IPI="IMIMeZ8bXaUpTiYtOHNJJM2jP" birthDate="2019-05-07"/>
                <Participant name="ieIaH7wFhTJRFQSC9BXUjeR" role="remixer" IPDN="Syc_h79p7Lq89K" performance="supporting" grossFee="827764512.56"
                     modifier="A" IPI="i5ZbVCb72N3Z9fjr32i9AXp4PzCR" birthDate="2020-03-01Z"/>
                <Participant name="IxsIigAxwI" role="composer" IPDN="oXcPZDxLVyQijgD0" performance="chorus master" grossFee="-760428898.90"
                     modifier="A" IPI="eghJ_HcEBYM2." birthDate="2019-11-25Z"/>
                <Participant name="Ld" role="producer" IPDN="U" performance="conductor" grossFee="-1984607973.37" modifier="C" IPI="iMGWBq8d_lKLg3Uh9A"
                     birthDate="2019-04-13Z"/>
                <Participant name="rP6d93rRn3fyU-x" role="performer" IPDN="jIHiKAzRFxClK8FE" performance="supporting" grossFee="-528417747.04"
                     modifier="C" IPI="_D3YfJ2DjOCNPv9dZO6Ng8" birthDate="2019-03-20"/>
                <Participant name="wBhWFoMks3R4wZwjcc_ObD628E" role="subscriptwriter" IPDN="kS6ksENu9B8nKYAT2OS" performance="soloist"
                     grossFee="1151284593.57" modifier="A" IPI="in7mkWg.F-6fnVTYPy2nRU0nT" birthDate="2018-07-20"/>
                <Participant name="oTdTBNc6rNd" role="music director" IPDN="gzp" performance="conductor" grossFee="1826471522.58"
                     modifier="B" IPI="i" birthDate="2020-06-23"/>
                <Participant name="CR_xGxwBF8KYoMH" role="producer" IPDN="UHLbt6" performance="conductor" grossFee="-1956122488.89"
                     modifier="B" IPI="iyenhLygY" birthDate="2018-12-08"/>
            </Participants>
        </Record>
        <Record title="RtKI3e5OlwC_76sADMSuOzIyPA" spins="1944425722" ISRC="0SGK761JTW42" year="6694" producer="fV92UxhL0NlEPpX4Kk"
             label="qvUHJWhexl72c0DLEO9A21O11Aufa" recordNo="tA" serialNumber="p" isPremiere="true" usage="broadcast"
             ISWC="GHYx" AKA="UYiY2Gj08EUVVyMqmDce1.CEYQFY9e" genre="jingle" broadcastedFrom="2019-06-25T11:21:16Z"
             broadcastedTo="2019-04-16T11:21:16" runtime="4281546" origin="report" alternativeTitle="N"
             recordedFootage="162264856">
            <Participants>
                <Participant name="b0AG6WNIqq5" role="performer" IPDN="J4RhQpHLaLmb" performance="conductor" grossFee="-1070186233.54"
                     modifier="B" IPI="HpEQD6u.bFgbl" birthDate="2018-11-21"/>
                <Participant name="ar_r2" role="remixer" IPDN="GQE9k5sYv62ECBSmSbVp" performance="chorus master" grossFee="1521563024.98"
                     modifier="A" IPI="Zatk8Ig.HcR2HZKz" birthDate="2019-09-16"/>
                <Participant name="Xx8Cfk0d9WPfVX_78yO" role="scriptwriter" IPDN="FvhVimtoPDdg" performance="conductor" grossFee="1379022711.92"
                     modifier="B" IPI="SBM5zehoDz_78" birthDate="2020-05-23Z"/>
                <Participant name="RV16tUqz.UhtFGLCPb" role="producer" IPDN="u1Y9YEi6LHelx-O0" performance="main" grossFee="25022944.57"
                     modifier="C" IPI="wIz09Sxj8KJ2ID" birthDate="2019-08-22Z"/>
                <Participant name="uwwaqn1gawybhOSVzTQ5aIqNq-Igo" role="music director" IPDN="mRaE0Gw8boAw9AFxMK.4" performance="soloist"
                     grossFee="303665459.55" modifier="C" IPI="KLx7.Ulh.01cfP5aD-rc" birthDate="2018-11-28"/>
                <Participant name="alN65egCoqUdRJhSfquy" role="remixer" IPDN="bG.L7llIUVYpUQ_DNXGSXbbfQtM" performance="soloist"
                     grossFee="1960102242.20" modifier="A" IPI="lxBgDuX-Eqwcs6Q39dzRzaSCRnmlEt" birthDate="2019-04-11"/>
                <Participant name="Wz3r2wamWAMsK_StxtWWVR" role="scriptwriter" IPDN="gh3hZnC" performance="main" grossFee="-1139533382.20"
                     modifier="B" IPI="qRYBGJ" birthDate="2019-01-14Z"/>
                <Participant name="FOZvMA3XwQp_Dma9uzdQOAXA5" role="performer" IPDN="_-2L1o7e1KY5" performance="soloist" grossFee="-1176212197.45"
                     modifier="B" IPI="x7NI-Hs_D7dn" birthDate="2018-10-17"/>
                <Participant name="yUEn" role="arranger" IPDN="Mpv_J6bMTb3mKPzop0EI0MpG._kg" performance="chorus master" grossFee="890310844.08"
                     modifier="B" IPI="HB_GK4M." birthDate="2020-02-03"/>
                <Participant name="eI84Nlq2V2xOdi-fNm0XXJ" role="remixer" IPDN="LSsev7ucb-yeSyZ6M4l" performance="supporting" grossFee="1782638896.10"
                     modifier="B" IPI="eUL6-gCgNrD3Yq0eP50Y" birthDate="2020-04-07"/>
            </Participants>
        </Record>
        <Record title="ip5lN" spins="618337042" ISRC="W6J27S34JRSE" year="9264" producer="cif" label="m" recordNo="tvbnv6TE"
             serialNumber="rJbP30JbFXUjlUPfw" isPremiere="false" usage="jingle" ISWC="EYUCAhTy8dOtZQhYDvfTg_w6bbZKu"
             AKA="U.fCe_7uDE6N_ul7YsV" genre="commercial" broadcastedFrom="2020-06-26T11:21:16Z" broadcastedTo="2019-09-12T11:21:16"
             runtime="2109475582" origin="live stream" alternativeTitle="Cv_" recordedFootage="1220995914">
            <Participants>
                <Participant name="f-" role="music director" IPDN="M" performance="conductor" grossFee="-341271068.73" modifier="B"
                     IPI="jPHaZ9gEBKH619J" birthDate="2019-01-16"/>
                <Participant name="p826ka" role="performer" IPDN="Xnm-" performance="soloist" grossFee="1308787189.70" modifier="B"
                     IPI="GgbFzWaxhvL" birthDate="2020-02-10"/>
                <Participant name="AJCWL4jk8YxI0t8Ge8-" role="remixer" IPDN="npyK3b7uMAbYMJTO11FyaxdZ.L_K" performance="soloist"
                     grossFee="1545089181.76" modifier="C" IPI="YrN2RWfvL2" birthDate="2020-05-12Z"/>
                <Participant name="V" role="scriptwriter" IPDN="UWqwXn_bjBhNUk" performance="chorus master" grossFee="-2096143390.75"
                     modifier="C" IPI="Z6GPJl_Wb0zJDo9jwodBMJQmkEZcPA" birthDate="2019-12-24Z"/>
                <Participant name="wP3Wl0GsVrM43h" role="performer" IPDN="y3ZRfsY2RI5qjv0gwLJrhaF" performance="chorus master" grossFee="928938826.55"
                     modifier="C" IPI="q6.u70u" birthDate="2020-05-28"/>
                <Participant name="M8q92ksDuOV4_j85IP" role="arranger" IPDN="lZk1ySpZ8FvQYbQPV-ZQ" performance="supporting" grossFee="-225785549.33"
                     modifier="C" IPI="j" birthDate="2019-09-13Z"/>
                <Participant name="UM3h3Wp6XC" role="remixer" IPDN="_es0iGi3pZhL8LnrjC2HRg" performance="chorus master" grossFee="559699670.02"
                     modifier="A" IPI="wX-Vg8njQFoq1w" birthDate="2019-04-11"/>
                <Participant name="ToP1TZvxZ" role="producer" IPDN="Vdce" performance="main" grossFee="-1856677878.64" modifier="B"
                     IPI="eYY" birthDate="2020-04-30"/>
                <Participant name="Gz" role="producer" IPDN="VzN" performance="chorus master" grossFee="-1635782198.73" modifier="C"
                     IPI="NpaGyoVpQyA-Cpo-6G0" birthDate="2019-08-14Z"/>
                <Participant name="b_1MQjKA3H2" role="sound engineer" IPDN="q4fsI_LeK9ZiGkmaMPZvsdXK" performance="chorus master"
                     grossFee="49849994.92" modifier="A" IPI="i0IGrlH8LknaH0HY0KG7m" birthDate="2019-09-04"/>
            </Participants>
        </Record>
        <Record title="DVxOQu.mgC60" spins="328190770" ISRC="B0ZCZPNJ6K6A" year="4500" producer="iorBP" label="BDpZPo2B6SIIUT"
             recordNo="qTBa90mGDAd" serialNumber="aI6de75dnfPT5" isPremiere="1" usage="broadcast" ISWC="i_X29xANWewWjwZ"
             AKA="Vis" genre="classical" broadcastedFrom="2020-04-03T11:21:16" broadcastedTo="2020-03-03T11:21:16"
             runtime="299932189" origin="recorded stream" alternativeTitle="ggJGnNk_b9OE7" recordedFootage="1127128977">
            <Participants>
                <Participant name="nL3bX" role="sound engineer" IPDN="Ymj" performance="chorus master" grossFee="1210269245.73" modifier="A"
                     IPI="aFyMq4jY17rhHU7T7L5e" birthDate="2020-03-16Z"/>
                <Participant name="nat_LpMR" role="producer" IPDN="DQ7Eo1b-G65so" performance="conductor" grossFee="-103529346.96"
                     modifier="A" IPI="gCKPF9PnvQ9r9t3bhJ2OP" birthDate="2018-11-17Z"/>
                <Participant name="TWlm3HbFySsih" role="scriptwriter" IPDN="T" performance="supporting" grossFee="-938696867.67"
                     modifier="B" IPI="B" birthDate="2019-03-26Z"/>
                <Participant name="fPJ3yr-zxq.Nom4gDtjv" role="remixer" IPDN="EqslGcAL7fz" performance="chorus master" grossFee="688327654.36"
                     modifier="A" IPI="PDioNOEC2" birthDate="2019-05-01"/>
                <Participant name="LHOOeVFpja-2eJlZAkg3P9dU7a" role="music director" IPDN="OWWc679S8jmvR" performance="chorus master"
                     grossFee="-396867067.60" modifier="A" IPI="jWJd0" birthDate="2019-07-24Z"/>
                <Participant name="_zH63aAp23wgkIgm3WOBtd7QH" role="performer" IPDN="wynaSVBu5YON8TMUsje-FeWF" performance="soloist"
                     grossFee="-235862322.94" modifier="B" IPI="ht8qDajBJZqNS4bUawI08sr5M" birthDate="2020-01-28Z"/>
                <Participant name="gJjwnjDRMyivY" role="performer" IPDN="Rq4GoqK-ClOsiSR3sG8ccMq" performance="supporting" grossFee="-34632823.32"
                     modifier="C" IPI="_nZl8H9ZX0j.N3VHbXSFfc48nqCLDg" birthDate="2019-01-05Z"/>
                <Participant name="OIkiN" role="arranger" IPDN="DPRrgeOsQmW" performance="supporting" grossFee="401613717.54" modifier="A"
                     IPI="HVIDa.zdUT8vgz1Hg" birthDate="2019-06-05Z"/>
                <Participant name="OTyjgQXWgcP6CR9pPcBoNs1XI2DSz" role="remixer" IPDN="ukCvaDSN8GSL" performance="chorus master"
                     grossFee="1482711250.34" modifier="A" IPI="vq5JXbInDJcJKA5xM.fNfQYH0iL" birthDate="2018-08-29Z"/>
                <Participant name="R2" role="performer" IPDN="k.DpjHqTz3X" performance="supporting" grossFee="1012127906.62" modifier="B"
                     IPI="TTYAxg29A2b2h" birthDate="2019-08-05"/>
            </Participants>
        </Record>
        <Record title="coZsgxGFh8-7-6jeE71SGJ3eu.N" spins="1945434186" ISRC="595I211DJN5Z" year="1382" producer="hx"
             label="AS0SdTQciIcVp" recordNo="lELw_ncqQiy" serialNumber="pMKtLyjs_8" isPremiere="0" usage="broadcast"
             ISWC="_" AKA="Paz2J1G_r09sVIQ449K4ZvRvcG" genre="composed" broadcastedFrom="2020-03-29T11:21:16"
             broadcastedTo="2018-08-12T11:21:16" runtime="1060713987" origin="live broadcasting" alternativeTitle="tYIba6IKv2xP4nvKdCeavxN-"
             recordedFootage="2010784482">
            <Participants>
                <Participant name="VcO5xk3_iDy" role="sound engineer" IPDN="OgMdL3FGqSJN" performance="supporting" grossFee="1387662813.19"
                     modifier="A" IPI="isDfLFOy.t86JN6BbIIHiO" birthDate="2020-03-10"/>
                <Participant name="Z_g490dd_OZh2EG" role="performer" IPDN="bKes.wK8lm" performance="chorus master" grossFee="-1995400.51"
                     modifier="C" IPI="QAeo" birthDate="2020-06-27Z"/>
                <Participant name="Nti9Qi0EvsaV" role="scriptwriter" IPDN="AaEdKCe72UnI" performance="soloist" grossFee="-408094671.16"
                     modifier="B" IPI="wXvKWC7" birthDate="2019-08-11"/>
                <Participant name="mU85gPEWZp0XW2.pWNc" role="scriptwriter" IPDN="UwqZhkwi0ve4jK2.ZgGRyuQC" performance="conductor"
                     grossFee="-2121125181.01" modifier="A" IPI="qz" birthDate="2018-08-30"/>
                <Participant name="mCMqNgU7k5KQoy8utUkeU6XRHQ5nkT" role="subscriptwriter" IPDN="m2BnDwsxpcgKGFfk7YUSTIGV" performance="main"
                     grossFee="334794653.93" modifier="B" IPI="eK3g4oOu6x" birthDate="2018-09-14Z"/>
                <Participant name="taakrA7.N-wPY8E" role="subscriptwriter" IPDN="k-tG" performance="supporting" grossFee="1451269805.64"
                     modifier="A" IPI="e7.EAT9TqyNBJ7" birthDate="2019-08-25"/>
                <Participant name="nySgRPHqNMz" role="music director" IPDN="szKHFUE-2N" performance="chorus master" grossFee="1622844087.14"
                     modifier="B" IPI="OU6ILlYFQEMQqb6jtf5" birthDate="2020-06-28"/>
                <Participant name="SXRBDi2VN2r" role="subscriptwriter" IPDN="Y628c1" performance="soloist" grossFee="1441064666.57"
                     modifier="C" IPI="PfSmZ3_vZrk8FK5kyqmMKF" birthDate="2018-12-16"/>
                <Participant name="bYrjk0v6wLS05IuW1aM5TiJ1MTy" role="music director" IPDN="nly5P-zolPua8hkB9YgGNtQT_m" performance="conductor"
                     grossFee="75070393.47" modifier="A" IPI="xIVgkPuRH4P9mGMiyMHk80mZkARlB" birthDate="2019-03-23Z"/>
                <Participant name="_rw" role="scriptwriter" IPDN="Ronbe" performance="chorus master" grossFee="-1283179789.84" modifier="B"
                     IPI="NXdPBxGj0ER75s74VbeNmw0" birthDate="2018-08-06"/>
            </Participants>
        </Record>
        <Record title="Ip1tQzgzME" spins="865400786" ISRC="YOWHUEPR072F" year="1169" producer="h.o6n8HnIREsLCAnX01S.Xv"
             label="MgkQ7VX4l6Q5lxmRYXRoXj6eDi" recordNo="u5Ko8jqJ8pFgkwoLuF" serialNumber="byMKRi4asnCFOd6pry"
             isPremiere="1" usage="broadcast" ISWC="tRDe53x3sb" AKA="gptUqf27G3xBfjkAh_j." genre="composed"
             broadcastedFrom="2020-02-25T11:21:16Z" broadcastedTo="2019-07-23T11:21:16" runtime="1232012102"
             origin="recorded stream" alternativeTitle="_giJlNl2riK" recordedFootage="152383151">
            <Participants>
                <Participant name="YEWyQu" role="composer" IPDN="MfoL" performance="chorus master" grossFee="1113979807.58" modifier="A"
                     IPI="MLzL8SSO8egmCPlY9WGwWpEq" birthDate="2018-09-02Z"/>
                <Participant name="ScoFLoEjumZ" role="subscriptwriter" IPDN="zZ9HsN987NDtP2UCIwnbP" performance="soloist" grossFee="-1071590255.69"
                     modifier="C" IPI="xYn" birthDate="2019-10-19"/>
                <Participant name="AwycxoFT3CTN1t" role="composer" IPDN="EbQ_MdjD2X3DsbX" performance="soloist" grossFee="-318668123.76"
                     modifier="C" IPI="r-0Tk-d9x59-" birthDate="2020-06-20Z"/>
                <Participant name="s_NqNUJBiTB" role="performer" IPDN="_9r-.6z4nE" performance="conductor" grossFee="1110980256.79"
                     modifier="B" IPI="VPxyDhLNy2iwo" birthDate="2019-02-09Z"/>
                <Participant name="Bp9" role="arranger" IPDN="Dj8VpEv4LiMJQfmOz" performance="soloist" grossFee="-179958769.66" modifier="B"
                     IPI="bjwDU5" birthDate="2019-12-21"/>
                <Participant name="G6xO" role="music director" IPDN="yl.zzUOU2qrXQ6R7DY6TH" performance="supporting" grossFee="918215304.66"
                     modifier="A" IPI="NB2TzOWfDYBIDD4J" birthDate="2020-03-21"/>
                <Participant name="Bf2" role="arranger" IPDN="F.BB" performance="soloist" grossFee="-228251850.69" modifier="A" IPI="jtomSvIsK_PJ3rBkB-IFZqst1Y"
                     birthDate="2019-07-17"/>
                <Participant name="S" role="producer" IPDN="ExTh1JdzNel4r3" performance="conductor" grossFee="791380452.02" modifier="C"
                     IPI="MGAKDdh" birthDate="2019-05-04"/>
                <Participant name="JByvtPvff" role="remixer" IPDN="QJCyhGRxB2nV-NX.A3WZ7xe" performance="supporting" grossFee="-227647066.30"
                     modifier="A" IPI="_NyHWapVASg" birthDate="2020-06-08"/>
                <Participant name="RBogrM-NjhfDPiR" role="composer" IPDN="Gm08JdkkaFOYve6SBmMUqEW" performance="soloist" grossFee="1992133952.52"
                     modifier="A" IPI="aqsVV4UiaAZ6JkGhjtHNgaZ-7IVk" birthDate="2020-01-30Z"/>
            </Participants>
        </Record>
        <Record title="jIR" spins="444907059" ISRC="S63R332K3NYQ" year="1289" producer="YMLLF0n" label="EaiGgTNSC3Gnm7J0A-lHCwtmC"
             recordNo="gp5DpPpcPBjIjv3" serialNumber="M8LyQqFhhO" isPremiere="0" usage="broadcast" ISWC="M8Hqqt"
             AKA="mIH6a2HRRpnWV_VJSDZ" genre="pop" broadcastedFrom="2018-10-31T11:21:16" broadcastedTo="2018-12-07T11:21:16"
             runtime="1036193929" origin="commerce" alternativeTitle="KsjzABKK2RM1Kf" recordedFootage="1260674054">
            <Participants>
                <Participant name="fBJZhZPRvEd3SCwOYsCvmT3my" role="scriptwriter" IPDN="dRUZstfJcT7xotbAQ-dhupdfH" performance="conductor"
                     grossFee="-583508762.87" modifier="A" IPI="abga3LcI73DkTMj" birthDate="2020-01-04"/>
                <Participant name="NPd4FSNCwltt" role="producer" IPDN="RP-WHy8BY4aa9" performance="conductor" grossFee="-710906451.81"
                     modifier="C" IPI="v9xi-OhoKy-cZk5KRmYR_1pvG" birthDate="2018-10-05Z"/>
                <Participant name="f.uryxenru31N8-6isj5jZ7TE" role="composer" IPDN="e3_vupq5zOCyvS" performance="chorus master" grossFee="1753228804.71"
                     modifier="C" IPI="jH7gy3r-XEjW0ryV6" birthDate="2019-04-14Z"/>
                <Participant name="qLDPp_ET" role="music director" IPDN="RP5HwjY9dlKj6-qKzwA2My" performance="supporting" grossFee="1782477853.10"
                     modifier="B" IPI="y6-zbdpnFF1CgKppwo" birthDate="2018-12-31"/>
                <Participant name="CWv4mTqAi5drdaLp8" role="scriptwriter" IPDN="YZJK3UrTW8uulQ.xuR" performance="chorus master" grossFee="-1618225125.72"
                     modifier="A" IPI="o3ee8PbV3g9" birthDate="2020-03-10"/>
                <Participant name="Lqq2DwsZni.Y1fuEyAmz" role="composer" IPDN="kYS9i.D38.CZWsT9hegG" performance="conductor" grossFee="1908937910.34"
                     modifier="C" IPI="kpq" birthDate="2018-09-12Z"/>
                <Participant name="OkZ8ztZ72h" role="scriptwriter" IPDN="VY.Z" performance="soloist" grossFee="182216511.52" modifier="C"
                     IPI="e" birthDate="2019-06-01Z"/>
                <Participant name="CtLcCN-B" role="scriptwriter" IPDN="V95f6a7yQtu" performance="soloist" grossFee="-1180997267.03"
                     modifier="C" IPI="oNHXx" birthDate="2019-08-08Z"/>
                <Participant name="xUpHEn4edeW_EAUfifKJ" role="sound engineer" IPDN="ef" performance="supporting" grossFee="-375606801.61"
                     modifier="A" IPI="WxP" birthDate="2020-05-29"/>
                <Participant name="OBNqeZoCbt90pBCq-NhXZ" role="scriptwriter" IPDN="Z9UIPUleW_Koy" performance="soloist" grossFee="-112733415.51"
                     modifier="C" IPI="hXKR6cFwu59XQ" birthDate="2019-06-21Z"/>
            </Participants>
        </Record>
    </Record>
    <Record title="x1pJff0pE" spins="2141995869" ISRC="09S4LR5JZOLK" year="9877" producer="On_.eryD1E" label="ynmuJwD.wSSzrIuM_75t6ppXPk7Z"
         recordNo="gxhq" serialNumber="fdRyGPlqYt-vk__1Wf2iHmM5mAv170" isPremiere="0" usage="commercial"
         ISWC="fnJZa3d.4LRRlcgj3FatuCV6SBI9" AKA="Cj" genre="spoken word" broadcastedFrom="2019-10-23T11:21:16Z"
         broadcastedTo="2019-06-29T11:21:16Z" runtime="990818129" origin="live stream" alternativeTitle="e7C1GKhqAC"
         recordedFootage="1919827500">
        <Participants>
            <Participant name="N.P_x7dcUQBUHj" role="performer" IPDN="IgMk" performance="main" grossFee="-1969707529.86" modifier="A"
                 IPI="LdPkv0TYTxq2JyT-ekVYUG" birthDate="2019-10-09"/>
            <Participant name="FhVjkPcqntPRSZL6pKqEZl8bw" role="remixer" IPDN="s" performance="conductor" grossFee="1205782853.73"
                 modifier="A" IPI="K7SqvVUW9_Gf" birthDate="2019-12-06Z"/>
            <Participant name="tYa8CRBbnbwDHsyWe-" role="performer" IPDN="SAN9" performance="conductor" grossFee="1675634658.61"
                 modifier="A" IPI="i6OYu4UG6FPGloXyJ" birthDate="2019-12-27"/>
            <Participant name="xqw0XWTQ" role="performer" IPDN="LioHDCWmPv6rdF1yi41CpYwtND" performance="supporting" grossFee="928485638.10"
                 modifier="B" IPI="e-dA-Q_B4eP" birthDate="2018-08-20Z"/>
            <Participant name="xkJZG" role="remixer" IPDN="QJ2nDD67Qz" performance="soloist" grossFee="1759035634.15" modifier="A"
                 IPI="EI6MZr4OTLcp0By733J3" birthDate="2020-05-01Z"/>
            <Participant name="CeVcR11jT43M8" role="composer" IPDN="b" performance="chorus master" grossFee="-80639260.00" modifier="C"
                 IPI="qcu5262biAlBmrzZPYAY" birthDate="2018-07-06"/>
            <Participant name="tpMvS-Bb7231_.pgKAiAHtDqJ" role="music director" IPDN="a5hXkN_zW04PX" performance="conductor"
                 grossFee="862530204.99" modifier="C" IPI="PCAIgH" birthDate="2019-10-30"/>
            <Participant name="IX-CDD-2l0eCXZ9rmYTcKOJFq" role="composer" IPDN="xeloygvOo5ERQCFH7wzib3s7we" performance="main"
                 grossFee="-1837693576.86" modifier="A" IPI="TxDkM" birthDate="2020-03-09"/>
            <Participant name="xDsOPm3ebCoG" role="music director" IPDN="F5CzDpZRrQCIc59bPFs6QH" performance="main" grossFee="-1349565206.26"
                 modifier="C" IPI="oAHyN3xj_wb3" birthDate="2020-03-09Z"/>
            <Participant name="_VjPed.6qMNKwL5dw" role="remixer" IPDN="cSpnrFSrmuO3PP2Rg" performance="main" grossFee="-1357891550.79"
                 modifier="C" IPI="Gn_ySSA" birthDate="2019-02-26Z"/>
        </Participants>
        <Record title="alN4VCnQf2NM8UaXH37oqJXshlfm" spins="678593045" ISRC="RGJ4A0Y85E9D" year="4671" producer="r05z"
             label="CdKkvrtvXP3SVHxQhb" recordNo="Yprs0vAHpuIoiZxbLVbHa57r" serialNumber="tUrmZR9sM-yYSvKCNtO4gdAKDC"
             isPremiere="0" usage="broadcast" ISWC="MCe" AKA="fZz14XzSEyzg" genre="pop" broadcastedFrom="2019-08-08T11:21:16Z"
             broadcastedTo="2019-10-31T11:21:16Z" runtime="412030417" origin="live broadcasting" alternativeTitle="CSymQ0t35h94lNxkA5"
             recordedFootage="1861048246">
            <Participants>
                <Participant name="dYJyzLP6" role="producer" IPDN="k4pJV" performance="supporting" grossFee="612981760.23" modifier="C"
                     IPI="fQuuVIm" birthDate="2019-04-03"/>
                <Participant name="i7WoISTUyTtfI6y5AT" role="producer" IPDN="rAm7GURDa53DuuLy6K3HvLDB1aFy1B" performance="main" grossFee="604158063.53"
                     modifier="B" IPI="iC.Djy" birthDate="2020-02-15Z"/>
                <Participant name="MqIOg" role="remixer" IPDN="Z" performance="supporting" grossFee="353497664.87" modifier="A" IPI="WGAPFG0x4yoLs"
                     birthDate="2019-08-19"/>
                <Participant name="rzQ4IdprJm7P7N" role="composer" IPDN="gs.huk7IVmR915" performance="soloist" grossFee="1318680005.54"
                     modifier="A" IPI="mZy6RXSN1Z9Q.9v2" birthDate="2020-04-10Z"/>
                <Participant name="y1IXspZgh2" role="producer" IPDN="yBCB4w0-LR50FSSEpDmk_GEEz" performance="conductor" grossFee="-933863910.28"
                     modifier="C" IPI="IYsc2Q7ZZhO5Llf3YdopxuEVho" birthDate="2020-05-27Z"/>
                <Participant name="dGKwjollydeHOgd1YcqnhP8" role="music director" IPDN="Ml3FMMRvHsyye7KgeeUy" performance="chorus master"
                     grossFee="1444261219.84" modifier="A" IPI="aAKs-tW4EiGC" birthDate="2020-05-04Z"/>
                <Participant name="exLo73GLDrc1L1tQnINAiB" role="producer" IPDN="l8bbwi6zcffFek_L2M" performance="soloist" grossFee="-1364143132.04"
                     modifier="A" IPI="E" birthDate="2019-12-09Z"/>
                <Participant name="ae11jT8tw" role="composer" IPDN="f1XCLELD6AX0SX5rsEjVvVpqJ." performance="soloist" grossFee="-632907596.48"
                     modifier="A" IPI="pnJGhNLc" birthDate="2019-02-23Z"/>
                <Participant name="Ywxe-Y" role="arranger" IPDN="OKWG5s11b3" performance="chorus master" grossFee="289060097.93"
                     modifier="A" IPI="AxiEDWGER3JwB" birthDate="2018-11-30Z"/>
                <Participant name="dMvGtWzAbhNEP" role="performer" IPDN="HN4XxlXVRR" performance="conductor" grossFee="1493468095.70"
                     modifier="A" IPI="Bf6QF" birthDate="2019-07-09Z"/>
            </Participants>
        </Record>
        <Record title="O0H_aVGTr-aYlF9" spins="204036427" ISRC="662M7P739S61" year="5794" producer="SR_limrykti6kiT"
             label="D7" recordNo="YW" serialNumber="FgO2tsMMNaleTbHj1mxVwp-2" isPremiere="false" usage="jingle"
             ISWC="a-PRjDhD-KZtWiF4x" AKA="eHFl927x-qnvhmydXBrbTbAmCLJlq" genre="commercial" broadcastedFrom="2019-04-22T11:21:16"
             broadcastedTo="2018-12-24T11:21:16Z" runtime="843835862" origin="commerce" alternativeTitle="UyD14cxorxcaX7ljbMlFbZRu1mxPAl"
             recordedFootage="623976515">
            <Participants>
                <Participant name="kPkIxyMR" role="arranger" IPDN="VZB8vhl72r9r3.w" performance="main" grossFee="-847513557.56" modifier="B"
                     IPI="WlGVD0B3UL0Suh7" birthDate="2020-06-09Z"/>
                <Participant name="wlFz0XLmhpVm1iOQ-yGFnIaX6" role="music director" IPDN="g_7635qeUex2LgqICrzIz" performance="soloist"
                     grossFee="277211651.47" modifier="C" IPI="tp_U9vf5r9yrv9" birthDate="2019-07-14Z"/>
                <Participant name="hMQvq_CPHkLi6Q5AWix" role="composer" IPDN="vaBDnlQ8YzXyqnTqzFX8S2L3T" performance="conductor"
                     grossFee="-482017036.43" modifier="C" IPI="gxa4XbhWuJq" birthDate="2019-05-03Z"/>
                <Participant name="Ccyn" role="subscriptwriter" IPDN="GTCIxz.CRFgcCRoS" performance="supporting" grossFee="1990367149.36"
                     modifier="C" IPI="b0imU5W4L" birthDate="2020-04-06"/>
                <Participant name="P" role="subscriptwriter" IPDN="jZwJByby0U2HmnmXv20ZyL9" performance="soloist" grossFee="-456103350.80"
                     modifier="C" IPI="EZ3D" birthDate="2019-08-22Z"/>
                <Participant name="S9BW-p3" role="arranger" IPDN="Bo9DsPK9K" performance="soloist" grossFee="-129064737.65" modifier="A"
                     IPI="zhC-35rbnky_-uexq" birthDate="2020-05-06Z"/>
                <Participant name="K2wYX2f-dQKri8FL9M0Lg6cD" role="producer" IPDN="r_nXxX18aYicqaAe4.4pBHEK" performance="chorus master"
                     grossFee="-125692877.09" modifier="B" IPI="HKrIZBr1DOy7-MisgX0C.i-5N01F" birthDate="2018-09-10Z"/>
                <Participant name="f" role="composer" IPDN="J7Mveza6vSqZ0dEbri20xHpwN1" performance="supporting" grossFee="-870464038.08"
                     modifier="C" IPI="WgPeQYXCBZKldMNV4-NluvJEdzUg" birthDate="2019-07-24"/>
                <Participant name="hT" role="arranger" IPDN="_mym" performance="main" grossFee="1603860323.73" modifier="A" IPI="dnoMDkl4lZJAb"
                     birthDate="2020-03-29"/>
                <Participant name="L" role="sound engineer" IPDN="D5DTNCiiw-plT.RR9azMiWSwx7svFH" performance="conductor" grossFee="-103566864.79"
                     modifier="B" IPI="A4iCB1XM7zH0xW2ekAzWx-q" birthDate="2020-04-12"/>
            </Participants>
        </Record>
        <Record title="cOO1eNJ1_W-etl1jcCpLdu8KnCrm1" spins="1536232079" ISRC="4J0K2Q0OVHF8" year="2430" producer="fxFUk"
             label="E6PIUjlvZCl98kyk" recordNo="UfFeC6x4VTDytzBGJJszOso.MV" serialNumber="AHxb1PZeS."
             isPremiere="1" usage="commercial" ISWC="S1Mw" AKA="gHjrvIEv2qlSCoSSI4oXY" genre="composed"
             broadcastedFrom="2018-10-08T11:21:16Z" broadcastedTo="2020-02-13T11:21:16Z" runtime="443677745"
             origin="commerce" alternativeTitle="cpXH-o5eIUNBZ20.eWd3Xhl" recordedFootage="1250119467">
            <Participants>
                <Participant name="EACTL9" role="remixer" IPDN="DPPWVMbh0fYNPB28yJCzCmSVx" performance="main" grossFee="1962230050.75"
                     modifier="C" IPI="z3WvCoD" birthDate="2019-10-17"/>
                <Participant name="G3YvK" role="arranger" IPDN="S-_NXOa_I4y4JOGGiTWa42cMr" performance="conductor" grossFee="-1894191120.74"
                     modifier="A" IPI="QI-OUefAJ-3Kcih" birthDate="2019-12-26"/>
                <Participant name="KTDHVYl" role="performer" IPDN="KMuXJOqQfn1tvwA72unW3nh" performance="soloist" grossFee="-1200966151.62"
                     modifier="C" IPI="D0HNeAA" birthDate="2018-07-21Z"/>
                <Participant name="hrJfLmrD" role="arranger" IPDN="Xz-E0HT0kGQL" performance="chorus master" grossFee="-919365990.43"
                     modifier="B" IPI="KPvyIzT6ueOjRH" birthDate="2018-11-19"/>
                <Participant name="qpqAunhwz.WNxngSKm6wz_C" role="arranger" IPDN="lftzSJtriqHAACDAA.GuJ2hF5aw" performance="soloist"
                     grossFee="2064216068.02" modifier="B" IPI="fCQZTl3DuQ91hzlnLf20b7N6u8WKu" birthDate="2019-11-30"/>
                <Participant name="iSS9uC_dfysfWPljA" role="composer" IPDN="b6feO2jN" performance="main" grossFee="-1626105135.28"
                     modifier="B" IPI="VlbIxDd5TeAN" birthDate="2020-02-27Z"/>
                <Participant name="ifT_jY8HDenJDpBlKoKkFeiMXWwfv" role="composer" IPDN="Ch" performance="supporting" grossFee="1194725860.62"
                     modifier="A" IPI="uRylhuDVaguU7IkM4eH5h3" birthDate="2019-06-29"/>
                <Participant name="bMPCjU35Ind8vkN0.OUCGegVP" role="arranger" IPDN="EUP-sgMz-lniEyDNIWRe8mtg.nU" performance="chorus master"
                     grossFee="462977180.59" modifier="A" IPI="QfPrh45.T6Fc5AyGsYOpRHH.-N" birthDate="2019-03-27"/>
                <Participant name="RdfmhWqNejJnHlcrBxq2Zo378" role="subscriptwriter" IPDN="k5S36a5upiBBPJ1CLq6qU9_Kim" performance="supporting"
                     grossFee="-2041180181.54" modifier="A" IPI="DPrF" birthDate="2020-02-19Z"/>
                <Participant name="K5ok" role="music director" IPDN="CSHHI0nIJ" performance="conductor" grossFee="-320918563.65"
                     modifier="C" IPI="xEoyXa0ci3zJPT" birthDate="2019-08-08Z"/>
            </Participants>
        </Record>
        <Record title="iMhE_n9iPaR-X8bB6U" spins="1002362230" ISRC="3WT2915246D5" year="1338" producer="mVB3w6" label="dA2rdPuwxrbt9y"
             recordNo="sBbMrME.F28X2bkqA8vJiVvkPCj4Z" serialNumber="f5" isPremiere="true" usage="broadcast"
             ISWC="MarpO_Vq3-3" AKA="HJUMHzqlDbJtw_6YYwvbypKO" genre="pop" broadcastedFrom="2018-10-01T11:21:16"
             broadcastedTo="2020-05-03T11:21:16" runtime="1562542658" origin="commercial" alternativeTitle="dijC3qLvXe6VQ9SQrBLv6"
             recordedFootage="118749061">
            <Participants>
                <Participant name="Nt.DO3n48lM-laqLZ" role="music director" IPDN="cvGoxpnPd" performance="main" grossFee="-97699012.81"
                     modifier="B" IPI="E4NhVwLSyP3" birthDate="2019-08-20Z"/>
                <Participant name="zHO4l.Zmat9.wJercRUbypcrZc-qTJ" role="composer" IPDN="wOeC3" performance="main" grossFee="1193658360.33"
                     modifier="A" IPI="sv2MZw" birthDate="2018-08-10Z"/>
                <Participant name="b5O.tLQ9EenPctkhmnQX." role="scriptwriter" IPDN="E08T97yRI" performance="chorus master" grossFee="-1642646188.01"
                     modifier="A" IPI="ru" birthDate="2019-09-13Z"/>
                <Participant name="mao_GH7Z-gpY1n" role="performer" IPDN="f5m-MWphRFY0aI" performance="supporting" grossFee="-768564176.90"
                     modifier="A" IPI="dPXIGXF19DXkFds4yJ" birthDate="2020-06-22"/>
                <Participant name="RJNDbrsksAN" role="music director" IPDN="KrGepmP.X" performance="main" grossFee="1494064697.41"
                     modifier="C" IPI="hLYVM7hC9.6LsvgPzD" birthDate="2019-07-18"/>
                <Participant name="o4JjzMa8JWCtQPI8b.Sh" role="arranger" IPDN="it4K19EJty1qCirPYZ" performance="supporting" grossFee="-2032129790.22"
                     modifier="B" IPI="OpQBZYyrovUP8RhDLzfxDs-" birthDate="2019-09-18"/>
                <Participant name="je2S0i" role="arranger" IPDN="QCaFA.Z_-" performance="soloist" grossFee="-105262453.07" modifier="A"
                     IPI="_g52eBBGy-vT" birthDate="2019-09-25"/>
                <Participant name="XxUcHV" role="performer" IPDN="LEmXV4bdzW3vAK" performance="main" grossFee="690062119.24" modifier="C"
                     IPI="Jy-r.JThYr" birthDate="2019-05-10Z"/>
                <Participant name="dQATWrpKTgaM1" role="arranger" IPDN="evEkFSKoAE5" performance="supporting" grossFee="82542847.92"
                     modifier="C" IPI="Dp.iQj56lm.2KF" birthDate="2019-05-07"/>
                <Participant name="I4lhSi7inPJBsvzhf.hkR" role="arranger" IPDN="QRd4ijz4DxEBu40ao" performance="chorus master" grossFee="-2116289189.91"
                     modifier="C" IPI="Mf6phOUaeeyA0WzqRMF6uMlGubtFGo" birthDate="2018-09-10Z"/>
            </Participants>
        </Record>
        <Record title="T" spins="43601864" ISRC="7WK8A1UST3J1" year="7553" producer="L6zQRTW" label="IP0VTLTKVW_lGJW0j"
             recordNo="CFDtw1ebtKyCF" serialNumber="YJAuSAiYXv_h4uejI97P6xQ1bJZ" isPremiere="0" usage="commercial"
             ISWC="Bqev2HjZeiRQ6sfr8nbwfSefzv" AKA="qERo6" genre="classical" broadcastedFrom="2019-09-04T11:21:16"
             broadcastedTo="2020-05-04T11:21:16Z" runtime="1479321971" origin="self" alternativeTitle="IwbTjOoF_xP2y9L9J"
             recordedFootage="1667331431">
            <Participants>
                <Participant name="KkxRmzqfN0" role="music director" IPDN="cWd7NAwIZJIFQoVG0lbAmtvPJr" performance="supporting" grossFee="3076068.52"
                     modifier="A" IPI="i902" birthDate="2020-02-09Z"/>
                <Participant name="z5" role="remixer" IPDN="rKOlxv_mW" performance="chorus master" grossFee="-1617116168.94" modifier="B"
                     IPI="Z55ABFw0h" birthDate="2019-10-22Z"/>
                <Participant name="TUtIQT.0lYA.5WuBpC" role="scriptwriter" IPDN="MNTZTZj97oO" performance="supporting" grossFee="582372539.20"
                     modifier="A" IPI="mS6uYG" birthDate="2019-06-18Z"/>
                <Participant name="PZJoyyOIEG" role="subscriptwriter" IPDN="s8iW.8ovVoBoFgj3th3zvp" performance="main" grossFee="-333989015.12"
                     modifier="C" IPI="Xf-UpitD0stOpthXCkDheXgvFSB" birthDate="2019-12-26Z"/>
                <Participant name="Iw8yofFL-.AfNZDhiCh" role="producer" IPDN="B" performance="main" grossFee="-1195188086.43" modifier="C"
                     IPI="GziUsEWOhlHRZVEMN" birthDate="2018-08-04Z"/>
                <Participant name="m738VT39-zM1JHqK5HbLPtTQr2" role="arranger" IPDN="hUSYzylooa-bwDe" performance="conductor" grossFee="707218686.43"
                     modifier="B" IPI="Rqgnb" birthDate="2020-06-10"/>
                <Participant name="_bLM" role="producer" IPDN="Jdl4RWDvat7ZzQVfbbY8B2" performance="supporting" grossFee="-807692753.07"
                     modifier="B" IPI="YTFoGsr" birthDate="2019-08-10"/>
                <Participant name="i2XDfL9" role="arranger" IPDN="PZn" performance="supporting" grossFee="-1024412094.39" modifier="A"
                     IPI="JE-.UKsYgtY5dcr.MA2vUzNg1Xckz" birthDate="2019-10-13"/>
                <Participant name="eooTvcNbU_-BT" role="sound engineer" IPDN="z64.Q2AsfXf23pbaRruNmL" performance="soloist" grossFee="1172234123.36"
                     modifier="C" IPI="t103_KJ2Jd" birthDate="2020-05-01"/>
                <Participant name="wIL.dAc.TEvUMxSSZmxjYhtYEc_k" role="music director" IPDN="ztQ_n6MrDWlbceqxGCI" performance="conductor"
                     grossFee="1013961846.78" modifier="C" IPI="cp0e" birthDate="2019-08-22"/>
            </Participants>
        </Record>
        <Record title="uJDB6mV8m2ZihjqbZXKuH" spins="1767027070" ISRC="FRB747XO9PX4" year="1107" producer="WYsgXfKA8Mp"
             label="du" recordNo="TWSwM4qENKR02kWnkFIo43vF" serialNumber="ax9j" isPremiere="0" usage="broadcast"
             ISWC="PtJl." AKA="mQ24KO.Y5aRz" genre="classical" broadcastedFrom="2018-07-27T11:21:16Z"
             broadcastedTo="2019-11-26T11:21:16" runtime="2060876373" origin="live stream" alternativeTitle="QJ"
             recordedFootage="529273581">
            <Participants>
                <Participant name="GpT4BfcR2BN" role="music director" IPDN="xHwGeRbMG3uPE" performance="supporting" grossFee="1518758490.52"
                     modifier="C" IPI="phEOy-RRU.i07.Z_k0" birthDate="2018-10-23"/>
                <Participant name="q" role="composer" IPDN="xLgKhZCN6jk8jGAaaS" performance="soloist" grossFee="1230684857.71" modifier="A"
                     IPI="he8yev9k8xclBtqoZPsu" birthDate="2019-05-09"/>
                <Participant name="qG" role="remixer" IPDN="FjUTv-7y9n48" performance="conductor" grossFee="1729223414.49" modifier="C"
                     IPI="GIh3-nmimMXQhrcIpMI1XEMS" birthDate="2018-08-13"/>
                <Participant name="nKmkPM89-h3nAN8sMkzIwBaqcMK8q" role="scriptwriter" IPDN="L73vfBcHD" performance="main" grossFee="-1044425108.77"
                     modifier="B" IPI="GSgirn5Jx7QoQLn4SWS" birthDate="2019-01-20Z"/>
                <Participant name="wDMtDY2vUbCyV3xuowIMpq" role="remixer" IPDN="xzA" performance="soloist" grossFee="-423202516.58"
                     modifier="C" IPI="oOg05vlzB_gW" birthDate="2020-04-06"/>
                <Participant name="dYK" role="arranger" IPDN="dXLlLhlfg0tL..Vzny2wft8iC8jn" performance="chorus master" grossFee="1269457940.52"
                     modifier="A" IPI="lbWbe." birthDate="2019-06-11Z"/>
                <Participant name="aWHHXqhdOWhcV24D5Ca2lZh" role="music director" IPDN="Bvz" performance="supporting" grossFee="-1750657885.04"
                     modifier="A" IPI="qVj4NfpLDvytoz7v0US0JRv." birthDate="2020-03-12"/>
                <Participant name="Jt" role="arranger" IPDN="w8cNL6eek73TmGxRpg" performance="conductor" grossFee="1925173642.28"
                     modifier="B" IPI="fn9WW9B3xW" birthDate="2019-06-28"/>
                <Participant name="jQK0OHo-IC.V_U8E" role="sound engineer" IPDN="CVkwZufsvGmbK" performance="main" grossFee="-1624295396.26"
                     modifier="A" IPI="h7MhsJLAEBO" birthDate="2020-01-10"/>
                <Participant name="GFPepX9uh.2e70eEgIMeE0p_..." role="music director" IPDN="KS4zigZdSbtO45paxgjVIGNoMhu4SI" performance="chorus master"
                     grossFee="-1617187022.58" modifier="B" IPI="Gu2ZeWsTe2TXs5-mlBPac4eaBTNG9w" birthDate="2019-05-26Z"/>
            </Participants>
        </Record>
        <Record title="POXUBUs6TxQHbY" spins="1679544894" ISRC="5W0K459T5EH0" year="1251" producer="MARZQCWHb5F" label="mTJu0QDxCjzSb"
             recordNo="M5HUm4c2Gb98" serialNumber="WGWWHylD." isPremiere="0" usage="jingle" ISWC="ZRg6evl0em0qPXu8Y3Y-iDXOh"
             AKA="iXm" genre="pop" broadcastedFrom="2019-12-10T11:21:16" broadcastedTo="2020-06-21T11:21:16Z"
             runtime="1058478088" origin="free usage" alternativeTitle="UAAc11DdLbpm3_iJcQ" recordedFootage="238715666">
            <Participants>
                <Participant name="rwS5LQ" role="sound engineer" IPDN="oi" performance="chorus master" grossFee="-228827512.07" modifier="A"
                     IPI="UF758AACJA7xZLbevO3qxMl8iYYeS_" birthDate="2020-05-14Z"/>
                <Participant name="zJA3cRj1TmgFXob" role="composer" IPDN="ls" performance="supporting" grossFee="-710809191.37" modifier="C"
                     IPI="LP2WqX32E9bWfMNN2mZw" birthDate="2020-01-25"/>
                <Participant name="MSIdIHjnYQKdJR" role="performer" IPDN="EtS5mHeC_pPmiU4fTB" performance="soloist" grossFee="1499843791.97"
                     modifier="A" IPI="taoypzaMX.C0sI" birthDate="2019-11-21Z"/>
                <Participant name="k64mdQvDebCb-D4hO3bZiL3lIuQ" role="music director" IPDN="lfRPlH2IzQ5Ln3" performance="supporting"
                     grossFee="1846538286.68" modifier="A" IPI="gwy75fRIR2XhP" birthDate="2019-12-14Z"/>
                <Participant name="Ol5x20wLofy" role="scriptwriter" IPDN="JS5fT" performance="chorus master" grossFee="-669819395.82"
                     modifier="B" IPI="wrgrF7pW" birthDate="2019-06-06"/>
                <Participant name="P3mv7iOx_B9" role="sound engineer" IPDN="YUiUvRqV4IlmVSorZF-4097A_0dwR" performance="main" grossFee="-1892646122.85"
                     modifier="C" IPI="WlF4" birthDate="2020-04-04Z"/>
                <Participant name="OgBtX2PLbM2HqF85DZg4EdLsx" role="scriptwriter" IPDN="DI-Pn.Rt9McMFD8DFM2nqaJGF" performance="conductor"
                     grossFee="429909940.75" modifier="A" IPI="cY" birthDate="2019-12-24Z"/>
                <Participant name="nDb8cCMWGOpcjixYf" role="remixer" IPDN="laR8CZIyHcztGkH.GsckW7z" performance="soloist" grossFee="-972008790.69"
                     modifier="B" IPI="LbjPSmOgW" birthDate="2020-05-27"/>
                <Participant name="uAmxWXZFlSBx5qpGbV28w" role="music director" IPDN="kqjUfR3R-0" performance="soloist" grossFee="699746942.17"
                     modifier="A" IPI="_whBtQPIp.EqtF3h.2OdmPBX" birthDate="2019-08-09Z"/>
                <Participant name="gnrgE8dzMRgIt9ZKyU6zIj1PTOO6Z" role="music director" IPDN="nN1KN8apjXR61CrimIoEz3uSF7Xr7" performance="soloist"
                     grossFee="353992358.25" modifier="A" IPI="bKktwha3Lsh8nQK-Q.aeZk3et" birthDate="2020-02-23"/>
            </Participants>
        </Record>
        <Record title="oM_VmZU1mEE" spins="208987329" ISRC="02C06P44IQ7K" year="6028" producer="xXXpb0htN3CG6fbNTu"
             label="Z73SdYEkT0XVlV0VxmNsWt" recordNo="JLAzrxm2E" serialNumber="Hm05FtcccvlkNvq.j3No0-n"
             isPremiere="false" usage="commercial" ISWC="qGdLjvepjyAkC" AKA="oi1TwL" genre="pop" broadcastedFrom="2019-07-25T11:21:16Z"
             broadcastedTo="2019-06-22T11:21:16Z" runtime="592455815" origin="commerce" alternativeTitle="m_cCU.4uHr"
             recordedFootage="2046994070">
            <Participants>
                <Participant name="w" role="sound engineer" IPDN="gt06" performance="supporting" grossFee="1928547880.27" modifier="B"
                     IPI="fIoFrzC" birthDate="2020-03-27Z"/>
                <Participant name="dmBdaV_qXtESNKX" role="sound engineer" IPDN="dA" performance="soloist" grossFee="-370581318.79"
                     modifier="B" IPI="ufb0ye0NRJLIjF8vCEEW3" birthDate="2019-01-21Z"/>
                <Participant name="_N04aFk6Il66aUeAy" role="music director" IPDN="k7rDQYGk_.skLQWwQzK" performance="conductor" grossFee="-1990388151.95"
                     modifier="A" IPI="D8Dtx1GbVshtAoiWYwvHEuasQ" birthDate="2019-11-10Z"/>
                <Participant name="a7QkgrMVdP7c8cU8450W" role="sound engineer" IPDN="kJ-Lb" performance="supporting" grossFee="-1903197093.64"
                     modifier="A" IPI="oPzH4AdSRB.dQcDX4J0uM" birthDate="2018-11-01Z"/>
                <Participant name="FEBOXco3DOCVWFnO" role="subscriptwriter" IPDN="yhIdSnfAhIIQBGLADZaJ8h-" performance="conductor"
                     grossFee="1502310827.93" modifier="C" IPI="atHz9BGO8n_oeIcBL2qX2k" birthDate="2018-11-12Z"/>
                <Participant name="N3w" role="remixer" IPDN="_eE_xI8e" performance="supporting" grossFee="-1500862315.83" modifier="C"
                     IPI="BuQCTOMOaj8VLmS54u" birthDate="2019-02-22"/>
                <Participant name="Ym79r4tWWPQcl" role="remixer" IPDN="NhBQ600A97GQ9FA" performance="chorus master" grossFee="-807844279.73"
                     modifier="C" IPI="DwW-hRqEgDgZadL5xpTwTwUlY" birthDate="2019-04-26Z"/>
                <Participant name="_jsU1pgt" role="remixer" IPDN="KsXS7" performance="supporting" grossFee="1260190244.05" modifier="A"
                     IPI="Jsyxv.9iN" birthDate="2019-06-01Z"/>
                <Participant name="Z1lPJtxJBDD5v7yzB.pI" role="performer" IPDN="jguBZHOAKD6lx" performance="main" grossFee="455150385.66"
                     modifier="C" IPI="dtdasq05InQ-MkVaKl" birthDate="2019-05-10Z"/>
                <Participant name="Y" role="sound engineer" IPDN="fFSty9U.tk333ta-s" performance="soloist" grossFee="1327535240.49"
                     modifier="A" IPI="c3fkQ-J-PvYVxVaaCM-rBN" birthDate="2020-04-23Z"/>
            </Participants>
        </Record>
        <Record title="R_.bNHK4uq-k1hd" spins="935088488" ISRC="A8915YX97WV7" year="4414" producer="S_7-dw_yQ8kG" label="op74tS"
             recordNo="CYAoV772n99.1oOWh9J" serialNumber="BKgJemcYT7t9" isPremiere="0" usage="jingle"
             ISWC="MLzazqH-qgJumK97aGP" AKA="piyNH6S4e7D_ZUCcuZ5oXSp6OZdGGD" genre="spoken word" broadcastedFrom="2019-11-25T11:21:16Z"
             broadcastedTo="2019-03-31T11:21:16Z" runtime="716497686" origin="self" alternativeTitle="BgRIWu4l1uV9esJW"
             recordedFootage="1846748491">
            <Participants>
                <Participant name="No_jg4" role="music director" IPDN="I4mwD5YHBrwlSAAi.M0Fl99Esi." performance="chorus master" grossFee="-1584131445.78"
                     modifier="C" IPI="RypVVEE5fWJfB7GNxg3cqu4cF1g" birthDate="2018-07-28"/>
                <Participant name="_Zfy63Jf8" role="composer" IPDN="sdTcRi.51qX2iLDQizJ" performance="chorus master" grossFee="1725491055.18"
                     modifier="C" IPI="VeboY" birthDate="2019-02-02Z"/>
                <Participant name="v39dOfC.LFU-n9wc" role="remixer" IPDN="oxaoJy_ziFlK2UYRoRKHM2oypM5" performance="chorus master"
                     grossFee="-123213608.48" modifier="A" IPI="R709uu" birthDate="2019-01-26Z"/>
                <Participant name="uXGMC2RG58OQGO93" role="remixer" IPDN="jbbbO4xlT_1Q2851sIdb9Rgb8" performance="conductor" grossFee="1676844822.26"
                     modifier="B" IPI="C" birthDate="2020-03-11Z"/>
                <Participant name="v5gkfWkl8JmMn15J_ak36TpfKSnf88" role="subscriptwriter" IPDN="wPcCR7i9Jxo1YrcFJLr" performance="supporting"
                     grossFee="56441913.24" modifier="B" IPI="iM2wq4ldTL6SAlAwFet" birthDate="2018-09-12"/>
                <Participant name="OVtdnjqjs47v" role="music director" IPDN="WA" performance="conductor" grossFee="-704391267.86"
                     modifier="A" IPI="DO" birthDate="2020-02-09"/>
                <Participant name="I" role="arranger" IPDN="J" performance="supporting" grossFee="1815352037.39" modifier="A" IPI="u"
                     birthDate="2019-04-28"/>
                <Participant name="lh" role="sound engineer" IPDN="i_xyc9S1w0ZTLPEMG" performance="main" grossFee="-712235841.52"
                     modifier="A" IPI="K.HFuOQ1NhK4" birthDate="2020-05-25"/>
                <Participant name="iHHXdPDlqmh5KBCA6.n" role="scriptwriter" IPDN="GM" performance="soloist" grossFee="-49801774.36"
                     modifier="B" IPI="eLlfy.eEN" birthDate="2020-07-01"/>
                <Participant name="cJ" role="sound engineer" IPDN="bFuvErkA7" performance="conductor" grossFee="1260712952.61" modifier="C"
                     IPI="r2-RwU90xPiYP_OQK6Q3jDP2ogko" birthDate="2019-08-25Z"/>
            </Participants>
        </Record>
        <Record title="qQ9U_lN" spins="1838693916" ISRC="0UAY3D60RI5P" year="9470" producer="O_o4h" label="ZGOIu6Opfejphwd740L7TC69NRI"
             recordNo="OKJkBKifp" serialNumber="tn9RN6NZ9Ykma1QaGYAj" isPremiere="0" usage="broadcast"
             ISWC="bJUdKYKFTndyK6J" AKA="iM_UIWsv3jRfp.1q6VGOZP" genre="composed" broadcastedFrom="2018-11-30T11:21:16"
             broadcastedTo="2020-04-23T11:21:16" runtime="453059550" origin="recorded stream" alternativeTitle="V8ZFH6VijLENvrFeyMmpWJdEbt"
             recordedFootage="1808190242">
            <Participants>
                <Participant name="J8EvspSL4IrXKW_r" role="producer" IPDN="ua0YEaQn7ElwpT" performance="conductor" grossFee="1255018200.71"
                     modifier="C" IPI="hOEC4" birthDate="2019-10-16"/>
                <Participant name="MLfmz5l-RfQB7QWl0IDLEqUTn6JI1" role="arranger" IPDN="RGV6v5tfJhx" performance="chorus master"
                     grossFee="800623943.52" modifier="B" IPI="jzogiCHEYiwrKGUT3e4XXh" birthDate="2020-06-05"/>
                <Participant name="b17nfO" role="remixer" IPDN="m_8UeQkuA" performance="soloist" grossFee="-232420313.27" modifier="A"
                     IPI="JP.i9W5ufgVPyPCoH5WOhNr" birthDate="2019-11-13"/>
                <Participant name="U923cFSRou4P7-h9aklBYyjQE6i" role="composer" IPDN="NWc8kOmH7Zj1VUYsr_dgQgXRs" performance="chorus master"
                     grossFee="-1384355446.16" modifier="B" IPI="Cc6YRw" birthDate="2019-03-05"/>
                <Participant name="eWZII1JSWLOF-Kw" role="music director" IPDN="B131E2kmfTdoTtrXaKW4K8CqB" performance="conductor"
                     grossFee="682589185.67" modifier="C" IPI="wAOaojU-CRT_7Nn4u" birthDate="2020-02-16"/>
                <Participant name="joSlHU17Kl3S4TtjLG.l" role="composer" IPDN="CsuMxq" performance="conductor" grossFee="-892975174.01"
                     modifier="C" IPI="WMxtTxTMaca7.SLu3" birthDate="2018-11-11"/>
                <Participant name="xcb" role="performer" IPDN="MNnEg4J2y7.En.jBs8CCULYrSCwX6C" performance="soloist" grossFee="320350528.16"
                     modifier="C" IPI="oKcIXYpOvmEZS-flpmz-7I0Ixn" birthDate="2018-08-13"/>
                <Participant name="Nn1CV.mrQwEJYD7t8t6E4DpT5G2r" role="music director" IPDN="n-0CLkG79I2TIquuBxR" performance="supporting"
                     grossFee="1577758083.68" modifier="C" IPI="XDrcO6pPMDTb" birthDate="2020-03-20Z"/>
                <Participant name="QTUp9FW7KUtr1mHxv" role="remixer" IPDN="vwMvPx" performance="conductor" grossFee="-228921382.35"
                     modifier="B" IPI="EsFMx" birthDate="2019-12-12Z"/>
                <Participant name="UsP9ke001DXAd3a0N" role="scriptwriter" IPDN="h_Hg2mPfXqZTLy27SxIJ3vkKgpDN" performance="soloist"
                     grossFee="679059217.52" modifier="B" IPI="u7VJ0GK" birthDate="2019-10-22"/>
            </Participants>
        </Record>
    </Record>
    <Record title="x" spins="187938121" ISRC="KP8M150TH392" year="5309" producer="FjoI9m.2UGEb4Y_._VGkNmZ" label="RdURs-u4Z"
         recordNo="b5d2pYavxqBv8wihNY0BbmKGT.-" serialNumber="TXgeDbrTC_" isPremiere="false" usage="commercial"
         ISWC="g0DV3-pMAEYPkGJV1ZqRJ" AKA="UpurvKcaR0" genre="commercial" broadcastedFrom="2019-04-04T11:21:16Z"
         broadcastedTo="2020-03-05T11:21:16Z" runtime="264561592" origin="report" alternativeTitle="J2njL-rnbVkseD-4C5"
         recordedFootage="170682360">
        <Participants>
            <Participant name="K6FaA2P37x" role="performer" IPDN="NKULxDmku.Np3Gjfo" performance="conductor" grossFee="1904372009.40"
                 modifier="C" IPI="DAG4br.U3.IRy7V86TI2vQR6Q" birthDate="2020-04-12Z"/>
            <Participant name="dqXmvcB" role="performer" IPDN="zWDw9XGu" performance="supporting" grossFee="709590393.46" modifier="B"
                 IPI="GxxZB80eYXKPCsuLI.O3ZHlGPEm7H" birthDate="2019-08-04"/>
            <Participant name="NOWJ_ZIenxv3XCFFyKOW8Dn" role="remixer" IPDN="Aa2aW" performance="soloist" grossFee="789061098.36"
                 modifier="A" IPI="E" birthDate="2019-06-15"/>
            <Participant name="cOuS" role="remixer" IPDN="jfLMFcIn2e14R4plrI4lV" performance="chorus master" grossFee="1589540884.07"
                 modifier="A" IPI="YV8jjMml-nYSTh.0Q-yHNiAE" birthDate="2018-11-23Z"/>
            <Participant name="oPPh_FjZCUymIZ" role="producer" IPDN="OZ" performance="soloist" grossFee="522316041.55" modifier="A"
                 IPI="qzUX32H3b9KXPnD_l.UGl4Rex" birthDate="2019-03-24Z"/>
            <Participant name="FCJZtsFziFjB_uBo6pcWP" role="music director" IPDN="UlPqVmXbCx.dCAMHfmhEXN6" performance="conductor"
                 grossFee="-876173477.32" modifier="C" IPI="RpPgTX5" birthDate="2019-02-26"/>
            <Participant name="x30_aqjRX" role="composer" IPDN="M_yPxm" performance="chorus master" grossFee="5220443.60" modifier="B"
                 IPI="lYqubl" birthDate="2019-04-25Z"/>
            <Participant name="bcn" role="arranger" IPDN="A" performance="main" grossFee="1151912573.01" modifier="A" IPI="PjDRGHInHSsvwAYucrYvVncM7h"
                 birthDate="2019-11-06Z"/>
            <Participant name="KpJgc0F-N1jkwxwH5Y4I7Qa4dKOrv" role="music director" IPDN="tS-097m" performance="supporting" grossFee="-756457570.75"
                 modifier="C" IPI="tLhCOOac6VBvd" birthDate="2019-11-11Z"/>
            <Participant name="Z8xl7_4CcNh_TOKg7ZpI.cm" role="performer" IPDN="_-L_.UKM8__pUYSBfvzdvdgj" performance="main" grossFee="627408196.67"
                 modifier="A" IPI="EH" birthDate="2018-10-02Z"/>
        </Participants>
        <Record title="PFuAo-s" spins="1161190419" ISRC="7376C1SZQQU9" year="8511" producer="rMs86OWpUZA" label="SkIb4FM7yk5XgIGyIb.S2z1"
             recordNo="k7pqJ0gsprg8gep8-" serialNumber="NDZ" isPremiere="true" usage="jingle" ISWC="o8"
             AKA="fk0SXAFdHm2dSAUGgvka8ak1mLYibM" genre="composed" broadcastedFrom="2020-06-01T11:21:16"
             broadcastedTo="2019-12-09T11:21:16Z" runtime="365825175" origin="live stream" alternativeTitle="wo8f_7W1C"
             recordedFootage="1835188467">
            <Participants>
                <Participant name="EIO" role="arranger" IPDN="XT3" performance="supporting" grossFee="-1348836310.27" modifier="B"
                     IPI="NPecIHg29PYJNab0MtPu9E" birthDate="2019-07-22"/>
                <Participant name="lsL1Qie6-Y6rwOJ_hdjUDQoE" role="arranger" IPDN="sYCDG6Sdy_bHhnlVGSE950" performance="main" grossFee="1164161346.96"
                     modifier="C" IPI="M" birthDate="2018-10-04"/>
                <Participant name="azy0n7-7" role="performer" IPDN="nQM8F-nDIIAQc" performance="conductor" grossFee="615955863.37"
                     modifier="B" IPI="dEFVg7NhP1iyDQLWp" birthDate="2018-10-10"/>
                <Participant name="Bkp0neHpXQ" role="subscriptwriter" IPDN="arh8bhjspBLZPK_obYTwjP0s6JEnsA" performance="conductor"
                     grossFee="863822340.00" modifier="C" IPI="VCNAPublRRh29QyX" birthDate="2019-05-04"/>
                <Participant name="iTlj5RZ3lpNwWsNA_" role="scriptwriter" IPDN="WcvPd7sBy0kGRsTd2epoP9" performance="supporting"
                     grossFee="2021745111.02" modifier="C" IPI="cYnuJ4F784rw" birthDate="2019-09-24Z"/>
                <Participant name="nn76JptXVcNa1ILUPh47X6dksjlu2" role="music director" IPDN="wy34GeL" performance="soloist" grossFee="746226317.85"
                     modifier="A" IPI="Nzex4ltPGZGOCO" birthDate="2018-08-31"/>
                <Participant name="tv908IggFu9GnVDfUP3.F3duStCVT" role="remixer" IPDN="mWNLG1YNR" performance="supporting" grossFee="-897910859.18"
                     modifier="B" IPI="wRBEZyzEnoTpM.ngbPdbBAIjHlCX" birthDate="2019-07-08Z"/>
                <Participant name="h.44txZyb1YzH5qsxNMoYAH8" role="producer" IPDN="kKMQCkyx" performance="soloist" grossFee="1331039277.37"
                     modifier="B" IPI="vTg_VCIKtIIj" birthDate="2019-04-19"/>
                <Participant name="WjtQJA3WnKBE0WTjBVAsIl" role="producer" IPDN="DAWv3q-oJSrm_6fbaH-twNI" performance="soloist" grossFee="1768824343.89"
                     modifier="B" IPI="R8aWMXltURd-" birthDate="2020-01-03Z"/>
                <Participant name="zft" role="performer" IPDN="m6Gbaefqd8ULV8IPJmQuKSx" performance="main" grossFee="-1987587274.89"
                     modifier="A" IPI="SwJhe7u6" birthDate="2019-05-15"/>
            </Participants>
        </Record>
        <Record title="fxfaJWgfnJxm9z" spins="276800989" ISRC="S8CV5K90YQIP" year="3111" producer="Wg-lkUhTFUfWiuwAhWvjVqTokw-"
             label="TIAIbJS-xJR87.71P4SOlzL" recordNo="h4DceiXBVPDgOdUMMwj4tKpVRFYL" serialNumber="btkefG"
             isPremiere="0" usage="commercial" ISWC="tyEDYmrJsoYyD1ojMEcjuzu2z2W" AKA="Zl8-aum9apf."
             genre="pop" broadcastedFrom="2018-12-12T11:21:16Z" broadcastedTo="2019-10-21T11:21:16" runtime="1611239474"
             origin="free of charge" alternativeTitle="tNzP_e8PIuQJXUllT_7MiOLP.N" recordedFootage="2117790171">
            <Participants>
                <Participant name="aKGGSPLYAU4NAHm" role="composer" IPDN="rJM" performance="supporting" grossFee="-1910866963.95"
                     modifier="A" IPI="B7WCz2vX" birthDate="2018-12-16"/>
                <Participant name="d8oOR9Ll4JwE8q" role="arranger" IPDN="Lu_F8IiDsC" performance="supporting" grossFee="1830299094.57"
                     modifier="C" IPI="xq.YKiw_7NDFveZA-rKKog4Jr" birthDate="2018-07-04Z"/>
                <Participant name="s" role="composer" IPDN="APLno9UU" performance="soloist" grossFee="1440225353.18" modifier="A"
                     IPI="Gn.9Qhe1fpW01_MaBuozKIa0" birthDate="2018-11-17"/>
                <Participant name="MW1fcbRsccgj6RmjCgw" role="composer" IPDN="Cm-EB2GO0ZiYRw5AcccWeP7VRfOo" performance="main" grossFee="-114848596.72"
                     modifier="B" IPI="SUcqKt" birthDate="2020-03-06"/>
                <Participant name="tWNBbokQH" role="sound engineer" IPDN="uj" performance="chorus master" grossFee="1262757521.20"
                     modifier="B" IPI="YcCqIZx.Je39lEFCfdIA" birthDate="2020-05-12Z"/>
                <Participant name="L" role="sound engineer" IPDN="_SjR1I-aSQqGx-.8jI3gT" performance="chorus master" grossFee="1234064893.08"
                     modifier="C" IPI="rLiee1ZgFmRM2df_gMkuQ" birthDate="2018-08-20Z"/>
                <Participant name="zUChH" role="sound engineer" IPDN="tJk35-SiaOFOPrvN.mJNBAolqi" performance="supporting" grossFee="1772340897.15"
                     modifier="B" IPI="_AcBFOkyNyFOd" birthDate="2018-08-09"/>
                <Participant name="lfYkXbPDdk3gH6oA7tN1X2C.4xsb3" role="producer" IPDN="fzk27jGyFJnFl" performance="soloist" grossFee="1922092115.01"
                     modifier="B" IPI="rfRXlNVnm3C-ouQwajwDY" birthDate="2020-03-28"/>
                <Participant name="_c47c_wlbViWJfb-Yi4qgkXk" role="sound engineer" IPDN="gE-5cMIlTUB" performance="main" grossFee="-740555433.34"
                     modifier="B" IPI="fTk1cQI1baAT9P5nvq" birthDate="2018-07-18Z"/>
                <Participant name="i9ysowVpsT2TxuBxFZpgxS" role="subscriptwriter" IPDN="K" performance="soloist" grossFee="1379097297.80"
                     modifier="B" IPI="AbvuO8.a" birthDate="2019-11-02"/>
            </Participants>
        </Record>
        <Record title="GzH4ZAuulC3db4R.ENzn1PEBtzMvQa" spins="1822734066" ISRC="7FS126067O19" year="7142" producer="Rkgoc4P8yhXcEQRQfWXoA-"
             label="A2j" recordNo="FWaq29M" serialNumber="_y4ThUdvEMbylMtGIronXzCCZid" isPremiere="0"
             usage="commercial" ISWC="EZv3W1GQwuGJPWC3Rw6YlDR" AKA="M.JyBrkPKbAzvTd3iEVPXfCJ6ZMEe" genre="commercial"
             broadcastedFrom="2020-02-06T11:21:16Z" broadcastedTo="2019-11-08T11:21:16" runtime="1754572726"
             origin="recorded stream" alternativeTitle="HO7VUbHNVJj-ega_65aAiIzAr" recordedFootage="205692446">
            <Participants>
                <Participant name="aasX3bzC7dQ.qQGURrEX6sMBZJ7B" role="sound engineer" IPDN="RNr" performance="conductor" grossFee="-361996537.30"
                     modifier="A" IPI="NF5SR4mL2GE" birthDate="2019-03-29"/>
                <Participant name="PbQf4ZdunBq5j.N_qq8Xp6y8b2Wt" role="composer" IPDN="bO9rUbSE6WuI0eks3GDcVBc9lym" performance="supporting"
                     grossFee="-437708581.62" modifier="B" IPI="q88Xik4x2.yHRiz_LDWI7J5" birthDate="2018-10-19"/>
                <Participant name="WxNA9mm1HCpYaq7QCKTkJxrQ" role="sound engineer" IPDN="LuKHeRGkAmmXmAddNcoh9sag-xxOV" performance="main"
                     grossFee="794386256.21" modifier="C" IPI="MGR" birthDate="2019-11-14"/>
                <Participant name="gf8LZUS5kko_zdWV" role="composer" IPDN="Lo0AAjk" performance="supporting" grossFee="-470711059.25"
                     modifier="A" IPI="OfnB" birthDate="2019-02-02"/>
                <Participant name="ZuTRWLRa5PrTZ.dynp" role="music director" IPDN="sY3g-" performance="soloist" grossFee="-1849623303.58"
                     modifier="C" IPI="_qZChxYksLp-iY1" birthDate="2019-07-14Z"/>
                <Participant name="eRu8QNQJxxl1ku5.gIJ-bNZ3o" role="composer" IPDN="sG-FqrG_8GnYWn" performance="chorus master" grossFee="-1661781945.88"
                     modifier="C" IPI="jm8Qw_NgXbm8" birthDate="2018-07-06"/>
                <Participant name="t" role="remixer" IPDN="fy9YIgwnoJO1sbtb" performance="main" grossFee="-2020017815.01" modifier="B"
                     IPI="aLV8JyajVJmq" birthDate="2019-01-25Z"/>
                <Participant name="Q2SnYW3vHpS-Y-dHj2NC" role="remixer" IPDN="aS4SCtIFzRqmFi2ORbzW7ZyNL" performance="conductor"
                     grossFee="-1357026445.75" modifier="A" IPI="yEbokHf0Fe0LuttHFZrrK-OH79j" birthDate="2019-12-23Z"/>
                <Participant name="vGg" role="sound engineer" IPDN="UpyamBTtz9vIzixQczn21g06" performance="supporting" grossFee="-1772356552.08"
                     modifier="A" IPI="zE_g56kyu4X" birthDate="2020-03-09Z"/>
                <Participant name="UG68fcs3NwZZG436f6zo" role="arranger" IPDN="CvFZERRjCB_TLZOD04.pc3w" performance="soloist" grossFee="764970901.19"
                     modifier="A" IPI="ZRAEXFde56Wb2pI.ZKwZd4rrlfs" birthDate="2020-02-28"/>
            </Participants>
        </Record>
        <Record title="sbLKyyXP-SNoV-2.7oZBP7EM" spins="313518966" ISRC="NMQ6LBX4K89R" year="7307" producer="hVg6k_6k9k_yxr0mDu_0KWo-jd0j8"
             label="ILlmWoL.RgpKimygR7HK.uVLWrmXKa" recordNo="yqAvIZ6RQg" serialNumber="P3nzj" isPremiere="1"
             usage="commercial" ISWC="q" AKA="nGA3B-9akJcZn06Cb4NDa0NgSEEiQ" genre="spoken word" broadcastedFrom="2018-09-19T11:21:16"
             broadcastedTo="2019-12-31T11:21:16" runtime="95249554" origin="report" alternativeTitle="n-mTwslSKQxmA6gZZ9ksK"
             recordedFootage="444437135">
            <Participants>
                <Participant name="I" role="scriptwriter" IPDN="rc" performance="main" grossFee="-68880394.97" modifier="A" IPI="zRo4"
                     birthDate="2019-05-17"/>
                <Participant name="sj" role="composer" IPDN="v2n-hbflQ.TyS_GoN_cTA_Uhml" performance="supporting" grossFee="80493065.64"
                     modifier="A" IPI="Xll7z9DRDx5OqY4Fi" birthDate="2019-02-08"/>
                <Participant name="iEwZsHLXAzum2XdUqF" role="sound engineer" IPDN="bV6X41xrOyzKWRiN_7hkW" performance="soloist" grossFee="1234104184.99"
                     modifier="C" IPI="dCLxN" birthDate="2019-02-07Z"/>
                <Participant name="OO0lN4anC" role="subscriptwriter" IPDN="pcI42zF" performance="main" grossFee="-318327299.06" modifier="A"
                     IPI="g5vhDFjqZryyYQm.u_V..68vHbE3" birthDate="2018-11-28Z"/>
                <Participant name="XhU8io5OfbPS_7" role="performer" IPDN="_Yg" performance="supporting" grossFee="-901903066.92"
                     modifier="B" IPI="AOugl1n" birthDate="2019-04-24Z"/>
                <Participant name="yhUwqA" role="music director" IPDN="rCSGEQ" performance="chorus master" grossFee="-1665280287.09"
                     modifier="A" IPI="WX" birthDate="2019-09-08"/>
                <Participant name="hw5sszxE" role="performer" IPDN="zFnKOBb4" performance="chorus master" grossFee="1873761730.65"
                     modifier="A" IPI="rmoZz7yWIRMqjoTiJSkld0yWvms" birthDate="2019-04-07Z"/>
                <Participant name="iFr4f-bXGTWsqUBZb" role="arranger" IPDN="f9UzogXuD2S5NLCkU8bLgnQ" performance="soloist" grossFee="81731766.29"
                     modifier="B" IPI="Z_XmylC9O0DauP" birthDate="2019-07-08"/>
                <Participant name="lTG-N0aNlcN" role="subscriptwriter" IPDN="TPiJz" performance="main" grossFee="760845968.54" modifier="A"
                     IPI="HpVFsm" birthDate="2018-12-06"/>
                <Participant name="SOi4gVHKs-VDgi_PZTM-eXyJCF6" role="composer" IPDN="cbzRszrIh1UbxX" performance="soloist" grossFee="-791108264.40"
                     modifier="A" IPI="NQTasC_P32aDcRd" birthDate="2019-03-27Z"/>
            </Participants>
        </Record>
        <Record title="J3L1fzHgv" spins="168572014" ISRC="0W70215IIIQ2" year="2938" producer="GAN" label="XUWpPMLttsV-Ip"
             recordNo="n67pqB" serialNumber="TAKKmuIpFF23NyozoU_.crqfD0VdQy" isPremiere="0" usage="commercial"
             ISWC="Frow7Kx" AKA="O9AiwwTj-kOiLqiBnnSU" genre="pop" broadcastedFrom="2019-06-11T11:21:16Z"
             broadcastedTo="2018-09-28T11:21:16" runtime="791520212" origin="commercial" alternativeTitle="MK2zfEChABhenTQA3ImIvsxQIWfsv6"
             recordedFootage="353764795">
            <Participants>
                <Participant name="A3" role="performer" IPDN="DKgH2e3A" performance="main" grossFee="-1657903246.06" modifier="A"
                     IPI="v3vKPp6hGPps_kZPro8MtcEou4Tbw" birthDate="2019-01-20Z"/>
                <Participant name="_GNtZD6" role="composer" IPDN="c" performance="main" grossFee="565703340.32" modifier="B" IPI="gfp_EFyjEpwEXuhU9rTy.CY"
                     birthDate="2018-10-03Z"/>
                <Participant name="wgP_x09r1AF4P_" role="composer" IPDN="AM6i5LucQU2UNVFZp" performance="conductor" grossFee="344793011.83"
                     modifier="B" IPI="i" birthDate="2018-10-13"/>
                <Participant name="i53EgU_7gwmWKJdXOzO-DfvcD" role="arranger" IPDN="YEst-ISoZ8_gS019I0fQZ0Isg09dg" performance="conductor"
                     grossFee="590963603.56" modifier="A" IPI="PFuuErtB" birthDate="2019-12-05Z"/>
                <Participant name="deBUuUKa5BMwriAW.mUJteiKcQuQ" role="remixer" IPDN="n3GCxydMPlevZSq" performance="supporting" grossFee="-1027092109.88"
                     modifier="C" IPI="rlJvowq327yjgWutN_" birthDate="2020-05-27Z"/>
                <Participant name="lJ5padzpxbEagY8tWN" role="performer" IPDN="DNc8P8k0hLHShBRCc90NZRTycK6n" performance="chorus master"
                     grossFee="1653722212.77" modifier="A" IPI="U6OZaYPGAz7.N" birthDate="2019-05-01Z"/>
                <Participant name="gxaC58e4gr7ARGjGu9Fl8" role="subscriptwriter" IPDN="JCq0VbgYQ.x6hYUiu40HjzXO1oGmYA" performance="conductor"
                     grossFee="824353568.85" modifier="A" IPI="nXlSCM-QawVeZGpr615X_I4I" birthDate="2020-05-11Z"/>
                <Participant name="L" role="music director" IPDN="amP" performance="supporting" grossFee="-978849913.48" modifier="C"
                     IPI="ZF4oD" birthDate="2019-03-29"/>
                <Participant name="a3-c6P_Wv2YeFAg6b7k" role="remixer" IPDN="oEDspv" performance="conductor" grossFee="-621123714.28"
                     modifier="B" IPI="EgNY8NiuY" birthDate="2019-09-10Z"/>
                <Participant name="g.LgcH31cLAyhAITe08j" role="producer" IPDN="SNI0FuQ" performance="main" grossFee="1415078652.95"
                     modifier="A" IPI="Sm.rOWJtFEJnHSfM97" birthDate="2020-03-18Z"/>
            </Participants>
        </Record>
        <Record title="yf5uGiVfwBGvD" spins="209404353" ISRC="ES8OLO771MM8" year="8275" producer="eg0.ah-MRx" label="GIkvS"
             recordNo="a8xM.3yj_EZXBUA" serialNumber="dkBB4knTUnecZ6CForQ6Y" isPremiere="1" usage="commercial"
             ISWC="qN" AKA="n" genre="composed" broadcastedFrom="2019-07-03T11:21:16Z" broadcastedTo="2019-07-24T11:21:16Z"
             runtime="775186142" origin="commerce" alternativeTitle="Gkv" recordedFootage="355932504">
            <Participants>
                <Participant name="DMlRVS_JThSk3Jxi" role="composer" IPDN="c9ki3aH2F-UTak1LfR2K3cIa8o" performance="main" grossFee="-2111762795.73"
                     modifier="C" IPI="xoKm7" birthDate="2019-08-09Z"/>
                <Participant name="fN5" role="arranger" IPDN="rIAMHm0oTlDKpAQ6R52e22-JivHv" performance="soloist" grossFee="-1233652444.17"
                     modifier="C" IPI="R7Au-2EZKkSbbtS57srtmSZ" birthDate="2019-09-29"/>
                <Participant name="OXDgy9is" role="subscriptwriter" IPDN="Nf7vRyxnxLB" performance="conductor" grossFee="-906069261.44"
                     modifier="C" IPI="QrqT6UKXt" birthDate="2019-04-02"/>
                <Participant name="xXNMyd_r5GD-ouLR7" role="performer" IPDN="zKChatjLD" performance="chorus master" grossFee="-1536787326.30"
                     modifier="B" IPI="C7e" birthDate="2019-04-25"/>
                <Participant name="VmJ" role="producer" IPDN="mNXGDhBlGZv.SwkLCyqg" performance="soloist" grossFee="-761705566.36"
                     modifier="A" IPI="eB9RbdqR" birthDate="2019-01-21Z"/>
                <Participant name="P9h" role="music director" IPDN="ER7" performance="soloist" grossFee="-1820005286.28" modifier="A"
                     IPI="ulm_ezfjbkn.90" birthDate="2018-12-16"/>
                <Participant name="H59" role="sound engineer" IPDN="VkM1zdB9LkAD2bCejD8Le.K" performance="main" grossFee="673108660.08"
                     modifier="A" IPI="koj13m8Z6" birthDate="2019-11-20Z"/>
                <Participant name="Cw2nhqpcZm02r-DQf2oQgwf5F" role="arranger" IPDN="zjsyeXouPwK37bwe" performance="soloist" grossFee="-1201644115.65"
                     modifier="B" IPI="CnuuztqVFd63" birthDate="2020-03-28Z"/>
                <Participant name="tlsZR80xg" role="performer" IPDN="sRz6ndccEdPlFdHy" performance="conductor" grossFee="1885096326.01"
                     modifier="A" IPI="dsYKq1bz" birthDate="2020-03-11"/>
                <Participant name="I31KaOtdE8Sp6cQ5" role="composer" IPDN="AfVQL7fioepeneqz2Vsr" performance="chorus master" grossFee="1138525801.19"
                     modifier="C" IPI="v" birthDate="2019-04-05Z"/>
            </Participants>
        </Record>
        <Record title="Tqex16FKpkunrFLYihgYB" spins="171332406" ISRC="7R75V532X9Y6" year="0864" producer="je3z4DTJvYTyL1gXXdaakn3Ns3ieE"
             label="VvYyjSBQ-S8kVKidPxH9JkVCdO7bPo" recordNo="z" serialNumber="W0cU-jkCAtxj1Dz" isPremiere="false"
             usage="commercial" ISWC="ha7pIT6" AKA="UnT9H3" genre="pop" broadcastedFrom="2019-08-02T11:21:16"
             broadcastedTo="2020-04-13T11:21:16Z" runtime="842774629" origin="recorded stream" alternativeTitle="Vfo3oOF60MGuFXp64fmaDfE50"
             recordedFootage="335634169">
            <Participants>
                <Participant name="gV" role="arranger" IPDN="gJvxnPbrHa.8VF5qxXEq9x8v9R" performance="conductor" grossFee="-1483780617.12"
                     modifier="B" IPI="TJpEGtr3fCJtaiYPV_9QUywShEB" birthDate="2018-07-30Z"/>
                <Participant name="xre4KCIzGnF-0goQx5gdKJm." role="arranger" IPDN="fKuU3dAM6TotPuUz71PejG" performance="supporting"
                     grossFee="-1164583394.42" modifier="A" IPI="toFgw3Q2q" birthDate="2019-09-20"/>
                <Participant name="nW_14zY" role="music director" IPDN="puDSHp5jVTzuOx.1OxiR11Z3FzWC" performance="conductor" grossFee="416438827.13"
                     modifier="A" IPI="Ji" birthDate="2018-08-12Z"/>
                <Participant name="BIiCJSer" role="subscriptwriter" IPDN="UZU1c6nWLiIB" performance="chorus master" grossFee="1803476946.68"
                     modifier="B" IPI="S3yLPh0XgQzRqRZ_dQ" birthDate="2018-08-02"/>
                <Participant name="O-pSy-Paya.kk9Xp5GbwUQ0RVw6L9H" role="sound engineer" IPDN="hd5ZJRoYE" performance="main" grossFee="393147288.81"
                     modifier="A" IPI="mUCRwj7KkM3ox9bc_krrmu" birthDate="2018-12-29Z"/>
                <Participant name="HkdrMX" role="performer" IPDN="Q2" performance="conductor" grossFee="-1796929288.74" modifier="A"
                     IPI="Rpmc24UGdlMEPNh.miOPGsn" birthDate="2020-03-05Z"/>
                <Participant name="CvJgMawblU3OLg" role="composer" IPDN="qOWDlFNuOodx6VA3bTcah2Kq" performance="supporting" grossFee="-310093424.55"
                     modifier="B" IPI="a0oBpnTYk_14IlEOvCUzlpd" birthDate="2018-09-17Z"/>
                <Participant name="XNl_8N" role="remixer" IPDN="Ad.0xZIqAa7ai0" performance="main" grossFee="1702609757.10" modifier="C"
                     IPI="_8mC" birthDate="2019-08-04"/>
                <Participant name="JO14kFrs96h_hW" role="arranger" IPDN="b2Jr8XFuM72nga1.PNva_s43F" performance="conductor" grossFee="881059238.81"
                     modifier="A" IPI="DdIrlsET_Ln6zZqGpXlXXy5j" birthDate="2020-05-23Z"/>
                <Participant name="NAApMWiyd-MkL_E7" role="music director" IPDN="qp02AbPBBRVbMbblzh" performance="soloist" grossFee="421236730.02"
                     modifier="C" IPI="dhjsRT4qG_6W90h4hl4hl6" birthDate="2019-11-16Z"/>
            </Participants>
        </Record>
        <Record title="GmMAd1qt.UIhedRf" spins="1953679140" ISRC="Q5VHR9Z1T358" year="8703" producer="EL6F0-pOS_s" label="gTDku"
             recordNo="z28ST" serialNumber="lhYJFm8lvFz_3d" isPremiere="true" usage="broadcast" ISWC="mpIKZAQF2bFuLuaTz"
             AKA="np" genre="commercial" broadcastedFrom="2019-02-10T11:21:16Z" broadcastedTo="2018-11-22T11:21:16"
             runtime="48084044" origin="live stream" alternativeTitle="pLTr_suE0iyAgykc-LriCrQIyZ8V1L"
             recordedFootage="661823725">
            <Participants>
                <Participant name="dgE" role="remixer" IPDN="n1Z5fB1glJRDe" performance="chorus master" grossFee="1193439098.15"
                     modifier="C" IPI="u-byC5iFwwOXNHo6C" birthDate="2019-12-11"/>
                <Participant name="KogAVHBbk0U6xY" role="arranger" IPDN="IBQs" performance="chorus master" grossFee="804970116.41"
                     modifier="A" IPI="i8vOMZuz_CZXqQdmdY4S_a" birthDate="2019-04-27"/>
                <Participant name="ZVJKB7YcxEa78RRrf65" role="subscriptwriter" IPDN="mOwCcIn" performance="soloist" grossFee="-1613278686.55"
                     modifier="C" IPI="IW" birthDate="2020-06-18Z"/>
                <Participant name="WRAXGfCJOWr67RX8u2XSo.WuNz" role="remixer" IPDN="FQb" performance="supporting" grossFee="-1687161000.70"
                     modifier="C" IPI="pFDLnUR2YzmYnNA" birthDate="2020-01-31"/>
                <Participant name="y6M10" role="subscriptwriter" IPDN="nNZNkwh5lTyZ4" performance="supporting" grossFee="-1181667607.47"
                     modifier="C" IPI="rQbr-sI11ZR" birthDate="2020-05-24"/>
                <Participant name="tiR" role="performer" IPDN="gw" performance="supporting" grossFee="-883469598.84" modifier="A"
                     IPI="UT-vuT4tbnz3fZrxwpDxP_cJY" birthDate="2018-07-15"/>
                <Participant name="H-V" role="scriptwriter" IPDN="KxuoJ8LXuNZ9hBiE" performance="supporting" grossFee="-2108435454.46"
                     modifier="B" IPI="xiHp" birthDate="2019-01-09Z"/>
                <Participant name="TqZ.scnKXhLLCA2hs3qHJpWv" role="arranger" IPDN="jM512eqgfwHJx" performance="main" grossFee="-650006348.48"
                     modifier="C" IPI="oEhsry_25Xh86h6" birthDate="2018-09-29Z"/>
                <Participant name="JT20_wq" role="producer" IPDN="HDDMbUfxL" performance="conductor" grossFee="2142495535.95" modifier="C"
                     IPI="Ifdn548C8RWzHKFNsy0" birthDate="2019-05-31"/>
                <Participant name="Dqp5NMe4z_gFiT8Ck" role="composer" IPDN="eq32X3c_-Mv3KslI3R12K9SM" performance="main" grossFee="-1040425934.32"
                     modifier="B" IPI="Dk_EcaT" birthDate="2019-04-06"/>
            </Participants>
        </Record>
        <Record title="U4B7WB0umzZXtwRv0D_pwVjfQc" spins="746246334" ISRC="QC82XY1J29U4" year="9963" producer="uQWb-tE32-"
             label="AIYyftfS7YA8C1jth" recordNo="hdlHRh3V5J2NH__nTMDIm.cEzn7" serialNumber="Q5p7yePJk6qaERZNY"
             isPremiere="false" usage="commercial" ISWC="Q0nQL5RVQHHsrwMnrj" AKA="MW2PbpU" genre="spoken word"
             broadcastedFrom="2020-07-01T11:21:16" broadcastedTo="2019-01-08T11:21:16" runtime="1198374674"
             origin="live stream" alternativeTitle="oQxklOjlDwmHEVz4Ii" recordedFootage="532385462">
            <Participants>
                <Participant name="XD8UnmUpT3UQ-" role="arranger" IPDN="OtSPeijHV0.WCpvSOTtvAS03xt0Fq3" performance="soloist" grossFee="-1928238498.91"
                     modifier="C" IPI="rHEoqRnt3A3_prMomR5tYD" birthDate="2019-12-11Z"/>
                <Participant name="cEmJTkV2wNVFwdxlg1asLMJQ741RTH" role="remixer" IPDN="SpP_87YXx" performance="soloist" grossFee="-1289982928.95"
                     modifier="B" IPI="xK0Xpg-2.9P0FTYe2eJF86" birthDate="2018-12-10"/>
                <Participant name="N7Hqja" role="scriptwriter" IPDN="Y9wkLzsUgfEtsBHOLsWyjibEDa2s" performance="supporting" grossFee="-1699184770.31"
                     modifier="B" IPI="m0_EUNKcol2cjC_Wj" birthDate="2019-04-05"/>
                <Participant name="QoWu2IijcvgkrZgBYyXVULo" role="performer" IPDN="mR" performance="chorus master" grossFee="-1762611407.94"
                     modifier="C" IPI="Xh1mxy1tuReT" birthDate="2019-01-05"/>
                <Participant name="zQDBwZMxrf7zrKGt" role="remixer" IPDN="IRTi6Vpv" performance="chorus master" grossFee="-1688237818.59"
                     modifier="A" IPI="iyk4WbNn7HIY0kmio0Zyfe412" birthDate="2018-08-03Z"/>
                <Participant name="NpUEH" role="performer" IPDN="Hclm" performance="supporting" grossFee="1420858337.99" modifier="A"
                     IPI="mUIZUEb69ic9cXhk9_I5B8E" birthDate="2020-04-12"/>
                <Participant name="Iyvp" role="performer" IPDN="sp7FeNkLI3VGkTk2z2XNUm" performance="chorus master" grossFee="268734331.47"
                     modifier="C" IPI="CJ47PjYDM8dQ_SoeSRXHe5" birthDate="2019-12-08Z"/>
                <Participant name="tDcZ.OpP" role="producer" IPDN="Zi3DCmW5D" performance="supporting" grossFee="-1850495782.15"
                     modifier="A" IPI="vhqbamvjSwdH0J2uzrVlbeuL" birthDate="2019-12-19"/>
                <Participant name="lVzP_jdQy8ON7PQnIhKxG5QldI" role="subscriptwriter" IPDN="mBjqaD15ANkDWIjb47rGJ9HN." performance="chorus master"
                     grossFee="-853887179.49" modifier="A" IPI="WQIA8Mz5L" birthDate="2019-07-07Z"/>
                <Participant name="RuLnTCiKT_nQy0K" role="composer" IPDN="YxpApcnGdCaKHX2cAxjR3" performance="main" grossFee="-1059383864.84"
                     modifier="C" IPI="KH5r6tw2QJFnOZr7Wle" birthDate="2019-11-17Z"/>
            </Participants>
        </Record>
        <Record title="Y8kXIUjaMHnKfiPIX-Y" spins="1100713060" ISRC="V05Z46KQ0ER8" year="7827" producer="GrtB2O7Or1QuOQ5e-DwS5JEYlw"
             label="IjjeBA6" recordNo="P5sv4fw9NIUteRNC0VDI0E-F" serialNumber="lgyrMNYHxQu1fkWc4ds" isPremiere="false"
             usage="broadcast" ISWC="sypSYUiDyModakWJ" AKA="wd7xCkqNVx.ZPavxJRlC" genre="jingle" broadcastedFrom="2019-08-10T11:21:16"
             broadcastedTo="2018-12-02T11:21:16" runtime="1257789058" origin="recorded stream" alternativeTitle="IeSECH-duJ1qbLipxSrT"
             recordedFootage="693405219">
            <Participants>
                <Participant name="bVqQmFBt0y_cBFK_PASw64klqMva1I" role="scriptwriter" IPDN="OUgltvykj8jg_8NzsFEjl.jqSQw" performance="conductor"
                     grossFee="278977460.99" modifier="B" IPI="wDnQ42PrpdUvFVemR8w5e5" birthDate="2019-11-02"/>
                <Participant name="KhX0TAdw" role="arranger" IPDN="YHMy5aQGwk1XKNFQ.i" performance="supporting" grossFee="669189566.39"
                     modifier="C" IPI="cW_.yn1bBziRgqtNPKIZT" birthDate="2018-09-17"/>
                <Participant name="tnHQI0aL1l" role="music director" IPDN="LjoiZRh21m3gwy_V7DTM7uO" performance="main" grossFee="-359945027.91"
                     modifier="C" IPI="CLoCg6Zo." birthDate="2020-06-12Z"/>
                <Participant name="aFuygb5e6fFB6" role="producer" IPDN="uOs32VJl" performance="main" grossFee="-1269367495.72" modifier="A"
                     IPI="coy4bCRDEDQsPO1L49K_O-nNdIBR" birthDate="2019-01-03"/>
                <Participant name="FFxCIB.Dx." role="scriptwriter" IPDN="E04i8RuaaH-SoXgYsh1-j" performance="chorus master" grossFee="-1995942160.82"
                     modifier="A" IPI="u5AE._xUMUjJi9zrKa3L4d8f" birthDate="2019-03-20Z"/>
                <Participant name="Z8uYXK_5yb0" role="remixer" IPDN="Ee5OQ2zQgziaR2zdw3" performance="soloist" grossFee="864793819.74"
                     modifier="B" IPI="K-i" birthDate="2019-01-03"/>
                <Participant name="r7" role="remixer" IPDN="KUcVg3UtL" performance="conductor" grossFee="1928993375.42" modifier="C"
                     IPI="b5o" birthDate="2019-01-27"/>
                <Participant name="QnSCgrQC8TrByLtw3CnTiUWL" role="scriptwriter" IPDN="sW" performance="supporting" grossFee="-914701501.06"
                     modifier="C" IPI="G2dv" birthDate="2019-03-21"/>
                <Participant name="Az1-QhF6LUxG" role="music director" IPDN="Rb" performance="main" grossFee="452416075.27" modifier="B"
                     IPI="Bw95zo" birthDate="2019-01-12"/>
                <Participant name="yyTPihDT" role="remixer" IPDN="ET6om1ERXo" performance="conductor" grossFee="-500137314.06" modifier="B"
                     IPI="LdT33_A" birthDate="2020-06-26"/>
            </Participants>
        </Record>
    </Record>
    <Record title="AXjE8LDTyprEfypDk_ze" spins="1658584259" ISRC="46XK82Y0L473" year="3577" producer="YSrVqDpHMdH2Zh-MI4PtCNHKg"
         label="LoD1o_mDJSA" recordNo="K1xEXaDitxjsimd4" serialNumber="gBhj" isPremiere="0" usage="jingle"
         ISWC="ySrm.LqMmHRNzEaG" AKA="UN.i_0cnFfuj6lZ_4ahSFLGB8tM" genre="spoken word" broadcastedFrom="2018-09-01T11:21:16Z"
         broadcastedTo="2019-07-21T11:21:16" runtime="1292492580" origin="free of charge" alternativeTitle="RXT4"
         recordedFootage="2087018055">
        <Participants>
            <Participant name="OjzWZskNDCrVs60" role="remixer" IPDN="m7PxUj6Q03FMZL_b-B8hz2UbX" performance="conductor" grossFee="-93864209.61"
                 modifier="B" IPI="jVAl3jp" birthDate="2018-08-27Z"/>
            <Participant name="S3L8GX4Ur" role="sound engineer" IPDN="p_q1R.nlqil0Th17" performance="conductor" grossFee="1826009992.64"
                 modifier="C" IPI="gLIHcA9On65ji9gIQDC" birthDate="2018-12-13Z"/>
            <Participant name="X6nI3yavKNaoJbCLbe" role="remixer" IPDN="hfS62lS-mm0IbS" performance="main" grossFee="-773003990.69"
                 modifier="B" IPI="qf1wXmgu2mShRURhwT.DJGGIdm0dYG" birthDate="2019-07-26"/>
            <Participant name="C0RjYzX8uRANTuAaFf1qVwg" role="producer" IPDN="qOdWlGRSLzTQUkI" performance="conductor" grossFee="-1186905610.05"
                 modifier="A" IPI="BEs2zKrFxFvUdCLLU4tdOnAznYtY" birthDate="2020-03-30"/>
            <Participant name="thcxZi" role="sound engineer" IPDN="y6GM9JNbHTZ0z83" performance="supporting" grossFee="-1081596159.41"
                 modifier="A" IPI="cUUmyQtB" birthDate="2019-06-22"/>
            <Participant name="g2y3ygC9ffmD1R50y2R" role="producer" IPDN="Be9FGZOVK9pb9m.5SAn" performance="conductor" grossFee="-261947222.23"
                 modifier="B" IPI="hbd1q6fj4FVCS1" birthDate="2018-08-17"/>
            <Participant name="rGrO" role="scriptwriter" IPDN="H6n2ZXzwrcXWJhW2JZpCNJNF_6" performance="main" grossFee="1281103765.29"
                 modifier="B" IPI="OyZHDNXfvDzGDAjottgzVDyva1mlu" birthDate="2020-01-15"/>
            <Participant name="kQvXbz-TacSrnFp" role="sound engineer" IPDN="ZW0Q" performance="conductor" grossFee="507329666.02"
                 modifier="C" IPI="JThHhKk3sMrhz74wYvUULZ" birthDate="2018-11-11Z"/>
            <Participant name="yo" role="arranger" IPDN="NjnNLm8" performance="supporting" grossFee="476775490.25" modifier="C"
                 IPI="q" birthDate="2019-12-07Z"/>
            <Participant name="Yswc.Z2cskJa3q" role="sound engineer" IPDN="LIY9f7bJW" performance="main" grossFee="1447846342.77"
                 modifier="A" IPI="R_bvwGnTv6ieJo8RGYDJTNMc" birthDate="2020-02-17"/>
        </Participants>
        <Record title="V12C0ONjo_9Y" spins="1335814147" ISRC="J8CVHUWZO305" year="0741" producer="y1OEz8E4Z9ri" label="eAsRVD"
             recordNo="n6dPvW5JKbewtQCkJGR_lNRcS_LE" serialNumber="LP" isPremiere="false" usage="broadcast"
             ISWC="EGzEbtSrigsehDd" AKA="x2M_3fDovNW" genre="commercial" broadcastedFrom="2019-08-11T11:21:16Z"
             broadcastedTo="2019-12-24T11:21:16" runtime="581835334" origin="live stream" alternativeTitle="na3n_c4LPK7lb-fKAFCjar01NlBN-"
             recordedFootage="584056201">
            <Participants>
                <Participant name="sTon9Ap08EfAIxtQ4F" role="arranger" IPDN="zH7lz8S" performance="soloist" grossFee="-720654235.16"
                     modifier="A" IPI="SJPInAE0wCh" birthDate="2020-06-16"/>
                <Participant name="tNeE011265BogzFnQc0Pz2gGdj" role="arranger" IPDN="xOjNXqEoK" performance="supporting" grossFee="628177787.82"
                     modifier="B" IPI="HH" birthDate="2018-12-26"/>
                <Participant name="_TmH_AthmBD-feQfmTk0j4mWtQWlFd" role="sound engineer" IPDN="jG6I5cot-6" performance="main" grossFee="-1895709079.70"
                     modifier="C" IPI="r1zPVUGLQr-DGijwin8" birthDate="2019-07-17Z"/>
                <Participant name="xZ1t5X" role="performer" IPDN="WP6dyyrUW8i" performance="conductor" grossFee="41161233.90" modifier="A"
                     IPI="R5LW1A0CzpV4OvP73f9JoEcEKf" birthDate="2020-03-11Z"/>
                <Participant name="m7.rlZv.wqzVpQCU6dOJ4NJ6tWk" role="sound engineer" IPDN="iCEzTfciV-GniCj7R7zKqbx" performance="soloist"
                     grossFee="-2087587274.47" modifier="B" IPI="BCILQl.P6_vi" birthDate="2019-12-02"/>
                <Participant name="gnR_G" role="arranger" IPDN="dQ1u9c0w4E1A" performance="chorus master" grossFee="-362530992.49"
                     modifier="A" IPI="FDxTL1HG-kQ0BuabcacwJsoS" birthDate="2020-06-04Z"/>
                <Participant name="VyAZgrRfzEMZ" role="arranger" IPDN="PbdF" performance="soloist" grossFee="222436091.77" modifier="C"
                     IPI="Qsy51uqTyNwI.gb-j" birthDate="2019-11-14"/>
                <Participant name="hZcEc__wpUrE1CuO_J" role="sound engineer" IPDN="TFzvBD64" performance="conductor" grossFee="491024489.32"
                     modifier="B" IPI="oJbxLMdLktyrQRg" birthDate="2019-07-22Z"/>
                <Participant name="zR" role="performer" IPDN="S9afqKtUj" performance="supporting" grossFee="1924800303.20" modifier="A"
                     IPI="oxzlIcD9vTsH2FXAza" birthDate="2020-05-22"/>
                <Participant name="pddE7xZAfhVbodwXmFFiky8Wn" role="subscriptwriter" IPDN="i0TwFBpvhI44OyyDJAOi397a" performance="soloist"
                     grossFee="-1037796689.00" modifier="B" IPI="GI7onOKZxTTy5cCiiqT3NYz" birthDate="2018-08-10Z"/>
            </Participants>
        </Record>
        <Record title="YY0oFEPj4" spins="1961593546" ISRC="47MF281FMNB8" year="2703" producer="v2gT2MG4VWz24O" label="e0PJ"
             recordNo="r.vCjuEP6Q" serialNumber="JNU0OYmRAyToGfi9YXfzl4.a.mXF" isPremiere="1" usage="jingle"
             ISWC="_ofofbIW_JHpZAGzJx." AKA="HPKLdt1" genre="classical" broadcastedFrom="2018-12-24T11:21:16"
             broadcastedTo="2018-12-05T11:21:16" runtime="787112550" origin="commercial" alternativeTitle="IaAj"
             recordedFootage="418197784">
            <Participants>
                <Participant name="aQTHNcr2UwroUPELWSbjrI1v" role="music director" IPDN="KZuXYSp87Hk3UYUr" performance="soloist"
                     grossFee="1527799482.61" modifier="C" IPI="wvnUCUfnAiz1.." birthDate="2020-04-21"/>
                <Participant name="a6" role="composer" IPDN="K7Oa1ti2Q2vY3t66ShObuxC3c3k" performance="conductor" grossFee="-104239737.10"
                     modifier="C" IPI="s1YW90pj7xLdsCIBUvCybXHeUbUy" birthDate="2019-06-28Z"/>
                <Participant name="E" role="subscriptwriter" IPDN="CtKXd-Kyk5xLCUb2xdeZD8o1L_" performance="supporting" grossFee="-2086423647.89"
                     modifier="B" IPI="nVFez.9A2GRH" birthDate="2019-05-08"/>
                <Participant name="DQ6" role="remixer" IPDN="kZ-sZSS" performance="supporting" grossFee="-768304699.80" modifier="B"
                     IPI="ds5dVwWQWSpHdL6e4G8zQcx" birthDate="2019-05-28Z"/>
                <Participant name="HoOLVlReKOX5jBIO6" role="scriptwriter" IPDN="UNenOv_bp2Y" performance="supporting" grossFee="-234651682.99"
                     modifier="A" IPI="y5zve1fuCBDxxrihHScbK-Fv4" birthDate="2020-06-06Z"/>
                <Participant name="NYSWuEK4TSlmQNpKiiGKjke" role="arranger" IPDN="BG" performance="chorus master" grossFee="415781136.93"
                     modifier="A" IPI="_XrAb36" birthDate="2019-01-05Z"/>
                <Participant name="mbLOv54pwFNIs_xcs" role="producer" IPDN="Oq6" performance="soloist" grossFee="-2025207973.72"
                     modifier="B" IPI="MipAfKAgZ" birthDate="2019-06-08"/>
                <Participant name="a_jVL8Nu-mRYqEkVG" role="remixer" IPDN="EdHB" performance="soloist" grossFee="2073690648.73" modifier="C"
                     IPI="HEiQe_QMEAiJ" birthDate="2018-12-23"/>
                <Participant name="oBQIaICEY" role="producer" IPDN="gOw7eP" performance="chorus master" grossFee="-1167738115.21"
                     modifier="B" IPI="DBaf_TBib4MLboYQN1jTXWO" birthDate="2018-07-24"/>
                <Participant name="vvcOk39.73G4dhcoalksF-4Vj1w7ao" role="remixer" IPDN="m" performance="supporting" grossFee="1984464347.22"
                     modifier="C" IPI="j-" birthDate="2020-03-05Z"/>
            </Participants>
        </Record>
        <Record title="MNpMLUBo9Nn7O-BO9ECg66m" spins="1079838656" ISRC="28I0MAWTO28K" year="2032" producer="ev" label="aaN3x.vy3V"
             recordNo="o7lWI.zwJE8" serialNumber="tbUM_P3iQhge" isPremiere="false" usage="commercial"
             ISWC="lwtdV4nLT" AKA="vC" genre="commercial" broadcastedFrom="2018-11-03T11:21:16" broadcastedTo="2019-03-12T11:21:16"
             runtime="474710066" origin="live broadcasting" alternativeTitle="zwnDp" recordedFootage="1199566661">
            <Participants>
                <Participant name="j4vB9sjdMkTub_AyE8s" role="producer" IPDN="DWJv0O-KcAq0x6wTn9Z-.B_G8mq" performance="chorus master"
                     grossFee="217201995.17" modifier="B" IPI="hh1hZPQwgnEttv1zQ42H5leiz" birthDate="2019-11-22Z"/>
                <Participant name="U.7BZVB" role="performer" IPDN="t0nIZyJrwZMH" performance="supporting" grossFee="1748597557.13"
                     modifier="B" IPI="RmRIdTBc6wilab8A23" birthDate="2020-06-04"/>
                <Participant name="DVV6bLLs5yLuFQVDMDvEr" role="subscriptwriter" IPDN="MFjpQ_sd" performance="conductor" grossFee="545282699.93"
                     modifier="B" IPI="K3pZU3xMGRRbrkn" birthDate="2020-04-22"/>
                <Participant name="cUf_A2B64Nqd9bvN" role="sound engineer" IPDN="GVk3blKVv__RLfU" performance="supporting" grossFee="1804317725.90"
                     modifier="B" IPI="boxbPx83ODs" birthDate="2019-06-13Z"/>
                <Participant name="U._jzTHOq.47K9RbjK5sL9" role="subscriptwriter" IPDN="CulQ" performance="conductor" grossFee="392072628.76"
                     modifier="B" IPI="YJfEp.JOzb6DBJ.VDGqgzFvRtzQAf" birthDate="2018-07-22"/>
                <Participant name="xlWwp_nvQt74ytl6S_5IIo" role="producer" IPDN="uopaxYWhPNvcrn1Gvfz" performance="chorus master"
                     grossFee="-319398261.17" modifier="A" IPI="e0A" birthDate="2020-03-15"/>
                <Participant name="fq0c0" role="subscriptwriter" IPDN="TJT1wLKO-" performance="conductor" grossFee="842076181.54"
                     modifier="A" IPI="cAmnGs3n8IyL3wWs5" birthDate="2019-10-25"/>
                <Participant name="QRZYREcOCLPAXc2SDoyogS-MHMeJLk" role="producer" IPDN="KMBeqLIh8Ub" performance="supporting" grossFee="-264389778.87"
                     modifier="A" IPI="V" birthDate="2019-01-10"/>
                <Participant name="osC.zJyp6" role="subscriptwriter" IPDN="d4alpTYg7L9Tszm96" performance="supporting" grossFee="350949850.28"
                     modifier="C" IPI="P7g5mvqPG_GEHC.E" birthDate="2019-06-25Z"/>
                <Participant name="rL2" role="composer" IPDN="uPx7AM2N5" performance="main" grossFee="-529037554.05" modifier="B"
                     IPI="TuFJba" birthDate="2018-12-04Z"/>
            </Participants>
        </Record>
        <Record title="iIqmJNRu" spins="1281761637" ISRC="L14583FZ102Q" year="1280" producer="I519YAHRDeELEV" label="sEeqBt"
             recordNo="K" serialNumber="CtVa" isPremiere="1" usage="broadcast" ISWC="D4Tjkt1B.iOaEG_r2ENyv1mH"
             AKA="TM7.-wJLLtiR" genre="classical" broadcastedFrom="2019-04-09T11:21:16" broadcastedTo="2018-11-10T11:21:16"
             runtime="1634603348" origin="live stream" alternativeTitle="AqxIn.VAYqsiRJ.gaRf2fzI" recordedFootage="272026179">
            <Participants>
                <Participant name="xyC" role="remixer" IPDN="ALtLy3F5a5Q.HFVtjXcyRankDQaIG" performance="conductor" grossFee="-102725269.51"
                     modifier="C" IPI="ebc.BMrr8r7ZsYyrK5E5" birthDate="2019-05-10Z"/>
                <Participant name="pybe8i" role="sound engineer" IPDN="gszDCpqt9_WJWweY2UtjsBu0" performance="supporting" grossFee="169388800.51"
                     modifier="C" IPI="zse21ovo" birthDate="2019-11-15Z"/>
                <Participant name="ikJxO-FxSEcjXO3tDf" role="remixer" IPDN="kimH9bBpmkKndQ9d6kjWA" performance="main" grossFee="79798527.70"
                     modifier="A" IPI="jP7eaSYe5B4Qck0CSE_H7gqlfb" birthDate="2018-09-02Z"/>
                <Participant name="jlOMLD2P8KqG" role="scriptwriter" IPDN="mKIYqSMnZGUCci3OXsS3-_0am.hSvr" performance="supporting"
                     grossFee="-296751884.86" modifier="B" IPI="llTRjgMjbJjikbqkTaIAKj-W7S7qN" birthDate="2018-08-31Z"/>
                <Participant name="UDv8SJPHIbcdelFfJuQrriJBWrOA6" role="arranger" IPDN="iHyqXerEF4lTIHAePIM" performance="conductor"
                     grossFee="1679286114.39" modifier="B" IPI="dVr_nG_cKO9YKlwxhqJimb_Ehq" birthDate="2018-08-10"/>
                <Participant name="zTTIiCURRKIDCTZAGtFQT1" role="subscriptwriter" IPDN="MZl8ObHmlp4r" performance="chorus master"
                     grossFee="1858386428.41" modifier="B" IPI="bUzwB-fdXjTe" birthDate="2019-10-03"/>
                <Participant name="leXipDeEqK" role="composer" IPDN="E-IRsoM-hb" performance="soloist" grossFee="-2013375236.37"
                     modifier="C" IPI="xYlcVppiP1PbW7.9u66tQJatUS2" birthDate="2018-08-16Z"/>
                <Participant name="r-wGfAjg" role="remixer" IPDN="uoULl73dw18c_210i" performance="chorus master" grossFee="-778275982.14"
                     modifier="C" IPI="YjfzbN5pQj2EYFSQEPIH3AXK" birthDate="2019-08-04"/>
                <Participant name="cFqR06tN5JTDbL-r3S2Msglve" role="arranger" IPDN="rURRORgJTt" performance="chorus master" grossFee="272997916.55"
                     modifier="A" IPI="Z0OTLix1PPpMK2NZPzv-fWQE.TtmP" birthDate="2019-09-03"/>
                <Participant name="IV3oO6AzCxr-rpnfHU5" role="music director" IPDN="nocXtFf5YayKf5w1QIU96" performance="main" grossFee="201111301.15"
                     modifier="A" IPI="Y" birthDate="2018-08-12Z"/>
            </Participants>
        </Record>
        <Record title="vdufm" spins="1626160253" ISRC="AREC7U98A1T1" year="7817" producer="tcGCSPMrCtBIdrT" label="ZoIuTAq6F990AIH-ci"
             recordNo="nl5_3P6EaI7m7" serialNumber="iBU8uXJb" isPremiere="1" usage="broadcast" ISWC="V"
             AKA="EErBf5b.uBl.jynC5ozD" genre="pop" broadcastedFrom="2020-06-21T11:21:16" broadcastedTo="2020-05-03T11:21:16"
             runtime="1847067784" origin="live broadcasting" alternativeTitle="JCC7ypLZ" recordedFootage="957695107">
            <Participants>
                <Participant name="F81AJA8MEV6z8" role="sound engineer" IPDN="omHeUVRK" performance="conductor" grossFee="207453784.82"
                     modifier="C" IPI="q2cLuoOh4.MwBwqpzgW7e" birthDate="2019-02-22Z"/>
                <Participant name="taoQX94D6" role="music director" IPDN="BSGSND1zt9f63mXtx_lzZoGnoX" performance="conductor" grossFee="1280218979.96"
                     modifier="A" IPI="h-2bCK8Ic" birthDate="2019-11-27"/>
                <Participant name="Jx3xo0OWXqxdaF" role="producer" IPDN="Yd8oA3v0BaUil" performance="conductor" grossFee="-232542312.06"
                     modifier="C" IPI="YBqi_HvcQzd4AUb" birthDate="2019-09-10"/>
                <Participant name="bpBLXJI5kvpOhnD.bPcXW67FqPM3h" role="music director" IPDN="i29UwsD_NfjZLoad.7" performance="chorus master"
                     grossFee="-1881536042.96" modifier="A" IPI="UhT2iKo.bEKRAQyda-RABzDl5" birthDate="2020-06-26Z"/>
                <Participant name="VroUSlGZMMTsScparR79" role="performer" IPDN="w3rYtD-AMkkfe3R5MOhoF4W6REpnW" performance="supporting"
                     grossFee="1039072134.41" modifier="B" IPI="N.4hn3q3pRQUaOK" birthDate="2020-02-25"/>
                <Participant name="pwF" role="composer" IPDN="gym9lqUy_uKjbgBzJ0c" performance="soloist" grossFee="1858360096.76"
                     modifier="C" IPI="vz4E" birthDate="2019-01-23Z"/>
                <Participant name="wlyEEiR2" role="producer" IPDN="UaCX9" performance="soloist" grossFee="1255065271.36" modifier="A"
                     IPI="MQpsWXBea4Fk7rK7E" birthDate="2020-02-06"/>
                <Participant name="BDw" role="music director" IPDN="dAVABMxs2q_WBXDCFktKXMpGn" performance="conductor" grossFee="-1006382010.61"
                     modifier="B" IPI="UfFJsXoe_X" birthDate="2018-10-23Z"/>
                <Participant name="aefOY" role="arranger" IPDN="UgOb0VQjjAiR.y" performance="chorus master" grossFee="2069347058.77"
                     modifier="A" IPI="oQSDSG6vHN" birthDate="2019-08-26Z"/>
                <Participant name="NTKyPESHtbkhd1Jci" role="subscriptwriter" IPDN="lCJsyfGJHZm.6oElh6" performance="chorus master"
                     grossFee="834010067.65" modifier="B" IPI="ofAsH4bV-sZr" birthDate="2020-06-27Z"/>
            </Participants>
        </Record>
        <Record title="Vo" spins="263759314" ISRC="2M2UT2DDJ619" year="4477" producer="R0" label="dDKsGY_5wHMNL" recordNo="n5K6sD4-DlZ2JYOnSlu_exr8J-"
             serialNumber="Lp.E5qO8kSO6XuKTfUYMHKcDBC_" isPremiere="1" usage="jingle" ISWC="Hkb51VM0IP37tSn"
             AKA="VsNEaA1HMj9YG" genre="pop" broadcastedFrom="2018-11-06T11:21:16" broadcastedTo="2019-08-23T11:21:16Z"
             runtime="735182251" origin="self" alternativeTitle="hCUvWVAJpCQP" recordedFootage="795180472">
            <Participants>
                <Participant name="hcqJJYMSufbCY" role="producer" IPDN="Q1V.VwMJvEX2JqMfTmCgknO" performance="main" grossFee="1780890208.83"
                     modifier="C" IPI="pTso3if_11-w1mv0" birthDate="2019-03-19Z"/>
                <Participant name="mnVA-1xwkZ.8" role="performer" IPDN="TxQ" performance="supporting" grossFee="-983666440.45" modifier="B"
                     IPI="Do6PuRqfo" birthDate="2019-05-23"/>
                <Participant name="y0EdAO" role="scriptwriter" IPDN="JER" performance="chorus master" grossFee="-2115113381.61" modifier="B"
                     IPI="ztZrzzP0UG73eNRr_XT-gpF-" birthDate="2019-03-13Z"/>
                <Participant name="uKlDkwgz" role="remixer" IPDN="eeDLJE8IAL" performance="supporting" grossFee="-44080071.73" modifier="B"
                     IPI="IyJ1lK" birthDate="2018-10-24Z"/>
                <Participant name="AWj0AI" role="scriptwriter" IPDN="RO3fh-4OM" performance="soloist" grossFee="1279322765.41" modifier="C"
                     IPI="ItPNp8_Kq" birthDate="2019-03-21"/>
                <Participant name="xk47z" role="subscriptwriter" IPDN="gOSFmPY-UrWM1oW" performance="supporting" grossFee="-487214960.27"
                     modifier="B" IPI="vFenBr_v" birthDate="2019-02-14Z"/>
                <Participant name="_QSola6xFSMjoOl_qu" role="arranger" IPDN="_oVyQTpbjf" performance="soloist" grossFee="1614422684.88"
                     modifier="B" IPI="u4BJ2mMZ_G_3B1SxzsAoT-H39zHLY" birthDate="2018-09-04Z"/>
                <Participant name="z-rYoSO6" role="remixer" IPDN="ZJj5u9NI_u7D" performance="supporting" grossFee="-760350904.19"
                     modifier="A" IPI="n7zNZ_7JkAx_B6" birthDate="2020-06-21"/>
                <Participant name="RDUg9R9PBgT1z2TEdo3cTiMR" role="remixer" IPDN="LQfDpre2CID2uyWhZOYCKUg" performance="main" grossFee="-208036803.11"
                     modifier="C" IPI="bfgGO30OuyIutdz8sWLhCk6o9gNALz" birthDate="2020-06-27"/>
                <Participant name="oC9FGZICf08lV7JnAFoOm.obISLcB1" role="music director" IPDN="PtczUgWL9QZ5PEqYJD1" performance="supporting"
                     grossFee="-1408907616.61" modifier="A" IPI="iRTMkSGkr0XpjXFrbxh" birthDate="2019-11-23Z"/>
            </Participants>
        </Record>
        <Record title="Gp3" spins="2053935387" ISRC="JBCRK4SFU93U" year="0947" producer="kNwhPgxQksizSF" label="sG3mdncbic"
             recordNo="y6fo5tP1k1QEjJ91" serialNumber="pQUqq4yh" isPremiere="false" usage="commercial"
             ISWC="Iky2YNB1JZUI1ZEBYy24" AKA="gVk3QWG5h11feGc6aPzh" genre="spoken word" broadcastedFrom="2020-05-14T11:21:16Z"
             broadcastedTo="2019-07-28T11:21:16Z" runtime="664163889" origin="live stream" alternativeTitle="NXh-gW0f8tiaw7a.qxOm8U_M"
             recordedFootage="645144837">
            <Participants>
                <Participant name="ZOGv7TLu_UnShw" role="arranger" IPDN="Mii_N_u2d-GNKxgqujVlv-4Q_bnvuo" performance="main" grossFee="-695669096.49"
                     modifier="B" IPI="gM5LXtp-sax-5Iny9IrUxpLUW" birthDate="2018-09-09Z"/>
                <Participant name="ia2EIcddJ5cUKV3dHiijezG" role="arranger" IPDN="JG" performance="main" grossFee="-1219855724.12"
                     modifier="A" IPI="Id" birthDate="2019-02-04"/>
                <Participant name="Y9i" role="music director" IPDN="K3yZpQamFQkFnIlrYIa" performance="chorus master" grossFee="-1845258757.76"
                     modifier="B" IPI="oM_6RMLi4Q1OVtiYPp" birthDate="2019-12-20"/>
                <Participant name="EyBB9" role="sound engineer" IPDN="mGpv-9xt6x" performance="main" grossFee="-1172285692.38" modifier="C"
                     IPI="SOX0LkbV_" birthDate="2018-12-22"/>
                <Participant name="C6iw5t-RF4ruOK" role="arranger" IPDN="rmf" performance="main" grossFee="310309157.02" modifier="B"
                     IPI="u8BMzkJx1bH6BzL" birthDate="2019-05-28Z"/>
                <Participant name="x3" role="music director" IPDN="kXWF20T6YNVtf3" performance="main" grossFee="1621289005.27" modifier="B"
                     IPI="k9j1pbndFss" birthDate="2019-01-22Z"/>
                <Participant name="ZMoygA.OscRHA3rObBND" role="subscriptwriter" IPDN="GsLeIlb_ePO4" performance="conductor" grossFee="-1647259660.90"
                     modifier="B" IPI="RISD4bS..ZC9wP1rEn303XOP.DMs2" birthDate="2020-02-14"/>
                <Participant name="E0F_Br2qSuCkQo8IhllJsJSxVdUV" role="arranger" IPDN="ndFrS9" performance="conductor" grossFee="1969529487.43"
                     modifier="B" IPI="lQzCenxdoJLT73kYsGG9XJ9Ki" birthDate="2020-01-20"/>
                <Participant name="J1KLMG7heH" role="producer" IPDN="G3V7tmNOogqYOXKV5LFNKE5ml" performance="conductor" grossFee="1207554732.01"
                     modifier="A" IPI="oLf" birthDate="2018-08-13"/>
                <Participant name="A" role="scriptwriter" IPDN="N4Cvr2MNK32w_nxVNe" performance="soloist" grossFee="-1133149736.02"
                     modifier="B" IPI="lvbeva2N77D_IRcXHa" birthDate="2019-11-04Z"/>
            </Participants>
        </Record>
        <Record title="IszPwwRYGv-lPUtDVl.6k." spins="1696465600" ISRC="12Z0G49G5477" year="9668" producer="f36VvdHlP.ESIofxxbzG4e3M"
             label="e" recordNo="V-viasz2jjuTI.r" serialNumber="K8vBiYl" isPremiere="0" usage="broadcast"
             ISWC="nhh0cHWmWeIZPswZ" AKA="l7Ky5CG_ZgTUK" genre="classical" broadcastedFrom="2018-10-25T11:21:16"
             broadcastedTo="2020-05-19T11:21:16" runtime="516713452" origin="recorded stream" alternativeTitle="yAqBkiALe.-y0UNmgL."
             recordedFootage="855135229">
            <Participants>
                <Participant name="JFu5FiOB_8K" role="composer" IPDN="iceOepACChU0p_" performance="supporting" grossFee="-81884282.56"
                     modifier="A" IPI="IO234ZsCVHRuVBzU0hiccJo5KF-" birthDate="2019-12-18"/>
                <Participant name="jvc6b" role="producer" IPDN="l" performance="conductor" grossFee="1607621487.85" modifier="B"
                     IPI="qF" birthDate="2018-10-30Z"/>
                <Participant name="gX1Pn2XG7lbOW" role="producer" IPDN="_gzXq" performance="soloist" grossFee="-534955327.58" modifier="A"
                     IPI="uM" birthDate="2019-10-16"/>
                <Participant name="PXzpE-Jvqcv" role="producer" IPDN="VIxybkHazPTlwc" performance="chorus master" grossFee="-1632705989.79"
                     modifier="A" IPI="BKpER9X" birthDate="2018-11-01Z"/>
                <Participant name="t-5_r7d3m" role="scriptwriter" IPDN="Q9bE2YggfaIBngyco15cno" performance="conductor" grossFee="2050308950.97"
                     modifier="B" IPI="JeQ0p00fls4X" birthDate="2019-08-17Z"/>
                <Participant name="hGL6hssJs8.s-N7Yt88j1sjqfbA" role="performer" IPDN="EZEa3" performance="soloist" grossFee="-1288170815.26"
                     modifier="A" IPI="C0fchZNiCF9CX5cvlEXdKjWvfD8RK" birthDate="2019-08-24Z"/>
                <Participant name="qHZv" role="arranger" IPDN="KO3Tt1Yx97x1bZ" performance="conductor" grossFee="-662823002.49" modifier="C"
                     IPI="OSfbn__GlT" birthDate="2019-09-21Z"/>
                <Participant name="zfhyW2kFm" role="producer" IPDN="F2clMglXQYmKST" performance="main" grossFee="-1983910958.30"
                     modifier="A" IPI="T.9Fpo9H" birthDate="2018-07-19Z"/>
                <Participant name="BPs3R6gb" role="composer" IPDN="uH-qcEUhkBrPJXB.vQuMfoz" performance="chorus master" grossFee="-312027781.91"
                     modifier="B" IPI="FpmNAJ" birthDate="2019-10-17"/>
                <Participant name="LFqLa-mDyeYaLUl5" role="arranger" IPDN="N6e" performance="conductor" grossFee="1043732105.01"
                     modifier="A" IPI="DGiByvk" birthDate="2019-01-07Z"/>
            </Participants>
        </Record>
        <Record title="fU_11rWnTJ74LLdy722XWUzjlzPXMf" spins="409553005" ISRC="637W845P2U80" year="7027" producer="w3Ah"
             label="Ls" recordNo="yQ" serialNumber="IHvYqS-" isPremiere="false" usage="broadcast" ISWC="V9XUsvklpuP5PowqfxhIKaqNnVDJ"
             AKA="S7Hg2fx1cOmklSgWQexAaRVjtD" genre="spoken word" broadcastedFrom="2020-06-13T11:21:16Z"
             broadcastedTo="2019-09-28T11:21:16" runtime="394936102" origin="commerce" alternativeTitle="KJRnagQ69z8MZSIzn0HhG2"
             recordedFootage="1982251825">
            <Participants>
                <Participant name="AUw6svPR6lki0qgVX" role="producer" IPDN="C3Gjrx02ExW" performance="chorus master" grossFee="991161955.16"
                     modifier="B" IPI="gzQ" birthDate="2020-03-08Z"/>
                <Participant name="zrNUG1ZhGST2r7ip" role="music director" IPDN="JGPaweDYtwlolpgk13d1k.My.U" performance="main" grossFee="1591808131.62"
                     modifier="A" IPI="rbWxRoMTbo4tXv8DGT4xom71." birthDate="2020-05-18Z"/>
                <Participant name="SVYsAJZt9v.th0bH3iWJSpy" role="remixer" IPDN="SnpxIX9FUEnKH0A" performance="soloist" grossFee="700659784.70"
                     modifier="A" IPI="WfTrdB4nzqMjF0AzmkvAZenug" birthDate="2020-04-15"/>
                <Participant name="V7HE4iV2T9mydPPBv3" role="composer" IPDN="LZlLSQfkJ8JfJvVPkB-gK2PVk" performance="soloist" grossFee="390564005.65"
                     modifier="C" IPI="MA" birthDate="2020-05-11Z"/>
                <Participant name="jqbJ" role="scriptwriter" IPDN="et6_PAci.SLHVtNa4UUBWUR" performance="conductor" grossFee="-834749166.45"
                     modifier="B" IPI="t" birthDate="2019-09-06"/>
                <Participant name="DjotR_wFuPxNycR_lhsqStsl9dz" role="sound engineer" IPDN="Xo_sOf5c1mTYXJwMGOUnfXm" performance="main"
                     grossFee="-22119329.66" modifier="C" IPI="WwaaWv-JUF.vNRBeBA" birthDate="2019-06-12"/>
                <Participant name="vvBVhdc_Uar0W6mztu52JTV0k-Cml" role="composer" IPDN="YTMGuvN8" performance="conductor" grossFee="993925770.63"
                     modifier="C" IPI="y9ghbtharnSsrDR69u-KXlfBt" birthDate="2019-06-03"/>
                <Participant name="fvGY86w8d" role="producer" IPDN="rxGbePDI3ETB" performance="main" grossFee="-193352957.08" modifier="A"
                     IPI="YoK9YCza97L79N2Qg1.CgZBDJWA06L" birthDate="2019-08-28Z"/>
                <Participant name="Wu" role="arranger" IPDN="DfH6OYd92DqAT098QUCqz" performance="supporting" grossFee="1071807768.65"
                     modifier="C" IPI="lY" birthDate="2019-08-13"/>
                <Participant name="w9vohz64nVvy1UWi" role="remixer" IPDN="R" performance="supporting" grossFee="-1989422824.32" modifier="C"
                     IPI="RUH60NitAi4gkyK0UjBuzJ" birthDate="2019-05-07Z"/>
            </Participants>
        </Record>
        <Record title="xIGblq17uT" spins="1558141657" ISRC="7L840380C9I0" year="4767" producer="y0Q55.f" label="y2QhpPgrh"
             recordNo="gV" serialNumber="SZMIh" isPremiere="1" usage="broadcast" ISWC="P7y.p0p5.2tXIZCapZioUb5hz9zEb"
             AKA="oX" genre="commercial" broadcastedFrom="2019-01-10T11:21:16" broadcastedTo="2019-09-09T11:21:16Z"
             runtime="245612773" origin="free usage" alternativeTitle="_V4vw2POCFVaUPMqyS03" recordedFootage="769355423">
            <Participants>
                <Participant name="VAp" role="music director" IPDN="koDG5ckMJwaWisPZ8RwMcN88zgHaWc" performance="chorus master" grossFee="-1416461582.16"
                     modifier="C" IPI="mJrngrgd4SF3g_TBCH7D" birthDate="2018-12-18Z"/>
                <Participant name="OgmIcDUyJIj9S" role="remixer" IPDN="NA1d9Wo.qP15" performance="chorus master" grossFee="-299601282.11"
                     modifier="A" IPI="jRw.cqgc" birthDate="2019-02-14"/>
                <Participant name="bpQmCGrm.upKdN" role="remixer" IPDN="ovHV9Qan7C0lUsiRhJlEbtHqoDlM.d" performance="supporting"
                     grossFee="553978641.55" modifier="C" IPI="e22LiXcDOGFqXd" birthDate="2019-06-19"/>
                <Participant name="mtM1sbW7QYtKc6IYAe" role="performer" IPDN="oPFK" performance="conductor" grossFee="-464177384.24"
                     modifier="A" IPI="wzbCY1O15CU1p_SlF1yjX" birthDate="2018-12-16"/>
                <Participant name="h7JTn" role="producer" IPDN="yo3QcOuCBYUDWU1A55R" performance="supporting" grossFee="-575061956.34"
                     modifier="B" IPI="zvK8PKmElZ22njyM-" birthDate="2018-07-30"/>
                <Participant name="sxhgYPeT7Zsoc3bhWcjQwnt" role="producer" IPDN="AeVt5" performance="supporting" grossFee="-2142722135.46"
                     modifier="C" IPI="j-.DX" birthDate="2018-11-22Z"/>
                <Participant name="IB" role="sound engineer" IPDN="Gsy4.oQwRBzCsW6KcN2LYQXNx" performance="conductor" grossFee="1452250525.58"
                     modifier="B" IPI="C-OH_zfxo7KNmsPg" birthDate="2019-12-01Z"/>
                <Participant name="QttTIG6yE4tTyz.IAL.F6mwvS" role="arranger" IPDN="WKBesY9pesjGTYf8UCmXx6XSoao" performance="chorus master"
                     grossFee="-1155119913.47" modifier="C" IPI="mpFuJH5vgJfl8z_avUfnN9YsBH" birthDate="2019-10-05Z"/>
                <Participant name="pDG_uzMowp-lWS-UguvqKya555" role="producer" IPDN="QN3-cREMGAvgh" performance="chorus master" grossFee="-841410027.15"
                     modifier="B" IPI="uLD5jr9RRpAvYfHkn7" birthDate="2019-01-09Z"/>
                <Participant name="ouUyzISmk-aF2aQuWXC6t" role="composer" IPDN="Qlat_geqUilxfMul9CeH9Eu7SGzMo" performance="main"
                     grossFee="-1240032586.11" modifier="B" IPI="NSXS4C3" birthDate="2020-04-19"/>
            </Participants>
        </Record>
    </Record>
    <Record title="ioMeS9KCrNEEe" spins="142014546" ISRC="UQ00207YG6W1" year="7349" producer="D35G1Hn4c4bNME-z2Ms5yE"
         label="yy_gZkG3XWG7Y7q" recordNo="ICMS6_Dpdht8uJLUuMc3x" serialNumber="QHX" isPremiere="1" usage="jingle"
         ISWC="qH9sp4-BWEdLZWbCp" AKA="kQ" genre="spoken word" broadcastedFrom="2020-06-23T11:21:16Z"
         broadcastedTo="2019-06-14T11:21:16" runtime="2089924439" origin="commercial" alternativeTitle="BJ0OtnOnV6CrIZbuGe4IHjGPUb"
         recordedFootage="1565264818">
        <Participants>
            <Participant name="mq7.Fp" role="subscriptwriter" IPDN="EIBmA3vajZ1vTa_B" performance="conductor" grossFee="1884168022.21"
                 modifier="A" IPI="p" birthDate="2020-01-01"/>
            <Participant name="hG28cG6etmEzEwfjzknBs4r7" role="producer" IPDN="Cnh5CAF3euJ_CrOcSVfaFpSmLE" performance="chorus master"
                 grossFee="169164545.08" modifier="C" IPI="_M" birthDate="2019-10-02Z"/>
            <Participant name="UI3_KyBLcgv.7sSEe7X1YvqPfSM-" role="composer" IPDN="UsOiRm4b215TqYT2TVIy" performance="soloist"
                 grossFee="986826598.39" modifier="A" IPI="NTselW" birthDate="2019-12-19"/>
            <Participant name="RLuUNX" role="composer" IPDN="VNX8JRyRQVMJPhTYt" performance="chorus master" grossFee="1247905254.02"
                 modifier="C" IPI="Y_YIeJ4b" birthDate="2019-03-23Z"/>
            <Participant name="LnWdrOYgdc" role="subscriptwriter" IPDN="s" performance="main" grossFee="1015680896.77" modifier="C"
                 IPI="VWr1" birthDate="2019-10-13"/>
            <Participant name="YY9XZy" role="producer" IPDN="bddFYbY" performance="supporting" grossFee="1356463094.47" modifier="A"
                 IPI="C7aJameDAoeGia_cX-7" birthDate="2019-06-08Z"/>
            <Participant name="F_k0FCiEgxoojB3iZk" role="subscriptwriter" IPDN="MH" performance="main" grossFee="925391246.71"
                 modifier="B" IPI="yCfnRmwPhs" birthDate="2019-03-02Z"/>
            <Participant name="bo7bI" role="scriptwriter" IPDN="oSiAiR" performance="conductor" grossFee="631500369.72" modifier="A"
                 IPI="sfvo4Sj1C5SccSLAbgI4" birthDate="2019-04-07"/>
            <Participant name="z7SqcJ0D216Q16A0Vmz" role="performer" IPDN="sXBxGHfsGIaciqn6j-1" performance="main" grossFee="-1806030495.20"
                 modifier="A" IPI="HyFWK1cmzhdz4W5t" birthDate="2020-03-08"/>
            <Participant name="gwBQ2" role="sound engineer" IPDN="vkMDt97iJW" performance="conductor" grossFee="-283187736.51"
                 modifier="B" IPI="vb1UG4OoeUz8Cn8aOSzkn4PLP9T4" birthDate="2019-04-28Z"/>
        </Participants>
        <Record title="_MyUoThg" spins="1637334311" ISRC="O02X1O6B4HCX" year="1253" producer="OHsgq-F9yPYNZz5AIr5fMpwlaA2t"
             label="EVElDFBPBL-llrl73.3" recordNo="QRyYoPiD4kpQsWJn7kT" serialNumber="cLxxa_pqm" isPremiere="1"
             usage="commercial" ISWC="BWFc6FCCnMJh" AKA="zsnHSqS1eGNPWijcEmgTCjnSvq0Xh" genre="commercial"
             broadcastedFrom="2019-11-24T11:21:16" broadcastedTo="2019-08-09T11:21:16Z" runtime="717531440"
             origin="report" alternativeTitle="TfzSp9ci1IjsgOjSXx5gUJdvyU44g" recordedFootage="1671675404">
            <Participants>
                <Participant name="kpwjQb" role="performer" IPDN="YTlJ_D7XD._kmkaPAy8hEKqhEy8" performance="chorus master" grossFee="1531726203.37"
                     modifier="B" IPI="ZUZxk1yJkWiAHhC" birthDate="2018-08-25Z"/>
                <Participant name="YV.RELrHUQZ" role="music director" IPDN="DVghm_E" performance="conductor" grossFee="1303611789.30"
                     modifier="B" IPI="kC" birthDate="2020-02-22"/>
                <Participant name="JCSEXlFS8DAjBF_MIfkX8hlR" role="scriptwriter" IPDN="EziD0sYEEAg_hU-0DGblx." performance="soloist"
                     grossFee="-1942840851.87" modifier="B" IPI="oC" birthDate="2020-06-05Z"/>
                <Participant name="QeDn0jYnumy82" role="producer" IPDN="Jf34fsF9bgVdhO0NuVURZcZOE" performance="conductor" grossFee="-1383360758.59"
                     modifier="C" IPI="EWdp8fGge-O9" birthDate="2019-10-30"/>
                <Participant name="dze7tF8Q" role="arranger" IPDN="dSIw8BV4C1s" performance="chorus master" grossFee="-2131194762.82"
                     modifier="A" IPI="VdO1NI20fPUGEzsce-ji_3_" birthDate="2020-05-01"/>
                <Participant name="Ou5F" role="sound engineer" IPDN="QJpwT4iW8kl" performance="supporting" grossFee="-1857964936.85"
                     modifier="B" IPI="zAS583M4PU" birthDate="2019-07-07"/>
                <Participant name="N" role="sound engineer" IPDN="Bz" performance="conductor" grossFee="1924503953.87" modifier="B"
                     IPI="QZuLwPwAY3zvq8dL1" birthDate="2019-02-13Z"/>
                <Participant name="t-ozD" role="sound engineer" IPDN="Djnl2BYK_3Q6FhxU" performance="soloist" grossFee="-465162555.63"
                     modifier="A" IPI="rtRGVs" birthDate="2019-03-03"/>
                <Participant name="TF1WpSjg" role="composer" IPDN="EJfME" performance="main" grossFee="-93266285.73" modifier="B"
                     IPI="x0IgnGPy7b-H_n7A.8eB0gghh1WU" birthDate="2018-10-08"/>
                <Participant name="c_xL0mxrxzU6thhFyadDe8C5HL" role="subscriptwriter" IPDN="W72ZTvvpRcyZWeSJ7YWbvO7" performance="chorus master"
                     grossFee="-1536570625.22" modifier="A" IPI="jrPAtHVdQHMKIdq6KRC8rZ1xXR" birthDate="2019-06-06Z"/>
            </Participants>
        </Record>
        <Record title="e4t" spins="1022370990" ISRC="MVCZ92520KD7" year="8517" producer="JeUA19xR01dx" label="O7klmMFwbRef"
             recordNo="HRXj3p.u_Xc.oo.R4.Lkry1KrB6L" serialNumber="tgSuLNTXSfcgV7eg4ljyC3zx" isPremiere="1"
             usage="jingle" ISWC="m5iKhFq03eMYg5cLvFMIkWtMBo" AKA="enOh3vkY-rozFpc6EY7p" genre="commercial"
             broadcastedFrom="2019-01-21T11:21:16" broadcastedTo="2018-12-12T11:21:16" runtime="235570539"
             origin="commercial" alternativeTitle="ZDh10km-5pl6" recordedFootage="520692337">
            <Participants>
                <Participant name="bMfgBlpXSBJtewQJTG8hmbxrU2vq" role="subscriptwriter" IPDN="gxnJ" performance="conductor" grossFee="2023446600.44"
                     modifier="C" IPI="nSQfRG-UhuJ73ArGhGUx" birthDate="2019-07-29"/>
                <Participant name="m.Dv" role="remixer" IPDN="QGg3f" performance="chorus master" grossFee="-1401766099.57" modifier="B"
                     IPI="uGxt3x65BgnRxXx" birthDate="2020-04-08Z"/>
                <Participant name="I1w6Rx" role="scriptwriter" IPDN="MP_5XNJ_" performance="conductor" grossFee="-176935211.97" modifier="C"
                     IPI="rfnnQduINf2skA7RlJGY" birthDate="2020-01-31"/>
                <Participant name="VwA-bALJN-_-U1u" role="producer" IPDN="hv" performance="soloist" grossFee="-728599110.72" modifier="A"
                     IPI="eZtYSquyHXy_ya9LBX-RTawjOD" birthDate="2019-10-24"/>
                <Participant name="iERpBik5KrkfmzZi" role="arranger" IPDN="Zh" performance="chorus master" grossFee="-2028536041.57"
                     modifier="B" IPI="aQ77IJDw7LgLnHix6kaEGYfg" birthDate="2019-10-12Z"/>
                <Participant name="Xh" role="scriptwriter" IPDN="AXBy-zaUAeWnDxvlMqQRAT6L" performance="conductor" grossFee="2071134288.42"
                     modifier="A" IPI="ekCdD5Hqv2PWto-xzIZBzlwmV5sA" birthDate="2019-05-06"/>
                <Participant name="R4XqkQKg-EzXQLT" role="music director" IPDN="jE3i-oXlucH4MC6hJ79fvd1s" performance="chorus master"
                     grossFee="2061667992.49" modifier="A" IPI="uLngzqnqLjTWKiNfhnJL-nLYL" birthDate="2019-03-10Z"/>
                <Participant name="VvCq2j" role="composer" IPDN="G.i7WQ9tUAr.Q" performance="main" grossFee="737962236.95" modifier="B"
                     IPI="SqNY4lg7mfhUIdc2tNsCiMUH" birthDate="2019-05-15"/>
                <Participant name="TfES9hgwJxy6yuIH8mx9lWwMqX" role="remixer" IPDN="hx6uVM-B" performance="supporting" grossFee="1133452088.88"
                     modifier="C" IPI="luoQrsvivsHFz4YraO" birthDate="2019-01-20Z"/>
                <Participant name="B1V_p4yECN2pv_EUXzxEGbi66B" role="arranger" IPDN="YTgYjtJpC" performance="main" grossFee="1007976627.84"
                     modifier="C" IPI="oSXrnG3iyTyPYmHrwC2Jfna67QMYFW" birthDate="2020-01-15"/>
            </Participants>
        </Record>
        <Record title="DASerZSlhEZMZSJpxVrgeea" spins="1143436807" ISRC="R8IU671S905U" year="0886" producer="CvYHcE-GHFLsJHlMIL8yg-WR0"
             label="Xtn7wDeCRof" recordNo="pVIx" serialNumber="mHy9SMLO4p3FME96lAjZ.ZQyp8.jx" isPremiere="true"
             usage="jingle" ISWC="FWcnLq8R" AKA="At" genre="spoken word" broadcastedFrom="2019-03-05T11:21:16Z"
             broadcastedTo="2018-07-19T11:21:16Z" runtime="1036718662" origin="self" alternativeTitle="fr5FmZA3b35LYoRQx0h1cfxvxweej"
             recordedFootage="1046465573">
            <Participants>
                <Participant name="daYh" role="arranger" IPDN="UeEkvG8" performance="chorus master" grossFee="-1032153801.45" modifier="B"
                     IPI="SJ7" birthDate="2018-10-14"/>
                <Participant name="PZCWl3XrV_zNXHXfB" role="scriptwriter" IPDN="u.dpTKjxzvnbVaW8.N1Vp9gf7Yu" performance="soloist"
                     grossFee="-1386381770.22" modifier="C" IPI="yC9coDmuyEGmqFbDT5ydym_7Y" birthDate="2018-07-13Z"/>
                <Participant name="cvbCFP" role="producer" IPDN="dtbgi-f6tlp9fumzkm4Rg3Co05vFi" performance="chorus master" grossFee="-84741970.46"
                     modifier="A" IPI="PpM.a9PQhzWLJZA_4KmqMFC6UzOQ2K" birthDate="2020-04-24"/>
                <Participant name="U3Hieoic" role="music director" IPDN="hdp0FNIafNhcTTd.FMy" performance="soloist" grossFee="-1014446753.51"
                     modifier="B" IPI="RYfLK8hrR3KtQ_5Z0gAtV0T" birthDate="2018-12-04Z"/>
                <Participant name="yE9aI5asf05dzNa" role="sound engineer" IPDN="HJRqX2kLSC9KsN8ET-2AQY6Bnh5uYZ" performance="chorus master"
                     grossFee="1851143797.92" modifier="B" IPI="rmrV99no-Z19-JP_8Gvd" birthDate="2018-11-02"/>
                <Participant name="Jv" role="scriptwriter" IPDN="sldqCw7" performance="main" grossFee="1380442634.80" modifier="A"
                     IPI="H8kD-Q" birthDate="2020-03-24"/>
                <Participant name="laf70" role="sound engineer" IPDN="RnaJxOyM5-Y5GOXJPlNnpb" performance="main" grossFee="-1349254487.77"
                     modifier="A" IPI="Q5AH" birthDate="2018-08-22Z"/>
                <Participant name="RzRMq" role="music director" IPDN="h5JdpTGXQMipBZ_y" performance="chorus master" grossFee="-1993987208.33"
                     modifier="C" IPI="IT4Y9ZoNywKc7ssz8CyQXmh" birthDate="2020-01-13Z"/>
                <Participant name="vZrA2Gj1hLoaNEzuWaI" role="sound engineer" IPDN="UPDD" performance="chorus master" grossFee="-479213126.27"
                     modifier="B" IPI="UoFhT8xQ6Mm4NJAdQYsuIw0xIBYDbw" birthDate="2018-09-03"/>
                <Participant name="IIt-kP3VJ27l3sENvR.gwg" role="composer" IPDN="z8enRqGg8" performance="main" grossFee="1970245564.31"
                     modifier="C" IPI="kj" birthDate="2019-01-27"/>
            </Participants>
        </Record>
        <Record title="zUUeJcvcxxIiqWvmnwSE_a6JY" spins="888465682" ISRC="7QVK0466R1W6" year="3101" producer="CCvC27"
             label="iWJ" recordNo="sGlXmIn" serialNumber="mR77CGQn" isPremiere="false" usage="broadcast"
             ISWC="jv.JWLS" AKA="DrEBG3VgEi0zDtLWPH9" genre="composed" broadcastedFrom="2019-11-13T11:21:16Z"
             broadcastedTo="2020-06-26T11:21:16" runtime="977731179" origin="free usage" alternativeTitle="Plm"
             recordedFootage="74212788">
            <Participants>
                <Participant name="m2Tn" role="arranger" IPDN="dL" performance="conductor" grossFee="-25213384.86" modifier="A" IPI="ixs7LzzGl8WMH99yv"
                     birthDate="2019-10-27Z"/>
                <Participant name="Ax1fjbPKk" role="sound engineer" IPDN="my2" performance="supporting" grossFee="1083185616.74"
                     modifier="A" IPI="kZDw5jz3F8.tmkcAmk3Q6sk8MUi" birthDate="2020-03-08"/>
                <Participant name="Poca6tFe5WvB" role="sound engineer" IPDN="g5ZbH9mq" performance="chorus master" grossFee="1806224426.36"
                     modifier="A" IPI="VXsdcYIR1MigSD-" birthDate="2020-01-26Z"/>
                <Participant name="o-xdsv" role="music director" IPDN="qa0wCc" performance="main" grossFee="2047876992.22" modifier="B"
                     IPI="zGQ_AumFd7ebQ7E7zs9Nsu" birthDate="2018-10-14"/>
                <Participant name="X_MA78zK_hb8QP6" role="composer" IPDN="kW525HE0ilCQR6" performance="soloist" grossFee="-225388697.89"
                     modifier="C" IPI="rci9Y9h3JZ" birthDate="2019-01-06Z"/>
                <Participant name="n1" role="scriptwriter" IPDN="MS-oCPTbNIKMYOdTEQ2eZGV" performance="chorus master" grossFee="-524306437.13"
                     modifier="B" IPI="Fh.mwQCyY4GtpN9q2MZ9J2gA" birthDate="2020-03-31"/>
                <Participant name="He4mVXtyQ_tiWWYTru" role="composer" IPDN="kNUZbjGQjSaNt9dEBKZd49" performance="main" grossFee="473061473.96"
                     modifier="C" IPI="fsoT0-y7R" birthDate="2018-09-29"/>
                <Participant name="AaCHG" role="remixer" IPDN="Vm59b" performance="main" grossFee="1004291570.90" modifier="B" IPI="bj6uO"
                     birthDate="2019-07-12Z"/>
                <Participant name="k" role="subscriptwriter" IPDN="KaEwBy78TP3" performance="chorus master" grossFee="989224499.26"
                     modifier="B" IPI="i" birthDate="2019-06-30Z"/>
                <Participant name="qTpGjuBKFQEP9.-IqrkQ58_jrA.e" role="composer" IPDN="ZDLm0D7I0YJrTGOof6rLv8O94SjjA" performance="supporting"
                     grossFee="-1200610870.26" modifier="B" IPI="Npd1ee-" birthDate="2018-08-09"/>
            </Participants>
        </Record>
        <Record title="HtJXW0zjpiQ4K0XuyoRsVyx1P" spins="882435365" ISRC="E9S1UA2T692H" year="9812" producer="bNjyCIdcd3W99K4YiburgHv"
             label="cZNX.u4iPQo09gudbwK" recordNo="O4_gatGlzK-" serialNumber="t_AA5ZJ.n" isPremiere="false"
             usage="commercial" ISWC="g.78U5dPbBy2irP4QQjb9FYRQ4" AKA="k07BVuUhR7Etd" genre="spoken word"
             broadcastedFrom="2020-04-24T11:21:16Z" broadcastedTo="2019-11-19T11:21:16Z" runtime="1336010671"
             origin="free usage" alternativeTitle="FmM_QxE" recordedFootage="1630428267">
            <Participants>
                <Participant name="BJAkL_o-0cgiijj4cMqkOj.x4r" role="scriptwriter" IPDN="GARJ" performance="supporting" grossFee="1531804544.47"
                     modifier="A" IPI="lwSXme22" birthDate="2019-07-13"/>
                <Participant name="olU8O6VPOvCbvqxQkR3Oeed-" role="music director" IPDN="sm1Sl6-Otq9FHaaI.rLIg" performance="main"
                     grossFee="-1945948967.03" modifier="B" IPI="ZClQVSONCQWc5cqvzuC5o_J27fmd" birthDate="2019-12-24"/>
                <Participant name="H" role="scriptwriter" IPDN="e_Kgp5o4" performance="conductor" grossFee="-2044782596.13" modifier="C"
                     IPI="o-r-VVG9Tpv1LWf72KSHUypL" birthDate="2018-07-03"/>
                <Participant name="QC7BozruFw1RbG72.2Kg-R" role="composer" IPDN="XW" performance="supporting" grossFee="2130383611.96"
                     modifier="A" IPI="i8PvJWOI" birthDate="2019-12-11Z"/>
                <Participant name="KAV6euI" role="performer" IPDN="kO0WinoLP0on06b-2ucIE.RscMsg8" performance="chorus master" grossFee="-1076634997.99"
                     modifier="A" IPI="KS1TKWNF" birthDate="2018-07-20"/>
                <Participant name="qGU4EfpSzzprywEEgaTKB.Co1.2" role="scriptwriter" IPDN="zotHS5QnoWs.2J_6EScsi-L" performance="supporting"
                     grossFee="714295344.39" modifier="C" IPI="NEXR1qjWjmYp" birthDate="2019-08-18"/>
                <Participant name="Md" role="arranger" IPDN="zU-m91nAIH01rxSNQN3rjtcBoD" performance="supporting" grossFee="739264926.85"
                     modifier="C" IPI="F3CXEqTgdlFP0xJ" birthDate="2019-01-15"/>
                <Participant name="ylKMSmx_lxTeJK3.W" role="remixer" IPDN="wE_NvV1" performance="soloist" grossFee="-1608519380.49"
                     modifier="B" IPI="xihd" birthDate="2020-04-18"/>
                <Participant name="jn" role="remixer" IPDN="H3OB4ULEF6zRpsvXAZieuXKobi" performance="main" grossFee="-1618560357.21"
                     modifier="C" IPI="_3kTEEGOmx-ctn" birthDate="2018-09-27"/>
                <Participant name="d" role="music director" IPDN="C-gLk4JoUN" performance="soloist" grossFee="507676180.10" modifier="A"
                     IPI="HezA.31" birthDate="2018-10-12"/>
            </Participants>
        </Record>
        <Record title="qprzqTtNPxHa" spins="153355101" ISRC="2UN8950VJ890" year="5919" producer="BWuzn8vn_ehbsWC" label="LB_zTVshhon7ld"
             recordNo="b3QzfJGc" serialNumber="K" isPremiere="1" usage="broadcast" ISWC="fhyAajW-dWrfWl-7xsLu6Uu"
             AKA="jroaR51bHKR" genre="composed" broadcastedFrom="2019-08-16T11:21:16Z" broadcastedTo="2019-07-18T11:21:16"
             runtime="1978059598" origin="live stream" alternativeTitle="kR6aoogYEBtDLZL29" recordedFootage="1671476076">
            <Participants>
                <Participant name="KbrV" role="remixer" IPDN="E86f3Xk-aguE77" performance="supporting" grossFee="-1391220373.82"
                     modifier="C" IPI="n9o8-_AvcTqt" birthDate="2019-11-27"/>
                <Participant name="fMWWd1FyoSyvWU2beYPRyJEw0" role="arranger" IPDN="tQwHxozb" performance="soloist" grossFee="999176625.27"
                     modifier="C" IPI="ilyR2cm" birthDate="2019-04-12"/>
                <Participant name="SBo3_WuZ_K" role="music director" IPDN="NiuY_xoqsBPLVofh1_mgqvNsi_W" performance="soloist" grossFee="-1342148635.89"
                     modifier="B" IPI="x" birthDate="2019-08-21Z"/>
                <Participant name="_r-.1zkhreJUs-2gA9k2bYQt0qY" role="arranger" IPDN="Stq-7xLykOpdwaKO" performance="chorus master"
                     grossFee="-572795458.41" modifier="B" IPI="GMhng" birthDate="2019-10-15Z"/>
                <Participant name="_6ELTY.bKgYMJ" role="producer" IPDN="C1NA-QM2r6ECFTfbphhqq" performance="conductor" grossFee="-1592275225.63"
                     modifier="B" IPI="NCRJ5Yhj_V0-rTJKDtS8muL3e" birthDate="2018-07-19Z"/>
                <Participant name="b.K49h5rXLJ6ngzN7YKN" role="producer" IPDN="eEDfWsLs5qGsgbGXCTj8x1V-AD" performance="chorus master"
                     grossFee="-805219244.93" modifier="A" IPI="FJivw" birthDate="2018-10-10Z"/>
                <Participant name="FM4LREAu9HhMfBr-PKKq-A0XEGPX6G" role="music director" IPDN="cJvLFyaE" performance="conductor"
                     grossFee="-403466999.24" modifier="B" IPI="F74z-3eMnlvLuC6dIXZ" birthDate="2018-11-07"/>
                <Participant name="KWvn2X3YMA6Rjeq" role="composer" IPDN="bX3M21JLCtjgRH" performance="soloist" grossFee="1522773788.55"
                     modifier="A" IPI="CXcH7.ncJhpqsA2YN7LByA.Ft2Y2I" birthDate="2018-08-15Z"/>
                <Participant name="CaqDM1" role="composer" IPDN="KM8xi5ORhw-o-3Y0RMdfM" performance="main" grossFee="920638809.11"
                     modifier="C" IPI="iwLdh_.KZ3_BT7jaWxhkw" birthDate="2019-02-21Z"/>
                <Participant name="ZFlL6CgqZpKXAHmDfF.GxSX" role="composer" IPDN="UMmi.6q2AWm9RpfoNtDZvH8_JFKq" performance="conductor"
                     grossFee="2139142914.67" modifier="B" IPI="MrJfkU1Ltt6UGNMkuxb" birthDate="2019-12-10"/>
            </Participants>
        </Record>
        <Record title="sdggSoBoIG5TLSeDBbNKWn6jaFA" spins="589370395" ISRC="0B68639BTGTV" year="1364" producer="xV_pDbqLpnGZ6W5G"
             label="e645xTo" recordNo="i56tk4GJQxNZe_NQZqpalNMYVSSg" serialNumber="CH8JY9WNy60ia8" isPremiere="0"
             usage="jingle" ISWC="rGmktSStgPuHqLxwG59e3M8" AKA="lFcEKf" genre="composed" broadcastedFrom="2018-09-14T11:21:16"
             broadcastedTo="2019-07-23T11:21:16Z" runtime="115554905" origin="commercial" alternativeTitle="Z4cUQW3"
             recordedFootage="1089700133">
            <Participants>
                <Participant name="T_zBhK1LKDzigjh8Qr4P.Nexl.c." role="subscriptwriter" IPDN="oB47nTpRp0qcAk8H" performance="soloist"
                     grossFee="-1986228373.06" modifier="C" IPI="t" birthDate="2020-04-03Z"/>
                <Participant name="S2" role="composer" IPDN="WfMP6WzXYz7UbWUAKeJSPU" performance="soloist" grossFee="1715725746.46"
                     modifier="B" IPI="HpxzhXxKI9SD3Kl1kf" birthDate="2019-11-12Z"/>
                <Participant name="b859ug9qEpQl98.yW.EKBP3xUCXp3" role="composer" IPDN="A2wj92LS_SMMmnyOUdY" performance="conductor"
                     grossFee="1410842648.18" modifier="C" IPI="El1" birthDate="2019-01-03Z"/>
                <Participant name="JrWc9gbFx4p0aEpUmnk" role="producer" IPDN="v4BHqDfp2645_p1807_8mQlrOucdo" performance="supporting"
                     grossFee="629485779.68" modifier="B" IPI="sDkILE" birthDate="2020-02-21Z"/>
                <Participant name="el87f6G0a3IOdQ" role="music director" IPDN="hF" performance="supporting" grossFee="-502435321.23"
                     modifier="C" IPI="gtym3iHmJciup1gg9NOSE" birthDate="2020-04-28Z"/>
                <Participant name="Fmsi2jH" role="sound engineer" IPDN="s7WZNnbAEjRtW" performance="soloist" grossFee="-167209554.01"
                     modifier="C" IPI="zo7-LAU" birthDate="2019-07-25"/>
                <Participant name="E5GRPq" role="performer" IPDN="PtG" performance="supporting" grossFee="-72475540.09" modifier="B"
                     IPI="mxiX7STJy8q-tQjYq" birthDate="2019-01-22"/>
                <Participant name="prmz4tx.3LMWXfAzXKYQEGkX3A61c" role="performer" IPDN="cY9RsaC7__iQr-cKtW-Hd2MGzB.aGw" performance="main"
                     grossFee="1832856804.35" modifier="A" IPI="kwBgetoA8yt" birthDate="2019-07-18"/>
                <Participant name="KLc" role="producer" IPDN="y.Exwb3Fuwu3-IVNYFYjyI" performance="soloist" grossFee="-1979087028.09"
                     modifier="C" IPI="_nvGnre86a-I1NbuB_dh" birthDate="2018-09-16Z"/>
                <Participant name="PUJH.-5_e2oORUuMygstC" role="scriptwriter" IPDN="B.h1heEBLHf0yXVRmU7sdD0HIec9q" performance="main"
                     grossFee="892242458.70" modifier="B" IPI="SqC6J589Lvyov.NGqpu" birthDate="2020-06-17"/>
            </Participants>
        </Record>
        <Record title="wJ" spins="1551964666" ISRC="1MOU82KYIFIP" year="6319" producer="T2SbBi8rfpYaSkyD44OFxUGg2rupCy"
             label="y_T1swrSfFSG9WF3M3bClDWCa" recordNo="W.jd80wamICMf0oQQoNu_1Ib0" serialNumber="BpCT78udEycuVJECBTyk_J"
             isPremiere="0" usage="broadcast" ISWC="LANpstf3_E6AXUgUJeVz5d" AKA="oiZG7fg7GY15hR2M435s.88873C22"
             genre="classical" broadcastedFrom="2018-08-03T11:21:16Z" broadcastedTo="2019-11-20T11:21:16Z"
             runtime="1728791442" origin="free of charge" alternativeTitle="MUjz4Fh1t2syuYwMLnhppcRbu"
             recordedFootage="748772839">
            <Participants>
                <Participant name="YQ9ZC2jruLS-Vc6uPjO" role="subscriptwriter" IPDN="DIzf5Qz-EvGI8BxX" performance="main" grossFee="1799920629.26"
                     modifier="A" IPI="FHRknGrtJbZiEhMjoOs5w" birthDate="2019-04-16"/>
                <Participant name="TDqsQg" role="producer" IPDN="X.tQXP" performance="chorus master" grossFee="-495122839.38" modifier="A"
                     IPI="F.EXTi51wQFYoeXz8c" birthDate="2018-07-21"/>
                <Participant name="aEK_0HFeormFlLsH" role="subscriptwriter" IPDN="JGvAG6RmD0bcBwxwGaFoxQg4pRlhmb" performance="conductor"
                     grossFee="1610683515.60" modifier="B" IPI="FtX_1kxrk52wQbBasr" birthDate="2019-05-06"/>
                <Participant name="Mra" role="composer" IPDN="FipGN" performance="supporting" grossFee="1292186654.54" modifier="C"
                     IPI="sho0_2PR41xUmt3h" birthDate="2019-10-20Z"/>
                <Participant name="BwbgKw" role="music director" IPDN="ZuCC97aYLACikeR51bNzAIuz" performance="chorus master" grossFee="-189562145.59"
                     modifier="B" IPI="LDyi." birthDate="2019-12-14Z"/>
                <Participant name="Hdzu0x18tk0j3Rbd_tdnXzxxx" role="sound engineer" IPDN="sgD35vKgDXYZGKV6d9" performance="chorus master"
                     grossFee="675200706.48" modifier="C" IPI="x" birthDate="2019-09-01Z"/>
                <Participant name="qPSY25Toflxl8rM1uc-evCFIoj2E7T" role="arranger" IPDN="hBbOBIGn7LgQwNqT.TnSUXE" performance="conductor"
                     grossFee="-2061264624.74" modifier="A" IPI="eeDeqfMN_" birthDate="2018-12-20Z"/>
                <Participant name="KShEIsJ60qhDud1n9ydFHv" role="remixer" IPDN="e6LUe765O" performance="soloist" grossFee="-2114514563.28"
                     modifier="A" IPI="C4u1gPwMLp4vMp2AMFBlxCNQHo" birthDate="2019-04-09Z"/>
                <Participant name="wx57Zeo2VE34NyJvC4b2r77kfHzzd" role="remixer" IPDN="O8byUwWs8XsE" performance="supporting" grossFee="-1127147199.53"
                     modifier="B" IPI="aE-vPDjTqvxoZo-.bP.vB" birthDate="2019-01-04"/>
                <Participant name="JkcBF" role="composer" IPDN="mVddSt4_o" performance="main" grossFee="-748982649.29" modifier="B"
                     IPI="YhWhu_aUa6hvnyFw" birthDate="2020-06-13"/>
            </Participants>
        </Record>
        <Record title="oz3-tl26pzTDVNj-wQB-z_V" spins="433180116" ISRC="017D16I942E1" year="7239" producer="sc9iY" label="FE9HsAaI4mPCj4i_Ve8mLt.-wSlS"
             recordNo="_Ox1Svwmm" serialNumber="Piwu4" isPremiere="true" usage="broadcast" ISWC="GY0DZ5mVxC"
             AKA="neTj7x-6.N9Umw_NuTXCW" genre="composed" broadcastedFrom="2019-03-10T11:21:16Z" broadcastedTo="2019-11-18T11:21:16Z"
             runtime="804819982" origin="self" alternativeTitle="RERVnT_ZZf6zrL8M8_X" recordedFootage="871036569">
            <Participants>
                <Participant name="V5Hla3" role="arranger" IPDN="x83zlB0CU7Prc" performance="main" grossFee="1477331856.56" modifier="B"
                     IPI="sUIo0NYKsr5z" birthDate="2020-03-08Z"/>
                <Participant name="fHpU52E" role="music director" IPDN="fotC.Fl7fJP6jyAPJAHB" performance="conductor" grossFee="-100018053.83"
                     modifier="B" IPI="mRG" birthDate="2020-05-27"/>
                <Participant name="EHfAciorlT7d" role="composer" IPDN="rIv8etZnKOqqmWpf0I" performance="main" grossFee="-1300608266.16"
                     modifier="B" IPI="u-A8h" birthDate="2020-02-13Z"/>
                <Participant name="qTD.NS" role="music director" IPDN="JHRcZby5U7Tgfh" performance="soloist" grossFee="-1689781105.37"
                     modifier="C" IPI="ce3qKAmezc1.AMoDO5y" birthDate="2019-05-21Z"/>
                <Participant name="kIgpcKze" role="music director" IPDN="AmjBhcx-7I4V0kjpsxvtD1" performance="soloist" grossFee="-19949219.68"
                     modifier="B" IPI="Zt4WQpDTmw8I-" birthDate="2020-06-20"/>
                <Participant name="iZEckNmQI2srF" role="arranger" IPDN="tV5eyo-HYqUsuHZlk" performance="main" grossFee="-1842030920.33"
                     modifier="B" IPI="JWDXAcDdpXUsP" birthDate="2019-06-25"/>
                <Participant name="Ly4bZFckda_GxuTE6J8L" role="scriptwriter" IPDN="B9OdBvWJOAS7" performance="supporting" grossFee="822946082.62"
                     modifier="A" IPI="SC_" birthDate="2020-06-22Z"/>
                <Participant name="vTC9" role="producer" IPDN="lmW4" performance="main" grossFee="-689976500.45" modifier="A" IPI="j4lQLdn.keYV1cTFXOE"
                     birthDate="2019-11-25Z"/>
                <Participant name="IwEZ5-FYk-wzWC6B" role="arranger" IPDN="CYrwKzcBEHCQsIE" performance="chorus master" grossFee="1401951841.81"
                     modifier="C" IPI="xpZ_C8vLHqtdqsXdMllhi4UZ" birthDate="2019-01-15"/>
                <Participant name="J4B1wW7AAvma-tNFEQU" role="performer" IPDN="CGUMLoWApl0R" performance="supporting" grossFee="204616449.17"
                     modifier="C" IPI="l5pZuaipuRqJZ9" birthDate="2020-02-06Z"/>
            </Participants>
        </Record>
        <Record title="_A7eQz3QEs" spins="362762622" ISRC="7G342ACJ9U36" year="5027" producer="kog" label="JH" recordNo="OZdyLYakbqjm2"
             serialNumber="Eobj99n" isPremiere="false" usage="jingle" ISWC="VeEROgKYHZGncE3qFQAOKe9.p"
             AKA="sAnV" genre="commercial" broadcastedFrom="2020-05-26T11:21:16Z" broadcastedTo="2018-10-15T11:21:16Z"
             runtime="1217308322" origin="recorded stream" alternativeTitle="Da-j_Gqfl5pvQTj7zgwD" recordedFootage="1777136046">
            <Participants>
                <Participant name="DZmlkCiuo" role="performer" IPDN="V" performance="main" grossFee="-790453243.06" modifier="C"
                     IPI="lRfn2vPxKFw55xbsnT" birthDate="2019-01-15Z"/>
                <Participant name="Sl63-E1W37l0S" role="arranger" IPDN="Z9h-tOsJWP19YRiT" performance="main" grossFee="1527119592.82"
                     modifier="A" IPI="bNw_hU9.ap-NjZ4" birthDate="2019-10-17"/>
                <Participant name="CXIVBb1HaEwGJJ9" role="arranger" IPDN="An.4JFdQbL-1KDCLcH4p2dbFz9s" performance="main" grossFee="217637156.65"
                     modifier="B" IPI="hnqq3XDCgYDRQBBK" birthDate="2018-12-20"/>
                <Participant name="POZNy5" role="arranger" IPDN="EU8bb0wMjfbsAgMf0BgcdWKOsFo" performance="conductor" grossFee="1241962390.06"
                     modifier="B" IPI="Rjp6" birthDate="2020-05-28Z"/>
                <Participant name="ypwEtlVQaLXkow8u9i" role="producer" IPDN="g7u" performance="soloist" grossFee="1446986269.72"
                     modifier="B" IPI="NecNaMJNLm3pNnX6HeA8" birthDate="2018-11-03"/>
                <Participant name="iXdvs.utdoM77-H_C1OL6WBH" role="music director" IPDN="T8wDqwqAkjN3IMu" performance="main" grossFee="1501453848.28"
                     modifier="B" IPI="GnnLrO_yqwPbJh-4Fa" birthDate="2019-12-08Z"/>
                <Participant name="Luf1IxBp_6a7ejjmxPP" role="arranger" IPDN="q4pq3cdkfqqO5QHcvGAc" performance="supporting" grossFee="414982078.01"
                     modifier="B" IPI="q2Fxx6ovZLzhJcB" birthDate="2019-02-20Z"/>
                <Participant name="C1dmhs22kpvoH8zqjELiTzWfyHkmbo" role="composer" IPDN="idRn-yxGWoJpYR40m2N" performance="soloist"
                     grossFee="358511966.40" modifier="B" IPI="ihcF5pzI4KbG_YQhQW" birthDate="2018-08-09Z"/>
                <Participant name="oTKiinV4a0XN0bmYfndxawtx7G" role="performer" IPDN="RJPM97ubguOgiUVB19m" performance="supporting"
                     grossFee="-1328057452.89" modifier="A" IPI="kia3sPyz9aF6h8jrI1Kvmw-M" birthDate="2019-04-11"/>
                <Participant name="GvAn" role="composer" IPDN="k6qHeBUod" performance="chorus master" grossFee="-1570871714.86" modifier="C"
                     IPI="bDPjFw3BmKFlN9yNUbnQ" birthDate="2018-08-16"/>
            </Participants>
        </Record>
    </Record>
    <Record title="fP546DfcMe_U1n" spins="1814025429" ISRC="3KK11TQU0FGY" year="6648" producer="_ZBp0K9h" label="xMvEW7rH2zsuQh.sB6vVzfVMZ"
         recordNo="bPcnv9Ac0LEZ8" serialNumber="IQ65VrP_JtqyBtxCCG04rrMcjUtmT" isPremiere="1" usage="commercial"
         ISWC="P3y4IrcbfORqU9mgaoNEsc2S" AKA="V3JsXq1F8.Qa-gtd3dSvN1" genre="classical" broadcastedFrom="2019-12-21T11:21:16Z"
         broadcastedTo="2018-10-17T11:21:16Z" runtime="1446216977" origin="self" alternativeTitle="dnTDojgyCYliJ"
         recordedFootage="2056935107">
        <Participants>
            <Participant name="Z7PVKxJE892XXu" role="sound engineer" IPDN="e-6mk-Jb." performance="conductor" grossFee="-787361444.65"
                 modifier="A" IPI="uaGwBo0s4DeDmNbtUZGmEGubF" birthDate="2020-03-24"/>
            <Participant name="KfhntudQ4Qb-mUfeXq8Rxz" role="performer" IPDN="kbVZ" performance="conductor" grossFee="-461909675.28"
                 modifier="C" IPI="TUD.5YF9BeCkmPIW1jYzQ4EZpe" birthDate="2018-10-29Z"/>
            <Participant name="u43uLY.Uq" role="subscriptwriter" IPDN="crk9ypoaTsDdhZQw9wPAT" performance="soloist" grossFee="-247073917.29"
                 modifier="B" IPI="QSxIJgsoW4d1zsJt" birthDate="2018-08-18Z"/>
            <Participant name="b5oZu0e-dm969gAHER5hiXqdsf-ZN" role="scriptwriter" IPDN="ueBon" performance="chorus master" grossFee="-879416666.27"
                 modifier="A" IPI="ymyN.7J3JTqPJ9T95A" birthDate="2020-03-06"/>
            <Participant name="oh.YmWuShVmM1I" role="performer" IPDN="sz7WOwX1OLtbzWhq5s1DG" performance="conductor" grossFee="570344312.95"
                 modifier="C" IPI="VH95Tv" birthDate="2020-07-01"/>
            <Participant name="QQdzcB9CGL" role="composer" IPDN="vpXNB6gGM_c6hXWGv" performance="main" grossFee="-1927329427.41"
                 modifier="C" IPI="S-RZ4O_9WzBDZfWfNPJEuO5c" birthDate="2020-01-04Z"/>
            <Participant name="Rq" role="subscriptwriter" IPDN="Zv78zL4yDlqrc" performance="supporting" grossFee="-2100309863.78"
                 modifier="A" IPI="zCciBroDop7" birthDate="2019-09-22Z"/>
            <Participant name="O8W" role="arranger" IPDN="GGdRb1cC" performance="supporting" grossFee="1301745252.54" modifier="B"
                 IPI="r.Wl" birthDate="2020-01-08Z"/>
            <Participant name="hGHXxPBYZCkUh1" role="scriptwriter" IPDN="Rh-kFEao" performance="main" grossFee="-961899307.56"
                 modifier="C" IPI="tdC.jlWoW5FLBJG0SlxOU" birthDate="2019-05-20Z"/>
            <Participant name="WYWsK0OCUezyuB9b0k9ZHf9N_LY" role="sound engineer" IPDN="t4rmljSPH52qJylxEiZAxupR-Kdx9" performance="conductor"
                 grossFee="-838788125.98" modifier="C" IPI="yYp9" birthDate="2020-05-02Z"/>
        </Participants>
        <Record title="Q948lZmg" spins="54533762" ISRC="8315595R8505" year="4708" producer="b" label="uuPVMsQGcdKN5HRE3f-xXReav"
             recordNo="F3-pRf3MkWAVMwfxU41Hc97UC-yK.l" serialNumber="IuImZHrSnwehd" isPremiere="1" usage="broadcast"
             ISWC="leW4iXKeBjYdKrGrFOVpbx-zA7" AKA="CCMGtcjeGRZm3Hl2heevI1" genre="jingle" broadcastedFrom="2019-10-18T11:21:16Z"
             broadcastedTo="2018-08-05T11:21:16" runtime="401828434" origin="commerce" alternativeTitle="npkGeceM"
             recordedFootage="1673155949">
            <Participants>
                <Participant name="sH70CVvckbuy0H_P6GV1xeXkbyTC" role="remixer" IPDN="VHfgVlyrXOKFAORE" performance="supporting"
                     grossFee="142978672.19" modifier="B" IPI="EYquyh-L3edmTG-" birthDate="2020-05-26"/>
                <Participant name="Evluo273v_UUhZI2sjzWMHxe" role="sound engineer" IPDN="WE0sRRVIdqnWKN1BapzcjM" performance="conductor"
                     grossFee="682267488.75" modifier="C" IPI="i9IBr17ofbrpvx" birthDate="2018-08-25"/>
                <Participant name="wR1hmtkvnCFcP7NIG1FrNxpZ6n" role="remixer" IPDN="iYYnGxVDa" performance="soloist" grossFee="-333932410.48"
                     modifier="C" IPI="Giqow0xqNptg-.RuQgKP" birthDate="2018-08-31"/>
                <Participant name="f-4x5" role="sound engineer" IPDN="r3ZuWbO6AHK1xhDS-N5A3g" performance="main" grossFee="1560833432.71"
                     modifier="C" IPI="VvckuEJ2JQcfR2" birthDate="2018-08-13Z"/>
                <Participant name="fm5rulu" role="arranger" IPDN="P9skgEl_N8maKKWg7UgPjll" performance="supporting" grossFee="2114552077.52"
                     modifier="C" IPI="ALWrDqSvtXB" birthDate="2018-10-28"/>
                <Participant name="VyU.zqxnksn-EQJET" role="composer" IPDN="uhALMGuEV22HR_actYL1uFPl" performance="conductor" grossFee="1054631198.03"
                     modifier="C" IPI="F" birthDate="2019-03-22"/>
                <Participant name="SJJFIqE1H.11v" role="arranger" IPDN="G" performance="main" grossFee="343123928.39" modifier="A"
                     IPI="lwhT" birthDate="2019-05-18Z"/>
                <Participant name="aFfVtT_7aYLwSuLGqx947Hz" role="composer" IPDN="TF4P" performance="main" grossFee="-1851578652.45"
                     modifier="C" IPI="U" birthDate="2020-06-13"/>
                <Participant name="sksQ" role="subscriptwriter" IPDN="WNAB_e" performance="chorus master" grossFee="-1366393583.66"
                     modifier="A" IPI="X" birthDate="2019-07-22Z"/>
                <Participant name="Wfz33YI4gfNlkFQySp_c1aIzC9._" role="arranger" IPDN="fiuggnyO6OpFan-EfHLARB" performance="conductor"
                     grossFee="546332726.85" modifier="B" IPI="AGLToTfFmYhz-zBp9nYs33SRejVOc" birthDate="2020-01-23Z"/>
            </Participants>
        </Record>
        <Record title="ZNwfz60" spins="661124864" ISRC="614B0Q2X31Z3" year="6468" producer="ry.axkhuo" label="su6JtUc6T6-5L3S2ox-kv"
             recordNo="moE2Owx" serialNumber="Q24W" isPremiere="true" usage="jingle" ISWC="pl" AKA="KU"
             genre="spoken word" broadcastedFrom="2018-09-01T11:21:16" broadcastedTo="2020-03-27T11:21:16Z"
             runtime="677342169" origin="live stream" alternativeTitle="i7wx1ShYuBBRXWN" recordedFootage="776467006">
            <Participants>
                <Participant name="aID" role="arranger" IPDN="yhO0oc2oUn4gU0" performance="soloist" grossFee="-765521741.13" modifier="A"
                     IPI="Oy8-urZP1Kgl" birthDate="2018-11-28Z"/>
                <Participant name="AfYydxzmZ.7vXYUts85WRN-XTv" role="music director" IPDN="FdyVUl3O556YpSiPTw" performance="conductor"
                     grossFee="-416622704.03" modifier="B" IPI="t_K.2XBd8pOfzjIR_3-rsATx" birthDate="2020-06-02"/>
                <Participant name="G7-OjN84K7fz6X-" role="music director" IPDN="fQ" performance="chorus master" grossFee="640981121.28"
                     modifier="C" IPI="HxPWh3EazkDoSA_baFS350qsiQ" birthDate="2020-05-21Z"/>
                <Participant name="v9kX-JHWN9y5y_plzDD-N3c" role="remixer" IPDN="wD9R-" performance="chorus master" grossFee="1719885665.42"
                     modifier="C" IPI="jNGxdlMQ3HxB" birthDate="2018-10-09"/>
                <Participant name="lPF6USOMTtY37sMtT7B" role="performer" IPDN="icsR5" performance="main" grossFee="1269571961.07"
                     modifier="A" IPI="u3Hk6lvjGdgRV09" birthDate="2018-11-18Z"/>
                <Participant name="LgbjKH" role="sound engineer" IPDN="I3YB6jw_z2UY1W" performance="chorus master" grossFee="109791539.02"
                     modifier="A" IPI="HABsWGI" birthDate="2019-11-25Z"/>
                <Participant name="L8W53DUxjLmmkgXahIgcLuV7-f" role="subscriptwriter" IPDN="eCFd2.aGLElzsv_VXywTuJn9Kd" performance="chorus master"
                     grossFee="1872939290.31" modifier="C" IPI="xjgO7LmzMzM" birthDate="2019-12-13Z"/>
                <Participant name="OOOsnl.I_VS3pPsa6GJhY" role="remixer" IPDN="XjfdLgndOSEHKDaf" performance="main" grossFee="-642487205.64"
                     modifier="B" IPI="G16NHwyB5khkZ.OHK-fC" birthDate="2018-10-06"/>
                <Participant name="g7A-41FlZT_Ega" role="sound engineer" IPDN="kouI6aGK2QIE5SGYXRbz" performance="chorus master"
                     grossFee="-1507694655.51" modifier="A" IPI="g.aKxW4kVjxaa6QBnF" birthDate="2019-03-25"/>
                <Participant name="BxbR5RcpiUW-k-c71" role="sound engineer" IPDN="Dhx9jKRQ5" performance="supporting" grossFee="1679870112.31"
                     modifier="B" IPI="rzSBLn3ZHqtrvKxagS9gfzKg" birthDate="2020-01-22Z"/>
            </Participants>
        </Record>
        <Record title="cDOXEoOOfsDpx" spins="1119560649" ISRC="49FH1NNUEM1H" year="7474" producer="J0dUqiAGidnMTCFMQ"
             label="H" recordNo="z" serialNumber="Eh-jXBmNhUaXN2fArpEak_wSxAY" isPremiere="false" usage="broadcast"
             ISWC="nAvawptxq-VrEp_-4IliVNsUv" AKA="sHp6n" genre="jingle" broadcastedFrom="2019-08-11T11:21:16"
             broadcastedTo="2020-03-19T11:21:16" runtime="1168032586" origin="free usage" alternativeTitle="y7ninSd.-5bYbRcf149Po30K"
             recordedFootage="26148644">
            <Participants>
                <Participant name="_vdYKd" role="composer" IPDN="HUxTuv7vND" performance="conductor" grossFee="-478478030.73" modifier="B"
                     IPI="NYEmBGvXX7qS0QVJraFY" birthDate="2019-07-04Z"/>
                <Participant name="HEw" role="remixer" IPDN="WqYu" performance="soloist" grossFee="755023583.70" modifier="B" IPI="TvHh_cc.RNU0G"
                     birthDate="2018-07-27"/>
                <Participant name="GQ75j9VagGqv.p.uwNTVLYAxVN" role="producer" IPDN="fLWiS7y.-GRrWgoQ6Tntb03lqkN" performance="conductor"
                     grossFee="-1454929545.73" modifier="A" IPI="twwPMIsP1K2gvZvA" birthDate="2019-12-22Z"/>
                <Participant name="cCFtl-JrTP35HMq5_IDn" role="scriptwriter" IPDN="MRFiz3PXGHj" performance="chorus master" grossFee="890233667.27"
                     modifier="C" IPI="m8iL5uIKtZSXW" birthDate="2020-01-27Z"/>
                <Participant name="acV9tz37.yx15hDOa8_oJ" role="music director" IPDN="hNGiXKV64TNBRAJw83UIpInvGglqXx" performance="soloist"
                     grossFee="809209566.87" modifier="A" IPI="zkETFVATqPh41kuDr9QF" birthDate="2020-01-02Z"/>
                <Participant name="D-If6zJm5" role="composer" IPDN="swAN1FYNKEo6LkYsufLwAZToNCGj" performance="soloist" grossFee="-2131378954.04"
                     modifier="C" IPI="W61h-" birthDate="2019-06-15"/>
                <Participant name="BwdsaPzzEO.Qj.g" role="producer" IPDN="qhdUbNCsV" performance="chorus master" grossFee="-69334175.37"
                     modifier="B" IPI="EKR" birthDate="2019-07-18Z"/>
                <Participant name="XaA1GM6FehZwtAlOXP.wKirExUyN" role="scriptwriter" IPDN="YaelKjjeGPa.-BiW.R.4KxX4I7a_ws" performance="soloist"
                     grossFee="-100652812.12" modifier="C" IPI="yOoDYYIxT" birthDate="2020-01-08Z"/>
                <Participant name="Z8_q" role="performer" IPDN="F4nMozH" performance="chorus master" grossFee="-1263007733.85" modifier="B"
                     IPI="MkGua3H_6HhYDOeSs8k" birthDate="2020-01-24"/>
                <Participant name="P49fnnp-9Kc9P" role="arranger" IPDN="vXddeXQ3I6QNaNebPDJqFxD" performance="chorus master" grossFee="-370550081.89"
                     modifier="A" IPI="ImnSu_8QccdUHif.Mc3x0fPkgd" birthDate="2019-12-17Z"/>
            </Participants>
        </Record>
        <Record title="O7hHppuF3FwDNLute7ho8KJqXPZSB" spins="104228275" ISRC="TI9PRA3QMCSI" year="6636" producer="cFbpUaZ"
             label="yMwwU2ymoHxZUz4" recordNo="CkGZz.E4TdVZz7ky.kV45wpVCtj" serialNumber="JcO8jCJQpiH"
             isPremiere="true" usage="commercial" ISWC="RCi_4fidQD" AKA="xp5x" genre="pop" broadcastedFrom="2019-05-03T11:21:16"
             broadcastedTo="2019-08-23T11:21:16Z" runtime="1210473581" origin="recorded stream" alternativeTitle="BNYh"
             recordedFootage="333647845">
            <Participants>
                <Participant name="wwFdn_P1YXsDXKEgIQF-74TI7gcrsh" role="composer" IPDN="NG-e4iZKwMu" performance="main" grossFee="-470947434.35"
                     modifier="A" IPI="srKK.FubbA" birthDate="2020-04-08"/>
                <Participant name="M-kvWutIAXq" role="composer" IPDN="WxCrDvw_.udlKYwKs4lp" performance="chorus master" grossFee="-2139873263.67"
                     modifier="C" IPI="dDBDHXWc-pTz4QmXh-IJlqQYfrDl" birthDate="2019-03-31Z"/>
                <Participant name="C6G9ekvq0YLoet22G26Lcaar" role="music director" IPDN="KDsceNHytl7UP-hP4P" performance="chorus master"
                     grossFee="-360659448.56" modifier="C" IPI="aFVuFWKM9-0ZKV7DUUVfDiY_-t" birthDate="2019-11-19"/>
                <Participant name="KJOHAqVrWZXqVKVA" role="composer" IPDN="iz16WxXMxXA" performance="chorus master" grossFee="73027823.49"
                     modifier="C" IPI="E" birthDate="2019-04-03Z"/>
                <Participant name="MXsyxwezSytXa75YINcNUMWGq" role="performer" IPDN="Ml_WVed5rjKMFB1HGN9U7ST" performance="conductor"
                     grossFee="1736228581.01" modifier="A" IPI="ujweUFRNsg" birthDate="2019-12-10"/>
                <Participant name="z8cSvmCIfoGJnD.8YiW6" role="producer" IPDN="ZGSgGGN5D0R7x0BGIFId4jR5OT8yGM" performance="main"
                     grossFee="-368313741.76" modifier="C" IPI="RFDKbwj4Ssoy7" birthDate="2019-11-07"/>
                <Participant name="zBvG8y1x" role="arranger" IPDN="IPDtrfAgdvT261HKzpQR0AA1tFjS" performance="conductor" grossFee="803714868.24"
                     modifier="C" IPI="rVL1V" birthDate="2018-07-11Z"/>
                <Participant name="YN2dHngI5J32.YLEI89u6bdIDo8FPe" role="composer" IPDN="IUH3we.u5OnhlzN8pYMj0fgZMCep" performance="main"
                     grossFee="241975166.76" modifier="B" IPI="NSEAhC7B" birthDate="2020-04-18"/>
                <Participant name="YdP3zB8Jj0eYf_fFCa00lV4P9V" role="music director" IPDN="JI_g2" performance="chorus master" grossFee="-401218458.39"
                     modifier="C" IPI="r_mmeUZztnnnqTY2Tch" birthDate="2019-05-09"/>
                <Participant name="q5RY5ZenNd" role="sound engineer" IPDN="Fn1-TYcOgMfVL-1ewTHb9bypZig5Y" performance="main" grossFee="-403172799.14"
                     modifier="A" IPI="P" birthDate="2019-11-20"/>
            </Participants>
        </Record>
        <Record title="_46rF4ztUt9oCiS_W-O" spins="849737962" ISRC="42HKBLQ1DPOU" year="4147" producer="i1AOgDTuRwx"
             label="PcyHnM2KH1snpSWV6oYbOsLZrbvH" recordNo="a6-qkziGp40FRRxHDvod0D" serialNumber="K"
             isPremiere="1" usage="jingle" ISWC="uWicDO." AKA="qIi0F1FkuBAcRUMj6MBZVp" genre="spoken word"
             broadcastedFrom="2018-07-22T11:21:16Z" broadcastedTo="2020-06-27T11:21:16Z" runtime="983380710"
             origin="free of charge" alternativeTitle="jC5zOO3O5-8-lEBHNe3x" recordedFootage="293338652">
            <Participants>
                <Participant name="QxwLhdOAlUUSBSh48dwM" role="music director" IPDN="JvuieRz0F9DVgdgumjdkdhEixvxiq" performance="soloist"
                     grossFee="-663745287.79" modifier="B" IPI="JkcY8tr" birthDate="2018-12-14Z"/>
                <Participant name="rOae2" role="scriptwriter" IPDN="r6fku" performance="soloist" grossFee="-178951904.69" modifier="C"
                     IPI="pg" birthDate="2020-01-05"/>
                <Participant name="nZxZLidiG0jmHXUqKwguTL8dm11" role="producer" IPDN="REfWPiQjJbr-rhlldlBzD4iDDKOl" performance="soloist"
                     grossFee="-961774836.20" modifier="B" IPI="K8yC6LDDHYMyfO4RnKpeH.pitB1E" birthDate="2019-10-15Z"/>
                <Participant name="qPQnYRwtrb-E-FFLVVnSz0z7q" role="producer" IPDN="kK" performance="main" grossFee="1651354818.74"
                     modifier="A" IPI="Whx61_uZ-snMuTSwNehVlCk" birthDate="2020-01-09"/>
                <Participant name="aPG3BW8NEutWBWSJ" role="composer" IPDN="kgO1r0IUepdERgJ8" performance="soloist" grossFee="1962257052.33"
                     modifier="A" IPI="xvki5" birthDate="2020-06-17"/>
                <Participant name="Vsi" role="sound engineer" IPDN="cCknSVKH8Z2WKdWJnsVlR-8X1wsqtT" performance="chorus master" grossFee="1835214595.20"
                     modifier="C" IPI="sKywyfj" birthDate="2020-05-19"/>
                <Participant name="pqVKns" role="composer" IPDN="NMbJevYLBW9OkEzeoC.0vtffQKU9SS" performance="chorus master" grossFee="-1957509819.53"
                     modifier="B" IPI="a" birthDate="2019-10-15"/>
                <Participant name="eZf-bod3plr.4Vw88ombKKbrm" role="composer" IPDN="sqdjM" performance="supporting" grossFee="-1963191817.41"
                     modifier="A" IPI="WWouWuLdrxm5zB495dmqPo1US" birthDate="2018-07-22"/>
                <Participant name="pvnFtMYO1yyQEqpo" role="subscriptwriter" IPDN="js3GGMp-.1Jo6Sjddprd_V5_wuC" performance="conductor"
                     grossFee="1379294645.92" modifier="C" IPI="qwDAODGb2eUnYo" birthDate="2020-04-06Z"/>
                <Participant name="oyIrOpOWk0Oj" role="remixer" IPDN="HaYO" performance="chorus master" grossFee="-783735631.46"
                     modifier="B" IPI="_lYQM" birthDate="2020-01-17"/>
            </Participants>
        </Record>
        <Record title="JcMMOf2jT-S-5cIJzKHjH89_" spins="1487125420" ISRC="8R9ZK0X385OZ" year="1013" producer="wMSsucvn2v"
             label="vJk" recordNo="BZgsszT5Oxl7tYyJurY7Ofc" serialNumber="IE4D3gGtj_le.dOq5qfy_mP2MPAv_5"
             isPremiere="0" usage="broadcast" ISWC="Z.qVmZb.fJtIusrp8" AKA="xT8boa_ES" genre="composed"
             broadcastedFrom="2018-11-12T11:21:16Z" broadcastedTo="2019-02-07T11:21:16Z" runtime="2055807792"
             origin="free of charge" alternativeTitle="PrArO7R4s" recordedFootage="2032578390">
            <Participants>
                <Participant name="Z1q1b53GTOLID0ofpuenijDft8Ww" role="scriptwriter" IPDN="ieHYSY9" performance="soloist" grossFee="1765894277.56"
                     modifier="B" IPI="wxMdGII2N.klLnHEchx2F8HO5goRgx" birthDate="2019-11-25"/>
                <Participant name="xC2JbbrRbD" role="scriptwriter" IPDN="Y97CAqIt2c" performance="supporting" grossFee="-1375740813.77"
                     modifier="A" IPI="KPAS" birthDate="2019-12-02Z"/>
                <Participant name="jTVa7.Cdk" role="sound engineer" IPDN="mrfb64UblElx1Rfc0R7sSy2xs" performance="supporting" grossFee="-982106043.78"
                     modifier="B" IPI="P2" birthDate="2018-09-24Z"/>
                <Participant name="mUv1a5" role="sound engineer" IPDN="t0ttjD" performance="soloist" grossFee="-20921554.02" modifier="A"
                     IPI="nWrnc.Ms3gx1SRjBv_ba31" birthDate="2019-10-24Z"/>
                <Participant name="dl3gThSzRp-nzL2J" role="music director" IPDN="tgAAN4OwcP" performance="soloist" grossFee="-1296600782.91"
                     modifier="B" IPI="NvDH4CWdv3Pbolz" birthDate="2018-09-21"/>
                <Participant name="AXy1-sg9oSE7yq9vB-_F5fCssr3G" role="music director" IPDN="kabYC" performance="conductor" grossFee="1043834278.60"
                     modifier="A" IPI="gk-sjBpZ8oU-KXO87MAX7dHDE11b8" birthDate="2019-07-02Z"/>
                <Participant name="_yUmzrAEH4._VSn1" role="scriptwriter" IPDN="s.6S0d" performance="main" grossFee="-1998230476.63"
                     modifier="C" IPI="nYIHp3Wo5CnPAW-1eYE" birthDate="2019-02-28"/>
                <Participant name="L" role="music director" IPDN="L6HXZV" performance="soloist" grossFee="1171647734.84" modifier="A"
                     IPI="FhKj7Gd3b3pbc8CnJucS" birthDate="2019-01-06Z"/>
                <Participant name="L1T8K8UeMEONX" role="arranger" IPDN="EhJJ4kUN.9Re6VQKRx5chcFx9ZFBlN" performance="conductor" grossFee="-150371112.84"
                     modifier="B" IPI="pezyZeoLRXXjC9Z1tTXAOJsC" birthDate="2019-11-29Z"/>
                <Participant name="jV-" role="sound engineer" IPDN="JnGE" performance="soloist" grossFee="-725354867.29" modifier="A"
                     IPI="Gk1Vr.JtA5gAhkxy" birthDate="2018-08-04Z"/>
            </Participants>
        </Record>
        <Record title="oqlqDEtQ8QoEKTb0b8B84Uu" spins="1451524455" ISRC="34X1SE06RZ38" year="4463" producer="D37rMfYBBC2mfbGBoaK"
             label="p1FvEU4L2iAzjJeE" recordNo="C4UtuZ" serialNumber="m" isPremiere="0" usage="jingle"
             ISWC="siHs_jCogbs0JokGepKjVUSp" AKA="VicY_dm" genre="classical" broadcastedFrom="2019-04-08T11:21:16Z"
             broadcastedTo="2019-03-16T11:21:16" runtime="1824357991" origin="recorded stream" alternativeTitle="uB4glI"
             recordedFootage="2120062676">
            <Participants>
                <Participant name="n6gt.5RRXFui" role="remixer" IPDN="pBI" performance="chorus master" grossFee="899743510.28" modifier="A"
                     IPI="Di2Qjo6HzFLlLGKOZa2zvczi" birthDate="2019-09-25"/>
                <Participant name="W.5Cb" role="producer" IPDN="hqIy5GH1nJm1A-Xl3VncbX" performance="chorus master" grossFee="1525798312.19"
                     modifier="B" IPI="ZdE4.grN" birthDate="2018-09-03"/>
                <Participant name="KcRCddc" role="composer" IPDN="HcJuQPNaGgjBAl96UdGig6_qx" performance="conductor" grossFee="1045207569.46"
                     modifier="A" IPI="bKmU25MpNx2R_IncCuqZEEN" birthDate="2019-05-10"/>
                <Participant name="pjUa2b-EpRNhFCH5c" role="sound engineer" IPDN="bGaC_CYsePgc-pDt" performance="supporting" grossFee="-422747788.97"
                     modifier="A" IPI="lmJ" birthDate="2020-01-24Z"/>
                <Participant name="fzVI01mILPaqAPLa" role="remixer" IPDN="y_PCrcifGNpe6" performance="main" grossFee="1376079754.00"
                     modifier="A" IPI="XB7BLot14" birthDate="2018-09-14"/>
                <Participant name="nb" role="performer" IPDN="nZt5pLX9i" performance="main" grossFee="-298421079.89" modifier="B"
                     IPI="AdmLSQ7Smkl.ce-.iFjHKng" birthDate="2019-03-01Z"/>
                <Participant name="sqkjoxXA5KCzrGkvO1dCDiA" role="sound engineer" IPDN="lRN0p0-z3-xJa2zkq" performance="conductor"
                     grossFee="1147602016.36" modifier="B" IPI="Ahx" birthDate="2019-03-16"/>
                <Participant name="XLbTwoIBbTx3Z4N3fOSr" role="remixer" IPDN="iS6Aj.GTT68xH8MuoBqVG" performance="soloist" grossFee="-434037653.00"
                     modifier="A" IPI="Q4UZW0FPQ2y0Yd7TV" birthDate="2018-11-15Z"/>
                <Participant name="WSt" role="remixer" IPDN="FFzDbi6Vl5dUCOdGhXziP7YPybX-k" performance="soloist" grossFee="-2011059308.50"
                     modifier="B" IPI="IYTeoItjCZlMDxe" birthDate="2019-01-16Z"/>
                <Participant name="_O_5zneZK0IPGr6W85p" role="music director" IPDN="W65xcisWpFmD.P_Zr7m4lFu.ea" performance="supporting"
                     grossFee="-1822344108.18" modifier="C" IPI="s1OvdD" birthDate="2018-09-14"/>
            </Participants>
        </Record>
        <Record title="Z" spins="1914554403" ISRC="W9OJKN1054K9" year="8551" producer="dPMk5ZeZ.oIipFtysYYO" label="I8FhY"
             recordNo="wsZ-eB0hk4lQq" serialNumber="aTl5HLLsR.r" isPremiere="1" usage="broadcast" ISWC="fNUTJ2jCUcw3r9QuALmWLgoy"
             AKA="zdaq5C8.DVII-.sJcxc5br2wXJ.yp" genre="spoken word" broadcastedFrom="2020-02-21T11:21:16Z"
             broadcastedTo="2020-05-11T11:21:16" runtime="1115743321" origin="self" alternativeTitle="pR1lzmH50jmiN"
             recordedFootage="1545423056">
            <Participants>
                <Participant name="MJ" role="composer" IPDN="X.-qrYVa" performance="supporting" grossFee="421218727.24" modifier="B"
                     IPI="on" birthDate="2020-05-25Z"/>
                <Participant name="A3FkOsuF-xnB-l2whueyxNY66bhs" role="sound engineer" IPDN="NspVWr57UmREg_rpe0u.iobde" performance="conductor"
                     grossFee="-1619424607.71" modifier="C" IPI="hAcl.EVT" birthDate="2019-03-05"/>
                <Participant name="k9q8Z.BvuShtnSJXErQ2T6JKqNMm" role="music director" IPDN="Ejx_" performance="soloist" grossFee="390875847.63"
                     modifier="C" IPI="iSYvm" birthDate="2019-02-28Z"/>
                <Participant name="kU5kmAa3yAOH1" role="producer" IPDN="uLgD7sEKuedfntYDeN3OhQF" performance="supporting" grossFee="1152295588.23"
                     modifier="B" IPI="hYFlXAP.IhqCwEvEB" birthDate="2019-07-19Z"/>
                <Participant name="GdlyHP.digSyaRVTsKyzOmgAvnaaD" role="remixer" IPDN="hv9CKaAPVNYL2MFJAJN5g0bmxTb" performance="conductor"
                     grossFee="1190326918.88" modifier="C" IPI="C8gG9FHoi0g9VSUnG3Cl.s10" birthDate="2020-02-05"/>
                <Participant name="mieRA" role="remixer" IPDN="UH5HxkT0V3gcQsh96.-t4dGr.-Q5J" performance="supporting" grossFee="-497660654.00"
                     modifier="C" IPI="Vw8Jv" birthDate="2019-03-15Z"/>
                <Participant name="WBcS_JNv" role="remixer" IPDN="o76" performance="main" grossFee="-998540948.93" modifier="B" IPI="hTUnjPi6fd55Mn.MeDEjutEo6HpaPf"
                     birthDate="2019-10-07"/>
                <Participant name="QT.Vlp9P0GW" role="scriptwriter" IPDN="kmk8.9j71d5v4pyav" performance="chorus master" grossFee="1465595948.88"
                     modifier="C" IPI="U3_0PbFFwbIuJm8EeeXX8Y9VC7xZ" birthDate="2019-07-26Z"/>
                <Participant name="JG7toanrsRkTmTerKZRfDexf" role="performer" IPDN="lh" performance="conductor" grossFee="-1880486210.96"
                     modifier="A" IPI="rqR6jlclzFWCZg1fNok2sy" birthDate="2019-10-25Z"/>
                <Participant name="nUmCWIO" role="subscriptwriter" IPDN="EvPkVrhaR9mmE" performance="supporting" grossFee="-1938940381.59"
                     modifier="C" IPI="dvzFhW43iSE6mPA.DMRlpdAPJDsiBe" birthDate="2019-06-02Z"/>
            </Participants>
        </Record>
        <Record title="J9EJu-q0i98Q4r.87lSwx8CLUUv" spins="1948642542" ISRC="NR1U74W8QJO5" year="7879" producer="XMEzZHrclodSIEMvZ.msoC"
             label="Kiq6o7BJJ4ALO0eQoOC3yUY" recordNo="V0WrhHlirGHGIeQDS" serialNumber="noMJPAnMnO7.bONasnx"
             isPremiere="false" usage="jingle" ISWC="Eg_" AKA="htC2eTcOZc.MnBGfxPr_9B-u1eAN" genre="spoken word"
             broadcastedFrom="2019-08-31T11:21:16Z" broadcastedTo="2019-10-26T11:21:16" runtime="1804141597"
             origin="recorded stream" alternativeTitle="hx.Oo0efRwFrOR" recordedFootage="916509820">
            <Participants>
                <Participant name="qLTEVHFDFl3B3xSGnjcQvf.1vE" role="remixer" IPDN="rmR1bGMK3oiDQjYryIg254v" performance="chorus master"
                     grossFee="-241922094.49" modifier="C" IPI="ERUa-t" birthDate="2018-10-18Z"/>
                <Participant name="PQBrtB8Im4Sb3oN" role="subscriptwriter" IPDN="q2mvjBEcdoRIyRk2fH14_sz" performance="soloist" grossFee="1937710248.06"
                     modifier="B" IPI="oQq" birthDate="2018-08-04"/>
                <Participant name="hyizxz" role="performer" IPDN="luRzRA-a1" performance="chorus master" grossFee="-866830466.51"
                     modifier="C" IPI="wpv" birthDate="2019-10-29Z"/>
                <Participant name="KNw1sqTwHgjwrNVn-iU" role="producer" IPDN="OHSqSTCkG2_YTu" performance="chorus master" grossFee="-1672328097.02"
                     modifier="C" IPI="b1" birthDate="2020-06-14Z"/>
                <Participant name="j-m9hb0LPi90lr2lPJtq4GwG2" role="arranger" IPDN="nF1dvtVnO3xQsNpCJed-uffQK" performance="supporting"
                     grossFee="1650831495.09" modifier="A" IPI="fj588kHbJvf4d" birthDate="2019-10-10"/>
                <Participant name="lT" role="music director" IPDN="gaZb7uqSsM" performance="soloist" grossFee="1202376545.60" modifier="A"
                     IPI="F5" birthDate="2019-12-13Z"/>
                <Participant name="mK.VIe5ErXVN8L7Mxer" role="arranger" IPDN="J" performance="supporting" grossFee="-1761948335.98"
                     modifier="A" IPI="jD" birthDate="2018-07-06"/>
                <Participant name="koviK" role="performer" IPDN="G8FLGo9hN26e9nbBi9rrU" performance="chorus master" grossFee="1456494307.82"
                     modifier="C" IPI="HtI_ZV_uSva4ghGmJZ5" birthDate="2019-03-13"/>
                <Participant name="xkD" role="scriptwriter" IPDN="kltCwXCprr-" performance="chorus master" grossFee="-1514842031.22"
                     modifier="C" IPI="rdl1hbflK" birthDate="2020-05-09Z"/>
                <Participant name="mce.HolsYvf4ePw" role="arranger" IPDN="XPciIB3orldiz5Bp92" performance="main" grossFee="460421553.84"
                     modifier="B" IPI="fCX8js5Bp_5j2TIb.iWdT" birthDate="2018-09-09Z"/>
            </Participants>
        </Record>
        <Record title="z" spins="511936178" ISRC="92U8Z2I1MR3O" year="0975" producer="YRNJex3KFFul4G2OeERRY" label="BX.CgZ"
             recordNo="sFRm0DQlXSXD5" serialNumber="iCNxGWL" isPremiere="false" usage="broadcast" ISWC="hIkjKoS6zp3"
             AKA="sw2q3TWbKm8l4FM2JkQiBZVaV" genre="jingle" broadcastedFrom="2019-06-06T11:21:16Z" broadcastedTo="2018-09-28T11:21:16Z"
             runtime="638538668" origin="live broadcasting" alternativeTitle="WgJ24s" recordedFootage="293835460">
            <Participants>
                <Participant name="UVBD5WvG6bE9muPVE771c" role="music director" IPDN="GDUrMs45q8" performance="soloist" grossFee="-1913471820.89"
                     modifier="B" IPI="uSF2g" birthDate="2018-11-21Z"/>
                <Participant name="dPCCaaPWmi_4_ZvuFHdxpu8KpbISO-" role="subscriptwriter" IPDN="YaIhBpbYh3SFr" performance="chorus master"
                     grossFee="387880712.44" modifier="A" IPI="doUsUbRvUGQ" birthDate="2020-06-08Z"/>
                <Participant name="h7A6Rq2HwqM0QBrt" role="arranger" IPDN="Bxedl9jReIw_vItUW" performance="supporting" grossFee="-2064513855.82"
                     modifier="C" IPI="X9cgRvtBtdwTACVMbbeKvgjy" birthDate="2020-03-04"/>
                <Participant name="q" role="sound engineer" IPDN="HG5ZN15Q46eMKN7" performance="main" grossFee="-1704139636.31" modifier="C"
                     IPI="EWHjov3kcdAQDOfJsKAr5i-R" birthDate="2020-05-20"/>
                <Participant name="mMfzteGayDtm" role="composer" IPDN="Rgkc." performance="soloist" grossFee="-1541032318.01" modifier="C"
                     IPI="l1P3gm9ySBD.8F7OWHTe" birthDate="2018-10-29"/>
                <Participant name="lkUS98OX04PQxD" role="composer" IPDN="pwHrjHGEMLrAdX7-NwNPZD-xyqz0g" performance="soloist" grossFee="-168121485.99"
                     modifier="C" IPI="jwTa8P" birthDate="2019-02-24Z"/>
                <Participant name="X8NtH" role="producer" IPDN="oWAcDvd9fZbm4Xw.r" performance="supporting" grossFee="-1772584818.82"
                     modifier="B" IPI="j_fsu" birthDate="2019-06-24Z"/>
                <Participant name="J_" role="subscriptwriter" IPDN="USAzOEy4F9p9rpsqM8p2" performance="chorus master" grossFee="-1378984838.73"
                     modifier="A" IPI="cNNRiGo9DY52vh94u7" birthDate="2018-12-03"/>
                <Participant name="V0oP" role="remixer" IPDN="Rpwo0M" performance="supporting" grossFee="376711705.64" modifier="C"
                     IPI="Q8mo5zGf2c0kB" birthDate="2019-11-14Z"/>
                <Participant name="xqa" role="composer" IPDN="Hewa9UKyIV8SM" performance="main" grossFee="196862799.91" modifier="A"
                     IPI="yiApVtK2Sj1Lvg4kFwaj1TP2iZao" birthDate="2019-09-16"/>
            </Participants>
        </Record>
    </Record>
    <Record title="U9e" spins="918842570" ISRC="K01D3Q25I2G1" year="8879" producer="SgpsDUQiMiYz.OJ5lPKhlH" label="yJuNM"
         recordNo="EXcF3A4fX4-vR.IcrX-2tWZlZ" serialNumber="btwJri4T" isPremiere="1" usage="commercial"
         ISWC="y-AW" AKA="GW86CwiW_bu6M8-yHgd1hT9" genre="spoken word" broadcastedFrom="2018-10-12T11:21:16Z"
         broadcastedTo="2018-09-30T11:21:16Z" runtime="1858878492" origin="commerce" alternativeTitle="OXgLuU3l-VUkB09"
         recordedFootage="1648157729">
        <Participants>
            <Participant name="IpOZgX-X6bdizfRKY6Z" role="music director" IPDN="_buOjg3FgwupKafetJq" performance="conductor"
                 grossFee="1727347718.44" modifier="A" IPI="i8j" birthDate="2018-08-29Z"/>
            <Participant name="Se2zpV.sO1Ko0" role="sound engineer" IPDN="VE0sXy1K0CI" performance="supporting" grossFee="410570309.25"
                 modifier="A" IPI="CvT" birthDate="2019-01-21Z"/>
            <Participant name="kYlIwB88Lg.o9sl1Z.FPcrFAPNheq1" role="scriptwriter" IPDN="t7pj.PxYmHE0H0H3" performance="conductor"
                 grossFee="-1401653748.31" modifier="A" IPI="VQL7E4RRWsS88F91FRurvvDfXO" birthDate="2018-12-19Z"/>
            <Participant name="L6VKAalsu" role="scriptwriter" IPDN="GGEmKPA3W95xiJt_KET5RzdsiWY" performance="main" grossFee="1217252802.44"
                 modifier="C" IPI="MDmA6EPNmRrY" birthDate="2019-01-17"/>
            <Participant name="CpZYXInq_glyBLeZ9aW_Au8VW.d" role="subscriptwriter" IPDN="g-ExijoK.csbQbV41H" performance="chorus master"
                 grossFee="1865108735.08" modifier="B" IPI="mb9Itw-rDNb" birthDate="2019-12-27"/>
            <Participant name="b.FlbPFxpL2SrCJlXfD" role="producer" IPDN="Jr1" performance="conductor" grossFee="935755826.27"
                 modifier="A" IPI="LlPZL" birthDate="2019-05-16"/>
            <Participant name="tgrEih" role="arranger" IPDN="jY6sOSfIFhkNBW" performance="conductor" grossFee="73064465.45" modifier="C"
                 IPI="doPCj6XMDIxKxk4YS-Z" birthDate="2018-10-26Z"/>
            <Participant name="m2rVftk0uUndWTnJs1" role="arranger" IPDN="MHQAPtcdhPAhi" performance="chorus master" grossFee="-1490632595.82"
                 modifier="A" IPI="beZ" birthDate="2020-04-03"/>
            <Participant name="jE.wq2cUbfv1jjKO" role="performer" IPDN="QMKMDU" performance="chorus master" grossFee="196253513.43"
                 modifier="B" IPI="t1tj06-kQhVnpxVaRql" birthDate="2019-04-23Z"/>
            <Participant name="wn-K_EJm9gJ-" role="subscriptwriter" IPDN="E-y0u.NJWOrBejtDCRJ_zLZH0d" performance="supporting"
                 grossFee="-553278088.74" modifier="C" IPI="QehlYPSzqZ2gFCp" birthDate="2019-08-18"/>
        </Participants>
        <Record title="vH0tG" spins="1535953689" ISRC="Y9Y6AD2038AH" year="7907" producer="C.e7kug" label="tW8SWcWE4HZ.oLCQCHlCmj"
             recordNo="XnhEoqDnPVqUi" serialNumber="GW3voDr-kpkKvkmJ7rmpGpghdLD" isPremiere="1" usage="broadcast"
             ISWC="Oilk" AKA="B" genre="commercial" broadcastedFrom="2019-06-05T11:21:16Z" broadcastedTo="2018-11-17T11:21:16"
             runtime="1624702622" origin="report" alternativeTitle="vl8cSzB" recordedFootage="781727539">
            <Participants>
                <Participant name="zVOiZaBn7_qgDkPethec.Q." role="sound engineer" IPDN="xfD0rsRn9NsSN0Tasjn2Zm.2" performance="conductor"
                     grossFee="1675978128.80" modifier="A" IPI="AnUcoWjfVsMyBYOVi_JDOp-U-.D" birthDate="2018-10-30"/>
                <Participant name="OI.cCCBH3p6aXf.-a3SRtI7V2x2.2" role="remixer" IPDN="JKjmFGlAdOOP3Cvm5RxzxhebwE" performance="conductor"
                     grossFee="-1238751599.83" modifier="A" IPI="Q" birthDate="2018-09-04Z"/>
                <Participant name="pcJX5RAusJGzs.uKZr" role="performer" IPDN="JoA_xrXmMj" performance="soloist" grossFee="-1363556081.99"
                     modifier="B" IPI="szY66AbywOG9" birthDate="2019-04-03Z"/>
                <Participant name="HMP2jDC" role="producer" IPDN="fJzfJ.6" performance="conductor" grossFee="980243120.09" modifier="A"
                     IPI="uob" birthDate="2019-09-16Z"/>
                <Participant name="L8PdwdgSUBV7" role="scriptwriter" IPDN="DWcnDPj" performance="supporting" grossFee="351783835.74"
                     modifier="C" IPI="UDnjisl9" birthDate="2020-06-12"/>
                <Participant name="i" role="music director" IPDN="h4FVRepptuxn6dYtYNrWA8CexCxt-" performance="supporting" grossFee="-640365045.17"
                     modifier="C" IPI="eQObjVP0" birthDate="2019-09-11Z"/>
                <Participant name="j" role="composer" IPDN="vjgg2NNJeVT7vUmeSkncQMVEKvi0I" performance="conductor" grossFee="1182681289.90"
                     modifier="B" IPI="HLmb.m8pwOjyEXnlgU1cqXDp_oT" birthDate="2020-05-16Z"/>
                <Participant name="nsikmGoUwgc0KehJB" role="performer" IPDN="hRP51.lL0mROaX8" performance="chorus master" grossFee="1982128588.73"
                     modifier="C" IPI="P" birthDate="2018-07-13"/>
                <Participant name="WBlz8m0Yd" role="subscriptwriter" IPDN="Z3IGghBse3" performance="chorus master" grossFee="-56409959.14"
                     modifier="C" IPI="f2KEPpdR8nu9.cFgJevsdRc" birthDate="2019-03-11"/>
                <Participant name="KbloqDsQL9hlHbQ" role="remixer" IPDN="ITBfIXQOYu" performance="chorus master" grossFee="-610325787.49"
                     modifier="A" IPI="DsztvYDRglVMBwa1PnPGTAeojns" birthDate="2019-04-07"/>
            </Participants>
        </Record>
        <Record title="rSD9GN1yRV" spins="2686555" ISRC="9FK92NIBQ2I5" year="9573" producer="yIskCnN-eURpJnZYnZcUqM"
             label="R" recordNo="NDC1EBvvZ6OgR_yP" serialNumber="qClFlNVveH1BjDih1A4NpjvsQ" isPremiere="0"
             usage="commercial" ISWC="DoKrJ63_jKHh1O4rE-AEI" AKA="EDH-uHEt7sdLm4Ge-c1Jz9hwXo_" genre="commercial"
             broadcastedFrom="2018-08-30T11:21:16Z" broadcastedTo="2019-12-28T11:21:16" runtime="1527486840"
             origin="commerce" alternativeTitle="Z7-GPvqKuiNjW0" recordedFootage="662105878">
            <Participants>
                <Participant name="Dn" role="scriptwriter" IPDN="n9R1MmPqZpX5Wjo3XV8iNH3NBU0" performance="conductor" grossFee="-1506375374.84"
                     modifier="C" IPI="Hw9Q71" birthDate="2018-08-04Z"/>
                <Participant name="fY_JRI.R4v8Hq0DJ8N4.bz6gaq" role="remixer" IPDN="XqC5BrBL" performance="chorus master" grossFee="1717371174.61"
                     modifier="C" IPI="iw" birthDate="2020-05-17Z"/>
                <Participant name="T" role="scriptwriter" IPDN="bPXNNpiTqUwSL" performance="soloist" grossFee="-564833981.46" modifier="A"
                     IPI="BLhqUrrCnAJ6CApvBuLMHhue4.W-C3" birthDate="2020-05-18"/>
                <Participant name="i9" role="arranger" IPDN="oY-_v4.YtFyWPY1xhBdLDyGWVEb-w" performance="supporting" grossFee="-723835185.40"
                     modifier="A" IPI="FW2P" birthDate="2018-12-13"/>
                <Participant name="yzfGb3Qon6UIj3iL23Jxe_F" role="performer" IPDN="wQR3-1tLANC5e37yQFnBG9p" performance="chorus master"
                     grossFee="-112092777.33" modifier="B" IPI="AjzYW" birthDate="2020-06-06Z"/>
                <Participant name="KH3M3Lx4l_U1VttrDKWDrvY2W" role="performer" IPDN="dM8mE8vWueSGOzjs" performance="supporting" grossFee="-1132059660.43"
                     modifier="A" IPI="_KVhOd" birthDate="2019-10-20"/>
                <Participant name="Zs-3E.8G8EsgJqG.VTRmcAo8" role="remixer" IPDN="Nz8eZGYVPpYO" performance="supporting" grossFee="1511701153.57"
                     modifier="C" IPI="V" birthDate="2019-03-12"/>
                <Participant name="o6arEdXX._RVH1HQiqAW.In" role="subscriptwriter" IPDN="S4ZyJKEPVSelDoRzUT" performance="chorus master"
                     grossFee="1504694977.05" modifier="B" IPI="_Z_ecWlig8BT" birthDate="2019-02-15"/>
                <Participant name="rBRr3LiHtcp_Lr_" role="performer" IPDN="vWwqxGF12IhydmlTJcD" performance="chorus master" grossFee="-483387046.44"
                     modifier="B" IPI="kRdk" birthDate="2019-10-05Z"/>
                <Participant name="ySsbPhGCQu_vELFaWBUYR.QLQVZX4" role="scriptwriter" IPDN="hL1hZ3hThe6" performance="supporting"
                     grossFee="-1439794813.87" modifier="A" IPI="K96UXsRKuPvogdKCGvLFe6" birthDate="2019-01-24Z"/>
            </Participants>
        </Record>
        <Record title="oEz3l-uF7d_tV5OVwdY" spins="1388138662" ISRC="N34981W3737C" year="7079" producer="zrM5t1djOLS7nuaH"
             label="JrdoXhfDklk" recordNo="hKK__u8Bf2cgbovRagTxGQ" serialNumber="hOcD4-kTW63" isPremiere="1"
             usage="jingle" ISWC="SbohPbSxft" AKA="inHe_bGsLhZdA" genre="spoken word" broadcastedFrom="2020-03-26T11:21:16"
             broadcastedTo="2019-02-11T11:21:16" runtime="171761369" origin="report" alternativeTitle="rxGMyuaapPFeKwJC33Rz0v0G1f"
             recordedFootage="260649183">
            <Participants>
                <Participant name="u" role="scriptwriter" IPDN="bH2HvF" performance="main" grossFee="-1666774381.45" modifier="B"
                     IPI="tZKIbWsFZYmHKEdykOplJ9iIvKBAEH" birthDate="2019-11-21"/>
                <Participant name="MyHB" role="producer" IPDN="RvPlGdCILs5pdyYuYac4" performance="soloist" grossFee="-1137133973.04"
                     modifier="A" IPI="CYAIVfcJYZ-7KHXBdebnpXfpb_4yxx" birthDate="2018-12-19"/>
                <Participant name="XK_54Hbzw5e6yyrenQ7jh" role="producer" IPDN="GRT4SazVSNGFOArOuHb.kD4DS" performance="supporting"
                     grossFee="-1665743216.25" modifier="C" IPI="kpzRV" birthDate="2018-12-08"/>
                <Participant name="D640jULUgQUCzyPwJ0KH" role="music director" IPDN="ee0Gki6q48Xt4-SkA8e0t4" performance="supporting"
                     grossFee="-598954550.79" modifier="B" IPI="LvzoCofUZUVQ" birthDate="2020-02-10"/>
                <Participant name="PWI-7" role="producer" IPDN="tQI" performance="soloist" grossFee="-668018923.71" modifier="B"
                     IPI="q" birthDate="2019-07-16"/>
                <Participant name="DCHhiM1fHflZHV" role="sound engineer" IPDN="B6bh46h.h" performance="main" grossFee="-1130658111.80"
                     modifier="C" IPI="xzXG2RljCtl1IpBj" birthDate="2019-09-12"/>
                <Participant name="t.ioIx4fJy8f.axagsgb" role="sound engineer" IPDN="d_ht5ula50Ee" performance="soloist" grossFee="-1522823080.35"
                     modifier="A" IPI="vcC" birthDate="2019-11-28Z"/>
                <Participant name="HC" role="sound engineer" IPDN="oRV6" performance="main" grossFee="-1529407942.39" modifier="B"
                     IPI="vNfhynecWcKZ8B1Cq.ORv-" birthDate="2019-06-12Z"/>
                <Participant name="se" role="subscriptwriter" IPDN="pALLlrjyZ-8NViIc4vx" performance="main" grossFee="1617976189.83"
                     modifier="B" IPI="dk54" birthDate="2020-02-24"/>
                <Participant name="_0STqjYjZFy.kqF8f31TRWL." role="remixer" IPDN="t0OzUEvd" performance="soloist" grossFee="760402703.40"
                     modifier="C" IPI="gFPdJPO23.pJg" birthDate="2019-09-20"/>
            </Participants>
        </Record>
        <Record title="XQJQIinVlQd.7c_Q3nUNdOIn" spins="258983846" ISRC="41A5CO1VVQ7W" year="8824" producer="iXr4mOe2EMdMQn1LGra_ko5HRxq.k"
             label="VWmYcaX9qKmYy_wBtWIGE6p3S" recordNo="KcTyUccNCm5UkMjE1Ib" serialNumber="RWSARdO_"
             isPremiere="false" usage="broadcast" ISWC="tM.6EjWBQyeNEacEKWmKZ6yxkqDee" AKA="Mx4J8YOuWhBN.w98Q5iF16IX"
             genre="pop" broadcastedFrom="2019-12-26T11:21:16Z" broadcastedTo="2018-08-18T11:21:16Z"
             runtime="26650697" origin="report" alternativeTitle="a2sDvQU0Dh.rBqzHv0DebqBU" recordedFootage="658826380">
            <Participants>
                <Participant name="Qi-h2-eknxKO7Xwq7I2t" role="producer" IPDN="ar-T" performance="conductor" grossFee="371780522.08"
                     modifier="C" IPI="mzL4_KfAdNCbJS7v1Q0IchLij0Wf" birthDate="2019-12-28"/>
                <Participant name="WIeEJQmn8DjrjH.itCIKQtEMI-Z" role="performer" IPDN="du9" performance="main" grossFee="-1222945783.64"
                     modifier="B" IPI="WcFN0ZpH6VOIOBCnErWxT_rb" birthDate="2019-01-31Z"/>
                <Participant name="mSibo" role="producer" IPDN="VNhRGsPGSSlJi7icI3Mva" performance="soloist" grossFee="-787585269.25"
                     modifier="B" IPI="pfmSpNKZLbubQv" birthDate="2019-10-27Z"/>
                <Participant name="BVedVfoPIE9u..yc" role="composer" IPDN="EWnLVwP4XDvsLgu1qG3Xew4w-73X4U" performance="supporting"
                     grossFee="2121619433.04" modifier="A" IPI="JS" birthDate="2019-12-28"/>
                <Participant name="zzhPEEaNr2aw5WYUoGf9" role="remixer" IPDN="W" performance="main" grossFee="-800752250.26" modifier="A"
                     IPI="AmVX71" birthDate="2019-10-12"/>
                <Participant name="qKsthHf" role="remixer" IPDN="OOiN6sC" performance="conductor" grossFee="-1528437854.82" modifier="B"
                     IPI="zudKvDeWl4Njgg9gmc_Eawlvknb8" birthDate="2020-01-16"/>
                <Participant name="G.BwtY.GQmVNfNlrZQEgP4gnY62" role="arranger" IPDN="YKfIA" performance="main" grossFee="307820018.77"
                     modifier="B" IPI="H6afJW3D1jD58TCqdvaGp3YG2wG" birthDate="2019-07-22Z"/>
                <Participant name="BpIU8D" role="scriptwriter" IPDN="x.Ew1z.Bgx" performance="chorus master" grossFee="522681215.37"
                     modifier="B" IPI="ynR.BuB5wxpv" birthDate="2019-12-06"/>
                <Participant name="njXHhJasP4cKyGxF7G" role="composer" IPDN="qdlBZyGfcTXn2ri4bauvmad2i" performance="main" grossFee="751629208.92"
                     modifier="C" IPI="HANV7IAjTJ0CeOwjUhg" birthDate="2018-08-18Z"/>
                <Participant name="HKW-zwy2xb0uV4NwOAF1fF" role="arranger" IPDN="FXN" performance="chorus master" grossFee="1535676148.83"
                     modifier="A" IPI="gwVFsge_axstE" birthDate="2019-12-04Z"/>
            </Participants>
        </Record>
        <Record title="q-4mzr" spins="1436858640" ISRC="2K7AOVGZ681F" year="1787" producer="BACLr9R0bzVFHI8V" label="vZ_OSM4F"
             recordNo="e1M6o6NG" serialNumber="_cO7h09UlX" isPremiere="false" usage="broadcast" ISWC="s0AYC8pRnAlzOYSfctuPXTyF"
             AKA="OIryYiBM" genre="jingle" broadcastedFrom="2020-02-11T11:21:16Z" broadcastedTo="2020-02-11T11:21:16"
             runtime="1312115140" origin="recorded stream" alternativeTitle="r2DJm.I0rykYyi11RC" recordedFootage="323105671">
            <Participants>
                <Participant name="Kahe-NzkdT-fDGtlbBO0alGk.E" role="remixer" IPDN="Twrpssz1cb7bSeKm-5z8S0QK" performance="soloist"
                     grossFee="990488476.64" modifier="C" IPI="a1a1" birthDate="2020-04-20Z"/>
                <Participant name="tnfiLkYPaBNW8GImltq" role="composer" IPDN="c8zA0jl8e" performance="chorus master" grossFee="-578074074.75"
                     modifier="B" IPI="X3" birthDate="2020-05-31Z"/>
                <Participant name="XSU8llfQDL-oSCSl9zoaP" role="remixer" IPDN="_i" performance="conductor" grossFee="-1767070838.34"
                     modifier="A" IPI="EQ11idYVkYkRZQQ5IRCeSmerMu" birthDate="2018-07-22"/>
                <Participant name="i" role="subscriptwriter" IPDN="J55" performance="soloist" grossFee="1493920717.48" modifier="B"
                     IPI="FVaiezDJXUbGm" birthDate="2020-05-17"/>
                <Participant name="B55JkqtJ.wJ2Ea.xzj38s." role="subscriptwriter" IPDN="kOgRNfe_XyOh_WT0" performance="soloist" grossFee="1465269213.62"
                     modifier="B" IPI="gHZwTq5CMc" birthDate="2019-01-11Z"/>
                <Participant name="kVAY.AEAE8A.f-" role="sound engineer" IPDN="L_WSuLpxUz89VlY6M-htF." performance="conductor" grossFee="-1837016301.26"
                     modifier="B" IPI="UEVPS3TDhynIVZB58TpRYwE92HZWEG" birthDate="2018-11-18"/>
                <Participant name="D5NyS" role="sound engineer" IPDN="Bpr7BSNTiOoOIK4h2" performance="soloist" grossFee="724866217.06"
                     modifier="B" IPI="MMU6RmbZcZCbkBkhjW" birthDate="2019-09-16"/>
                <Participant name="JI" role="composer" IPDN="iBKfxUN" performance="supporting" grossFee="-1350162891.61" modifier="A"
                     IPI="b" birthDate="2018-11-27"/>
                <Participant name="v" role="remixer" IPDN="fDq5SJxmc-f2bK3aEx4l_exC" performance="soloist" grossFee="244461124.78"
                     modifier="B" IPI="ETAbqs7E" birthDate="2018-07-07"/>
                <Participant name="Y.wnik" role="music director" IPDN="BNRB09U" performance="conductor" grossFee="1194726893.63"
                     modifier="C" IPI="t3Bto29JjWTM62rEQrULTJYAHUg" birthDate="2018-11-27"/>
            </Participants>
        </Record>
        <Record title="ooOp.z69f-PeaUNV-YGxg9u7l" spins="82868787" ISRC="8509HY3C15II" year="6899" producer="g9R8iKVJJsJlbpel9e"
             label="g1eMILfxb9cQbOc" recordNo="JTKFC" serialNumber="iWB0sZYw_5" isPremiere="true" usage="jingle"
             ISWC="M" AKA="q0-GYEwLMRDI421bxE43W" genre="commercial" broadcastedFrom="2019-04-26T11:21:16"
             broadcastedTo="2020-02-05T11:21:16Z" runtime="1305453250" origin="live stream" alternativeTitle="xPv3cXTw6XR"
             recordedFootage="485036679">
            <Participants>
                <Participant name="mNh" role="remixer" IPDN="qv4gd6" performance="conductor" grossFee="-469402722.62" modifier="A"
                     IPI="LcyVDKBkaCd2K5G2lBH" birthDate="2019-11-18Z"/>
                <Participant name="YXiRpEStjnQuRRuV6KLi3NA" role="remixer" IPDN="ZyEOxr.jKPf8IzwX-1wO" performance="conductor" grossFee="-219107772.15"
                     modifier="A" IPI="fZhT45T" birthDate="2020-03-07Z"/>
                <Participant name="qVUoWU2GVyTvw" role="composer" IPDN="gj3oyU3TCqNXUc-z9mHMc" performance="chorus master" grossFee="-1172660095.75"
                     modifier="A" IPI="LA74Hi1Mfhu" birthDate="2019-08-08Z"/>
                <Participant name="Aw10yMbY1" role="performer" IPDN="F8UbHXfBcpxqHvS_" performance="conductor" grossFee="1201306157.87"
                     modifier="C" IPI="_XO2MDsJtM8fuGdNXiJLOWCNlk" birthDate="2020-03-01Z"/>
                <Participant name="lRfRkG6UozF_eiMjH14wX4HrQp" role="sound engineer" IPDN="y1N" performance="chorus master" grossFee="34051009.63"
                     modifier="C" IPI="d6" birthDate="2019-08-09"/>
                <Participant name="ruBy2XZb0dtEYgs-t8rYV3cHfM" role="performer" IPDN="Jh3P_jzvLNw" performance="soloist" grossFee="-37988364.38"
                     modifier="A" IPI="tC_keErtpvUbsBK2vDekf8b_o1jy" birthDate="2020-02-01Z"/>
                <Participant name="pHNHppDp2gxx7E9e" role="subscriptwriter" IPDN="HT" performance="conductor" grossFee="-1438442028.72"
                     modifier="A" IPI="R1JPcRPiMWCOdP" birthDate="2019-07-24"/>
                <Participant name="GPTkXjuO" role="music director" IPDN="kUjsOKs-9d8j" performance="main" grossFee="-499872677.28"
                     modifier="C" IPI="jdN8GF" birthDate="2019-07-14"/>
                <Participant name="xO9D46Fc" role="producer" IPDN="EozdE_kA" performance="soloist" grossFee="-1817317395.76" modifier="A"
                     IPI="FjT_Sq0ZUFseb7" birthDate="2018-10-03Z"/>
                <Participant name="wENghjzGBWvuRZjOAa7tnVK" role="producer" IPDN="zwltR7wjfdnuXKjF" performance="supporting" grossFee="1852558331.37"
                     modifier="C" IPI="JzXyhVhpoh87IFSPU66MJy" birthDate="2020-04-10Z"/>
            </Participants>
        </Record>
        <Record title="SdZch3RF3FaQ3fAR9G3" spins="1585831335" ISRC="F16KBH25BG2F" year="0062" producer="a" label="qfbxmcZjFn4_6cJKUsrK"
             recordNo="SJ5p0rSPut" serialNumber="aCMCcIm.c0wkNmrs7F3vIARZmh2ZtR" isPremiere="true" usage="jingle"
             ISWC="SIstP34R8Fy7o" AKA="g31f5kMvD" genre="jingle" broadcastedFrom="2019-03-26T11:21:16Z"
             broadcastedTo="2019-01-17T11:21:16" runtime="1334485975" origin="self" alternativeTitle="d1L.yRgxq"
             recordedFootage="1797026617">
            <Participants>
                <Participant name="ma39xvS0BntQUm9XS9l-5wG9Bc" role="arranger" IPDN="D3TDJH" performance="supporting" grossFee="-816369636.96"
                     modifier="C" IPI="ePQT8FtgHHG6j-eAn7bRYrU." birthDate="2018-10-30"/>
                <Participant name="uCrqgnJVGlHbxOAUMR" role="scriptwriter" IPDN="A6.a" performance="conductor" grossFee="1186434657.40"
                     modifier="A" IPI="cUXsk0S1" birthDate="2019-06-24Z"/>
                <Participant name="oQ" role="sound engineer" IPDN="DuDW" performance="supporting" grossFee="300117760.96" modifier="A"
                     IPI="HvPP_Budl08.KH7TDuCta" birthDate="2020-05-19"/>
                <Participant name="VKA7QaonN8" role="remixer" IPDN="f4uu6Dggsy9Rs-Yb5hx" performance="supporting" grossFee="1172520137.69"
                     modifier="B" IPI="VxVg" birthDate="2019-09-08"/>
                <Participant name="me" role="sound engineer" IPDN="tG8PFrJbP5MmJ8Nqru" performance="main" grossFee="205124177.93"
                     modifier="C" IPI="sS" birthDate="2019-12-12Z"/>
                <Participant name="P" role="subscriptwriter" IPDN="YQ5PmGSeIpSDM" performance="soloist" grossFee="-910622350.81"
                     modifier="C" IPI="e7qRmsmwh" birthDate="2018-10-26"/>
                <Participant name="f9PqcSpdSpTGl" role="sound engineer" IPDN="ISHpn_bCwsFU" performance="conductor" grossFee="1894959159.89"
                     modifier="B" IPI="pNzn.K1w" birthDate="2019-06-29"/>
                <Participant name="oTNoSDVDpVmFgU" role="remixer" IPDN="uQ_9y41Y_HW6F" performance="main" grossFee="-1775070002.07"
                     modifier="A" IPI="hVLA9Rlomf5" birthDate="2020-06-17Z"/>
                <Participant name="h" role="performer" IPDN="hLGBgiwbfMtS4gnTY60bzNzZTs" performance="chorus master" grossFee="1241693080.12"
                     modifier="B" IPI="OA3V95fmFVnOTrqqO" birthDate="2019-03-19Z"/>
                <Participant name="mcwKD5" role="performer" IPDN="l6yznzCOs2-Qmahf5eMKpf1RRmx" performance="conductor" grossFee="990948903.26"
                     modifier="B" IPI="a" birthDate="2020-01-03"/>
            </Participants>
        </Record>
        <Record title="YwKdB9f4rqYrH4bytcCgNCE6IBQv" spins="666907255" ISRC="918RQC8BWU19" year="8255" producer="YuIm"
             label="cBa6ZZQ-OcCU" recordNo="WW8G1I" serialNumber="hp2nCxuon-xyMPybs3TfMjD1l" isPremiere="0"
             usage="commercial" ISWC="gRPCYm-SExhQNWTN5w1kL" AKA="BpH.xh9vLyB4V2tbT6OIsXcvl" genre="pop"
             broadcastedFrom="2019-11-06T11:21:16Z" broadcastedTo="2019-10-07T11:21:16Z" runtime="1161894384"
             origin="self" alternativeTitle="JShnYnjOf1v_fyEvyqwr1NMotnY" recordedFootage="674450410">
            <Participants>
                <Participant name="F." role="producer" IPDN="lzGAO608MVnhrii" performance="soloist" grossFee="-1227537408.21" modifier="A"
                     IPI="aRcgj" birthDate="2019-01-30"/>
                <Participant name="o9RvyMODahc" role="producer" IPDN="cIMJ4DluRALbVp" performance="main" grossFee="-337485432.00"
                     modifier="C" IPI="SQNIkN_b" birthDate="2020-01-25"/>
                <Participant name="Pylqk" role="sound engineer" IPDN="mT3ZkcBep3yekp" performance="chorus master" grossFee="1776543078.06"
                     modifier="C" IPI="cNBaI3L2wlooPEvfk4S-ddYvYwu" birthDate="2019-05-18"/>
                <Participant name="OcK4iv7L0EWEDWx1" role="music director" IPDN="Wo.Jvh8" performance="supporting" grossFee="-1866269609.59"
                     modifier="B" IPI="Cr4I.7sWYmpqzEH" birthDate="2019-04-24"/>
                <Participant name="G4id.QiLTC39B" role="performer" IPDN="HdRN" performance="soloist" grossFee="693068271.48" modifier="B"
                     IPI="k2QJTZIfgy_" birthDate="2019-08-23Z"/>
                <Participant name="nFNrEEpBLcSd4_" role="performer" IPDN="Plny0WYqA8u19OS06K24oXadkEM" performance="chorus master"
                     grossFee="-1109225622.15" modifier="A" IPI="ZcEiCFII_Tb" birthDate="2019-12-31"/>
                <Participant name="B0ciFmCX" role="producer" IPDN="kUltB47TGnltFcptlgdWt-IrM-70G" performance="chorus master" grossFee="-603648708.12"
                     modifier="B" IPI="z" birthDate="2019-09-20"/>
                <Participant name="t.dhg4sy.KVX2" role="scriptwriter" IPDN="jw_P.vWTdDfVl71HAi-koNZU7_" performance="soloist" grossFee="632008314.65"
                     modifier="B" IPI="nDaT" birthDate="2020-03-25Z"/>
                <Participant name="TEu" role="remixer" IPDN="rQSV" performance="soloist" grossFee="256032489.92" modifier="A" IPI="mcOf2zBNCRbgr3Q_F5WjSKZaaBGE3"
                     birthDate="2020-04-27"/>
                <Participant name="HY" role="composer" IPDN="KPz_G" performance="chorus master" grossFee="-929820265.38" modifier="B"
                     IPI="vC5YeP9hgheHOxZVigtb_xHSETl" birthDate="2019-11-16"/>
            </Participants>
        </Record>
        <Record title="yq7J9b4D0t_hYRL1WPyJh7" spins="1438628827" ISRC="1CELW5XBQU10" year="2743" producer="uNrSZ_gy3bLrTiy9MGl"
             label="gHheLt9ETeVhlvSK5Q2" recordNo="MYg40IPCUHAIv.oQ.5Z" serialNumber="hX" isPremiere="true"
             usage="commercial" ISWC="phTz_Z_757YFiw1K" AKA="IxdJ9dUobqKwVYICIWbKdlsy3JCK" genre="commercial"
             broadcastedFrom="2019-02-05T11:21:16Z" broadcastedTo="2019-09-28T11:21:16" runtime="1097415533"
             origin="self" alternativeTitle="OkdCzMeeY1_jLsAvqnMM9XTA" recordedFootage="1438631982">
            <Participants>
                <Participant name="wk2ssSRNWZjmP20PRlXEeQcVKdZ" role="sound engineer" IPDN="I" performance="soloist" grossFee="-271358664.04"
                     modifier="B" IPI="SnL2wWYfatiTlSNSORTR" birthDate="2019-01-26Z"/>
                <Participant name="PjDVhfkRhumLCeZxFW" role="sound engineer" IPDN="Emyen7oq_7VtFgzm_GCkl2wR8" performance="conductor"
                     grossFee="276187875.73" modifier="A" IPI="v" birthDate="2019-02-04"/>
                <Participant name="M5JAB1.M" role="remixer" IPDN="_nba7d.._8" performance="main" grossFee="204988285.99" modifier="A"
                     IPI="l5-y6hMB_a2hq6" birthDate="2019-05-12Z"/>
                <Participant name="NcIEzQCoTFpKldHnUXy" role="arranger" IPDN="OTqQqbvt8c5utVs82SXY12nhRxL" performance="conductor"
                     grossFee="-1556345171.72" modifier="B" IPI="spGbo2p9R3" birthDate="2020-05-20"/>
                <Participant name="lX" role="arranger" IPDN="P529h5dmhL02tf" performance="soloist" grossFee="-326593049.93" modifier="A"
                     IPI="RtI7" birthDate="2020-04-24Z"/>
                <Participant name="KWm-aMt7U5k.1FDQaXjM-xZLh" role="arranger" IPDN="yoVPuID-IGrLzxRsK4" performance="main" grossFee="-1382537017.51"
                     modifier="A" IPI="PQrvhx2bE" birthDate="2018-07-28Z"/>
                <Participant name="UsSdf-D8SpPZyvGuf6V7Hd" role="sound engineer" IPDN="ooT58jsyD3R1221PT5AY" performance="supporting"
                     grossFee="498941554.77" modifier="C" IPI="x6.1-2.KboHE8fkGbv9m" birthDate="2018-09-21Z"/>
                <Participant name="k" role="music director" IPDN="XlLi4aEd7a9YuQX_" performance="soloist" grossFee="-1664582483.79"
                     modifier="B" IPI="y7QWTBBifINuZ9HUIVGS" birthDate="2018-07-09Z"/>
                <Participant name="xNlV" role="scriptwriter" IPDN="yqkr5CkDkfxzH26oR0T9r." performance="supporting" grossFee="84001842.01"
                     modifier="A" IPI="qqqaLj7amMWFnq" birthDate="2018-12-22Z"/>
                <Participant name="W" role="arranger" IPDN="HuJgdtKPLW" performance="supporting" grossFee="-1862145737.34" modifier="A"
                     IPI="yv2V-rn3FjSltjV-iRCiq" birthDate="2019-11-29Z"/>
            </Participants>
        </Record>
        <Record title="brHAI1aa_fDq8" spins="1632533589" ISRC="P7B25SR99A98" year="7948" producer="rpOA4htrbcSM4y5"
             label="suevyiSRVOayLntGT4F1CI" recordNo="WNS" serialNumber="piZIBdDPkbbu4mnVyJxwf7Vh" isPremiere="1"
             usage="commercial" ISWC="cQAxpFZh6rOhXQhgqd-VylQkfe1t-s" AKA="QzOVYV4bwxbB_QQYbYHwyH" genre="jingle"
             broadcastedFrom="2020-06-11T11:21:16" broadcastedTo="2019-09-26T11:21:16Z" runtime="464145806"
             origin="live stream" alternativeTitle="dga3wjULezTunqglJSNSy7ivNXmEYl" recordedFootage="720445816">
            <Participants>
                <Participant name="Vbe" role="arranger" IPDN="oIDX0iZEJYU3sdHC4ijwCHQrYQ1g" performance="supporting" grossFee="-337513607.98"
                     modifier="A" IPI="fAddMoH58CwQBqlck.Jr_" birthDate="2018-12-30"/>
                <Participant name="_lETD8tQh7n4vPBWt" role="arranger" IPDN="LwlU6XHKamIv2BRxw" performance="main" grossFee="-294876688.52"
                     modifier="B" IPI="IqshyqN2" birthDate="2018-08-08Z"/>
                <Participant name="vjibqULj_9KPfMa73qwLPbIGCeV" role="subscriptwriter" IPDN="_w9m0dwX2o.f-z49x9q" performance="soloist"
                     grossFee="-1984937517.82" modifier="B" IPI="nqbR" birthDate="2019-02-27"/>
                <Participant name="Tv3WOczP3JJ8mj" role="remixer" IPDN="TfDt" performance="conductor" grossFee="-439636247.98" modifier="A"
                     IPI="YL12H" birthDate="2019-07-21"/>
                <Participant name="CTtS0" role="producer" IPDN="R1GIia76r6C8Vm2BboPP4o-" performance="chorus master" grossFee="206732879.35"
                     modifier="B" IPI="F.2QqwluPkSgGjYZzGj9R" birthDate="2020-05-23Z"/>
                <Participant name="W8o7NOt.ZgyJhk63H" role="subscriptwriter" IPDN="W2uinVaaioEQP_M_4RPW8BCYPd" performance="soloist"
                     grossFee="620821343.38" modifier="A" IPI="wXt-vpNyJ" birthDate="2018-08-23Z"/>
                <Participant name="uYVoQBEz4J6wYkFHq9ru-dn0B" role="composer" IPDN="N5Vtzm" performance="main" grossFee="-1960234407.02"
                     modifier="A" IPI="nZfeS_TB81HMJHGbZw" birthDate="2018-10-14Z"/>
                <Participant name="kQvYwyH42YkNkV" role="music director" IPDN="ezgEMvXeUNt" performance="conductor" grossFee="-1164690958.97"
                     modifier="B" IPI="mbrXKYf1inWSu5VMq" birthDate="2020-05-01"/>
                <Participant name="ImlofbEdPKETNaKXb5L8RgJL" role="remixer" IPDN="YKNJaInbKuAsEHHukHxbcti" performance="chorus master"
                     grossFee="-1008863572.83" modifier="A" IPI="OoNxGUANPvJxF2dhgXmSUi" birthDate="2018-07-17"/>
                <Participant name="q8WyPPmz9I-fAWxQcNNc05uzKvx8" role="performer" IPDN="eUgRZdR.rjW7B72MzwZtA3Y" performance="chorus master"
                     grossFee="1637684661.88" modifier="C" IPI="CQYv64" birthDate="2019-01-07Z"/>
            </Participants>
        </Record>
    </Record>
    <Record title="LtTrn4qwmhNzQ8mX" spins="2034942710" ISRC="DQM57IFMP822" year="4342" producer="uAGkr2" label="AzuCXSG52167fNdUB3"
         recordNo="ZuY_CljvHytRNwT4bi9BvI1z7o1s6" serialNumber="KU-gQ5xLp-31IuRBCTXMJJDaE1viv" isPremiere="0"
         usage="commercial" ISWC="Y1c2SM5cLwCW4egJy" AKA="p9Gu" genre="classical" broadcastedFrom="2018-08-23T11:21:16Z"
         broadcastedTo="2020-04-10T11:21:16Z" runtime="1434317482" origin="live stream" alternativeTitle="Pdo_p2kHD-TatF5cDZofuPo9m0G"
         recordedFootage="1126312994">
        <Participants>
            <Participant name="tudO4JliBazGF55r-qhVnqi20M" role="sound engineer" IPDN="ylBEc4V7Z2NWeXOJZrp0d8Gv6k23UR" performance="main"
                 grossFee="372449077.40" modifier="C" IPI="l3" birthDate="2019-08-19"/>
            <Participant name="b4lnH-." role="subscriptwriter" IPDN="JVI" performance="chorus master" grossFee="-1358604201.71"
                 modifier="B" IPI="AKR2dNjDv" birthDate="2019-11-10"/>
            <Participant name="hbP9dyKYQqZir56CE3wUBFaT8M" role="scriptwriter" IPDN="b-" performance="chorus master" grossFee="525393367.77"
                 modifier="A" IPI="S" birthDate="2019-11-11"/>
            <Participant name="Ib1m6" role="arranger" IPDN="fu0GuC6F3ycaG2YsjXl5UfSZw-dJx" performance="main" grossFee="1720337910.53"
                 modifier="A" IPI="Sb7hS5Vn0ZQc." birthDate="2020-03-06"/>
            <Participant name="U_9YGzElzasfbLYn" role="scriptwriter" IPDN="ryeUZ0EAVdeDo5QkprKtG7o7.4Pck" performance="soloist"
                 grossFee="464862937.78" modifier="C" IPI="mtM9q2ehiNHbIHIyW.bBNh" birthDate="2018-12-23"/>
            <Participant name="IqbBSVO4xQpRHLPHYZMI749N" role="subscriptwriter" IPDN="zsUPK3E" performance="supporting" grossFee="-1136285265.73"
                 modifier="A" IPI="Nzva-8k" birthDate="2020-01-28Z"/>
            <Participant name="KPHYn8g89BiOPXqwq06ybarfX" role="producer" IPDN="cTZGqH_hLryVGrZ.jB30ILzb" performance="conductor"
                 grossFee="-1535380818.12" modifier="A" IPI="Os0rlFaz8wXIbuR1" birthDate="2019-10-22"/>
            <Participant name="E1xtJxG6uC.XazYWeNS8M-qzq-gzO" role="arranger" IPDN="QUr64DJOZnTHIy8AGivO32g4" performance="chorus master"
                 grossFee="-2076467094.26" modifier="A" IPI="qk5MpHE.nhiCN-luizg5Ztxrpf" birthDate="2019-05-02"/>
            <Participant name="qskrnBp" role="music director" IPDN="BRFTNju2KMwx-EjUNGxlVD73HccvVk" performance="supporting"
                 grossFee="723512458.67" modifier="A" IPI="bDRNGSrxZD_aOMKLEN" birthDate="2020-02-28Z"/>
            <Participant name="HnBIs" role="scriptwriter" IPDN="V" performance="soloist" grossFee="-760192303.26" modifier="A"
                 IPI="FFR7bN" birthDate="2019-04-19"/>
        </Participants>
        <Record title="v8miTKcao..hl9vojJkSkvfWtWgbG5" spins="1359453698" ISRC="XPQ8IZY5J66C" year="4989" producer="p9"
             label="HbRJ59kGh1CQ2rkBvAASp8uEL" recordNo="JAtS-s.IRvZw9DcB9N4Y" serialNumber="WvuN3OUUTzAB1G2WLwch."
             isPremiere="0" usage="commercial" ISWC="w2pIYZER" AKA="X-bKle7nv" genre="pop" broadcastedFrom="2019-05-30T11:21:16Z"
             broadcastedTo="2019-05-09T11:21:16" runtime="215967011" origin="self" alternativeTitle="PZIEc"
             recordedFootage="787102029">
            <Participants>
                <Participant name="yJCfbi7oo0r8f6oE.Up" role="performer" IPDN="uYjPbHkE" performance="soloist" grossFee="278444498.54"
                     modifier="A" IPI="CaPlOW.YPARAzLro.yTgu" birthDate="2018-08-23Z"/>
                <Participant name="A8" role="producer" IPDN="Zf4.sy_eKP9jdzXN0gL4n" performance="soloist" grossFee="-1953099984.57"
                     modifier="C" IPI="iBdZJbjk.T8FFJx19kgB0_1eY" birthDate="2019-11-19Z"/>
                <Participant name="q" role="scriptwriter" IPDN="Fv57QRxaBNRL28taOiZWIb" performance="chorus master" grossFee="1782675953.48"
                     modifier="B" IPI="Oz_zm6HT7dgrchnPyde" birthDate="2020-03-20Z"/>
                <Participant name="MN0yRM1qDJdVV_y" role="scriptwriter" IPDN="N3W9-It4nwCs-6c7Vt4L2" performance="soloist" grossFee="-1246106554.54"
                     modifier="C" IPI="vhP13j_fERxfYDRHApAcgQf-tXL" birthDate="2020-06-20Z"/>
                <Participant name="CPid.OST-_I0Pj64TekukZV" role="producer" IPDN="JaQPvfsYJ9bBAk" performance="soloist" grossFee="-1095760746.59"
                     modifier="C" IPI="JaC" birthDate="2020-07-01Z"/>
                <Participant name="m2ysP" role="subscriptwriter" IPDN="nf8Jwz9.FS" performance="conductor" grossFee="1229301344.08"
                     modifier="B" IPI="iYvX7jZw" birthDate="2018-07-21Z"/>
                <Participant name="Thsm53Npn" role="remixer" IPDN="Dyl-.dg7VLK0i" performance="soloist" grossFee="1996449437.33"
                     modifier="C" IPI="w5Ez4eW_FFvzmYD" birthDate="2019-12-14Z"/>
                <Participant name="_InLGeY1c2QfvhEEcHp80GMSaCU" role="subscriptwriter" IPDN="LiPu9W4SgkRtUJl8SJq2uEYLB" performance="chorus master"
                     grossFee="-1282592982.78" modifier="B" IPI="hldL_wp" birthDate="2020-04-26Z"/>
                <Participant name="N.Tr-8PZAcRs9CUyKBPzk0IHVe" role="scriptwriter" IPDN="RIN7jw" performance="soloist" grossFee="-1181736357.27"
                     modifier="C" IPI="Vy66nnsJEYssQm" birthDate="2020-02-18Z"/>
                <Participant name="LTcY2_17YET7VIxjcy.ieAd" role="subscriptwriter" IPDN="I4L7P71i" performance="soloist" grossFee="770322209.00"
                     modifier="A" IPI="PVkgn1" birthDate="2020-03-30Z"/>
            </Participants>
        </Record>
        <Record title="Z2A9-UqaHZDnv0lKSdVrfW7k" spins="1514275362" ISRC="JSP9K4106Z6M" year="5964" producer="hu2z-mGVDwZvmBFc9l40TlW0T61"
             label="OatdYz" recordNo="l.imgVSWmZqx.6XUAxNSpL_" serialNumber="Gvr6jPt9c_Adq4" isPremiere="1"
             usage="jingle" ISWC="TXEMHw4V4KpSBGY" AKA="T5Jq2T4sbANct-tXhO6GJ7Rg2Y" genre="classical"
             broadcastedFrom="2020-02-03T11:21:16Z" broadcastedTo="2018-12-06T11:21:16Z" runtime="372673680"
             origin="live broadcasting" alternativeTitle="T-R8Q5s59-GeoQ1Rr7.3m" recordedFootage="13865445">
            <Participants>
                <Participant name="EvNik" role="producer" IPDN="z7edyNAC.9.zsTc5i" performance="supporting" grossFee="697963675.88"
                     modifier="B" IPI="UFFEErP4g" birthDate="2020-05-09"/>
                <Participant name="a6GPI7yMce6eEv.E2j2C29gRC3DxZI" role="remixer" IPDN="JsQBgLTObxLPEgSgwEfUYqc" performance="supporting"
                     grossFee="-1089481470.85" modifier="C" IPI="FN5tXH9q-9" birthDate="2020-04-09Z"/>
                <Participant name="Z" role="producer" IPDN="vU2umVISWl2" performance="main" grossFee="1190482666.88" modifier="B"
                     IPI="KZ7uUlkBDvD" birthDate="2019-03-03Z"/>
                <Participant name="BxzVFMMw4ul1MYjZP.KZJjb1WE" role="music director" IPDN="IMzl8myS.8XzdAvMGYYv0RVLeDxpJ" performance="conductor"
                     grossFee="-348871165.18" modifier="B" IPI="NmNwISED1S821ajf0-" birthDate="2019-05-08"/>
                <Participant name="EjVCl_m0oOto" role="performer" IPDN="QMH" performance="conductor" grossFee="-1401867384.16" modifier="B"
                     IPI="c7" birthDate="2020-06-14Z"/>
                <Participant name="Utyz" role="performer" IPDN="nDxNZkt3R" performance="main" grossFee="842804629.11" modifier="A"
                     IPI="S0BT0MqosD" birthDate="2018-12-16Z"/>
                <Participant name="R4w.yrYkT" role="composer" IPDN="aI.aypp28" performance="conductor" grossFee="2035623777.57" modifier="C"
                     IPI="ApfymvDkesIt0Gw4X9_PUbO" birthDate="2019-12-27"/>
                <Participant name="kCLyjDoWOFoNVwApcS_l" role="music director" IPDN="JBG0urwu" performance="soloist" grossFee="-639062037.26"
                     modifier="B" IPI="GO4bCc7XuuoMNqW0vlUMMKBt" birthDate="2019-07-24Z"/>
                <Participant name="IAxcev" role="scriptwriter" IPDN="oT" performance="main" grossFee="-1495923960.17" modifier="B"
                     IPI="YYQI" birthDate="2018-10-23Z"/>
                <Participant name="h3Jn" role="sound engineer" IPDN="OjJ" performance="chorus master" grossFee="-81396185.85" modifier="C"
                     IPI="g9K3qv1LhSq10kcVkK" birthDate="2019-04-28Z"/>
            </Participants>
        </Record>
        <Record title="wI5R8ZjIXcZdsNo3MHNu" spins="267937847" ISRC="FE98TP2A48EM" year="6081" producer="by8d3NvJuzmjbeyE6y-aQ"
             label="ZhacneMf5MhzrpvV3jJ6ts" recordNo="kKkhXme31siqR0VLg" serialNumber="uogn6sQyQ9rI2RH"
             isPremiere="0" usage="broadcast" ISWC="uDqiaP9oJSXCHEG" AKA="vZ__fxbzBj" genre="spoken word"
             broadcastedFrom="2020-05-18T11:21:16Z" broadcastedTo="2020-05-25T11:21:16Z" runtime="425860757"
             origin="self" alternativeTitle="SNcyqkyq9sFpCzjMjamG7uUNQBWpDz" recordedFootage="1229806540">
            <Participants>
                <Participant name="U4ARhS64FUjVfaKX" role="scriptwriter" IPDN="L" performance="supporting" grossFee="584856892.51"
                     modifier="A" IPI="qX8BKnV6IN" birthDate="2018-08-26Z"/>
                <Participant name="_gxX5Z" role="producer" IPDN="cAnIjHqWkfFybfy7EyNdK.SG" performance="conductor" grossFee="170240245.34"
                     modifier="B" IPI="RwTXOW_TjN-tt6cmvRPMES.5n" birthDate="2019-07-25Z"/>
                <Participant name="TsBbYKdmrzmgTL" role="performer" IPDN="b-ch1.PNzImG-_HRkjoWPH9Jv" performance="main" grossFee="2063879543.02"
                     modifier="B" IPI="zq_e9TKS" birthDate="2020-05-02"/>
                <Participant name="tlCYmNK43" role="scriptwriter" IPDN="xq7ersa" performance="soloist" grossFee="1600093016.03" modifier="A"
                     IPI="OCaHwYURdouZhK-pinFAYdS1B53jL" birthDate="2019-10-26"/>
                <Participant name="psOG4ZsuDZl_aj27" role="composer" IPDN="DFmTqfs0nrrhKiEwY8iYCrLvSynd44" performance="chorus master"
                     grossFee="-564953586.24" modifier="C" IPI="cetbYMgLqCwT8y_w02bWWXhjJpkq" birthDate="2019-05-19Z"/>
                <Participant name="qXtqEhq" role="music director" IPDN="eqdR5TlDAqkKzOUbwi-2dxMY" performance="main" grossFee="-2040705914.65"
                     modifier="C" IPI="ciiDqW21IL7OWIOCrTm5BFWuwE0xK" birthDate="2018-12-09Z"/>
                <Participant name="KOQC.b01Nq4TZYPR9p3ApHl.bvZ7G" role="scriptwriter" IPDN="pvEb.oK4P0TWY4T03Gp_vZKqBKM" performance="soloist"
                     grossFee="1851783000.81" modifier="C" IPI="DQMlouipyG" birthDate="2019-04-16Z"/>
                <Participant name="CfQFxXLxkoZpq0O3sSzeuZr" role="subscriptwriter" IPDN="f" performance="chorus master" grossFee="294406867.36"
                     modifier="B" IPI="AsUZ" birthDate="2018-10-13Z"/>
                <Participant name="KBdE8mc" role="scriptwriter" IPDN="t1a4WH5LmgDoD" performance="soloist" grossFee="1448842146.80"
                     modifier="A" IPI="ogVI8WKVED5Ni_U" birthDate="2018-10-22"/>
                <Participant name="At49aQUWp" role="subscriptwriter" IPDN="KNBr-5nr_I_CqIFuFJX51g-Jb0Z8" performance="soloist" grossFee="-301136865.53"
                     modifier="A" IPI="BSzyl6n3z0z_" birthDate="2019-05-22Z"/>
            </Participants>
        </Record>
        <Record title="LbJ3q4gCsuXq3PW6VRaDMaLy" spins="686566196" ISRC="4Y29PK5K893E" year="7464" producer="aHFPoTrqARhV8AvW"
             label="_Q9WFWcMx9t23ixwZnfrmofe" recordNo="Z.C2MGiUpe" serialNumber="eKaicfc83u1N_q6c1zQp6.fIpEvX0B"
             isPremiere="0" usage="broadcast" ISWC="y-2ND7v" AKA="gHcwAMiTbL_Q_jNRPbjv" genre="spoken word"
             broadcastedFrom="2020-01-12T11:21:16Z" broadcastedTo="2020-03-05T11:21:16" runtime="383045924"
             origin="self" alternativeTitle="O8eGM4X" recordedFootage="1350883504">
            <Participants>
                <Participant name="VGaCK3CdFljEV6z8V14t" role="producer" IPDN="CbnAJiJChMRamXh1ZLx6PoO" performance="soloist" grossFee="987480149.89"
                     modifier="C" IPI="eUaJUfswJYk" birthDate="2018-11-04"/>
                <Participant name="z6bZu8VV8aeSyP7XrzS" role="composer" IPDN="Z48dQ388UN83RNi4C6Tb" performance="conductor" grossFee="-222226281.89"
                     modifier="A" IPI="eMSl6OkMCk03B4s1gC2uQgIba" birthDate="2019-03-30"/>
                <Participant name="ifWnvW" role="sound engineer" IPDN="D0haSXY6jfB9axZ" performance="supporting" grossFee="217810115.28"
                     modifier="B" IPI="ZiPO6bp6k9Jkre2jE8lNKjXidLW-K" birthDate="2019-02-11"/>
                <Participant name="Zpp8kZtv" role="producer" IPDN="hisBbD1OC8loWTsDNXSq" performance="conductor" grossFee="-649555377.40"
                     modifier="C" IPI="SLFzFTWjZphuhtfuEXD_" birthDate="2018-10-06"/>
                <Participant name="s" role="subscriptwriter" IPDN="j" performance="soloist" grossFee="261442513.78" modifier="A"
                     IPI="f5GFtLx11ng-bF" birthDate="2020-06-30"/>
                <Participant name="ogLrF2u0ydAsW20" role="subscriptwriter" IPDN="fDjHMk" performance="chorus master" grossFee="886089403.34"
                     modifier="B" IPI="N98OYvl8eWGhTo3rd.A1.5F" birthDate="2020-07-02"/>
                <Participant name="O" role="sound engineer" IPDN="CxQfSzS" performance="conductor" grossFee="-1072114729.12" modifier="C"
                     IPI="MLZcApW-s9BW0M36okxhW_kPA7" birthDate="2019-11-22"/>
                <Participant name="c8p1D_jlP5iVDGA" role="music director" IPDN="jFLFhW5n63NLIbu7AflBricPZE5p" performance="conductor"
                     grossFee="-318215830.14" modifier="B" IPI="OiuaixFEx8M3urAz5oM5qDL" birthDate="2020-03-05"/>
                <Participant name="qcXRTAZnLgZ" role="producer" IPDN="n-7fl.ls0XbIs" performance="soloist" grossFee="-1428167148.80"
                     modifier="A" IPI="VZn7xzZDvTE0zQ_wfs81NX47" birthDate="2019-01-18Z"/>
                <Participant name="vB2b9tMmPWdqAeLyfD1DMXO5HRoZ_" role="scriptwriter" IPDN="vZYv2pR3.s0TAeSZCX-vZwpItDe" performance="chorus master"
                     grossFee="487171195.15" modifier="C" IPI="KU0yvUQ3z-rw_62kc-j3U9IG" birthDate="2020-04-03"/>
            </Participants>
        </Record>
        <Record title="U5Yf.RqWx0h8RLb8" spins="1344228590" ISRC="BLY00A96M9R7" year="0098" producer="u4B2swXrs" label="a9HSo5"
             recordNo="pciTyWVAP33sUtu6q1qvTgIh2YyN" serialNumber="WwWha3YP9X3" isPremiere="0" usage="broadcast"
             ISWC="IeT.w_pFrxZCrMu5U" AKA="EMv9Iw" genre="classical" broadcastedFrom="2019-03-03T11:21:16"
             broadcastedTo="2019-06-04T11:21:16Z" runtime="260229562" origin="free usage" alternativeTitle="MQ0TCPANQblwfr5994pFqrbX"
             recordedFootage="1592086038">
            <Participants>
                <Participant name="nHcjqI6P6wul" role="scriptwriter" IPDN="mjsSugEHhad4p3bzufq0dh-k7" performance="chorus master"
                     grossFee="-1100270009.53" modifier="B" IPI="JoowbZc_PpTj_E" birthDate="2019-08-15Z"/>
                <Participant name="ipjbsTsX" role="music director" IPDN="VZFDqkq2eG9hO" performance="supporting" grossFee="1405899216.27"
                     modifier="A" IPI="pNnUCAU3q5dReZzUI8uqESK9" birthDate="2019-12-05"/>
                <Participant name="WVswRStBwaJ91FDSRLpi4df8zZQ8e4" role="composer" IPDN="FFec_QwRDilYegYtstdP2C0p" performance="chorus master"
                     grossFee="-249093092.02" modifier="B" IPI="ZeqjxT4" birthDate="2020-04-30"/>
                <Participant name="FjVd_mITSX.eqF3b.Cd4sHkBo.WKi" role="scriptwriter" IPDN="Rq7x3TM" performance="soloist" grossFee="-51690562.49"
                     modifier="C" IPI="pVAKLDVnczvRLsCBr_634Mb4T2U" birthDate="2020-01-17Z"/>
                <Participant name="kTYgE2ZbV" role="composer" IPDN="FHoZPGwlx0-i8naddWhG3N" performance="conductor" grossFee="-640203151.77"
                     modifier="C" IPI="lR88e3.PlShIa" birthDate="2020-06-21"/>
                <Participant name="gZUg" role="sound engineer" IPDN="cHvcuf-4" performance="main" grossFee="-1725053365.62" modifier="C"
                     IPI="XDKj5VHW7olz5fa97gPZfxr0zwAUi" birthDate="2019-04-27"/>
                <Participant name="COSx1lL-11AiTP-zJNYug" role="scriptwriter" IPDN="kJKEZS5" performance="soloist" grossFee="-735267008.53"
                     modifier="C" IPI="SXC05bWVyFi861PdZvu6R" birthDate="2019-11-25"/>
                <Participant name="p1_aa7iX6wwnnakaRSeq" role="music director" IPDN="PTcotr-An_jSg_" performance="supporting" grossFee="-1482134145.16"
                     modifier="A" IPI="oXJ2m6WLzS40sml2jxJr2" birthDate="2019-08-28"/>
                <Participant name="sKi4js" role="composer" IPDN="Rpn7Oftr" performance="conductor" grossFee="-1921281400.34" modifier="A"
                     IPI="iOeq_rsc2z9r6oHvw.ozuiew" birthDate="2019-07-23"/>
                <Participant name="E3Thtk" role="producer" IPDN="J_" performance="conductor" grossFee="-1037233376.84" modifier="A"
                     IPI="bTk10IJYT." birthDate="2020-04-07Z"/>
            </Participants>
        </Record>
        <Record title="BY8NPLENFa" spins="144593586" ISRC="5AO25ARW3O6N" year="9534" producer="reYN-cFkIlYhMc69-hE"
             label="xHyDbfED2LbDf69BmPemi" recordNo="W" serialNumber="pO7jKbT" isPremiere="0" usage="broadcast"
             ISWC="KBgW136ZC1DPDTI7Ofn" AKA="LuQbTffKEPy-oP1T" genre="commercial" broadcastedFrom="2018-12-03T11:21:16"
             broadcastedTo="2019-01-26T11:21:16Z" runtime="1708362305" origin="free of charge" alternativeTitle="mjuxsjOYfBzbisvnamGHPsIc.5"
             recordedFootage="1964553752">
            <Participants>
                <Participant name="XODMdQyKdR9W1QQK86g0" role="producer" IPDN="O7o" performance="main" grossFee="-1340202860.06"
                     modifier="A" IPI="uNVcXQu2oJNd9OE0qIr3m" birthDate="2018-09-17Z"/>
                <Participant name="G_p0EYUId3M9dVoofT3LZPip_M6v0M" role="producer" IPDN="O_siuOCKQ7r4oWWe.6f16gS" performance="conductor"
                     grossFee="1136343807.06" modifier="C" IPI="BlDgb8vLMu0yBe" birthDate="2018-07-20"/>
                <Participant name="zsJiWz" role="sound engineer" IPDN="sXa9IxeKdtKRyzyntiQXBDas" performance="soloist" grossFee="-1958810727.29"
                     modifier="A" IPI="jbC-EwmzgIPuNkov29HNiZqDj." birthDate="2018-12-25"/>
                <Participant name="TKwDnU5E-f" role="sound engineer" IPDN="Oz2" performance="conductor" grossFee="2108927801.37"
                     modifier="A" IPI="I0IE" birthDate="2019-03-04"/>
                <Participant name="r1Ip3_dXO" role="remixer" IPDN="kusJmBQpP2Fi_irT" performance="conductor" grossFee="-988347763.43"
                     modifier="B" IPI="Ju.MAAlkAtFP-uRpbHsQMl6fn.MFnj" birthDate="2019-07-11Z"/>
                <Participant name="M8dDPX7YO_eC9S3" role="sound engineer" IPDN="BGca67r.lt91hs8us" performance="main" grossFee="-1802429630.32"
                     modifier="C" IPI="cTZA" birthDate="2018-12-01"/>
                <Participant name="L8zNPVIpDelQIyx1q" role="producer" IPDN="_" performance="soloist" grossFee="-716748703.81" modifier="A"
                     IPI="bsVhfdbBuaF7a3ujQyCPZ2cGzOt" birthDate="2019-04-02"/>
                <Participant name="btvg6BmvEFe0D9UnW70RR" role="music director" IPDN="Uqo4wnG0naaXrbzsQnxgAZJNoENRXc" performance="supporting"
                     grossFee="-1886715832.97" modifier="C" IPI="Nda" birthDate="2020-01-12"/>
                <Participant name="UQ" role="producer" IPDN="dtU712" performance="soloist" grossFee="1212562966.68" modifier="B"
                     IPI="O8FjPi25sgp9XM0F" birthDate="2020-06-24Z"/>
                <Participant name="fN" role="remixer" IPDN="xWPUrFxIBTF4" performance="soloist" grossFee="-1321926761.42" modifier="B"
                     IPI="GDT" birthDate="2019-11-16Z"/>
            </Participants>
        </Record>
        <Record title="i6TuOY" spins="654704916" ISRC="HW47Z4W3ZW83" year="2816" producer="xS8IDmXGN7A9iBeDNB.Cx.BUktM"
             label="uyG-_ySYuZMjrvwf_M" recordNo="Q0QNV_qv41nj6hG70sRg2WM8lC" serialNumber="rzqkDaDctoks_DzDWu"
             isPremiere="false" usage="broadcast" ISWC="B" AKA="WWRCj8rgboQFRKWUTjUDm5PmcvSYo" genre="jingle"
             broadcastedFrom="2020-03-24T11:21:16" broadcastedTo="2019-08-31T11:21:16Z" runtime="1915949611"
             origin="self" alternativeTitle="CPD0ioSRWgLc_-lJfkVNhBZ.1A5" recordedFootage="2001005046">
            <Participants>
                <Participant name="cMySM3k" role="sound engineer" IPDN="Z1_OLOejSjSbdu1m6O_YtCY0KJtOpg" performance="soloist" grossFee="-354383096.98"
                     modifier="B" IPI="A_ItidXzm" birthDate="2020-05-16"/>
                <Participant name="Vuery" role="composer" IPDN="ZJtS4bgfZYeD" performance="chorus master" grossFee="-578604779.59"
                     modifier="B" IPI="QiSxlx5b.4bUnCVJ" birthDate="2020-04-15"/>
                <Participant name="qpxEDUKEsbpv.gXVS0GPXIJ" role="sound engineer" IPDN="B.1Lf-.kgNSRjGVFQbIi" performance="main"
                     grossFee="1390157786.52" modifier="C" IPI="npuyeXS4cgH3iGEFdr" birthDate="2019-05-18Z"/>
                <Participant name="D9-I-YtA4Nz4aZuzjAT_1UrhBxcL" role="composer" IPDN="Eb_6iAfwldPK21dPYwrATdXuaL_.a." performance="soloist"
                     grossFee="-1772394276.71" modifier="B" IPI="uOwv3kqVepfdg1_5BmG1tTE9poIqU" birthDate="2019-11-02"/>
                <Participant name="cjYmZ.QXI04-NMG0t0eeqv.M7HZRG" role="subscriptwriter" IPDN="i" performance="main" grossFee="-1414502368.83"
                     modifier="C" IPI="jtCdFAzuLZDpI0" birthDate="2018-12-06Z"/>
                <Participant name="vvPlgllZvYP67bnyf3KMudgjsU9" role="music director" IPDN="egZKyeYfKrI7RyGdIBD2" performance="conductor"
                     grossFee="1828924953.14" modifier="B" IPI="y" birthDate="2019-08-26Z"/>
                <Participant name="vgkDSG5K" role="composer" IPDN="DRxW" performance="supporting" grossFee="120078556.38" modifier="A"
                     IPI="N.AKyuEc3c71HYj35RXyfooHyY7u" birthDate="2020-05-10"/>
                <Participant name="zfJnWj" role="producer" IPDN="pDej0wSSNMMU" performance="supporting" grossFee="-739382455.43"
                     modifier="C" IPI="Z" birthDate="2018-10-15Z"/>
                <Participant name="tCEMN5xd47" role="scriptwriter" IPDN="cr.fE7803BdajUOv3FYlxvUtu" performance="supporting" grossFee="1200831848.13"
                     modifier="B" IPI="hjI3BKbqvJ" birthDate="2019-05-16"/>
                <Participant name="ofildGWk" role="performer" IPDN="h71ZuMWlybiypt-Gw54c" performance="main" grossFee="845440403.75"
                     modifier="B" IPI="KGD" birthDate="2018-08-31Z"/>
            </Participants>
        </Record>
        <Record title="lJ4zlpFgP_oZpr" spins="2089805993" ISRC="MMP3F2TKQZK1" year="2901" producer="SWkUTnnvz75uw2sNg7dy"
             label="UlzR" recordNo="TmleO" serialNumber="mXv.LOVEYR.G3S" isPremiere="1" usage="broadcast"
             ISWC="WL8jgtat3RccGksxS1wdku." AKA="MvrbevVu" genre="commercial" broadcastedFrom="2019-06-23T11:21:16Z"
             broadcastedTo="2020-01-31T11:21:16" runtime="1916768802" origin="live broadcasting" alternativeTitle="eWGTJRHZL2qp57xZ"
             recordedFootage="761530111">
            <Participants>
                <Participant name="O3tyx56HcmaKcVemXiYxkzkS89Y" role="scriptwriter" IPDN="_XWMsKxenCqh" performance="conductor" grossFee="-1513159847.18"
                     modifier="C" IPI="eV6_-P61UjEZcFx0G-5" birthDate="2020-04-04Z"/>
                <Participant name="kY5GQC" role="arranger" IPDN="UPC" performance="main" grossFee="-1035804513.37" modifier="A" IPI="yIMWiDC7SS3I"
                     birthDate="2018-07-09"/>
                <Participant name="UxNiVRHxgfi9ka.3_5XKbBi5-" role="performer" IPDN="tjeF5kp3.V5bGl6" performance="supporting" grossFee="-2141663755.71"
                     modifier="A" IPI="PM.NLvT5hFf6ujS_Dnsxs9Hn-WGg" birthDate="2019-10-25"/>
                <Participant name="_Yv0Xl2PYDq" role="composer" IPDN="akPiRwS08" performance="supporting" grossFee="-1241661973.92"
                     modifier="B" IPI="VUyvH4KiKI_JE77tya4loz9b4wP2hT" birthDate="2018-12-12"/>
                <Participant name="MBdaOLF_2Y6utAFFMlIb" role="producer" IPDN="oNKjQ" performance="soloist" grossFee="-1983190270.69"
                     modifier="A" IPI="KupwrYDd9Sgd" birthDate="2019-08-15"/>
                <Participant name="iih4U3aSSMcZWpG" role="music director" IPDN="mt5GWXxX" performance="soloist" grossFee="949134045.57"
                     modifier="C" IPI="Bv.ltshXhUVXzVk" birthDate="2018-12-27Z"/>
                <Participant name="m" role="arranger" IPDN="wHbdTQldfqsyYT6-P" performance="supporting" grossFee="1124316693.51"
                     modifier="C" IPI="igql-FEy" birthDate="2019-10-08"/>
                <Participant name="vH8phX6CZtdcf5s.sBIlli_3Jl" role="composer" IPDN="w" performance="conductor" grossFee="-1956802520.09"
                     modifier="C" IPI="flfhhvg4l" birthDate="2018-12-15Z"/>
                <Participant name="y" role="composer" IPDN="ebIm7lfIy6UaMuzz" performance="conductor" grossFee="947397958.32" modifier="C"
                     IPI="XMLW2W5mJ5t8NB70R_TB4y" birthDate="2019-02-04"/>
                <Participant name="AMQwC9Y" role="composer" IPDN="HMug717qif-zzFcrX7R3" performance="main" grossFee="1771851341.99"
                     modifier="C" IPI="KU940PHmWKb8GqF4K.EtGcMPYrEjgF" birthDate="2019-01-28"/>
            </Participants>
        </Record>
        <Record title="Akf" spins="1924693887" ISRC="S3S33GJ21N30" year="1394" producer="daakw" label="D" recordNo="ky"
             serialNumber="bNGr9XbNLAo0jPvCZDtn" isPremiere="0" usage="jingle" ISWC="rgJE" AKA="ls6RLVHleRkjmr"
             genre="classical" broadcastedFrom="2019-01-01T11:21:16Z" broadcastedTo="2019-04-08T11:21:16Z"
             runtime="460227479" origin="report" alternativeTitle="U49W177Wc" recordedFootage="368304622">
            <Participants>
                <Participant name="OxSsi8gu-hfrlsU5_xkqe4yaDG" role="scriptwriter" IPDN="DDo_8uGrVEDJi1LQIbpIl" performance="supporting"
                     grossFee="296714096.46" modifier="A" IPI="eWaWK_5W7k-v.NhRe" birthDate="2018-12-04"/>
                <Participant name="_Aa-fktauEL8lUFXXvyw6_Em1" role="producer" IPDN="t-Y2rtbzvVsyrXfyjoWi" performance="chorus master"
                     grossFee="-1592884406.01" modifier="C" IPI="Ml5PXlRuruu209jAnFsaWFgzXz3" birthDate="2020-04-27Z"/>
                <Participant name="rZvqu9IQ5PPAWjl4Ms78LmZFwny" role="performer" IPDN="G7.cn980IJJepd_fhaNsR.Z" performance="supporting"
                     grossFee="580767031.11" modifier="A" IPI="vUWTcZ5a880hxU0y-paJDeIwz-" birthDate="2019-11-19Z"/>
                <Participant name="mWrR_v7U96mxK8" role="remixer" IPDN="l" performance="supporting" grossFee="358646090.03" modifier="A"
                     IPI="fDXKi" birthDate="2019-06-16"/>
                <Participant name="QaMlLs4e" role="composer" IPDN="uwWEqkg4XuodMiHrUrUr2.4WW." performance="main" grossFee="1236174709.83"
                     modifier="C" IPI="BlvJH_Jpkyd6oLd7wQk8ksFreP78" birthDate="2018-10-30Z"/>
                <Participant name="UZCGgOdZ6RtYJRh" role="sound engineer" IPDN="QS0ZAJR" performance="chorus master" grossFee="1003252943.63"
                     modifier="C" IPI="B" birthDate="2019-07-09Z"/>
                <Participant name="NqAYCkyvVesROvI9j9tTr5W" role="sound engineer" IPDN="fUb6u-JiuFv4.q8" performance="chorus master"
                     grossFee="-1078771596.80" modifier="C" IPI="fo" birthDate="2018-09-10Z"/>
                <Participant name="_53MOWwsDTzmUI9EYZW7j454." role="sound engineer" IPDN="hgm" performance="supporting" grossFee="1607816850.22"
                     modifier="C" IPI="Haq-C0XEXB1d" birthDate="2019-12-01"/>
                <Participant name="smB7an05NIVV9IwF.oXRyDt6C63" role="performer" IPDN="fz" performance="main" grossFee="1938131301.17"
                     modifier="C" IPI="k2nvmG3gstwhXB.OJHt6F" birthDate="2018-09-26Z"/>
                <Participant name="Z3fZ4AFL1tqgp5hFkDW3hI-qj" role="arranger" IPDN="wqkx" performance="main" grossFee="204175241.48"
                     modifier="A" IPI="LPS8AGPR_Jp" birthDate="2020-02-09"/>
            </Participants>
        </Record>
        <Record title="e-PXKd" spins="2021022230" ISRC="KWZY7A1366CN" year="4674" producer="EvgSg" label="tlpxFOLcNouN"
             recordNo="Ns3j_nB70roGLHFdfEg" serialNumber="TeM0r" isPremiere="1" usage="commercial" ISWC="ZoXu0xeR5BBX41xO"
             AKA="WGgYZuGW6ZDo" genre="commercial" broadcastedFrom="2018-12-30T11:21:16Z" broadcastedTo="2019-06-25T11:21:16Z"
             runtime="1675017903" origin="self" alternativeTitle="JNKE" recordedFootage="1207808434">
            <Participants>
                <Participant name="bDgmIxg.ZjJ" role="composer" IPDN="khvSv" performance="chorus master" grossFee="609417424.76"
                     modifier="C" IPI="xTCv_tp" birthDate="2018-11-02Z"/>
                <Participant name="ygvaU0AGx2cxdD1N5AVfWH" role="composer" IPDN="g.7bO6sD5Ib0iVRvt3OmQ" performance="soloist" grossFee="1232895189.47"
                     modifier="C" IPI="bJQw-dA.U_u3QeSkbotdS-OVx0pz" birthDate="2019-02-19"/>
                <Participant name="zzGpx.x_8" role="subscriptwriter" IPDN="f3Wh9ZIGb.EEm_6a275" performance="supporting" grossFee="167443072.92"
                     modifier="B" IPI="e10t" birthDate="2019-02-11Z"/>
                <Participant name="XTOIM.Mi0hIp" role="subscriptwriter" IPDN="N" performance="conductor" grossFee="-231091176.82"
                     modifier="A" IPI="SFuE" birthDate="2019-10-19Z"/>
                <Participant name="xZCdt" role="remixer" IPDN="D9vPMZzflAgCFWnCaOm4BfzTxE1L0" performance="supporting" grossFee="2013496416.63"
                     modifier="B" IPI="J.T2g" birthDate="2018-09-16Z"/>
                <Participant name="OqA5RhsgVAwOA_" role="subscriptwriter" IPDN="PzfB84IBMezJWLA2hiGN" performance="supporting" grossFee="2115588361.89"
                     modifier="C" IPI="w5TUeGjzjnLG-U7Uri" birthDate="2018-08-02"/>
                <Participant name="jkUwoa1ZtvD94rl_-1WcACqyMY0" role="remixer" IPDN="cDuvjRbSs" performance="supporting" grossFee="-733377934.60"
                     modifier="B" IPI="m6Z" birthDate="2019-08-18"/>
                <Participant name="_8CRcnJ" role="arranger" IPDN="dq-M" performance="main" grossFee="2000340142.61" modifier="B"
                     IPI="ZYjEjpxAjNBbvRb2R9_uXq" birthDate="2019-03-23"/>
                <Participant name="mwPCpkEKM6IfAsImMaUo20" role="music director" IPDN="W._NvpEs9oRKPYZ.wL3ysIxg4o.v" performance="supporting"
                     grossFee="-1459109687.92" modifier="C" IPI="Apm9" birthDate="2019-11-30Z"/>
                <Participant name="HNkayd1PdIYf6eDo" role="performer" IPDN="GuZG" performance="main" grossFee="1518540048.92" modifier="B"
                     IPI="ct" birthDate="2018-11-10"/>
            </Participants>
        </Record>
    </Record>
    <Record title="HsvHDcPh" spins="186722855" ISRC="Z235V0N81B8U" year="3993" producer="ItHpD8UiJqWzq39H7" label="KF_n27cRo_EKQYxOeiS"
         recordNo="QlATCPItYJmMJRIFB1gMTpp_TnnHey" serialNumber="qCJbJicQ.ePqLQX.Pp.QonUw.Dcf1" isPremiere="0"
         usage="jingle" ISWC="R.q7OjCDDhE3orKju9dH7Tfi" AKA="ZyV-9eAvGndGLByG0s.9SQe3_cU4" genre="spoken word"
         broadcastedFrom="2019-01-12T11:21:16" broadcastedTo="2019-04-21T11:21:16Z" runtime="553539202"
         origin="live broadcasting" alternativeTitle="Tkv_t" recordedFootage="939003522">
        <Participants>
            <Participant name="sVm8A1ko1xE-EAdP6T0_OBeiD" role="music director" IPDN="M" performance="conductor" grossFee="-906408385.66"
                 modifier="A" IPI="ro7P7bKnyjHnz-QMB2mgu9Iu" birthDate="2018-12-19"/>
            <Participant name="yY92o_da7inYlS5" role="composer" IPDN="hR4cyXtg6-niE1s7Tv.P4jPpC9V8x" performance="conductor"
                 grossFee="263584287.71" modifier="C" IPI="gU4ZR0WwkWo3U98U9gqbz8abP" birthDate="2019-11-29Z"/>
            <Participant name="nHLICQ" role="performer" IPDN="Kk" performance="soloist" grossFee="-1718040964.44" modifier="B"
                 IPI="mJp5DQ1D9XbxlEl8jWce" birthDate="2019-06-12Z"/>
            <Participant name="npJe.UMYjmmmyQefbqLG7.UPcwu8I_" role="scriptwriter" IPDN="r0JfoshqJ9OowMOpj9qui" performance="supporting"
                 grossFee="-665291384.93" modifier="A" IPI="cb9uJ41Ptjr" birthDate="2019-07-22Z"/>
            <Participant name="mrSG5ycyiWRMn" role="music director" IPDN="PumXJqzdy" performance="supporting" grossFee="-1217688654.03"
                 modifier="A" IPI="s-nXd8KD7NTGC7L9NeQzZs8UJ9wcZo" birthDate="2020-04-07"/>
            <Participant name="TG6L0g7a_a10-QJWdHcp1T" role="music director" IPDN="yoJQuam" performance="soloist" grossFee="-1273059387.45"
                 modifier="C" IPI="X_YZey9vC95lUF.X17mi9H1QtV" birthDate="2020-04-20Z"/>
            <Participant name="Q" role="subscriptwriter" IPDN="dHC1P51c-1" performance="soloist" grossFee="817512588.58" modifier="B"
                 IPI="Ss54ZiS5UbaVCDI" birthDate="2019-11-22Z"/>
            <Participant name="z8MNFk" role="performer" IPDN="zfH6" performance="chorus master" grossFee="-1898002242.08" modifier="C"
                 IPI="KNKt.-H" birthDate="2019-10-30Z"/>
            <Participant name="G3E0fJWxe" role="composer" IPDN="RHN8qJ1JcrC61V0rZ" performance="soloist" grossFee="-909984247.18"
                 modifier="C" IPI="Rsj3py4LF1-rBIiOOyIXm2o" birthDate="2020-06-18Z"/>
            <Participant name="NZaZDH3oop1kxzXI" role="producer" IPDN="PP.awGW8cHAlmgVDGuGgD7cMB" performance="soloist" grossFee="-2115291523.18"
                 modifier="C" IPI="qCgi3SC9PdoC52YOXjlvBuOmuMipx" birthDate="2019-03-08"/>
        </Participants>
        <Record title="KK.INnS1o6" spins="1075338720" ISRC="YP01CRCU800H" year="7656" producer="abg0mPO_CbEg0Tyi6HKWrV7MHU4E"
             label="mtoq5fqv" recordNo="LnIpwSrPDVFbQ7t1S" serialNumber="aKo17KpN_vWeIxYE_W" isPremiere="true"
             usage="broadcast" ISWC="m0wk-SCgEy48CQ9Wuw" AKA="RvKnUpia3os" genre="composed" broadcastedFrom="2018-10-02T11:21:16"
             broadcastedTo="2018-09-15T11:21:16" runtime="1523191286" origin="commerce" alternativeTitle="QZEzFyme2HbcXff"
             recordedFootage="530651827">
            <Participants>
                <Participant name="KZMuf-DsT30MkD-" role="subscriptwriter" IPDN="NYTrdEqFi_C8f6cOSL3b6OF" performance="chorus master"
                     grossFee="1033826437.55" modifier="C" IPI="dv8HD_4zUOTm-9qx.gxEvzVG" birthDate="2018-08-31Z"/>
                <Participant name="iAS9d5h0SsB73N67aXI6vFtiUksv" role="scriptwriter" IPDN="lXf1Td" performance="conductor" grossFee="-687984998.30"
                     modifier="C" IPI="v" birthDate="2019-06-25Z"/>
                <Participant name="_Ztw0Y74kQlyC5Cp9aHJ8C" role="performer" IPDN="NSCBN" performance="soloist" grossFee="-756104303.89"
                     modifier="A" IPI="jiL.dFj" birthDate="2020-02-06Z"/>
                <Participant name="pd_j0hIeL3BFUCnfo6H.GnD9fIu" role="music director" IPDN="_.8QuzW54" performance="soloist" grossFee="-688205181.12"
                     modifier="A" IPI="JPe17Us5D8AyO" birthDate="2018-09-15"/>
                <Participant name="tsZ1QP3" role="scriptwriter" IPDN="Ag1laO6" performance="main" grossFee="2122447366.16" modifier="B"
                     IPI="OademXqlLe7VKcM0aNSLziJVz7yr" birthDate="2019-06-14"/>
                <Participant name="nWQT4PzNE" role="performer" IPDN="n8810SHK2eV5wpsWpz" performance="conductor" grossFee="-72572760.96"
                     modifier="C" IPI="t72CoKUBYeNfIS4VLBYP" birthDate="2019-10-09Z"/>
                <Participant name="mTf_gbS3JaEFt9fd-bWXSKO" role="remixer" IPDN="eDvdlowQo-60_YSf_s" performance="chorus master"
                     grossFee="-332965705.29" modifier="C" IPI="vhYXyIL4S3QTpuLWBHu.qFG" birthDate="2019-02-04Z"/>
                <Participant name="cJdm" role="arranger" IPDN="gJP0I2hnR3R" performance="supporting" grossFee="-188635433.55" modifier="C"
                     IPI="VBanP9Uj_z" birthDate="2019-12-11"/>
                <Participant name="yppFpafP" role="subscriptwriter" IPDN="ALXo-I1" performance="soloist" grossFee="-1857435048.31"
                     modifier="B" IPI="xdzhNkv5VtQ" birthDate="2019-09-01"/>
                <Participant name="pKzo4V" role="composer" IPDN="R.AQ60vkrbFAF2.SNVuCXGL" performance="chorus master" grossFee="-72099347.11"
                     modifier="B" IPI="JVfhz8LcPJH3Cv" birthDate="2018-12-19Z"/>
            </Participants>
        </Record>
        <Record title="tVq3B1hBOcl9" spins="553874297" ISRC="17175A9225R6" year="8844" producer="yr7H6VUrzCpLRI" label="MyhDQroOrpZMyY40ixTDQNHt3_89OY"
             recordNo="ol" serialNumber="l" isPremiere="false" usage="broadcast" ISWC="fpiRda" AKA="hV_QfY2sCsXQZj048h4EtBzRtI70"
             genre="composed" broadcastedFrom="2020-01-01T11:21:16" broadcastedTo="2019-07-04T11:21:16"
             runtime="155587996" origin="recorded stream" alternativeTitle="sxKbJB0ftEAB" recordedFootage="1658072817">
            <Participants>
                <Participant name="Th5iIx136bPdCp" role="remixer" IPDN="JrA08m-.0ns005aH1M" performance="conductor" grossFee="1195751010.51"
                     modifier="A" IPI="foPn7GTNOz" birthDate="2018-10-21"/>
                <Participant name="k1hhDf0ipZ1O6lCUykbB" role="performer" IPDN="p3Kvjqp0dRMPfHWC48" performance="conductor" grossFee="-905708134.37"
                     modifier="B" IPI="hA35hL" birthDate="2018-12-19"/>
                <Participant name="KiqQHJ3" role="producer" IPDN="c4F..1q" performance="main" grossFee="340398507.22" modifier="C"
                     IPI="RED4re.NasqId_hk9sl5ofY" birthDate="2019-04-25"/>
                <Participant name="sEd" role="scriptwriter" IPDN="vAiivTjpCJhO7a5" performance="supporting" grossFee="2004647657.48"
                     modifier="A" IPI="XKE5TN_cACgs3fUbq7MLf0xA" birthDate="2019-03-27Z"/>
                <Participant name="BzkmJ3gngVKfG8cde9lMoBtzn79G9C" role="remixer" IPDN="Ztz7r_64JT" performance="soloist" grossFee="-827405876.06"
                     modifier="C" IPI="QnAAJTzFnhvRNT" birthDate="2020-03-05"/>
                <Participant name="BV_08" role="composer" IPDN="yEVh738J.vkAdKQ.RZJ4hhBkc7Hv1" performance="main" grossFee="-1241948471.85"
                     modifier="B" IPI="d5cn" birthDate="2018-07-06Z"/>
                <Participant name="yXMmsp9dvy7PQupDKFT" role="producer" IPDN="Gu" performance="conductor" grossFee="765039334.16"
                     modifier="B" IPI="zc-yx5q3QOUdOh1J.CpERis" birthDate="2020-06-18Z"/>
                <Participant name="GErvZ3Cib_9N" role="subscriptwriter" IPDN="alxgjGml9gwHbjc" performance="chorus master" grossFee="808011117.41"
                     modifier="C" IPI="cnabW01" birthDate="2020-03-16"/>
                <Participant name="WBgaTgZaPLODpMYd9VIBoYH9H8AZ4j" role="arranger" IPDN="ZHIvamw9yD2JxIu66rpCsW9XGD" performance="main"
                     grossFee="-1122956013.09" modifier="C" IPI="wdKLCjDR5a_iWt1yJt-X0CkEc7" birthDate="2018-12-05"/>
                <Participant name="Pcy" role="music director" IPDN="fBPJdu" performance="soloist" grossFee="1656345142.25" modifier="B"
                     IPI="iS2LpwBIHurtyq26kX_Q_wWma3nMnq" birthDate="2018-11-15Z"/>
            </Participants>
        </Record>
        <Record title="XrjoSXc_" spins="106282293" ISRC="4L73IKBH1R41" year="6891" producer="nGN" label="pcqoXR9Q.xr4"
             recordNo="BeGT6CeCyt" serialNumber="IaFMppcdW0LpTCf7" isPremiere="true" usage="broadcast"
             ISWC="AIINsdEpXCHw23lsVYUf" AKA="zln6" genre="commercial" broadcastedFrom="2018-09-24T11:21:16Z"
             broadcastedTo="2020-05-26T11:21:16" runtime="598578253" origin="self" alternativeTitle="FTRvDx0f"
             recordedFootage="1946420413">
            <Participants>
                <Participant name="WVYPS" role="sound engineer" IPDN="HRka9a26d7bdG2mioJj" performance="chorus master" grossFee="-1070735451.33"
                     modifier="C" IPI="Y6FYKVdg" birthDate="2018-10-11Z"/>
                <Participant name="TamnsiFJp5Nl6mNri1NNLPf" role="sound engineer" IPDN="AChXc89nls4BPTAc" performance="conductor"
                     grossFee="-1266746194.88" modifier="C" IPI="yeoMpb1veyV0FItUzkL-N" birthDate="2020-04-10Z"/>
                <Participant name="WplqH.getellVxwSLXpdaY" role="subscriptwriter" IPDN="m3vSkVX-.B.qLENmFn5297X" performance="conductor"
                     grossFee="1827447186.24" modifier="B" IPI="uvsHnk9tE2NmY5zfdrKgfyxyQ7" birthDate="2019-10-01"/>
                <Participant name="P1RViZTwww4ffq2lNUwLuG17ilW2" role="producer" IPDN="cpzOk758B" performance="main" grossFee="-1531299940.70"
                     modifier="C" IPI="FBfuQZR" birthDate="2020-01-17Z"/>
                <Participant name="YByIvA1Gf4GKtwwg7TgPhikMMHx60" role="performer" IPDN="hrydoAIjf9-kxMSeSU5Hx" performance="main"
                     grossFee="-95447303.39" modifier="A" IPI="T" birthDate="2019-12-19Z"/>
                <Participant name="FME" role="subscriptwriter" IPDN="Uzp2bi" performance="soloist" grossFee="1592960142.13" modifier="A"
                     IPI="Z0YVPvyQGXTmA19dt_1syMmXtD" birthDate="2020-03-05Z"/>
                <Participant name="vnMrnzau" role="performer" IPDN="eAl" performance="soloist" grossFee="-1305072478.39" modifier="B"
                     IPI="L" birthDate="2018-09-27Z"/>
                <Participant name="g8IS2mCfg3BkFXQwpMoq3phDy0OCx" role="music director" IPDN="Kr-mj" performance="soloist" grossFee="-997755608.74"
                     modifier="B" IPI="Vx_fetu" birthDate="2018-11-30"/>
                <Participant name="q70l_ibMubg9bxgGv08Ih" role="subscriptwriter" IPDN="nNlefqm-s7.5raelFfI4fM.R" performance="conductor"
                     grossFee="1059987833.44" modifier="C" IPI="qyn0_gkgo3Ch8ByG-" birthDate="2019-12-12"/>
                <Participant name="PC_FRkb" role="arranger" IPDN="N71q015niSvCp_5.pKOMypiJFo-R" performance="supporting" grossFee="-396442194.67"
                     modifier="C" IPI="NjU4W1Mcpz-t0BGFoA6AlV" birthDate="2019-02-08Z"/>
            </Participants>
        </Record>
        <Record title="Bb7l45ryBg3Cv30qZchQ4y_pooVj" spins="1271795345" ISRC="38AWHURDV547" year="0683" producer="p"
             label="ubStBPQZ_bBWm9vPp3IL_aJfYvSAV" recordNo="Qc1Z5NSr" serialNumber="XRO.Z.DGqDFOOj91zkQl"
             isPremiere="1" usage="jingle" ISWC="GYC9ue3QykPb32wEsXai-" AKA="awfZ3U2a" genre="commercial"
             broadcastedFrom="2019-06-29T11:21:16Z" broadcastedTo="2019-04-29T11:21:16Z" runtime="1785877948"
             origin="commerce" alternativeTitle="S_ZjQR_07" recordedFootage="1326128222">
            <Participants>
                <Participant name="i_s2RzmOaHLnmCj8yW7" role="composer" IPDN="paaXjg8Dv" performance="chorus master" grossFee="-1722032267.73"
                     modifier="C" IPI="d4hbju" birthDate="2019-07-04Z"/>
                <Participant name="G" role="subscriptwriter" IPDN="WVw" performance="chorus master" grossFee="-1250757510.69" modifier="B"
                     IPI="YFG_JiIjzZWDR89AYMj" birthDate="2019-11-09"/>
                <Participant name="b.40Utwnb" role="remixer" IPDN="C4Zox" performance="main" grossFee="-518702920.47" modifier="A"
                     IPI="lqG0GtyzYdSY_Z4Ao" birthDate="2018-09-14"/>
                <Participant name="YdYVog0wQg6fROSUdnd" role="producer" IPDN="Zo5-yWQlfbfPRK-7XJgk." performance="main" grossFee="-1527593066.34"
                     modifier="B" IPI="KsLeasdJgdh_DccjAt_pVNY1yo4" birthDate="2019-04-14Z"/>
                <Participant name="zbTizUxzwaeeopSfJdYB.I" role="sound engineer" IPDN="scM.Lqzt6UL5sJixGYs0IjjIDE" performance="soloist"
                     grossFee="770660344.31" modifier="B" IPI="kZN_l8" birthDate="2020-05-24"/>
                <Participant name="a1lh4RSEZUr577fhIeeXI" role="scriptwriter" IPDN="hJq9rG" performance="supporting" grossFee="1015049019.49"
                     modifier="A" IPI="PtxShb2" birthDate="2018-11-18Z"/>
                <Participant name="k_OCc1QJb8K-3QOg-WzxeVlecH" role="producer" IPDN="b" performance="main" grossFee="-2015276265.90"
                     modifier="B" IPI="udc1aa-BbEkIx" birthDate="2019-03-08"/>
                <Participant name="o7Vnn7upuP3a4o34pqx5_wBYwl" role="remixer" IPDN="rnZaMkcXg" performance="main" grossFee="-597207023.67"
                     modifier="C" IPI="Q" birthDate="2018-07-07Z"/>
                <Participant name="OvzIn6HTf" role="subscriptwriter" IPDN="fa6zJvF7WXb_" performance="conductor" grossFee="1961998690.46"
                     modifier="C" IPI="ijMl63HUtdIX4o1" birthDate="2020-02-06"/>
                <Participant name="oPCD" role="music director" IPDN="iOP" performance="soloist" grossFee="-709525093.21" modifier="A"
                     IPI="ZmLhU" birthDate="2019-05-17"/>
            </Participants>
        </Record>
        <Record title="S4gaE0" spins="1125803944" ISRC="9IO5N2Z1JMZY" year="1276" producer="xRBgEw3" label="vhb7z" recordNo="n8CJq"
             serialNumber="EtSXvMBFX" isPremiere="0" usage="jingle" ISWC="JVt2hBtVqT_i2rUPZu" AKA="RuzA-Jm"
             genre="jingle" broadcastedFrom="2019-09-16T11:21:16Z" broadcastedTo="2019-03-09T11:21:16Z"
             runtime="547147192" origin="commercial" alternativeTitle="yPOrlJfdbLKY5IpoSTr0xcgNKe21t"
             recordedFootage="1996661587">
            <Participants>
                <Participant name="L0RnUe_DOcq__YlJ_VfOE0JUvTX" role="sound engineer" IPDN="M87h8eG9-7zzQnXreBqs6GMd0.q" performance="chorus master"
                     grossFee="1381671715.83" modifier="C" IPI="TmF2OZAX9tAi5WnAr9BUI" birthDate="2018-10-14"/>
                <Participant name="c7qlG9is3-SNRLuZK4W.0t9nz" role="composer" IPDN="HMI-8stEsbLDwMEAf9oeDNEkU_Rv" performance="soloist"
                     grossFee="898195054.14" modifier="C" IPI="gjgVUosOF.OwRiTUSkvJ24" birthDate="2019-03-10"/>
                <Participant name="nnqSgp6q" role="performer" IPDN="zT_5MRQBinTavVAx5tyqM0yvb0GgG" performance="soloist" grossFee="-831770183.02"
                     modifier="B" IPI="ekGs.HPWfOd-HY" birthDate="2018-09-27"/>
                <Participant name="czXlaDKcVg7-." role="arranger" IPDN="C84jKXqZa1Yf8" performance="conductor" grossFee="1933786723.09"
                     modifier="A" IPI="UMt-uey" birthDate="2019-11-12"/>
                <Participant name="Dba7i_.NenL" role="subscriptwriter" IPDN="E38m_Oa4lNf7JXVsfIZlJ-LwU" performance="main" grossFee="-1262014361.59"
                     modifier="B" IPI="LnRY8LRmJcbSsadmb7as" birthDate="2020-01-16"/>
                <Participant name="ynPj7" role="producer" IPDN="Z5S6Y0U-Np4X" performance="soloist" grossFee="681348386.46" modifier="A"
                     IPI="LQrgYF6j" birthDate="2020-01-08"/>
                <Participant name="p3SbOGMrUm" role="music director" IPDN="x.46hfc.T" performance="chorus master" grossFee="45401890.69"
                     modifier="B" IPI="xgle5rTqSSwUZzjpzfYvJ" birthDate="2019-08-04Z"/>
                <Participant name="ueuVXAiz-HsLZjf" role="remixer" IPDN="S3f6ezxiGEVPuxlcKB" performance="main" grossFee="2142988764.64"
                     modifier="C" IPI="iIUnH2oNOD" birthDate="2019-09-11"/>
                <Participant name="USstKIz1.XeGv_-LNuoz0S" role="music director" IPDN="oOOfjRTagHWV_z.dmxFCs_u" performance="chorus master"
                     grossFee="-1972533928.62" modifier="B" IPI="AeE4B_wfG7725vz2t6KNeC5_y.E" birthDate="2020-02-17"/>
                <Participant name="LJXrSDVlUaJpzhx1VytXUo" role="sound engineer" IPDN="CV9OX6iEn1" performance="main" grossFee="1294619069.72"
                     modifier="C" IPI="apPuyLVf5ygL" birthDate="2019-09-10"/>
            </Participants>
        </Record>
        <Record title="viCq55mW1up0R1VT1TY" spins="519021267" ISRC="829O8EIKQ767" year="4711" producer="h_Et_TXZaavM"
             label="xgsN2E" recordNo="pnAuCeESyZzWpTSf0QejK2.Fe" serialNumber="tmnVZs9lIw" isPremiere="0"
             usage="jingle" ISWC="foTciY" AKA="Bpzt5x9L86jXrJRZNKP_Zbz" genre="spoken word" broadcastedFrom="2019-01-01T11:21:16Z"
             broadcastedTo="2019-02-27T11:21:16Z" runtime="983189730" origin="commercial" alternativeTitle="g"
             recordedFootage="749039201">
            <Participants>
                <Participant name="ScdKGuf0Idp4Cfb" role="producer" IPDN="IQ1yVL.3h.06v" performance="supporting" grossFee="301441546.26"
                     modifier="A" IPI="G2" birthDate="2020-06-22"/>
                <Participant name="ldkDIkJ" role="performer" IPDN="Bb0m3EOc-U-O" performance="conductor" grossFee="-2119061786.90"
                     modifier="B" IPI="JJPyAKRjcAMm2OwhYLzvGweJ2" birthDate="2019-10-20"/>
                <Participant name="sOJqvDIxpOePH_EmLkdb0vUghd" role="sound engineer" IPDN="m1.2" performance="chorus master" grossFee="80199220.65"
                     modifier="B" IPI="Kzkx" birthDate="2018-07-28"/>
                <Participant name="KsKvMZdaapKX" role="producer" IPDN="tD2JgyBxP6_5fiCA8_PDVNll" performance="main" grossFee="-1110443554.41"
                     modifier="C" IPI="w9CoDFolRubzql2_3lRz77kn" birthDate="2019-05-08Z"/>
                <Participant name="TbzXqzgszInoGwgZOJ" role="sound engineer" IPDN="DnfkMkfkv1xbItDV" performance="soloist" grossFee="-1969922814.96"
                     modifier="B" IPI="y4j.h.jmKJ21pELz" birthDate="2019-08-24Z"/>
                <Participant name="jp1wA-pqboavtPfoEjjVE3bOLC" role="sound engineer" IPDN="qnHaNyxEEjK8lPl2" performance="main" grossFee="-1970781738.15"
                     modifier="A" IPI="q.dLNVhYuXSZc7yhTzi1v2D" birthDate="2019-02-03"/>
                <Participant name="PoQau-2" role="scriptwriter" IPDN="ZP" performance="chorus master" grossFee="992366798.89" modifier="B"
                     IPI="JPOuL249Mq4tGk1jfmW" birthDate="2019-09-19"/>
                <Participant name="EqRHNATuLQXyKxP" role="sound engineer" IPDN="aTr" performance="chorus master" grossFee="399933574.65"
                     modifier="B" IPI="AWzf8jyHG0R8S5Dqzc-RH9UPK0DH" birthDate="2019-08-16"/>
                <Participant name="P7EwICWa" role="producer" IPDN="hkC-20o" performance="soloist" grossFee="-926286620.19" modifier="B"
                     IPI="PYSO6ay8Ek6wGQDoBVkSyPxs-eZIb" birthDate="2018-09-13"/>
                <Participant name="V3lb" role="composer" IPDN="s" performance="supporting" grossFee="2041287258.95" modifier="A"
                     IPI="l35oGH1HAEs6wL" birthDate="2019-07-01Z"/>
            </Participants>
        </Record>
        <Record title="M8j1zUsmY9sFZyAVZ6npITeVJ" spins="952332615" ISRC="X0TK6LUO28Y1" year="8109" producer="tICdVdK"
             label="t-jtvjHc_4oD5tbLGYg" recordNo="V6c3IJnW.51l." serialNumber="ue3eD8A0BU" isPremiere="1"
             usage="jingle" ISWC="mMlRjLjA." AKA="Q43QJjXLFcLG" genre="spoken word" broadcastedFrom="2019-06-17T11:21:16Z"
             broadcastedTo="2018-08-25T11:21:16" runtime="1074909030" origin="commercial" alternativeTitle="F"
             recordedFootage="29634229">
            <Participants>
                <Participant name="xsCGc6GEd5OfQlWOrs51fLzp" role="producer" IPDN="PUkMdhOEIo1Rgm_g" performance="soloist" grossFee="432932585.16"
                     modifier="A" IPI="d3mIvHTp5v" birthDate="2018-07-08"/>
                <Participant name="Omtfv6-7Ncc50lSC38_Z3wvL" role="remixer" IPDN="LmV7b6-ScmIgN-.F" performance="supporting" grossFee="73462554.09"
                     modifier="A" IPI="zJG-8fnU53" birthDate="2019-09-18"/>
                <Participant name="y394" role="scriptwriter" IPDN="sGotgaQMsZcnAgowxj_shh59LzA8" performance="chorus master" grossFee="-151945076.39"
                     modifier="A" IPI="uAVVV" birthDate="2020-06-24Z"/>
                <Participant name="Zcf2M0VyxM" role="producer" IPDN="Hnb7Ty7B" performance="soloist" grossFee="-737702116.62" modifier="A"
                     IPI="QtiL6ODm.uJLpZ86y3Rnpc" birthDate="2019-06-09"/>
                <Participant name="YC63SSPs3E2.w" role="subscriptwriter" IPDN="X.EIOaRA9X1AJbH" performance="soloist" grossFee="-427610029.72"
                     modifier="A" IPI="KoomcUyg1WMx" birthDate="2020-01-08"/>
                <Participant name="mwzyETIwGe6a" role="sound engineer" IPDN="Tzv_4x" performance="chorus master" grossFee="68345161.86"
                     modifier="B" IPI="fHiKopAdvAetAudsLYb.-f4" birthDate="2018-12-24"/>
                <Participant name="A1bkP4aYpvT-" role="producer" IPDN="fjwa4_7EbE5rDuI" performance="supporting" grossFee="-574426029.49"
                     modifier="A" IPI="EDBrc3lG3Zp3xbHzwgDQT9.rz9" birthDate="2019-11-27Z"/>
                <Participant name="CuZEm2nHDTQ" role="producer" IPDN="TQ" performance="chorus master" grossFee="720267672.38" modifier="B"
                     IPI="i42vcXvIqLRduWYtdL.l-J" birthDate="2019-02-17Z"/>
                <Participant name="vh1bU5E" role="producer" IPDN="mR5PKtBZURUmRdk8As" performance="chorus master" grossFee="687558281.54"
                     modifier="A" IPI="AsGlVXty7O10Kj06uv0C" birthDate="2019-02-23Z"/>
                <Participant name="G1cNj" role="scriptwriter" IPDN="TJhhvjy86BRNzTi5Xjd_Qku" performance="conductor" grossFee="-801982114.13"
                     modifier="B" IPI="J" birthDate="2019-10-07Z"/>
            </Participants>
        </Record>
        <Record title="Kl" spins="684982864" ISRC="40V7DZA8V03K" year="0105" producer="BxiyNiFXVOE_3j1NvOop6g3Bj04g2k"
             label="hnSds" recordNo="R" serialNumber="bD_hPGQPvSyWHK" isPremiere="1" usage="broadcast"
             ISWC="ZQUHpvVDLetIok7Qi_hOPurp" AKA="NO0b9qe.A.rFb_" genre="spoken word" broadcastedFrom="2019-04-17T11:21:16Z"
             broadcastedTo="2018-12-20T11:21:16" runtime="1466283854" origin="live stream" alternativeTitle="wj15mFinUEOdCry"
             recordedFootage="1967861473">
            <Participants>
                <Participant name="tMtetov1iRi465W4OC4CUzRt6vfkp-" role="composer" IPDN="c6Hg" performance="main" grossFee="1088745450.14"
                     modifier="B" IPI="pCKVdO" birthDate="2020-06-18Z"/>
                <Participant name="uek2_JulcOiou" role="music director" IPDN="a47W_" performance="soloist" grossFee="821787961.36"
                     modifier="B" IPI="aTYSVOgZGOQox3qEsy6eGvg" birthDate="2018-07-27Z"/>
                <Participant name="FESvpt" role="remixer" IPDN="g7eB4rbpOv7" performance="soloist" grossFee="94012133.61" modifier="B"
                     IPI="Um77_ep9LZy0GbYEGZtPE" birthDate="2020-03-05"/>
                <Participant name="nJ1PL-czCWdoGXMlz" role="sound engineer" IPDN="AoeJVj9phLJ-5M1pgmDzwnQNy" performance="conductor"
                     grossFee="-544707669.95" modifier="C" IPI="P3wbxHckDfa" birthDate="2019-04-08"/>
                <Participant name="K9EKey0RJxDWU5AgZkP2" role="producer" IPDN="uoQSjpkIb" performance="main" grossFee="-730401274.21"
                     modifier="C" IPI="ISUsSouOPUKSrY" birthDate="2020-01-14Z"/>
                <Participant name="PyTmasb5fu92jo" role="subscriptwriter" IPDN="Lwbhs8EVU.fOpJZahn" performance="soloist" grossFee="-1971085084.13"
                     modifier="C" IPI="hFdxkfZ7" birthDate="2018-10-26"/>
                <Participant name="r1gqOHG4OT" role="subscriptwriter" IPDN="N-QxvXW9PeRPzqq" performance="chorus master" grossFee="-588730840.33"
                     modifier="B" IPI="_w._Km8gfX" birthDate="2020-01-19"/>
                <Participant name="F9ANpj6" role="music director" IPDN="MX.gkGFK-9NCpEMipQrA1ndgsWvh7Q" performance="main" grossFee="-1256455098.10"
                     modifier="A" IPI="DIKt.GrBALEpA7cAH.r-Ong" birthDate="2019-04-09Z"/>
                <Participant name="TsvWuF3AIUSC6S7S-_GA" role="arranger" IPDN="rct2W2NlpYgBpZ0w" performance="supporting" grossFee="-937456066.60"
                     modifier="C" IPI="iJ8mwqczZ" birthDate="2019-07-06"/>
                <Participant name="Mskp_Ic_yMiDI" role="music director" IPDN="Hf" performance="conductor" grossFee="1077497101.74"
                     modifier="C" IPI="su1" birthDate="2020-05-12Z"/>
            </Participants>
        </Record>
        <Record title="L.Djy3R" spins="1606308486" ISRC="I3M47Y76KY38" year="8117" producer="Ih2KKqz2QPu" label="wrgi4sxyUY"
             recordNo="Royi7MvanSYzUN" serialNumber="dY8B27YB83JqNuPLXub2m" isPremiere="false" usage="broadcast"
             ISWC="f4b" AKA="B1By" genre="pop" broadcastedFrom="2019-12-14T11:21:16" broadcastedTo="2020-06-26T11:21:16"
             runtime="736789302" origin="live stream" alternativeTitle="fhMTu6bdhBDS7Ulj" recordedFootage="1704317724">
            <Participants>
                <Participant name="LsiWfXDX1PRSV1f2" role="producer" IPDN="V4" performance="supporting" grossFee="-1793554487.70"
                     modifier="A" IPI="Q89VDA5" birthDate="2018-08-24Z"/>
                <Participant name="Cc5rXzWN13" role="producer" IPDN="xEgRPIy9w" performance="main" grossFee="1161358980.14" modifier="C"
                     IPI="FYBFm8tYrdYe5dVrnzY5s3MFBFLrTF" birthDate="2019-05-22"/>
                <Participant name="Fo.bK.Og81URu" role="producer" IPDN="J3ah71nidoaSe0jHQCSy" performance="supporting" grossFee="-37129791.87"
                     modifier="C" IPI="j" birthDate="2019-06-02"/>
                <Participant name="EwpQkwTPa3tYtYTol" role="composer" IPDN="IZXN3igo6HS37iNswApaos2cyG" performance="soloist" grossFee="2136399870.36"
                     modifier="B" IPI="YocHtfVQIJ_PWaHd_2E.YMZbarA" birthDate="2019-03-18"/>
                <Participant name="CrvXEAcTssjnEPvmz7vDzPZ0fUjUXp" role="scriptwriter" IPDN="rmOblEgrS3wx" performance="soloist"
                     grossFee="-1380942534.96" modifier="B" IPI="_IcyuUfH-HH4" birthDate="2018-10-06"/>
                <Participant name="IA_8eATW.43hEb" role="producer" IPDN="X7phRmfICODmQ3mY.dX" performance="supporting" grossFee="-743143252.77"
                     modifier="C" IPI="kTpDShl9s_5z0g8zfK" birthDate="2019-02-04Z"/>
                <Participant name="e-D" role="subscriptwriter" IPDN="Z11wqO7dPxSyzNDURNEdxQ" performance="main" grossFee="-692351903.65"
                     modifier="C" IPI="Ki-dMz1OwoBF6T" birthDate="2020-03-04Z"/>
                <Participant name="x" role="remixer" IPDN="XZRTz4Ye-mWw-4Bzmg9_" performance="soloist" grossFee="776817467.71" modifier="B"
                     IPI="uQaUN" birthDate="2020-01-22Z"/>
                <Participant name="_Q" role="producer" IPDN="WHvKhk9HACu1vzZ-kRD8hK35" performance="main" grossFee="632868087.54"
                     modifier="B" IPI="zX_G_oD" birthDate="2019-02-04Z"/>
                <Participant name="k4LOMVk1wHpes.DmwK" role="remixer" IPDN="H_.2P9tuHayzELjxW" performance="soloist" grossFee="44132500.40"
                     modifier="C" IPI="r" birthDate="2019-08-29Z"/>
            </Participants>
        </Record>
        <Record title="DBjIKRWS4LMNCcnsclrBdL7O" spins="2126158108" ISRC="959YOU929C41" year="3902" producer="lB4HXP.dAJI-b7Vxa43"
             label="ouw_eoh7o" recordNo="lN1DHeXWp9aCOthqc" serialNumber="qi1T66MAvj2G5kf.MGZZY9JzeRu9G"
             isPremiere="true" usage="jingle" ISWC="yth5ZzLQx" AKA="F9GhepE8" genre="composed" broadcastedFrom="2020-02-17T11:21:16"
             broadcastedTo="2018-10-22T11:21:16" runtime="728108378" origin="self" alternativeTitle="ZHH9Xc541Xi"
             recordedFootage="731229987">
            <Participants>
                <Participant name="QUJc3WXcSrl9zde" role="composer" IPDN="R5Vpr6L.E42pyf_lABwV" performance="conductor" grossFee="191287748.33"
                     modifier="B" IPI="qKH5kCgjucGw-B" birthDate="2018-09-05Z"/>
                <Participant name="Ky1zpTRtk" role="sound engineer" IPDN="yKi.2" performance="chorus master" grossFee="1782141388.31"
                     modifier="A" IPI="OO52NL6FxfS7Q-rirNdbe4a" birthDate="2020-06-29"/>
                <Participant name="qYZ" role="remixer" IPDN="qvLt22wontU.XwA37ZXL" performance="soloist" grossFee="-1519862637.04"
                     modifier="A" IPI="xai6sYoGCXvcYNm.ftC5" birthDate="2019-11-09"/>
                <Participant name="A.vHflJxL4Z" role="music director" IPDN="uB7G0DP.8vo8" performance="conductor" grossFee="-92228931.92"
                     modifier="B" IPI="KC9xqq0MWvOQsjYJX-" birthDate="2019-06-29Z"/>
                <Participant name="ZCns0LwvUXpR0ZEpVKlm5hIT.-KspN" role="arranger" IPDN="IwX6CWEe" performance="chorus master" grossFee="155624482.70"
                     modifier="B" IPI="EfUh7pqyT" birthDate="2020-03-10"/>
                <Participant name="VmOK9Z2n7ufjVpDL7JdNxL24-" role="performer" IPDN="AbTb3XUET7nLd05o2N.jXkJ_r" performance="soloist"
                     grossFee="1806579520.81" modifier="C" IPI="KSkvZR7evBLCIBk5lmhVooT4E.798l" birthDate="2018-12-23"/>
                <Participant name="kwiBW" role="performer" IPDN="oidTQ.lDZJPTaPiOblV" performance="conductor" grossFee="380141722.16"
                     modifier="B" IPI="kve0Sfb.V3irC1Zc.t7.LB3T5gaJ" birthDate="2020-06-23Z"/>
                <Participant name="rt9xTcnB.cIyhhlloWnBRnBtq8j2f" role="arranger" IPDN="lXH6v-iaID3SGw0N1lxfDalDnRv" performance="supporting"
                     grossFee="-1026301480.19" modifier="B" IPI="MD3ZoVqUO8OebXaD2" birthDate="2019-02-12"/>
                <Participant name="IchmPD-" role="arranger" IPDN="fnjH" performance="conductor" grossFee="-1164974135.28" modifier="C"
                     IPI="MoglEXnbCKpiH" birthDate="2020-03-27Z"/>
                <Participant name="gqwk6Vl_0Dm" role="arranger" IPDN="ldiLqyvQeh75" performance="chorus master" grossFee="-1421871774.32"
                     modifier="C" IPI="f_faIxUqwHb7S46.C_hwb" birthDate="2019-04-03"/>
            </Participants>
        </Record>
    </Record>
    <Record title="xnhA" spins="488378263" ISRC="P4V9GPJINHIL" year="9846" producer="vkizo7oFXg-Q.5v" label="mdt_Ge"
         recordNo="ibVYjiZtt58PJ.PU" serialNumber="NoEPAhM7nLwIpcfzzvRxaI01xJ" isPremiere="0" usage="jingle"
         ISWC="tWfQL2Jlm1F21NMDNi0u4m" AKA="Dx5r6OpSMBCCV" genre="spoken word" broadcastedFrom="2020-06-17T11:21:16Z"
         broadcastedTo="2020-04-16T11:21:16Z" runtime="2001306338" origin="commercial" alternativeTitle="LnQJnsSYNj"
         recordedFootage="50031434">
        <Participants>
            <Participant name="H3TtU4t" role="performer" IPDN="_tBH" performance="conductor" grossFee="1090058869.24" modifier="B"
                 IPI="Ou9tsBULs6j5AmP0ZpV9f-8" birthDate="2020-03-12Z"/>
            <Participant name="od1GozGpyR2h65NVUgoEC" role="subscriptwriter" IPDN="y" performance="soloist" grossFee="1147470346.19"
                 modifier="A" IPI="Ary" birthDate="2019-11-26Z"/>
            <Participant name="GBGBG2nDrmYaFb_0z3qbbf" role="music director" IPDN="N4sG9RfMQsmw.xd66yNvEB0TN4WZ5v" performance="chorus master"
                 grossFee="-967913822.21" modifier="A" IPI="o4v" birthDate="2018-07-15"/>
            <Participant name="hw2Ial0BnG.T-J" role="subscriptwriter" IPDN="biMQG9.V5DYOkCfzD8C" performance="main" grossFee="81768012.69"
                 modifier="A" IPI="FLSy5pn.bPSn" birthDate="2020-04-28Z"/>
            <Participant name="AMHtkJRIa2" role="subscriptwriter" IPDN="MZqiIhs2W2ygMY.y" performance="soloist" grossFee="-1826076186.57"
                 modifier="A" IPI="FssFtt" birthDate="2020-01-02Z"/>
            <Participant name="DyFW78pvCDr2sVRN" role="arranger" IPDN="HCZwK2jpo" performance="supporting" grossFee="-1245727892.43"
                 modifier="C" IPI="PoiuJ8Br2a4nuH7nqiTpSW" birthDate="2019-04-22Z"/>
            <Participant name="TQhquttYVM6icGB" role="scriptwriter" IPDN="bmaPwbFt5oX" performance="conductor" grossFee="-1269965880.77"
                 modifier="A" IPI="hB" birthDate="2020-03-13"/>
            <Participant name="FtPcQkerCgeeOk9gCwDfbVQMOXE" role="remixer" IPDN="t" performance="main" grossFee="1582185224.07"
                 modifier="A" IPI="A6cqA6TEZnc7Yzx5dIvohj.8" birthDate="2019-12-25Z"/>
            <Participant name="oMnwKks_gT.7" role="sound engineer" IPDN="nTn8_YxjqT2OiOwxP7" performance="supporting" grossFee="-1273397413.88"
                 modifier="B" IPI="uk_KLhYWN2UUBGa" birthDate="2019-07-04"/>
            <Participant name="M3RllS" role="performer" IPDN="J1LbzjL12XXD3.lwW2IgnkOM8mA.2" performance="main" grossFee="1197885851.74"
                 modifier="C" IPI="JiA0hnXIx8EqXqgULiD5xzKmidfr" birthDate="2019-11-24Z"/>
        </Participants>
        <Record title="WSt189d6" spins="803872141" ISRC="039369S81N2L" year="8096" producer="IAvsdwYS17khvnIQs3JN9-8NhdS_8k"
             label="Y-A2LiOs" recordNo="JRnRBrc_vypF1AF7-xbPyDm3" serialNumber="G13ITcfPdpnui232afXp_w-DYTnkMl"
             isPremiere="true" usage="jingle" ISWC="h6p7jquOJYjj5Fe_oJahbAYAOOsHK" AKA="O8JoPKkHhlaOxDK"
             genre="commercial" broadcastedFrom="2020-04-15T11:21:16" broadcastedTo="2019-05-18T11:21:16"
             runtime="1887773875" origin="free usage" alternativeTitle="pWQ9JpManBy" recordedFootage="218775230">
            <Participants>
                <Participant name="Lr_9F0Q6y" role="music director" IPDN="A8fB" performance="soloist" grossFee="1881222711.18" modifier="A"
                     IPI="PxfrP7tUSjA" birthDate="2019-07-22"/>
                <Participant name="oin" role="composer" IPDN="wM7x.nk6KAs0Ax6Ju-GtDGp" performance="main" grossFee="-784917044.89"
                     modifier="B" IPI="Iq1iWVPWBtPJSZhp4" birthDate="2019-09-07Z"/>
                <Participant name="a4pG8esTKKVADmOLq9OGh" role="performer" IPDN="nV8GpC" performance="supporting" grossFee="-1816654111.00"
                     modifier="A" IPI="m9XpDw8" birthDate="2019-07-05Z"/>
                <Participant name="KioYCgp4x471XqQiCq" role="sound engineer" IPDN="_1gtHd8B20QGMiqiWBKabC2ZKT" performance="main"
                     grossFee="1051938281.20" modifier="A" IPI="aTL" birthDate="2020-04-11"/>
                <Participant name="nC8Zlaj" role="subscriptwriter" IPDN="zjOzWUjaL19IYPRqhEUH4N53C" performance="supporting" grossFee="2002445097.81"
                     modifier="B" IPI="E-u3p" birthDate="2019-01-03Z"/>
                <Participant name="HarbdWv" role="producer" IPDN="oZh0P3dxrFaFs8srr" performance="conductor" grossFee="-925953190.52"
                     modifier="B" IPI="eiU5Cr2mKPxOd7qLgFHvT" birthDate="2019-03-01Z"/>
                <Participant name="HOiXVVS9tR93l2aINbjhvqTylw3D7" role="performer" IPDN="KPGpsWXfoR8OTvkDnWqKgDPlNJ92" performance="soloist"
                     grossFee="1841554484.11" modifier="B" IPI="z" birthDate="2018-12-28"/>
                <Participant name="EekLmulxAdm_R_UlR" role="remixer" IPDN="qBnKCqyO5f-yiVp24" performance="soloist" grossFee="1155221188.63"
                     modifier="B" IPI="JKeNvu" birthDate="2020-04-09Z"/>
                <Participant name="Ky" role="sound engineer" IPDN="_nhWb-zt-0l7LSzWyRD6R4DdrGADkk" performance="chorus master" grossFee="1171174551.17"
                     modifier="A" IPI="h." birthDate="2019-09-17"/>
                <Participant name="iF4GFbF" role="producer" IPDN="euyGS" performance="soloist" grossFee="523415856.19" modifier="C"
                     IPI="YzBZT_Ll" birthDate="2018-11-06"/>
            </Participants>
        </Record>
        <Record title="LVhD9s-Gj" spins="17151038" ISRC="1X9A6S33AJ87" year="1986" producer="aKoscOvKg4gqWtzPkfgY2rnG_wmkSm"
             label="q3Gx" recordNo="FkoJuNhoz2" serialNumber="eeuiK6mEMfTx" isPremiere="0" usage="commercial"
             ISWC="zYjbqduDPs" AKA="B3_uGe1AyC55k" genre="pop" broadcastedFrom="2019-01-27T11:21:16"
             broadcastedTo="2019-05-28T11:21:16" runtime="638782781" origin="live broadcasting" alternativeTitle="xONP"
             recordedFootage="515607872">
            <Participants>
                <Participant name="kFKRM6tRtxiVvz-miZkOYXW" role="remixer" IPDN="eERL" performance="supporting" grossFee="1884992599.42"
                     modifier="B" IPI="YOj1NuwXWQHuKtJHgeecZAvt3GZ" birthDate="2018-07-10Z"/>
                <Participant name="ecS" role="remixer" IPDN="K39PkEXbz_itR3gyyVNqVmX6QTw0" performance="conductor" grossFee="-1487150211.94"
                     modifier="A" IPI="QC.iMqZyqztwrtGBGOu" birthDate="2018-08-27"/>
                <Participant name="K.rnk-EPnSGeZaEC1dVFEVH9Yjb" role="subscriptwriter" IPDN="Qvms747AZA2Mkt" performance="main" grossFee="-1667388843.03"
                     modifier="C" IPI="ERX0zPHArkRGmPwAI" birthDate="2019-10-13"/>
                <Participant name="HBFdbn3mrHjSEW" role="arranger" IPDN="pz4" performance="supporting" grossFee="681282230.18" modifier="C"
                     IPI="Sd6hExhQ-QsFH-r._JDnX" birthDate="2019-06-12Z"/>
                <Participant name="XUDC.MX1TGPbo7gjz" role="remixer" IPDN="bhab0N9UJeKf" performance="conductor" grossFee="1796648047.96"
                     modifier="B" IPI="jOdbdDX0ZoO" birthDate="2019-09-19Z"/>
                <Participant name="UxcTT5MnFxU-TURhqmHhHT" role="remixer" IPDN="JfQ.06xPCqsqotNL2v0Fr" performance="supporting" grossFee="-181499980.13"
                     modifier="C" IPI="Ht3l5WFe5rbPLOT8WDouI0WAjYPtzb" birthDate="2020-03-18"/>
                <Participant name="pWfcv2aL" role="producer" IPDN="_s" performance="conductor" grossFee="-1213197490.85" modifier="B"
                     IPI="FRWs_hr6lwTFW_vHSR1E" birthDate="2020-03-21Z"/>
                <Participant name="PeBhDWt" role="scriptwriter" IPDN="fGKSkoCjoXj" performance="supporting" grossFee="-1920856187.70"
                     modifier="B" IPI="nF1KKz38tYR4ObQvBxsjJyTdWi" birthDate="2018-09-04"/>
                <Participant name="JEP.CtO" role="scriptwriter" IPDN="WF_4JOKAn-kyk3is2b" performance="chorus master" grossFee="-855298990.66"
                     modifier="B" IPI="AaR-iXUaMx_OVoAcifjl.Q" birthDate="2019-10-29Z"/>
                <Participant name="p58" role="remixer" IPDN="ythUg5ZG3P6HTb-fMDqA.K6" performance="supporting" grossFee="-1678293766.95"
                     modifier="C" IPI="rmTHpS" birthDate="2019-09-29Z"/>
            </Participants>
        </Record>
        <Record title="q" spins="1981188426" ISRC="552Q5YYS5DB6" year="1543" producer="P8Ba9abNVeTkUjxvYov7V4Jsg" label="N3zqgQj.7U67iFehvRcgnP8a-"
             recordNo="Bj8P63.c.201A1FHMAisE40rIyEpc" serialNumber="FkY5ViK2l9ON5o" isPremiere="1" usage="broadcast"
             ISWC="_0MYaEHWSvYnrE" AKA="J5.ACq5b3G7GN2ZTtELrEN3fgi" genre="pop" broadcastedFrom="2019-01-08T11:21:16"
             broadcastedTo="2019-08-04T11:21:16Z" runtime="707162804" origin="live broadcasting" alternativeTitle="aMErC4nG5U5SWj_9AoU_3o1"
             recordedFootage="679480814">
            <Participants>
                <Participant name="lbyKf" role="producer" IPDN="QC0O6" performance="chorus master" grossFee="-689433184.83" modifier="B"
                     IPI="T1jXowRUGE" birthDate="2018-09-04"/>
                <Participant name="E8Xg5WDLtCS6c1DdbY" role="performer" IPDN="BNTTr" performance="main" grossFee="735797045.30" modifier="A"
                     IPI="QqgeAsq-19zQgxyhbKlMroA2.IUO" birthDate="2019-02-06"/>
                <Participant name="lSNzVrqA-6RuaTFmqkj_hB_-x.4" role="producer" IPDN="b" performance="main" grossFee="996295799.82"
                     modifier="A" IPI="ishguqXY5k1TUdu95U9bu2KLsmLa" birthDate="2019-06-23"/>
                <Participant name="F2fCpm87kdXaFy" role="remixer" IPDN="rJLt_.vVjjPHCvHYZl" performance="supporting" grossFee="1293110297.94"
                     modifier="B" IPI="BKk4WTtval" birthDate="2018-11-04"/>
                <Participant name="I69r36CWmQP" role="composer" IPDN="k1INO8brwnq2r" performance="main" grossFee="-1839125083.51"
                     modifier="A" IPI="GjRK1Z1m19Z8JFXEe" birthDate="2019-05-28"/>
                <Participant name="aGX" role="producer" IPDN="TQ48RR1zR5I0dOVUMSg4iIw" performance="chorus master" grossFee="3810145.06"
                     modifier="B" IPI="WMG9RSLLcKdKvYq4V0I" birthDate="2019-02-16"/>
                <Participant name="MrMtEn1GHszBxJqgSvTZmJWgAL." role="composer" IPDN="T.G0MtdQOkURXxg9XZl" performance="main" grossFee="-939655197.57"
                     modifier="B" IPI="uArMh3zMtqADfQMCVOgkBeFVMMGi" birthDate="2019-10-24Z"/>
                <Participant name="VF7zN0_pjQHkAQvst2LGr2A_xHtr" role="sound engineer" IPDN="kS4zDv-1D-qxBT4Kj4BB" performance="soloist"
                     grossFee="1553794812.60" modifier="B" IPI="LyYAZuTcUU" birthDate="2020-06-03Z"/>
                <Participant name="DH-d_EwhL9xNPeR" role="remixer" IPDN="G3V1V3FpVWr5K65" performance="soloist" grossFee="323956198.85"
                     modifier="A" IPI="PK.EdtVYh.2" birthDate="2019-02-28"/>
                <Participant name="FrJiZ" role="sound engineer" IPDN="vvY555idpHgxOb" performance="supporting" grossFee="-841298909.77"
                     modifier="B" IPI="i89pGW1_jtbwjO" birthDate="2019-08-14Z"/>
            </Participants>
        </Record>
        <Record title="yl6CB3JSTes" spins="1917461801" ISRC="RTT1DDC9N87H" year="3719" producer="nO7hyTuzJUFk2OqzVDewqteKRIu3Ll"
             label="hnOmaF" recordNo="y8UIfkK9QccnMP8.Moi4" serialNumber="rfHFMyEsnTvzit3-P" isPremiere="0"
             usage="commercial" ISWC="R4XZkKYE" AKA="qn9cg_l-xU.mNC36rC8dk" genre="commercial" broadcastedFrom="2018-07-11T11:21:16"
             broadcastedTo="2019-02-13T11:21:16Z" runtime="967168888" origin="commerce" alternativeTitle="KDZlDttCjVsB"
             recordedFootage="1601650589">
            <Participants>
                <Participant name="Z" role="subscriptwriter" IPDN="lFx1WmqU" performance="conductor" grossFee="378425434.57" modifier="C"
                     IPI="DBFFybN6VgrlCJ81FGqX4c5QFr" birthDate="2019-06-05Z"/>
                <Participant name="oFxj" role="music director" IPDN="hRpvD" performance="supporting" grossFee="-1915265766.29" modifier="C"
                     IPI="QFtElsASFX2gPvTsBD-TNvys" birthDate="2019-04-03Z"/>
                <Participant name="l5bl_r3uckQ-Xhd4wxn" role="scriptwriter" IPDN="gy-mUJyIXAV" performance="chorus master" grossFee="-1910964816.63"
                     modifier="C" IPI="Nl1wHfGVta5mcCq" birthDate="2020-04-29Z"/>
                <Participant name="C" role="music director" IPDN="z" performance="soloist" grossFee="-1131826881.89" modifier="C"
                     IPI="b8764" birthDate="2018-11-12"/>
                <Participant name="EjbpSD7UAzc4QI8F4yn5.Fr" role="arranger" IPDN="bCmD3y2LEB6YX33VTmYK-MXHS" performance="conductor"
                     grossFee="1594499281.07" modifier="A" IPI="nt255ZLexHsLhlzS0qIHC" birthDate="2018-07-14Z"/>
                <Participant name="s99xy3HWTM53YtVLxSx" role="producer" IPDN="I-ROkra3qmi." performance="chorus master" grossFee="606727041.05"
                     modifier="B" IPI="Xjr" birthDate="2018-10-29Z"/>
                <Participant name="KfbIp-i" role="subscriptwriter" IPDN="Ifzhs87g" performance="chorus master" grossFee="1715100481.96"
                     modifier="C" IPI="rAx" birthDate="2018-09-17"/>
                <Participant name="jECalmn6xG" role="arranger" IPDN="Ylr3_LkKWlfL1bHLIFtthXv1ncos" performance="soloist" grossFee="-1165228839.29"
                     modifier="C" IPI="pdrHLmOxEiL2gZc4EW3.NeoOzpUt" birthDate="2019-12-28"/>
                <Participant name="jH5dRfb-" role="arranger" IPDN="R3vIw.K0sjI-1FKnAt" performance="chorus master" grossFee="-323243739.99"
                     modifier="A" IPI="xAEVQR" birthDate="2019-03-09"/>
                <Participant name="kPCqNf.VfnR1" role="sound engineer" IPDN="D_7.7t_zn.9K0b" performance="conductor" grossFee="207289399.56"
                     modifier="B" IPI="kxOpU.YIHbF_Usx-" birthDate="2019-05-14Z"/>
            </Participants>
        </Record>
        <Record title="O0HNe8txEmHOdNL" spins="1833343981" ISRC="8W1R1G9W8Y7T" year="1039" producer="vbwhtua5yJDxc2B4LKii8Kb8T"
             label="x1ZavFYkopyoJIeAjl" recordNo="uGm4fX7JYW9tw0S.Rz." serialNumber="Ced2qaoA01Hs_ia"
             isPremiere="1" usage="jingle" ISWC="Bsi_DPIBmHh2i_1QO32" AKA="sjxIgRrKB3Ea925JX" genre="pop"
             broadcastedFrom="2019-08-03T11:21:16" broadcastedTo="2018-11-02T11:21:16" runtime="1280223406"
             origin="recorded stream" alternativeTitle="Mn_S08yr-JkoqMxcl4hdJEc9evlFqn" recordedFootage="125866997">
            <Participants>
                <Participant name="tY" role="music director" IPDN="wqdMNT3sttMQL_DF8qx" performance="main" grossFee="950645100.74"
                     modifier="A" IPI="MDVWAzPLiWu2f.13agWVKH" birthDate="2019-08-25"/>
                <Participant name="ZzA1Gn.p_Ew" role="composer" IPDN="L.A6T8aa5baSUx" performance="main" grossFee="-864384405.57"
                     modifier="B" IPI="ePOmtMDI71E9R6ZLlwzG.2" birthDate="2020-04-29Z"/>
                <Participant name="KVvfh2Y" role="performer" IPDN="fDSkDxQ64i0cHWJq" performance="chorus master" grossFee="1026368062.06"
                     modifier="A" IPI="p08xHwQA.iX3D3q3.lpZn2u7neWUjI" birthDate="2019-10-10"/>
                <Participant name="RE8rU2xkFnk" role="composer" IPDN="ostFNu6reVfziModusOgEv2m" performance="soloist" grossFee="-1713745438.38"
                     modifier="B" IPI="Kj4LHCvMI40wfXFFUvafy" birthDate="2020-03-29Z"/>
                <Participant name="xv4EoH5S5cTj0buq1mSRM" role="arranger" IPDN="TLWBmMgWi3urT" performance="soloist" grossFee="-599627497.86"
                     modifier="B" IPI="eRzXBOi2JLxWsqpS-NN" birthDate="2019-09-30Z"/>
                <Participant name="zuX5xk8r3yoihsJCTl" role="sound engineer" IPDN="c" performance="supporting" grossFee="234995973.89"
                     modifier="B" IPI="STgFNqskB" birthDate="2019-05-23"/>
                <Participant name="wzBMZms" role="producer" IPDN="BGDMujQhS7.A9A" performance="supporting" grossFee="-2111498319.97"
                     modifier="A" IPI="L1a" birthDate="2019-07-10Z"/>
                <Participant name="LmTwIhVIkqRRXipaaAXE_sq84a" role="performer" IPDN="CBCPF4BFA" performance="supporting" grossFee="1909778302.53"
                     modifier="B" IPI="m_-QHsuA6AbN2wvF_8" birthDate="2018-11-01"/>
                <Participant name="DvYyOhCXN-sOy-OWNrayTRx" role="producer" IPDN="iXHo96IjNXGOs6NQwKWyRmK" performance="soloist"
                     grossFee="981119213.60" modifier="C" IPI="LHA0_KL8-6UU8cz0ozg" birthDate="2018-11-29Z"/>
                <Participant name="zzqxFhcLQqmnDSfADfA" role="composer" IPDN="TMqOUZHR65GXz4AYTi3LQVLJQYF2p" performance="main" grossFee="-620867704.37"
                     modifier="B" IPI="uuPcLts6gfoGa3GKeDM1" birthDate="2020-01-21Z"/>
            </Participants>
        </Record>
        <Record title="HcF-UIKR2JaKQqf" spins="282452031" ISRC="1833JA5MOK0G" year="8506" producer="HJJgj-l7K-6OgEnFSPdKIEDVpPheU"
             label="ADEWVcUtAieNpdk" recordNo="GroBaqaI" serialNumber="Vx4GT__2RQY-YWP3" isPremiere="0"
             usage="jingle" ISWC="wXo_ePEgZ5cioM8eIr95Won3nS" AKA="_Si5ZUcdTp" genre="composed" broadcastedFrom="2019-11-14T11:21:16Z"
             broadcastedTo="2019-12-31T11:21:16Z" runtime="1251739890" origin="free of charge" alternativeTitle="glnImgnJ5zam-6txD-nI7Bp"
             recordedFootage="1675054872">
            <Participants>
                <Participant name="DtNHEKCnK1LkTfO2" role="producer" IPDN="Zqde" performance="chorus master" grossFee="1946224735.71"
                     modifier="A" IPI="fLu9OKx.4pgK97Pl" birthDate="2019-03-30"/>
                <Participant name="UwSi-Y4ANh" role="composer" IPDN="bDSZnQIJ3rXpVqqV" performance="soloist" grossFee="-249627284.92"
                     modifier="C" IPI="Df1SEMhog85n-q" birthDate="2019-04-23Z"/>
                <Participant name="KZXp5jygO-uH2K6uMa_TTZe7xETWe" role="music director" IPDN="mpdL" performance="soloist" grossFee="1210968366.93"
                     modifier="C" IPI="HYBtn16UBuiGmdwer" birthDate="2020-06-01Z"/>
                <Participant name="rKNGR4ssV" role="performer" IPDN="Hb0QMhAd7" performance="conductor" grossFee="-801423060.15"
                     modifier="B" IPI="y6fQrN6K9uHheMQ16myNVrf7XLZC" birthDate="2019-12-05Z"/>
                <Participant name="C_1Vqm3y6AwsgsNs" role="composer" IPDN="Li.ZeC5OxQX5fO_73fqGi2KGu" performance="main" grossFee="726213076.61"
                     modifier="A" IPI="eniMo" birthDate="2019-12-25"/>
                <Participant name="s9_VB6yAwb0TSyTAuBhVWa" role="composer" IPDN="cgzvHorpS2h" performance="supporting" grossFee="-823157203.93"
                     modifier="B" IPI="uI7zKoGod9QFyOQBJXx_-" birthDate="2020-04-24Z"/>
                <Participant name="se-GDaRsQGzFRuWYYdEEAjNNH6C9to" role="sound engineer" IPDN="IJ0G..Jhlsl7SbAwDhQ." performance="soloist"
                     grossFee="-758987693.00" modifier="B" IPI="Sy2BJdAJ2E3EHfu3kppKi" birthDate="2019-08-23"/>
                <Participant name="KdiFseu6" role="music director" IPDN="BvmyPhff-v" performance="supporting" grossFee="1765068844.98"
                     modifier="C" IPI="Ipn-ETDYszQX945plsB28b-4pSuz" birthDate="2019-07-12"/>
                <Participant name="RH" role="performer" IPDN="ccjA3CzfHkXi2Z66I.6TprNW73Nri" performance="conductor" grossFee="-458318957.68"
                     modifier="C" IPI="IlnRDvYvb" birthDate="2019-07-13"/>
                <Participant name="e7KZOkIUtTJ2MJm" role="producer" IPDN="ozruUC46M" performance="chorus master" grossFee="-1006538878.71"
                     modifier="A" IPI="xRIkF" birthDate="2020-04-10"/>
            </Participants>
        </Record>
        <Record title="IhUt_T8NKKhv323NoHvTjP22RQi" spins="1978591583" ISRC="9JDIG3Q87T07" year="2446" producer="kn0MrV2T1SSS_jeRCuG68iuOu7N"
             label="smzqmfqo3c3cQjaU" recordNo="DDvJ-BK1IN1weKZxAx_So5" serialNumber="edFhoAIdlnKBdr"
             isPremiere="0" usage="commercial" ISWC="BCNWOSPBEYoWHI" AKA="laZ3MkDI" genre="jingle" broadcastedFrom="2020-02-10T11:21:16Z"
             broadcastedTo="2018-09-20T11:21:16Z" runtime="1186760141" origin="commercial" alternativeTitle="ZZlhHos_4nzo"
             recordedFootage="1232714427">
            <Participants>
                <Participant name="jd3fv_eWL-d9EqUWT8FfE3q93xA8f" role="remixer" IPDN="Y" performance="supporting" grossFee="1619150797.05"
                     modifier="C" IPI="x89cRXCbjyvA" birthDate="2018-08-10"/>
                <Participant name="lL6CzLB8iFloE6xXGfNZ3q" role="remixer" IPDN="d.6EDz" performance="main" grossFee="915340486.76"
                     modifier="B" IPI="gTAIv0XE6UojojTpUw7oEz8" birthDate="2018-11-09"/>
                <Participant name="z0Gem6p" role="music director" IPDN="_0FejfB" performance="supporting" grossFee="-972369705.52"
                     modifier="B" IPI="HfQ-h" birthDate="2019-03-09Z"/>
                <Participant name="n" role="remixer" IPDN="XUSVXocJq8eW" performance="soloist" grossFee="2128418046.29" modifier="B"
                     IPI="iD1AZf8p" birthDate="2019-04-25"/>
                <Participant name="Vp1MH.8ScTpm" role="subscriptwriter" IPDN="blTz" performance="soloist" grossFee="-142903164.25"
                     modifier="A" IPI="bNFn" birthDate="2018-09-24Z"/>
                <Participant name="wXuSqw.qWgx" role="scriptwriter" IPDN="ZJzbnFTN.i1OYqtIM" performance="supporting" grossFee="-498637912.61"
                     modifier="A" IPI="j3u_0_YOTR" birthDate="2019-09-25"/>
                <Participant name="s6DDE0ehsbWA5r1L0rRqfDXPN" role="arranger" IPDN="rAu5I8u" performance="supporting" grossFee="-212169542.65"
                     modifier="C" IPI="Ews1NiYS4" birthDate="2019-12-24"/>
                <Participant name="xfo7p55JfDs98T" role="sound engineer" IPDN="c8PR7Yd8aMiKfhO.WXlCT4fedf3pk9" performance="conductor"
                     grossFee="1065170321.86" modifier="B" IPI="FGlk0NKWk1J5F" birthDate="2019-02-12Z"/>
                <Participant name="J-gIXJMA3PrATDAmC-QB7Dvw6W7" role="performer" IPDN="zQ" performance="main" grossFee="1932150652.53"
                     modifier="B" IPI="khEI" birthDate="2019-09-23"/>
                <Participant name="YI" role="sound engineer" IPDN="EI61qVipOi" performance="conductor" grossFee="886182768.43" modifier="B"
                     IPI="VERlAq9inM" birthDate="2018-12-05"/>
            </Participants>
        </Record>
        <Record title="JSFWTCR4sYJ" spins="375865745" ISRC="17X59PAS5P92" year="2503" producer="fEZth7dm6OfReDfCpGLLMXJ1-B7N1"
             label="xmmO2X" recordNo="VSoE7aPC4Jk0B2Sk4T" serialNumber="WrjtiKOUW_HEZAczrVnU737r1.1XL"
             isPremiere="1" usage="commercial" ISWC="iVu3FYEWbSfZutj3nIgd" AKA="A-pIiJdUMk" genre="spoken word"
             broadcastedFrom="2018-10-01T11:21:16Z" broadcastedTo="2019-04-14T11:21:16Z" runtime="2050107353"
             origin="commerce" alternativeTitle="X-tra.Ma0" recordedFootage="279875410">
            <Participants>
                <Participant name="yLsqa5l1fu3FEEzjELY0W" role="subscriptwriter" IPDN="u8JuvNz" performance="supporting" grossFee="1807847962.36"
                     modifier="C" IPI="RAqPwrCUFKssskUQN" birthDate="2018-12-01Z"/>
                <Participant name="ScR" role="performer" IPDN="kpYSwC2-Pb5bAEZPzkycJE4o7X2kz" performance="supporting" grossFee="903319211.47"
                     modifier="A" IPI="YwjU_USI4dytoih9xKSPEqJGKm1ORN" birthDate="2020-04-17Z"/>
                <Participant name="PVzK7U_uQIgtPC-B2h4.U" role="music director" IPDN="B-6A3Oi8zI86pddBD3kgED" performance="supporting"
                     grossFee="1788462804.53" modifier="C" IPI="B2o9" birthDate="2019-08-04"/>
                <Participant name="V" role="music director" IPDN="eZp4m9TMj3oiNG" performance="conductor" grossFee="329868533.96"
                     modifier="C" IPI="v" birthDate="2019-08-19Z"/>
                <Participant name="Y6_PZKC" role="remixer" IPDN="bxKHLXU5PbVsjY0nptDw5W" performance="conductor" grossFee="-450690140.06"
                     modifier="C" IPI="xuSykDdSzGgFllEXI" birthDate="2018-12-06"/>
                <Participant name="cW0865T" role="music director" IPDN="sZrC9O" performance="conductor" grossFee="-838263503.88"
                     modifier="B" IPI="XgQod7osY6Rw5acX" birthDate="2018-08-25Z"/>
                <Participant name="EL8S-H2Lg3JsbNW" role="composer" IPDN="NvxgacNjpmE0k" performance="main" grossFee="532767517.37"
                     modifier="B" IPI="YbID5YlRL7gu5Z3cJKXlOOeaRHb" birthDate="2019-08-30Z"/>
                <Participant name="isvzQYlmCDCzcGPKWc" role="music director" IPDN="zqUWfCQVMk7XSS" performance="soloist" grossFee="1984006757.24"
                     modifier="A" IPI="SkA" birthDate="2019-02-04Z"/>
                <Participant name="oP_" role="arranger" IPDN="M" performance="conductor" grossFee="849899758.11" modifier="A" IPI="LyUFM0IXrNupF.hgfotaHuNuLfYs3V"
                     birthDate="2018-10-09Z"/>
                <Participant name="rL29gWQFbCDUq_8-6LOe" role="performer" IPDN="IpEJCU_y8idEwF02zJPvZPclJH" performance="soloist"
                     grossFee="609893329.02" modifier="C" IPI="SrGY" birthDate="2018-08-10"/>
            </Participants>
        </Record>
        <Record title="Qm6UanbNKRnLVYkanWAN75d.Zzi" spins="1133557167" ISRC="ICJW4FXB70NM" year="2198" producer="etyEwL"
             label="Fi9VFuA" recordNo="Oa6m" serialNumber="GQmqNd" isPremiere="1" usage="jingle" ISWC="BFnQ"
             AKA="BdltuJ248_1yyZeyqQysR" genre="pop" broadcastedFrom="2019-07-27T11:21:16" broadcastedTo="2019-01-29T11:21:16Z"
             runtime="170112916" origin="live broadcasting" alternativeTitle="kEMRyeK.SWzKN" recordedFootage="669802481">
            <Participants>
                <Participant name="_GGKGWnb7lFvaUaDY" role="composer" IPDN="QhYhb" performance="supporting" grossFee="-1108618985.55"
                     modifier="B" IPI="VaHHX3j6" birthDate="2019-09-29"/>
                <Participant name="JAuOHtMRDB67zZtI39r" role="performer" IPDN="jX_qWGu3RkUA" performance="supporting" grossFee="936404305.34"
                     modifier="C" IPI="XHc7Bkp" birthDate="2019-10-18Z"/>
                <Participant name="porQt48rQkE-oJithv_1kIngtf" role="producer" IPDN="EtBm5bmed1WW5" performance="soloist" grossFee="-2108045080.04"
                     modifier="A" IPI="prw2hplz_Cx9Dl64So7" birthDate="2020-01-24"/>
                <Participant name="Z2t5dm2FqZO68CT_1C." role="sound engineer" IPDN="Y1pnWL" performance="main" grossFee="-1500690347.80"
                     modifier="B" IPI="w" birthDate="2020-04-23"/>
                <Participant name="uZ-Wu-1u" role="scriptwriter" IPDN="Ps_" performance="main" grossFee="724925880.64" modifier="C"
                     IPI="j6mxYAQfOA6pb1TCB_" birthDate="2018-07-12Z"/>
                <Participant name="gnluQcV76" role="sound engineer" IPDN="LyXeq.se_OyyksNgoGZ7Tbrg" performance="main" grossFee="-832191573.64"
                     modifier="B" IPI="PPT9Q" birthDate="2019-12-15Z"/>
                <Participant name="IBsYZr5" role="producer" IPDN="vIMbagBw1i" performance="conductor" grossFee="-1641381461.34" modifier="C"
                     IPI="JVuYPPC4r0RYXYIxq6wZ" birthDate="2019-03-06"/>
                <Participant name="GHJd2LJzxh" role="arranger" IPDN="Ap_JSn" performance="supporting" grossFee="-156492077.09" modifier="A"
                     IPI="pqmBH5UAb" birthDate="2019-02-27Z"/>
                <Participant name="njh" role="music director" IPDN="vQcxOmTamnWLluSjPard3EoxMUZc" performance="main" grossFee="-419141931.58"
                     modifier="B" IPI="N9ruc" birthDate="2018-08-13"/>
                <Participant name="U__aSvSAaJIT3iUfQaxHDsSp-" role="remixer" IPDN="oKSOKrbnjEKsxQdrm9giT7K6COtQoR" performance="supporting"
                     grossFee="1777340284.16" modifier="C" IPI="GwQV" birthDate="2019-04-18Z"/>
            </Participants>
        </Record>
        <Record title="guoT9" spins="510744871" ISRC="H030P970F3OY" year="7481" producer="hL" label="J-Tr72N.U.c2dJ"
             recordNo="YGWCBXfPXz" serialNumber="PTCaMo2TvZa0ZiuKFyyjZCb3_f" isPremiere="false" usage="broadcast"
             ISWC="ivZX1nuexLoqkD5X1xy.vdJ" AKA="b5eJD0_5CCa3gEAXwr94Z4" genre="commercial" broadcastedFrom="2019-03-25T11:21:16Z"
             broadcastedTo="2018-08-29T11:21:16Z" runtime="1978086974" origin="live stream" alternativeTitle="RdUUGNb8ISuIxlo4Fj-nmyaoQ.K"
             recordedFootage="180984927">
            <Participants>
                <Participant name="xR3GgTJLnNYxj" role="performer" IPDN="e1oX_Y" performance="conductor" grossFee="327610742.50"
                     modifier="B" IPI="H.vu" birthDate="2018-10-26Z"/>
                <Participant name="KBDi" role="sound engineer" IPDN="vG4" performance="supporting" grossFee="-1864760758.18" modifier="C"
                     IPI="T9kniQDfzmfJFl1fjUdAYCVCYobw" birthDate="2018-10-17"/>
                <Participant name="r7g7hHOUciJAbzOXlicEHrcbJyd" role="music director" IPDN="raFd1F0S" performance="conductor" grossFee="138295223.22"
                     modifier="B" IPI="i0Nz24ZUzLsN8U3PVv-" birthDate="2019-10-06Z"/>
                <Participant name="PpUZD1kVih-87bUeuc" role="remixer" IPDN="QPS2jNidUY2fmk1NxHroY" performance="conductor" grossFee="-1323266096.60"
                     modifier="B" IPI="cCWwdtetyUPhsx0x1B.EmR1lcphj2" birthDate="2018-08-28"/>
                <Participant name="qPdAHD9PPwAUnJgsee" role="arranger" IPDN="LQ4GMzK" performance="chorus master" grossFee="512884289.31"
                     modifier="A" IPI="myv0" birthDate="2019-09-12"/>
                <Participant name="BjNf.xpGYV0i7OjPgg.3o" role="composer" IPDN="QJV6UwidMgGZXE80" performance="main" grossFee="1458826060.16"
                     modifier="B" IPI="RLjCCu9HTtnYogH.m" birthDate="2020-01-06"/>
                <Participant name="SBOKNxeOcbieA7QXBWOEZ" role="remixer" IPDN="u7.YHClO-f1rvvtbL" performance="main" grossFee="-1389051908.95"
                     modifier="C" IPI="jmNYYLR" birthDate="2020-06-27Z"/>
                <Participant name="F4M9V7b" role="composer" IPDN="kUwJtM87VbeRcCKDc5lFE" performance="supporting" grossFee="1023899595.48"
                     modifier="B" IPI="Oaaa0q1nXE0LDE" birthDate="2019-12-14Z"/>
                <Participant name="u0" role="music director" IPDN="QEvzwXe.aYaaaCCJK8yM" performance="main" grossFee="718429501.84"
                     modifier="B" IPI="nY3P2DESLsLTuQ" birthDate="2020-04-30Z"/>
                <Participant name="tgFbwXN4-drOm" role="music director" IPDN="mgeBS9jAJ3irVzhlj1Y0nL-35Qpz" performance="chorus master"
                     grossFee="662539421.26" modifier="C" IPI="rTre1o63tNPgeZ7bUK-19_io9rl" birthDate="2019-07-09Z"/>
            </Participants>
        </Record>
    </Record>
    <Simulcasting from="2018-09-08T11:21:16Z" to="2019-03-27T11:21:16Z" station="k1sJJH-Atoe3fl"/>
    <Simulcasting from="2019-12-07T11:21:16Z" to="2019-06-17T11:21:16" station="cbqOvxF11lfSgaIo"/>
    <Simulcasting from="2020-06-01T11:21:16" to="2019-10-24T11:21:16Z" station="sKJ_u1CJwtRBmNagaU.NTLfOvFdR2R"/>
    <Simulcasting from="2018-09-17T11:21:16" to="2019-12-04T11:21:16" station="jLuETkv.o.yrj.-HG9tcvDooS18H5A"/>
    <Simulcasting from="2020-02-29T11:21:16" to="2019-11-19T11:21:16" station="LE"/>
    <Simulcasting from="2019-10-22T11:21:16Z" to="2020-06-25T11:21:16" station="pIZMxv.Nx.6Z2cX"/>
    <Simulcasting from="2018-07-12T11:21:16" to="2019-08-07T11:21:16" station="QT_9lUBl.bdBwimJDTv5"/>
    <Simulcasting from="2018-12-07T11:21:16Z" to="2020-06-14T11:21:16" station="P16LckVO6iyDFbD53.nhc1kW9zn"/>
    <Simulcasting from="2018-07-19T11:21:16Z" to="2019-08-22T11:21:16" station="Jc1BI4X-k"/>
    <Simulcasting from="2019-04-03T11:21:16Z" to="2018-09-14T11:21:16" station="Bf5WxY3l5qdMv4Il9Ei"/>
    <Record title="ShTp" spins="1069211011" ISRC="S92E8FKNUY60" year="7768" producer="d.0_on" label="q-nq" recordNo="foACDOe2Pbxqr2YD"
         serialNumber="G7JJ_iIxxbxs" isPremiere="1" usage="commercial" ISWC="cpZmi9XwCe0FskEhu7_nwXrHWREap"
         AKA="iI62sxBFXxzNSprR1VyRXR" genre="spoken word" broadcastedFrom="2019-01-26T11:21:16" broadcastedTo="2019-06-25T11:21:16Z"
         runtime="978469347" origin="recorded stream" alternativeTitle="uizrjIl8sTeCOr6lWfou1cDgBD_YN"
         recordedFootage="910193891">
        <Participants>
            <Participant name="MR6KDSP4c6ccybhYKE72" role="performer" IPDN="aaFnTioJxofRTXzh08q." performance="supporting" grossFee="734331952.32"
                 modifier="C" IPI="vuBGo" birthDate="2020-02-21Z"/>
            <Participant name="EgkUdMLGqCb3" role="remixer" IPDN="vH5" performance="soloist" grossFee="-343748543.23" modifier="B"
                 IPI="h0WQzGytbx93vVg.BLI0Vt4" birthDate="2018-12-07Z"/>
            <Participant name="OJ1jIFO" role="remixer" IPDN="T9" performance="chorus master" grossFee="-490653169.47" modifier="C"
                 IPI="SYL_7syG5deJ_gJmh-SZ-eNHyh1" birthDate="2018-07-21"/>
            <Participant name="JeDlcVbHajDYG86" role="sound engineer" IPDN="Vrl8hKLUXeH" performance="soloist" grossFee="1793346020.13"
                 modifier="B" IPI="Y" birthDate="2018-12-01"/>
            <Participant name="dFm7z5xSo7W0uENsTKUKf-SRC1xE" role="music director" IPDN="xKaTE4LVGOSstAgjZkg" performance="conductor"
                 grossFee="-1027379631.08" modifier="B" IPI="rV" birthDate="2018-10-17Z"/>
            <Participant name="FE6XfugPBkI58efUHXIBLXcGi9Y" role="performer" IPDN="QRct" performance="supporting" grossFee="-1056673768.87"
                 modifier="A" IPI="GXdA" birthDate="2019-07-15Z"/>
            <Participant name="lat6PC7Bp-CwpFBnekB4nCP1PWT" role="subscriptwriter" IPDN="KzxzDg2Yhe120G9DcW" performance="soloist"
                 grossFee="-746810427.87" modifier="C" IPI="WqaOSJL4" birthDate="2018-07-15"/>
            <Participant name="RirV" role="composer" IPDN="SGqZW4b2FaaS7ptGBwauJNoilu8" performance="chorus master" grossFee="-550246161.31"
                 modifier="A" IPI="ZuVCQvACBjelJT" birthDate="2019-09-18Z"/>
            <Participant name="NUZO0DybM" role="producer" IPDN="g02fBVr" performance="conductor" grossFee="1986835020.06" modifier="C"
                 IPI="pHccLtPvpqSM0Pg.w79Ze" birthDate="2019-03-28Z"/>
            <Participant name="P2Dbakzv2.-voH" role="sound engineer" IPDN="j2Ul" performance="main" grossFee="-1654079165.83"
                 modifier="A" IPI="bpNcelTl_Y" birthDate="2019-11-01"/>
        </Participants>
        <Record title="jxwHoY" spins="365953875" ISRC="1DBV54W19SE1" year="3203" producer="Zn" label="nEJg.wmK-wC7hD"
             recordNo="H3AE8VSyks" serialNumber="ZWb16J9rQ35xzVDezykl2.6pS-9Y" isPremiere="1" usage="commercial"
             ISWC="W" AKA="Lqh2ZpIBfXeYJdcioT" genre="pop" broadcastedFrom="2019-12-14T11:21:16" broadcastedTo="2019-06-09T11:21:16Z"
             runtime="504739281" origin="live broadcasting" alternativeTitle="_dGQtkFJkTD.Zg.Fvno" recordedFootage="2049613042">
            <Participants>
                <Participant name="eKoPMHvqJid." role="performer" IPDN="Z2wa9H0QL1SPCyQwspOgP8d" performance="chorus master" grossFee="1303642269.25"
                     modifier="A" IPI="zs4yJN-XWVbyjKNtroQXvNx" birthDate="2020-01-03Z"/>
                <Participant name="RHeioO2CPsIJLluGHqUhmthqAkm." role="subscriptwriter" IPDN="EfXaq4ICRPttFrX" performance="supporting"
                     grossFee="1718453860.71" modifier="A" IPI="dRqmAUPTL.qqY.-DK.uWU" birthDate="2020-05-13"/>
                <Participant name="j586Es3Dhs" role="music director" IPDN="EJJUl9owX0QIBBZrwwdm" performance="soloist" grossFee="-1380689424.11"
                     modifier="A" IPI="hHJWV5WNl-WBbfZ" birthDate="2018-12-20Z"/>
                <Participant name="TkVbYXqzH-p.aI" role="producer" IPDN="fk" performance="main" grossFee="1224236198.86" modifier="A"
                     IPI="CcMtFumGVo98x3cCnVMAC1wrkEI7oC" birthDate="2019-06-24Z"/>
                <Participant name="MT.t1kiKHkBHBkP65je" role="producer" IPDN="a4nLY6fg9Jwc" performance="soloist" grossFee="743414626.71"
                     modifier="C" IPI="KuLb7m1tWcs" birthDate="2019-02-24Z"/>
                <Participant name="U79FG_lSGWPOPLpgdioI2q" role="sound engineer" IPDN="kCM2ob" performance="supporting" grossFee="-1571432125.26"
                     modifier="C" IPI="AOgTpy-SQMkQ-JQAbSOyRz9k95lpv" birthDate="2019-03-05Z"/>
                <Participant name="Ov_mL2358BlBs13JU-v0QG2Rclw" role="remixer" IPDN="v8AF3eim3hmAX3QH6I" performance="chorus master"
                     grossFee="-1722678814.81" modifier="B" IPI="nluNP8ZilfkWCdkt9o140-fP3h4_q" birthDate="2020-03-06"/>
                <Participant name="Pm6M61WLYZ4crO-OZZ1VQ.arIIZx" role="remixer" IPDN="uraqcTRUM0vuAZYXOhtw" performance="supporting"
                     grossFee="613637929.07" modifier="B" IPI="P" birthDate="2019-08-07Z"/>
                <Participant name="zvsKp_hjm04F" role="music director" IPDN="ZXNkDtGQUlzXSSeaSh" performance="chorus master" grossFee="1513599275.66"
                     modifier="B" IPI="qWFCNub7PM11VQ7N4Adl7bjS" birthDate="2019-02-25"/>
                <Participant name="UX8rh8m-r8" role="remixer" IPDN="QD_upF04T2TVcoQuy" performance="soloist" grossFee="490438260.89"
                     modifier="C" IPI="Uk3nDDiDiVYXUZmI_nO4T2UlK" birthDate="2018-12-18Z"/>
            </Participants>
        </Record>
        <Record title="e3kRTt" spins="1894878695" ISRC="02TX890KMEK1" year="4617" producer="pictwQoRvlSzzsPmJpG4_ei-MN"
             label="z1zf-hQ4.qKbvaDN-Wh" recordNo="Ad_9Bs0wzKHUbci" serialNumber="ZaqRHVFimEOhL" isPremiere="true"
             usage="commercial" ISWC="G40" AKA="LOuAwD.n-BLX.9Svb45TC5vd7" genre="jingle" broadcastedFrom="2019-09-10T11:21:16Z"
             broadcastedTo="2019-04-25T11:21:16Z" runtime="1611922424" origin="report" alternativeTitle="ki4IY_UQ"
             recordedFootage="1993445616">
            <Participants>
                <Participant name="phXI8RTjpvEf2OUZ" role="remixer" IPDN="GibrIiZhCmu" performance="chorus master" grossFee="-1014986281.28"
                     modifier="B" IPI="vIqoS" birthDate="2019-10-26Z"/>
                <Participant name="IyuHj.zJykAFq5C-WY" role="music director" IPDN="G.LzUhdPnGNWyCeygd4AMZim4tD0k" performance="supporting"
                     grossFee="297671254.00" modifier="B" IPI="yrc6uCnZh62vVl0GcL9czeTyf3_" birthDate="2020-05-18Z"/>
                <Participant name="Exz7A" role="scriptwriter" IPDN="yZ50frRj4VXv" performance="chorus master" grossFee="615461794.00"
                     modifier="C" IPI="rw.E2LO-ECKmek7j." birthDate="2019-03-03"/>
                <Participant name="VvopJcg6wRit41WFQEVNG4" role="arranger" IPDN="fOTqJts9w" performance="chorus master" grossFee="-543567362.97"
                     modifier="A" IPI="fP" birthDate="2019-06-05Z"/>
                <Participant name="_.a7Z" role="remixer" IPDN="Iq6mNUuTExCKrmUWitnJWUy3G" performance="supporting" grossFee="553788017.70"
                     modifier="C" IPI="_" birthDate="2019-06-23Z"/>
                <Participant name="N" role="sound engineer" IPDN="UPVcFFn1qqv7PJzqZ9y8XO1htRM" performance="supporting" grossFee="-554023097.19"
                     modifier="B" IPI="UG1RllgjDpC" birthDate="2019-03-05Z"/>
                <Participant name="d.RyB3MM" role="music director" IPDN="dvnwr1jAKiJlU73WpY6_" performance="conductor" grossFee="368853778.62"
                     modifier="A" IPI="TyQWk4CXC5hX7Zw8OUq332r" birthDate="2019-09-22Z"/>
                <Participant name="H0SfAa6r8Gh7YFNvr3u2E.9xOjd-3w" role="composer" IPDN="DnzIV8W8.72H__b5wAqwYD9Pg6" performance="soloist"
                     grossFee="-1695809293.19" modifier="A" IPI="TOqxKnBv6lS2PIG_q9WwUU6b0qi6n" birthDate="2020-01-30Z"/>
                <Participant name="JNCVxEb2WH4iy" role="producer" IPDN="PeF-dnEy_dbxhAnJ" performance="supporting" grossFee="-269308173.27"
                     modifier="B" IPI="A.i_q-FQ2CQaxPLeFeb.VXjkZLRB-R" birthDate="2019-11-02"/>
                <Participant name="leYvrOm" role="arranger" IPDN="f0HatTkc" performance="chorus master" grossFee="754757466.78" modifier="B"
                     IPI="mvgG-HtenQAglF20lzObqQ" birthDate="2019-06-09Z"/>
            </Participants>
        </Record>
        <Record title="m0sync.PRPRjIId3" spins="516965266" ISRC="V2R5U2A8BS9U" year="6885" producer="VNG5ZiAbkG" label="fipvI6rX0GGsbBq1yKZ"
             recordNo="YPfrIJcZGBUPN34FCkUFuKlrpf" serialNumber="Dc2f." isPremiere="false" usage="broadcast"
             ISWC="wXV-EEWQyVYuSCip_njAP8y" AKA="YmtSRw6Q4LBAoLbnP0YsKHPV" genre="composed" broadcastedFrom="2018-07-26T11:21:16"
             broadcastedTo="2018-07-10T11:21:16Z" runtime="1628568062" origin="free usage" alternativeTitle="ueLCTZCbcq"
             recordedFootage="68131107">
            <Participants>
                <Participant name="XdG3z" role="arranger" IPDN="k" performance="main" grossFee="1404671720.46" modifier="A" IPI="lA2qXI5u3vSH"
                     birthDate="2019-01-30"/>
                <Participant name="DA_" role="producer" IPDN="sLvHcr4QzPY" performance="soloist" grossFee="-1450475840.58" modifier="B"
                     IPI="d14lHyi1As.QAo0ydip" birthDate="2018-10-21"/>
                <Participant name="F4g1" role="arranger" IPDN="XyGxnW2tanAO7" performance="supporting" grossFee="-647832225.35" modifier="A"
                     IPI="Q" birthDate="2018-12-28Z"/>
                <Participant name="cyLzdZilvwnuYcLs6MFYrhvL9" role="subscriptwriter" IPDN="s0F7miNTOiMvQ" performance="soloist" grossFee="2032576056.96"
                     modifier="B" IPI="l4E6Fffnycf" birthDate="2019-06-16"/>
                <Participant name="Lr9-Q1uGP" role="composer" IPDN="m-GDNIcYD" performance="conductor" grossFee="-216626658.72" modifier="A"
                     IPI="T-5SRYvx7LQfLjFn-6U" birthDate="2020-02-18"/>
                <Participant name="TYlCsD4" role="remixer" IPDN="vQtjWI2QnR9Z243Ct" performance="main" grossFee="-1636156179.13"
                     modifier="C" IPI="IWrpc" birthDate="2019-02-18"/>
                <Participant name="rJBw17P_b_BbCb8akPWcl6XqU" role="arranger" IPDN="cSwJBh6sXVGr_B" performance="soloist" grossFee="887484691.41"
                     modifier="B" IPI="w" birthDate="2020-06-13Z"/>
                <Participant name="Sc" role="remixer" IPDN="H" performance="soloist" grossFee="-257499387.72" modifier="A" IPI="_lix"
                     birthDate="2020-06-01"/>
                <Participant name="b" role="producer" IPDN="tcSm0kRPYT9OHk_hG9_NrIlL1LhtUj" performance="soloist" grossFee="297243919.05"
                     modifier="A" IPI="N8Ly" birthDate="2020-01-24"/>
                <Participant name="B2" role="music director" IPDN="L9ZijwFeSUqXnDXDyu" performance="supporting" grossFee="-1382752766.06"
                     modifier="C" IPI="Yk9" birthDate="2019-03-26Z"/>
            </Participants>
        </Record>
        <Record title="Qmy" spins="631145937" ISRC="2Z416D83IM2A" year="0827" producer="Z.0QbbC9rv6_U55I7A8W0MbzV1fcf-"
             label="ihFneH1G1" recordNo="zcPtPz4BHzQkJF" serialNumber="m" isPremiere="true" usage="jingle"
             ISWC="g1XoERmJDQ7wl4i17" AKA="uz2nJdl-3C5CfT5" genre="commercial" broadcastedFrom="2019-02-03T11:21:16"
             broadcastedTo="2020-02-07T11:21:16" runtime="1123770710" origin="commercial" alternativeTitle="E.iN9MX6mG"
             recordedFootage="1122164850">
            <Participants>
                <Participant name="tHqawo" role="subscriptwriter" IPDN="pq4ejFnY4-De43qEs0qu0zS.nSZ" performance="conductor" grossFee="1826979433.77"
                     modifier="A" IPI="_J" birthDate="2018-07-23"/>
                <Participant name="ThpCYtcv0YQ9s-ctcrLjt.E0" role="arranger" IPDN="Dj" performance="soloist" grossFee="-8581822.83"
                     modifier="C" IPI="O16ImhmOalrdWDlTJW-DyXES" birthDate="2019-06-01"/>
                <Participant name="_sH5xQnNYXiNx" role="scriptwriter" IPDN="Teic" performance="supporting" grossFee="1128280893.37"
                     modifier="A" IPI="Lk8vgarFRSKBnYqNYg7P" birthDate="2019-07-03"/>
                <Participant name="DhLt3KDHBFsnb59Q8" role="subscriptwriter" IPDN="pZQfTlIaCrS" performance="supporting" grossFee="-463797843.80"
                     modifier="C" IPI="E6ksV" birthDate="2018-11-02"/>
                <Participant name="RYY7x" role="scriptwriter" IPDN="gX" performance="main" grossFee="-11405320.21" modifier="A" IPI="Iqh3979"
                     birthDate="2018-11-10"/>
                <Participant name="kqnY5xGQSEW7z6jzzhSzX.4" role="producer" IPDN="Or8A" performance="main" grossFee="308306122.96"
                     modifier="B" IPI="hnnU9Y" birthDate="2019-07-03"/>
                <Participant name="u_uU0MW3YjBWu" role="scriptwriter" IPDN="XTEcSG" performance="chorus master" grossFee="276728666.97"
                     modifier="A" IPI="qEeyWaRrOpfHoLN.XxBFD" birthDate="2020-06-18Z"/>
                <Participant name="fMEZLvq.jULDtCmzS" role="music director" IPDN="dPrrJOQu9pUPczRO2S6C" performance="supporting"
                     grossFee="-1451658553.40" modifier="C" IPI="pjCQPZ" birthDate="2018-08-18"/>
                <Participant name="IWvKjK_YuZ1ql-.GaXRBUvx" role="producer" IPDN="vmOiZPq7sgE" performance="supporting" grossFee="1301708233.92"
                     modifier="B" IPI="pHnS" birthDate="2019-03-21Z"/>
                <Participant name="e0LwTm" role="composer" IPDN="ZSXWomNZE5WFddEW" performance="soloist" grossFee="-497164034.24"
                     modifier="B" IPI="rU33iP0." birthDate="2018-09-14"/>
            </Participants>
        </Record>
        <Record title="cRgs0js" spins="1637440067" ISRC="480KEASC20Q4" year="4558" producer="Fc" label="VPiHT2" recordNo="u3qd.6UT"
             serialNumber="ka1JFnAoBlwL" isPremiere="1" usage="jingle" ISWC="R2rzKgzBs.OCjX4MZJvkkv"
             AKA="i5WbgKAVqL75ppDK9dTpMu95DfO" genre="composed" broadcastedFrom="2018-08-28T11:21:16"
             broadcastedTo="2018-11-29T11:21:16Z" runtime="104756663" origin="self" alternativeTitle="P8Cq2P"
             recordedFootage="369378433">
            <Participants>
                <Participant name="fSc2dlHiZNnU3i2myxfdY" role="producer" IPDN="g1s90O1CTU58KaNIgPdx5su" performance="soloist" grossFee="-1536390743.40"
                     modifier="A" IPI="m" birthDate="2019-04-25Z"/>
                <Participant name="aKe-FqCmUyLszP7J17fSmIYf-" role="sound engineer" IPDN="qLiq1-pLrSPw" performance="supporting"
                     grossFee="-1191841910.58" modifier="C" IPI="V9loL1W" birthDate="2020-06-14Z"/>
                <Participant name="Cxt27CcBvVWznItVQOx.wvwHUSgFsp" role="subscriptwriter" IPDN="yxc4rt" performance="soloist" grossFee="-727050595.48"
                     modifier="B" IPI="qxpI_f" birthDate="2019-09-16"/>
                <Participant name="gw" role="remixer" IPDN="KPtqBTEhZsQdMWbrQz1fi8_" performance="supporting" grossFee="1846976195.72"
                     modifier="B" IPI="j" birthDate="2019-05-11"/>
                <Participant name="Go" role="composer" IPDN="Fvfj" performance="chorus master" grossFee="1139300017.72" modifier="B"
                     IPI="akYfAdufJ-qd" birthDate="2019-01-30"/>
                <Participant name="lrDMMF6LFbJCd1pqeqrQQPT7" role="producer" IPDN="lKsI_k-qzFBX2-fUUcp.ZxsItqrqZl" performance="main"
                     grossFee="537143225.21" modifier="A" IPI="Q9" birthDate="2019-12-30Z"/>
                <Participant name="zx6eq6pjyp3V_" role="producer" IPDN="sZq2cgH9igIb2onQ_ItLK" performance="main" grossFee="884028702.17"
                     modifier="A" IPI="wbRNoebKLt" birthDate="2020-04-25Z"/>
                <Participant name="DAEG99vbrn3csPQebvoxYAHMmHpu" role="scriptwriter" IPDN="m7uGlyksorUwc" performance="soloist" grossFee="1927632991.50"
                     modifier="A" IPI="GOdMGXl_dPvTYG21Vh2PvqTJ3cCOM" birthDate="2019-04-15Z"/>
                <Participant name="fYrcKmeun3_3qe4x0p2_wKXDZi" role="composer" IPDN="hkvncu3L" performance="chorus master" grossFee="1190049208.42"
                     modifier="C" IPI="n_uAF33d-H" birthDate="2020-06-13Z"/>
                <Participant name="kfGwUGxcSeO222n3i" role="subscriptwriter" IPDN="Y6G1AKy39ue4Ksda" performance="soloist" grossFee="333540113.45"
                     modifier="C" IPI="hCc-" birthDate="2018-11-26Z"/>
            </Participants>
        </Record>
        <Record title="EEKy5oin" spins="1029677096" ISRC="MUCOL799IA5O" year="6284" producer="Pv9jBe5cOf6tZa_HwKqS-"
             label="NFmpv1" recordNo="ukXL0aRrpttX8CehWKqq7Kc5I-Wu" serialNumber="_O9jSh5gYMd_vVSZsMxFE61YoZgX"
             isPremiere="0" usage="jingle" ISWC="boHWM_sZ5ov" AKA="hFh.Py-Wuc" genre="spoken word" broadcastedFrom="2020-02-07T11:21:16"
             broadcastedTo="2020-05-14T11:21:16" runtime="346408235" origin="free of charge" alternativeTitle="Llh_XQ3vaYd5DS"
             recordedFootage="825600541">
            <Participants>
                <Participant name="QjxlO" role="scriptwriter" IPDN="N450Oi42vSxFlduaGdWql4P0JBI0" performance="chorus master" grossFee="98427066.74"
                     modifier="A" IPI="nKS8C8hFjQDOtZkb8m2eGM.FC" birthDate="2019-07-07"/>
                <Participant name="AyhaShUFBfNy2mJn_RIcZ0meYX" role="remixer" IPDN="U" performance="supporting" grossFee="-938193753.11"
                     modifier="B" IPI="qMA4Kl_ZzcucrmTeyl" birthDate="2018-10-06"/>
                <Participant name="BF" role="performer" IPDN="CHY6" performance="conductor" grossFee="585398613.58" modifier="A"
                     IPI="js04EiTzrrrrmPlQjz" birthDate="2020-05-01Z"/>
                <Participant name="p" role="arranger" IPDN="kxDFrNAQZaQegvLbyUI" performance="soloist" grossFee="1017422278.46" modifier="B"
                     IPI="Q0A9njNC95SusEcVcuwtpe9J6J2AX" birthDate="2019-08-27Z"/>
                <Participant name="SqwdC80" role="performer" IPDN="Ny_pO2siWmh" performance="supporting" grossFee="941068164.48"
                     modifier="B" IPI="k-vS8jzd9aEaJ2_FOd" birthDate="2019-06-14Z"/>
                <Participant name="C" role="music director" IPDN="mENM2Keo5vGgMsD" performance="chorus master" grossFee="-1235349800.48"
                     modifier="C" IPI="xmVSPfGz.LyB" birthDate="2018-11-06"/>
                <Participant name="u052I0Q6K" role="composer" IPDN="gwazKoUln3N9hI3OceYz" performance="main" grossFee="963957040.89"
                     modifier="B" IPI="_2fBS..yZ7GsqZBu_goiyQwY" birthDate="2020-04-13"/>
                <Participant name="jJgf0wBx" role="composer" IPDN="AbWt1Y5d2G9-yT-LWQFZtnd" performance="chorus master" grossFee="366344968.65"
                     modifier="A" IPI="UcIiFpfpoY01f2VT" birthDate="2020-02-11Z"/>
                <Participant name="aC8MnFU4yG6" role="producer" IPDN="vGD2Oh2LL6" performance="supporting" grossFee="1791250361.88"
                     modifier="C" IPI="vh7hnGKxJE9oU2Xw-3Wz78" birthDate="2020-06-02"/>
                <Participant name="EGunJ6GZCr539I" role="subscriptwriter" IPDN="j8eeMWnWA6" performance="conductor" grossFee="1616953825.05"
                     modifier="B" IPI="JpCL51aau2LKGB." birthDate="2019-07-21Z"/>
            </Participants>
        </Record>
        <Record title="Rm0kAmsJ_d9JtJqMtxph" spins="550806604" ISRC="AC9LQ6V7R280" year="4964" producer="MTiSn" label="l7wv59ioCY3bbxUgqtdES0gsftMY"
             recordNo="M" serialNumber="MpPJsbK" isPremiere="true" usage="commercial" ISWC="SAJazZ6FbsxvrYJ5h.wjyO"
             AKA="lOQbHyNbT.-LiSICn_xpQ" genre="composed" broadcastedFrom="2018-08-01T11:21:16Z" broadcastedTo="2018-08-14T11:21:16"
             runtime="2145184485" origin="recorded stream" alternativeTitle="J9e3hhSQ6" recordedFootage="1056146984">
            <Participants>
                <Participant name="hs3r-gchPi" role="sound engineer" IPDN="kkw1f87kWxewe6agqO7_Le5NmraOpW" performance="supporting"
                     grossFee="-49443079.88" modifier="C" IPI="RgwkT1VS" birthDate="2019-06-22Z"/>
                <Participant name="W9RHXA3J1ASiSXK1jq8J_0hL-5Qw" role="remixer" IPDN="UQNlof8yjR" performance="soloist" grossFee="-550783634.82"
                     modifier="A" IPI="JXYrt" birthDate="2019-05-08"/>
                <Participant name="mJohLnYiqaJJ" role="subscriptwriter" IPDN="SGSVET55GTNuXNo6JfJPk7" performance="supporting" grossFee="-1815011904.37"
                     modifier="B" IPI="_I" birthDate="2019-02-12Z"/>
                <Participant name="yu9qrt-.6M8gY.r" role="music director" IPDN="qw" performance="supporting" grossFee="-1028142508.01"
                     modifier="C" IPI="o_UNtGnwwMOpnogAhY8UW2auI" birthDate="2019-05-16"/>
                <Participant name="XEGyvnwh5I" role="arranger" IPDN="jgEaB-_EKWveQkRlTgISlbz1" performance="conductor" grossFee="-874081545.28"
                     modifier="B" IPI="o2m.DPP" birthDate="2019-05-22"/>
                <Participant name="bxv1JOPbvn2O1p5UQdv1e" role="performer" IPDN="db0rIcf5JNpRPdim86CVe6f" performance="main" grossFee="182989742.37"
                     modifier="C" IPI="jsPSN" birthDate="2019-02-23"/>
                <Participant name="wL4o" role="subscriptwriter" IPDN="tmycRFuArtheKvYKZSzPgEIrjpClq" performance="chorus master"
                     grossFee="54007410.00" modifier="C" IPI="hLKB6w9bLFcg.0Z1k6I0Q33" birthDate="2018-08-03Z"/>
                <Participant name="VRPY" role="music director" IPDN="O1n2.Dcktofx5d6" performance="conductor" grossFee="1057245383.76"
                     modifier="A" IPI="RrFCx_7X3" birthDate="2018-07-12"/>
                <Participant name="it8q-odr" role="sound engineer" IPDN="qoupN93ypEw" performance="supporting" grossFee="1529762172.26"
                     modifier="B" IPI="Iqv0mgY" birthDate="2019-03-30"/>
                <Participant name="V0_RZT_Y-P5ghENct7LdTw9" role="remixer" IPDN="iMye28tq7aWTja7" performance="main" grossFee="509800424.78"
                     modifier="A" IPI="i-0" birthDate="2019-08-06"/>
            </Participants>
        </Record>
        <Record title="GP" spins="1680475872" ISRC="XDZA1I486SD4" year="8243" producer="uXm_qMka25.cZct72Q96ku1Fo" label="W5T45hAIymusFgcwxIdk"
             recordNo="ieIyR-KQqcTzauaDs" serialNumber="WxSNyXs" isPremiere="1" usage="jingle" ISWC="sZ70"
             AKA="siGV69QaX." genre="spoken word" broadcastedFrom="2019-03-13T11:21:16" broadcastedTo="2019-05-22T11:21:16Z"
             runtime="1285518749" origin="commerce" alternativeTitle="T_H3nRlKJIbKyUD" recordedFootage="358710114">
            <Participants>
                <Participant name="Ingb3fu6zvwxLHWEP" role="composer" IPDN="ZZ" performance="main" grossFee="-1472779626.73" modifier="A"
                     IPI="lYmWQs5icTd" birthDate="2019-11-26"/>
                <Participant name="dp9yzvB3U" role="scriptwriter" IPDN="UF7Iab1Ca" performance="soloist" grossFee="-1022365335.28"
                     modifier="A" IPI="JQ1Ng2JwZPFtS" birthDate="2018-09-07"/>
                <Participant name="szc-9QyWnmIaH6RVqmnvsfUv_Y" role="subscriptwriter" IPDN="AER.WzaloR3z5qy" performance="soloist"
                     grossFee="-307169433.26" modifier="B" IPI="TM1BCmw" birthDate="2018-10-11Z"/>
                <Participant name="AK0F53aaIDA2PJsNb" role="scriptwriter" IPDN="_LjYV31zVWB6gVmvsmhRtiz3FXir2" performance="chorus master"
                     grossFee="-643295539.94" modifier="A" IPI="Q" birthDate="2019-10-08"/>
                <Participant name="V" role="music director" IPDN="FKhdc" performance="chorus master" grossFee="1405950627.73" modifier="A"
                     IPI="LLJxYdvei" birthDate="2019-11-24"/>
                <Participant name="Qnc2nTrAImBzkZ7x" role="subscriptwriter" IPDN="nzqrEZHpm6NmvL1zsM1kUR60rblQkx" performance="conductor"
                     grossFee="661738382.59" modifier="C" IPI="aq3icP8hSE" birthDate="2019-05-27Z"/>
                <Participant name="yyQmkcD" role="sound engineer" IPDN="rB1cUJPMhj-40mVTgrlLmP12nLjhk" performance="supporting" grossFee="-1784095001.49"
                     modifier="A" IPI="WxxO50_cvK8LYdvJp-7dgxKMtX." birthDate="2019-12-16"/>
                <Participant name="pcQaKjBTGH2pgH-xX.OFT3xIj_FMpJ" role="sound engineer" IPDN="K.gOU" performance="main" grossFee="-1622273960.88"
                     modifier="B" IPI="yffA3efEX" birthDate="2019-11-28Z"/>
                <Participant name="qGwmyXrA-gHLJ1HjadE3" role="composer" IPDN="J" performance="conductor" grossFee="-261129073.37"
                     modifier="B" IPI="nxjw8XFRX" birthDate="2020-06-21"/>
                <Participant name="hfgTcRvZrLfwfQG67M-R" role="performer" IPDN="Ak6_4eA" performance="soloist" grossFee="1638068113.09"
                     modifier="C" IPI="N" birthDate="2018-12-24"/>
            </Participants>
        </Record>
        <Record title="xtOwKvdAxD3ZFfNcmaLPO5Di8" spins="394472357" ISRC="89815MG3K6H5" year="2148" producer="vc-MPDouEi-"
             label="OxMkB5yM_CAO" recordNo="v" serialNumber="AWfOFWtB" isPremiere="1" usage="commercial"
             ISWC="QWjUEWy" AKA="mEztXXMxm25rN39jNMTP" genre="composed" broadcastedFrom="2018-11-20T11:21:16"
             broadcastedTo="2020-06-08T11:21:16" runtime="1730123157" origin="live stream" alternativeTitle="CMnD7nvS"
             recordedFootage="1874416997">
            <Participants>
                <Participant name="UkLmemE" role="composer" IPDN="aVukoRZYjAMbuBj" performance="supporting" grossFee="-776551055.94"
                     modifier="A" IPI="Pby5Mg" birthDate="2019-03-17Z"/>
                <Participant name="qBkhbm6dWkV9una0eZtMDta0p" role="composer" IPDN="bvRyKotNf0lw00q" performance="soloist" grossFee="1206313074.61"
                     modifier="A" IPI="UmdKr" birthDate="2019-07-17"/>
                <Participant name="WwX" role="remixer" IPDN="bv6C_pLeH7GUnjfNDF" performance="conductor" grossFee="-869873251.69"
                     modifier="B" IPI="iScVtT" birthDate="2019-09-02"/>
                <Participant name="Ca-XDVFC2OBotSSR9.4R5AKCnh0rk" role="music director" IPDN="I10Kl6B8Cj5IqVjcMW7D" performance="soloist"
                     grossFee="855865925.52" modifier="C" IPI="e1ZymU" birthDate="2020-01-26"/>
                <Participant name="P5sXIr" role="subscriptwriter" IPDN="V" performance="main" grossFee="-1021574430.75" modifier="B"
                     IPI="PFx12aeHYcB2yC.Aewg36QqZA" birthDate="2018-10-05Z"/>
                <Participant name="G9Mgt" role="scriptwriter" IPDN="R1CJUzkrvbGrw" performance="conductor" grossFee="1371924985.31"
                     modifier="B" IPI="OOfGCzP_YIC8kS-K0DWZJWNly5_" birthDate="2019-05-17Z"/>
                <Participant name="x-YzmhJWECt3GBkhLQxSCUbOZ" role="music director" IPDN="OQNmxD_Uui7UnmA" performance="supporting"
                     grossFee="1803776876.33" modifier="C" IPI="A8-Jj7bQOp8MrLN-H51SqM" birthDate="2019-02-21Z"/>
                <Participant name="Rc" role="music director" IPDN="FIce5dyXRXqA.Ir.jPxdo0" performance="main" grossFee="-1550574147.45"
                     modifier="A" IPI="tCU3gMFs33Q17A54L.dECq-Xjflb_" birthDate="2020-01-29"/>
                <Participant name="zdon_7Q" role="arranger" IPDN="y.-82B_4zRlXLabQP" performance="conductor" grossFee="593289489.61"
                     modifier="A" IPI="DV4wOSU-V9N3eo.vj-_rCfu1q1" birthDate="2019-09-15"/>
                <Participant name="UgzLh9oufkQVTZy" role="sound engineer" IPDN="OOu" performance="conductor" grossFee="26627715.21"
                     modifier="A" IPI="q-Oc1JfI" birthDate="2018-12-18Z"/>
            </Participants>
        </Record>
        <Record title="tF1ntZcVLSg9T.xkyfTogo" spins="201320102" ISRC="ZXSWFKJCP3CK" year="2557" producer="OOxjiEQ_gMCERihT"
             label="mtNpXV2IvXDTdbA" recordNo="ttuZOECu" serialNumber="aEJe1u9IBQ5FKO" isPremiere="0"
             usage="commercial" ISWC="x8Hl-l81BX8mhQjk18Lyyxzq." AKA="LdhhM_PAvkH" genre="pop" broadcastedFrom="2019-12-07T11:21:16"
             broadcastedTo="2019-05-03T11:21:16Z" runtime="1664022056" origin="commercial" alternativeTitle="lGzoMuNiT3bu8RwlDzX4elc"
             recordedFootage="1968076746">
            <Participants>
                <Participant name="jkDg9wHtxOYk31mdDLMF8QhEG3O" role="scriptwriter" IPDN="PTfmU" performance="supporting" grossFee="1770754038.73"
                     modifier="B" IPI="hD_gbWAgUvkIJVJSbpEfZiUU27" birthDate="2019-08-10"/>
                <Participant name="Go10yi5frYPJleMi-" role="producer" IPDN="pJzR63e" performance="chorus master" grossFee="1344474572.20"
                     modifier="C" IPI="he6ezxbeol.9CoaTa8Fpu6.FkbD" birthDate="2019-06-07Z"/>
                <Participant name="hBqx2nJKd" role="music director" IPDN="VuCiDs1x8h-" performance="supporting" grossFee="1024011605.61"
                     modifier="A" IPI="a614dm_h5yF25uxnl" birthDate="2020-01-30Z"/>
                <Participant name="AWXfXZDfGnL_i7c" role="arranger" IPDN="LMdQBgkRieHgzh2L5jeJ6yt" performance="chorus master" grossFee="-420116659.25"
                     modifier="A" IPI="dop951" birthDate="2018-10-21"/>
                <Participant name="hYJqqQ57x1N" role="sound engineer" IPDN="JbQEMNwhz" performance="soloist" grossFee="-1474329320.75"
                     modifier="A" IPI="OFr8cucMXiZv8ipEuuajEOXkZMZs" birthDate="2020-01-09"/>
                <Participant name="a6ElCWayX7os3F76I" role="music director" IPDN="_AIVlw2WcoRE8J6sDvGP" performance="soloist" grossFee="1792454325.59"
                     modifier="C" IPI="V7Aw88H" birthDate="2019-06-08Z"/>
                <Participant name="Fg4.fLTbRJI8QnJxnFH5sIl_" role="scriptwriter" IPDN="eKBLEfeclFFz4xuvmus7zSJkI0fGU" performance="chorus master"
                     grossFee="439794273.78" modifier="A" IPI="TCRXtQNM9f-yB2PKxgZ3uqoGqztj7n" birthDate="2018-11-09Z"/>
                <Participant name="Gj9vEBo.oPY96g6O" role="performer" IPDN="F4LKtbQs" performance="soloist" grossFee="-1811452453.15"
                     modifier="A" IPI="_wJfK_r" birthDate="2019-12-28"/>
                <Participant name="_Q6MxPKUCO8" role="producer" IPDN="Y" performance="supporting" grossFee="-936479977.14" modifier="B"
                     IPI="CBCk" birthDate="2018-10-03Z"/>
                <Participant name="z.VAosGRS6X.BgTrsaI2w01" role="remixer" IPDN="Bz3iXqtLUmNZfGDPFpCb2qFnhKu" performance="conductor"
                     grossFee="360411782.27" modifier="B" IPI="odlpHPWKR" birthDate="2019-04-21Z"/>
            </Participants>
        </Record>
    </Record>
    <Record title="KynDtnh1bk.sE3VfRH2W." spins="1681846467" ISRC="6W0V448L6IN3" year="5024" producer="gQveOOeGXKBeeUnSUYUw1."
         label="UYKZ1Y_C" recordNo="vVNdz6Eq2EYkLwEPN8ZTP" serialNumber="rMwi3lfr3PzY1nT8-vIJYo5J" isPremiere="0"
         usage="broadcast" ISWC="GV6DL8KOogAdxsJes3g6.9S.A63" AKA="h0DRVTfOItkf6JKWZ5J" genre="pop" broadcastedFrom="2020-04-25T11:21:16Z"
         broadcastedTo="2019-06-16T11:21:16Z" runtime="1360247740" origin="self" alternativeTitle="bQ_PJddhHw0qcAktMvZRhcv-kZ3EB"
         recordedFootage="489389901">
        <Participants>
            <Participant name="TzuUMKFtpIwNwZLLi." role="composer" IPDN="xC8kyyh_mpPgbtKJzLmlGSo" performance="supporting" grossFee="74906409.90"
                 modifier="B" IPI="OApnM5JU2r5QSD30Ck" birthDate="2020-06-26"/>
            <Participant name="DPI3dqqojnoqJjikc_" role="producer" IPDN="O3vRyjkUKnc01-PVYSM11Ussr4tMT" performance="chorus master"
                 grossFee="-1692079635.83" modifier="C" IPI="m8zHZ6O5Ysm9zm" birthDate="2019-12-28"/>
            <Participant name="d-pUe" role="producer" IPDN="LeUW_PiDTAfuLd-ZOHVX09R" performance="supporting" grossFee="-134021095.19"
                 modifier="A" IPI="Heh30t0" birthDate="2018-08-25"/>
            <Participant name="Ld-J1WEgvr" role="music director" IPDN="ozttX6" performance="soloist" grossFee="-901958423.71"
                 modifier="C" IPI="VrJcYFc" birthDate="2018-10-09Z"/>
            <Participant name="ieUm2f4ZU5k0Z" role="sound engineer" IPDN="XejotwkenKxHcL2TjiQoq7B" performance="chorus master"
                 grossFee="-1742216087.84" modifier="A" IPI="K" birthDate="2019-09-08Z"/>
            <Participant name="rr7dMzP-rkCwp2zkLQh" role="performer" IPDN="PVcb7lfEOR9IM6IDp8_zwojh5" performance="supporting"
                 grossFee="2129207700.48" modifier="B" IPI="ZUpcIv1R35OZQf7-J8Tjx7NXE" birthDate="2018-12-27Z"/>
            <Participant name="rFyHTw3vRj" role="music director" IPDN="UZ2Y-jypN1pztvyG8HNQU" performance="conductor" grossFee="1200969453.05"
                 modifier="C" IPI="G" birthDate="2018-12-15Z"/>
            <Participant name="S3Lkz6zyL" role="performer" IPDN="aGHW" performance="soloist" grossFee="-1718174048.15" modifier="A"
                 IPI="BFUPbQxbD2CBrzbYhjXpZDkns.6" birthDate="2019-08-18Z"/>
            <Participant name="F" role="performer" IPDN="HiHe1w4tan" performance="main" grossFee="742837994.27" modifier="C"
                 IPI="QW0.jt-QW3PEWqMO6ur" birthDate="2020-03-19Z"/>
            <Participant name="NiSQU" role="sound engineer" IPDN="YnGGR2JI5" performance="chorus master" grossFee="1720995159.69"
                 modifier="C" IPI="r8.4n1" birthDate="2019-05-10"/>
        </Participants>
        <Record title="rbM3aIgD6" spins="930313181" ISRC="M5585JKM05Z6" year="8653" producer="oUGH5vLf6J_IOH" label="M9pzMC"
             recordNo="JCEhhwhWsP7I" serialNumber="vdRxkpHNE5" isPremiere="0" usage="jingle" ISWC="_b2x_"
             AKA="_d4dXWEJYqTFZUsNIHpk_JQX4NcGL" genre="classical" broadcastedFrom="2019-12-30T11:21:16"
             broadcastedTo="2018-11-12T11:21:16" runtime="526808913" origin="commerce" alternativeTitle="Y3H5WHFAQZE2OdxKb7zINtstc_jL"
             recordedFootage="1322176561">
            <Participants>
                <Participant name="t9VpjKwEm_7rC3YSQOIa9LWMD3G" role="subscriptwriter" IPDN="QZKxp0k5" performance="conductor" grossFee="907526465.10"
                     modifier="A" IPI="vFr8k5evH" birthDate="2020-04-24Z"/>
                <Participant name="ydDpEtDL" role="music director" IPDN="UjIIFRllEQHKM" performance="conductor" grossFee="364724971.27"
                     modifier="C" IPI="o_tf1" birthDate="2018-12-06"/>
                <Participant name="b3ilR5A111" role="subscriptwriter" IPDN="T" performance="soloist" grossFee="-1637654336.19" modifier="A"
                     IPI="vg3Y.GSdILNolXSX8bSt8SGi7_rT" birthDate="2019-03-19Z"/>
                <Participant name="ZGZ7LbMtU8G2XdbFZ3O2Z3xbbH" role="producer" IPDN="G9ZytUazI0pXB_84k0f" performance="supporting"
                     grossFee="146584014.86" modifier="A" IPI="O" birthDate="2020-01-10"/>
                <Participant name="GVAm" role="scriptwriter" IPDN="mTLdlGMt" performance="soloist" grossFee="-627647916.89" modifier="A"
                     IPI="jUAROERYxIGjIhSWN3PLXtmHv8p" birthDate="2019-10-13"/>
                <Participant name="qzIjNUScD0bzHTenMFfvkNZQwGj.0g" role="sound engineer" IPDN="IrIfznb4J0Qvfmkrc" performance="chorus master"
                     grossFee="156912277.87" modifier="A" IPI="TKM.GcSUiTQ88Oz1v94yH" birthDate="2019-10-25"/>
                <Participant name="KUsU3_1qbrxLdN0IHr36BO" role="sound engineer" IPDN="AUG9lnYzFzWsrMzfUzIoC05P17r" performance="chorus master"
                     grossFee="-1381927089.69" modifier="C" IPI="cocK_yqW" birthDate="2020-01-31"/>
                <Participant name="Pej8" role="producer" IPDN="eGtkcao" performance="main" grossFee="1157336880.03" modifier="A"
                     IPI="Jert4K-lO-PyMD3bjCvxBeij" birthDate="2019-12-12"/>
                <Participant name="fb" role="producer" IPDN="xpis1kTYYAnYdICb" performance="supporting" grossFee="-1219528014.86"
                     modifier="A" IPI="sQUCIMokhO0_7kov5oEiZGYQg" birthDate="2020-02-22Z"/>
                <Participant name="h1ykF" role="subscriptwriter" IPDN="Z" performance="supporting" grossFee="-1326559944.50" modifier="C"
                     IPI="E7y26AA77NVTgMkZdbZysc" birthDate="2019-04-02Z"/>
            </Participants>
        </Record>
        <Record title="FCiK6-ihsM98BB6tWMC3ffteNqcFWG" spins="1740257736" ISRC="A7T78N0106IJ" year="3751" producer="YN9BHF-rxmGyqYCR_Nfrrk"
             label="PVf_bjIwoZkBHE" recordNo="ZKVXu" serialNumber="VuWWWXrSjUq4yxY2U7p" isPremiere="true"
             usage="commercial" ISWC="EbcZRmcZ3-pc9mtfnX4" AKA="P2Jn-vlpEzFEQ-7" genre="spoken word"
             broadcastedFrom="2019-09-02T11:21:16Z" broadcastedTo="2019-03-26T11:21:16Z" runtime="1586764236"
             origin="commercial" alternativeTitle="DSihueuBtcUQwplkxinVtEyZ" recordedFootage="1948294009">
            <Participants>
                <Participant name="actnKTVapxFd3zWpI.P2bMT" role="performer" IPDN="mjITKn" performance="main" grossFee="1413728949.17"
                     modifier="A" IPI="K9lb" birthDate="2018-10-24"/>
                <Participant name="tkcBgCKelV0e9o1wzfHMu" role="scriptwriter" IPDN="NSqL1zoOfii53e68JxNKj" performance="supporting"
                     grossFee="-184564751.89" modifier="C" IPI="jGGC-8so" birthDate="2019-06-16Z"/>
                <Participant name="bUBkE9Ta8VBO" role="producer" IPDN="OvTzdQoh6_" performance="chorus master" grossFee="-1659468299.20"
                     modifier="B" IPI="voZa_Uz1" birthDate="2020-03-29"/>
                <Participant name="hMSEubgWwk" role="sound engineer" IPDN="BcTNxP.W.iLa" performance="soloist" grossFee="875458328.15"
                     modifier="C" IPI="P.qPniiLaZq91at" birthDate="2020-04-24"/>
                <Participant name="HTIYN9LV5d9_hD" role="arranger" IPDN="CC24AH3GZqmdHAMX58oD.HpY9y9__d" performance="supporting"
                     grossFee="-262868307.09" modifier="B" IPI="_" birthDate="2020-07-01Z"/>
                <Participant name="gasn1neQ8MknQyPp4hYXNme8" role="composer" IPDN="wZwuJGibgf_rETXTXEiVzf-di2" performance="supporting"
                     grossFee="1923781584.60" modifier="A" IPI="YaGnu4ji.P4.qmh.e0efO" birthDate="2019-11-16"/>
                <Participant name="Q" role="subscriptwriter" IPDN="luk-N6" performance="main" grossFee="-447577690.45" modifier="B"
                     IPI="ex-3mc7jI" birthDate="2019-04-14"/>
                <Participant name="IvyA9FhCh_BW4Sj_Lavj3pUZhThs" role="remixer" IPDN="AOj63Ld" performance="conductor" grossFee="986805273.89"
                     modifier="B" IPI="Duv" birthDate="2019-07-15Z"/>
                <Participant name="hkp" role="music director" IPDN="wsaoBZSZnf3" performance="main" grossFee="-709376609.05" modifier="B"
                     IPI="wtDt" birthDate="2019-12-11"/>
                <Participant name="znYgM" role="music director" IPDN="JYnQGnWGS4fBaVve" performance="main" grossFee="-235364050.15"
                     modifier="C" IPI="A0IlQtuT" birthDate="2019-12-29"/>
            </Participants>
        </Record>
        <Record title="AB9sB2x" spins="1803521377" ISRC="791C0RW72517" year="1811" producer="EtECNshFBf4ms.mmO17w5eKuJG"
             label="MXhuQh" recordNo="yf" serialNumber="UTx0j9wnD" isPremiere="false" usage="jingle"
             ISWC="T6F5JDjjnH50xzp.Jto9mK8rH" AKA="C" genre="commercial" broadcastedFrom="2018-10-12T11:21:16"
             broadcastedTo="2019-08-24T11:21:16Z" runtime="825909369" origin="recorded stream" alternativeTitle="DBVP"
             recordedFootage="628553493">
            <Participants>
                <Participant name="R" role="remixer" IPDN="WA-Vkw4fxaTsko2nVY6EVdlV_16xS" performance="soloist" grossFee="84410218.32"
                     modifier="C" IPI="DDYGPOc" birthDate="2018-08-13"/>
                <Participant name="nprewhxwh-Nxvyo" role="remixer" IPDN="UOX7NB5x" performance="soloist" grossFee="1405035103.15"
                     modifier="B" IPI="EgK4zL" birthDate="2019-06-09"/>
                <Participant name="hzFw8GPya5Yj8Q-fbQX45Bfx" role="sound engineer" IPDN="zd3auDWcXKrorQFK" performance="soloist"
                     grossFee="-1757748255.23" modifier="B" IPI="S.I609b3EixPtlAEMxSlU1jG" birthDate="2018-10-17"/>
                <Participant name="cZQjyJe.KQNeGW" role="producer" IPDN="UKDxFx1eUtauiE" performance="soloist" grossFee="840120738.26"
                     modifier="A" IPI="j" birthDate="2018-11-27Z"/>
                <Participant name="FVt" role="composer" IPDN="s8i" performance="conductor" grossFee="-1251660220.94" modifier="C"
                     IPI="ky8aL0-Wa8Z2f" birthDate="2019-07-26Z"/>
                <Participant name="pW8uI9XnWs9Wsin6jDVzzlaXqlF" role="remixer" IPDN="Q_XND5-gPMD4lpog" performance="supporting" grossFee="907534215.88"
                     modifier="B" IPI="dLFYb" birthDate="2019-01-01Z"/>
                <Participant name="v8RoIvE1P7kyqvJ-5RX95lW0" role="remixer" IPDN="ooGBvEWWb6OPz2sX5DobI3D3tLkE" performance="supporting"
                     grossFee="1405194234.22" modifier="B" IPI="WRcQ4_wHXuaVI2cFpmrOHM8mzd8j" birthDate="2019-05-03"/>
                <Participant name="ecvAnDbctrdL_K_brtQpbA" role="sound engineer" IPDN="U03MTMn.5" performance="main" grossFee="234869041.32"
                     modifier="A" IPI="_6YoSI7MtarmTgPl." birthDate="2020-05-17Z"/>
                <Participant name="XO9GxOd13gwOFr" role="performer" IPDN="boOcXxUx40p1fpnOAYWH" performance="supporting" grossFee="-634111542.01"
                     modifier="C" IPI="i4bIbXKhZs5" birthDate="2020-03-11Z"/>
                <Participant name="L33-X0.5.0NuyZv_hZuxx.PujISLe0" role="subscriptwriter" IPDN="IEDhGHBWRIm6ZlwBFcdusWW" performance="main"
                     grossFee="-683201800.67" modifier="B" IPI="zhSZaOO7e09vi0g-L.GE5UB8P" birthDate="2019-01-26Z"/>
            </Participants>
        </Record>
        <Record title="fLAy265PEqr" spins="857792643" ISRC="XO9BV0742I1W" year="5792" producer="qEbpOQXf4QN06_e0G4gQ4"
             label="TgtMLsdKdNl985Z" recordNo="ul1eOFDly" serialNumber="W8KSHKwhN2" isPremiere="0" usage="broadcast"
             ISWC="nU5jjXupd" AKA="Tx" genre="commercial" broadcastedFrom="2018-08-13T11:21:16" broadcastedTo="2019-08-22T11:21:16"
             runtime="964329813" origin="self" alternativeTitle="Xz" recordedFootage="1129224293">
            <Participants>
                <Participant name="N6x07z_vGjsqWWu" role="remixer" IPDN="SXlA" performance="main" grossFee="-1899828586.25" modifier="A"
                     IPI="aQCjyO" birthDate="2020-05-19"/>
                <Participant name="D57mWom" role="remixer" IPDN="ah9644zmqf9TBcUq0kajwXR2NBNwj" performance="soloist" grossFee="-1990303120.31"
                     modifier="A" IPI="PESc4l332Hjq9" birthDate="2019-09-26Z"/>
                <Participant name="pgW0dIbbvzGJgAXTyXCV7LWe0dXx" role="arranger" IPDN="rq2gvCazUH5_pPHme29GmyxyeopU" performance="conductor"
                     grossFee="-1843103611.83" modifier="C" IPI="XPft" birthDate="2018-09-22"/>
                <Participant name="g__5Ut2miRTPU6Nt.apCb" role="scriptwriter" IPDN="rrm" performance="soloist" grossFee="-1766280545.72"
                     modifier="C" IPI="FX0LrUviZCF_gqn9-vbK" birthDate="2018-10-15Z"/>
                <Participant name="nxnB9Upla0TVl_1q4" role="sound engineer" IPDN="UUHuTLJ3" performance="main" grossFee="-178006241.41"
                     modifier="B" IPI="xCFULuamSHiE" birthDate="2018-10-30"/>
                <Participant name="mo95QiPBr" role="remixer" IPDN="EhxCt8sXM" performance="soloist" grossFee="1537516409.86" modifier="C"
                     IPI="xNhEFSGkL2LZfXawSgl8aZaZGLj" birthDate="2018-11-15"/>
                <Participant name="GqrNwisuHbgqH0Pm" role="sound engineer" IPDN="te9.LWkH" performance="conductor" grossFee="1990955004.37"
                     modifier="A" IPI="L8Ovv4hPktWfGdGn" birthDate="2019-10-15"/>
                <Participant name="gHW3bND4S5DPv7E89AUtpWSW" role="scriptwriter" IPDN="ArU7Rw3pwYMGNiqo-DvMOFYW.I1" performance="supporting"
                     grossFee="-1447146154.39" modifier="A" IPI="Wq" birthDate="2018-08-01Z"/>
                <Participant name="wER9OV" role="music director" IPDN="taM0BbJFMppMoFWrEOIQ0fyt" performance="chorus master" grossFee="1240756830.73"
                     modifier="A" IPI="gNcLZIDMiBZcHXXsMEx..2dA2" birthDate="2019-12-09"/>
                <Participant name="CWP" role="sound engineer" IPDN="eTlCkP3unwpYfZwA1Wi7ClzosvC" performance="soloist" grossFee="130985562.10"
                     modifier="C" IPI="cetd97njVZS7IUPgdNWzJ.FRFKqhd" birthDate="2018-08-19"/>
            </Participants>
        </Record>
        <Record title="CsLK5Ii7_2eAj_QV" spins="1254152657" ISRC="4VRCTP261WK4" year="3810" producer="P8ahjFoKlDncohc"
             label="j4pka-fMplhgw9aC0zk" recordNo="jLpDrorw_Q" serialNumber="Zu_EbR2zTt.5n3LoZx_H" isPremiere="false"
             usage="jingle" ISWC="DNn6h" AKA="yzzDRhLnSbBcsIgxT4TDyI" genre="classical" broadcastedFrom="2020-05-21T11:21:16"
             broadcastedTo="2018-09-30T11:21:16" runtime="628727464" origin="commerce" alternativeTitle="_es6qR_7GLUofR3P4JmOCO5odddGuC"
             recordedFootage="773446381">
            <Participants>
                <Participant name="zLhhSYRwMXRsiJ3N" role="remixer" IPDN="KtRJ5AN" performance="soloist" grossFee="-299803444.37"
                     modifier="A" IPI="bY29A0x1Ad2S" birthDate="2018-12-02Z"/>
                <Participant name="i" role="sound engineer" IPDN="lRHLM88JskojG" performance="main" grossFee="23797629.17" modifier="A"
                     IPI="aov-4-ciORnl6d_PX6fg" birthDate="2020-04-23"/>
                <Participant name="t_sJzjZuOUJR4inpE1niWqkWE" role="remixer" IPDN="q0INnG-LBU-WdqIK64neOyrjbxcIE" performance="soloist"
                     grossFee="630061043.06" modifier="A" IPI="Z7akQ1tzia" birthDate="2020-02-20"/>
                <Participant name="f-an3vUql" role="remixer" IPDN="XFgT0FyCnWv5" performance="chorus master" grossFee="-1633075576.10"
                     modifier="A" IPI="pni2-9YVWXEj4qa7ahHM" birthDate="2019-10-07"/>
                <Participant name="neGr1SUdVCFxGCqpdHB" role="music director" IPDN="DLFRDts4XK4E_" performance="chorus master" grossFee="75517061.78"
                     modifier="C" IPI="opeHPr" birthDate="2019-11-14Z"/>
                <Participant name="TkYZOOOL5KC2A" role="subscriptwriter" IPDN="Bql9rN" performance="supporting" grossFee="-63276167.16"
                     modifier="A" IPI="gq8sDjWWecE" birthDate="2019-07-05"/>
                <Participant name="ufu" role="producer" IPDN="pm5dd" performance="soloist" grossFee="-1729372583.81" modifier="A"
                     IPI="N" birthDate="2019-06-12Z"/>
                <Participant name="Sp_w8kxxR80IVi3n5N4GFzCX" role="music director" IPDN="lv" performance="soloist" grossFee="-1590930093.72"
                     modifier="A" IPI="e" birthDate="2019-05-28"/>
                <Participant name="QOUrI6blLPsO9giq0FKxLl" role="performer" IPDN="BUrhtRYj2WY4ipYR" performance="soloist" grossFee="-351680857.28"
                     modifier="A" IPI="FF3" birthDate="2019-09-08"/>
                <Participant name="r35Ep-eq_A.juJopbyMCs5-mjY8" role="subscriptwriter" IPDN="vepSUxQZ0SA" performance="chorus master"
                     grossFee="-953041301.58" modifier="C" IPI="szh" birthDate="2018-11-25"/>
            </Participants>
        </Record>
        <Record title="MoYTeq" spins="957604941" ISRC="TD9Z1O2S4TNX" year="3848" producer="w9lC6qPXDO54m2" label="hMVrYFgT735pGmIDdZzEycgb"
             recordNo="EY9rUdQduUUS" serialNumber="z9t" isPremiere="1" usage="commercial" ISWC="DlNiW6dfMxZsl2_gz8-psaAMLvY2"
             AKA="CB0tU" genre="jingle" broadcastedFrom="2020-04-11T11:21:16Z" broadcastedTo="2019-03-16T11:21:16Z"
             runtime="1368100062" origin="commerce" alternativeTitle="zhenmNyhaP0hJeOOZU.AB1R_-s" recordedFootage="1848278951">
            <Participants>
                <Participant name="dQuAOtQ7JCj3s2AJxa" role="performer" IPDN="b7X8mcCHbVWWor8WnyP1Qag" performance="chorus master"
                     grossFee="909530475.82" modifier="C" IPI="grhPoc82eAZ4Ufke1OYb.cBPH" birthDate="2019-04-26"/>
                <Participant name="UiCUifYJjeHfx_KIBSov3" role="performer" IPDN="J1bMl.KVIq_w" performance="conductor" grossFee="-1507297066.62"
                     modifier="B" IPI="PkIQA-hsU7w" birthDate="2018-09-30Z"/>
                <Participant name="OsgRni" role="sound engineer" IPDN="_MZOot_T672jcWQHBAKlf2" performance="supporting" grossFee="-616173948.80"
                     modifier="C" IPI="gJaeYDm" birthDate="2019-07-30"/>
                <Participant name="PQykUKWj" role="sound engineer" IPDN="_ISrpKEq" performance="main" grossFee="-1850809218.42" modifier="A"
                     IPI="M" birthDate="2018-10-20"/>
                <Participant name="BrjOnPiiqdrEsWEYJG96tZQ" role="scriptwriter" IPDN="MtomEHe" performance="soloist" grossFee="167589273.70"
                     modifier="A" IPI="LmpY.2QW5eHGPGaj3" birthDate="2019-07-05"/>
                <Participant name="AqAc6A1wQ6ooGeEeHocp1p" role="arranger" IPDN="EArOQAY-LnbndcKi64-lRZLhVmeI" performance="chorus master"
                     grossFee="873861377.26" modifier="A" IPI="MA0M" birthDate="2018-08-06Z"/>
                <Participant name="TlSBuBo" role="arranger" IPDN="ubX0427j.-AUwGzxb0m" performance="conductor" grossFee="-1587616571.51"
                     modifier="C" IPI="uTD0LtJJbw2eY" birthDate="2018-09-08"/>
                <Participant name="MonuHuJjKTRK" role="scriptwriter" IPDN="GW.SNPnolS.G8QTIX" performance="supporting" grossFee="-1961924329.58"
                     modifier="C" IPI="F2ex8LOm7zjhhwzYet4pS9" birthDate="2018-07-08Z"/>
                <Participant name="wX0Om0BK-FCIb_Z9E9Fx-E" role="subscriptwriter" IPDN="bwL" performance="soloist" grossFee="-174672633.30"
                     modifier="A" IPI="o21DbtomaR1y-vlI9kqgXtJnlRW" birthDate="2019-12-14Z"/>
                <Participant name="RTIjION" role="performer" IPDN="n2YDxDkdfqX5YKh4hqL7UHI9phFo" performance="conductor" grossFee="93648513.77"
                     modifier="B" IPI="D8h" birthDate="2019-01-07"/>
            </Participants>
        </Record>
        <Record title="SSY9J_r5iA-Y02gzGadU9GQQP2EAT" spins="2001942578" ISRC="616S178EC07Q" year="7152" producer="s1__DGe6BJB4_aviH9Yovs"
             label="E5F9dDZ288gp0O9TH6n" recordNo="mOwwg0BEQEg0de1ual9iqDJPFh2Hda" serialNumber="DUmS_qFEON5X4jc"
             isPremiere="0" usage="commercial" ISWC="afftMAUwWwDXnqu" AKA="KTUDgncky0zo.qY8EZFe_QceqqdL"
             genre="commercial" broadcastedFrom="2019-04-03T11:21:16" broadcastedTo="2018-10-31T11:21:16Z"
             runtime="2015093298" origin="live broadcasting" alternativeTitle="RbdEbBXfIc18sSLhmAwt"
             recordedFootage="1123424115">
            <Participants>
                <Participant name="ITN5U666mOIAqDihq74mnN2p2ZmD" role="composer" IPDN="u2Zm8e" performance="main" grossFee="1964334933.13"
                     modifier="C" IPI="Y39X3Ule6E" birthDate="2020-06-01"/>
                <Participant name="Ts9dO1dL0UH-NQFb70WF0BL" role="scriptwriter" IPDN="xTCUWBw" performance="conductor" grossFee="1662560837.32"
                     modifier="C" IPI="QQ-oDt06kFbn" birthDate="2018-07-29Z"/>
                <Participant name="TlbMHujnk1R" role="remixer" IPDN="F.KcTGhG0ik3sUFrVk6h4rGqhz" performance="soloist" grossFee="-1933301092.95"
                     modifier="A" IPI="Rtp" birthDate="2018-12-03"/>
                <Participant name="dt6KXV" role="remixer" IPDN="QLjJ_J" performance="soloist" grossFee="1071898612.51" modifier="B"
                     IPI="KB68" birthDate="2019-07-15"/>
                <Participant name="UA12rEm7wg02PU8ce_P-73lG88" role="arranger" IPDN="DBZUafxe2_-8-Shults" performance="conductor"
                     grossFee="203241645.84" modifier="C" IPI="rWOROIcDGvG7" birthDate="2019-02-27"/>
                <Participant name="SIjI7gUjd55vVO9TV0t" role="arranger" IPDN="jvZdLcAvDC1wsu" performance="chorus master" grossFee="-277957745.62"
                     modifier="C" IPI="xkqUG_F" birthDate="2019-03-17Z"/>
                <Participant name="Ig-l" role="subscriptwriter" IPDN="cLxf.IJifA7Ll" performance="supporting" grossFee="-1851748311.76"
                     modifier="B" IPI="M-xX7JWAwhXo_lQ6VT4XInS_1mp9" birthDate="2018-07-31Z"/>
                <Participant name="nkiYiN9Z5p" role="producer" IPDN="TtmHaGCQj4BObX7EC" performance="supporting" grossFee="-1382485156.71"
                     modifier="B" IPI="W5_syamWWbhSh2jXOqp" birthDate="2020-03-31"/>
                <Participant name="sA7sPdvCq-3ukkrcAwvuDBTJXO8WaV" role="scriptwriter" IPDN="K7O0kJW26SsD636losx7olNLhYQyzI" performance="main"
                     grossFee="588064787.95" modifier="A" IPI="o3EZ" birthDate="2019-03-28Z"/>
                <Participant name="G_p1bC1ea" role="performer" IPDN="pq.V.9" performance="soloist" grossFee="-1197816733.85" modifier="B"
                     IPI="h.cK.BNXM05aKjmApcLhsRq" birthDate="2019-09-20Z"/>
            </Participants>
        </Record>
        <Record title="ovXyod6m" spins="1213879391" ISRC="G84035O7X387" year="3515" producer="BQnJSo.q" label="baLt_A"
             recordNo="di5y0KPNg-wJ" serialNumber="XrxMar6Lo_ecEOEbzuGX65Q" isPremiere="1" usage="commercial"
             ISWC="AemJTMkFph.GH" AKA="dou5qaIWOIIVOmsW2yRk" genre="spoken word" broadcastedFrom="2020-06-20T11:21:16Z"
             broadcastedTo="2018-08-11T11:21:16Z" runtime="939524011" origin="live broadcasting" alternativeTitle="lI7GdV2Or2aeWRc3rMpBZAi6zQ"
             recordedFootage="839523790">
            <Participants>
                <Participant name="uTFa3RYuMJuw" role="scriptwriter" IPDN="Vr0W1" performance="conductor" grossFee="-1062481207.20"
                     modifier="B" IPI="t5_T96Jxs6aL" birthDate="2020-01-16Z"/>
                <Participant name="jt5cgK9RKsTNA" role="composer" IPDN="n_KVfkbVd0qPU9xObbACL5i4s" performance="main" grossFee="2025007085.42"
                     modifier="B" IPI="SvMhKSLzL_tEJiBEK2y" birthDate="2019-09-05"/>
                <Participant name="aaq3Lv.H6P9ElFw_W" role="producer" IPDN="Y3Xxoep148hRoRVckZlSI" performance="conductor" grossFee="-1044896637.03"
                     modifier="A" IPI="C03rCIZsNeLL71q7TPVwmpZ" birthDate="2020-01-20Z"/>
                <Participant name="EV" role="performer" IPDN="toLN1NJyy_JeaxUyOb9YE" performance="conductor" grossFee="-1963074633.98"
                     modifier="C" IPI="n_iW3yerihwgX" birthDate="2019-12-03Z"/>
                <Participant name="RQ3TW" role="subscriptwriter" IPDN="_3vI0Tf2" performance="chorus master" grossFee="523438353.93"
                     modifier="A" IPI="anpNt1ymdn1vIfuuwJo" birthDate="2018-09-22"/>
                <Participant name="K33YecusHFiSNb52QuIjaaFAf" role="scriptwriter" IPDN="AHiceK" performance="soloist" grossFee="1673830937.42"
                     modifier="A" IPI="KMZgX7DVkiarv" birthDate="2019-09-22"/>
                <Participant name="gs-WUfW-BhS" role="music director" IPDN="NTdMx6qUEKoSCpL1" performance="main" grossFee="-1537819301.00"
                     modifier="A" IPI="IXiMIWT" birthDate="2018-10-16"/>
                <Participant name="wV8UXdy1llVRwXw9PszGhQ" role="music director" IPDN="Um5Zu_p8iCTQORNtx5RNZ6Yo" performance="chorus master"
                     grossFee="1110534757.21" modifier="C" IPI="FV37UTDia" birthDate="2020-04-02Z"/>
                <Participant name="G.1X.PslUUBkcHyyJ_z" role="remixer" IPDN="y8vWp81RYq38hpMNdq" performance="chorus master" grossFee="1878599781.24"
                     modifier="C" IPI="FA8ByhddAJS_y" birthDate="2020-01-16"/>
                <Participant name="kUdMeyNr0doK" role="remixer" IPDN="XFzVwhsA" performance="main" grossFee="1274039035.71" modifier="A"
                     IPI="s6.zX" birthDate="2018-12-06"/>
            </Participants>
        </Record>
        <Record title="XVprQBFvQYKSQswd720wZC54" spins="375846252" ISRC="2I9U8CV597S0" year="5680" producer="iDHEISCzz5Ax_.SpQqx2E5T"
             label="j-" recordNo="wIHsKLSnItv8gzrtb_wK1OBHt2G8" serialNumber="Yp2O" isPremiere="false"
             usage="commercial" ISWC="bsGWj7Eu_LJHZfzba2JoViw99qZw8F" AKA="fhBPtrdHsv0Upi8ie2R" genre="classical"
             broadcastedFrom="2018-08-28T11:21:16Z" broadcastedTo="2019-05-09T11:21:16Z" runtime="127082427"
             origin="free of charge" alternativeTitle="Ua" recordedFootage="1052524055">
            <Participants>
                <Participant name="k_kdHmXiP_Vv520Zy" role="sound engineer" IPDN="NfFWTOc0THfAtYPs4j0" performance="conductor" grossFee="2063247187.59"
                     modifier="B" IPI="KbMp6KV1eWd5w86Qsbttv14j" birthDate="2020-07-02Z"/>
                <Participant name="qPNXPGUQ2r2yOC8" role="remixer" IPDN="KFFtB4gKxCGMwFeVQHAzS" performance="supporting" grossFee="-504891714.99"
                     modifier="C" IPI="FJ7ppGkmPZAbdZzU" birthDate="2019-12-09Z"/>
                <Participant name="_LZzLS8rS6.iu8Ry628zmhvtGiAOye" role="performer" IPDN="PhY4BAGf0qbetUgW6-vHzK7sSbib" performance="soloist"
                     grossFee="-650291644.91" modifier="C" IPI="Mxlz" birthDate="2019-06-28Z"/>
                <Participant name="pm2dFM3ICA3AcAOjRw" role="scriptwriter" IPDN="C" performance="main" grossFee="-1728298828.55"
                     modifier="C" IPI="YWQxSV.JH1B7Q2eJl" birthDate="2018-08-22"/>
                <Participant name="F" role="remixer" IPDN="yxQdWUHcIgv.MabT" performance="soloist" grossFee="-665623744.19" modifier="C"
                     IPI="OW0sgYh9gc3tUN8h_A" birthDate="2019-02-01"/>
                <Participant name="qslQh" role="remixer" IPDN="jYaE6ljrcU0cSawS" performance="chorus master" grossFee="-1185053118.64"
                     modifier="C" IPI="Himl" birthDate="2018-08-18"/>
                <Participant name="JCDJSgd6IObwT-I9GdtkHiglzISAV" role="music director" IPDN="vU." performance="conductor" grossFee="-1855379666.50"
                     modifier="A" IPI="H0cvrz93JltzdF8J3QIVDgw1_d" birthDate="2018-09-26"/>
                <Participant name="QXbPuxjFhjh9VLXHeRWXGafIR9D1Le" role="remixer" IPDN="uU7YG0xbkCX3O-" performance="conductor" grossFee="1983110903.49"
                     modifier="B" IPI="nMd2qmR4juU8MvPS13p" birthDate="2019-03-17Z"/>
                <Participant name="stmVo4d-zDv2TFPul5o." role="music director" IPDN="TTvpo_" performance="supporting" grossFee="576040813.57"
                     modifier="A" IPI="wmjbl_-u3pLiT6P7BbHm05M6O" birthDate="2019-05-28"/>
                <Participant name="LzCZddYQdQp" role="music director" IPDN="qhkJ-Kpbn" performance="supporting" grossFee="-1824545322.58"
                     modifier="A" IPI="YC5yXEezupiIyh6Wv7yzLO" birthDate="2019-12-15Z"/>
            </Participants>
        </Record>
        <Record title="mDl4tmN-S1ji5YoFZD9lwq5IB_3nv" spins="115286696" ISRC="8W4Q44IPNNI3" year="9975" producer="oXVbT0irgAoS2kVm1"
             label="hqRXL" recordNo="Z6HycoQtVIAZwi-DE" serialNumber="drgjE2IH2szVj_sML9fWN" isPremiere="true"
             usage="broadcast" ISWC="Sp7" AKA="J.dxO5oA8EMovXk0YaG2hfndMF7GLa" genre="classical" broadcastedFrom="2018-08-30T11:21:16"
             broadcastedTo="2019-07-27T11:21:16Z" runtime="1680541307" origin="report" alternativeTitle="f3jfEOp4W9R4oO0q8mS2Nbf"
             recordedFootage="504408005">
            <Participants>
                <Participant name="RlzqQs7C7j2q56X6JcxSxLkI" role="subscriptwriter" IPDN="QWxnbWNzFy8F3IzIWPFn1xzvs8Z" performance="conductor"
                     grossFee="-1868178123.06" modifier="A" IPI="rVWrEOuwlmIJUGFE3BHCKvOq8" birthDate="2020-05-26"/>
                <Participant name="ckKfphm1mYe" role="remixer" IPDN="aZk3iIy" performance="chorus master" grossFee="453024163.46"
                     modifier="A" IPI="Uy7CrSDxYn-Nz053-OF" birthDate="2020-02-02"/>
                <Participant name="TEdcn31T8nw" role="music director" IPDN="BfvDTVt" performance="supporting" grossFee="-2087126267.67"
                     modifier="B" IPI="W" birthDate="2019-05-25Z"/>
                <Participant name="rJDalpoo5e.sCpTer5" role="subscriptwriter" IPDN="a.g" performance="chorus master" grossFee="-950465942.63"
                     modifier="A" IPI="IoDPGqcw-fRF1ufoDwLU" birthDate="2020-02-07Z"/>
                <Participant name="E-9qRczkCoOT59Xdr-" role="sound engineer" IPDN="M40kyG0WjJj7" performance="main" grossFee="860214517.39"
                     modifier="B" IPI="_qCKde7-ghdK2" birthDate="2019-07-23"/>
                <Participant name="rxjyHc3yd09m1QEZgLfCHJ2PHr75a" role="scriptwriter" IPDN="S9w" performance="main" grossFee="-547724895.81"
                     modifier="C" IPI="wuA" birthDate="2019-10-25Z"/>
                <Participant name="T.oycnJ7FT_j" role="subscriptwriter" IPDN="M8ezCeXpF-z7lKI5Ic4ZibA" performance="soloist" grossFee="-1507815563.10"
                     modifier="B" IPI="MSWYDIwNgtZSyp" birthDate="2018-12-28Z"/>
                <Participant name="Tf.TJjyTrrFW6z" role="performer" IPDN="URAkTyDW6h3xHRcAUWnFJXOSlEB" performance="conductor" grossFee="229081048.53"
                     modifier="A" IPI="he4AbfVZ" birthDate="2019-12-27Z"/>
                <Participant name="wtg" role="scriptwriter" IPDN="V54ulueZe9fD7" performance="supporting" grossFee="1655490153.68"
                     modifier="A" IPI="nJnaqI.PApc2YsG" birthDate="2020-03-28"/>
                <Participant name="mT0j99dkRyZtd.ERkM3UpZBrbQ" role="subscriptwriter" IPDN="_jDW85OtgBjJWP9" performance="conductor"
                     grossFee="-1123146372.93" modifier="A" IPI="O" birthDate="2018-07-20Z"/>
            </Participants>
        </Record>
    </Record>
    <Record title="mv_gSG3jGKg-k_ancqbUABuB-S" spins="1946315247" ISRC="09Y932WB210H" year="9279" producer="fNLVGC7p"
         label="VM2qZXS2QyemNUU1U3VHRi-oPmv" recordNo="MzhHSHbCkDYNy1997O" serialNumber="YVa" isPremiere="false"
         usage="jingle" ISWC="fC1hpPfCs" AKA="aZgX0ofdbjcDL." genre="commercial" broadcastedFrom="2020-06-02T11:21:16"
         broadcastedTo="2019-01-03T11:21:16Z" runtime="974359119" origin="recorded stream" alternativeTitle="mvE4"
         recordedFootage="917159442">
        <Participants>
            <Participant name="OoTTPhMBl0a6OCKFoz59ROWSMvmSa" role="scriptwriter" IPDN="smWH" performance="conductor" grossFee="400389753.73"
                 modifier="B" IPI="RS2Id" birthDate="2020-02-09"/>
            <Participant name="M3AeZQTze36" role="composer" IPDN="mEQ" performance="supporting" grossFee="960979170.81" modifier="C"
                 IPI="KWPSH.5i-SPO74ewDQL_kxX-kStq" birthDate="2020-06-10"/>
            <Participant name="l7Ms" role="scriptwriter" IPDN="i98X" performance="chorus master" grossFee="-439618173.97" modifier="A"
                 IPI="CtQgJbtTdLpCjRgl" birthDate="2019-01-14Z"/>
            <Participant name="nxzDcn0fbYTQ5dt.zz" role="scriptwriter" IPDN="durWcLk2o1rCxpPLwPFCau.y_" performance="conductor"
                 grossFee="-815009899.34" modifier="B" IPI="C6u5" birthDate="2019-05-30"/>
            <Participant name="lmCH7yA_sVFtKzTvt4r6naK89ScJe" role="performer" IPDN="Ycvsar3KioJvsRyX" performance="chorus master"
                 grossFee="-1933032274.39" modifier="A" IPI="pdCIop8FWv0owt7L" birthDate="2020-01-27"/>
            <Participant name="fHcJIeS22hPFp8u1u4_tDl-" role="performer" IPDN="TVP" performance="main" grossFee="-1683579424.88"
                 modifier="B" IPI="Kr4kVflFTX-rf2UvTMYOvexOs5GnCo" birthDate="2019-05-04"/>
            <Participant name="WbVo" role="arranger" IPDN="bhO8bqrTrl-vahQu6gKXj" performance="supporting" grossFee="1394746796.76"
                 modifier="C" IPI="kmykY" birthDate="2018-10-05Z"/>
            <Participant name="Zv9aEL" role="performer" IPDN="OEyMcQu" performance="main" grossFee="-880652148.95" modifier="B"
                 IPI="Pr3Cqs3toMFMtDnNY16zr" birthDate="2020-03-05"/>
            <Participant name="miy1x" role="remixer" IPDN="hL" performance="conductor" grossFee="1129730342.38" modifier="B"
                 IPI="Tbf1tFKpNv3VvAcp0H" birthDate="2020-03-16Z"/>
            <Participant name="MYQ1hMitGOue5JAacQ22bMUbuRL0_" role="sound engineer" IPDN="VtODvPq4WFIB0A-j8ZTAXt2zYXeA" performance="supporting"
                 grossFee="331632788.94" modifier="C" IPI="vL" birthDate="2019-05-05"/>
        </Participants>
        <Record title="unIX7Lf5poGt4vfnyRaVgQfZ" spins="1904755392" ISRC="8X794R8ELR9Y" year="4311" producer="XHXqLb7cQfe1CGqnJITtchiREII"
             label="eU-8byMNs9BcA8M" recordNo="Gr9mXKunH6zj2HIi-1awMUsp5" serialNumber="XsLaF013vNL9IYUMUajB"
             isPremiere="false" usage="commercial" ISWC="MzNPUjqZDg1cLNPEETb" AKA="iQVQ" genre="commercial"
             broadcastedFrom="2019-06-05T11:21:16Z" broadcastedTo="2019-06-22T11:21:16Z" runtime="2088360786"
             origin="recorded stream" alternativeTitle="m384Q7" recordedFootage="1761850958">
            <Participants>
                <Participant name="dv6C4ClgUtuyOfME" role="producer" IPDN="k_e758SLJA8zN6-IHa3YEboKCyHu8u" performance="supporting"
                     grossFee="-672026608.96" modifier="B" IPI="D3SDR5hh" birthDate="2018-10-19Z"/>
                <Participant name="MrQuPT6.2TAL" role="sound engineer" IPDN="I5lhe0l.a" performance="conductor" grossFee="-287825380.28"
                     modifier="A" IPI="iyhbwtVS0QD_sbHPOL" birthDate="2019-08-24"/>
                <Participant name="n4usgjQ6u4DkhPdrb5rFOvC" role="performer" IPDN="VzhaHOU9wy5TI" performance="main" grossFee="-1184971025.94"
                     modifier="C" IPI="EL04-2h2aBC2tMW9ro9ldP_M" birthDate="2020-01-14Z"/>
                <Participant name="NnWhvzFjNPA6tZ2-By4Hw" role="scriptwriter" IPDN="D1wtLnx5ETVWWJBAK3M" performance="main" grossFee="-407812698.39"
                     modifier="C" IPI="L35fk3ec5qTYWfjImy" birthDate="2018-09-17"/>
                <Participant name="lYQFMGNX8MeXIO5" role="sound engineer" IPDN="WI3SRa_dyGjq0glSEJ2x47YC" performance="conductor"
                     grossFee="853678923.44" modifier="B" IPI="Qr2YGfM-0uuIlQyFNKfNGdbGtpOsK" birthDate="2019-12-22"/>
                <Participant name="oPPD8Tjc7AGm8MS." role="arranger" IPDN="JE2S27zElPky9nmX8EK5Hps0zAd" performance="supporting"
                     grossFee="-1252015742.47" modifier="A" IPI="BuYgaWQgA" birthDate="2020-03-11"/>
                <Participant name="T5oh9IN4" role="arranger" IPDN="OcZuStQiokSzZF3TDYOsz" performance="chorus master" grossFee="268549940.65"
                     modifier="B" IPI="A4otospcCrm0oeDLil" birthDate="2018-07-13Z"/>
                <Participant name="YtX" role="remixer" IPDN="rg5" performance="main" grossFee="-1544178965.51" modifier="B" IPI="cPH9OLN_"
                     birthDate="2018-09-11Z"/>
                <Participant name="XM" role="scriptwriter" IPDN="A_lDoJpB2Uwli" performance="chorus master" grossFee="2084618490.36"
                     modifier="B" IPI="B28w0RrkOKP7PmO10ajOhj41HQp" birthDate="2018-10-27"/>
                <Participant name="W8" role="performer" IPDN="H_VHvAJDnhAgopk9W1" performance="soloist" grossFee="-1966491181.84"
                     modifier="A" IPI="fLpSgyPW-d-gJcse2Vcc_dRpf5N3pd" birthDate="2019-08-10Z"/>
            </Participants>
        </Record>
        <Record title="MYUoeZU.W40VV" spins="2001709955" ISRC="G65WROS2TCY1" year="1755" producer="nfVyFFL5mgnuuCVb"
             label="x" recordNo="ZuBicSdyAvpYI" serialNumber="jec7CBjPkoZHtacC7" isPremiere="1" usage="commercial"
             ISWC="CbUcGM-1Nh0hSvvhCTzC0Bu" AKA="WTLU2l5ruihEnsR-ICEZRXKVj." genre="commercial" broadcastedFrom="2019-10-14T11:21:16Z"
             broadcastedTo="2020-02-22T11:21:16" runtime="1622264821" origin="free usage" alternativeTitle="BlOTae5Q4mqTPeet8eVlm"
             recordedFootage="968086521">
            <Participants>
                <Participant name="sM.cZTp" role="remixer" IPDN="KXVkZS_w" performance="supporting" grossFee="-1532824859.87" modifier="B"
                     IPI="fTuA2yiWsfYmo" birthDate="2018-09-16Z"/>
                <Participant name="Wem3j7" role="sound engineer" IPDN="uS.Pm1mAsRkyOrfSN48n-_BjpYQn1z" performance="supporting" grossFee="1397005586.74"
                     modifier="A" IPI="pqf3Bm8uTj8VUw.JKE2i" birthDate="2018-11-27"/>
                <Participant name="Jv.en.E.cVfNrSD6k" role="subscriptwriter" IPDN="aW4n" performance="supporting" grossFee="-1171600729.30"
                     modifier="A" IPI="G7H" birthDate="2019-01-23Z"/>
                <Participant name="I-pK5RokYm0689hDus.4CWXCbPKv" role="producer" IPDN="sPs-JEjwK6KsuuCP_e7" performance="conductor"
                     grossFee="1291120334.44" modifier="B" IPI="NfZ.Fbyx.VPZ0pvcY2lN.u" birthDate="2020-05-24Z"/>
                <Participant name="jalvN6Cr9-pe17SYIXV_RP9j" role="producer" IPDN="zCLmKIQUi_NZfAw07K" performance="main" grossFee="-591202454.39"
                     modifier="C" IPI="Z0YtQJeBef4ME5b0BsIhZ9MrcKh9D" birthDate="2019-10-13Z"/>
                <Participant name="Yk5f4gkWh2" role="arranger" IPDN="m8WXVjlFt8.Q2ZmXe" performance="supporting" grossFee="1397924747.24"
                     modifier="C" IPI="n1fcbyU" birthDate="2019-10-15Z"/>
                <Participant name="p3KxQJVAHFWHKdYNhJRATm._r" role="music director" IPDN="HaDQE468uXsz1" performance="conductor"
                     grossFee="490615086.72" modifier="A" IPI="sdxEZjmRBdY8h-nMBYrd" birthDate="2019-04-14Z"/>
                <Participant name="xzzvL" role="subscriptwriter" IPDN="UBa.70fGkO" performance="chorus master" grossFee="188470429.22"
                     modifier="B" IPI="MzJH1tJrGdM1" birthDate="2019-12-13"/>
                <Participant name="nh1JU" role="scriptwriter" IPDN="S" performance="chorus master" grossFee="-63365444.10" modifier="B"
                     IPI="Uf9L83uGsgqgRk" birthDate="2019-09-25Z"/>
                <Participant name="y" role="producer" IPDN="FIGkqTMyr_JbBCqfJcUbG1tDWeVR" performance="soloist" grossFee="1355449476.55"
                     modifier="C" IPI="Edv1TGiQVWgpCP1WGtYY6cfXkk" birthDate="2020-06-29"/>
            </Participants>
        </Record>
        <Record title="CK" spins="1738222172" ISRC="TOH6JCU08AE9" year="0275" producer="KMMtwqYT-0WSw3n3" label="icm4gC0TZA39ko5aM7uNT_B9miI"
             recordNo="mv8Ajxgid13Z2" serialNumber="xxm2YvjY" isPremiere="0" usage="jingle" ISWC="Fg-1RziVHhcBSsc"
             AKA="pw5Sd0302Yw1z9EFXjWI9" genre="jingle" broadcastedFrom="2020-05-22T11:21:16" broadcastedTo="2018-12-26T11:21:16"
             runtime="364069157" origin="live broadcasting" alternativeTitle="d7NcNxOP0EL91rPy4-k" recordedFootage="1072791945">
            <Participants>
                <Participant name="S2uPwIe" role="producer" IPDN="iJQ8N" performance="supporting" grossFee="1985620567.89" modifier="C"
                     IPI="fC8ft" birthDate="2018-09-05"/>
                <Participant name="i" role="producer" IPDN="ym0jwlzK1U_" performance="chorus master" grossFee="1947733780.10" modifier="B"
                     IPI="XKeUbWgSlg2D0zZE_o" birthDate="2019-03-15"/>
                <Participant name="eCZDktHO-.hwl-z1PXSeibv" role="sound engineer" IPDN="T" performance="chorus master" grossFee="-1210153884.32"
                     modifier="C" IPI="f0dezRLrAgS2O3" birthDate="2019-06-21"/>
                <Participant name="w" role="scriptwriter" IPDN="rnH" performance="conductor" grossFee="-1186796555.56" modifier="C"
                     IPI="S6VK537y" birthDate="2018-12-10Z"/>
                <Participant name="OPY2DJ9YNzz" role="remixer" IPDN="Q9ETSuCuM2Q7" performance="main" grossFee="479797284.83" modifier="A"
                     IPI="BQoAeQVkDEYydl" birthDate="2019-08-06"/>
                <Participant name="O0AloEozi9yq9zzke1t8Xekgvaax-D" role="arranger" IPDN="Oo" performance="soloist" grossFee="-183812492.06"
                     modifier="B" IPI="JQvikBFJaEME7uEuz5" birthDate="2018-08-01Z"/>
                <Participant name="T1hVfFrYm5ht.gYGguKkunOXye8Cp" role="producer" IPDN="o6z1l84IAIebAR" performance="chorus master"
                     grossFee="230049706.37" modifier="C" IPI="Hczm8z2txBy" birthDate="2019-03-21Z"/>
                <Participant name="REChVgfpa" role="music director" IPDN="PTKrdgb9GwVsX5Oa5" performance="supporting" grossFee="-532712413.83"
                     modifier="C" IPI="d" birthDate="2019-04-04Z"/>
                <Participant name="PkIwHTlVkCDgW0zqUGhCECE" role="performer" IPDN="FrpDKA7yXulN2HRmM.7.WGRg" performance="supporting"
                     grossFee="-2020082666.12" modifier="A" IPI="dnWqVoiTi_A2zNJD0wzWPe" birthDate="2019-07-22"/>
                <Participant name="pJ2Rp77e942XXNFuZZe" role="performer" IPDN="aJEDFSvkfT2XgjTggAth" performance="conductor" grossFee="-478868703.98"
                     modifier="B" IPI="CmqyLEPL-24-vsG7zWJ.2ZskWD" birthDate="2019-07-05"/>
            </Participants>
        </Record>
        <Record title="mHUaNo_5zbMiJGSb5-f9ScwrWmf5NG" spins="1388159147" ISRC="8G9W2O1Y0C50" year="0730" producer="E0n.5"
             label="z" recordNo="ommNuWCiC-ip1wfHK7r9" serialNumber="NCbBU" isPremiere="false" usage="broadcast"
             ISWC="AbIyyg" AKA="zfCH1Eb_.jK8yvytjA" genre="composed" broadcastedFrom="2020-05-10T11:21:16"
             broadcastedTo="2018-12-28T11:21:16" runtime="1657450869" origin="live stream" alternativeTitle="v50XQAKxJ8rAjaF0"
             recordedFootage="1540378687">
            <Participants>
                <Participant name="aS7WJG-nKrJ8Iz5MK4Pxa" role="sound engineer" IPDN="L1CR5PqCYR4CiVIM2zD3miF" performance="conductor"
                     grossFee="-1236084439.91" modifier="A" IPI="qSE6AABmz0ShUKQ60GTI2-" birthDate="2020-05-04Z"/>
                <Participant name="exY0Iy5Ji5AQlIwhVGPO" role="composer" IPDN="Qlb038pMOn9k" performance="chorus master" grossFee="1151777764.14"
                     modifier="B" IPI="w5geCvIWKixvDNgtzc4PBM" birthDate="2019-12-21Z"/>
                <Participant name="QgK" role="composer" IPDN="rEh_uHkiu0brl0aiT6SwXdt" performance="supporting" grossFee="275184425.60"
                     modifier="B" IPI="T" birthDate="2020-02-24Z"/>
                <Participant name="WoMUWzpcOnMKnpz" role="composer" IPDN="U5zEOXQl-9mtgvnnUHBRTW_NjH4Ek" performance="main" grossFee="-1809839590.04"
                     modifier="B" IPI="X" birthDate="2018-11-16"/>
                <Participant name="yOVRRhsm7aaOOnHT" role="composer" IPDN="X-3bLOS" performance="supporting" grossFee="1303482989.41"
                     modifier="B" IPI="jfGcPweSz0dQwNQ" birthDate="2018-07-07Z"/>
                <Participant name="DxXARYIdNEEB-tHRbv" role="composer" IPDN="gOCFpLNDFqM-edp6wmfCv" performance="chorus master" grossFee="272014593.19"
                     modifier="A" IPI="Ef.MQ7uWP6mANjtdZYIG6vrOMP" birthDate="2018-09-29"/>
                <Participant name="XPWiIffbKq" role="remixer" IPDN="Hix" performance="main" grossFee="782925024.78" modifier="A"
                     IPI="X_DwyoDmjHpvZ" birthDate="2020-02-29"/>
                <Participant name="U.DmY" role="composer" IPDN="WwtSDFhWPUnKB9T88KZLqm7MO" performance="chorus master" grossFee="553460874.90"
                     modifier="A" IPI="R_oblySC_C_h2xBbF5WrCjLpG" birthDate="2019-10-05"/>
                <Participant name="kV2hYECteEjw6ofP_He6xM" role="subscriptwriter" IPDN="MVFejrMYqZTPV000OuiN0Fx" performance="soloist"
                     grossFee="1286902620.20" modifier="C" IPI="DANR0UggQ19Vb5KY7nM7" birthDate="2019-04-28Z"/>
                <Participant name="Pund.7MUw2wrtscpRfrd_" role="arranger" IPDN="sBYCiFmGLEnkndUaaI33P" performance="chorus master"
                     grossFee="430826989.89" modifier="B" IPI="gjcwQyS_Z" birthDate="2019-05-18"/>
            </Participants>
        </Record>
        <Record title="Nb4.TB8de" spins="1632013756" ISRC="J15H887K60DT" year="4924" producer="DgyeD.VyuhhU7G3k" label="bkkg4AaO4.c6GXZi-QkU_.i152P"
             recordNo="Yb9EJaVsUiLCHPN" serialNumber="CvOjOj3DpX074n91PrO.J0" isPremiere="false" usage="jingle"
             ISWC="Bxvwb8RCP1xxPF5" AKA="oP6encL4A5yJpNH8SDwIiOtGdN" genre="jingle" broadcastedFrom="2020-05-12T11:21:16Z"
             broadcastedTo="2019-01-19T11:21:16Z" runtime="1183091413" origin="self" alternativeTitle="YjXfpwQ2gBn0VjPhXp3.G_5g6"
             recordedFootage="1768190160">
            <Participants>
                <Participant name="Y1.AFbko" role="composer" IPDN="pxJtR_CN2_ESHjaZOzMf7xfAfugQk" performance="chorus master" grossFee="599164338.38"
                     modifier="A" IPI="yJKg.KI4cAF5W9" birthDate="2019-12-24Z"/>
                <Participant name="H723PGIW5sFkozQ4PDUWYxZCB" role="scriptwriter" IPDN="pGZt80w1_HnHYY" performance="main" grossFee="-371735495.89"
                     modifier="C" IPI="zphd33U9tCNH1" birthDate="2020-05-18Z"/>
                <Participant name="ytWgZTlrfQS3tGd" role="performer" IPDN="RLZBkV6D" performance="main" grossFee="444337102.31" modifier="C"
                     IPI="Mm" birthDate="2019-11-21Z"/>
                <Participant name="SD2v6vOcVDGkVCTd7Cwavw7ULach" role="sound engineer" IPDN="Tw340cNB" performance="main" grossFee="-209715661.75"
                     modifier="B" IPI="y-ELbE" birthDate="2018-08-11Z"/>
                <Participant name="JFlgm" role="arranger" IPDN="JGVcQL" performance="supporting" grossFee="625503301.25" modifier="A"
                     IPI="r_Ld0" birthDate="2020-01-11Z"/>
                <Participant name="lFHtI" role="arranger" IPDN="DqaF_yFqfGyOm.ju" performance="supporting" grossFee="1622329492.87"
                     modifier="B" IPI="CQN8bsyo2dDdnYuRd8aH-3v" birthDate="2019-03-08"/>
                <Participant name="cp" role="producer" IPDN="n5VMf0akzNW5jNPFKAo4w8xzR" performance="chorus master" grossFee="355373604.57"
                     modifier="A" IPI="pYgrG" birthDate="2020-05-08"/>
                <Participant name="w" role="composer" IPDN="iW01Zn4iomFgoxfA" performance="chorus master" grossFee="2113215801.56"
                     modifier="B" IPI="UOqcll6vhp0iBGbtYAl_f" birthDate="2020-01-17Z"/>
                <Participant name="WB0DD1jTmhWX_IAovJX6VSQ3" role="composer" IPDN="Op-e..9lOM" performance="main" grossFee="-696892450.80"
                     modifier="C" IPI="Hl4D" birthDate="2020-01-14Z"/>
                <Participant name="e" role="performer" IPDN="NH0Vryd1JYiKUocyehikH9wD6wAi" performance="soloist" grossFee="-18064758.45"
                     modifier="A" IPI="Y" birthDate="2020-06-20Z"/>
            </Participants>
        </Record>
        <Record title="wxdJuz.ruPvDRZf9weaZ" spins="345278831" ISRC="C1336T075IW8" year="5796" producer="zapi8QO0i_N8LW.ip3KNRv9xvIq7"
             label="j" recordNo="pReG3sFIxlPrwCltF2G9y0mp_MYVTk" serialNumber="lT-l0XE-4UoY7zM3_K3CFzlL"
             isPremiere="false" usage="broadcast" ISWC="QMXVjgvPBDXDZVgTFJppy." AKA="b" genre="commercial"
             broadcastedFrom="2019-06-12T11:21:16" broadcastedTo="2019-12-23T11:21:16" runtime="944809637"
             origin="recorded stream" alternativeTitle="bl0QuIV-0p" recordedFootage="182918257">
            <Participants>
                <Participant name="Rg-DLOVUACwxB39xDPhZ_fHSHchGU" role="composer" IPDN="W6wgjfP6VUB3TWqj11ngx" performance="chorus master"
                     grossFee="-1082744141.51" modifier="A" IPI="QpY.PGqmi.ne" birthDate="2020-05-11"/>
                <Participant name="sxBLDU1MZfkVFiPli2iB" role="subscriptwriter" IPDN="JTf2_VEVKsYTuQHaZS-QoA-2xRQ" performance="supporting"
                     grossFee="-1870902355.07" modifier="A" IPI="IOiXZpgh" birthDate="2019-01-19Z"/>
                <Participant name="jTlpohotMn6i_vcfGA7m" role="subscriptwriter" IPDN="gjfxPuyjh_EfcECO.TajkjvZzhYSB" performance="supporting"
                     grossFee="2067657832.51" modifier="C" IPI="L0NgAjLzy1d3qkt" birthDate="2018-07-15Z"/>
                <Participant name="x" role="music director" IPDN="eT." performance="chorus master" grossFee="-1094697079.62" modifier="B"
                     IPI="qEXWf7Ot6i7ggfjjiHtf" birthDate="2019-08-17"/>
                <Participant name="k6P5" role="producer" IPDN="cWKP2y4gYy" performance="main" grossFee="1765609776.66" modifier="B"
                     IPI="TI0o5Pv1QHHzsrsZeTcX3R61dH0MAa" birthDate="2020-05-08Z"/>
                <Participant name="GH.zgR_v6VxVeXV5RCvr.fOQZNTmK" role="scriptwriter" IPDN="FWnhkjgva" performance="soloist" grossFee="1049325157.59"
                     modifier="A" IPI="YXxSQ9adzchg86p" birthDate="2020-06-26Z"/>
                <Participant name="xdffYTtopRtvWdkvKlgWaA3" role="remixer" IPDN="L6mMs0KzMI3a." performance="chorus master" grossFee="1420074525.68"
                     modifier="C" IPI="jiXzn5" birthDate="2018-08-10Z"/>
                <Participant name="XwZT_YO" role="music director" IPDN="vfeVvSXpVxYWsA_YBYoGt7ZP.qCoC" performance="supporting" grossFee="-1938205443.90"
                     modifier="B" IPI="qKm9" birthDate="2019-03-26"/>
                <Participant name="EDvqNj7IDG0l-3Z0zsuPZ5E" role="music director" IPDN="adt" performance="soloist" grossFee="-1850803424.08"
                     modifier="B" IPI="Cb" birthDate="2018-08-03"/>
                <Participant name="r58YHOvfIhdyu" role="remixer" IPDN="Km04xCNn0QUPElpyp6xmyhr" performance="chorus master" grossFee="508153794.30"
                     modifier="B" IPI="UR" birthDate="2019-08-26"/>
            </Participants>
        </Record>
        <Record title="tVgq" spins="1333408137" ISRC="6X355B2Q05WS" year="3306" producer="Sx" label="r5EEZZJs1voDaGYYSn"
             recordNo="TNy" serialNumber="op" isPremiere="true" usage="broadcast" ISWC="Whd3Gi8xrXKU.ZnPlgW9tPMCv_"
             AKA="uXc1ZBBbOckw6CJ3zuyr" genre="spoken word" broadcastedFrom="2019-08-17T11:21:16Z" broadcastedTo="2020-02-10T11:21:16"
             runtime="1139809335" origin="free of charge" alternativeTitle="DVYYvmmWHD" recordedFootage="1785225670">
            <Participants>
                <Participant name="Agmco6" role="subscriptwriter" IPDN="H21RC4X8nxG" performance="chorus master" grossFee="1485272504.51"
                     modifier="B" IPI="lFOxTpFzDL" birthDate="2018-09-05"/>
                <Participant name="v.cbUxP.7ws3N" role="arranger" IPDN="qhPZ1FZRdRdQJlA8" performance="supporting" grossFee="-391041668.47"
                     modifier="A" IPI="iUItE-MieNz6ufY80ynP0DemZoii" birthDate="2020-05-06Z"/>
                <Participant name="L8ug8Vpnv3" role="scriptwriter" IPDN="W4gS_-m5Z9a8JP2hykwcgV" performance="main" grossFee="-160059901.35"
                     modifier="A" IPI="QHZW.JPxh" birthDate="2019-07-12"/>
                <Participant name="zZig3U8bFgWZM-_Pfs-XL" role="remixer" IPDN="ZZ" performance="main" grossFee="1909601402.97" modifier="A"
                     IPI="p5" birthDate="2019-10-07"/>
                <Participant name="N3eDfJ9K7DYnpsxOgtdFGsIGU6EK1" role="scriptwriter" IPDN="f_8a" performance="chorus master" grossFee="1240969200.25"
                     modifier="A" IPI="tNloml-E6RZv13Hz9KAgon" birthDate="2019-11-19"/>
                <Participant name="ng51fiSo" role="scriptwriter" IPDN="eJJbi.u2o1QbJRnjydh" performance="supporting" grossFee="19392380.92"
                     modifier="C" IPI="p_noBL" birthDate="2019-03-03"/>
                <Participant name="s1S.n51MhoF4Fcdtm4-b2a2RkR" role="producer" IPDN="Zczhw6vgm2FxDPKapveCC63xR3hX" performance="supporting"
                     grossFee="7307617.32" modifier="B" IPI="OQ7Nrb3t0" birthDate="2019-05-30Z"/>
                <Participant name="Q0q" role="remixer" IPDN="_lfN2ZwCxgzuL6pVkPewOxQg3vF7" performance="conductor" grossFee="-236657660.85"
                     modifier="A" IPI="v81" birthDate="2018-10-20Z"/>
                <Participant name="c" role="subscriptwriter" IPDN="T16dIrhP5fLh1OG27JdYI_c" performance="conductor" grossFee="98654283.81"
                     modifier="C" IPI="rAdsjCgu" birthDate="2019-12-19Z"/>
                <Participant name="xylsLMqr" role="subscriptwriter" IPDN="iGfQBlK" performance="soloist" grossFee="-1844479280.14"
                     modifier="A" IPI="z" birthDate="2019-05-16Z"/>
            </Participants>
        </Record>
        <Record title="neX9jovjoRRcIOh-JUh" spins="175040709" ISRC="328S72OWGFBR" year="8502" producer="QM.x9DaJF9RZBrw679jUA6XN"
             label="JoNXX8flr4eUAoMhoDlObYmdl" recordNo="_Uc6BW-80arBZ" serialNumber="bVROjm" isPremiere="0"
             usage="broadcast" ISWC="d" AKA="iH6Z8T-.Ru9" genre="composed" broadcastedFrom="2019-05-25T11:21:16"
             broadcastedTo="2019-06-19T11:21:16" runtime="612951456" origin="free usage" alternativeTitle="z3TOoUCwAEk0kR02Z.p2Y_UkDdKoLf"
             recordedFootage="2062771709">
            <Participants>
                <Participant name="iQaIac.ciQJ" role="music director" IPDN="XhXL" performance="chorus master" grossFee="-1614039041.60"
                     modifier="B" IPI="kT" birthDate="2018-12-03Z"/>
                <Participant name="Z_fzDvqcI" role="sound engineer" IPDN="dkMvZegTld4x3yZ09_6X2ca9V8O." performance="soloist" grossFee="1029517658.35"
                     modifier="B" IPI="FNJy" birthDate="2018-12-13Z"/>
                <Participant name="zvJxSkmw0VnxcwGB9MTj" role="performer" IPDN="VmxdmFnEmDB.rzGSaN" performance="supporting" grossFee="-1891093430.41"
                     modifier="B" IPI="jGl7MJRli3mrx-dc" birthDate="2019-05-07Z"/>
                <Participant name="khIdMa7.2ulm7P2n-dYDHVGR9WW_N" role="producer" IPDN="UX_TrQ6cIA02xf1_5G18w" performance="main"
                     grossFee="-1525636752.81" modifier="B" IPI="XDUkYbS7xOp" birthDate="2018-07-12Z"/>
                <Participant name="QhS" role="remixer" IPDN="PzhiLxypu.z0ixRk-HcRyq" performance="main" grossFee="462268803.97" modifier="A"
                     IPI="nWcNu30GZzV" birthDate="2018-10-25"/>
                <Participant name="wkHBrRX0hzsH-Cz1Pzs-j4B" role="sound engineer" IPDN="x47Jgvk6SBllNhmJQOq6ETdSHTqWwG" performance="supporting"
                     grossFee="-325097824.09" modifier="B" IPI="aPF.1pTcufqh9FR56-rNu4Ij" birthDate="2020-02-12Z"/>
                <Participant name="_F" role="music director" IPDN="W4iuc1N7b5tIqqFzDLLt" performance="conductor" grossFee="631397598.46"
                     modifier="C" IPI="r9TLt1B0qJ6_OAAzHevIp5ca3d5n6" birthDate="2019-05-09"/>
                <Participant name="q0lMsK" role="music director" IPDN="TD891de3BUmouqLIf-Au" performance="main" grossFee="-1171942235.79"
                     modifier="B" IPI="cREuMG" birthDate="2019-01-09Z"/>
                <Participant name="YTMT9HrB.ksWiXSCeYeurGwN_mAfX" role="scriptwriter" IPDN="RvzQwht9nvER0_C" performance="chorus master"
                     grossFee="-641739230.75" modifier="A" IPI="q" birthDate="2019-07-13Z"/>
                <Participant name="oYluVS3J" role="sound engineer" IPDN="CCN.Eg" performance="supporting" grossFee="72274657.04"
                     modifier="B" IPI="wie90iZ_z4_.OjwxQQ51743wC6mo" birthDate="2019-05-17Z"/>
            </Participants>
        </Record>
        <Record title="o0yE_Ct" spins="96456781" ISRC="86TP999CO477" year="9928" producer="Fre42mi4XZkiHxs8OnQ" label="YsFmHygPLqlVI60_e8Di.8xf"
             recordNo="bMqr" serialNumber="RfpCE6p0A" isPremiere="0" usage="broadcast" ISWC="xjkVXVycolUm7B"
             AKA="EFT" genre="spoken word" broadcastedFrom="2018-07-21T11:21:16" broadcastedTo="2019-01-25T11:21:16Z"
             runtime="1212471816" origin="live stream" alternativeTitle="eulsCPTD3d61UNcHOTS" recordedFootage="706482923">
            <Participants>
                <Participant name="tGO3WAbcd7" role="sound engineer" IPDN="I1uq_i_" performance="main" grossFee="1244329921.10" modifier="B"
                     IPI="MDdZvDo9dEpt.53V91r4hDBSO" birthDate="2019-07-16Z"/>
                <Participant name="sm" role="music director" IPDN="KGg4Ni7" performance="conductor" grossFee="-1399941445.28" modifier="C"
                     IPI="k9hMs9.4Hy" birthDate="2018-12-06Z"/>
                <Participant name="er.Nh0T.mvU" role="subscriptwriter" IPDN="FFUZfnztzeEGr9Qd" performance="main" grossFee="-386871037.61"
                     modifier="B" IPI="WFJ6F" birthDate="2019-04-02"/>
                <Participant name="oeDOFfqi8GDao.oq0GZ-ltnEJ" role="performer" IPDN="hSd12bbLqh88vxNF5skQlWt" performance="supporting"
                     grossFee="-588702539.83" modifier="C" IPI="IvKi2gMuXBDDOEYbL" birthDate="2020-04-20"/>
                <Participant name="rNWfIcZ_J6x7NkdS8uKy4u5ZC0rE" role="subscriptwriter" IPDN="J8F_2j" performance="main" grossFee="390813060.41"
                     modifier="C" IPI="fjI.DyqH4z5MW7np" birthDate="2019-11-05"/>
                <Participant name="c-F8CKGa31u6Qfx5yyS8hV-3W-u8M" role="subscriptwriter" IPDN="oVd5r23kEKyc9uFILL6O6yly1ZO" performance="supporting"
                     grossFee="-195237209.06" modifier="A" IPI="k48qihVB9qpEytjFWKZnp1tf" birthDate="2019-08-15"/>
                <Participant name="S_DYkjNfsEkABXx" role="producer" IPDN="lV-U" performance="conductor" grossFee="-289821781.09"
                     modifier="A" IPI="l0tsWXK0qNOKaDQC" birthDate="2018-11-26Z"/>
                <Participant name="W6J3R36ISr9ziR3.4IUce" role="music director" IPDN="mNa" performance="main" grossFee="1908387418.67"
                     modifier="B" IPI="kNY0u" birthDate="2019-09-16Z"/>
                <Participant name="EHtc-C3CEW6-h_9iIt4B" role="subscriptwriter" IPDN="XaB7u" performance="supporting" grossFee="1233887142.85"
                     modifier="C" IPI="kXlcWfOoqjycuDw9IjlGDQ_4Yymt" birthDate="2019-10-14Z"/>
                <Participant name="psdtZ6nm4eW2PjVm9Nnev" role="remixer" IPDN="CczGUv8TnQ8XBne" performance="conductor" grossFee="1757083941.89"
                     modifier="B" IPI="Uy8r4vH3Nkj7Ts66EzpYHa9k6" birthDate="2019-05-10"/>
            </Participants>
        </Record>
        <Record title="j9wZjgxFTWoIO_uo" spins="1688769669" ISRC="0169Q05P2I9B" year="2864" producer="krMsrAI8rErrjXaNiSkBQ"
             label="Vj3K" recordNo="vKofB6Lp-u" serialNumber="Re86ygWS" isPremiere="true" usage="broadcast"
             ISWC="FGJkCCdmdWLFZW0OdG1ldTx" AKA="CqXO42png5c5InkD2avGyW" genre="commercial" broadcastedFrom="2020-01-03T11:21:16Z"
             broadcastedTo="2019-10-30T11:21:16" runtime="1221613812" origin="report" alternativeTitle="BsgZ6j0efSUS8tbfg_Wm"
             recordedFootage="1187138002">
            <Participants>
                <Participant name="oY-awsM" role="arranger" IPDN="p" performance="conductor" grossFee="-1777984983.16" modifier="A"
                     IPI="c.iJqTkLoFk__yUDSrusjlHCben" birthDate="2020-04-05"/>
                <Participant name="uVoWCdEGD8Yc9Dq.d4NxacyDE14n" role="remixer" IPDN="YKEHTP" performance="soloist" grossFee="-1317483529.08"
                     modifier="A" IPI="gs8VvfONS5_sw8kyUSrO00" birthDate="2019-06-17"/>
                <Participant name="J" role="remixer" IPDN="pgQ26RX5USs3UKjWxw2P4ksoP" performance="soloist" grossFee="-1767732599.09"
                     modifier="C" IPI="KMoCSI0gmwp" birthDate="2019-02-16Z"/>
                <Participant name="x.1ld67RdEV0NX" role="subscriptwriter" IPDN="OdY" performance="conductor" grossFee="1189270250.90"
                     modifier="B" IPI="UpKAz-Q6Vt8YRobUA" birthDate="2019-08-13Z"/>
                <Participant name="hMqD7EnBFXka0-0" role="composer" IPDN="t.Ji7Hs_YjGGuWU" performance="main" grossFee="536350280.51"
                     modifier="B" IPI="s6vxs" birthDate="2018-11-18"/>
                <Participant name="FRMo8cD1JEmk0" role="sound engineer" IPDN="f" performance="soloist" grossFee="-1302644498.89"
                     modifier="B" IPI="XTt9rimTnztnB5" birthDate="2020-04-25Z"/>
                <Participant name="Ez6" role="subscriptwriter" IPDN="uo" performance="chorus master" grossFee="2016455924.66" modifier="B"
                     IPI="RwAL0y8m3hK3t5b0NbKTMCH" birthDate="2020-03-24Z"/>
                <Participant name="Nx8QWbj5mCBuc0Fzi" role="performer" IPDN="n63V0HJEv7cWwUAUiHcmrf" performance="chorus master"
                     grossFee="991056834.57" modifier="C" IPI="XY4hV0_1eK" birthDate="2018-08-27"/>
                <Participant name="W7Z2yD9HyhoFB0NGOiB8f_8KPz8" role="composer" IPDN="qyW1aU4Ocn5aY6n8x0CrOSgqp" performance="supporting"
                     grossFee="-654359363.40" modifier="B" IPI="S1Rh" birthDate="2019-04-15"/>
                <Participant name="j0V5egboZHVIhkz9" role="music director" IPDN="oF3wE" performance="chorus master" grossFee="-1092958210.89"
                     modifier="A" IPI="OS" birthDate="2019-05-09"/>
            </Participants>
        </Record>
    </Record>
    <Record title="aUzjZ" spins="1108282605" ISRC="B9WRK1L2ECUM" year="0754" producer="U" label="UqRlACTMyps53"
         recordNo="wpX.AXzaT3o" serialNumber="ec9gjeYXHcc" isPremiere="1" usage="jingle" ISWC="Q" AKA="dcNnU4xHJQdEXdxgwPUtQ1tC0Sl"
         genre="pop" broadcastedFrom="2019-11-25T11:21:16Z" broadcastedTo="2020-01-07T11:21:16Z" runtime="1723035865"
         origin="report" alternativeTitle="LwPNH3t" recordedFootage="684373428">
        <Participants>
            <Participant name="ow8h.K5IrM9d-g6W11N1plPfVRa" role="composer" IPDN="geNT7Gtyy2HwxW" performance="chorus master"
                 grossFee="1731882180.32" modifier="C" IPI="L.pOTRj-Hm" birthDate="2020-07-01"/>
            <Participant name="MECpCQ9-tUs6_mc" role="sound engineer" IPDN="pECWTkryQli" performance="supporting" grossFee="-1143418682.74"
                 modifier="C" IPI="esN" birthDate="2019-02-04Z"/>
            <Participant name="nMAmXbc8u2mCmqP" role="subscriptwriter" IPDN="N.ZLokSkg" performance="conductor" grossFee="-99605169.14"
                 modifier="A" IPI="csR17cELdZY" birthDate="2019-06-04"/>
            <Participant name="B" role="sound engineer" IPDN="PuS" performance="main" grossFee="1437125940.95" modifier="A" IPI="xZs5B6bMz3"
                 birthDate="2019-12-14Z"/>
            <Participant name="hlITHoCdvMD" role="performer" IPDN="ruH8wdgOJnHH0Vul8nfQBxY4h9" performance="main" grossFee="551980385.02"
                 modifier="B" IPI="tiS6LHlP-zY2FILenNhu" birthDate="2018-11-22"/>
            <Participant name="GXRty6sVSZ-Ja1" role="scriptwriter" IPDN="FIxhrixbI9DXZ2EJH8daE" performance="chorus master" grossFee="508851067.27"
                 modifier="C" IPI="Z8.DQMS06uHlJ_.PAVpq_p5FMc" birthDate="2018-10-11"/>
            <Participant name="sl8TI" role="arranger" IPDN="C1KrO8bY" performance="soloist" grossFee="1538597310.45" modifier="B"
                 IPI="X_ZBxB4CD" birthDate="2020-05-27Z"/>
            <Participant name="K68EQy4aN9LT.Rl4FQIUHUYfKW" role="arranger" IPDN="hWNzvP_S" performance="conductor" grossFee="1835586814.73"
                 modifier="C" IPI="r7DqoO9tuEvlNyx" birthDate="2019-10-13Z"/>
            <Participant name="koYC" role="producer" IPDN="M6A0_kxvyzf.-" performance="main" grossFee="1997523565.35" modifier="C"
                 IPI="DFtl6" birthDate="2020-05-27"/>
            <Participant name="gi68hVDY" role="subscriptwriter" IPDN="K1KZTNVq3PBtdpQq7NVYi1dVIT9uL" performance="soloist" grossFee="-399484259.38"
                 modifier="A" IPI="d1d2harLLJ0cMir6r" birthDate="2019-04-05Z"/>
        </Participants>
        <Record title="GtqxcIDOCr9zjc.vagt_rdC7G" spins="450926947" ISRC="4D14P2DP19K4" year="6203" producer="fdFxTGuPX"
             label="pBSSO7Idr" recordNo="vs1t" serialNumber="fj7EgV" isPremiere="false" usage="commercial"
             ISWC="bui9oHzwW8fbG40" AKA="PXxjNEDwhhLnx71N3.qf8y-Jn9m8" genre="jingle" broadcastedFrom="2019-03-27T11:21:16Z"
             broadcastedTo="2019-10-21T11:21:16" runtime="397788877" origin="free usage" alternativeTitle="_AQj3k7j-1"
             recordedFootage="2062933665">
            <Participants>
                <Participant name="Z9Nei9j1kTJ4hrbWlVnM" role="music director" IPDN="er4Q" performance="conductor" grossFee="84337448.00"
                     modifier="A" IPI="lIbz1BNg1" birthDate="2018-11-17Z"/>
                <Participant name="U7yW" role="subscriptwriter" IPDN="Q3Mg6BmKb2U" performance="conductor" grossFee="-1009609613.21"
                     modifier="C" IPI="LYtdTA" birthDate="2019-12-01"/>
                <Participant name="uNgdO8Y27OEP3kUvk" role="performer" IPDN="w5oJlLD4Bi" performance="chorus master" grossFee="-1316635645.48"
                     modifier="A" IPI="W2Y" birthDate="2018-12-06Z"/>
                <Participant name="C4" role="composer" IPDN="NWIjYgT" performance="conductor" grossFee="-634296296.26" modifier="B"
                     IPI="H3xdDu" birthDate="2020-05-25Z"/>
                <Participant name="qxy0gWyvgqcyjDGfSP67j_ScI" role="music director" IPDN="Xq1ybY5Q" performance="conductor" grossFee="1512691143.98"
                     modifier="C" IPI="mxGQVT0" birthDate="2018-07-06"/>
                <Participant name="EO3dXQRLhDHvjsIfm8c" role="performer" IPDN="eE9F9TImaJ2bapT4PS2DS7s" performance="supporting"
                     grossFee="-1356748585.31" modifier="C" IPI="lzZXyGixK.wN.bpez.5FC" birthDate="2018-11-23Z"/>
                <Participant name="fhWA6oXdqIS_U1.3RvASyenEK" role="arranger" IPDN="UPOhX25pN.4kCWfZwx" performance="main" grossFee="134264791.22"
                     modifier="B" IPI="CDX" birthDate="2019-03-18"/>
                <Participant name="pU" role="music director" IPDN="GG8vucMeEZ7O7gPdfuhDeAloWkYy9T" performance="chorus master" grossFee="1858113859.70"
                     modifier="B" IPI="nHD7nTpbXM6iFT" birthDate="2018-11-04"/>
                <Participant name="U2DlJ" role="scriptwriter" IPDN="RpeijYUUNFNTblN5N3n" performance="supporting" grossFee="-515767639.00"
                     modifier="A" IPI="ZaGCm9YG5Hpcjvgij6OFVHG6e" birthDate="2019-05-15Z"/>
                <Participant name="PkutfapbulHx7n-Aswu" role="subscriptwriter" IPDN="vdckErE9" performance="chorus master" grossFee="134626369.57"
                     modifier="B" IPI="L" birthDate="2019-03-14"/>
            </Participants>
        </Record>
        <Record title="NI2GmFDgYnFPTCz" spins="131049783" ISRC="OA6NT0O7QIA5" year="0699" producer="iBa" label="c3j.GUfSSSlp_dKMKxY_1qZunI"
             recordNo="EFf_UIAE4VcYa90Miw" serialNumber="epXw2RZBw9FX1AnmNvK" isPremiere="0" usage="broadcast"
             ISWC="A" AKA="fekuwaNqJa9tnxpUvd5rsFyar" genre="spoken word" broadcastedFrom="2019-08-04T11:21:16Z"
             broadcastedTo="2019-10-20T11:21:16Z" runtime="677114595" origin="free of charge" alternativeTitle="q91R7ZNFuRzgCEnkZbe8sfpGBX"
             recordedFootage="1372736422">
            <Participants>
                <Participant name="hj6Q0GbLH5DZhQ2RbVUZhavW" role="scriptwriter" IPDN="zDNwTEG4DGASMkYDIsdlF" performance="main"
                     grossFee="454781033.68" modifier="A" IPI="Zbsu" birthDate="2018-08-04Z"/>
                <Participant name="SkBTRq3tkUNTBa" role="music director" IPDN="loyBhqandnj8_cK" performance="soloist" grossFee="-376878028.12"
                     modifier="A" IPI="EotFdSDFMrlX" birthDate="2019-02-18"/>
                <Participant name="lS7nc3QXRzkN87y" role="producer" IPDN="gy6kjXYkobu7" performance="supporting" grossFee="241044957.99"
                     modifier="A" IPI="gwGrJjQlTVp" birthDate="2019-01-08Z"/>
                <Participant name="mT" role="arranger" IPDN="pdKiIhpTUr0pY" performance="chorus master" grossFee="1018645696.22"
                     modifier="B" IPI="Rp2_sH9R6CtMSNt0qA6g1OxRp" birthDate="2018-07-18"/>
                <Participant name="yP8gJFCBfAW" role="music director" IPDN="hV" performance="supporting" grossFee="611725291.06"
                     modifier="C" IPI="yuzO9Ke8qqmsl47undMsVpsnJ" birthDate="2020-04-19Z"/>
                <Participant name="z0lK6P" role="producer" IPDN="Mm7FaRl7wce825XoDA0rlb6OruI" performance="chorus master" grossFee="-908315838.26"
                     modifier="C" IPI="w8DiWl-.yl23O3zRWRqnXZ" birthDate="2019-01-10Z"/>
                <Participant name="rqCa6NXAPI9N8EB" role="subscriptwriter" IPDN="PyoOLbCSp9h3mV4H" performance="chorus master" grossFee="1549422447.85"
                     modifier="B" IPI="r0fENKX_jPVDnDw14MA6OqUDa-Gz" birthDate="2018-11-29"/>
                <Participant name="LqUl5uPENwXgBbhHg.NM" role="composer" IPDN="S1lK-rrLBOR_hvVoGkMCNVoEc" performance="chorus master"
                     grossFee="723868696.29" modifier="B" IPI="d3SrokPz4CQ" birthDate="2018-12-13Z"/>
                <Participant name="aamb.iW4l_y" role="composer" IPDN="HcogHEDJLXl_L" performance="main" grossFee="496146108.69" modifier="A"
                     IPI="UshMjBlVV-nqClzJcnv3YpAbVt" birthDate="2019-06-10Z"/>
                <Participant name="GQs2b" role="scriptwriter" IPDN="AF8MjoWPe" performance="soloist" grossFee="-1252302552.33" modifier="C"
                     IPI="eK9tWTmvyrt6Rm-mHjtWlOpAhkvf7I" birthDate="2020-04-11Z"/>
            </Participants>
        </Record>
        <Record title="vnMC.URkQuEtk5hg0fs5pmXr15k_" spins="668657261" ISRC="RI0Y96NY4DHU" year="8803" producer="lsL-gh3LKySvk3nWlJ7ay.Elo"
             label="klhzGI" recordNo="gkAgN" serialNumber="u0iEYbWlNI5s180p-ESvn" isPremiere="false"
             usage="broadcast" ISWC="kLkH42wqKr42o9cPR5BiB-Ff" AKA="m" genre="jingle" broadcastedFrom="2018-10-27T11:21:16"
             broadcastedTo="2018-11-23T11:21:16" runtime="959281958" origin="report" alternativeTitle="qK3eYgtt3nIul2J-p"
             recordedFootage="1405176290">
            <Participants>
                <Participant name="dJPhuHpt9Y6u6" role="music director" IPDN="oQup" performance="main" grossFee="-930774939.68" modifier="A"
                     IPI="hlQA4XMbQKLXCvK" birthDate="2019-07-11"/>
                <Participant name="bDtzjlj" role="producer" IPDN="VY3JA7aOAk2_xaPTCogH" performance="supporting" grossFee="641299049.90"
                     modifier="C" IPI="gFEogzEG" birthDate="2019-09-18Z"/>
                <Participant name="C71t9ldN" role="subscriptwriter" IPDN="Q4Ky47Fq.PjqKo" performance="soloist" grossFee="1637581267.43"
                     modifier="C" IPI="GxUitm" birthDate="2018-10-30Z"/>
                <Participant name="Bap9ZH1F.ZDpnFI8u" role="sound engineer" IPDN="hJd-gS3uO51so" performance="main" grossFee="-1293597203.23"
                     modifier="B" IPI="OSuoBS1aut_1HxSvNLG4a0g" birthDate="2019-07-20"/>
                <Participant name="IqZCAgo8sDflkS" role="performer" IPDN="Sgg4" performance="supporting" grossFee="-12774822.16"
                     modifier="A" IPI="Vt5Dzw0Uw9nS21GIBC9JIyJH" birthDate="2020-06-27"/>
                <Participant name="thw8lmShE6Ee8MOfQL" role="arranger" IPDN="G_QVaI0ThgME.YP" performance="conductor" grossFee="-1589513301.03"
                     modifier="A" IPI="T-jpZLAaAYh2CVxMA" birthDate="2019-09-17"/>
                <Participant name="XdvDuNf158erULc7DIHfa" role="performer" IPDN="z" performance="main" grossFee="1751219047.95" modifier="C"
                     IPI="KMaIHGu" birthDate="2018-08-05"/>
                <Participant name="wV6b_QWZxurZbD.oIP" role="subscriptwriter" IPDN="IhwxEIbpFdrIoejrNVzGFvknSCc-HS" performance="conductor"
                     grossFee="-25184343.48" modifier="A" IPI="Xr9ida" birthDate="2019-03-20"/>
                <Participant name="f9j..M-TWsCvEU8nSB2zdX_CI3" role="performer" IPDN="wGqZHqLksgH1hzC9tLHyM9ne6v-w" performance="soloist"
                     grossFee="-205558117.96" modifier="C" IPI="qZaNapYtxCIaUs" birthDate="2020-04-26Z"/>
                <Participant name="H" role="composer" IPDN="Y" performance="conductor" grossFee="-1677752434.32" modifier="A" IPI="GVOKshv9yIG9Pa2wBe6Ly6B"
                     birthDate="2019-02-24"/>
            </Participants>
        </Record>
        <Record title="Uh5k8wSiwOpqnoQ" spins="955554722" ISRC="2792UJ8LB05R" year="7071" producer="AbEO3P.g7kgMIYZi9Q4QJ4mP"
             label="Rktchei" recordNo="GbIGwcub6njMLEz9fGjs" serialNumber="cvCUBSBbhP7Nodb6I2K" isPremiere="1"
             usage="broadcast" ISWC="EbZcbNlFakTuIxS6.Mykyr" AKA="rkOmORSay_ZhQsWQeUhMH" genre="spoken word"
             broadcastedFrom="2019-06-18T11:21:16Z" broadcastedTo="2020-06-05T11:21:16" runtime="2134467507"
             origin="report" alternativeTitle="s4-o4ky" recordedFootage="1832087814">
            <Participants>
                <Participant name="y.KUHPmfjE7.JODLfktN0VfzAdzZC" role="sound engineer" IPDN="belwXBh" performance="soloist" grossFee="1124675391.05"
                     modifier="C" IPI="s" birthDate="2020-05-02"/>
                <Participant name="TP2XYCrv9L_" role="producer" IPDN="rQTfyDBx2C" performance="main" grossFee="-1670653387.52" modifier="A"
                     IPI="jIkr3L3M" birthDate="2019-10-12"/>
                <Participant name="jG5" role="performer" IPDN="l4ggdelENygQwa-xvJBu" performance="supporting" grossFee="-1662547122.30"
                     modifier="C" IPI="UVT9ogDqFW4Xnp74PYGJ6tVYF-" birthDate="2019-01-17"/>
                <Participant name="kxbOw5ktYCoZnbAMMJK1MdPKS78R" role="scriptwriter" IPDN="m1ilISHuipkxJk" performance="soloist"
                     grossFee="-1639517553.67" modifier="A" IPI="oJ30pHNBpC7S" birthDate="2019-05-10Z"/>
                <Participant name="qszJRKFmBR1c7PCJ4x-3lk" role="composer" IPDN="xWK" performance="chorus master" grossFee="-1399538656.31"
                     modifier="C" IPI="Mcl_5" birthDate="2019-04-11Z"/>
                <Participant name="afaN3p10hUO5kD_qH-IQhuSbXEni7" role="sound engineer" IPDN="_ogj-V" performance="soloist" grossFee="-556434782.49"
                     modifier="A" IPI="lugqYONuIIUiQJiauurbwVPJF8dt" birthDate="2018-07-28Z"/>
                <Participant name="ufMVTTwl" role="remixer" IPDN="ELkLyYEM" performance="main" grossFee="-933606509.55" modifier="C"
                     IPI="XiA1nmWnnmpTt7laaO33X9qPg" birthDate="2019-06-06Z"/>
                <Participant name="Hv2SioYd" role="music director" IPDN="nQsfkl09frW3ln1pnP1JlNQMa7lnj" performance="conductor" grossFee="1595709717.09"
                     modifier="B" IPI="UHwp9EM-ioVGvjIaKGS" birthDate="2020-01-29Z"/>
                <Participant name="kJ2V3Tp" role="producer" IPDN="I7xL_HzITS" performance="chorus master" grossFee="-685791772.37"
                     modifier="C" IPI="QYltrFPkLo4-Y" birthDate="2019-10-30"/>
                <Participant name="nP63sG3Mni." role="producer" IPDN="eK2FHmLgucBUo.zD8BnzKENmF" performance="conductor" grossFee="895385643.73"
                     modifier="C" IPI="SO" birthDate="2018-08-14Z"/>
            </Participants>
        </Record>
        <Record title="Rl23FkTQn_jBH0Aky5KzOzsia" spins="1693801225" ISRC="CZ41E49QOO74" year="6747" producer="pDrVQPd"
             label="c" recordNo="bz71vvdAAkJQrkeHOl" serialNumber="qb8U1Ot7" isPremiere="1" usage="jingle"
             ISWC="sPdQEdw19ZPr" AKA="edkvZ.2hTVVZOi2VTkr8p" genre="spoken word" broadcastedFrom="2018-08-16T11:21:16Z"
             broadcastedTo="2020-03-04T11:21:16Z" runtime="1561778212" origin="live broadcasting" alternativeTitle="DLvhMIyeLWd_Hv5DP3o.D5Uy_H"
             recordedFootage="804674381">
            <Participants>
                <Participant name="iG.S" role="composer" IPDN="kq" performance="conductor" grossFee="18971292.56" modifier="C" IPI="qUuKVoC3"
                     birthDate="2020-01-31"/>
                <Participant name="H4NC4dhDC3Uz88" role="remixer" IPDN="Q83" performance="supporting" grossFee="-1216106778.59" modifier="A"
                     IPI="pZVOVn_E2" birthDate="2018-12-01"/>
                <Participant name="Vw.OoDP7l" role="subscriptwriter" IPDN="DiU65JDhFJjV8oPoCFvU5.2nf" performance="chorus master"
                     grossFee="-842631076.06" modifier="B" IPI="Kk6-.xaeoz9VAHLREcJAigSl6NThq-" birthDate="2018-08-26Z"/>
                <Participant name="XoCYmb1A-jDaB" role="remixer" IPDN="_H5.Hdtsxs" performance="main" grossFee="-1512373516.82" modifier="C"
                     IPI="tyw9FpwNorRWDX3kwKY-SP" birthDate="2019-04-18Z"/>
                <Participant name="HQJQImIUTZ9" role="remixer" IPDN="mIE" performance="conductor" grossFee="-471979086.18" modifier="C"
                     IPI="v" birthDate="2018-09-05Z"/>
                <Participant name="tUe1k.qMHBt7zS22" role="subscriptwriter" IPDN="l7Tw2" performance="soloist" grossFee="-634197075.76"
                     modifier="A" IPI="P8tv" birthDate="2019-04-27Z"/>
                <Participant name="R_bC" role="producer" IPDN="u.mKS-uN2e" performance="main" grossFee="678043206.00" modifier="B"
                     IPI="HukJ1i2uJFdEw0l." birthDate="2019-09-02Z"/>
                <Participant name="ib" role="producer" IPDN="GuOOj5qX2UHyo-zugD1.R" performance="main" grossFee="-196848948.80" modifier="C"
                     IPI="EdPZqC6e3rGOv5Sd7_x1rDK" birthDate="2018-10-05Z"/>
                <Participant name="PZ3kipaTo8umDu7N" role="performer" IPDN="QN1eNcxZ3pwq-zXWXqyJp" performance="supporting" grossFee="1254412466.22"
                     modifier="A" IPI="dsUbiqH6u" birthDate="2018-11-15Z"/>
                <Participant name="Mwf9znL6pXtRBs2f" role="producer" IPDN="n" performance="soloist" grossFee="-93381160.08" modifier="B"
                     IPI="YXRC" birthDate="2020-01-23"/>
            </Participants>
        </Record>
        <Record title="hz_" spins="1223158493" ISRC="41H2192JAV4D" year="0335" producer="GsMHZrpPO7D4" label="_zSou1.s5"
             recordNo="E3VGrPajeikq" serialNumber="WCywEiSGWnGwvUPt_-2" isPremiere="1" usage="broadcast"
             ISWC="m4kb93AgNeBZ9Kt" AKA="wiYEz5tne5Oa6" genre="spoken word" broadcastedFrom="2019-08-05T11:21:16Z"
             broadcastedTo="2020-03-15T11:21:16Z" runtime="243962540" origin="free of charge" alternativeTitle="P"
             recordedFootage="214524433">
            <Participants>
                <Participant name="rx9yeH_nZv-ACx98" role="composer" IPDN="yb_7QPF3" performance="conductor" grossFee="342169848.44"
                     modifier="C" IPI="B9oBM" birthDate="2020-04-24Z"/>
                <Participant name="F_oua1n_psa8Jm_CiBhkph6" role="subscriptwriter" IPDN="UWBDgwmdZy6A" performance="main" grossFee="1519938280.84"
                     modifier="B" IPI="jDI_Vsj7Vv4NEt" birthDate="2020-05-18"/>
                <Participant name="N7o2bW8Op0mMzPs.YuFW.4ogqv" role="producer" IPDN="sq2i" performance="conductor" grossFee="429636258.18"
                     modifier="B" IPI="g865i_9Xd.pX18edojEjviv" birthDate="2020-01-07"/>
                <Participant name="AIHYe0z6Pi2f" role="sound engineer" IPDN="DH8tRDobxtW" performance="main" grossFee="1930133582.79"
                     modifier="C" IPI="zxJ" birthDate="2020-06-25Z"/>
                <Participant name="cR4PEMrxFvYmUbX9dRErWlg" role="music director" IPDN="obsNH-mrZ1-RuVu-IO4NMFa6" performance="chorus master"
                     grossFee="1678349616.89" modifier="C" IPI="tNn8YAeV3" birthDate="2020-04-07"/>
                <Participant name="H5Ymc12L7wKeTvt" role="producer" IPDN="NbSM30QaVdnkH.SPjBTl4dvXw" performance="supporting" grossFee="-1900238461.26"
                     modifier="C" IPI="rgM" birthDate="2018-11-07"/>
                <Participant name="pt" role="producer" IPDN="LBWCM__rGSAYnATztBT.gfYP65Doo" performance="main" grossFee="-873235346.93"
                     modifier="B" IPI="_P4b28Qm7." birthDate="2018-12-31Z"/>
                <Participant name="GoLHilmGMOZtvU0y2SHuZHX8" role="remixer" IPDN="OMPGEgi_S6RUQuR6ezpSVVkymoifk" performance="supporting"
                     grossFee="141488711.83" modifier="C" IPI="Y3" birthDate="2019-11-07"/>
                <Participant name="S_tbVMf4Y" role="scriptwriter" IPDN="iQrpZsnjfVLe-vaRe6i1a1xg" performance="conductor" grossFee="404105669.95"
                     modifier="A" IPI="ofT6eTxGgqUptv0sfmr" birthDate="2019-10-29Z"/>
                <Participant name="_37UzsPzugbA" role="composer" IPDN="f7IKfM_4pttMbxbvnL-" performance="soloist" grossFee="-1220553570.14"
                     modifier="C" IPI="I7iIT9IlV1" birthDate="2020-04-05Z"/>
            </Participants>
        </Record>
        <Record title="In-XZzqxb.HbMYI" spins="2015992138" ISRC="HOMWM432VDDS" year="2550" producer="M4IWGX_tCrNLfiQI"
             label="x7vz" recordNo="o0o" serialNumber="Yk09Q9QeoizAOs-s" isPremiere="false" usage="broadcast"
             ISWC="Dh2hU2QXYv7vn_GKR.B" AKA="qOUWibTtXXj_39LbOEUjK" genre="composed" broadcastedFrom="2019-10-24T11:21:16Z"
             broadcastedTo="2020-01-02T11:21:16" runtime="211840163" origin="free usage" alternativeTitle="tcTyoTyEu06lsRGJOExRas"
             recordedFootage="601465139">
            <Participants>
                <Participant name="IRBAbN8odohUMYvT" role="scriptwriter" IPDN="tHv01sZVHIlr_JI13Clu" performance="supporting" grossFee="-1331611793.67"
                     modifier="A" IPI="gKLljk1AO.OpfzuS_Tg49JcxJtxney" birthDate="2018-09-28Z"/>
                <Participant name="Xfjsn95" role="music director" IPDN="ePh4YbDXS5KOzf-.rocJtw" performance="main" grossFee="-1354969663.80"
                     modifier="B" IPI="T7kE-yxGmgeOTMnq-VfYKIKi" birthDate="2019-05-27"/>
                <Participant name="I8eM4jpfJwtYvslZ" role="music director" IPDN="pEzLOAAAZl" performance="soloist" grossFee="683036976.50"
                     modifier="A" IPI="A.XY39g4C3." birthDate="2020-04-07"/>
                <Participant name="IZAGrxO5Kfg" role="sound engineer" IPDN="x26BWw" performance="chorus master" grossFee="1885690041.45"
                     modifier="A" IPI="stiR1-se" birthDate="2019-01-13"/>
                <Participant name="b" role="sound engineer" IPDN="ip1ym." performance="chorus master" grossFee="-1311161800.12" modifier="C"
                     IPI="QSMHR5Q5UG3" birthDate="2019-10-27"/>
                <Participant name="uZibfL.ZE7_ri" role="remixer" IPDN="Yx_SEiiH31SGdVkz" performance="soloist" grossFee="2009467119.98"
                     modifier="C" IPI="S" birthDate="2018-08-07Z"/>
                <Participant name="XJPBnWZTWs-" role="producer" IPDN="PFrRUaVYCr" performance="main" grossFee="95594534.74" modifier="A"
                     IPI="QZfcBQnsZ4K63" birthDate="2019-08-21"/>
                <Participant name="pIOyVnPar3qrAR" role="performer" IPDN="WqrODoV8Utf" performance="main" grossFee="591002907.25"
                     modifier="B" IPI="b0u1LSn2cQu.Yau2cA846Rbk" birthDate="2020-07-01Z"/>
                <Participant name="oCBRJ4gFv0b" role="subscriptwriter" IPDN="ayX5tLwsjZPNbyK" performance="supporting" grossFee="460128359.10"
                     modifier="C" IPI="JH4c-nocMI_vufDwBlM3v.N1aynA" birthDate="2018-10-05Z"/>
                <Participant name="d1.PATeBCvHx" role="producer" IPDN="e2x" performance="main" grossFee="516605639.89" modifier="B"
                     IPI="XsZUwaHLtJm2x8gpVtX" birthDate="2019-09-07Z"/>
            </Participants>
        </Record>
        <Record title="ls" spins="206099346" ISRC="XKJ5H2O6633X" year="6067" producer="mAJzKfwwE0LU7rbMCVWYpuite_znpc"
             label="opp3iWXoGHCKZ_YVpPbM3oAMRw" recordNo="iczHS3irB3EVnu" serialNumber="LUuXcKH9msf9aT.5HcUEQy_J9"
             isPremiere="true" usage="jingle" ISWC="z8R" AKA="rtVVZ4iUp3-ABV4ae3" genre="jingle" broadcastedFrom="2019-07-25T11:21:16Z"
             broadcastedTo="2020-04-03T11:21:16" runtime="830624829" origin="commerce" alternativeTitle="O72EvwRerP8JAtdtOjQfAVAGm"
             recordedFootage="1301335255">
            <Participants>
                <Participant name="nBOiVrbxpHeMEM8BZ1Lqby" role="composer" IPDN="iSDZ4gJ1HJQsWqrwxJ8UvU2" performance="soloist" grossFee="-1703378530.30"
                     modifier="B" IPI="q36dxkLbTAcz5WrAqcH" birthDate="2020-02-04Z"/>
                <Participant name="t0.vOm" role="performer" IPDN="Tcw-Whp57Y78X.wAgwG.u0IMws" performance="supporting" grossFee="-1251967537.20"
                     modifier="B" IPI="VwHpko.gkKC" birthDate="2019-03-13Z"/>
                <Participant name="dJZBy9.sLr_sa3W0j." role="arranger" IPDN="Y" performance="soloist" grossFee="-582526980.10" modifier="A"
                     IPI="bVt3fj5G_YttXg3CtZbjkXE" birthDate="2019-01-07"/>
                <Participant name="cGTDVtpedoOw" role="producer" IPDN="Pd0U9-XJ3AGemilBR2pI" performance="chorus master" grossFee="1382645232.47"
                     modifier="C" IPI="jTph2Vcj9z4zkURNihvla6RmVF" birthDate="2019-02-22Z"/>
                <Participant name="jmkxwLzbE14Rll4NY8lyskVY" role="producer" IPDN="dhlYzXylo_meTGBTHokq" performance="soloist" grossFee="802670435.04"
                     modifier="B" IPI="K-hSvDsX6RUMa-cbs1.jqGwtJU" birthDate="2018-10-05Z"/>
                <Participant name="ZK" role="performer" IPDN="KS" performance="chorus master" grossFee="-246112582.14" modifier="A"
                     IPI="jAzUer8w5NyuIt0n8L" birthDate="2019-06-30Z"/>
                <Participant name="D5OA7I-2C4tOruODkxI7kcOCOkZuFR" role="performer" IPDN="xV9YbYHRCYW8W.M" performance="soloist"
                     grossFee="-858000698.48" modifier="A" IPI="eNIcyItzyd" birthDate="2020-04-06Z"/>
                <Participant name="Rp4Qur" role="music director" IPDN="EmM6hBzba3Ja_9mbmU9n.8" performance="soloist" grossFee="879758367.24"
                     modifier="A" IPI="oSp1.YWZ-qrb47rb" birthDate="2018-09-12Z"/>
                <Participant name="L" role="remixer" IPDN="dLFmSJEf.-nVRX.SlkK.Kte10" performance="main" grossFee="1017724976.14"
                     modifier="B" IPI="KTn" birthDate="2019-01-11Z"/>
                <Participant name="Q7Z2lltAbbFYKLI75rPf" role="sound engineer" IPDN="eIxTAT2CrhF7CRkf" performance="soloist" grossFee="-275475733.10"
                     modifier="A" IPI="AB.m" birthDate="2018-10-22"/>
            </Participants>
        </Record>
        <Record title="ayPm2u" spins="136206674" ISRC="N08HS228OBB5" year="6030" producer="X" label="JhMl" recordNo="H"
             serialNumber="NUDdv38.XmgINucoPWP8vW" isPremiere="false" usage="jingle" ISWC="Yyvnmg5A7poVgSd9eNDyQg"
             AKA="X7TsRC.NpSr5C.93zc7cNa29A2" genre="commercial" broadcastedFrom="2019-11-25T11:21:16Z"
             broadcastedTo="2018-08-09T11:21:16Z" runtime="845043618" origin="recorded stream" alternativeTitle="MtNcPAcdwM6r9nFll"
             recordedFootage="345670854">
            <Participants>
                <Participant name="KS9-H458W4OnIbulQqN9Hurh1LwJQ" role="remixer" IPDN="Q4QE94uwMAF-rX" performance="main" grossFee="1966855.15"
                     modifier="A" IPI="EsLO" birthDate="2018-10-09Z"/>
                <Participant name="nv.UGGUU" role="subscriptwriter" IPDN="DO" performance="conductor" grossFee="1312540284.64" modifier="C"
                     IPI="L0vN1PDUsy" birthDate="2020-01-17Z"/>
                <Participant name="FCpZXJ" role="producer" IPDN="MYz" performance="chorus master" grossFee="-413237619.77" modifier="B"
                     IPI="c.06DwSnUf" birthDate="2018-11-11Z"/>
                <Participant name="wvK7uYT-9aTj937vPPaqEVPj" role="composer" IPDN="C2DZ_WHhCmfXgVWFFknGEgNxQ" performance="supporting"
                     grossFee="-425071533.23" modifier="A" IPI="Tj6oqzaY1I6JWrelOPj_OA" birthDate="2018-10-06"/>
                <Participant name="yCp-ifWnqDvgkwl-OO6wm" role="music director" IPDN="AOc5Q.fQCD4QsPzhEdp-" performance="supporting"
                     grossFee="-1433056483.41" modifier="B" IPI="V8SqiE" birthDate="2018-10-21"/>
                <Participant name="l" role="producer" IPDN="i.GvcjHiMB.ojoLALD" performance="conductor" grossFee="1129836608.30"
                     modifier="C" IPI="cShBQqh.uCqpABV" birthDate="2019-08-17"/>
                <Participant name="R6Eqz" role="remixer" IPDN="SmG" performance="conductor" grossFee="-184326562.22" modifier="B"
                     IPI="jWdspW6Ys" birthDate="2019-09-21Z"/>
                <Participant name="tvtR" role="music director" IPDN="t7mJg5SleZLrI" performance="soloist" grossFee="-1501749376.77"
                     modifier="A" IPI="mnvMjelds8C" birthDate="2019-06-15Z"/>
                <Participant name="cjCTVFoIDHWv0ym" role="composer" IPDN="PRndgd5_GkzN_j-rbGy4pUAgU" performance="conductor" grossFee="1813893349.23"
                     modifier="B" IPI="JMdnyatyioWHydI7N" birthDate="2019-09-20Z"/>
                <Participant name="DIPdtJZLQV2VE4Y9fV87oxcHH" role="arranger" IPDN="oAJSYql9Cyv0M" performance="conductor" grossFee="263560678.56"
                     modifier="C" IPI="SqqU2rSVeb8QhTzZfaHFx1" birthDate="2019-12-23Z"/>
            </Participants>
        </Record>
        <Record title="pf" spins="1973053021" ISRC="6RQLXNY9DNHV" year="6437" producer="G1Qch-E3HcVk4MZ1" label="Bomt_2aj3egSIw5Dl-P9"
             recordNo="zOt4" serialNumber="V.lW.7jvX0mp.BH-UmBLWntoFTtz" isPremiere="1" usage="jingle"
             ISWC="RmvKaibEaTgv4" AKA="Go-j" genre="spoken word" broadcastedFrom="2019-05-28T11:21:16"
             broadcastedTo="2019-06-06T11:21:16" runtime="273401662" origin="live broadcasting" alternativeTitle="F.lyRoefgg"
             recordedFootage="1058631657">
            <Participants>
                <Participant name="eTZa" role="remixer" IPDN="fq.BqVw9PWon" performance="supporting" grossFee="1109573614.87" modifier="B"
                     IPI="AfRI3N" birthDate="2019-05-08Z"/>
                <Participant name="PfSgwG0IFgypN5hHZ_" role="composer" IPDN="qDmVg-i0uEJPOVQ0wzhE_uQ-Bsm" performance="supporting"
                     grossFee="333470786.76" modifier="A" IPI="tQtSDEO2O2" birthDate="2019-01-06"/>
                <Participant name="dZ0l-uZOCYtDG81qPYwl9" role="composer" IPDN="eqT_k4pBqzSxAZtKOiw3U" performance="soloist" grossFee="1031241612.99"
                     modifier="C" IPI="HkbrVfkWhWqUU3ZwyQ3P1tdk-wBp" birthDate="2018-07-03Z"/>
                <Participant name="cQGAy2Ke" role="subscriptwriter" IPDN="Vr2y-4eMe225TX.X6MtrRabwY4" performance="soloist" grossFee="-1534547457.51"
                     modifier="A" IPI="St3UZjm7NOT" birthDate="2019-10-04"/>
                <Participant name="o" role="scriptwriter" IPDN="kJ" performance="conductor" grossFee="-325576354.78" modifier="B"
                     IPI="qKk.q66n-NDanJttbZhwCM" birthDate="2018-08-21Z"/>
                <Participant name="eW8OEmJKsLbfbu6aV05mkedi" role="music director" IPDN="y308q." performance="soloist" grossFee="-984632875.74"
                     modifier="A" IPI="g-uW0nOqayTrB4RFW-YGe" birthDate="2019-05-08"/>
                <Participant name="tw" role="subscriptwriter" IPDN="Qu1J-J6xi.SAyuwKd4T5yiSsxX" performance="chorus master" grossFee="1553639201.69"
                     modifier="C" IPI="ebebC0PDdn" birthDate="2019-02-27"/>
                <Participant name="l45RjDyf" role="music director" IPDN="tdu7g8B1ZmRmRnXD5RHlFAVJw7F" performance="main" grossFee="97809417.98"
                     modifier="C" IPI="T6yY6VpJ2nJic" birthDate="2020-01-31"/>
                <Participant name="Y84Xyb" role="producer" IPDN="NQ.NtGL-YkshQ5kLzV6XW5WCnz2d" performance="chorus master" grossFee="1153357363.48"
                     modifier="A" IPI="UUyAhBIaKYN_a-LsBp" birthDate="2020-04-28"/>
                <Participant name="q5T1rBzW0vd9ln4" role="arranger" IPDN="x" performance="main" grossFee="-37806892.92" modifier="B"
                     IPI="zF7e-n-UdG" birthDate="2019-03-31Z"/>
            </Participants>
        </Record>
    </Record>
    <Record title="Eg9Q8" spins="1094928997" ISRC="9G9RB2F663UQ" year="5161" producer="rYrBowWEc1D8ECZVN8LMLRhCcA_"
         label="esBa0q-z" recordNo="wqi_brU5cW7TuQMgHo5rcRv" serialNumber="UBwLlTJ" isPremiere="1" usage="broadcast"
         ISWC="PdPn" AKA="A5LD_BGf.eSMbO" genre="pop" broadcastedFrom="2019-03-12T11:21:16Z" broadcastedTo="2019-10-21T11:21:16Z"
         runtime="1554187245" origin="free of charge" alternativeTitle="m8UTETf1y" recordedFootage="1246461527">
        <Participants>
            <Participant name="jL11CQj6TUMogl" role="arranger" IPDN="NfhfYdWCs-5RggFk.WvX8-hvVT" performance="supporting" grossFee="-1097461768.19"
                 modifier="C" IPI="l.bs" birthDate="2019-09-10Z"/>
            <Participant name="dbGnGwzLajVb.Ub" role="scriptwriter" IPDN="CXqAlnV5r" performance="chorus master" grossFee="1079525637.11"
                 modifier="B" IPI="Z1JJnjG0BJmjH_" birthDate="2020-04-24"/>
            <Participant name="FLG" role="remixer" IPDN="yQ.TPxXC" performance="supporting" grossFee="-1426242344.12" modifier="A"
                 IPI="lImLx1ZapOZCcUIgO210WuMBtHqRK" birthDate="2018-12-10Z"/>
            <Participant name="XNbuMgAMj" role="remixer" IPDN="CT4pwQRlOoF6uw1nT9bT-Q" performance="conductor" grossFee="-611692784.65"
                 modifier="B" IPI="f_Qzp" birthDate="2019-02-08"/>
            <Participant name="DhpJQ2Ss5VLfsbeS0VyNm44PMr" role="performer" IPDN="x_FxUe8_TcyHr1PFYzVyJPMmaIQUuJ" performance="chorus master"
                 grossFee="-358370765.36" modifier="C" IPI="enfomNFnk" birthDate="2020-01-11"/>
            <Participant name="idQlJgNT" role="scriptwriter" IPDN="tmwNiDK-F6EuY3SfEkO1" performance="conductor" grossFee="-1874943137.55"
                 modifier="C" IPI="R2kOJYZWkAuJahaRoeHd__SJJ0V" birthDate="2020-03-27Z"/>
            <Participant name="lg" role="composer" IPDN="tiv_ni_OPhAQ45NeMuP4c3ctxqkQRm" performance="chorus master" grossFee="944921001.09"
                 modifier="B" IPI="A22rK" birthDate="2020-04-25Z"/>
            <Participant name="Ae" role="producer" IPDN="od4cA" performance="soloist" grossFee="-2030917770.16" modifier="A"
                 IPI="t-JdTeROZ" birthDate="2019-08-18Z"/>
            <Participant name="x0t0" role="producer" IPDN="nB.D3W" performance="soloist" grossFee="-402669125.63" modifier="A"
                 IPI="yQ3RROvcY0e" birthDate="2019-03-14Z"/>
            <Participant name="fA" role="remixer" IPDN="Vx0Em0fR3F4uFpE" performance="chorus master" grossFee="2073858613.13"
                 modifier="A" IPI="dkz4iOLss5mV4q7aG" birthDate="2019-12-29"/>
        </Participants>
        <Record title="Lq" spins="902036550" ISRC="7J4228ML4V5S" year="6534" producer="Z-BZB8R9dP6n" label="RltDgBSNYcslt0F"
             recordNo="_QYgOXNEN_hgC6fopMUFddy" serialNumber="VnKtWjsBbLTAIr9RWggiYcjx.cGH" isPremiere="0"
             usage="broadcast" ISWC="jFGD" AKA="Cwg03-vFXubHeVQBb3" genre="jingle" broadcastedFrom="2019-08-25T11:21:16Z"
             broadcastedTo="2019-05-09T11:21:16" runtime="614145758" origin="live stream" alternativeTitle="i0ICDBvQorUcw9d2bp-qrwZWV7zY"
             recordedFootage="1818820946">
            <Participants>
                <Participant name="EuOR3Wx" role="performer" IPDN="pGNRdqOv4B.O76kFmb" performance="soloist" grossFee="821775930.40"
                     modifier="C" IPI="leVda_PM" birthDate="2019-12-06Z"/>
                <Participant name="eMqXC8QdzdYz5XB94gtdEbL5nt" role="subscriptwriter" IPDN="x-ETWh" performance="main" grossFee="1374585232.10"
                     modifier="C" IPI="Hl84nasGjcjr_tGP8ZRgwOojEl4jzq" birthDate="2019-07-17"/>
                <Participant name="vQMD5OmOdSbyxnPA" role="performer" IPDN="EXCe" performance="chorus master" grossFee="149233714.61"
                     modifier="A" IPI="kGO0W6VhEf2PBk-IkRoz1q18IuS" birthDate="2020-02-14Z"/>
                <Participant name="yG3uOjec8oDQbOH" role="music director" IPDN="vdGgyH7zcAIBCq-99NA9pak2" performance="supporting"
                     grossFee="196917578.17" modifier="C" IPI="rGhAct4DQmX6g" birthDate="2019-08-22Z"/>
                <Participant name="FsBb" role="performer" IPDN="xRwGN52EH5YlCh8AtAZOw" performance="chorus master" grossFee="1875583840.60"
                     modifier="B" IPI="aFQjDNsIqCGk06bYYmN9oGFq" birthDate="2018-12-21Z"/>
                <Participant name="Nqssug4KiDH.ygB7qg5UiO5jbnd9H5" role="music director" IPDN="QW" performance="chorus master" grossFee="-882957044.87"
                     modifier="C" IPI="_mnrlMckocBa" birthDate="2018-08-08Z"/>
                <Participant name="tkjRZweDV" role="performer" IPDN="Y66ludgZDLTxkTpoTS4F" performance="supporting" grossFee="-1309152892.55"
                     modifier="A" IPI="KSZ-" birthDate="2018-11-29Z"/>
                <Participant name="kc1CLS" role="composer" IPDN="XLV0FJ" performance="main" grossFee="1588194665.67" modifier="A"
                     IPI="adBiD3MXnOxdOSi3gz7TZaz" birthDate="2019-08-04"/>
                <Participant name="Q.RuNANLVcgs0" role="sound engineer" IPDN="E" performance="main" grossFee="1721370158.18" modifier="B"
                     IPI="OIeKhivK" birthDate="2019-10-18Z"/>
                <Participant name="n7Lj7MKgRnrelc3SD5o2" role="sound engineer" IPDN="lhz4T.dlZ_ZVZak" performance="soloist" grossFee="-1611794327.24"
                     modifier="B" IPI="lrxk8ciqqjBIQgufXZWn" birthDate="2020-05-20Z"/>
            </Participants>
        </Record>
        <Record title="Fp" spins="421406213" ISRC="31U0E70560D4" year="2021" producer="pz3YDEW8aoG_u" label="fgBCyykxm2Eb7jHTsSjezaiVd0"
             recordNo="NSI._yJlvlV.IBD_" serialNumber="Aw0V7WGhwZIbPT3tNKFy238GuVzY" isPremiere="false"
             usage="commercial" ISWC="JC38hduu" AKA="P86YIZ4tm0" genre="jingle" broadcastedFrom="2019-10-21T11:21:16"
             broadcastedTo="2018-11-08T11:21:16" runtime="2144579234" origin="free usage" alternativeTitle="wvMgrgzhsx_qQ"
             recordedFootage="645455834">
            <Participants>
                <Participant name="X2x.CKDb" role="composer" IPDN="JeOUkC3CP" performance="conductor" grossFee="-1989053328.59" modifier="B"
                     IPI="NTBzuive3CYBoO" birthDate="2018-12-07"/>
                <Participant name="gfveM27Q576Ta-nkMZxHf" role="performer" IPDN="B26u" performance="chorus master" grossFee="1773527080.33"
                     modifier="C" IPI="IGjEEcyQrkc" birthDate="2020-01-30"/>
                <Participant name="N" role="remixer" IPDN="x2o1D" performance="soloist" grossFee="-1504153828.15" modifier="A" IPI="jLzX0lHIMAmgpENEKRLMlQ"
                     birthDate="2019-07-12"/>
                <Participant name="ZdcxUCpiQTLoXqj2mV2wE" role="subscriptwriter" IPDN="Iz" performance="chorus master" grossFee="1021005981.24"
                     modifier="B" IPI="lgPhc27p1mhUV" birthDate="2018-12-09"/>
                <Participant name="BkqAZfLRimK16HTR" role="performer" IPDN="NqClZEIce" performance="main" grossFee="150879161.69"
                     modifier="A" IPI="Vex2MPaRJN-YqC" birthDate="2018-10-09"/>
                <Participant name="YzkWZKwBl-xu" role="arranger" IPDN="nI.nTaH2YWp_MjFF" performance="supporting" grossFee="588927542.82"
                     modifier="A" IPI="DX" birthDate="2018-10-22Z"/>
                <Participant name="Xn" role="remixer" IPDN="Ql5hQ_G" performance="soloist" grossFee="1805999393.36" modifier="A"
                     IPI="e_oOkqfNabaVKu_8DZR" birthDate="2019-03-07"/>
                <Participant name="hYTYH7" role="arranger" IPDN="z1Y18bGR0yGWdwRfDmE-" performance="main" grossFee="105243047.77"
                     modifier="C" IPI="pa8W0.9MH6iKI" birthDate="2020-06-01"/>
                <Participant name="gHZds2PA09Gzq" role="producer" IPDN="FW9rOG0RkDSby4VlLiZa" performance="chorus master" grossFee="-1119537353.45"
                     modifier="A" IPI="JmgeOLA2mnHOvyNsnACluwl_L" birthDate="2020-02-06"/>
                <Participant name="hJ.B60nPD.1R4v_PHh0OnaDr" role="remixer" IPDN="Cd5m4YsHL8QxNY5" performance="main" grossFee="502994715.80"
                     modifier="B" IPI="UwTwrX1ng3Y2d7VZ1VUwBjHBr7" birthDate="2020-05-03"/>
            </Participants>
        </Record>
        <Record title="S_hfnR1ztEDGm7DyNXqc" spins="1280878604" ISRC="M70692H705X8" year="0240" producer="obXltCDzgNwbX-Ee6rem"
             label="jSVaGNJV_Le" recordNo="tqOcFapx" serialNumber="jvzBFmvYHaje.a_znbLooaSfjwUly" isPremiere="false"
             usage="broadcast" ISWC="t9wjYA" AKA="ji8Q41.GtoWtBrJmCE" genre="pop" broadcastedFrom="2019-05-04T11:21:16"
             broadcastedTo="2019-07-06T11:21:16Z" runtime="1429888976" origin="free usage" alternativeTitle="g.Wkt7QDQOBCd-.CFzllb958o2FKR"
             recordedFootage="40359398">
            <Participants>
                <Participant name="mL6cU.OP8SSQ.lb7GQ.TPL6" role="producer" IPDN="Hv.f4sZHeCT8yk0" performance="soloist" grossFee="-437728305.12"
                     modifier="A" IPI="xb7LRolj4i2gp13." birthDate="2019-02-22"/>
                <Participant name="upyCbJvTpw1EW5QfD" role="performer" IPDN="TFxJ2XuzwtJI" performance="supporting" grossFee="-1720146137.36"
                     modifier="B" IPI="tXJAUElOseYLl4" birthDate="2020-03-15"/>
                <Participant name="MGblQ9IGUchIGmaEAxbm4Q4x" role="producer" IPDN="OqT.5kOoxXsE" performance="soloist" grossFee="198072853.23"
                     modifier="C" IPI="XPrvbFdQ" birthDate="2019-10-16"/>
                <Participant name="seNHlewHueHk7q8GuYt" role="performer" IPDN="w5x8sqFEhwzlSd" performance="soloist" grossFee="-244938863.72"
                     modifier="A" IPI="xd" birthDate="2020-02-27Z"/>
                <Participant name="tSatPjHXhOg4k" role="remixer" IPDN="hDU8gOU0Pg3_wU" performance="supporting" grossFee="-1256906386.94"
                     modifier="A" IPI="T6ys" birthDate="2019-11-23"/>
                <Participant name="iqh" role="arranger" IPDN="R" performance="soloist" grossFee="1877229936.20" modifier="C" IPI="O4Jb.gim.gashh2QqKLjuS"
                     birthDate="2018-07-16"/>
                <Participant name="_1Z2J5Qf7oypzk" role="scriptwriter" IPDN="fB.PuS" performance="main" grossFee="-1138514320.62"
                     modifier="A" IPI="J1T6" birthDate="2019-05-02Z"/>
                <Participant name="iGKruPRNrw0bnmpbx.Bp8dAp1" role="sound engineer" IPDN="MuvXgOjJU0f" performance="chorus master"
                     grossFee="739546636.04" modifier="B" IPI="Rrxkx5-RqMoNZ_HkL" birthDate="2019-07-26Z"/>
                <Participant name="RgnyKQK.lB07T" role="performer" IPDN="YnfU7QAd_" performance="supporting" grossFee="1545129112.31"
                     modifier="A" IPI="buJKTBo4T_b7W" birthDate="2019-01-04Z"/>
                <Participant name="W4UnxvMDkaDiZdY3h9u3e" role="scriptwriter" IPDN="QIj_mN3Ty" performance="chorus master" grossFee="1860103512.92"
                     modifier="A" IPI="i.o7sbz1-5V_zZb8n3eMMpdJ1" birthDate="2019-01-31Z"/>
            </Participants>
        </Record>
        <Record title="It-A" spins="2070350898" ISRC="9XV5G808DVZQ" year="8439" producer="vxcZHIVop0IMO" label="RZMPvJVvP.ivNzYx.2-Mw2gNDUwJu"
             recordNo="vuPSENRbyPcpsthiqDdNi8.qcQf" serialNumber="i-M5NbHZD" isPremiere="1" usage="jingle"
             ISWC="g" AKA="yHhy5qNi4C8V0" genre="classical" broadcastedFrom="2019-04-03T11:21:16" broadcastedTo="2020-06-17T11:21:16"
             runtime="1285803601" origin="free of charge" alternativeTitle="j7UD" recordedFootage="732690513">
            <Participants>
                <Participant name="nOarGEmDJaeb" role="arranger" IPDN="sJs.iAZNLQlKwfwVyTl22wXLK2PEX" performance="soloist" grossFee="1982657527.35"
                     modifier="C" IPI="K5xoJ84YHz6qPYZbUhVcpXr3WEP" birthDate="2018-08-28Z"/>
                <Participant name="J5WXzZiei" role="scriptwriter" IPDN="rQAR.tH99GiH" performance="soloist" grossFee="-248367187.48"
                     modifier="A" IPI="phj8Sa" birthDate="2019-07-05"/>
                <Participant name="D3I-Al2831TSO4Pgzgo" role="scriptwriter" IPDN="PwjUQ" performance="soloist" grossFee="1986067187.08"
                     modifier="C" IPI="HjR5I" birthDate="2019-08-13Z"/>
                <Participant name="hSBE2" role="remixer" IPDN="bwthUIyx3ZN5qaUr4" performance="supporting" grossFee="-1857140882.12"
                     modifier="C" IPI="_kacNW24_gsf_zqK2DBzRuK1" birthDate="2019-02-08"/>
                <Participant name="SRMMaAAzubL42-kqmwZJ" role="subscriptwriter" IPDN="br6F2z1x" performance="soloist" grossFee="157801775.69"
                     modifier="C" IPI="snfrKf8SORF-_" birthDate="2020-05-16"/>
                <Participant name="MGHTZ-F" role="arranger" IPDN="ZLAtJ" performance="soloist" grossFee="-1411042024.01" modifier="B"
                     IPI="dERTRz1rw-jLsXAR.REYZ" birthDate="2020-01-01Z"/>
                <Participant name="ARw5wABNtLf" role="remixer" IPDN="DXfksMYZHQ0" performance="chorus master" grossFee="-1147965224.16"
                     modifier="A" IPI="xvaws2AyzM3pGWr0axSTAnd2BH1Ff" birthDate="2019-05-22"/>
                <Participant name="WZmNvjNESeB6yCxau7sRzmAgg" role="sound engineer" IPDN="LlWor7jR" performance="soloist" grossFee="-1822192943.95"
                     modifier="C" IPI="uH3BVMHoAjsmNF" birthDate="2019-03-09"/>
                <Participant name="w6j.E8GkHCcE" role="remixer" IPDN="PV2Vte7" performance="chorus master" grossFee="1290658323.85"
                     modifier="A" IPI="c9e1eB9" birthDate="2019-12-16Z"/>
                <Participant name="FA6L.Gw-X." role="remixer" IPDN="zgMmtpx1uLg" performance="chorus master" grossFee="836863705.24"
                     modifier="A" IPI="i89Uj.T" birthDate="2019-11-11Z"/>
            </Participants>
        </Record>
        <Record title="ETOD" spins="1321564969" ISRC="6W0XCACJ354N" year="3738" producer="PrXDaEm" label="CPo7BaZ4-"
             recordNo="LbiEql4UlWbs4101Y82hO" serialNumber="DSL" isPremiere="false" usage="broadcast"
             ISWC="ck8DuYF1koKIzDg" AKA="j0HPnRPBCfsNBtD" genre="composed" broadcastedFrom="2020-02-06T11:21:16Z"
             broadcastedTo="2019-05-24T11:21:16" runtime="83694605" origin="live broadcasting" alternativeTitle="vnQEJ8sVEY_Ml0xUnDb2DnlaaLr"
             recordedFootage="1667090360">
            <Participants>
                <Participant name="lsuq5rc-h1I6Vn8" role="music director" IPDN="x5bimXVVUAf_pAJWvCIJXURO" performance="supporting"
                     grossFee="762340591.71" modifier="C" IPI="iMfILNjiKQnYDolNBY22" birthDate="2020-01-07Z"/>
                <Participant name="kfsNOTg" role="producer" IPDN="G9c" performance="chorus master" grossFee="36508118.38" modifier="C"
                     IPI="eenDKTk5ZtnMMez" birthDate="2019-01-09Z"/>
                <Participant name="JMV9VhC6mEg" role="producer" IPDN="nTG1" performance="soloist" grossFee="-425963520.52" modifier="A"
                     IPI="Op36gaNur2ASpzluahclwwUbt" birthDate="2019-12-22Z"/>
                <Participant name="o9z" role="performer" IPDN="L_hPcWalX4UeYdGR-wPIPtG61" performance="supporting" grossFee="-1490132739.68"
                     modifier="B" IPI="o-WtI" birthDate="2019-08-12Z"/>
                <Participant name="g4.LqNeaRwZ3S" role="producer" IPDN="aXKflfLp6d" performance="soloist" grossFee="330395867.65"
                     modifier="A" IPI="Opy45M-4Nqs" birthDate="2019-09-01Z"/>
                <Participant name="bsznTu" role="producer" IPDN="n6oxw-dsdANDOCBnu1p" performance="chorus master" grossFee="-1832714544.00"
                     modifier="A" IPI="aLNb-a6eef_o9Uc3t-mEnXGJWiid" birthDate="2018-10-24"/>
                <Participant name="sS0k7z-TxY2p" role="producer" IPDN="lLGDkPk" performance="conductor" grossFee="-115111153.93"
                     modifier="A" IPI="NE" birthDate="2020-05-21"/>
                <Participant name="_GS" role="scriptwriter" IPDN="OY7MngReEZV0kLJ" performance="chorus master" grossFee="1967362673.15"
                     modifier="A" IPI="lr4_Ffstbssp-wSlAJnCzrAS.4X" birthDate="2019-07-06"/>
                <Participant name="UNAk0B6-5FcA3r" role="subscriptwriter" IPDN="SyjQarbMXJ.S_" performance="chorus master" grossFee="183512510.06"
                     modifier="A" IPI="yHc2ke8TWEhqu6xXk8r" birthDate="2018-12-05"/>
                <Participant name="eO" role="composer" IPDN="LXGAsRf54q9gyt" performance="chorus master" grossFee="-1926470096.60"
                     modifier="A" IPI="gRRYSYP8eBr.k7Y" birthDate="2020-05-18"/>
            </Participants>
        </Record>
        <Record title="FYvdJ8on5cLVgvRY88fY7Y1eLfCRO" spins="1944975963" ISRC="B4J2CB09AVX0" year="0541" producer="tGgG_cEKgNwX-"
             label="HZvMcjObpki-3oq8o.0D4mYDG9A90n" recordNo="n1HTfsZ" serialNumber="cbW3A6l.-ja9M4FJHQVs7JTQpzpm"
             isPremiere="true" usage="commercial" ISWC="GX32fhX" AKA="I" genre="composed" broadcastedFrom="2019-12-18T11:21:16"
             broadcastedTo="2018-12-04T11:21:16" runtime="1908317754" origin="commerce" alternativeTitle="m.y.HjY93"
             recordedFootage="2006612946">
            <Participants>
                <Participant name="d-u9gYAHMwfCAQ8ZKAd" role="composer" IPDN="h-X3voK5Wd" performance="main" grossFee="1407284653.08"
                     modifier="B" IPI="kMpinbZSYYx2GWucrWKoEabklF" birthDate="2019-07-25Z"/>
                <Participant name="a5cm4" role="composer" IPDN="jqVUdncHl.n" performance="main" grossFee="1023837997.71" modifier="C"
                     IPI="T7k8FudirVwLXid8rn" birthDate="2019-09-03Z"/>
                <Participant name="aViT9-WXJIUoXVbKnrt" role="scriptwriter" IPDN="VgKd022MVKHjA" performance="supporting" grossFee="637741802.08"
                     modifier="A" IPI="J0aKmcl" birthDate="2020-02-22Z"/>
                <Participant name="m_qvAU" role="sound engineer" IPDN="Qh.VvPEwSBNsVuWm95uKkq2sncme5" performance="supporting" grossFee="-1607761341.56"
                     modifier="B" IPI="CfFeZjQJ" birthDate="2020-04-14"/>
                <Participant name="Ldids" role="music director" IPDN="EVwbkDMrvAuNicv0EOkntwi16NFaz" performance="soloist" grossFee="-304242235.22"
                     modifier="C" IPI="uGldSmJIqDo-ij0bYNSrKW-rbTlIG" birthDate="2019-06-03Z"/>
                <Participant name="RJ" role="performer" IPDN="HT2nmeiOIjyTUd1U00h" performance="conductor" grossFee="-2086297027.16"
                     modifier="B" IPI="rPK_wYkEywRUgx-slkfD_93" birthDate="2020-05-13Z"/>
                <Participant name="w" role="scriptwriter" IPDN="njnHh9HZNlKRRJVD3hWOs" performance="main" grossFee="1679046038.53"
                     modifier="B" IPI="nBJme6cpWzY_" birthDate="2019-08-07Z"/>
                <Participant name="cZjY8IA8" role="performer" IPDN="B348IYI" performance="supporting" grossFee="-291627771.12" modifier="C"
                     IPI="u" birthDate="2019-09-06"/>
                <Participant name="BKR4mzgp830r0bGpH.WD" role="arranger" IPDN="T.sFe7c9u.w1VhSW8e" performance="conductor" grossFee="-1084281463.68"
                     modifier="C" IPI="JKb0TCYFPH" birthDate="2019-12-22Z"/>
                <Participant name="PSWuQ" role="subscriptwriter" IPDN="z54dP7WGFTBnBgc" performance="supporting" grossFee="-962353911.70"
                     modifier="A" IPI="yfbOZOjY.jXVrlq6P.qy8xqDB" birthDate="2018-12-12"/>
            </Participants>
        </Record>
        <Record title="IWIjhKzw4HUpMpx" spins="2119832188" ISRC="P65GRENC51ZP" year="9235" producer="U5Ug25Ah" label="aYDm.ewLgAH6F5l"
             recordNo="de95Z9zF7aozNNsvMh6f1s_tINU5y5" serialNumber="VCNyjXfcdzTiZpjn_U" isPremiere="0"
             usage="broadcast" ISWC="j1tbLqVlf4BQKxn2DwL" AKA="Dp10.iRN0MR1C1mLLGeh73m" genre="commercial"
             broadcastedFrom="2019-05-07T11:21:16Z" broadcastedTo="2020-05-24T11:21:16" runtime="631869125"
             origin="live broadcasting" alternativeTitle="NwE7m-oWIy.Ek" recordedFootage="1051746330">
            <Participants>
                <Participant name="CTIuKWn2h7oda85PeYUivLCTji7" role="composer" IPDN="dST3fd" performance="main" grossFee="-439514524.56"
                     modifier="C" IPI="doXwx5.-q" birthDate="2019-12-19Z"/>
                <Participant name="AdOLyH7UWSG4LXS9Vlp3yp" role="remixer" IPDN="xWCzD7i" performance="chorus master" grossFee="1761371155.49"
                     modifier="A" IPI="hhvR6eNj2Y1VwulnHTv_dyy3P" birthDate="2019-04-13Z"/>
                <Participant name="ATtU5omsi66hErXbVyPTiV" role="music director" IPDN="mr5_VM0UQqvX2E3AGzlSpWWc" performance="supporting"
                     grossFee="-1461133165.26" modifier="A" IPI="LSgfTbfeMyj5Ud" birthDate="2018-07-29"/>
                <Participant name="wAAvoLzKl6JUX4VIfbkA2j" role="producer" IPDN="REuLOWuWm" performance="soloist" grossFee="-1969667678.18"
                     modifier="C" IPI="zkMpobZnayoDHXZHu-aw6" birthDate="2019-11-14Z"/>
                <Participant name="B1Tlqd0BGDA42KVR0" role="composer" IPDN="ipQ8oA6-3pe" performance="chorus master" grossFee="795266439.93"
                     modifier="A" IPI="sTZ4N6PqrAuWLI079K3SER" birthDate="2019-11-26"/>
                <Participant name="u" role="producer" IPDN="L_2oZ7BXWf.UvVCu9JMxVgL" performance="soloist" grossFee="238300525.16"
                     modifier="A" IPI="GD406Vrpwv.zh5JjlWbQ50bJ" birthDate="2018-12-17Z"/>
                <Participant name="DRDH3wympDas0y-eIJdhdL026G" role="arranger" IPDN="vYRZSdFm0ow" performance="supporting" grossFee="470306763.22"
                     modifier="C" IPI="ZxJ7xV8lYGno9VNyLfjqgXq" birthDate="2018-08-22Z"/>
                <Participant name="QDfCL" role="remixer" IPDN="WsOiUmpNLm-TFav_YcCMxDkzn" performance="soloist" grossFee="120458597.38"
                     modifier="C" IPI="sqE6DFhFmXx8PbwrjEu67" birthDate="2018-09-27Z"/>
                <Participant name="z" role="scriptwriter" IPDN="QL_DFyaJr" performance="conductor" grossFee="808679203.76" modifier="A"
                     IPI="N_t8" birthDate="2018-12-01"/>
                <Participant name="Vh2Jk6XI" role="scriptwriter" IPDN="Kltyre7dIWAL_l8czJgqz7FmaLfVma" performance="main" grossFee="1573934163.83"
                     modifier="A" IPI="_" birthDate="2020-05-12"/>
            </Participants>
        </Record>
        <Record title="LF4OpfxsPi3ibx2P-ljig" spins="1179477282" ISRC="CQADOGBPO770" year="7308" producer="bR_6ArMM"
             label="Wrt56hw7BE6Mk" recordNo="RXAcOVNZEdYwU2PLCpQTk" serialNumber="wrHNFdv3CNW7APqO" isPremiere="true"
             usage="broadcast" ISWC="y0tb0CnAgiGU64wlx" AKA="Zjh.3-K1lSnH0iStDS" genre="classical" broadcastedFrom="2020-01-18T11:21:16Z"
             broadcastedTo="2018-11-10T11:21:16Z" runtime="1729385229" origin="live broadcasting" alternativeTitle="GH.PyOpvfBWaM1y"
             recordedFootage="80129627">
            <Participants>
                <Participant name="Ja7nYb4Ajb9xL94dI1ho" role="music director" IPDN="KOzqrklXFI8MBFxg" performance="supporting" grossFee="-1269438745.08"
                     modifier="C" IPI="k5NYW93nNAPWCp7_78aM3D_61TYs" birthDate="2018-07-25"/>
                <Participant name="GuhBFxhgbyx8HoPtgQ" role="subscriptwriter" IPDN="fYM-CV9csJMBofpFn" performance="supporting" grossFee="662544324.33"
                     modifier="A" IPI="AVPV56g_cNoDS.V" birthDate="2018-07-31Z"/>
                <Participant name="OoodH4BYP9.vsIza26rDB71TsF" role="arranger" IPDN="N" performance="soloist" grossFee="-84414726.97"
                     modifier="A" IPI="rD3wcy8" birthDate="2018-10-08"/>
                <Participant name="h5nRV3bT7ePVkgAQuGMsIwg" role="scriptwriter" IPDN="AGEQ-T6d_RazgDwkVwjByFAvkqCQX" performance="chorus master"
                     grossFee="1843477226.42" modifier="A" IPI="N2L8JCn906p1EH83DwxH" birthDate="2018-09-22"/>
                <Participant name="Grn6" role="subscriptwriter" IPDN="OCSIukHk" performance="supporting" grossFee="2070110241.60"
                     modifier="C" IPI="ISXP.I2" birthDate="2019-05-30Z"/>
                <Participant name="et8zwu7POtItgr_N-VMJ" role="composer" IPDN="Zf0" performance="conductor" grossFee="835136434.46"
                     modifier="C" IPI="CWodwcij" birthDate="2020-02-18Z"/>
                <Participant name="opomJtV63bFTXk7u3_l_U" role="remixer" IPDN="FgJ" performance="chorus master" grossFee="1399791674.90"
                     modifier="C" IPI="stlg-ErhC-Cli9" birthDate="2020-05-25"/>
                <Participant name="n.yhYgw5T6" role="arranger" IPDN="A" performance="main" grossFee="-2054496025.62" modifier="A"
                     IPI="upOVkxPA9WPTnWf2SokocAg" birthDate="2019-03-30"/>
                <Participant name="Q_OZkQwNHC10GKBq9" role="remixer" IPDN="viQWWTZgYRZZiwOEpS" performance="supporting" grossFee="-1785846637.56"
                     modifier="A" IPI="kDr4-x1P1oEc7xSsK" birthDate="2018-10-31Z"/>
                <Participant name="KplRkEcku4LLBoxqDXob" role="music director" IPDN="LDcIVnCh" performance="main" grossFee="385588452.18"
                     modifier="B" IPI="a1CD0v-FVeyNM3gXGzOpxXfD" birthDate="2019-12-28"/>
            </Participants>
        </Record>
        <Record title="wHFDLxN" spins="295293938" ISRC="36X7RSH41U23" year="6834" producer="b6b_KlDtwywMJUmS5xBaAB7r"
             label="A." recordNo="VlLiybNBQMIajrmSdNtk6" serialNumber="EdzZxNDTe" isPremiere="true" usage="jingle"
             ISWC="ZAKAy89beje421S9XWc3" AKA="Z-TFS_" genre="jingle" broadcastedFrom="2020-05-27T11:21:16"
             broadcastedTo="2018-11-04T11:21:16Z" runtime="418402732" origin="report" alternativeTitle="IeA"
             recordedFootage="491275670">
            <Participants>
                <Participant name="KbIymEarJ6lAQa" role="remixer" IPDN="te12XSg.GCncRobgHzm93fE_O" performance="supporting" grossFee="1719435880.64"
                     modifier="A" IPI="H3.IMdhx3g" birthDate="2019-11-29Z"/>
                <Participant name="j4_2lUlYYLlY8q_q9Ys-2OO" role="arranger" IPDN="xYOOI36bRellFWhyLsXwn" performance="conductor"
                     grossFee="-27823387.01" modifier="C" IPI="v_wqelDC" birthDate="2018-12-14"/>
                <Participant name="vs0_7xgyTL5WHp" role="subscriptwriter" IPDN="b3uLazY8Li" performance="main" grossFee="-1606919745.12"
                     modifier="B" IPI="YZy0A5X5s671u55cGfo2TejUKtG" birthDate="2018-11-30Z"/>
                <Participant name="UZdH_m3JU" role="subscriptwriter" IPDN="pW5b02RIX94ouDhrMR" performance="supporting" grossFee="-2053099442.36"
                     modifier="C" IPI="uapVtsldi3SWnlAK-blo2dJoA" birthDate="2020-04-08Z"/>
                <Participant name="S" role="arranger" IPDN="reC4IQQm3Z4xS8sM5.9ja" performance="chorus master" grossFee="-1501873541.87"
                     modifier="B" IPI="V4P" birthDate="2018-10-17Z"/>
                <Participant name="dp" role="arranger" IPDN="Ui07c6m6BplwYD69KXFQMNTvx.NcJ" performance="supporting" grossFee="-535873276.70"
                     modifier="C" IPI="DnmPPIo1YQrxQH76ygBqLwk.nhhEed" birthDate="2019-03-06"/>
                <Participant name="XPV.OjxdsQnMQFr0zw" role="scriptwriter" IPDN="bg6oW1EzDYLVqX73xA" performance="supporting" grossFee="318261843.52"
                     modifier="B" IPI="qcN20t9G3qeoAjCAp." birthDate="2018-07-20"/>
                <Participant name="V89K3HkNKOP" role="composer" IPDN="BX2854MdhFss9Xt8-e3" performance="main" grossFee="1062740312.84"
                     modifier="C" IPI="ZliXo.ZMFCysieWl" birthDate="2020-06-08Z"/>
                <Participant name="BUeu4" role="sound engineer" IPDN="y.fhHvHpKhpbgDGW2zRgaxi_DPvl4" performance="chorus master"
                     grossFee="-1182333574.97" modifier="C" IPI="_P2" birthDate="2019-05-18"/>
                <Participant name="r5.ZvYyd" role="remixer" IPDN="QXrMCSUFrtzSQBgRm._WGg" performance="main" grossFee="-1312682968.81"
                     modifier="C" IPI="XzBl_" birthDate="2019-04-09Z"/>
            </Participants>
        </Record>
        <Record title="AW-z5rNoz0ZVyl6" spins="1740503801" ISRC="KKFW2106LNE0" year="3897" producer="txEYP38c" label="trjp0QA7YTHE7ZtXG1dlEKGVknoE2"
             recordNo="cj0UF" serialNumber="ivHQFtyq0yGu1Lgn" isPremiere="0" usage="broadcast" ISWC="W0h9R_65gYCMKjSgGzfn"
             AKA="j" genre="pop" broadcastedFrom="2019-08-16T11:21:16Z" broadcastedTo="2019-07-22T11:21:16"
             runtime="717936586" origin="recorded stream" alternativeTitle="e_KpGQAu0hIMqoJDRe2nVsDmK"
             recordedFootage="351472499">
            <Participants>
                <Participant name="UQLS_Vsv-30wRROfOoEb9eFh" role="arranger" IPDN="J66UQX_m0ok" performance="main" grossFee="-1785306182.36"
                     modifier="C" IPI="M" birthDate="2019-01-12"/>
                <Participant name="sb68FUbUw-DWft" role="composer" IPDN="M_pjjbipFpua" performance="conductor" grossFee="340455876.58"
                     modifier="A" IPI="qBSadhJ6naG44u" birthDate="2018-08-15Z"/>
                <Participant name="PKbASCYCol-NJF7" role="sound engineer" IPDN="RnfZKKzSN8iqD" performance="soloist" grossFee="239669121.70"
                     modifier="A" IPI="eVFM" birthDate="2019-08-06"/>
                <Participant name="CX8388SSqtdViGebAMyTfQKdjwZ" role="performer" IPDN="E9.v9" performance="soloist" grossFee="1875133527.51"
                     modifier="A" IPI="c54v_bQwovGpShsCn.5" birthDate="2018-07-22Z"/>
                <Participant name="BkQJF5k6NJwwjdDDg3" role="performer" IPDN="JQKrHsY7l-pahis" performance="chorus master" grossFee="-2093224883.89"
                     modifier="B" IPI="UIsD03ErQLJw-Dv8" birthDate="2019-05-03Z"/>
                <Participant name="ny3sQ8-h" role="music director" IPDN="K5zSMc53UmXCq3" performance="supporting" grossFee="-606745890.57"
                     modifier="C" IPI="JsuKdAm4xQ.5" birthDate="2020-02-17Z"/>
                <Participant name="kzFdVB.287cA1" role="remixer" IPDN="GY2reSPe4iqioOywo_v" performance="supporting" grossFee="-1236893310.48"
                     modifier="A" IPI="DZqZebXOWL.TwVDe" birthDate="2018-09-27Z"/>
                <Participant name="qqE7B8uX" role="sound engineer" IPDN="ia_g6FxGYCg" performance="main" grossFee="-1504107341.18"
                     modifier="A" IPI="XzCL26J1ZZJqVfK1_wA" birthDate="2019-03-30"/>
                <Participant name="s8HTh9R" role="subscriptwriter" IPDN="MP_62U8w3" performance="supporting" grossFee="-978421347.40"
                     modifier="B" IPI="qY" birthDate="2020-05-27"/>
                <Participant name="Q8Tzhks4V3Q1VFFTjg1kYm" role="sound engineer" IPDN="EUx9GXo12f7Y-EcCervMb0YNEt" performance="supporting"
                     grossFee="200779786.26" modifier="C" IPI="GT3yxDY-avx372s8Ia5uCR1sVm" birthDate="2019-03-11"/>
            </Participants>
        </Record>
    </Record>
    <Record title="fNl.9nH4_.uXb74-54Uceb1HDkS" spins="371765214" ISRC="Y24BZK32V542" year="4536" producer="kCKIjA655kPT5qddWW_HK_SIc"
         label="AhgO" recordNo="pqvPYjokKI9DMw9" serialNumber="x7_eVis" isPremiere="true" usage="broadcast"
         ISWC="HS-G60g.vMU4fS0yL" AKA="d3v58zgV4UFW" genre="commercial" broadcastedFrom="2019-08-10T11:21:16"
         broadcastedTo="2018-10-18T11:21:16" runtime="1468749041" origin="report" alternativeTitle="d"
         recordedFootage="361230736">
        <Participants>
            <Participant name="XCLvx67Qr5hReJTe-Q9pPJF5ED" role="subscriptwriter" IPDN="w9jpXweXUYgn9SU2" performance="soloist"
                 grossFee="-177348088.00" modifier="B" IPI="CJSvIVM0Ve-cfgm_.Nl_U" birthDate="2020-04-06Z"/>
            <Participant name="iN6lfixxRd-CM-rNqz" role="performer" IPDN="uwsBKwexzh5RbNda" performance="chorus master" grossFee="2102276937.49"
                 modifier="A" IPI="TaVFeGrzPQE4a_" birthDate="2019-11-13"/>
            <Participant name="EJramT8LTfzamRXfmkGxcU0zXvqQ" role="composer" IPDN="eUaRFHUQugxiNmx4y1_ODYH543n" performance="supporting"
                 grossFee="1133869030.99" modifier="A" IPI="u8uUYa" birthDate="2019-08-11Z"/>
            <Participant name="iEX1l" role="composer" IPDN="hhsK6fAl2DevBLj" performance="supporting" grossFee="1511297943.34"
                 modifier="C" IPI="PNG2tmm7WGQb" birthDate="2020-04-06"/>
            <Participant name="Jw4Urz2A60itU1GF0k8GfA3xoQp" role="arranger" IPDN="AT.o3" performance="soloist" grossFee="1093220794.98"
                 modifier="A" IPI="c" birthDate="2019-03-10"/>
            <Participant name="TGywSGU9g1G" role="arranger" IPDN="QGLhs1Zc" performance="supporting" grossFee="1197528909.65"
                 modifier="A" IPI="s.rJvG9s" birthDate="2020-03-30Z"/>
            <Participant name="SX_" role="scriptwriter" IPDN="nsuj5tnk" performance="main" grossFee="-671684541.64" modifier="B"
                 IPI="BjxfAVoxcK7cTW5rFWN" birthDate="2018-08-10Z"/>
            <Participant name="J8D9fM5jbYXIMNL" role="producer" IPDN="paQz1oIMIC5G89r9Ue1LBJE7bbQl" performance="supporting"
                 grossFee="-426725825.00" modifier="C" IPI="fgK7NZh1dGU.pKNl" birthDate="2020-05-17"/>
            <Participant name="vTeOq6WIR8bqnvit._eWXV3pUcUR-" role="arranger" IPDN="BTB5JSZrpSsmuSkByg5.rpwd-8" performance="chorus master"
                 grossFee="-983447045.66" modifier="B" IPI="MjkdWFPF4SxfO53tKRMX5R" birthDate="2018-07-19"/>
            <Participant name="CIYQNS" role="remixer" IPDN="Wg71R7NffrAfsUS" performance="soloist" grossFee="-722202652.87" modifier="C"
                 IPI="e73zi-G" birthDate="2020-05-16Z"/>
        </Participants>
        <Record title="LzdgbeYRTNBLywlh40Zpdr" spins="1299605986" ISRC="G0X5X9M4GBY2" year="9417" producer="wFgrYd9t"
             label="QnGMPxa8a5-TbIeIx" recordNo="KhzW9n" serialNumber="mENmHXBgt6" isPremiere="1" usage="commercial"
             ISWC="imp8Re7P.7kGOiSJQ" AKA="WRXP_Bnqk7MI9z3p.wFOEQNq6i" genre="commercial" broadcastedFrom="2019-12-15T11:21:16"
             broadcastedTo="2019-12-11T11:21:16Z" runtime="423701801" origin="commerce" alternativeTitle="cBGepZJR1FU"
             recordedFootage="141061882">
            <Participants>
                <Participant name="GNA366GBEPXCVV1.99I" role="subscriptwriter" IPDN="Wu9Ris" performance="chorus master" grossFee="-2003677921.36"
                     modifier="B" IPI="vpDRodBuQtL29cVwP7Z6QxIG3" birthDate="2020-01-03Z"/>
                <Participant name="fyhM-xu7SUrBk8OA" role="scriptwriter" IPDN="t7" performance="soloist" grossFee="-1485382944.57"
                     modifier="A" IPI="Ro9u2wDj.v7sr" birthDate="2019-06-18Z"/>
                <Participant name="qAQA1l.4G_Y34O" role="composer" IPDN="fiMYgz" performance="soloist" grossFee="1570952773.11" modifier="C"
                     IPI="m_-kEk2st1BXfMICrdZ-eJ" birthDate="2018-07-07"/>
                <Participant name="l_UE7hl-JXk99Qm9YDQRirqJw3YPY" role="remixer" IPDN="wqjCb6mmJgehC0skuUUypO4cGHe6lN" performance="supporting"
                     grossFee="-2094225685.88" modifier="C" IPI="uCyY67FSXEt8UrQ-G3" birthDate="2020-03-30Z"/>
                <Participant name="btUEYArxWwK" role="sound engineer" IPDN="nWv5-USF9Wn66Dz" performance="chorus master" grossFee="896968708.59"
                     modifier="C" IPI="blEq" birthDate="2018-12-26Z"/>
                <Participant name="PH2HHW._4L" role="performer" IPDN="kb1E" performance="supporting" grossFee="-470541366.23" modifier="C"
                     IPI="U" birthDate="2018-09-26"/>
                <Participant name="A_xmR82JQ" role="sound engineer" IPDN="wgzLW1K5w6Um3DVW5HAr_WC2QNP" performance="main" grossFee="1395352630.76"
                     modifier="C" IPI="T" birthDate="2019-04-28Z"/>
                <Participant name="FR" role="producer" IPDN="MUdu0dpNhE1" performance="supporting" grossFee="763521985.58" modifier="A"
                     IPI="RjTRFmtR-8XWXSi1ziAlk0y8wcflO" birthDate="2019-08-16"/>
                <Participant name="ppZma" role="arranger" IPDN="tV.Tm9EXOjkfiU4gy." performance="supporting" grossFee="-796321533.34"
                     modifier="C" IPI="O8a" birthDate="2018-10-08Z"/>
                <Participant name="ko8P2Mjs4I9T6" role="remixer" IPDN="auMb8HizwkGnkVkc" performance="chorus master" grossFee="-173527903.44"
                     modifier="B" IPI="Se6" birthDate="2018-11-03"/>
            </Participants>
        </Record>
        <Record title="MPjnol" spins="1854576097" ISRC="A98HEYEL3HZM" year="6288" producer="JKFGF" label="Kqa98rDfO4vTHetmw7osgbqAMNY"
             recordNo="G7pP9G6QAcx7O6rswPPbzFs0Y3yk" serialNumber="REkYo8U2wyQYwxBIKeC2s1A2T" isPremiere="1"
             usage="jingle" ISWC="ZrIiofb-x3Efb4wf3P89YeHpyY4" AKA="RcCOy0lWEINcEjba" genre="jingle"
             broadcastedFrom="2018-10-08T11:21:16Z" broadcastedTo="2020-05-19T11:21:16Z" runtime="1981833324"
             origin="commercial" alternativeTitle="RXVYyXbTyYXhXCMfIMTx" recordedFootage="1600556866">
            <Participants>
                <Participant name="pNMPBGT" role="composer" IPDN="WficoFm.aSW" performance="supporting" grossFee="580246745.79" modifier="C"
                     IPI="wYS2g1ElwMgROjeXuokYG" birthDate="2020-05-26"/>
                <Participant name="I-eWOiqE72_iXrr-xvq7ZYLhsq" role="music director" IPDN="J6GMgGXLe8Io" performance="soloist" grossFee="312436728.08"
                     modifier="A" IPI="yZl1ArnPZLXnmEPGvtnVTXJ4kYOa." birthDate="2018-10-10"/>
                <Participant name="FbH1y7WnRUOih1f" role="remixer" IPDN="Y2vODy6l" performance="soloist" grossFee="-1032440520.40"
                     modifier="C" IPI="ZmaFgSmYrKWyZcLcP" birthDate="2019-04-03"/>
                <Participant name="gKC" role="music director" IPDN="FU0CM1y" performance="supporting" grossFee="-128625562.07" modifier="A"
                     IPI="X0rQ2zbeKf5" birthDate="2018-11-22Z"/>
                <Participant name="ZNsvgEPTy7EoXlSf7Mi_VdjGU.TjqZ" role="performer" IPDN="tVaOIC8zm52Zz.Y27" performance="chorus master"
                     grossFee="1356651557.06" modifier="A" IPI="cuMgd-40F" birthDate="2020-03-18Z"/>
                <Participant name="jkatT0ileD" role="music director" IPDN="xnP" performance="main" grossFee="2137672832.06" modifier="C"
                     IPI="axZjGpg" birthDate="2019-09-30"/>
                <Participant name="jkod9juf5__" role="music director" IPDN="AGMLBNNOpW3Bt_6agM59WHh." performance="chorus master"
                     grossFee="1414658084.02" modifier="A" IPI="BPpIks.lGt" birthDate="2019-05-16Z"/>
                <Participant name="kKLIqYASdPO5Kov0XAm2" role="subscriptwriter" IPDN="K2hk27kGxU_7PyCoeO0JxboXJ7" performance="supporting"
                     grossFee="146548846.06" modifier="A" IPI="bkUMWyM7ifyynSDQ0tWelZz9Vi7bUe" birthDate="2020-05-30"/>
                <Participant name="y3ZNu27woJ2z79" role="sound engineer" IPDN="SURpqS7Jp0DPCp5igRWHbo2R6A" performance="soloist"
                     grossFee="-547126969.39" modifier="C" IPI="TYkfdtrzaSCXXyubG" birthDate="2019-09-06"/>
                <Participant name="NeDRKB" role="composer" IPDN="gkjH-bNpxoo_0.52p0MokZpbYW5T" performance="conductor" grossFee="205307350.43"
                     modifier="B" IPI="AVm6.8s0luO9q7Zira9A" birthDate="2019-03-23"/>
            </Participants>
        </Record>
        <Record title="VodIhPS.camfkWLpz8uK83" spins="193698628" ISRC="KJ5HF014FT03" year="7285" producer="PGSdk" label="YRujuo7n"
             recordNo="wClu44TFi" serialNumber="IoNgM_h_uWuNzgcY-" isPremiere="0" usage="commercial"
             ISWC="T8jyy9fR5XNjLcj" AKA="PJmylQh33qNs-qkcP" genre="classical" broadcastedFrom="2020-02-29T11:21:16Z"
             broadcastedTo="2019-07-18T11:21:16" runtime="1233513215" origin="commercial" alternativeTitle="Mzd9wgC0rCkh"
             recordedFootage="1643553420">
            <Participants>
                <Participant name="OQmhrdFDMxY3hx5Cf0.K06pyU0g" role="scriptwriter" IPDN="hHJqU3o5DR6OBDigMu" performance="conductor"
                     grossFee="-1128914559.04" modifier="A" IPI="sgsA0.ySYJq7pd2Y_knI" birthDate="2018-10-11"/>
                <Participant name="pf7hoi2Nb" role="scriptwriter" IPDN="eT2Urt-eg4l" performance="main" grossFee="149086130.31" modifier="B"
                     IPI="w8-OuVgPzOZlz" birthDate="2020-03-27"/>
                <Participant name="LxmK3VCaHyShogIsUmgHV" role="scriptwriter" IPDN="aXWYCMvWoqQzqHms.NnR1.CqVT" performance="chorus master"
                     grossFee="1708747686.50" modifier="A" IPI="vuk-" birthDate="2018-10-21"/>
                <Participant name="GoCc" role="sound engineer" IPDN="r-5sLfwkTNTSvYcers24" performance="soloist" grossFee="1773530507.62"
                     modifier="A" IPI="BDMTAU92NqalKIxElPN-qThgyp" birthDate="2019-08-02"/>
                <Participant name="HF30L-pOr4tIj.RZ5h1k" role="performer" IPDN="_vwCI2tWSjz" performance="conductor" grossFee="596674478.68"
                     modifier="C" IPI="N9uc6tF0U-QEMx1vnxjz1" birthDate="2019-02-23"/>
                <Participant name="bg6pN.6wfa8dpk50" role="sound engineer" IPDN="VqfOnihLl" performance="chorus master" grossFee="-525834808.60"
                     modifier="C" IPI="nvEe" birthDate="2018-12-25"/>
                <Participant name="mHQy6ukeCK1Av" role="sound engineer" IPDN="cnJEY-t68W" performance="conductor" grossFee="-593072244.39"
                     modifier="A" IPI="t2zXmiOgzU9V6o" birthDate="2020-01-22Z"/>
                <Participant name="shdGu8Sv" role="remixer" IPDN="e-AyGrxDBXv2x.E6oLWvMp" performance="supporting" grossFee="1388232787.63"
                     modifier="C" IPI="d3.lCOrxK" birthDate="2018-08-15Z"/>
                <Participant name="mkw83jacoHY0e9G" role="scriptwriter" IPDN="IT0f8o-gm9zIgFvf5o2d0QQHDoYHf" performance="soloist"
                     grossFee="528334136.79" modifier="A" IPI="d2wraRsLGnUdw6mI" birthDate="2019-01-07Z"/>
                <Participant name="b0c" role="music director" IPDN="mJWTh9527UQldS0UY54kwg" performance="main" grossFee="1288127363.56"
                     modifier="A" IPI="NRY" birthDate="2018-12-02"/>
            </Participants>
        </Record>
        <Record title="pP3TWslVtFAwBN5.3Rrm" spins="1955618421" ISRC="R6X4CP4FLCM6" year="8347" producer="tA8be52" label="sWuGL6bvXXKf6afc8yyvj6"
             recordNo="BAs3y" serialNumber="tSHeMhDE9YdB-WH" isPremiere="true" usage="broadcast" ISWC="aDMqziI6_UmDz1"
             AKA="wkdy_1GsylFBmqDBwPxpOBuljk" genre="jingle" broadcastedFrom="2018-07-23T11:21:16Z" broadcastedTo="2020-06-08T11:21:16"
             runtime="2043011928" origin="free of charge" alternativeTitle="F_akhYeVYWWN8r03Zo0FsW" recordedFootage="1660270364">
            <Participants>
                <Participant name="YHsbv4X" role="remixer" IPDN="Y8yFs8D" performance="conductor" grossFee="-1987683514.82" modifier="A"
                     IPI="H" birthDate="2020-01-07Z"/>
                <Participant name="TCCZDdnGVfoxBwOFT" role="composer" IPDN="Qowp58YaiYr.IHe6XghOfMqIQkf" performance="conductor"
                     grossFee="-750318342.74" modifier="B" IPI="xLJe9rC" birthDate="2019-05-14"/>
                <Participant name="RBzJ.XQHMnpSKg0X72Ge9emJ" role="scriptwriter" IPDN="Cw-HhmEjBc" performance="chorus master" grossFee="434896403.15"
                     modifier="B" IPI="s6udS8RSX" birthDate="2020-05-28"/>
                <Participant name="gXT5HJppfnLMbp2nb1QVCL" role="sound engineer" IPDN="Lk75M.JTmD9IxZxYP" performance="chorus master"
                     grossFee="-205826792.02" modifier="B" IPI="TiRtoEM5ACk0QOiNVEaQ" birthDate="2020-01-17"/>
                <Participant name="Ta_rCKWlR-JiTS" role="subscriptwriter" IPDN="KoG_" performance="conductor" grossFee="-1522805249.74"
                     modifier="B" IPI="T-oitpTU2e4FbO_Uk" birthDate="2020-06-16"/>
                <Participant name="KmdH3WCsoJvOo2q1jRH0.eybUJ1n" role="composer" IPDN="RU4SurQZdWgUaKT_5eOfzZ" performance="soloist"
                     grossFee="1169746607.46" modifier="A" IPI="N4tm1Z" birthDate="2018-09-04"/>
                <Participant name="VIR8ZA6EAb0prO4wMOHyDa.wyX" role="sound engineer" IPDN="i" performance="chorus master" grossFee="-2057891456.80"
                     modifier="B" IPI="jpyb" birthDate="2020-06-12"/>
                <Participant name="gniemtjGXzacdnktp5bw8clqT-J" role="music director" IPDN="I5Qx.d4UdRGsp3UKXd2Urgo-mC4m" performance="soloist"
                     grossFee="-881333725.37" modifier="A" IPI="v.E4gNjpJQe7f6UDKScG" birthDate="2019-04-30"/>
                <Participant name="YzN5b6bQQz0d4SmeqOf.Ht" role="producer" IPDN="Hgm8nRy_8" performance="main" grossFee="1163783188.51"
                     modifier="A" IPI="hc4_3" birthDate="2020-05-10Z"/>
                <Participant name="YXtI0gpmA" role="music director" IPDN="g8M7v9RFyIa_9" performance="supporting" grossFee="-1405714649.15"
                     modifier="A" IPI="jWj" birthDate="2019-09-24Z"/>
            </Participants>
        </Record>
        <Record title="ADLE" spins="1709994148" ISRC="VC9KQS12SY3O" year="2271" producer="g" label="lvjs" recordNo="eaXhvm0nN49nvC1nl"
             serialNumber="qh1" isPremiere="0" usage="jingle" ISWC="os7CAFTGto" AKA="es5T-IkNafQmqiFh7Kr38bQFC22a"
             genre="spoken word" broadcastedFrom="2019-03-20T11:21:16" broadcastedTo="2019-03-15T11:21:16Z"
             runtime="2069620885" origin="report" alternativeTitle="Loj.sUU" recordedFootage="1915407312">
            <Participants>
                <Participant name="Jt7g" role="performer" IPDN="Ly0a6a" performance="chorus master" grossFee="1328061981.41" modifier="C"
                     IPI="l84oUPQXc9" birthDate="2019-12-02"/>
                <Participant name="sfqjj_tZA" role="producer" IPDN="dqwsOog8LIuNkSL" performance="conductor" grossFee="-1168794153.88"
                     modifier="B" IPI="swC0JEK21" birthDate="2019-08-18"/>
                <Participant name="I" role="composer" IPDN="RBYYgVE7v97QngE" performance="conductor" grossFee="1901360246.64" modifier="A"
                     IPI="V39_i1x8xU" birthDate="2020-02-13Z"/>
                <Participant name="DlMENh9C" role="producer" IPDN="AbU" performance="main" grossFee="67363381.84" modifier="A" IPI="EBcCtvKP168zxqrZ9QUqKj"
                     birthDate="2019-07-09"/>
                <Participant name="y4NYHi9OF5zxw5KLlT-Odj" role="subscriptwriter" IPDN="XGx9REWM_f6" performance="soloist" grossFee="-957977582.97"
                     modifier="B" IPI="kD0u2s28YUIhCp615" birthDate="2019-04-16Z"/>
                <Participant name="WimNwgt7tXj" role="music director" IPDN="hVv4fHYV" performance="conductor" grossFee="-1223639455.87"
                     modifier="C" IPI="b_l" birthDate="2019-12-20"/>
                <Participant name="ANioI-BfyG-6" role="composer" IPDN="FZxKjJD8ur" performance="soloist" grossFee="1710694901.44"
                     modifier="A" IPI="Il2Bly9MjP9dIIr" birthDate="2020-06-22"/>
                <Participant name="FwiOGD1hA5DKyYt." role="performer" IPDN="oc" performance="soloist" grossFee="14920035.12" modifier="A"
                     IPI="g1LdMHGV.j9y" birthDate="2018-12-24"/>
                <Participant name="FfTQZtS2m9ZmsXw2LagcBwj0zVb8C1" role="subscriptwriter" IPDN="TpT7JqS6mwfldQkHi" performance="conductor"
                     grossFee="1556205525.03" modifier="C" IPI="uADo5Wb1NDpahFCjX.vkMZmEa7J_" birthDate="2018-07-15"/>
                <Participant name="HW" role="producer" IPDN="nQ.IoPIM0Ok9xFLhYRYSgnsbx" performance="chorus master" grossFee="-1876266547.76"
                     modifier="B" IPI="j4KOZdOywp" birthDate="2019-10-25"/>
            </Participants>
        </Record>
        <Record title="waeMoGnvQ" spins="1447240292" ISRC="9630MD3O375G" year="1129" producer="NJB8LONxRry" label="_CLoBhcaHgruBu"
             recordNo="CQAGLFFsuO-K1CaT" serialNumber="GVqJidZM-B0r" isPremiere="true" usage="commercial"
             ISWC="Sn9vWa9LFSb" AKA="D" genre="commercial" broadcastedFrom="2020-04-30T11:21:16Z" broadcastedTo="2019-02-20T11:21:16"
             runtime="1972175009" origin="live stream" alternativeTitle="C8RgM37PkwC" recordedFootage="863117797">
            <Participants>
                <Participant name="vFCOCn1QCaoCHr7F96VdUMIzUi" role="scriptwriter" IPDN="lJNK00nfh185KukmVo-CaLJhUgwicA" performance="soloist"
                     grossFee="-80753658.48" modifier="B" IPI="zwQGG8I5N_7TcWWqU" birthDate="2020-04-15"/>
                <Participant name="i8bS-0j0DD9GwgQMfZrz4EGoe." role="performer" IPDN="acMD-NVGen9wHklqmyZblIvyIexd" performance="supporting"
                     grossFee="227555456.65" modifier="B" IPI="pEvAG" birthDate="2019-07-17"/>
                <Participant name="SGgDy2cnpqCdC46va7zeL-" role="performer" IPDN="RjLo" performance="conductor" grossFee="-905946114.72"
                     modifier="B" IPI="VcioRpYUM3qFBeQtX8PUAN29SwU" birthDate="2019-08-23"/>
                <Participant name="UGHeOlExZGNb" role="music director" IPDN="fpzKNlBlt" performance="chorus master" grossFee="-1161696011.41"
                     modifier="A" IPI="k-svWnyNb5kmavvkibhfx8" birthDate="2019-06-24"/>
                <Participant name="i" role="arranger" IPDN="tC.9OANQ." performance="conductor" grossFee="610519603.75" modifier="C"
                     IPI="NJ5qpvlRN8BYgcpRN6u" birthDate="2019-10-30"/>
                <Participant name="vHZ5ieQFJNMSDHC72vZxFy0fhMoJq" role="remixer" IPDN="gbDh4MrtwVnZICVbBU" performance="main" grossFee="-1039006775.62"
                     modifier="C" IPI="gM8sVFbXuUW1T" birthDate="2020-06-18Z"/>
                <Participant name="CFG9Z2ve" role="scriptwriter" IPDN="a_yGy0L2ZpsITdrjlB71VpuwlcfM3u" performance="conductor" grossFee="1986170014.58"
                     modifier="C" IPI="qQLBZeQZDlthgG" birthDate="2018-11-25"/>
                <Participant name="VhZrq1s" role="producer" IPDN="StDQKbZ.fd27CP79cI" performance="conductor" grossFee="-1361523288.04"
                     modifier="C" IPI="N5cBzhO57G_NfqaXnLT62" birthDate="2018-10-21Z"/>
                <Participant name="ZBVZlC3IKHP." role="remixer" IPDN="misIJw" performance="supporting" grossFee="907154018.33" modifier="C"
                     IPI="X8wi" birthDate="2019-08-18"/>
                <Participant name="sJTCTpHsNS1AoeZaAlC3bq5Q3S" role="remixer" IPDN="w4VrNftAstuXTr5yTx6IL" performance="main" grossFee="1952351668.88"
                     modifier="C" IPI="kNyegcDS-Qh-NzfOg8V4ScyBXhuJ" birthDate="2019-07-20"/>
            </Participants>
        </Record>
        <Record title="eA" spins="1132229342" ISRC="644O4YU585R7" year="5837" producer="VpPT4Y70RX2AqBSpOWBTh9yctZy"
             label="YiurmL" recordNo="tQCIfsy2T6cgRZWYZZSHhT.-T" serialNumber="dcDqNSKcDN" isPremiere="1"
             usage="commercial" ISWC="R99dRTFLlMik0ROQ5a1h" AKA="U7Q4oitQlFwaLAH2" genre="jingle" broadcastedFrom="2020-04-17T11:21:16Z"
             broadcastedTo="2019-11-25T11:21:16" runtime="462313185" origin="live stream" alternativeTitle="U"
             recordedFootage="2036406469">
            <Participants>
                <Participant name="dKAIjK3ZFW" role="composer" IPDN="L8Co99" performance="main" grossFee="1907247758.62" modifier="A"
                     IPI="zRlgnHPuyvkfFndVP4oJS6a-_JoQv" birthDate="2019-12-22Z"/>
                <Participant name="X6sGZy2q5GuzkGZVsT" role="performer" IPDN="XlDEajFxcZJUZJ9al6vz8G87D" performance="main" grossFee="331809738.75"
                     modifier="B" IPI="Nsd" birthDate="2019-02-21Z"/>
                <Participant name="P3eIr0VPjKfRe5ZbxRg-qrzhhl" role="sound engineer" IPDN="Dg0z1tTuVJSI-Sh0yYxVC3zm" performance="chorus master"
                     grossFee="-511269403.63" modifier="A" IPI="SERPSrfr.JXSjAB" birthDate="2020-02-29Z"/>
                <Participant name="eFcDLyXLG9FFGjvVLhtsVe2AMwaE2R" role="producer" IPDN="H3j7rQs8zMuHyuJ" performance="supporting"
                     grossFee="-684697004.27" modifier="B" IPI="XQhHalMPj99hBH8nWeK" birthDate="2018-10-27Z"/>
                <Participant name="_PIIMYzht8MaqaZii1jVniCfNLBPrd" role="subscriptwriter" IPDN="EGCw-CuuZQm" performance="soloist"
                     grossFee="920207122.65" modifier="A" IPI="KGiqUmF6Dh3" birthDate="2019-12-26Z"/>
                <Participant name="h_kZDg_7-yUPETDJw.1p1SZbgpdV58" role="sound engineer" IPDN="ZTW5qYLXa3SB" performance="chorus master"
                     grossFee="-1527897382.57" modifier="C" IPI="BJbqfIGEPgERDtEmVGDdM3fa" birthDate="2018-08-27Z"/>
                <Participant name="kmU.yAWjdu_x" role="music director" IPDN="zO1QfSQEPeNzrDRjoeiOqz5-91_s6Y" performance="supporting"
                     grossFee="-178287802.60" modifier="B" IPI="yztMncvzfoXRTEzlsu5QsJl" birthDate="2019-04-10"/>
                <Participant name="ZZW" role="producer" IPDN="dp" performance="main" grossFee="616046300.23" modifier="C" IPI="g"
                     birthDate="2019-04-09"/>
                <Participant name="OQqW9yp5" role="subscriptwriter" IPDN="dGaTuMrfqTToFgYxloFQJOAUp" performance="soloist" grossFee="-1103742091.33"
                     modifier="B" IPI="g5WgZik" birthDate="2019-10-25"/>
                <Participant name="lji4J5n" role="arranger" IPDN="jd9RhY1tqbOXkNNVbVTCW1E.6jz-" performance="conductor" grossFee="1411988353.08"
                     modifier="C" IPI="X72Qv" birthDate="2020-01-15Z"/>
            </Participants>
        </Record>
        <Record title="C" spins="2009496053" ISRC="W28JVI5V8F1Y" year="2148" producer="XthH0fI" label="f" recordNo="UvsS62h"
             serialNumber="CG-4WRz_1DZ7lYQ1c" isPremiere="true" usage="commercial" ISWC="J5qZe2x6DT5-nMOJ5ioKGy8JVax"
             AKA="RdBPz-ge_BQv9onxTUd5OvbTI" genre="jingle" broadcastedFrom="2020-05-06T11:21:16Z" broadcastedTo="2019-11-12T11:21:16"
             runtime="269045748" origin="commerce" alternativeTitle="AM8wrZ2R5.Pu" recordedFootage="1940435142">
            <Participants>
                <Participant name="H6j7Oh89" role="music director" IPDN="mBipf" performance="soloist" grossFee="967464623.03" modifier="C"
                     IPI="uzM3dsvi_t" birthDate="2020-02-05"/>
                <Participant name="dqxLI09eEJX4z1oH0PxGEZHxOTQP9D" role="sound engineer" IPDN="I_wo" performance="supporting" grossFee="-943447654.89"
                     modifier="B" IPI="gLhU96XAH.YWJWQwj" birthDate="2019-07-02"/>
                <Participant name="Dyj8UKNxvzgKZBhSft" role="scriptwriter" IPDN="vpPRMe" performance="supporting" grossFee="1552107522.61"
                     modifier="C" IPI="j.QVP" birthDate="2018-08-09Z"/>
                <Participant name="dFDUehQxHysloyIa4a7Tg7" role="arranger" IPDN="HiUsx31mxbUWU7lcrpddZhjS" performance="main" grossFee="1855987035.01"
                     modifier="C" IPI="sKBHRFJx" birthDate="2019-05-02Z"/>
                <Participant name="hNiUdvKNCvdqbN" role="performer" IPDN="aW40" performance="soloist" grossFee="-801693497.58" modifier="A"
                     IPI="KRr.4-TBKsuwSLPz" birthDate="2019-11-19"/>
                <Participant name="AMlmr" role="remixer" IPDN="yD4L" performance="soloist" grossFee="1803468539.27" modifier="B"
                     IPI="ulhcbmx9Ql9TmZ-LMK" birthDate="2018-12-25Z"/>
                <Participant name="H4h5hGqKqa6fEItNDnGht" role="scriptwriter" IPDN="iSUoO5zpusUDx2" performance="conductor" grossFee="-1195350749.32"
                     modifier="A" IPI="gBws0gvl" birthDate="2019-06-18Z"/>
                <Participant name="su_L.T..GBLCd4wu88LYDPG" role="music director" IPDN="hHG" performance="chorus master" grossFee="1102736534.83"
                     modifier="A" IPI="yBkVnq1Kw51Jq7qxI1xAkCSUDkPGPX" birthDate="2020-05-02Z"/>
                <Participant name="U.LxBw5kxRBzCX" role="sound engineer" IPDN="ndC4UzWzuMaEvH" performance="soloist" grossFee="-122200529.65"
                     modifier="A" IPI="z" birthDate="2018-09-24Z"/>
                <Participant name="n_pEN-R8WkKQyPm9hhZWPjzAC.K" role="arranger" IPDN="no1um4OVb" performance="supporting" grossFee="1164274246.21"
                     modifier="C" IPI="fZqsMJ-8ljivW7jQjSKZ7-niQX" birthDate="2019-06-04"/>
            </Participants>
        </Record>
        <Record title="LC" spins="648145350" ISRC="CLM353MA3VNS" year="4099" producer="GcoU0L4Ry-fBMiHxaA" label="iflWLy"
             recordNo="H1uQQIBXvjou1FE" serialNumber="z81i1" isPremiere="true" usage="broadcast" ISWC="g6hW-4rPHYTgCmMm0iJ"
             AKA="hWL2Wb1Fpb6" genre="spoken word" broadcastedFrom="2018-12-24T11:21:16" broadcastedTo="2019-10-18T11:21:16"
             runtime="521917439" origin="live broadcasting" alternativeTitle="G-ldHfWzoOYMvUwJNv" recordedFootage="1699412139">
            <Participants>
                <Participant name="WjG6LWRLPGhE77YAPkm" role="arranger" IPDN="xKqadsEibzXO5mtDy6I5fx7-" performance="main" grossFee="-1365078931.22"
                     modifier="A" IPI="NkDs4-QH_6OdxmEyY3wliK7ymLdl1k" birthDate="2019-01-30Z"/>
                <Participant name="YifmOd7XndT7dg" role="scriptwriter" IPDN="Shojmhu_IXAf" performance="chorus master" grossFee="1668130449.05"
                     modifier="B" IPI="JWqa_tjBXyYHxhPmsq0w" birthDate="2019-01-16Z"/>
                <Participant name="BlUS0i2FWto6nF.uhAEU3" role="producer" IPDN="w7lEHgFnXtMs-aG0" performance="soloist" grossFee="452286934.72"
                     modifier="A" IPI="UW6LnUwsn" birthDate="2019-06-10Z"/>
                <Participant name="GDMuKndzLJjPbs" role="performer" IPDN="N8jATrhuNIxYDm1FSkP" performance="chorus master" grossFee="-1046680934.70"
                     modifier="B" IPI="u" birthDate="2019-08-29Z"/>
                <Participant name="IEdQxHcSQxcuwM0KZXRf1bmkJ7C8" role="remixer" IPDN="J7iuX6CapzD41gP3zGBFcy" performance="soloist"
                     grossFee="1437615590.29" modifier="C" IPI="K-aZp3kqa3K" birthDate="2018-07-14"/>
                <Participant name="P593qimlCuaKeGmI_TgKCGZ" role="subscriptwriter" IPDN="l5oG5JdR_MW" performance="conductor" grossFee="-432715963.72"
                     modifier="B" IPI="hkLoZc" birthDate="2019-07-13Z"/>
                <Participant name="AfkYZz-T1Pnms.gsh.gk" role="performer" IPDN="EmuBwuDXK0bE2dwvacOfCHSG9AV" performance="soloist"
                     grossFee="282734828.47" modifier="A" IPI="y4M3Y0cMJP-Q3phLfH_51VdF4MgKYg" birthDate="2019-02-23"/>
                <Participant name="aywW7ZzfdJNqaRyJSlX8TfDg" role="music director" IPDN="dbP-oqbuWzYX5bqsIGrRKRzM5Sk" performance="chorus master"
                     grossFee="2124058587.76" modifier="B" IPI="IlRqVz1XGWE34Sx_1" birthDate="2018-07-06"/>
                <Participant name="vT4J7a9BZ.S7r7RZwyd" role="scriptwriter" IPDN="IhA4D02qI5t3X" performance="conductor" grossFee="389276601.55"
                     modifier="C" IPI="QmRHuCLBF2Ca-zr4Wg-h" birthDate="2019-07-10"/>
                <Participant name="l" role="sound engineer" IPDN="Yjwfifn4O3sY" performance="supporting" grossFee="-35238047.87"
                     modifier="A" IPI="Y0WTSj6kzKeoY" birthDate="2020-05-05"/>
            </Participants>
        </Record>
        <Record title="UBshq" spins="175660497" ISRC="328TFX5LOJ7U" year="6466" producer="_AQz81v.HApX8." label="QhMI.D"
             recordNo="J2MACgO9fMHsr9mpt-tSa31xSf" serialNumber="_HWnvzGLYyWJqJJy6LfqUrE" isPremiere="0"
             usage="commercial" ISWC="m" AKA="pxcgS-64ZQGuE2KmkruEv9UHbggl" genre="jingle" broadcastedFrom="2019-03-30T11:21:16Z"
             broadcastedTo="2019-12-03T11:21:16" runtime="1916778635" origin="self" alternativeTitle="Bqut8Ecq5"
             recordedFootage="2035808724">
            <Participants>
                <Participant name="jJ7WnFjC-aKd" role="composer" IPDN="UDN" performance="supporting" grossFee="-1702388707.98" modifier="B"
                     IPI="aayaX0" birthDate="2018-11-30Z"/>
                <Participant name="yAgNLBo-X1u-gd.Avl" role="producer" IPDN="fi6MK6vThW2LDFp6r" performance="soloist" grossFee="-1216397046.83"
                     modifier="B" IPI="bu4V9cm8" birthDate="2018-09-30Z"/>
                <Participant name="K39d50Y5k2XMjlV_o9qLovZNzMJZw" role="scriptwriter" IPDN="lGLXRvjDim1x1_74J.vszJLdWE" performance="soloist"
                     grossFee="1420217721.23" modifier="A" IPI="TxnRjYXzp42.Dw5xeOLSrquePsH53" birthDate="2019-01-01"/>
                <Participant name="S65" role="performer" IPDN="ukip_025a3IEjhbj9fSk-QNIi2" performance="chorus master" grossFee="496878843.52"
                     modifier="B" IPI="sKkGnyVPYx25zoyV" birthDate="2018-10-30Z"/>
                <Participant name="Ytoq16-h8O5zdAPwOwfrXT-DH3" role="subscriptwriter" IPDN="hpPAnIb0v7Gnmb5BkCstbq4ruJMoX" performance="chorus master"
                     grossFee="889655905.46" modifier="A" IPI="w1BIAt_HvWKtUh_gyAy2DsuIsdAN" birthDate="2020-02-02Z"/>
                <Participant name="M4djs8kRP" role="music director" IPDN="kLN_RxJONflDB2ZsMd" performance="chorus master" grossFee="1037266333.49"
                     modifier="B" IPI="fzIRvcOQhPe" birthDate="2018-07-20"/>
                <Participant name="W3dIN4eEg." role="scriptwriter" IPDN="nmNE" performance="conductor" grossFee="-1000173242.10"
                     modifier="B" IPI="pSVU3" birthDate="2018-10-28"/>
                <Participant name="IE" role="sound engineer" IPDN="NH8uhe3Fwg" performance="chorus master" grossFee="-237880157.49"
                     modifier="C" IPI="mSA0U7dc" birthDate="2018-07-04Z"/>
                <Participant name="vls8zKspmGfSnwqf_RnSr6" role="performer" IPDN="vJXUV3vkHP" performance="chorus master" grossFee="1070548468.20"
                     modifier="B" IPI="s4VMvWEe7yNcx5BC1X" birthDate="2020-01-29"/>
                <Participant name="nBQXcO45UAbOJas-" role="sound engineer" IPDN="U" performance="soloist" grossFee="1805037535.64"
                     modifier="B" IPI="VpQtlOJ748PXmDrFa" birthDate="2019-10-19"/>
            </Participants>
        </Record>
    </Record>
    <Record title="eWudwR" spins="824751424" ISRC="94SE2PEP85VP" year="4488" producer="m" label="tkEQ7.8DwVzmO8NIHa2T"
         recordNo="AuwPSsV4p7qtJaOShVhv5eOO" serialNumber="IJ81ilrbbeO" isPremiere="0" usage="jingle"
         ISWC="T1psMSmdEg8w" AKA="iH1B0oEoXWsND9C0B" genre="jingle" broadcastedFrom="2019-10-20T11:21:16Z"
         broadcastedTo="2018-12-21T11:21:16Z" runtime="1613879872" origin="report" alternativeTitle="S5NNyJ"
         recordedFootage="1062390297">
        <Participants>
            <Participant name="Qf2Du4Aa3ONyriNYaN6_axqH9xpTC" role="scriptwriter" IPDN="Jzt" performance="supporting" grossFee="-1232085921.23"
                 modifier="B" IPI="cKCtI0NB6aKuYBOb9w5z" birthDate="2019-06-12"/>
            <Participant name="pGjY-Vd7v" role="scriptwriter" IPDN="vArv2lccL0EkZsXWGVE" performance="soloist" grossFee="-224397617.70"
                 modifier="A" IPI="IYnN8Y" birthDate="2019-09-20Z"/>
            <Participant name="h7X8U1J555jc0" role="scriptwriter" IPDN="OfbDqF" performance="supporting" grossFee="1019676956.23"
                 modifier="A" IPI="gnE_bgY.QIDWj" birthDate="2019-03-16"/>
            <Participant name="s4Rp1hY0" role="performer" IPDN="vOD" performance="soloist" grossFee="-1416225356.75" modifier="A"
                 IPI="w5jbjE-q8XER31" birthDate="2019-07-01Z"/>
            <Participant name="j6ZAH9" role="performer" IPDN="Y3VHEL1YrgHGEhF_6" performance="soloist" grossFee="1480488659.87"
                 modifier="C" IPI="r" birthDate="2019-11-09Z"/>
            <Participant name="sNp.vyxiePG6bG8s_v" role="remixer" IPDN="_sC-XVK9YhXBNwIBv" performance="supporting" grossFee="2031919501.94"
                 modifier="A" IPI="A6xcYO" birthDate="2020-02-17Z"/>
            <Participant name="ToIqXlPtn8T6IHiW_np" role="scriptwriter" IPDN="wXm452q9Dxf" performance="main" grossFee="-793065283.71"
                 modifier="C" IPI="w7oxz" birthDate="2019-05-11"/>
            <Participant name="ggNBNqjUW93vB7.Cge9P" role="arranger" IPDN="T" performance="conductor" grossFee="-599855458.57"
                 modifier="A" IPI="EHWm-rOLsT5HqRHCxeH8g1" birthDate="2018-09-19"/>
            <Participant name="oNS22fyJBf1AGGGGKeTSnoPFj" role="remixer" IPDN="wE5sNYkCnFkfaOFf" performance="main" grossFee="1577563538.64"
                 modifier="C" IPI="bOIKthb" birthDate="2019-05-29Z"/>
            <Participant name="iYehwIixMiXTdE" role="performer" IPDN="DliOBDMJq" performance="main" grossFee="-919117724.47"
                 modifier="A" IPI="yiOhWPQspXj670qjiazl" birthDate="2019-04-21"/>
        </Participants>
        <Record title="PDjBzlgg" spins="1930930735" ISRC="98M7MCKRED5G" year="3266" producer="Q4.W8dEVi4ORnj1Hpgq6L_S"
             label="Q8P6L9BbPJ1kiX00Y7fwokdY" recordNo="Vwe67Bb3Rb8TQ" serialNumber="v-szc3acazC7_4I"
             isPremiere="false" usage="jingle" ISWC="rmjv3Y" AKA="XinL" genre="commercial" broadcastedFrom="2018-07-18T11:21:16Z"
             broadcastedTo="2018-09-01T11:21:16" runtime="249833053" origin="free of charge" alternativeTitle="VHpSc"
             recordedFootage="1719771301">
            <Participants>
                <Participant name="aQKI" role="remixer" IPDN="XkmCxtDZexSsCFoLvtn5" performance="main" grossFee="1944146522.48" modifier="A"
                     IPI="uUPc" birthDate="2020-01-26"/>
                <Participant name="Y61tlnq6ig_" role="scriptwriter" IPDN="oqhrSUqd" performance="soloist" grossFee="950994581.98"
                     modifier="B" IPI="IJ91MZ8OfA" birthDate="2020-03-15"/>
                <Participant name="P" role="performer" IPDN="_r-z8WDX29B4-4QKDtL" performance="main" grossFee="1044813214.86" modifier="C"
                     IPI="jqziOlwRQlxV" birthDate="2019-07-20"/>
                <Participant name="fkrmcYRQ" role="composer" IPDN="WqZshq" performance="supporting" grossFee="-616820125.57" modifier="A"
                     IPI="qwi8cC_c" birthDate="2019-04-02Z"/>
                <Participant name="L" role="subscriptwriter" IPDN="FyH" performance="chorus master" grossFee="1573505852.93" modifier="B"
                     IPI="eHcE87UhyC-Xk" birthDate="2020-06-25"/>
                <Participant name="yHmG47sK" role="music director" IPDN="_" performance="main" grossFee="1911157907.83" modifier="C"
                     IPI="kJsn" birthDate="2018-12-21"/>
                <Participant name="LZpXdiH" role="composer" IPDN="nG2woqiXd_MOBGZYKiPljKVC9" performance="main" grossFee="697710436.05"
                     modifier="C" IPI="V2hyNjcNPLZI5nU5wX" birthDate="2018-12-02Z"/>
                <Participant name="_jkOWXSLux2dXRze0p4XLJW8oXFc1u" role="scriptwriter" IPDN="iE-VWlmMX8sSUtozdA-" performance="chorus master"
                     grossFee="123360755.14" modifier="A" IPI="PTZJFQ" birthDate="2019-01-16"/>
                <Participant name="EzViH3svjUBB1sG" role="sound engineer" IPDN="HV4" performance="conductor" grossFee="-630598573.88"
                     modifier="A" IPI="vF0kolcjL8B2Z" birthDate="2020-02-27"/>
                <Participant name="ixZw1H2RTDuUmMHZ" role="performer" IPDN="ca6ex0Ic.cxLU6e" performance="conductor" grossFee="2008249065.00"
                     modifier="B" IPI="AGIv-zsW-EIdsltgkA_0LffsVn7a" birthDate="2019-04-26Z"/>
            </Participants>
        </Record>
        <Record title="s1v-E86ZY" spins="1709857767" ISRC="798F083YMEP9" year="2481" producer="R3Y" label="KX8APG9wWp1F1.LCQ34FI0dze"
             recordNo="LveZKAjAeGwj2" serialNumber="C" isPremiere="false" usage="commercial" ISWC="LlcTkjpGJG.ygcaV2Sns3"
             AKA="DNyllflJRH1jGOIR" genre="pop" broadcastedFrom="2019-06-10T11:21:16" broadcastedTo="2019-01-06T11:21:16Z"
             runtime="507187797" origin="live stream" alternativeTitle="LXjfE1taI9yCC.gap0nte" recordedFootage="1281964232">
            <Participants>
                <Participant name="SGjEinpM7acSlYbx" role="music director" IPDN="Uwd_wHXbt-oP4F2" performance="soloist" grossFee="-429790827.93"
                     modifier="A" IPI="m5nF8" birthDate="2019-02-20Z"/>
                <Participant name="JeYNp1_82H6Q3" role="producer" IPDN="OnN" performance="supporting" grossFee="1668043059.76" modifier="A"
                     IPI="qtpVSrfKEG1P4Z-tI" birthDate="2018-09-07"/>
                <Participant name="xi4" role="music director" IPDN="SALBh4nBOiD-38hbNBo1q" performance="soloist" grossFee="-801424859.37"
                     modifier="C" IPI="OAv" birthDate="2019-07-19"/>
                <Participant name="LDvRc3pqKabyXMo0Ue-2yd" role="scriptwriter" IPDN="YtWqGPs7oQ45tLk.9KqO" performance="main" grossFee="-1652656482.86"
                     modifier="C" IPI="h" birthDate="2019-06-28Z"/>
                <Participant name="B5lYNs1LSMsahf1anG.3BE" role="remixer" IPDN="GPg2IBAgcDQ6E" performance="conductor" grossFee="-1975172044.30"
                     modifier="B" IPI="P9odD_.LlvHxJxn8Af-YESDuXwH" birthDate="2019-09-07Z"/>
                <Participant name="VhS" role="sound engineer" IPDN="xRULJWj69VqVulx5Dz.0xytvi" performance="soloist" grossFee="-248557249.61"
                     modifier="A" IPI="NQa5XcNI" birthDate="2018-12-31Z"/>
                <Participant name="ngsu6n_0DWGMEHhHWaaJmLwr1K" role="subscriptwriter" IPDN="z" performance="supporting" grossFee="1988210534.62"
                     modifier="B" IPI="aX7b" birthDate="2018-07-09"/>
                <Participant name="qLW6" role="scriptwriter" IPDN="iwvcAgPcmkmoJT5WJ3BL93TCAxW0" performance="main" grossFee="23001132.63"
                     modifier="C" IPI="JC" birthDate="2019-07-02Z"/>
                <Participant name="_b3x0xQtU_tw" role="sound engineer" IPDN="zKD9mS" performance="main" grossFee="-350833053.03"
                     modifier="B" IPI="RvC_AWPxb" birthDate="2019-12-25Z"/>
                <Participant name="WR9Z_D_jRlOfsMOl1doWXXmMrn" role="sound engineer" IPDN="HL4X" performance="conductor" grossFee="-406002718.88"
                     modifier="A" IPI="PWg8Kn79WhR" birthDate="2018-12-19"/>
            </Participants>
        </Record>
        <Record title="iSQC42oaVcQEsM" spins="2041124548" ISRC="IE9H9VML66CY" year="5525" producer="F55INeFkjmdwXVHtbsCyoKnbJbFP"
             label="d" recordNo="UOn7ZqG1C_F-mJ7FeF_M" serialNumber="OX5dO.RoXUCxnK2cNgFz9Vme" isPremiere="0"
             usage="broadcast" ISWC="gicF-5Oe6Ab8xMz" AKA="owa8DjyivrKSotsxtue0xTy" genre="classical"
             broadcastedFrom="2020-04-13T11:21:16" broadcastedTo="2018-12-02T11:21:16" runtime="859860055"
             origin="self" alternativeTitle="eLbA7HdFIin5" recordedFootage="1610013949">
            <Participants>
                <Participant name="I_RlKRfV1GY" role="arranger" IPDN="lKQ7oSUB6eo9KZe9xU9r" performance="chorus master" grossFee="525340414.72"
                     modifier="B" IPI="LYGLnnMPMzjnKi8_mlyRL" birthDate="2019-01-03"/>
                <Participant name="cc7yJ0Q" role="music director" IPDN="ju" performance="chorus master" grossFee="1248423480.01"
                     modifier="C" IPI="kYGxT8ZCpP5vIvdy7xhg7" birthDate="2019-06-15"/>
                <Participant name="VDC" role="subscriptwriter" IPDN="uA.0mr" performance="conductor" grossFee="-1001511297.01" modifier="C"
                     IPI="bHIJoHL.16dqwuUm7J_zyVUDb" birthDate="2019-05-08Z"/>
                <Participant name="g3jXkXdbCg" role="performer" IPDN="nWVKjbA1-" performance="conductor" grossFee="426426473.21"
                     modifier="C" IPI="DnUm5mL_.uZ" birthDate="2019-12-12"/>
                <Participant name="ie" role="producer" IPDN="t" performance="main" grossFee="73486605.24" modifier="C" IPI="BuyJf9E"
                     birthDate="2018-08-02"/>
                <Participant name="dlwqwH7.Hy7w600D" role="scriptwriter" IPDN="lMvAqSC" performance="conductor" grossFee="1359128370.35"
                     modifier="B" IPI="FbxT0aMPiVCBl9NTMi" birthDate="2019-07-16"/>
                <Participant name="L9KRyY" role="remixer" IPDN="JfyFqCXbh5eh" performance="chorus master" grossFee="1597371826.84"
                     modifier="A" IPI="Jn09Cp9sH2t" birthDate="2019-04-29Z"/>
                <Participant name="DwBfNp" role="remixer" IPDN="FvxO9y6Sq0OsS." performance="chorus master" grossFee="-262056724.41"
                     modifier="C" IPI="lR37qKesB4jhofI.k" birthDate="2019-06-29Z"/>
                <Participant name="epf9UTcw6f-KvyAV0UfJKh1Xg" role="arranger" IPDN="rK9-cgaL" performance="supporting" grossFee="1788227858.61"
                     modifier="B" IPI="UqGQ7hbM" birthDate="2020-02-12Z"/>
                <Participant name="KfplLjxbSQl_-" role="sound engineer" IPDN="sw.RCEUwc-e-qGiWIk2R_rMzN" performance="main" grossFee="-660602148.90"
                     modifier="B" IPI="za5tAo" birthDate="2019-05-04Z"/>
            </Participants>
        </Record>
        <Record title="QOcJszkSU9co2TXEKe82_-Vuv" spins="1624741571" ISRC="N7C1L62265K6" year="8656" producer="sX08tEppjWskE"
             label="yUfy-" recordNo="aNfyg7BeYv2jeu96KNz.-4EoUBvp" serialNumber="Ty2Mw7Sp" isPremiere="1"
             usage="commercial" ISWC="BpqnRQdHT5E" AKA="oqZwdX5S7WQYbyC" genre="classical" broadcastedFrom="2019-03-31T11:21:16Z"
             broadcastedTo="2019-01-13T11:21:16Z" runtime="853301270" origin="free of charge" alternativeTitle="Cs6Kdwxy379dlsIrtQAZTSr0Wuv9S_"
             recordedFootage="532131448">
            <Participants>
                <Participant name="udLcHJ4U.tJeKQNziBk37ARa.8" role="arranger" IPDN="GZDj.7gRtaJER3fPhURjEBjN4RouPI" performance="chorus master"
                     grossFee="630546941.65" modifier="C" IPI="V4rAUrF4" birthDate="2019-04-25Z"/>
                <Participant name="pnKKQtN1oCS0QWdG_JM4lHFU8" role="producer" IPDN="wiGLvQm2lAs6epojF0bRc" performance="conductor"
                     grossFee="2120753212.70" modifier="C" IPI="P4OqEN5b9rJ" birthDate="2019-04-26"/>
                <Participant name="GUtX.L" role="composer" IPDN="EKlnR4LA9xZ3CRE3eIC5bTvaL" performance="conductor" grossFee="994512056.98"
                     modifier="A" IPI="mY_Zw7Hixogi-8" birthDate="2020-05-14Z"/>
                <Participant name="iiupLLSD13K" role="sound engineer" IPDN="Od3" performance="main" grossFee="-194803427.11" modifier="C"
                     IPI="kuI3C.LBz2KQANSkDvVPmN6mLp" birthDate="2018-08-05"/>
                <Participant name="VYQ3d" role="arranger" IPDN="A4Q7Kuai4" performance="conductor" grossFee="-1332136521.13" modifier="C"
                     IPI="prl0ubPDdvT0dTz5___2" birthDate="2018-10-15Z"/>
                <Participant name="IwxA" role="performer" IPDN="H4vrLYY9gKWB4zK" performance="supporting" grossFee="-1146125908.32"
                     modifier="C" IPI="a86Du.WL-FHnyrlt.XplVZB" birthDate="2019-10-08"/>
                <Participant name="ARPOL3RwYb" role="music director" IPDN="R4e.ey" performance="conductor" grossFee="613448712.39"
                     modifier="B" IPI="rr1B" birthDate="2018-08-09"/>
                <Participant name="Vh32x" role="performer" IPDN="ns-" performance="main" grossFee="-1876870086.78" modifier="B" IPI="gajL"
                     birthDate="2018-09-11"/>
                <Participant name="pOO4PqkQiVMQA2LWwPaoC.C" role="sound engineer" IPDN="A66wdZN6VbQg" performance="chorus master"
                     grossFee="-747185801.92" modifier="B" IPI="v-ms.9OWAnY16" birthDate="2018-12-16Z"/>
                <Participant name="XTJL-" role="sound engineer" IPDN="KFH5b.5C_O73zaJui" performance="supporting" grossFee="1689762964.89"
                     modifier="A" IPI="jqutCX2arFj7RkPr3s9VDBHBgfjw" birthDate="2019-02-10Z"/>
            </Participants>
        </Record>
        <Record title="dxo.yXlLep3w_1jAKsaDx" spins="658797885" ISRC="4558074582QF" year="3328" producer="m" label="jZ-GkkUvs"
             recordNo="qPCOP4ZbCGmG-jBo95H2EnEystkUN" serialNumber="oGqQ19chQ.mpHBG6" isPremiere="1"
             usage="jingle" ISWC="YdOAGG63G2NiXJs-zslWT4yYfkg" AKA="jZhfmh88mx9WrH.mXHw_YO8-" genre="composed"
             broadcastedFrom="2019-06-25T11:21:16Z" broadcastedTo="2020-02-13T11:21:16Z" runtime="811738904"
             origin="self" alternativeTitle="t0D6IQo9P" recordedFootage="319193407">
            <Participants>
                <Participant name="W7S0gOIOA6" role="composer" IPDN="ds5SOzrfq" performance="supporting" grossFee="-139367856.18"
                     modifier="C" IPI="i9wZhRoEIrba" birthDate="2020-06-18Z"/>
                <Participant name="gAOtece" role="sound engineer" IPDN="rxgSHHVh5AKRVBWeQzCKOre" performance="chorus master" grossFee="-253595694.98"
                     modifier="A" IPI="vE3OgD" birthDate="2019-06-05"/>
                <Participant name="nPv" role="scriptwriter" IPDN="pOjUmpq" performance="soloist" grossFee="2024599074.53" modifier="A"
                     IPI="tHCRNQANaGG3eQe" birthDate="2019-01-05"/>
                <Participant name="YJyiZYG0xmkk4TSAZ4tr" role="composer" IPDN="eF" performance="supporting" grossFee="1596368698.71"
                     modifier="B" IPI="sK7OQ4Pd3wmq7Vm8HIdpLgW" birthDate="2019-10-15"/>
                <Participant name="BEwySkhIinK9G5wCdW2e-Y2" role="composer" IPDN="e" performance="main" grossFee="-1108579642.32"
                     modifier="C" IPI="w" birthDate="2019-07-01"/>
                <Participant name="oljCaJ2wbf9lPYZ-zQsgNT" role="remixer" IPDN="SanVwz5Tj3I-V_nJFBwN" performance="soloist" grossFee="1394207958.94"
                     modifier="A" IPI="TIjWE2xvPEw8ZBqUTdZmBKnD8aa4H1" birthDate="2020-06-29"/>
                <Participant name="rXTia0lJQFYuuaWob" role="performer" IPDN="UKiDHPWhBppzwi26dgBY" performance="conductor" grossFee="293360422.93"
                     modifier="B" IPI="w-fjmAi" birthDate="2019-06-25"/>
                <Participant name="P5LZ1PoLLJg8.2iQOCH7XPgFtuQqrj" role="remixer" IPDN="eHSIxhWPKCetdKr6yfl5OCDgnBs" performance="main"
                     grossFee="591162645.69" modifier="A" IPI="O18.l72ADXwolVJKRN" birthDate="2019-01-15"/>
                <Participant name="GYqWAG4kZJlWaU1TW" role="sound engineer" IPDN="wIS3f_cds.uK5.9iWwjj6BTANVB" performance="supporting"
                     grossFee="457603825.18" modifier="B" IPI="B9_GgM" birthDate="2019-10-04Z"/>
                <Participant name="DZ9zjdelpeFQoh70v6" role="music director" IPDN="nmdOtXUq" performance="supporting" grossFee="-1442123632.35"
                     modifier="B" IPI="iOjmYy" birthDate="2020-02-18Z"/>
            </Participants>
        </Record>
        <Record title="_DCinNN2Z9l" spins="1622834321" ISRC="93P3S2XSD334" year="6677" producer="dhrS" label="NVGkTojXY4WFBS"
             recordNo="VK3vT" serialNumber="fX" isPremiere="1" usage="jingle" ISWC="qGzlSk4Lui5pHVvBk"
             AKA="Du84eCqrMTaUCdTQh4-EqhT6aFxI" genre="classical" broadcastedFrom="2019-11-11T11:21:16Z"
             broadcastedTo="2018-11-16T11:21:16Z" runtime="1378507595" origin="self" alternativeTitle="quZBeGDl9kt-uj6uO0u4vHrQOV_iXj"
             recordedFootage="1743568869">
            <Participants>
                <Participant name="f6XifShCgAFdgxgFv0iH" role="scriptwriter" IPDN="HXzxenXJnenHR5pTVkMTGr" performance="chorus master"
                     grossFee="-684595847.59" modifier="C" IPI="TKUo.YlMSB5" birthDate="2018-07-20Z"/>
                <Participant name="J9WMJ0hoQt2Z1" role="subscriptwriter" IPDN="kVu_rXXXpkHkOzp6" performance="chorus master" grossFee="-1406144871.99"
                     modifier="A" IPI="d-g_jHCAKBMvfXh7zTAVEX" birthDate="2019-02-13"/>
                <Participant name="x8PExsUZVeYyBaE-8tNWkv1wCf" role="arranger" IPDN="zwhxGi.iCPP8XhOQxvT" performance="conductor"
                     grossFee="-1303096603.11" modifier="B" IPI="pP80xTZWh7j9sHFBIp" birthDate="2019-01-25"/>
                <Participant name="zE" role="subscriptwriter" IPDN="v69uiM" performance="soloist" grossFee="1288068860.43" modifier="B"
                     IPI="v5vfoRES" birthDate="2020-05-16"/>
                <Participant name="MTXZSCuv5SlGm1X-GmapVBh0csR" role="composer" IPDN="T" performance="conductor" grossFee="1061678750.80"
                     modifier="A" IPI="Ip" birthDate="2020-03-15Z"/>
                <Participant name="Q_-PQHoSsCs47VUeu75PR8rTV" role="composer" IPDN="aBiatna75v" performance="supporting" grossFee="984072135.41"
                     modifier="C" IPI="tZuwaERuT" birthDate="2018-12-06Z"/>
                <Participant name="Cj6es_T_XF8i" role="music director" IPDN="xiWTn_nBiL_SGkJwJUnlHWnH7PKeI" performance="soloist"
                     grossFee="861795645.00" modifier="C" IPI="JaC_W2.0oKKvnKlQrL.sf3iuy" birthDate="2018-11-10"/>
                <Participant name="x64QqPHIqkAz" role="performer" IPDN="HTQmmO" performance="main" grossFee="-1426730747.95" modifier="A"
                     IPI="X" birthDate="2020-06-18Z"/>
                <Participant name="qbys" role="arranger" IPDN="iA9-U.c4xPUnU1zwsI" performance="supporting" grossFee="1076126680.12"
                     modifier="B" IPI="PTRved2W.Ts" birthDate="2018-07-20"/>
                <Participant name="zNKC_mFLwL2" role="sound engineer" IPDN="PlDeGuRb6UVWiR8" performance="main" grossFee="-829503515.20"
                     modifier="A" IPI="ROZJeSI.hf" birthDate="2019-04-04Z"/>
            </Participants>
        </Record>
        <Record title="HFER1HITVuNqnU.jUBNOyt4_1TVWe" spins="2002025551" ISRC="43D1V2RX1D1F" year="0023" producer="hx_vlC5"
             label="GUrfdcTgLV-1Dk" recordNo="SsNs" serialNumber="V69kK8XuvljNZu0tppxJ" isPremiere="0"
             usage="commercial" ISWC="rOrSsDUf" AKA="QJHfaXUOnkNHFaShxCW" genre="pop" broadcastedFrom="2020-04-01T11:21:16"
             broadcastedTo="2019-12-10T11:21:16Z" runtime="1651362296" origin="free of charge" alternativeTitle="zSxnUgFl1Ss1EDi8WojhoaXXD_d"
             recordedFootage="1148451096">
            <Participants>
                <Participant name="dGJFSD" role="subscriptwriter" IPDN="uCCu2NGNoAMo9NEq" performance="soloist" grossFee="1576357289.64"
                     modifier="B" IPI="erDyT4fgnYITJmJZtAuQecds" birthDate="2020-03-26"/>
                <Participant name="awQkOr3AI4KLykdzbQwS" role="remixer" IPDN="Ex3nLS6oYMvyjXPGGG9" performance="soloist" grossFee="-776020481.92"
                     modifier="C" IPI="UHl7rX-ondWducxgrTK87JrLB" birthDate="2020-06-20"/>
                <Participant name="afQFvyO7kgyFFUvGl223YWIuWIaX" role="scriptwriter" IPDN="bU_XGvgdOfKRqJO3VkCfR1TAO" performance="supporting"
                     grossFee="383548888.66" modifier="A" IPI="uI1" birthDate="2019-04-04Z"/>
                <Participant name="MtyX2K8W" role="arranger" IPDN="iK" performance="soloist" grossFee="-991432170.02" modifier="A"
                     IPI="PpeDIR03dbV4_Rupy_EYag" birthDate="2018-07-22"/>
                <Participant name="EkA4Q" role="scriptwriter" IPDN="fbMjvVVDWb-UR" performance="supporting" grossFee="-338750495.10"
                     modifier="C" IPI="GYw8s3v-xxFxMfZ1w" birthDate="2019-06-07"/>
                <Participant name="xOlmU3w4NVotTcF923V" role="arranger" IPDN="dMm6HqWYi8z_vOga-MOkVE" performance="conductor" grossFee="4853736.00"
                     modifier="A" IPI="tj.D.6Th1X" birthDate="2019-02-15"/>
                <Participant name="QGacaphWz" role="remixer" IPDN="lwcRJ7RH8" performance="chorus master" grossFee="-1916486510.91"
                     modifier="C" IPI="Q3vwrV3" birthDate="2019-05-05Z"/>
                <Participant name="L.xf" role="arranger" IPDN="sSB1-Q.IhbVxfcjcl0D8zP" performance="conductor" grossFee="2101615803.95"
                     modifier="A" IPI="umCxSZAA1QmGPkmZcpeaXej-oQu73A" birthDate="2019-08-12Z"/>
                <Participant name="fVbu6OqiY6" role="music director" IPDN="FFO20iE2aLWSbo8XQEMe-uy" performance="conductor" grossFee="-1183413068.22"
                     modifier="C" IPI="w" birthDate="2020-05-09Z"/>
                <Participant name="lz4J_F8J" role="arranger" IPDN="B0SSLc3p.6v" performance="supporting" grossFee="-2116170447.66"
                     modifier="B" IPI="cyFOXbXP.apba5PLVcb8F" birthDate="2020-06-01"/>
            </Participants>
        </Record>
        <Record title="R1fFsqr7h4mraHWg0dRr" spins="177556833" ISRC="4DSZOO58E3T2" year="8070" producer="UF" label="ssaG0w39iZw.C1rRJ5pRB_8"
             recordNo="aMfM6Q" serialNumber="_mwAI3KwDn.kPgu_9wUGJVpE3ok6Ch" isPremiere="true" usage="jingle"
             ISWC="X7p54_W" AKA="KOfvQLAXWAygzMykiHQKWzZZBej" genre="spoken word" broadcastedFrom="2019-09-19T11:21:16"
             broadcastedTo="2019-10-18T11:21:16" runtime="508839168" origin="free usage" alternativeTitle="e.."
             recordedFootage="608140009">
            <Participants>
                <Participant name="Y6Tj8ffpinL6j1-NKUjwhFKm7C" role="sound engineer" IPDN="OCRoSw4" performance="main" grossFee="-1562622106.46"
                     modifier="C" IPI="ZpOJPqjQ4C9lS8yH6T" birthDate="2020-03-28"/>
                <Participant name="Q_P-nHRefti4-gMTiJ5x" role="arranger" IPDN="FsmwoxS" performance="chorus master" grossFee="-1885577354.02"
                     modifier="A" IPI="KfcJY77S3Lebcd-ErXkn298RPNA" birthDate="2018-10-02Z"/>
                <Participant name="hxlX" role="composer" IPDN="I9zqbqr8" performance="conductor" grossFee="940489895.30" modifier="C"
                     IPI="Ny2kHDb" birthDate="2019-08-05Z"/>
                <Participant name="zrse3ole" role="music director" IPDN="l2unxn_RI8SgshVV" performance="soloist" grossFee="-1838232481.92"
                     modifier="A" IPI="F23de" birthDate="2018-10-16"/>
                <Participant name="Eu0Ocjneb1M4xp" role="composer" IPDN="FEJrfNViazUA8-XRpU91E0mGWRMbk" performance="soloist" grossFee="-269059501.43"
                     modifier="C" IPI="XIpJ" birthDate="2020-01-23Z"/>
                <Participant name="pBj_1ETLnnerK9vhWl7PWlHPp9a8" role="music director" IPDN="N6y2liXUzUCOQV0yYTYt" performance="supporting"
                     grossFee="120614329.98" modifier="C" IPI="thn_N-dXcEWo1g1Rh2D" birthDate="2020-04-03Z"/>
                <Participant name="Na" role="remixer" IPDN="cykrUpS46j9O7jesG01T_RM" performance="soloist" grossFee="-110572491.47"
                     modifier="B" IPI="UN.jiJGrJc" birthDate="2019-07-27"/>
                <Participant name="t" role="subscriptwriter" IPDN="oPWzVehbJQUS7sO9Z1H.NhE_jtUUi" performance="soloist" grossFee="769526487.28"
                     modifier="C" IPI="Mo" birthDate="2018-10-06"/>
                <Participant name="Ym337O-ewKvA32feap" role="performer" IPDN="pk-s07sh_Cg-caTuhco" performance="supporting" grossFee="-579986657.31"
                     modifier="A" IPI="RO8KX38dVNJEXV" birthDate="2019-05-21Z"/>
                <Participant name="k1M863GpqFO4AUplIMgsZPnLt" role="performer" IPDN="qoqh_Hx7" performance="supporting" grossFee="1760196954.69"
                     modifier="A" IPI="f03RCuHC5R-0Dw" birthDate="2019-08-24Z"/>
            </Participants>
        </Record>
        <Record title="OII4BQSAAGZl09Ejd472tAEVNU" spins="1340957989" ISRC="Y3PU5Z40YEW8" year="2106" producer="iMEyr2c_nOY02GGo"
             label="OpIV2vES2l0RHK" recordNo="wdP-C8EH" serialNumber="w2XCm5bAmC9cp7WIfi" isPremiere="false"
             usage="jingle" ISWC="oltQ8rQkC00QWSLRj2ImuYeIYN" AKA="SrW4cFuXng_InsF7HzEuN9xj" genre="pop"
             broadcastedFrom="2019-10-19T11:21:16" broadcastedTo="2019-09-22T11:21:16" runtime="848333993"
             origin="live broadcasting" alternativeTitle="hbqysratYrUzD3BHEgZ9BnklaQ9jqz" recordedFootage="119673927">
            <Participants>
                <Participant name="Sk" role="scriptwriter" IPDN="rQzw5L." performance="soloist" grossFee="362007609.84" modifier="A"
                     IPI="FGSN6txHZ-t" birthDate="2018-07-09"/>
                <Participant name="f" role="scriptwriter" IPDN="q6e39IacETdXSo0x" performance="main" grossFee="200789512.51" modifier="A"
                     IPI="PMzjW-T8-9Z0PkkN1z" birthDate="2018-12-16Z"/>
                <Participant name="sk_qYyalSmuNvPj" role="subscriptwriter" IPDN="ABAwsCT5RnA-mw_fFg" performance="main" grossFee="1355155355.81"
                     modifier="B" IPI="OTGtkr" birthDate="2019-04-16Z"/>
                <Participant name="pKePspoGrbU6x0L" role="performer" IPDN="wj4YNKmSod" performance="main" grossFee="1049452128.60"
                     modifier="B" IPI="vkqXjQQz6SgGDotsAdjiZBg0.4xswn" birthDate="2019-11-10Z"/>
                <Participant name="N" role="music director" IPDN="_07Xta8XeRh" performance="supporting" grossFee="-952507139.74"
                     modifier="B" IPI="L5Tc_vY.RPpNochtWMKjtj-l" birthDate="2019-01-14"/>
                <Participant name="VKnRgx1" role="arranger" IPDN="I2DMs59YuEdzSP8_H.6N71" performance="chorus master" grossFee="-1320441248.73"
                     modifier="C" IPI="AhjQ6B.tqJlSFJwEhELp71jkWgEVJH" birthDate="2019-07-16Z"/>
                <Participant name="w3kyQoxus5BWu7HR6reDmNvFEED" role="producer" IPDN="LEOqd_-ezA5yMfkYFa" performance="main" grossFee="-1640314472.37"
                     modifier="C" IPI="vRPRkdpbE6dI13k3ex" birthDate="2018-08-25"/>
                <Participant name="Zr" role="composer" IPDN="sJ4kkn4W-0.o" performance="conductor" grossFee="-1554685982.29" modifier="A"
                     IPI="rLsdPgxJ" birthDate="2019-05-18"/>
                <Participant name="an6D4olK-rtd2W4HEB" role="performer" IPDN="fJyYn8pXsw" performance="soloist" grossFee="-1391767436.48"
                     modifier="A" IPI="G1C4PLA8epRXPUIB" birthDate="2020-01-28Z"/>
                <Participant name="x33M45Gl" role="remixer" IPDN="foHPJ7q4OuYQ3" performance="conductor" grossFee="1681762980.68"
                     modifier="A" IPI="ujkKC516AMppVMLjBU4xWPoUDA" birthDate="2018-10-08"/>
            </Participants>
        </Record>
        <Record title="qEaMq6XaWdExb60uE45iTaT7aLTtcY" spins="781408883" ISRC="6SO4N0Y802F6" year="7168" producer="gl8LO4jWjsZocBy9jOI4vTxpwW6"
             label="Scjg.c-t9qqwKk" recordNo="flxN2xsgs" serialNumber="y-Z_7ygXgh8U018RqHh_T9B" isPremiere="true"
             usage="commercial" ISWC="ldGy7-_lBgGxNfFjGgY" AKA="S9gMKgqNiJbTK1028eYRJQxy40zFQr" genre="pop"
             broadcastedFrom="2020-03-02T11:21:16Z" broadcastedTo="2019-02-10T11:21:16" runtime="1710202697"
             origin="report" alternativeTitle="fC" recordedFootage="895924752">
            <Participants>
                <Participant name="t1RxW5EVh" role="arranger" IPDN="Z4T3KFQahLWHfBql0aGLWwB8cPHqa" performance="chorus master" grossFee="767000082.72"
                     modifier="B" IPI="RGM-LC" birthDate="2019-05-29"/>
                <Participant name="Qre6OB-e2fyx6x7apO.w6D5I" role="performer" IPDN="t" performance="main" grossFee="-653028648.09"
                     modifier="B" IPI="ozGomnLolxWKzU" birthDate="2019-06-29"/>
                <Participant name="Ybb1" role="remixer" IPDN="IDuhktLf" performance="soloist" grossFee="-407069499.46" modifier="B"
                     IPI="aAYASq.hh-JCVew7dfT_a4BK" birthDate="2019-11-23Z"/>
                <Participant name="IfNqjRJwDrp3S" role="subscriptwriter" IPDN="oZJKCgACAxIWVxnlAW3" performance="supporting" grossFee="-149807633.75"
                     modifier="C" IPI="MeLl" birthDate="2019-03-28"/>
                <Participant name="i7mfaTkAexONQA." role="producer" IPDN="lLYfHI" performance="conductor" grossFee="683707025.20"
                     modifier="C" IPI="gqai-ivQrJUo0XRB7TJT" birthDate="2019-09-12Z"/>
                <Participant name="dyugV2EUM_UsCv-3Ij04g9teEXgC" role="composer" IPDN="e.sjU2vUxg2m8xK19IUYcaxnPDgBQe" performance="soloist"
                     grossFee="32366036.02" modifier="B" IPI="ol5KlxUCVNdG" birthDate="2019-08-22"/>
                <Participant name="QL2IOsyvKfA" role="music director" IPDN="MUlywsX6w-R4aB" performance="supporting" grossFee="564459002.62"
                     modifier="A" IPI="dY7pF6kmZccHO.q3jQoU4lSTaBQB2" birthDate="2018-08-07"/>
                <Participant name="vc_gBJ-" role="remixer" IPDN="uaVyteJ0zjR" performance="chorus master" grossFee="641180281.28"
                     modifier="B" IPI="QBUSy0tHTl.CIGs2v4qTX6R" birthDate="2018-09-15Z"/>
                <Participant name="nAIKRl6Ct8Z98dUS3ElNW369f0nlm_" role="composer" IPDN="qz4A" performance="conductor" grossFee="1911140304.60"
                     modifier="B" IPI="g6Z" birthDate="2020-04-06Z"/>
                <Participant name="KcgdiSPYxq23Q92yiHKvcqSe7" role="remixer" IPDN="hVk8lRcexxcovaDuVho-idkL9W7u1" performance="chorus master"
                     grossFee="-1584548602.77" modifier="B" IPI="Muh" birthDate="2019-08-08"/>
            </Participants>
        </Record>
    </Record>
    <Record title="Ar.yVD8Kt" spins="1466719466" ISRC="UI63TQ3KW738" year="4756" producer="idD46Y49x" label="miUgnaDYGV1dl9NKTDOS"
         recordNo="wAgo9GjVrAfS7jnz-Va-qlDrPM" serialNumber="eK4eJ9zQJ" isPremiere="1" usage="jingle"
         ISWC="B-ASDpq" AKA="FQFY93eNEPwb6RrA0gix3VuQV8QTQs" genre="spoken word" broadcastedFrom="2019-07-30T11:21:16Z"
         broadcastedTo="2018-10-21T11:21:16" runtime="158178209" origin="commerce" alternativeTitle="VTfDLbzU2E4AdLwJSAlOhRjMp0"
         recordedFootage="1217098935">
        <Participants>
            <Participant name="WTH3.zH5U7tw9CX" role="music director" IPDN="QcCzJDeY_g2vm4CvhV3_7J.ulSf" performance="main" grossFee="-1234500981.10"
                 modifier="C" IPI="LIdZtGLbcyDZxXk" birthDate="2019-10-21Z"/>
            <Participant name="gkVhZJIf3RSTA0DM8njep4t" role="performer" IPDN="vhs6KQRwxlkgm" performance="conductor" grossFee="-1467049620.39"
                 modifier="C" IPI="ogzN1MkHT0ZKZ_xCgq0" birthDate="2020-03-22"/>
            <Participant name="V0UHlHzQ8BYpJ" role="scriptwriter" IPDN="kwuQJzr-c4" performance="main" grossFee="1752130498.60"
                 modifier="C" IPI="lPov5Lx" birthDate="2019-05-27Z"/>
            <Participant name="g_MwhG0GHMqviOCH0GOjGQ" role="sound engineer" IPDN="o69V2HE" performance="soloist" grossFee="-925352910.98"
                 modifier="A" IPI="We" birthDate="2018-09-02Z"/>
            <Participant name="aXqrnxbkA3i.vcq" role="sound engineer" IPDN="TerXM4kvRGVlP21rGpZ1" performance="main" grossFee="1816018281.28"
                 modifier="A" IPI="wK5s5iii4n_" birthDate="2019-12-17"/>
            <Participant name="FO6V2e-hlJ2Q3K" role="scriptwriter" IPDN="vU" performance="chorus master" grossFee="390372226.17"
                 modifier="B" IPI="TtDQlwOTHjX-EuaZMft.CEu8" birthDate="2018-09-21Z"/>
            <Participant name="v-roManWtGB3yJGG7GBHezz" role="performer" IPDN="WuaADaXAnxXLYbb1" performance="conductor" grossFee="799654168.19"
                 modifier="B" IPI="RmSNG1" birthDate="2020-03-20"/>
            <Participant name="r___5O3wPAkzWo" role="performer" IPDN="pqwKp2CvM2YMCO5NQn4XHgPsr-dF6E" performance="chorus master"
                 grossFee="624116962.33" modifier="A" IPI="WCOfFjVP2koop1eqIQl_ivqr" birthDate="2020-03-18"/>
            <Participant name="k0il6YBhpMA" role="remixer" IPDN="dJ3KumKGRRLfm6cE2bOg" performance="chorus master" grossFee="1531458449.00"
                 modifier="A" IPI="ZjhurUEdhm7W2JK9LH" birthDate="2018-08-27Z"/>
            <Participant name="XKt_PtwbB_HhkQmHMh3W1YSWbe" role="subscriptwriter" IPDN="UpfFVDeOHNUSOP2DK" performance="conductor"
                 grossFee="-1340257814.51" modifier="C" IPI="bmzif6g2cD7gqXtTFZ3B" birthDate="2019-09-07"/>
        </Participants>
        <Record title="Zm1c4UWMoYYYlgalDt9dzoh7" spins="199479833" ISRC="2P6680R747E0" year="1329" producer="D" label="yUqvzeMtgS"
             recordNo="bNLN3eqNY4" serialNumber="rQWhr0" isPremiere="true" usage="broadcast" ISWC="AlRgYIp58Guoov-x0iKw9Tq5"
             AKA="WRh7Oguc" genre="commercial" broadcastedFrom="2019-04-25T11:21:16" broadcastedTo="2018-08-07T11:21:16"
             runtime="865175125" origin="live stream" alternativeTitle="dNAebRRQVaztZuH3VSOmvy" recordedFootage="1628189121">
            <Participants>
                <Participant name="P" role="performer" IPDN="v" performance="main" grossFee="-522766497.03" modifier="B" IPI="lHdI4qH_l67XESabxyrSi-e"
                     birthDate="2019-11-19"/>
                <Participant name="uMhbNeVD0" role="music director" IPDN="L0asf0ob-V63Vgh20yX6DNHWrDAp96" performance="conductor"
                     grossFee="653944316.55" modifier="A" IPI="oF3_rU_zRtY8kkvAyf7Y" birthDate="2019-02-12Z"/>
                <Participant name="xIrRuieEtuKKKWeS4NqaAprN" role="remixer" IPDN="uzdmMCq" performance="main" grossFee="1875899316.00"
                     modifier="B" IPI="_ni3bI" birthDate="2018-11-20Z"/>
                <Participant name="M2_u2RxNN6zaeT69yh" role="sound engineer" IPDN="oP1ZTPhAk" performance="soloist" grossFee="2129948460.64"
                     modifier="A" IPI="GGJCjNU" birthDate="2019-06-13Z"/>
                <Participant name="OHPIcW" role="producer" IPDN="jxD1J5Gkc_Xyo" performance="conductor" grossFee="-1292180992.21"
                     modifier="B" IPI="Vvan_mZYZ8mON_d1Q2WGqG.Yka" birthDate="2019-06-22"/>
                <Participant name="VddAWLWhy4Jq81qj2zOrJv2ckr" role="composer" IPDN="wXCJ" performance="conductor" grossFee="1761911515.03"
                     modifier="B" IPI="K_RzVGXW" birthDate="2019-05-02"/>
                <Participant name="gp6wOfL_LAqDdsW9Ac" role="music director" IPDN="WTE68gja7fnxE0WaR.c0GS" performance="supporting"
                     grossFee="-1989111920.97" modifier="B" IPI="sm8Wo0wGQR8D9UiIjyujIi04ITnQ" birthDate="2019-08-22"/>
                <Participant name="ftiNwQf" role="scriptwriter" IPDN="kPCJG" performance="chorus master" grossFee="-1737017689.69"
                     modifier="A" IPI="rfyoq" birthDate="2019-07-31"/>
                <Participant name="WY-FbGjoq3KpLcRewpmRNNHHEv" role="sound engineer" IPDN="d5QI" performance="supporting" grossFee="47587656.07"
                     modifier="B" IPI="Gs4Q-NnwtNxu" birthDate="2019-05-30"/>
                <Participant name="rveGOAVfrAWtADbMxzGol4Kf1i27t" role="composer" IPDN="bSaOkwe4mEno39QD9p45EFXpD" performance="supporting"
                     grossFee="-888726520.21" modifier="B" IPI="eC" birthDate="2020-02-14"/>
            </Participants>
        </Record>
        <Record title="EaQH" spins="1791368596" ISRC="XL5M2TSXB5U1" year="3794" producer="w-y3KnfugqeJ3" label="cjzHtzjpX6Sg9vVhW92_hFRz1h"
             recordNo="Vz3kWHKVt1M3QlVNtJXglUq" serialNumber="Fh3Wxyg4NGFhu1Td" isPremiere="true" usage="broadcast"
             ISWC="jAk" AKA="rN" genre="commercial" broadcastedFrom="2020-06-14T11:21:16" broadcastedTo="2019-03-18T11:21:16"
             runtime="1203476676" origin="recorded stream" alternativeTitle="k9iXC1QklED" recordedFootage="49520339">
            <Participants>
                <Participant name="k7L1VrDxgKBSnJdDYRo9V" role="composer" IPDN="Fx6uT9R9rZ0RWypwxiNaj7Jisk-" performance="supporting"
                     grossFee="1630643566.96" modifier="A" IPI="uEqK5" birthDate="2020-05-17"/>
                <Participant name="i0S-KKy_HG14kmtp1dq-nRw" role="music director" IPDN="SlX4Jivve1fGmM-ZLDqsxaUB_C" performance="supporting"
                     grossFee="1914261335.15" modifier="B" IPI="V2rcXtVY8AWUGsDTIEtZ" birthDate="2019-11-12Z"/>
                <Participant name="PiR6ipN_dTpiZ4" role="arranger" IPDN="pamLtxEJr4Ds2icqpQ46fKe4rI" performance="main" grossFee="-1762068782.61"
                     modifier="B" IPI="Lq6jeKGi71F" birthDate="2019-09-30Z"/>
                <Participant name="AEnZX-u_rtPZF9dvzj" role="subscriptwriter" IPDN="TI5VQ" performance="chorus master" grossFee="-1839785442.10"
                     modifier="B" IPI="qI7wfvEF" birthDate="2019-09-16Z"/>
                <Participant name="ED1gK1FE4DHGR967vCx_U3O8sJ8H4" role="scriptwriter" IPDN="DLlVtE" performance="soloist" grossFee="-1147720840.15"
                     modifier="C" IPI="lc0i1NDeqf" birthDate="2019-03-11"/>
                <Participant name="xqMoxRGMnjb-yl8gg4_YLb9dnn" role="music director" IPDN="B" performance="supporting" grossFee="-247140954.58"
                     modifier="A" IPI="sij9JU_zCItmG9Rpfj" birthDate="2019-08-20Z"/>
                <Participant name="CN5nq5rCxmKfy" role="remixer" IPDN="BYIY" performance="chorus master" grossFee="-2078194307.49"
                     modifier="C" IPI="ANgAM4uZsZulPdYVn" birthDate="2019-08-16Z"/>
                <Participant name="q" role="subscriptwriter" IPDN="k9RaOTd5WAdAX73NXy" performance="conductor" grossFee="1486720740.19"
                     modifier="C" IPI="Xx2SzfbuKTcQ9vQJcHzd3mPah" birthDate="2019-08-12"/>
                <Participant name="hZ5uTQzFjw9O9y" role="producer" IPDN="h79_t" performance="soloist" grossFee="-293710554.86" modifier="B"
                     IPI="cB_xEOry.HLS1Vn4cvB.F" birthDate="2019-08-01"/>
                <Participant name="pfHHSmGiKTfLPxM" role="performer" IPDN="h0qQe511OH1p7DsbOjM" performance="conductor" grossFee="-1747761253.18"
                     modifier="B" IPI="ZAY7xkRdy9N8kx4hdAEwS6y" birthDate="2019-05-30Z"/>
            </Participants>
        </Record>
        <Record title="ZM" spins="369856003" ISRC="G56TVBA84263" year="5478" producer="hc5VJwjeQSHT" label="TBcG3thtJH.Y"
             recordNo="Xd6R0lME2xJE8YfUa8bxM6" serialNumber="CCRY" isPremiere="0" usage="jingle" ISWC="iaiLKOQbVgqc"
             AKA="oNVAPTR-azEvjhDy.Tm.9" genre="spoken word" broadcastedFrom="2020-02-29T11:21:16" broadcastedTo="2018-08-22T11:21:16"
             runtime="1035719988" origin="free of charge" alternativeTitle="UXgueH" recordedFootage="335779979">
            <Participants>
                <Participant name="Oknr2i7LB2SKdBVJOcRK.d" role="scriptwriter" IPDN="Q.U0TCordulsv3G.t" performance="main" grossFee="-2051312396.15"
                     modifier="C" IPI="NnBzb" birthDate="2019-09-11Z"/>
                <Participant name="Le6Pq3JLjtu5xDDj50w8ZB" role="composer" IPDN="I4dcxfe-ye1e6slPKiAxaEKXQPvdJ" performance="conductor"
                     grossFee="-1051592357.53" modifier="B" IPI="D7amXiOYAJI" birthDate="2020-05-30"/>
                <Participant name="Dbli3qWR8UzKPsVFFDx" role="subscriptwriter" IPDN="sWWLk" performance="main" grossFee="-1206007336.76"
                     modifier="A" IPI="m_4KTmGTH6Ho0" birthDate="2019-07-21Z"/>
                <Participant name="N9.q5Sa4" role="performer" IPDN="X5LZxqdcGvFZ" performance="chorus master" grossFee="-1354825128.10"
                     modifier="C" IPI="jDPxf0UNGkS0pH5Y" birthDate="2019-10-14Z"/>
                <Participant name="rekEOInaC9Pk6hoDV0" role="composer" IPDN="Y8RfF8kkiNfO" performance="chorus master" grossFee="-2068694820.61"
                     modifier="C" IPI="o20RI7YvT" birthDate="2018-11-12"/>
                <Participant name="Oog0Ef4sH2SqVdEi" role="performer" IPDN="VnoI3uJp7s1XUm19" performance="conductor" grossFee="-1928247873.05"
                     modifier="A" IPI="UgBOCFa-ez6QmEQRqcDGCVbZBxX" birthDate="2019-04-24"/>
                <Participant name="zDEBFtWeII" role="scriptwriter" IPDN="pz18gd-rGoSH" performance="supporting" grossFee="1808499918.63"
                     modifier="B" IPI="gpHzy" birthDate="2019-01-09Z"/>
                <Participant name="XQpi2rc" role="sound engineer" IPDN="M0LIr8W8" performance="supporting" grossFee="826290810.85"
                     modifier="A" IPI="tFwol9xZL__IYF.5" birthDate="2019-03-30Z"/>
                <Participant name="zJ3NJTfNfzv3Rt3A8jDAjup_8Jag" role="music director" IPDN="HbadscL" performance="soloist" grossFee="1979967283.64"
                     modifier="B" IPI="bjWadSMkGbO0uVwI86tsA" birthDate="2018-08-25Z"/>
                <Participant name="lX" role="sound engineer" IPDN="OdBsiaNYM7abpk7gfeKqlt" performance="chorus master" grossFee="-635564107.97"
                     modifier="B" IPI="MvTjPRlhiJ" birthDate="2020-02-22"/>
            </Participants>
        </Record>
        <Record title="rcfq" spins="1771105479" ISRC="NW97Z11Y611S" year="6486" producer="GU5.-67hGuGO6gdh" label="bB5"
             recordNo="dpgJE_PBHWlso2aW" serialNumber="dRoYdVT_x" isPremiere="1" usage="broadcast" ISWC="gjusVqjb9LCXSxU"
             AKA="yB5qqDafouR" genre="classical" broadcastedFrom="2018-07-26T11:21:16Z" broadcastedTo="2019-07-22T11:21:16"
             runtime="1237199453" origin="recorded stream" alternativeTitle="fg8O3VBT.27y97c" recordedFootage="1584791534">
            <Participants>
                <Participant name="Uljo9he8_h2U-HlnK-XU_yPr9-4ck" role="arranger" IPDN="xQV6GphKcQ2FBj6Ryn7Zc0kzj" performance="main"
                     grossFee="-576660780.68" modifier="A" IPI="p7gQVQP" birthDate="2020-05-24Z"/>
                <Participant name="TvD.pUAUGgIZl0fc" role="composer" IPDN="mjFTEpKAY2KUW" performance="chorus master" grossFee="1613497793.80"
                     modifier="B" IPI="ruge_h.S9qt0ZkHz9d.K3" birthDate="2018-11-18Z"/>
                <Participant name="fanZNpZXMc" role="performer" IPDN="zesOyTWLZM5sOTwG" performance="main" grossFee="1116006902.74"
                     modifier="C" IPI="gIVmNZZ9.TkArY06rjgAz.nDRf_Ss" birthDate="2018-12-07Z"/>
                <Participant name="PuOBV1Z4AwbNnra7B4Zo.d8aaes6" role="arranger" IPDN="AkjQUZd" performance="main" grossFee="-300550150.62"
                     modifier="C" IPI="XlkDKIpfVCpjh9K9Z4CS" birthDate="2018-09-02Z"/>
                <Participant name="bcBJuk" role="arranger" IPDN="q3JO3FHwQkCmBY1ZWdt3V" performance="soloist" grossFee="1388938345.91"
                     modifier="C" IPI="YZHcEoAvpc5Db" birthDate="2019-04-04Z"/>
                <Participant name="V_MNJC" role="music director" IPDN="wSfH1q3CW0chAaGXD" performance="conductor" grossFee="-286562096.95"
                     modifier="A" IPI="QGWt5LYi" birthDate="2019-02-24Z"/>
                <Participant name="wTVuLjygpv5cF4WDKMQh" role="scriptwriter" IPDN="cAnXBbpvTxLtsvkbSP_XTG5GqU6" performance="main"
                     grossFee="-1273753857.47" modifier="A" IPI="GLw6p7a8llrwSiIZhcjIt" birthDate="2019-08-17Z"/>
                <Participant name="A0.widXz6-GVwI89rBr" role="sound engineer" IPDN="MK.6GRqXjmfuj79pFJ" performance="conductor" grossFee="562123.43"
                     modifier="B" IPI="ta6L.L4xBAIUsbjGpqA." birthDate="2020-06-12"/>
                <Participant name="vo-JRlMdrj" role="arranger" IPDN="RM9LZ_6" performance="conductor" grossFee="-1216381152.05" modifier="B"
                     IPI="OEw.aQ84SEZWe55Ny" birthDate="2019-07-21Z"/>
                <Participant name="qLEv" role="scriptwriter" IPDN="p60u4" performance="soloist" grossFee="-2077399543.37" modifier="C"
                     IPI="fToyJPCPMCKP.VsND05nw" birthDate="2020-06-16Z"/>
            </Participants>
        </Record>
        <Record title="N5UMwPwYoMaCSOyM6Zlr" spins="1460742759" ISRC="JZSC8LMUX57E" year="9397" producer="koOmdAbBfKHSwhqnosG1K"
             label="m4z9MJU" recordNo="MkhBgh-" serialNumber="XdfSKNjZjUidR" isPremiere="true" usage="jingle"
             ISWC="zypAX0QAm6N" AKA="Lls5DAZ1zdxzgk__wRRtYR.EhVOm" genre="classical" broadcastedFrom="2019-10-04T11:21:16"
             broadcastedTo="2019-04-02T11:21:16" runtime="1811059302" origin="commerce" alternativeTitle="kIhYzNCY_.W0xQB7u60"
             recordedFootage="937629013">
            <Participants>
                <Participant name="pRHTw_SGbMj4clqGZs" role="scriptwriter" IPDN="kRZYs.1Mezh4-kTAT" performance="chorus master" grossFee="-2030222039.66"
                     modifier="C" IPI="kNQmKVv26pRCnzdr2vRQ.z" birthDate="2020-05-18Z"/>
                <Participant name="ifBupDXU51Q.3PuD81DKkoXbFZtBlA" role="subscriptwriter" IPDN="iBvO" performance="conductor" grossFee="1218618547.09"
                     modifier="B" IPI="LOzEX2OLEKgihYAH8" birthDate="2019-12-06Z"/>
                <Participant name="KON5EY" role="subscriptwriter" IPDN="D3-LDkDkFzl50XoTJRo6" performance="conductor" grossFee="-1940345684.33"
                     modifier="B" IPI="fKjUq_DO" birthDate="2019-12-08"/>
                <Participant name="zrR4RYAHi" role="arranger" IPDN="qOqHCuDr0" performance="soloist" grossFee="1134878775.49" modifier="C"
                     IPI="IAMxA38XuRS3iA" birthDate="2019-09-01Z"/>
                <Participant name="DLnvd3ANwwFG8II" role="music director" IPDN="tI3edSj79iFyeveVHUAH7WyXAr" performance="chorus master"
                     grossFee="66711665.93" modifier="B" IPI="QOlBwANy0" birthDate="2018-07-21"/>
                <Participant name="Gi" role="producer" IPDN="wIDYzF46tEdcM" performance="conductor" grossFee="1336856296.01" modifier="B"
                     IPI="v6OtJ28qs" birthDate="2018-12-24Z"/>
                <Participant name="waX" role="composer" IPDN="oV9CZ5zJQQOchmFwV" performance="chorus master" grossFee="-643433405.85"
                     modifier="A" IPI="Lxt_nbCP" birthDate="2019-04-29"/>
                <Participant name="tB7wfQofrhNalGCmAtxKZb4mAqdLqE" role="sound engineer" IPDN="As" performance="conductor" grossFee="-1721411153.04"
                     modifier="B" IPI="h" birthDate="2020-04-12Z"/>
                <Participant name="ZJ_tFiDL" role="performer" IPDN="g7ijtkYrs" performance="supporting" grossFee="529334793.73" modifier="C"
                     IPI="lDTPmMv3oZhNYc5jP77mMvQLlj" birthDate="2020-05-20"/>
                <Participant name="TW" role="scriptwriter" IPDN="xKgihE07Ly4Tz66JsZc" performance="soloist" grossFee="-1011478715.23"
                     modifier="B" IPI="DllBrR" birthDate="2019-05-09Z"/>
            </Participants>
        </Record>
        <Record title="zYGRIt0GdTOYph" spins="1196093051" ISRC="DZ1AP8X345XS" year="2707" producer="RdFROJLO2WpwGXAZ"
             label="VZrr-iI" recordNo="S" serialNumber="nUiiyKrjzow2FhIfgI9pwcU5LGO" isPremiere="0" usage="jingle"
             ISWC="LDhKYi9" AKA="GqDM3k0s3" genre="spoken word" broadcastedFrom="2020-01-30T11:21:16"
             broadcastedTo="2018-12-10T11:21:16" runtime="2095870193" origin="self" alternativeTitle="LnPvVyf6u91CaE"
             recordedFootage="323641367">
            <Participants>
                <Participant name="uEH_VQ5.ItSV8N53" role="performer" IPDN="Bh.QNJEXw7" performance="supporting" grossFee="-54776088.48"
                     modifier="C" IPI="iAQZajgTY-YOll7AwFCFs8Ye9z" birthDate="2020-06-17"/>
                <Participant name="efY91U54mQuI1a.MMeSekt8IG" role="scriptwriter" IPDN="WuYjmbIxKQwCvq" performance="soloist" grossFee="754038356.61"
                     modifier="A" IPI="pI_iXcr" birthDate="2018-11-28Z"/>
                <Participant name="tkoG8f499ZeAE2EnvH-xb1B-yof" role="remixer" IPDN="mp" performance="soloist" grossFee="532853353.79"
                     modifier="C" IPI="J-" birthDate="2018-11-07"/>
                <Participant name="m_fSMO593CATU0rn_VWq7v5jda" role="producer" IPDN="RJ2NBCYuoOP9K5OS0Umu" performance="conductor"
                     grossFee="694041970.80" modifier="B" IPI="R_xLoUxSPLe" birthDate="2019-01-08"/>
                <Participant name="j-2ry9K" role="arranger" IPDN="MZAAq" performance="main" grossFee="-1323375150.64" modifier="B"
                     IPI="oLG7o7UBCkvR2yb4" birthDate="2019-06-11Z"/>
                <Participant name="iMt" role="performer" IPDN="s6OM8nl37exd8agfiO-5YfM" performance="main" grossFee="431426593.60"
                     modifier="A" IPI="lHwy2jH-Tfv-0Px8vIqZ" birthDate="2019-12-29"/>
                <Participant name="sZ-IhmZTySPPO6L8" role="subscriptwriter" IPDN="NJgfXZTIecde5ILcEDw.v-GV.UyJ" performance="soloist"
                     grossFee="-1400434888.95" modifier="B" IPI="SaETbFolL0EoNq.jF_xSToonmI" birthDate="2018-11-27"/>
                <Participant name="ibefFESaA" role="music director" IPDN="DFR" performance="main" grossFee="-1617146138.64" modifier="C"
                     IPI="Nwj8MqVQr.McDghnTWLof4Q4GXV0i" birthDate="2019-11-05"/>
                <Participant name="wkikzaaK80pK9" role="composer" IPDN="Ks3K41h" performance="soloist" grossFee="-286278996.04" modifier="B"
                     IPI="dHT" birthDate="2019-12-24Z"/>
                <Participant name="WZb7U6a4eKpgJ" role="sound engineer" IPDN="ObL0HWpK-fNS" performance="chorus master" grossFee="-878718099.60"
                     modifier="C" IPI="CharF" birthDate="2020-04-09"/>
            </Participants>
        </Record>
        <Record title="_WvkB-ZEkna" spins="817797308" ISRC="L2ZAH3NZD0VF" year="0692" producer="tJsiP5syR" label="cV_.s1f-u0iH8BJd1AZ.gDE.bjYrAa"
             recordNo="bALsDD4-W.do7q3Uqi9i" serialNumber="p6TZA1Ks2ExQhzKYozDEcB" isPremiere="true"
             usage="jingle" ISWC="R0NN" AKA="izkmmQ1R62" genre="spoken word" broadcastedFrom="2019-12-21T11:21:16Z"
             broadcastedTo="2020-06-19T11:21:16" runtime="875793607" origin="live stream" alternativeTitle="UL-..QEzcIfuL1Tzhaib"
             recordedFootage="243329334">
            <Participants>
                <Participant name="d6l9" role="subscriptwriter" IPDN="csI2TE02z" performance="soloist" grossFee="1308872225.03" modifier="A"
                     IPI="vgZFokMKVGvFU1iIekxmE5" birthDate="2020-03-07"/>
                <Participant name="p.Jy_eym9G6Kp4xBdgCiT0iSdp" role="sound engineer" IPDN="Fp9bhVVQDy5Ri0hrczFUl9GNjvDA" performance="supporting"
                     grossFee="270612958.58" modifier="B" IPI="SMZxemSHFAVxRiallfIWuz" birthDate="2019-10-30Z"/>
                <Participant name="bhA" role="arranger" IPDN="nGqei" performance="supporting" grossFee="645793437.25" modifier="B"
                     IPI="kh8vR5tw3KpIPC2YjvK" birthDate="2019-08-10Z"/>
                <Participant name="f9f" role="composer" IPDN="MqY7nQLp8LgzBZAVMEg9ab" performance="soloist" grossFee="-46762385.08"
                     modifier="B" IPI="SK.fCGYoL26a" birthDate="2018-10-28"/>
                <Participant name="MdUo0hrVeZPS" role="music director" IPDN="CgSr1" performance="soloist" grossFee="-1012268362.18"
                     modifier="B" IPI="kf.6VEtNrD.Dmh5PmrVIy" birthDate="2019-10-31Z"/>
                <Participant name="nyq9" role="scriptwriter" IPDN="u-ow4pTdc-s-uQKtu-0" performance="supporting" grossFee="-582442912.85"
                     modifier="B" IPI="xJ.xV1Hc2Clw8Vi0jX0kO3TnUv" birthDate="2019-11-23Z"/>
                <Participant name="vCu_V5-jaQ.SSQDoGKX" role="scriptwriter" IPDN="srZl-SMVNd5RJxVlGVt3rn3dXCBX" performance="soloist"
                     grossFee="1029848420.70" modifier="C" IPI="SlB7xhh" birthDate="2018-09-10"/>
                <Participant name="jZIBlvm4t47EGVpufeTBvvH" role="subscriptwriter" IPDN="yLMpC9a8BhAFE" performance="supporting"
                     grossFee="35126964.98" modifier="C" IPI="tT_Za" birthDate="2019-03-22Z"/>
                <Participant name="HOaQsA-arS041t6_p7FfWnp4" role="scriptwriter" IPDN="QbJ4_5" performance="soloist" grossFee="-1431898103.36"
                     modifier="C" IPI="zwh9L8.qQIO.ryg1EsVBJHLY1PO.." birthDate="2020-01-09"/>
                <Participant name="Y_r" role="subscriptwriter" IPDN="Y.Dw2YRV2-54G9s3Q" performance="main" grossFee="327005255.57"
                     modifier="A" IPI="Q.d6" birthDate="2019-03-13"/>
            </Participants>
        </Record>
        <Record title="KwYHUxz" spins="1638529184" ISRC="7259C50TEHVF" year="2175" producer="ePjni" label="Rwn2YAn.Pf7F0P"
             recordNo="FryI3gSQLo1" serialNumber="OrgrZ.l" isPremiere="true" usage="jingle" ISWC="h9QTXstlS9"
             AKA="wNgCf0LXql2i1u8EmimgH3" genre="jingle" broadcastedFrom="2019-12-15T11:21:16" broadcastedTo="2018-11-06T11:21:16Z"
             runtime="1098297940" origin="self" alternativeTitle="p_fTJtKO" recordedFootage="2235038">
            <Participants>
                <Participant name="HED5OZ.P" role="performer" IPDN="oc.C1XpN7JeIC9mUU8nJr2" performance="chorus master" grossFee="108069936.84"
                     modifier="C" IPI="wgSrZtLaFhiXH" birthDate="2019-08-11"/>
                <Participant name="J-e" role="arranger" IPDN="kpJVv_3Gpsw9h-kIN5bEjgQCXn" performance="supporting" grossFee="-2018850100.94"
                     modifier="C" IPI="tIaaJp4" birthDate="2020-06-02"/>
                <Participant name="jsJZNM1Lc_8mmEwHbCZv54PcIVjs" role="arranger" IPDN="F8NxQ2srkiqV.Zcqp" performance="chorus master"
                     grossFee="-1518335665.64" modifier="A" IPI="I-i.Pe9If.q4" birthDate="2020-03-16Z"/>
                <Participant name="r9" role="subscriptwriter" IPDN="cnzQJfTqc-YPm77j1V4UnZh7R" performance="soloist" grossFee="-1350397181.45"
                     modifier="A" IPI="ClEtcgU_kmtOMmr8Le81SF" birthDate="2020-04-28Z"/>
                <Participant name="CQfnWtlXTl5fu" role="arranger" IPDN="HyxAulRIzHMgvA0p8iK" performance="main" grossFee="44773364.79"
                     modifier="C" IPI="r9AmnG" birthDate="2019-12-31"/>
                <Participant name="Xe0npvjNmsT_scUqpX_E-SNBC34g" role="composer" IPDN="SFkbTYd.eTLqeDKPNlEB" performance="conductor"
                     grossFee="222871137.15" modifier="A" IPI="h1k-656toGzyBDn3DvsmckkHR.F74k" birthDate="2019-09-01"/>
                <Participant name="Z.CUadLifEWUw6AyapfYPxXKEMY" role="sound engineer" IPDN="xOITS_z." performance="chorus master"
                     grossFee="1343462187.58" modifier="B" IPI="m3lvUyJD.q4-bhZjFTYpWNUJZ7aTFx" birthDate="2018-10-05Z"/>
                <Participant name="t9u8Glh0x9viyi" role="composer" IPDN="J_PCN.4HUo90bZUk4T" performance="conductor" grossFee="1133917330.29"
                     modifier="B" IPI="T68ROvg" birthDate="2020-05-16"/>
                <Participant name="I_n.py7" role="subscriptwriter" IPDN="J3aBo4xoWCyUw_WgUmcRdBj_V" performance="chorus master" grossFee="-1146837715.36"
                     modifier="C" IPI="tJCuGS.idk" birthDate="2019-05-13Z"/>
                <Participant name="q35yA7lHOV9" role="remixer" IPDN="yc-RtxDnn9x-RvvWY" performance="conductor" grossFee="-1145096062.57"
                     modifier="C" IPI="A" birthDate="2020-03-14"/>
            </Participants>
        </Record>
        <Record title="rWI7Ita-" spins="1765693378" ISRC="MG8SIC8I4544" year="2084" producer="oAjm6MEvo3VGM0moI2VM4nLZX"
             label="A4eifMNz..hP8LNb5cVh" recordNo="w.km" serialNumber="N2mHV" isPremiere="0" usage="jingle"
             ISWC="xB.MRjhTdyGH9VcRSeiMbL" AKA="kLqw.t-Ip.xb9oDXKuZ1AKiTdcv" genre="pop" broadcastedFrom="2019-03-05T11:21:16"
             broadcastedTo="2019-06-26T11:21:16Z" runtime="2130785270" origin="recorded stream" alternativeTitle="ec8XwKhZzNyCGuOlRiJumY_1U"
             recordedFootage="104039538">
            <Participants>
                <Participant name="C8m.-PxJGED5" role="arranger" IPDN="wSwy6.M" performance="supporting" grossFee="91262819.48" modifier="C"
                     IPI="ehhPS3EIoWG2BYgPgdaGuML6ejjq2" birthDate="2019-03-31Z"/>
                <Participant name="_7wqhnV67td3j" role="subscriptwriter" IPDN="Ougkv8fT5" performance="conductor" grossFee="1015073583.75"
                     modifier="B" IPI="oZV" birthDate="2019-07-15Z"/>
                <Participant name="gj89OFfmGMxlglEtTVlY" role="scriptwriter" IPDN="DiaUdxYh" performance="conductor" grossFee="-1618354406.62"
                     modifier="B" IPI="MVxLJ_Pdyb_nx9SVgDtXb" birthDate="2020-05-22Z"/>
                <Participant name="y-f" role="sound engineer" IPDN="QTFDrvta1_Y3fQ11kNDAZB" performance="conductor" grossFee="1368970118.92"
                     modifier="A" IPI="DXTmukMh89u7KKZt" birthDate="2018-09-16"/>
                <Participant name="N9njncM32SzHms_SmvqHvM7" role="arranger" IPDN="VoltuK6Dtc2T8xieKBA" performance="soloist" grossFee="1125186211.69"
                     modifier="C" IPI="FT4" birthDate="2020-02-01Z"/>
                <Participant name="cAMIEPHCWCt" role="subscriptwriter" IPDN="C" performance="supporting" grossFee="-1428841923.66"
                     modifier="A" IPI="baU" birthDate="2020-02-06"/>
                <Participant name="GGmAvkz4fJ5Jl5" role="music director" IPDN="w4P7nzDsOyA9pWkBMEGb" performance="conductor" grossFee="-1754888180.32"
                     modifier="C" IPI="FT6nUnJZ" birthDate="2018-12-15Z"/>
                <Participant name="bS" role="sound engineer" IPDN="KUc-." performance="conductor" grossFee="726517737.48" modifier="A"
                     IPI="_ZHrpjYZ" birthDate="2019-12-23"/>
                <Participant name="Dez_I" role="sound engineer" IPDN="bS5nlNuVyX" performance="soloist" grossFee="929499417.43" modifier="C"
                     IPI="LsamfZe." birthDate="2018-09-10"/>
                <Participant name="LWOcPlFv0LPEdeZd51YndkesBk" role="remixer" IPDN="CuWMKQ.cc7dekjf3f6Kvl" performance="conductor"
                     grossFee="-1030213346.69" modifier="C" IPI="HaHDZy5ruJb-prAPVn" birthDate="2019-04-27Z"/>
            </Participants>
        </Record>
        <Record title="ASk3XeDW2_10" spins="121335604" ISRC="9IKS28P8KX0R" year="4888" producer="pKRFyprzsGljZ6N7auq-Xz"
             label="lP8p60h81f5ZbF" recordNo="vVzY6JrqmrtHwNs-OsMJYD0IDX9L" serialNumber="dnCRCEc2XOLdlXvc"
             isPremiere="true" usage="broadcast" ISWC="agtb7GqIvoaTJ" AKA="g3fhGUJxkS" genre="commercial"
             broadcastedFrom="2020-05-06T11:21:16" broadcastedTo="2019-05-12T11:21:16Z" runtime="393763233"
             origin="commerce" alternativeTitle="DmkfhSNHXeoIj5" recordedFootage="1638012431">
            <Participants>
                <Participant name="b.kky97s1YvJNLB5tyP4TCjF51KCgR" role="performer" IPDN="wx53Ts-cqB6DXCB2YC_hDLuS" performance="soloist"
                     grossFee="437183666.50" modifier="B" IPI="QjsMM6m0tqj4uKJ2blwyipZ3wtDVH" birthDate="2019-11-10"/>
                <Participant name="Q.-2Crz1bA" role="music director" IPDN="DYJjp7XdC6F5MFj0BW" performance="soloist" grossFee="-1667909477.55"
                     modifier="B" IPI="sgFORlHz37K" birthDate="2018-09-13"/>
                <Participant name="HnN2UyGKUs_yggYMN1m.7D" role="scriptwriter" IPDN="Lj579YfW9L" performance="main" grossFee="-396317030.21"
                     modifier="C" IPI="d7Inyg9oakmUmtpZZ085yGF1w_Arsc" birthDate="2019-04-29"/>
                <Participant name="aQ" role="remixer" IPDN="J7f1ksvFInNKdr" performance="main" grossFee="-1997482416.46" modifier="C"
                     IPI="uNLxJRu_.3YKxdhec-Hufh_q" birthDate="2019-09-30Z"/>
                <Participant name="nkMwum06lj.wZvHM7fSaglelO" role="music director" IPDN="Bf.5YU" performance="conductor" grossFee="1470037862.70"
                     modifier="C" IPI="d" birthDate="2019-02-14"/>
                <Participant name="HoU-10HcA" role="producer" IPDN="lvgVjZBUr54_aaCJnfRn" performance="soloist" grossFee="892447990.47"
                     modifier="C" IPI="zWPbbrKO7NVEriftc6qVvF_WEpja3I" birthDate="2019-11-12Z"/>
                <Participant name="wdWEA3paz" role="remixer" IPDN="gS35SXnOsLtoWzY.c" performance="chorus master" grossFee="414109400.75"
                     modifier="A" IPI="Qqv" birthDate="2019-05-12Z"/>
                <Participant name="t24zpfBYylzgrMH-Zdg7xr.2oEFd" role="producer" IPDN="gqGZPsMdFuFbj6snrpd0G7zFn" performance="conductor"
                     grossFee="-332322983.69" modifier="A" IPI="iJOHmHcvy5f82onN" birthDate="2018-09-19"/>
                <Participant name="qE0T1_MRZCdI0IZ" role="arranger" IPDN="dUxkecBb" performance="main" grossFee="2102090733.77" modifier="B"
                     IPI="Sj0swj68_YJpoyf7C8h" birthDate="2018-10-22"/>
                <Participant name="sIW-y1vxQR.NQB.0BrXcvc4vSmbR" role="sound engineer" IPDN="rOMEpVc" performance="soloist" grossFee="728344331.84"
                     modifier="A" IPI="Hp4ekJIwRxkChHP4qJ" birthDate="2019-03-14"/>
            </Participants>
        </Record>
    </Record>
    <Record title="Zt-Q-Y-v3QmB9M0A8QMq" spins="1472567507" ISRC="72YDLI60SFF2" year="8933" producer="J98P" label="KKFtp3IcpmxORz"
         recordNo="MttWMObjvODjwlMkLKBZ2Wx" serialNumber="XMpH-n54.Ahs-bOZBQ" isPremiere="false" usage="commercial"
         ISWC="SG_-ExQ" AKA="hCcyy2glfg" genre="pop" broadcastedFrom="2018-09-29T11:21:16" broadcastedTo="2020-01-20T11:21:16"
         runtime="633290536" origin="commerce" alternativeTitle="U.HBj_iLpNhe" recordedFootage="1470924551">
        <Participants>
            <Participant name="w3UrWtyonVrppX_HPf" role="music director" IPDN="FFXuk9Y0268S" performance="soloist" grossFee="1262651845.78"
                 modifier="C" IPI="h6" birthDate="2018-10-01"/>
            <Participant name="xOWYEpQ_PdFgeR9zS0NEKUW" role="sound engineer" IPDN="zR9.fPqEml8Re6lxvGeDFHXImvXj3w" performance="conductor"
                 grossFee="114557554.26" modifier="B" IPI="GVRVmQhwFJeWhHap_NzsOB" birthDate="2020-06-01Z"/>
            <Participant name="XgYHv.VRlG8WH5b81kj1WY" role="scriptwriter" IPDN="Q" performance="supporting" grossFee="-1249056030.50"
                 modifier="C" IPI="hEhhOa1rSwclcLyaaW" birthDate="2019-05-11"/>
            <Participant name="UfZThh" role="remixer" IPDN="tSYKr" performance="chorus master" grossFee="1324564613.45" modifier="C"
                 IPI="fCQ8vyhbZMyHjaRDile9Twdd_Gf" birthDate="2020-02-03Z"/>
            <Participant name="Xwc7zS" role="music director" IPDN="Ea0L2mH1WjTCNhV0nN.qlgIeXrV" performance="conductor" grossFee="47549820.81"
                 modifier="A" IPI="T" birthDate="2019-11-11"/>
            <Participant name="zAoEe6ooO_b1FA-N2UM-55n4JJ0sz" role="subscriptwriter" IPDN="vE-rFu1L4V3mg5DlaitwN" performance="supporting"
                 grossFee="-1534813974.68" modifier="C" IPI="qar8aU_O" birthDate="2019-01-21"/>
            <Participant name="gPSLghmJTXI" role="scriptwriter" IPDN="ynGSWfTSqxckjbaxu8MUU1x" performance="supporting" grossFee="235272716.35"
                 modifier="C" IPI="B1G_2.imTW" birthDate="2019-03-14Z"/>
            <Participant name="RVAYuj" role="scriptwriter" IPDN="Sawr-xmxRBly2Fv" performance="soloist" grossFee="1626840978.78"
                 modifier="B" IPI="NdzmRf8D" birthDate="2019-02-20"/>
            <Participant name="CF7HAi4zu93ebP0pZOqHo4X" role="subscriptwriter" IPDN="iApgfDnFAoky" performance="chorus master"
                 grossFee="-1562666699.83" modifier="C" IPI="sBnb.y4TFP4ihjh4BEI8R" birthDate="2018-07-29Z"/>
            <Participant name="a" role="remixer" IPDN="VvZif8X1lUTGmp1D6Z.xkzqwnv6p" performance="main" grossFee="-1576571220.12"
                 modifier="C" IPI="VDBJC74yDOhQy6Vp_s6CmJ-XT-R" birthDate="2019-06-22Z"/>
        </Participants>
        <Record title="zVoe77GCs7KGW2_Bf3ovspqcR" spins="819174790" ISRC="O8G7U1475L7S" year="1457" producer="uMigeN.gOT9mp0tW"
             label="XD_ksO6PVEdo_.d5Tn2iSsUpVZ6Sz" recordNo="grRu.ELNg4O2ACDNushV6M" serialNumber="v"
             isPremiere="0" usage="jingle" ISWC="bx8cbZ" AKA="jBf3DxiGKy-cLGp" genre="classical" broadcastedFrom="2018-07-14T11:21:16"
             broadcastedTo="2020-06-23T11:21:16" runtime="94065461" origin="commerce" alternativeTitle="bQ"
             recordedFootage="235635728">
            <Participants>
                <Participant name="Dhs6_Qb.4d7H986SK" role="composer" IPDN="zOt" performance="main" grossFee="-1511856217.26" modifier="A"
                     IPI="RuZzkuVd-Bdfgt3b" birthDate="2018-09-18"/>
                <Participant name="X" role="remixer" IPDN="i8Vg35_Q5el533mHFbitw9" performance="conductor" grossFee="-315970609.45"
                     modifier="B" IPI="_JLU68XSu-B6ZOaOAbKTmQPNIfyhHb" birthDate="2019-11-18"/>
                <Participant name="O0Izo4Mdom" role="music director" IPDN="U6J9RuqhLxSB4R6XU" performance="conductor" grossFee="-528683174.88"
                     modifier="A" IPI="E" birthDate="2019-04-08Z"/>
                <Participant name="ksTMalOJjdPh" role="arranger" IPDN="dE" performance="chorus master" grossFee="990793186.57" modifier="C"
                     IPI="ekPcyIsMVrL" birthDate="2020-06-04Z"/>
                <Participant name="IJz7Wjt3FtiLb" role="performer" IPDN="OIGXl6Pv" performance="chorus master" grossFee="-322129575.57"
                     modifier="B" IPI="mVeV3mbG" birthDate="2018-12-12Z"/>
                <Participant name="rWIWgdKA2zO" role="arranger" IPDN="keibfxG80" performance="supporting" grossFee="2135852318.92"
                     modifier="C" IPI="lel3haBBN3AM2tM" birthDate="2020-01-03Z"/>
                <Participant name="CZHxfpTygX2mN" role="composer" IPDN="eFt9mkz2ZJOmA" performance="supporting" grossFee="-1633691242.86"
                     modifier="B" IPI="yrmlwVHqY" birthDate="2018-08-09Z"/>
                <Participant name="Tfp57u-A-RIBkSy0KnUaa7YD0QE5ux" role="sound engineer" IPDN="wx" performance="chorus master" grossFee="2135806002.27"
                     modifier="C" IPI="TKwK1qkv4oJOUY" birthDate="2018-12-03Z"/>
                <Participant name="Io6R8YvjVgIC5KayrWoPnV9nOh" role="producer" IPDN="mRPcGEOGsTJ68cezjw-myefT" performance="conductor"
                     grossFee="-83774049.65" modifier="A" IPI="DkzKeIRB17VQ-2F0qunDAknR-_uy7U" birthDate="2019-02-19Z"/>
                <Participant name="CgZLfH3p" role="producer" IPDN="Qs6E_HvJMPO4" performance="chorus master" grossFee="-378684339.60"
                     modifier="B" IPI="CmiXPTkNFZFx" birthDate="2019-11-11"/>
            </Participants>
        </Record>
        <Record title="DVh53qhaSlRso-s" spins="1494818931" ISRC="0V5FZQ480AP5" year="9762" producer="zcNcdC5mOwU6Atro6sGsPKXQulZ"
             label="d31Jq7efY3fVn" recordNo="NDlBbTZAnr7Mvkxc.m7" serialNumber="RYN_chmkqGbV6TN" isPremiere="true"
             usage="jingle" ISWC="nXv5ZJT1edpSgB3ySdbjvlUpWRE" AKA="Bl9aW-BwxF" genre="commercial" broadcastedFrom="2019-09-01T11:21:16Z"
             broadcastedTo="2018-12-22T11:21:16" runtime="993609362" origin="recorded stream" alternativeTitle="EBWGHs81pcIC0TRSs9ICPgV"
             recordedFootage="1855510671">
            <Participants>
                <Participant name="muRjGS" role="performer" IPDN="GWz3" performance="soloist" grossFee="1496764215.76" modifier="A"
                     IPI="pVIz8y" birthDate="2018-12-09Z"/>
                <Participant name="WmxqC_f9A" role="composer" IPDN="SntvHcOh" performance="soloist" grossFee="-2112952755.59" modifier="C"
                     IPI="XbHzH42Az.4gDaOJQg5DeoAklwc" birthDate="2019-07-29Z"/>
                <Participant name="w-aoNRXrtJ" role="remixer" IPDN="cY.4X_lhlcW5u_ZLrgF" performance="supporting" grossFee="-1784884965.61"
                     modifier="B" IPI="IDolpLUGx-c-" birthDate="2019-01-08"/>
                <Participant name="XxTC8Xckr" role="music director" IPDN="ZSKXqGY_sEpZV" performance="chorus master" grossFee="-901676590.89"
                     modifier="B" IPI="K.OZU_.g6fMlKXY" birthDate="2020-04-24"/>
                <Participant name="M35lr9c" role="subscriptwriter" IPDN="KZPJ8yFU" performance="chorus master" grossFee="-1500856236.35"
                     modifier="B" IPI="Bc.InjEceEsAd41tG.z" birthDate="2019-10-17"/>
                <Participant name="fT_q" role="performer" IPDN="OLp" performance="supporting" grossFee="769381178.73" modifier="C"
                     IPI="q.MLhxZQmt9s-1NM6xjrM3M" birthDate="2019-10-08"/>
                <Participant name="aG9" role="composer" IPDN="u5cTRlt2T7YqK0e3S0uuc" performance="supporting" grossFee="-718304723.41"
                     modifier="C" IPI="QOJIyio" birthDate="2018-12-13"/>
                <Participant name="svdx8xsRaqDnni6U" role="scriptwriter" IPDN="Wm_TNCO821zrz48HA.vwQMm" performance="soloist" grossFee="173294933.31"
                     modifier="B" IPI="N42k4sxxEaFseZSePiKKWPw" birthDate="2020-03-27Z"/>
                <Participant name="lKfXlS1zik" role="music director" IPDN="l_q0h.lmS1nm48" performance="conductor" grossFee="52566183.82"
                     modifier="C" IPI="uf2V0llZMhOh7g" birthDate="2019-02-05"/>
                <Participant name="E42K4orQTOpZKD40Wa76OtOx" role="sound engineer" IPDN="UzJEgIRRGGvrM_QbP0.e5JV7g4H6" performance="soloist"
                     grossFee="1504602658.30" modifier="C" IPI="pF346" birthDate="2020-04-06"/>
            </Participants>
        </Record>
        <Record title="c19c5bcARBJB4Mmbkm8_" spins="2039306919" ISRC="G0BCKZ99U542" year="6428" producer="uzL" label="RRSOyx8n86F5GGfX5vA"
             recordNo="BrHnBqzvrhH2w5g" serialNumber="FvHciQWhKtKa" isPremiere="false" usage="jingle"
             ISWC="cRB64UaZePkNnNqcW8" AKA="UDWt9R8giTM63r-rTbjrqn4YG_P7y" genre="spoken word" broadcastedFrom="2019-04-16T11:21:16"
             broadcastedTo="2019-05-30T11:21:16Z" runtime="1944879620" origin="free of charge" alternativeTitle="tZu0sTObKFVqwmOCm6HA.5Ic4cJ23F"
             recordedFootage="1304814134">
            <Participants>
                <Participant name="Ul7wn4xvApVYnXxUgCFF6_" role="subscriptwriter" IPDN="AyMQgThkKITqlYEd" performance="main" grossFee="-138224482.13"
                     modifier="B" IPI="gMA76qEjbYyTbdDwtAK0dj" birthDate="2019-09-12"/>
                <Participant name="NRF-aVGrn3PBwvld09" role="producer" IPDN="cCXsOowsbUcFRA8yaXZRsHDeo6Qi" performance="soloist"
                     grossFee="-1945748700.56" modifier="C" IPI="rB6ozFVmxvP-E8" birthDate="2018-11-10"/>
                <Participant name="wSrFMw3nyxo" role="composer" IPDN="ig7xo505NhiHM5PkVue_U7.d" performance="main" grossFee="-586754309.02"
                     modifier="A" IPI="qle.BH6l8ARBzQpeY.t4meBk.p-AT" birthDate="2018-08-02"/>
                <Participant name="MI_Ab" role="performer" IPDN="biGuchgz" performance="main" grossFee="-1804098451.24" modifier="A"
                     IPI="ykvbyN4TawdE7mZheXbXoPS5" birthDate="2018-10-06"/>
                <Participant name="CUvvjVZtxLn3sIP0oqXg4HykMpq" role="sound engineer" IPDN="Cm" performance="main" grossFee="1450120205.18"
                     modifier="B" IPI="MqwFbK9ojaXPcK-ljUU2fi" birthDate="2019-06-28Z"/>
                <Participant name="d" role="sound engineer" IPDN="ZgobblDNfLvKC" performance="chorus master" grossFee="1718786226.32"
                     modifier="C" IPI="u.-F8oesN9F9O" birthDate="2019-05-14"/>
                <Participant name="cyaKXWxIVcSDvKC88" role="performer" IPDN="H" performance="main" grossFee="1958337059.54" modifier="C"
                     IPI="lw7t6i6Y0h8" birthDate="2018-08-20Z"/>
                <Participant name="NWPUO4Z1GaO.T" role="subscriptwriter" IPDN="FajGblssxgo" performance="supporting" grossFee="-1912596554.40"
                     modifier="A" IPI="jvi7q48L2mz0QsFHCdX7uKs" birthDate="2020-01-18Z"/>
                <Participant name="jnL-C4NG32AkgFDHFW..2hQk8Mae" role="remixer" IPDN="xmOqDM2QNDtUP927cHMWcvq" performance="conductor"
                     grossFee="1020171260.21" modifier="A" IPI="a0aO3dC8MAtUtAIIDnXb" birthDate="2020-06-06Z"/>
                <Participant name="B2M" role="producer" IPDN="uEP19a.febbkGaOKaLZ.ruZz2vr0fo" performance="main" grossFee="-528461796.23"
                     modifier="A" IPI="Fh6ufi7eWAAxi_eq8Y" birthDate="2019-01-18"/>
            </Participants>
        </Record>
        <Record title="DYtrijTAL" spins="707192842" ISRC="PVKOURO3WRMD" year="5106" producer="N0Ws9SZN6v7YqI4e8kAlvC"
             label="gPL5kSUx9ce5-sDyy_" recordNo="PQeGR6wW0MPx7UoWS.ep" serialNumber="dqss31-nQlYukAEcw1w"
             isPremiere="true" usage="broadcast" ISWC="C2Exf6ixZ.V." AKA="Gl9HLtfISaa4jMxCSF1nCLlJ4"
             genre="pop" broadcastedFrom="2018-08-31T11:21:16Z" broadcastedTo="2019-03-09T11:21:16" runtime="2061725940"
             origin="report" alternativeTitle="f6sICmxVFD-g69f" recordedFootage="2055319803">
            <Participants>
                <Participant name="Itg2t_IVZv6uBKON4Yk" role="producer" IPDN="dQULBoNycgdixljrV" performance="main" grossFee="-1129994963.90"
                     modifier="A" IPI="ycw_RfO5Mg5c2niIv.KguOUBWozE2" birthDate="2020-06-22Z"/>
                <Participant name="y2i51ZaKV" role="producer" IPDN="XBaIojw" performance="soloist" grossFee="-1465139788.54" modifier="B"
                     IPI="dzfhfksrFicUI9s4mhHClgWF-" birthDate="2019-05-08Z"/>
                <Participant name="Npd8W.cAa9" role="performer" IPDN="tmUaGZQpvaJumqWGnda" performance="chorus master" grossFee="329320696.99"
                     modifier="B" IPI="NcRgc7EZepZ" birthDate="2019-03-01"/>
                <Participant name="VIrx5ucRbH4GFuW" role="scriptwriter" IPDN="ZH36OzKTPE" performance="conductor" grossFee="851101913.45"
                     modifier="A" IPI="n2Yqnw0FMHnWY88" birthDate="2020-01-24Z"/>
                <Participant name="IiclGHySrWm" role="composer" IPDN="rc" performance="chorus master" grossFee="-124124244.16" modifier="B"
                     IPI="qisuyBtItu" birthDate="2020-05-25Z"/>
                <Participant name="SNLS9p" role="performer" IPDN="Y" performance="supporting" grossFee="-955324841.01" modifier="A"
                     IPI="u" birthDate="2020-04-03Z"/>
                <Participant name="Yw2PFKEpRFJ" role="remixer" IPDN="L2pZkm" performance="supporting" grossFee="-146324430.92" modifier="C"
                     IPI="oA0eFeHAo7oynFC8Z4Dk" birthDate="2020-05-02"/>
                <Participant name="thOaEFh01NWFA" role="remixer" IPDN="nuuyXCwrLkoPBdfA4U" performance="main" grossFee="1513277780.30"
                     modifier="C" IPI="BWo7LvptNkL4Tn0hSb" birthDate="2019-01-12Z"/>
                <Participant name="cFUtsc2" role="sound engineer" IPDN="d_A_rk93wEf1PJT.ZB.vTziilYI8Pc" performance="supporting"
                     grossFee="-1375136363.68" modifier="B" IPI="Qxa8NlpE2EeaW" birthDate="2018-11-05Z"/>
                <Participant name="lHEcQvSwOpy2sy" role="arranger" IPDN="Zd8VAR" performance="soloist" grossFee="1659088896.94" modifier="A"
                     IPI="tXMw4" birthDate="2020-02-14"/>
            </Participants>
        </Record>
        <Record title="gyN8vm" spins="1102716683" ISRC="535I383V2P2N" year="6350" producer="F" label="P3Z.QpEAs" recordNo="_b4GAKXUgE"
             serialNumber="ip5KL26C.yuu8kXkL6" isPremiere="false" usage="jingle" ISWC="D5_sPmHjUs-."
             AKA="s2z-BT6dv7UDpZX8-cCr36xiP" genre="spoken word" broadcastedFrom="2018-09-18T11:21:16Z"
             broadcastedTo="2019-06-27T11:21:16" runtime="1531077052" origin="self" alternativeTitle="HchiXSXvX3t168xaO-1Qpx1x98XXt3"
             recordedFootage="1654185447">
            <Participants>
                <Participant name="LkbeBNOprx.aLzYNoa.F" role="music director" IPDN="cSNRFzZX2fp2Zs3frH7QtuE" performance="chorus master"
                     grossFee="648480282.85" modifier="C" IPI="PjgL7CXEghuxt7sQUV" birthDate="2019-02-18Z"/>
                <Participant name="EYhqjkl.P." role="sound engineer" IPDN="o4NbwXU_9" performance="chorus master" grossFee="-2011272598.20"
                     modifier="A" IPI="Shh" birthDate="2020-04-20Z"/>
                <Participant name="k02Fe" role="performer" IPDN="qtdbwa.ozaj_" performance="conductor" grossFee="1318815392.17" modifier="B"
                     IPI="rkF0sW3w4djeU0D" birthDate="2018-12-17Z"/>
                <Participant name="FsXQI1Cw9" role="producer" IPDN="qPYeHYdOKDHzTdH" performance="supporting" grossFee="-1692110553.31"
                     modifier="A" IPI="p_7IS.S9wZFV7" birthDate="2018-12-25Z"/>
                <Participant name="u3nqL-RMyR_W8p677Xk9W1QesV" role="performer" IPDN="VwQnxc9fG704EsIwj-nYQhrD" performance="conductor"
                     grossFee="-420578950.62" modifier="A" IPI="cFGTSvI" birthDate="2019-05-11Z"/>
                <Participant name="NGsVwhhSIlN" role="performer" IPDN="i1fOY8K" performance="main" grossFee="196379358.17" modifier="B"
                     IPI="a77ZCawDOYQvLtYSbFQnJ" birthDate="2019-09-25"/>
                <Participant name="dQgO9HIh28" role="performer" IPDN="Z857c" performance="soloist" grossFee="1715449503.07" modifier="C"
                     IPI="y.36_.x0ScDMFtxFBAZU8eo" birthDate="2019-10-19Z"/>
                <Participant name="XZ" role="performer" IPDN="sIqVoHjKjCAo4k0" performance="chorus master" grossFee="-679281414.63"
                     modifier="C" IPI="CyXycq21K7sN.eC3gl8ZdL" birthDate="2019-02-27"/>
                <Participant name="icoFt_R0Ad1INoA.cKo91Kr" role="arranger" IPDN="Nl_w_oX4IyqsK6zqYCyYGR" performance="chorus master"
                     grossFee="-1103253695.11" modifier="B" IPI="MNG89D43nZFAcZoF3Bd-Ipn.W" birthDate="2019-08-28Z"/>
                <Participant name="yaUr5fq" role="subscriptwriter" IPDN="XrvQQYRCYuxT" performance="main" grossFee="275619136.14"
                     modifier="B" IPI="c" birthDate="2018-09-17"/>
            </Participants>
        </Record>
        <Record title="H65a8w3e" spins="1531959986" ISRC="Q51AM2K3UHH0" year="7521" producer="EyQ2bKH" label="Bj6G"
             recordNo="ZxW8j6SHkIbLsV3MXdCMt" serialNumber="p1hsGyC" isPremiere="false" usage="commercial"
             ISWC="JmTVRnhxDtq_PEaGRKnPT73Ke" AKA="akirlXagmcBj.Y0JC" genre="pop" broadcastedFrom="2018-09-02T11:21:16Z"
             broadcastedTo="2018-08-02T11:21:16" runtime="884912388" origin="self" alternativeTitle="KzdcFdgZ"
             recordedFootage="757754882">
            <Participants>
                <Participant name="OGIy93Y-V3_KfZfu823WKDDcJUVu" role="performer" IPDN="roXpv2Zv" performance="main" grossFee="2139439636.63"
                     modifier="A" IPI="oU0ujHBPjWGEeFFs" birthDate="2018-08-30"/>
                <Participant name="UiK" role="scriptwriter" IPDN="rbGpRgDY8iFwALh1dCi9CIDia-UJBI" performance="supporting" grossFee="347186515.13"
                     modifier="A" IPI="iJPBCpv_KjrQo0W9oSUpgpEfrVKp4p" birthDate="2019-07-21Z"/>
                <Participant name="gggkOAAYdRpbu0V0m7x" role="sound engineer" IPDN="gkryJDeNXP7OuTNkgal3cBxpjWS5C" performance="conductor"
                     grossFee="1688211470.00" modifier="B" IPI="AWkCyTDybLdHS3HoT0b4R_" birthDate="2019-05-10Z"/>
                <Participant name="sDnqr9gZU95MQlv2v" role="arranger" IPDN="TTjx9.li0k5mFIm0aV3BeKeh9" performance="main" grossFee="-1848246359.65"
                     modifier="A" IPI="c-NA" birthDate="2020-03-12Z"/>
                <Participant name="s23X1BOC" role="producer" IPDN="lGj1DJmQz.yVhVapXH" performance="supporting" grossFee="1423839624.87"
                     modifier="B" IPI="vZncM6R0b3iuGXBEL9yI6lRTLdu" birthDate="2018-11-10"/>
                <Participant name="cVF8qt0vJO-jEH" role="music director" IPDN="BIrUkgGAg_Nr9pJ" performance="conductor" grossFee="936871994.70"
                     modifier="A" IPI="qplDeFattNVH6M2" birthDate="2018-10-15Z"/>
                <Participant name="B" role="remixer" IPDN="MLmmUhwgjy-voGA" performance="main" grossFee="-422133388.39" modifier="A"
                     IPI="FcJcvRBxC4oGnHqWQNaUJl0ne-a" birthDate="2018-09-02"/>
                <Participant name="rdbgTyQdA" role="composer" IPDN="a_YC_VXd_Is-gdLtvFZ2RofEXh" performance="supporting" grossFee="1637818045.49"
                     modifier="B" IPI="NX4lmCJ17XyAAVzOBgmeO1q" birthDate="2018-10-13"/>
                <Participant name="qWbMlnUWx2cI.6-d" role="performer" IPDN="DjQyt1DzN" performance="supporting" grossFee="-44917191.45"
                     modifier="A" IPI="BMk7D653vYSkagv4CFpFcMvmCF7" birthDate="2019-07-25Z"/>
                <Participant name="D_MzQWzUh" role="remixer" IPDN="zuBHz1" performance="supporting" grossFee="1561983955.53" modifier="A"
                     IPI="Hg3.yWam" birthDate="2019-01-04Z"/>
            </Participants>
        </Record>
        <Record title="fUQUAN7rYa2a8T02X_" spins="234888317" ISRC="C6E41WAD116H" year="1205" producer="J2PvgXhGL7RIAHOf9rdTvMw5zIEsX"
             label="faCJ1nu4uK.hWYMdTEtfWsXTS5TL8Z" recordNo="JdUWPix9" serialNumber="lsMzMYh4NTeFl5N5sCz"
             isPremiere="1" usage="broadcast" ISWC="Ur5M-VJQuQ" AKA="vj" genre="spoken word" broadcastedFrom="2019-06-12T11:21:16Z"
             broadcastedTo="2019-01-28T11:21:16" runtime="1970967747" origin="report" alternativeTitle="eVzhRok5ha8qY"
             recordedFootage="494948124">
            <Participants>
                <Participant name="NcQR.5bmgS" role="composer" IPDN="pMmUumYDqQ9i2VzUiT4Kx0M" performance="soloist" grossFee="-1311064263.39"
                     modifier="A" IPI="foZOvRrDuVeC8Jo3HbjLv6Fi" birthDate="2020-03-01"/>
                <Participant name="v5OvfWnZ.6sq.k" role="composer" IPDN="rTyxQH6FikGZgRfdtN" performance="main" grossFee="-804307137.04"
                     modifier="B" IPI="y" birthDate="2018-08-05Z"/>
                <Participant name="R" role="performer" IPDN="C0Klju3ez8JY5O" performance="conductor" grossFee="178381647.74" modifier="C"
                     IPI="DJ-rdBmHEyLs62" birthDate="2018-09-15"/>
                <Participant name="vumvb8Y-.Dw5X" role="arranger" IPDN="YpyrG5zsSufJ9wEy27bJ-PMyL" performance="soloist" grossFee="1448767146.92"
                     modifier="C" IPI="P8uNRV0r" birthDate="2018-11-12Z"/>
                <Participant name="Al0.JKZ2fI" role="remixer" IPDN="Rfy5S" performance="chorus master" grossFee="2122478796.65" modifier="B"
                     IPI="DH2" birthDate="2020-02-01Z"/>
                <Participant name="ZmO_c0JQu-LTK" role="composer" IPDN="HMCyCh3g5jJWLoBHXDYdD3pK5m" performance="main" grossFee="1572804795.49"
                     modifier="C" IPI="Wl60.Vzy5-UoYc" birthDate="2020-03-04"/>
                <Participant name="kS.9IMMEEiP" role="producer" IPDN="jpW6IXBEh98vrNGfl" performance="supporting" grossFee="-22116396.15"
                     modifier="C" IPI="QxfV2b_eNCIQ7LTW9aFzKuK" birthDate="2019-03-23"/>
                <Participant name="sef7d" role="remixer" IPDN="gr5a6es9XJCd" performance="main" grossFee="-40419219.95" modifier="A"
                     IPI="O7HzGTB0U73rFRVQR5Y" birthDate="2020-04-20"/>
                <Participant name="B7yGpk.C9XYy0yUzTta.lf3RFJ" role="composer" IPDN="tTjFQPSCbkc5DpCsZWgeFYy" performance="conductor"
                     grossFee="1683237174.66" modifier="A" IPI="ts9I_tdVk4L" birthDate="2018-10-08Z"/>
                <Participant name="TjGY3nYNfXAJ3djajgguT.7Uqa" role="remixer" IPDN="QTodJJ1jARBKgv8D" performance="supporting" grossFee="2030644351.01"
                     modifier="A" IPI="rv6nqGDgm3zulQNPCGpI3MJ" birthDate="2018-09-27"/>
            </Participants>
        </Record>
        <Record title="pGomvu-Jzheo" spins="1611673376" ISRC="ZST0O1G8EE42" year="5090" producer="IO" label="_ftXxMVtQpLBjxD.-peNl"
             recordNo="gH2NrGW7mSE" serialNumber="L" isPremiere="0" usage="commercial" ISWC="a-" AKA="aRlW5cBSRi"
             genre="classical" broadcastedFrom="2019-08-24T11:21:16" broadcastedTo="2019-09-21T11:21:16Z"
             runtime="1380393339" origin="commerce" alternativeTitle="nKlpD" recordedFootage="681484931">
            <Participants>
                <Participant name="g8xrLewIqZpZIMH1dnLgumdQU" role="composer" IPDN="aslbX7GjFb0wgkXQ5r_" performance="supporting"
                     grossFee="-1828456043.38" modifier="C" IPI="CwG3sx0cu.1K" birthDate="2019-07-06"/>
                <Participant name="rRMF3qngWCprmu.w1nPcl9BCkFDGk" role="music director" IPDN="KSAa6P7r_vt.J.p" performance="main"
                     grossFee="-1469766148.38" modifier="A" IPI="U8JxAtF_yW242is" birthDate="2018-08-25"/>
                <Participant name="x" role="arranger" IPDN="GudIL-80u3sm5" performance="main" grossFee="1935083539.44" modifier="B"
                     IPI="DoXwi5KXDVLHoY" birthDate="2018-11-20Z"/>
                <Participant name="DH74buWNiQ2CjsvQ.-dU30t2u" role="sound engineer" IPDN="mPajXT05r_f5guIDQAvG75WbxM" performance="supporting"
                     grossFee="211443281.60" modifier="B" IPI="A7n_28vFKI" birthDate="2019-02-08Z"/>
                <Participant name="a" role="arranger" IPDN="euDYezfwaQo8qOYufLC6" performance="chorus master" grossFee="-983019545.40"
                     modifier="A" IPI="FZHrrWxrUUG23Wui31" birthDate="2020-02-13Z"/>
                <Participant name="U8Q3t8TnvlnTtab_HWHHYHqvmMqHmq" role="remixer" IPDN="S2vhO1swObMivQYdV3" performance="chorus master"
                     grossFee="153105046.20" modifier="A" IPI="sQ" birthDate="2018-12-10"/>
                <Participant name="KRZeSD_Byx.0msoM9TLWC2" role="producer" IPDN="DfqM8" performance="conductor" grossFee="-474043229.41"
                     modifier="A" IPI="kJMfN2QD" birthDate="2019-03-05"/>
                <Participant name="nOJEjYNfDOQV" role="arranger" IPDN="S4gQCDNBjwMCKIfz.m0.8vKjiUwFS" performance="soloist" grossFee="-2005843029.89"
                     modifier="A" IPI="aqL3NpHBAX1iKvWe193hk" birthDate="2019-10-08Z"/>
                <Participant name="wv7" role="subscriptwriter" IPDN="g2Xqk" performance="main" grossFee="2028751325.10" modifier="C"
                     IPI="NteNdwuWaBOiTDDFd" birthDate="2018-10-17"/>
                <Participant name="a9J.xpB1OHzkQKGVqnbA." role="performer" IPDN="ND_iOWUL" performance="main" grossFee="-1218608114.84"
                     modifier="A" IPI="ljVs40XsZDzJL8A" birthDate="2019-10-09Z"/>
            </Participants>
        </Record>
        <Record title="JA9UznYfCdiWB8_yqlq" spins="2060940011" ISRC="Y94S85KD905X" year="9068" producer="FydWiRBsHksmskg9f8hyh52h7"
             label="jum" recordNo="iK6s-7w0WQFiBGZW" serialNumber="ek5PGK8bzUrgMDdkYk" isPremiere="true"
             usage="broadcast" ISWC="MZn05fhjK3N" AKA="ZwcD_f8z3Nhg5mO" genre="pop" broadcastedFrom="2019-09-26T11:21:16Z"
             broadcastedTo="2020-04-12T11:21:16" runtime="2118730280" origin="commerce" alternativeTitle="VvlQgktYvK24ENqg8"
             recordedFootage="425404677">
            <Participants>
                <Participant name="P8MgcBOknh0-rDSj.f-i." role="subscriptwriter" IPDN="ID-1-1EshCgLEMH" performance="supporting"
                     grossFee="-1593122000.34" modifier="A" IPI="N7NzGUFMp9GaLtfP-yrBlbqfLR" birthDate="2019-07-05Z"/>
                <Participant name="L" role="music director" IPDN="Csn" performance="main" grossFee="573584621.14" modifier="C" IPI="kO0PUMIcMZALUIqto"
                     birthDate="2019-03-02"/>
                <Participant name="l" role="remixer" IPDN="hZ" performance="main" grossFee="1914336454.13" modifier="C" IPI="K3b3JZjGbEiOkYzy3mrTjHOW"
                     birthDate="2018-10-24"/>
                <Participant name="NTbO" role="music director" IPDN="xZ4A_D_7f8uAN" performance="conductor" grossFee="1215712819.15"
                     modifier="C" IPI="pidfgKV6n9aLpfcF_p6ULWBO1OX" birthDate="2020-01-14Z"/>
                <Participant name="iwuc-6-ka5WnYHSyGcDbhnw2t0SvD" role="remixer" IPDN="YzL6fNrNi" performance="supporting" grossFee="-472354111.37"
                     modifier="B" IPI="WDnIjvuIyd5DJHs" birthDate="2019-03-21"/>
                <Participant name="mUWq7H" role="producer" IPDN="ejRSXl5o" performance="conductor" grossFee="1026149594.67" modifier="C"
                     IPI="eBhk2Dohh2By" birthDate="2020-04-15Z"/>
                <Participant name="KJFirSXLevru5WQrh-wuWiP" role="arranger" IPDN="RMb9GPrS0HEweDswBuu9f07" performance="soloist"
                     grossFee="-1956508882.63" modifier="B" IPI="Qup04sFJ.7uv5mrG54O.E5yEH0qK" birthDate="2019-02-17Z"/>
                <Participant name="PR6ay9Fnb_O" role="subscriptwriter" IPDN="wIabln-3k5ScDbdQ" performance="conductor" grossFee="1052305137.69"
                     modifier="A" IPI="LJ6qsqJfQ" birthDate="2020-03-08Z"/>
                <Participant name="NduCxnD1t_bQ" role="music director" IPDN="Qyv0BKDRkFQmzkkrslum" performance="main" grossFee="-1465188226.75"
                     modifier="C" IPI="F0nkAc-IltaJ4Uo7XWX" birthDate="2020-02-20"/>
                <Participant name="A9kqZmTrD.J1wcd-Iv_" role="composer" IPDN="dmOJN98fKBzD4GJa5Jx5" performance="supporting" grossFee="-1976607058.23"
                     modifier="B" IPI="wMiPdsVQEdq.CUDsq.H7g0m-B" birthDate="2019-11-22"/>
            </Participants>
        </Record>
        <Record title="WhwnLvmjZLy81" spins="1467859572" ISRC="2F6OT477JTGQ" year="6525" producer="NOO2ZkNhmNkf2CuraWNSz5HxqJW"
             label="BsH7YPgQ_" recordNo="iaRGVP" serialNumber="awWB" isPremiere="false" usage="commercial"
             ISWC="ZL75yt" AKA="rFXNUJ" genre="pop" broadcastedFrom="2019-07-13T11:21:16" broadcastedTo="2019-03-23T11:21:16Z"
             runtime="920800552" origin="free usage" alternativeTitle="wwhrX_d5cN" recordedFootage="837341212">
            <Participants>
                <Participant name="s6JEl1lRuHI5enw0KYh" role="subscriptwriter" IPDN="bE4q4SDBCYa0lYs7wLCc3k89" performance="conductor"
                     grossFee="-164173312.54" modifier="B" IPI="hL3xxWn3tlZQb" birthDate="2020-02-14"/>
                <Participant name="_zI" role="subscriptwriter" IPDN="xDhn79PjyVivlaeeWwlTq" performance="chorus master" grossFee="1591900222.76"
                     modifier="B" IPI="lpGHGwuSdOm0pwz49O9fQ" birthDate="2020-03-12Z"/>
                <Participant name="fV_Gj8hj9Nwqj.0KArM" role="music director" IPDN="tPLihs8k4sKzIUL9GrQskwLFic" performance="soloist"
                     grossFee="-1673278307.21" modifier="B" IPI="f-kx4KUFp9n" birthDate="2018-09-30Z"/>
                <Participant name="nROc.lzXRn3-bQ2g_qgyDtKr" role="subscriptwriter" IPDN="eu9XpcaP.VWr3_QhagSC" performance="conductor"
                     grossFee="1196952284.18" modifier="B" IPI="BilYD5rO3aMMz1ixjvtzkvbZ" birthDate="2018-11-26"/>
                <Participant name="mrgrNm4" role="subscriptwriter" IPDN="_cWQ8LO2vnTBdGig2qd1EICISk" performance="conductor" grossFee="-384537947.46"
                     modifier="B" IPI="K7UY" birthDate="2019-11-10"/>
                <Participant name="oEHQ0Y2lf_Tw_l-" role="subscriptwriter" IPDN="VQ_66Imp4C-3ScMp6vBy0gjNSQvfTf" performance="conductor"
                     grossFee="1153289514.92" modifier="C" IPI="n_S.o.eI7gsiHLrRNe2yyM5Vy.0vhE" birthDate="2020-05-18Z"/>
                <Participant name="Dp" role="sound engineer" IPDN="YhQGczVF.8MY2Ul" performance="conductor" grossFee="1653613611.82"
                     modifier="C" IPI="IX6aDuH.QXlZXM8p1gPVsODY" birthDate="2019-06-08"/>
                <Participant name="IuC7ppaJXEEzCxFF-hsEUkr8SAHvKQ" role="arranger" IPDN="QKbVPua" performance="conductor" grossFee="1815764506.09"
                     modifier="A" IPI="lnhjCMHMuJU4pXvfzqkCd_NPs6tHq" birthDate="2019-03-24Z"/>
                <Participant name="AsDHJDR1o_KnSPFSchJGRHll" role="performer" IPDN="JAY.WSN7p" performance="soloist" grossFee="-211679438.97"
                     modifier="B" IPI="UGHhoPLgnfZke9_" birthDate="2018-10-04Z"/>
                <Participant name="dA0gebCZZ_q3Wj5" role="arranger" IPDN="b" performance="conductor" grossFee="-733197841.30" modifier="A"
                     IPI="JJaabihuQnx5GQUTee-mOMoONUC" birthDate="2019-04-11Z"/>
            </Participants>
        </Record>
    </Record>
    <Record title="O_ZDofXX" spins="1589935669" ISRC="525BPKC0FKHB" year="1944" producer="PSxSShsivj88.1WH5M6zy6xy5XtMvG"
         label="MVfDzNHfk" recordNo="_4kkyE" serialNumber="WxpjIq.BaxxYoptU6" isPremiere="0" usage="broadcast"
         ISWC="L2HBuiBBYp" AKA="zOoBmvVlE3" genre="commercial" broadcastedFrom="2019-12-23T11:21:16Z"
         broadcastedTo="2018-10-26T11:21:16" runtime="407230575" origin="commercial" alternativeTitle="vboEZ3Jw_ZK0wmqFk"
         recordedFootage="844425816">
        <Participants>
            <Participant name="nX7gO9PqPnQ8FCs5lCe4y" role="scriptwriter" IPDN="b3" performance="chorus master" grossFee="795894157.13"
                 modifier="A" IPI="oFZaJ.tL_gFvHGsuJTv" birthDate="2019-08-16Z"/>
            <Participant name="MUP" role="producer" IPDN="oX9AmLuxLiY4VbxfKNo" performance="supporting" grossFee="-612470330.74"
                 modifier="A" IPI="aKmk4cpCICPxEBJkXdqLoQ1p_Dnu" birthDate="2019-01-13"/>
            <Participant name="EpolXew_Sz1lP3hu" role="producer" IPDN="N0u8_vL0vIrsB5X3uT-YTTNX92f4" performance="main" grossFee="-1130835121.98"
                 modifier="A" IPI="dymSSiLP6n6n" birthDate="2019-04-26Z"/>
            <Participant name="B" role="sound engineer" IPDN="uJJg_" performance="supporting" grossFee="-1764039616.70" modifier="A"
                 IPI="O5RSOBbX4zEFrtreYx" birthDate="2020-04-03"/>
            <Participant name="Cg9d9CjnA33QFwXQ0YLiu8Ylhi" role="producer" IPDN="rp4pdU1_Vc" performance="supporting" grossFee="-1443812824.70"
                 modifier="C" IPI="hogUOcv-uWzAKSdJKnHun_-wOlX9A" birthDate="2018-10-13"/>
            <Participant name="BmwkjL00ZMsSU1976" role="arranger" IPDN="Keq" performance="chorus master" grossFee="-1667676930.62"
                 modifier="A" IPI="KHRlfF05z4jZ72b3l_YLEiUC" birthDate="2018-09-27"/>
            <Participant name="ZB6g1miwH5c" role="performer" IPDN="JsDKJ" performance="supporting" grossFee="89382492.85" modifier="A"
                 IPI="cp6xLL96Cwu" birthDate="2020-04-16Z"/>
            <Participant name="tIw9r087GnxCdGxF" role="subscriptwriter" IPDN="He" performance="main" grossFee="-265264730.76"
                 modifier="C" IPI="lWmT8r9GWqZc" birthDate="2020-07-01Z"/>
            <Participant name="Eo" role="producer" IPDN="Q0" performance="supporting" grossFee="-504691203.52" modifier="B" IPI="CKDvNTE86iA__zgRHSt"
                 birthDate="2019-02-04"/>
            <Participant name="T56.EN9pVMxOs" role="subscriptwriter" IPDN="cZLd1kDWGCa-DLuoN_CR8AeF" performance="chorus master"
                 grossFee="1662818354.86" modifier="B" IPI="kBB0mEjTdSA" birthDate="2018-08-20Z"/>
        </Participants>
        <Record title="O_KXwF2k49.E" spins="145463117" ISRC="YCNALLP9Z79D" year="8682" producer="mzGBkjRojai0If-Vb-OmCi"
             label="U7l7HI" recordNo="GP" serialNumber="QWg" isPremiere="false" usage="broadcast" ISWC="vS2bnG"
             AKA="q0DkDCKnVu" genre="jingle" broadcastedFrom="2018-09-29T11:21:16Z" broadcastedTo="2020-01-22T11:21:16Z"
             runtime="914338292" origin="report" alternativeTitle="zzYL" recordedFootage="1716524423">
            <Participants>
                <Participant name="QNaiNA4_P0XmKEjTrBR.x2.Z6GX" role="scriptwriter" IPDN="yd" performance="conductor" grossFee="150877590.25"
                     modifier="B" IPI="bAKYVv6oUjE76HquIKgH9" birthDate="2020-02-04Z"/>
                <Participant name="f7S2pdxHm3" role="scriptwriter" IPDN="F4KAXWKObU3RiDbDigF6fj_" performance="main" grossFee="-5183328.14"
                     modifier="A" IPI="Uds-4_" birthDate="2018-07-13Z"/>
                <Participant name="QwNZB.uOFxfEgwynVi.-Kw" role="sound engineer" IPDN="qfO" performance="chorus master" grossFee="-1680896846.70"
                     modifier="B" IPI="R2GMOSSoKlR" birthDate="2019-12-05"/>
                <Participant name="AvZlIF4tgorLFX7" role="subscriptwriter" IPDN="ZAjMjPVBS" performance="conductor" grossFee="1059424142.57"
                     modifier="B" IPI="q_Ei29TLhM9z8mSBtII" birthDate="2019-08-22"/>
                <Participant name="mPhWwAeDMgcJVi-Dk8SV" role="subscriptwriter" IPDN="W_lXOfZHn25TMb_d9WLG6j" performance="chorus master"
                     grossFee="797202381.68" modifier="A" IPI="WovqPsgeo157" birthDate="2020-06-21"/>
                <Participant name="ys9wOZE16N9ya833sXbc5HtiTS_Uc" role="producer" IPDN="worHu9nV81FUGbb3YEfK" performance="chorus master"
                     grossFee="1998334301.00" modifier="A" IPI="d0xOqPz" birthDate="2020-05-16Z"/>
                <Participant name="r9" role="music director" IPDN="b" performance="supporting" grossFee="344920994.24" modifier="B"
                     IPI="DeDqkM6K3z1EktCAWIMqQBHt2Tp3" birthDate="2019-02-26"/>
                <Participant name="w_OWlFMcF68S.ctpNSAvMEn3lLfRUd" role="scriptwriter" IPDN="xRyYMEfAzSLkFWIb_Yqxtr2H" performance="soloist"
                     grossFee="-1646822743.05" modifier="A" IPI="J_QxHowpaJJ3gv" birthDate="2019-03-17Z"/>
                <Participant name="sKEdTpBq8Qi1" role="producer" IPDN="lidyZw8qW" performance="chorus master" grossFee="1948079298.06"
                     modifier="C" IPI="MGaNpMmXIJ-wVqhwyEqVM" birthDate="2020-03-25Z"/>
                <Participant name="lWfDkpolj5Q" role="performer" IPDN="xyDWbnor8onwOPtH4YY5X6NSyEOd" performance="conductor" grossFee="1727223051.38"
                     modifier="C" IPI="Kw8hOFiJpQX5" birthDate="2020-02-17Z"/>
            </Participants>
        </Record>
        <Record title="v5n5FymZGC6" spins="761889405" ISRC="LYKNYKE4207D" year="3440" producer="CTSpR9Xd96WJAGIogo7avD607zlj5"
             label="Zwt9eApf3Da3wqBaFHZQ" recordNo="MSE7xAdcLB8Z-kBPLd41C" serialNumber="ezsQBTu7rA9KXzszVR"
             isPremiere="1" usage="broadcast" ISWC="rTeiVDJsZ2QN9GaP" AKA="nK" genre="pop" broadcastedFrom="2018-11-13T11:21:16"
             broadcastedTo="2019-06-26T11:21:16Z" runtime="187608172" origin="commerce" alternativeTitle="k0bHqqr6v-Pg"
             recordedFootage="155122967">
            <Participants>
                <Participant name="_NOJGB7d" role="performer" IPDN="c6w4SOs75hudL_7yB9JdN0u" performance="soloist" grossFee="2052684066.42"
                     modifier="A" IPI="eOfWiMuuSR.kE68L" birthDate="2019-09-12"/>
                <Participant name="Wyj.OvoUvjWa" role="scriptwriter" IPDN="ZkEnY0eykCX95U" performance="soloist" grossFee="-472459405.75"
                     modifier="C" IPI="qIvUBcYoxP3LGgw7." birthDate="2019-02-27"/>
                <Participant name="PhqDCif7JiklB" role="music director" IPDN="F6Jc400agY.ajUequ5y" performance="supporting" grossFee="1505302549.16"
                     modifier="C" IPI="cQTu-GBbAd.N4mcDWbcsbpnuwUa" birthDate="2019-01-19"/>
                <Participant name="uTp5obX4d" role="scriptwriter" IPDN="p3" performance="main" grossFee="-518310544.69" modifier="A"
                     IPI="w.jMfe9gAU52B-" birthDate="2018-08-23"/>
                <Participant name="nee4F17FZjCcjbn8E" role="performer" IPDN="E8cWQ.NClJCbML-Exq09-n.ok3y" performance="soloist" grossFee="92086838.62"
                     modifier="B" IPI="wyJCLFTpAiZeKcX" birthDate="2019-08-30Z"/>
                <Participant name="fmN.axol3NV" role="arranger" IPDN="Zp-143v" performance="supporting" grossFee="963653536.99" modifier="B"
                     IPI="SJbUjinBCADL0rHAteX-6_Dx-m" birthDate="2020-05-14"/>
                <Participant name="I4YOjLYB0" role="producer" IPDN="h6U3vx5yQiU75.WAap" performance="conductor" grossFee="334614312.74"
                     modifier="A" IPI="wzv9d-2t9N2G7VOJ5h" birthDate="2018-12-08Z"/>
                <Participant name="otUxZ8gbmCZZDyKAeALuaTx" role="producer" IPDN="rWs" performance="soloist" grossFee="1670301530.15"
                     modifier="C" IPI="rKG2WjyvRCLieHpyt" birthDate="2019-02-07"/>
                <Participant name="EA2Z_scfDp.JMFpjJPUw53e2s7o" role="performer" IPDN="iit.r" performance="conductor" grossFee="1733756138.54"
                     modifier="C" IPI="ZqkLt." birthDate="2019-11-27Z"/>
                <Participant name="Acn9E" role="scriptwriter" IPDN="D6jGoIqahzFRXSV.F-RNL3F3_Nj" performance="main" grossFee="-106108372.58"
                     modifier="A" IPI="m8vuyg9k16Hn-Bi6yfQrusWNlure" birthDate="2019-08-27Z"/>
            </Participants>
        </Record>
        <Record title="KUy5_cl2tSnGjTb" spins="1040556994" ISRC="D396700K84T2" year="4165" producer="Onbh.7hrti.Ng"
             label="AMvHQbsvZ22.-oGz08b3" recordNo="QhLuyQmb" serialNumber="Nv7xxbz-4P7TiCQ8R" isPremiere="0"
             usage="commercial" ISWC="JikM4RBCwxYgGHUctI" AKA="b5Z5j" genre="classical" broadcastedFrom="2019-11-28T11:21:16"
             broadcastedTo="2020-04-05T11:21:16" runtime="759289146" origin="recorded stream" alternativeTitle="YXNNpFk8xPJiu2DD-ayh8KZL46MFK"
             recordedFootage="1947234813">
            <Participants>
                <Participant name="dqUQt2" role="subscriptwriter" IPDN="l2Z8UUD0IQj" performance="supporting" grossFee="796130320.26"
                     modifier="A" IPI="yqA17.Q7NODMuyAj9XGaq8Gku" birthDate="2018-11-28Z"/>
                <Participant name="aLVqTvRRUqV8WzlJIG8u6y" role="scriptwriter" IPDN="XRep3qp478Cb" performance="supporting" grossFee="1705514264.48"
                     modifier="C" IPI="AXeuPiybXN5Vp" birthDate="2018-11-12Z"/>
                <Participant name="aTe2TYi" role="sound engineer" IPDN="fJJc3pDr" performance="chorus master" grossFee="-170550970.56"
                     modifier="A" IPI="gQCYqTlPbQMu4dROccQ" birthDate="2020-02-16Z"/>
                <Participant name="pLAlXZvH7Q0FI" role="composer" IPDN="nQ8ahlbqL98Yy_se-4rTIq" performance="soloist" grossFee="1854259478.22"
                     modifier="B" IPI="jIT8Ew" birthDate="2019-12-22Z"/>
                <Participant name="LZPusaa4THZvKM" role="scriptwriter" IPDN="QED9w1xTow" performance="main" grossFee="-1605032178.39"
                     modifier="C" IPI="fwjsUwAvM7MQcvSQX" birthDate="2020-04-12"/>
                <Participant name="cl8T6BewzY3" role="composer" IPDN="j43ETGIBf8c8iaCj7v" performance="chorus master" grossFee="107469837.78"
                     modifier="A" IPI="xlreQx4b3GPKrWx5xG" birthDate="2018-10-16"/>
                <Participant name="f6-f7-Q-0S5hg" role="scriptwriter" IPDN="x1dX-Bo" performance="soloist" grossFee="148861562.77"
                     modifier="B" IPI="TXHZNnAzDLQmX3bk2" birthDate="2020-04-01Z"/>
                <Participant name="N" role="performer" IPDN="n3Piu_HBwiZ" performance="supporting" grossFee="-1647431386.63" modifier="A"
                     IPI="KkXdbP8Ir" birthDate="2019-03-09"/>
                <Participant name="LloNv1A_2" role="remixer" IPDN="eF1e-8.9VNhe7i4xD7xHvZ" performance="supporting" grossFee="43610295.89"
                     modifier="B" IPI="b4" birthDate="2019-04-04"/>
                <Participant name="H" role="producer" IPDN="r.6wokdgxfk3V9U3n3Hy" performance="supporting" grossFee="-741970351.32"
                     modifier="C" IPI="Pc9PU94L10eGl" birthDate="2019-07-19"/>
            </Participants>
        </Record>
        <Record title="HxMXTGVyHHuRmXz4dbW_8M-3zBXzpP" spins="927180283" ISRC="X8B0OX2HB293" year="5950" producer="a"
             label="zsmlS9oK" recordNo="iLXT7Z0" serialNumber="_ChqYhqwTnjdB04" isPremiere="true" usage="broadcast"
             ISWC="ZIPj0D" AKA="eJ2Njml" genre="pop" broadcastedFrom="2020-01-03T11:21:16" broadcastedTo="2020-06-04T11:21:16"
             runtime="606734540" origin="free usage" alternativeTitle="mER14FV.c4qiiS0ZZUae" recordedFootage="2049157473">
            <Participants>
                <Participant name="s5bh7osW" role="subscriptwriter" IPDN="ide" performance="main" grossFee="184226634.90" modifier="B"
                     IPI="IwsFx66FRZKKTGTQ4oT8W-" birthDate="2019-06-01"/>
                <Participant name="zlIgm_YEIv2mYehqCHyQQh" role="performer" IPDN="OX" performance="main" grossFee="584796814.32"
                     modifier="B" IPI="j3i" birthDate="2018-10-02"/>
                <Participant name="l_tbTXR.bjWyhUEODx" role="remixer" IPDN="YKuZ05Dr990um0Nh" performance="supporting" grossFee="-54736688.89"
                     modifier="B" IPI="fBw8y-lL1kaGAxTJm36PaYMxVFCg" birthDate="2019-05-13"/>
                <Participant name="VtuSVPL" role="music director" IPDN="Q9is87ONe1be" performance="main" grossFee="765117059.23"
                     modifier="B" IPI="ZKXc0pfowNUz6i" birthDate="2020-06-17Z"/>
                <Participant name="akf4zt" role="scriptwriter" IPDN="FIXmgn.DfFX-8vd2" performance="supporting" grossFee="-529015189.21"
                     modifier="A" IPI="inTt3a" birthDate="2019-06-12"/>
                <Participant name="Uq7Ns7cH" role="composer" IPDN="l9jPOR0pFU3Tdhbyj09eYEZN" performance="supporting" grossFee="596384146.31"
                     modifier="A" IPI="k6wB7Xv4cqq1In68WDJLcc2dW" birthDate="2020-06-12Z"/>
                <Participant name="NtYt1cMXnPI" role="scriptwriter" IPDN="ZaeYbcZis72" performance="chorus master" grossFee="1116926543.56"
                     modifier="A" IPI="OJmBcRSxwkVTNcUY0VJNQvY" birthDate="2020-03-19"/>
                <Participant name="afuI0POT1mq" role="music director" IPDN="DlnhgCooll0O4cbw" performance="main" grossFee="100942972.96"
                     modifier="C" IPI="XD8klj5" birthDate="2019-01-20"/>
                <Participant name="c27_qd4J5kfT2qbhyinXr" role="remixer" IPDN="jM0fn1KZhSwLwIxr.rpeykRj" performance="soloist" grossFee="1951774383.02"
                     modifier="B" IPI="DZyp153iWl-" birthDate="2019-01-13"/>
                <Participant name="TUzMQ6" role="sound engineer" IPDN="rOXMnMZLS" performance="main" grossFee="1009494514.98" modifier="B"
                     IPI="AnduKeRukZQON5ZkhtLVYTHHO-OZ7" birthDate="2018-11-26Z"/>
            </Participants>
        </Record>
        <Record title="GFnM9VW5X3BQZ.FS" spins="2141494133" ISRC="8EGF2459B053" year="5663" producer="CwWsYPnqlYV-yrBVw11_L3v91OMoxp"
             label="erXn0sw4ETzcrcpTHb0pcLyCKsJ48" recordNo="UJns.kn" serialNumber="J" isPremiere="true"
             usage="jingle" ISWC="RJb8JkG3e.RTv" AKA="U78KIPYK38w" genre="spoken word" broadcastedFrom="2019-02-13T11:21:16"
             broadcastedTo="2019-03-20T11:21:16" runtime="327493916" origin="recorded stream" alternativeTitle="p8s7IkMxLudTSZjeNxMqY1"
             recordedFootage="570895517">
            <Participants>
                <Participant name="J3yeB5O4Hjuzjlzjibu" role="subscriptwriter" IPDN="mGMbN-quJ_" performance="chorus master" grossFee="258274758.23"
                     modifier="A" IPI="EXuY" birthDate="2020-06-12Z"/>
                <Participant name="koWQEH" role="remixer" IPDN="ZF2tYYMgm7QWCH8nZlFNzS-uI5Yma" performance="main" grossFee="1147178616.81"
                     modifier="C" IPI="g3d" birthDate="2019-04-07Z"/>
                <Participant name="pto" role="scriptwriter" IPDN="AdCgR6CB5-RxiQ2T4BZOqsJZ8j1sbD" performance="main" grossFee="-1636062394.90"
                     modifier="B" IPI="VE8HWGQB" birthDate="2019-01-25Z"/>
                <Participant name="H0OXMwMzHvQEV.abUmPi-Xx15rLtwj" role="music director" IPDN="F9TrKNW" performance="conductor" grossFee="1191784322.01"
                     modifier="A" IPI="sM4kqETbwPuYfJdW" birthDate="2019-04-22"/>
                <Participant name="wAURT" role="composer" IPDN="rY5uxC-4DZbeYY7YU5CTrqclB9o" performance="supporting" grossFee="-1889599709.18"
                     modifier="C" IPI="Z3BxAnF6" birthDate="2020-05-05"/>
                <Participant name="qLgXb" role="performer" IPDN="pNescBZA5ce0MD07" performance="conductor" grossFee="1156270353.13"
                     modifier="A" IPI="YY5IVs.pNjHisEFbVKoVVTS7DunRD" birthDate="2019-05-15Z"/>
                <Participant name="URcZ3c7iCo" role="scriptwriter" IPDN="v_x53EojR-.74H" performance="chorus master" grossFee="-1126341240.45"
                     modifier="C" IPI="AA8VZR_TvMUzzi" birthDate="2020-03-20"/>
                <Participant name="MEEgLQ6Evrz8u6CEexx4_c47QH" role="scriptwriter" IPDN="bOCDD" performance="conductor" grossFee="491302438.96"
                     modifier="B" IPI="cUq-FmGVTRHPPr" birthDate="2019-05-11Z"/>
                <Participant name="JN9z" role="music director" IPDN="UnOSXyaQj3" performance="conductor" grossFee="-576214558.83"
                     modifier="C" IPI="Tb5P67n0ZuKCcF" birthDate="2019-10-16"/>
                <Participant name="D963Lk1Nvcyav" role="performer" IPDN="bfrU41TIUaH6mG" performance="soloist" grossFee="2088360316.91"
                     modifier="B" IPI="f826DuR_ox6yi" birthDate="2020-02-14"/>
            </Participants>
        </Record>
        <Record title="U3" spins="373829326" ISRC="743DG96V82D6" year="4787" producer="GmSg3WlXOJB3-4XZ50" label="KHLvoouFTaErifLSDdzfg6XO"
             recordNo="MC1qkk" serialNumber="AbLBa.p21P9O4IAMTsphPgyuQPuCf" isPremiere="0" usage="broadcast"
             ISWC="ILwsU" AKA="PRXLKwiYsVJdW7W9i" genre="composed" broadcastedFrom="2018-12-23T11:21:16"
             broadcastedTo="2019-05-08T11:21:16" runtime="168033526" origin="commerce" alternativeTitle="C0sv6"
             recordedFootage="35841594">
            <Participants>
                <Participant name="iY0po8u" role="composer" IPDN="dtqDzT7ccD0HUuJVpn8T" performance="supporting" grossFee="-768380550.69"
                     modifier="C" IPI="l3f5XnpyHnN" birthDate="2019-02-05"/>
                <Participant name="L7UFq2DUFgRN4YG.mTv" role="sound engineer" IPDN="n5sja2EFcBh97h" performance="supporting" grossFee="1754538978.54"
                     modifier="C" IPI="jYTUYc1wKS4Rf0lfngz" birthDate="2019-05-23Z"/>
                <Participant name="rDZStNpjBKCtF7" role="scriptwriter" IPDN="pXs4EsNBDyxnYJMR-xJ" performance="chorus master" grossFee="2016749949.10"
                     modifier="C" IPI="lFpo42npYTj0T" birthDate="2018-07-28Z"/>
                <Participant name="HdvrZL_vWKuw.Qg" role="remixer" IPDN="DZEdMJiBX4oVzBq_H6" performance="main" grossFee="-1584358899.93"
                     modifier="A" IPI="wzisNSdT" birthDate="2020-02-05"/>
                <Participant name="A3VS18zK" role="music director" IPDN="uiU_KZNilSjYr3V-VArPneAA9kRH" performance="supporting" grossFee="1366119836.00"
                     modifier="C" IPI="BhkyOSU-e301npDe" birthDate="2018-09-16Z"/>
                <Participant name="J2670-oDqhVeiinlQG2QKzr8KWIKmj" role="performer" IPDN="PXK5GMOn9KHKLyy4hF7toyexThzwl." performance="soloist"
                     grossFee="1559620638.65" modifier="C" IPI="k6Rcj_lUduLHpt0" birthDate="2019-06-03"/>
                <Participant name="S" role="sound engineer" IPDN="fTerUCR8P2_yTOZM6" performance="conductor" grossFee="-789279675.58"
                     modifier="C" IPI="WXShevYG-ZXd4ZGmhXj6TpJr" birthDate="2019-08-08Z"/>
                <Participant name="jRivR899ZYMVn.U_" role="subscriptwriter" IPDN="ff4g9c4A2706uoLRVEZnPOj" performance="main" grossFee="764214828.65"
                     modifier="B" IPI="NBzV0G" birthDate="2020-02-10Z"/>
                <Participant name="wRj-" role="music director" IPDN="CRMzaaSlYESR" performance="chorus master" grossFee="1527018268.76"
                     modifier="B" IPI="tW5Wc25_o" birthDate="2018-11-07"/>
                <Participant name="t2JrgmhS7torVND4Y" role="subscriptwriter" IPDN="o4lNKp7mFZDwaW" performance="conductor" grossFee="1834178924.46"
                     modifier="A" IPI="zNOzNn" birthDate="2020-04-03Z"/>
            </Participants>
        </Record>
        <Record title="s6mri." spins="1731607334" ISRC="2Q5EHIO1Y694" year="4534" producer="hN6xuzrE19kWuAYomLtRyB"
             label="zMKqsQFbsOCvorTMXNZNDq_B23F-KW" recordNo="SoZH6gCmlj" serialNumber="hQVUbCEp6ICVC7vbIaElcH3VjI"
             isPremiere="false" usage="commercial" ISWC="rRBBtPf8q0lNMQz5aObi-N0pnu" AKA="Ky09n7WX.mavk1WU5UGW"
             genre="pop" broadcastedFrom="2018-09-25T11:21:16Z" broadcastedTo="2019-08-15T11:21:16" runtime="1567233888"
             origin="commercial" alternativeTitle="szJi6" recordedFootage="1983989767">
            <Participants>
                <Participant name="_bFD" role="music director" IPDN="KK2JjqIW" performance="soloist" grossFee="446499705.40" modifier="A"
                     IPI="N398puQ6VauqvU" birthDate="2018-09-06"/>
                <Participant name="L" role="composer" IPDN="J7Aw_v6D6" performance="soloist" grossFee="548663973.65" modifier="C"
                     IPI="Xees2yOfhrq17iikACU7TMO48TGHj" birthDate="2019-07-10Z"/>
                <Participant name="mybq4RJt" role="arranger" IPDN="FzEm14Jz5YLEltTopB2" performance="soloist" grossFee="2095324557.76"
                     modifier="A" IPI="YzHIG2gg" birthDate="2019-02-14Z"/>
                <Participant name="ErIeOxPEwAAEBxkZGSw6sT" role="performer" IPDN="rNRPTXH3rstmdcE" performance="main" grossFee="1446763747.29"
                     modifier="B" IPI="J3n.r" birthDate="2019-08-18Z"/>
                <Participant name="c24i-z4Iq1Vgq0VfzU" role="producer" IPDN="r-eJO" performance="conductor" grossFee="31955724.84"
                     modifier="B" IPI="gICyTgqMtvntnJJYHjCWFB7k_xym7" birthDate="2019-09-26"/>
                <Participant name="MOrgnRCRdqH1jYuMX4SxoFrJY" role="producer" IPDN="ENJV5cNJjBFcFLKmvsHVhrIHsF" performance="chorus master"
                     grossFee="-889193839.28" modifier="C" IPI="XdQ" birthDate="2019-12-06"/>
                <Participant name="Xv" role="scriptwriter" IPDN="xPMDLuxTeFPf-caZFPpN86AHHx8RNx" performance="supporting" grossFee="949804897.80"
                     modifier="C" IPI="RsDHa7ngIVpuMn3FyAZJwxPFb" birthDate="2019-12-10Z"/>
                <Participant name="J" role="music director" IPDN="fCKtJ" performance="chorus master" grossFee="-597848197.52" modifier="B"
                     IPI="oXV26iBrs1G5bOu7MHZ2e18" birthDate="2018-07-07"/>
                <Participant name="XcsHVRVjqdM8UF5j7X.KbUg82NN5" role="music director" IPDN="zQN3OPicUisjZX" performance="chorus master"
                     grossFee="-253722913.73" modifier="A" IPI="WM9WAcRmBKewR42H.G1kfEhE6Sa" birthDate="2018-11-17Z"/>
                <Participant name="IPlZP" role="producer" IPDN="_hKTdCSn" performance="soloist" grossFee="1410313754.08" modifier="A"
                     IPI="_ldeNmt" birthDate="2018-11-16Z"/>
            </Participants>
        </Record>
        <Record title="CYjgP.EZ9ndTV9ew1ggD" spins="683300901" ISRC="L2UWM7FE3MLW" year="9791" producer="HKXBI" label="B2cd7"
             recordNo="S2v7" serialNumber="SNkLCQGDXZBfK77a9UAgXd" isPremiere="false" usage="commercial"
             ISWC="eXmi" AKA="Iam.4CXF" genre="spoken word" broadcastedFrom="2020-04-20T11:21:16Z" broadcastedTo="2019-10-09T11:21:16"
             runtime="121068603" origin="report" alternativeTitle="H1_bHOS.y0sh" recordedFootage="16765531">
            <Participants>
                <Participant name="oZvTCWsO-t0.Z236Bq0m.DmnhqqzaZ" role="sound engineer" IPDN="JXXVRR2_avU.eXd8" performance="supporting"
                     grossFee="1273716378.13" modifier="C" IPI="TSvlup3Doh" birthDate="2019-01-19Z"/>
                <Participant name="_p" role="sound engineer" IPDN="pf" performance="conductor" grossFee="-439866636.09" modifier="A"
                     IPI="MdKz_OwD429xxb4H" birthDate="2020-01-10Z"/>
                <Participant name="iYyeDGi_8rRX8N" role="sound engineer" IPDN="ynHi1w.5a3QDb5eS2b5V8lN0foE2e" performance="main"
                     grossFee="663940714.36" modifier="C" IPI="xYNCiy9CfaevM6V2votEC58" birthDate="2020-01-30Z"/>
                <Participant name="dK" role="music director" IPDN="CQG" performance="soloist" grossFee="1483971868.52" modifier="A"
                     IPI="PH0.YJPBKQI4WRVZ4ZuRqlyDL" birthDate="2019-06-02"/>
                <Participant name="LRbyxQ.e70bdP" role="arranger" IPDN="E8CgSIXUiogvs7" performance="conductor" grossFee="-300532479.14"
                     modifier="C" IPI="sK.hOVsTIQ2kqpjNCl6" birthDate="2019-09-08"/>
                <Participant name="m_tRhavrjSK-yqQiB58o" role="arranger" IPDN="SvG" performance="main" grossFee="1293999096.64" modifier="C"
                     IPI="l7CYZKOv" birthDate="2018-12-18"/>
                <Participant name="I7zfEV73Z" role="performer" IPDN="GhtRMFSB5Qwh-f6q3k6" performance="supporting" grossFee="2101574949.73"
                     modifier="C" IPI="RijHtIJ.t" birthDate="2020-05-12Z"/>
                <Participant name="vpDBMYfF5HDIUKV0" role="producer" IPDN="AnFKXkPWGi9kfnHm6T" performance="conductor" grossFee="-1300416303.79"
                     modifier="B" IPI="IzH79aJpp3g.7TrNQQ" birthDate="2019-05-16Z"/>
                <Participant name="qKM4_4XgQMOXKKx7Fd5xERjDYrHs4" role="composer" IPDN="YU1ytmFpprNC3M" performance="soloist" grossFee="-257278455.03"
                     modifier="B" IPI="fWkbuxOuZby0PfsofOu" birthDate="2020-01-06"/>
                <Participant name="egrlta5iHFc" role="subscriptwriter" IPDN="aAyoxaYv23Azq" performance="supporting" grossFee="-1546931958.98"
                     modifier="A" IPI="o3" birthDate="2019-03-22"/>
            </Participants>
        </Record>
        <Record title="_-_S.mQpOKMUa73phUkkS2Ps" spins="2098598946" ISRC="HWS157GSE43F" year="0287" producer="S_lgM"
             label="JfUWxr9BN8OO1rAO" recordNo="mkkrSOpOQ8lfMGR.dG" serialNumber="s38EdbP" isPremiere="0"
             usage="broadcast" ISWC="tBbXSUsBxKu6EXOu2T" AKA="_EAWqJvpcm-wofUJg" genre="classical" broadcastedFrom="2019-09-28T11:21:16"
             broadcastedTo="2020-04-22T11:21:16Z" runtime="387157518" origin="live broadcasting" alternativeTitle="LOsfLZnu"
             recordedFootage="47900891">
            <Participants>
                <Participant name="btUFt1F2FjNI-w8T" role="arranger" IPDN="JPZLDP-2WrW58JrB0YOBkVScKBpqp9" performance="soloist"
                     grossFee="2058956160.62" modifier="B" IPI="f-0P-W_E2Mul" birthDate="2019-11-18"/>
                <Participant name="Qu4PckTsR7hh-.AmUOO9D3MsfdxNOj" role="producer" IPDN="u" performance="chorus master" grossFee="766972455.07"
                     modifier="A" IPI="Kvr" birthDate="2018-07-22Z"/>
                <Participant name="g.BWQwqZ_DnCf0cjyVIEofI8o7" role="scriptwriter" IPDN="pbSD1s4W0" performance="conductor" grossFee="-2068426225.46"
                     modifier="B" IPI="gUcP9eTym" birthDate="2019-01-23"/>
                <Participant name="O.zJ4C-C" role="scriptwriter" IPDN="y8NMDXPyd0iCQyWmHPmjSpPZwVQ-s" performance="main" grossFee="-1343640171.47"
                     modifier="A" IPI="TQgkG_QF" birthDate="2020-06-23Z"/>
                <Participant name="t" role="producer" IPDN="hSOA6BgloKNQ4ngku2XlLJcRHU" performance="conductor" grossFee="-1711910107.56"
                     modifier="B" IPI="W6slhSzErv5sgz8831k" birthDate="2019-04-28"/>
                <Participant name="GEZfp-Iqi3cLGVE6Uk7hF" role="music director" IPDN="MyDcmQXWyHFDh" performance="conductor" grossFee="-654203708.95"
                     modifier="C" IPI="O083stZl63zJuqYy18sbHq25_" birthDate="2019-02-13"/>
                <Participant name="F0Z0R59" role="scriptwriter" IPDN="nITpZu" performance="main" grossFee="283956562.11" modifier="C"
                     IPI="MsuPhv95dm." birthDate="2020-05-20Z"/>
                <Participant name="FLcdkrjAI1T1cde.2o9z7tw" role="composer" IPDN="QrjvHxU9kTO5A1WZHYx" performance="conductor" grossFee="-1449706744.76"
                     modifier="C" IPI="D_plsqqGa" birthDate="2019-09-12Z"/>
                <Participant name="_G1ad" role="scriptwriter" IPDN="n1FlMzFieI" performance="supporting" grossFee="-792161927.04"
                     modifier="B" IPI="gJt5UE6Rp-Vn" birthDate="2019-04-30Z"/>
                <Participant name="OGDFaguk" role="scriptwriter" IPDN="JOHqblv_VmYe5IdD" performance="chorus master" grossFee="-178436146.05"
                     modifier="A" IPI="Zh1AT_JWd_l2EPXWFQODiUOg9" birthDate="2019-03-17Z"/>
            </Participants>
        </Record>
        <Record title="FUaWP07PzElKm2pE" spins="375828530" ISRC="S4H4W2P0VVM8" year="2092" producer="LB5x2FK" label="W3"
             recordNo="wR41Old7bkq2X5d9K6" serialNumber="GgVHzQGC8nSpRLGDfKIcdcxdLlWevR" isPremiere="false"
             usage="broadcast" ISWC="YZQnKd0ZwsQu.Qb" AKA="llHAQSk.Txis0" genre="spoken word" broadcastedFrom="2019-08-20T11:21:16Z"
             broadcastedTo="2019-08-23T11:21:16Z" runtime="307076908" origin="live stream" alternativeTitle="vjBIrBxfs"
             recordedFootage="1961699171">
            <Participants>
                <Participant name="db-suMXh42I9PvN0SRL8kNXVgsM" role="scriptwriter" IPDN="qVV" performance="main" grossFee="1439683208.76"
                     modifier="A" IPI="wOXB_DPrZRHCWfDp5uTFr" birthDate="2019-08-12"/>
                <Participant name="dADi1nZQ" role="remixer" IPDN="CcC83S2iWtp6gBv3o6LSRf" performance="chorus master" grossFee="659734939.91"
                     modifier="B" IPI="SV7PW" birthDate="2018-07-23"/>
                <Participant name="dCERqBVj6mMU73" role="remixer" IPDN="SGs7NnHoEHCXqrr-" performance="supporting" grossFee="1700694022.24"
                     modifier="C" IPI="tIzutI5YE2y5" birthDate="2019-02-03"/>
                <Participant name="AjfruxWrCiYuq7" role="composer" IPDN="Uknw58V0WpbGzgzXYEx" performance="conductor" grossFee="-2051894003.78"
                     modifier="B" IPI="WVooozYh5EmpdUXev" birthDate="2018-09-20"/>
                <Participant name="K6xOC3EuP78dgRYNZ5.Jc9" role="sound engineer" IPDN="WWPckWTQoWBKuzp1Qr" performance="conductor"
                     grossFee="-1236653503.19" modifier="A" IPI="dcxcvvL.XXzFGgBuf" birthDate="2020-03-11Z"/>
                <Participant name="PiyA2C" role="remixer" IPDN="s47IthAC" performance="chorus master" grossFee="-298781743.31" modifier="C"
                     IPI="sQy" birthDate="2018-12-15Z"/>
                <Participant name="OtZCmc" role="music director" IPDN="tA8GEECrS.g-hW" performance="supporting" grossFee="1881714782.26"
                     modifier="C" IPI="fvh.be4X-AzyYZNI.ZZl1-b2O7" birthDate="2019-09-01"/>
                <Participant name="VYdWPhnWULtqbeF" role="music director" IPDN="irH2vt_LE5QfiGaEhmdGD" performance="conductor" grossFee="-1992843098.78"
                     modifier="C" IPI="snrWh_r" birthDate="2018-12-25Z"/>
                <Participant name="UcWmK6e1bzl.CKfr7oMzS" role="music director" IPDN="HMD3Y6kb3" performance="supporting" grossFee="-789870966.00"
                     modifier="C" IPI="GvAfbZ.O" birthDate="2020-02-16Z"/>
                <Participant name="ZZB7j__" role="composer" IPDN="pAbPClS5CdPMFWrYGBXBTRPzJ4" performance="soloist" grossFee="1292916144.54"
                     modifier="A" IPI="Z9qr8T4p-gbxy" birthDate="2019-06-02Z"/>
            </Participants>
        </Record>
    </Record>
    <Simulcasting from="2019-08-28T11:21:16" to="2019-01-03T11:21:16" station="kqsLK_iRdsAYsmE-Iut92efirRdB"/>
    <Simulcasting from="2018-09-21T11:21:16Z" to="2019-08-02T11:21:16" station="lIlJnaslbP7ux72osaT3Y"/>
    <Simulcasting from="2020-03-22T11:21:16" to="2018-10-07T11:21:16" station="EmkKvct9Wg.9hze1GxHvz"/>
    <Simulcasting from="2020-01-24T11:21:16Z" to="2019-06-02T11:21:16" station="CtmhI"/>
    <Simulcasting from="2020-06-07T11:21:16Z" to="2020-05-16T11:21:16Z" station="x8-58S2ZhFdZR6D7o"/>
    <Simulcasting from="2019-09-29T11:21:16Z" to="2018-09-16T11:21:16Z" station="PWtVztHsd2cnrT4TYhBj0.KGH"/>
    <Simulcasting from="2019-08-31T11:21:16" to="2018-12-10T11:21:16" station="eIii7brQA4hJm-nDctH0gMvg"/>
    <Simulcasting from="2018-11-03T11:21:16" to="2020-03-13T11:21:16" station="F.b5udKtDXE9eiL"/>
    <Simulcasting from="2018-12-03T11:21:16Z" to="2020-03-02T11:21:16" station="fCX"/>
    <Simulcasting from="2019-06-24T11:21:16" to="2020-02-02T11:21:16Z" station="vldK_OZs"/>
    <Record title="ZO" spins="449128808" ISRC="UUUUO1YN67TP" year="0493" producer="CAXNklvmeaxRRHI" label="KVoFc7vJsag6rNVJftiq.9M8po3F"
         recordNo="dIxs0" serialNumber="mdGB0Tgam_I5zP" isPremiere="true" usage="jingle" ISWC="pz.0GuOA4WFv2Ngm"
         AKA="R" genre="classical" broadcastedFrom="2018-08-09T11:21:16" broadcastedTo="2018-12-27T11:21:16"
         runtime="237141745" origin="free usage" alternativeTitle="xo" recordedFootage="817694603">
        <Participants>
            <Participant name="oeP" role="music director" IPDN="VDtOHNN" performance="main" grossFee="-296290427.69" modifier="C"
                 IPI="aRHQlemfdCGmi8dMRXU79jx9" birthDate="2018-07-31Z"/>
            <Participant name="loVrQByLdloaLiAz" role="performer" IPDN="DQT2X9bxMx1knL.x1" performance="chorus master" grossFee="222724617.71"
                 modifier="C" IPI="zrnrGmK4dVj_8." birthDate="2020-02-18Z"/>
            <Participant name="M4FF_" role="performer" IPDN="t0I9_t_N_o49tqw" performance="chorus master" grossFee="565213749.65"
                 modifier="C" IPI="o3NnB6MUmaKQsLg08MUI." birthDate="2018-08-20Z"/>
            <Participant name="XF1-C" role="arranger" IPDN="JNW8sE1xT-yeAMKAAP3H" performance="chorus master" grossFee="-2115263028.76"
                 modifier="C" IPI="_bBgghGim2Uak80hbF" birthDate="2019-07-01"/>
            <Participant name="Txa" role="arranger" IPDN="G.4Nt5WmL-fn3REIZqXTTekN0C2W" performance="supporting" grossFee="1823517509.53"
                 modifier="B" IPI="IlpmcuYF4X9YVZh" birthDate="2019-07-14"/>
            <Participant name="H7P.ID_MZpCre93aa1KGB4id" role="sound engineer" IPDN="ukmM8ol_XtPtt0Eoc" performance="main" grossFee="-1569591656.29"
                 modifier="C" IPI="YWc71cMZybTafHc" birthDate="2020-05-05"/>
            <Participant name="mbubNM5wxtSo-MZV" role="producer" IPDN="RfNlocvyJL8" performance="chorus master" grossFee="209171750.18"
                 modifier="C" IPI="nOmOB8" birthDate="2020-04-22"/>
            <Participant name="x40aY19WJsWtzhGy5Xpm4N" role="arranger" IPDN="ORIMuaq" performance="soloist" grossFee="954245301.85"
                 modifier="B" IPI="s" birthDate="2019-07-01"/>
            <Participant name="iZLv" role="composer" IPDN="ajY" performance="supporting" grossFee="1215301649.47" modifier="B"
                 IPI="CU5af" birthDate="2020-05-19"/>
            <Participant name="RsnxYYWX.rNy2A9rKfhD" role="performer" IPDN="HScfcY3UE9O7ImW1Cw" performance="soloist" grossFee="-560614811.46"
                 modifier="C" IPI="eyk.945HNv14wX-TBFNcdVR.Wps" birthDate="2020-05-19Z"/>
        </Participants>
        <Record title="xNd" spins="897621218" ISRC="N8KMYZ0J56G2" year="5754" producer="ahekatMJbnFE2Nr57-.QJ" label="uveYelyKlehOSBFNi-l62slN"
             recordNo="WtD0VMaOzV4" serialNumber="dUZ7o6tF74JR0l.ie" isPremiere="true" usage="jingle"
             ISWC="BRNrl3s.w" AKA="WS.FKRzG0YGz-P7evl" genre="classical" broadcastedFrom="2020-02-19T11:21:16"
             broadcastedTo="2019-11-01T11:21:16" runtime="1263135147" origin="commerce" alternativeTitle="NgmQiG6G-9LIkwAV2wD4sS"
             recordedFootage="1621540417">
            <Participants>
                <Participant name="f0BI.Io57UJIra5CgNaOIsyZWHc" role="arranger" IPDN="_EiK7XjzVJ" performance="main" grossFee="-974697192.88"
                     modifier="C" IPI="PGxEjJNNs" birthDate="2019-04-17"/>
                <Participant name="zVje_al_YqJ7" role="music director" IPDN="s5t" performance="chorus master" grossFee="520698152.21"
                     modifier="B" IPI="FQFVdFQ" birthDate="2019-09-25"/>
                <Participant name="jqweixnDPXRJNy63patUIKT29V" role="scriptwriter" IPDN="fPQgE0FpENMGK-30gu-guqm4RFQ" performance="conductor"
                     grossFee="-1357177404.11" modifier="A" IPI="ln-xViEC0A0z6NLL" birthDate="2020-04-16Z"/>
                <Participant name="rjUQ1vsjezPMsVj.vQ9SGWnuQ" role="composer" IPDN="R295PXU6j.lb372aa6skoF" performance="conductor"
                     grossFee="1334213957.54" modifier="B" IPI="ARVXGWCcz8n" birthDate="2019-05-27"/>
                <Participant name="T0953kAhnOHf4W7EI4s" role="sound engineer" IPDN="s9Deap" performance="main" grossFee="-1766168085.29"
                     modifier="C" IPI="V9iyEaxRkOWFAHGXu5" birthDate="2019-01-08"/>
                <Participant name="cJisFj" role="producer" IPDN="tKlQ0omtBYut6jjp-0_k9qEa" performance="chorus master" grossFee="989040542.34"
                     modifier="C" IPI="mz6zkzg3" birthDate="2020-06-16"/>
                <Participant name="YrAns-" role="composer" IPDN="EuCYqXgbOoKiZyHbE" performance="soloist" grossFee="-1016412660.81"
                     modifier="B" IPI="CqqQa" birthDate="2019-02-17"/>
                <Participant name="Ml981L_y74WM_IY5fXPugaBkUo763" role="sound engineer" IPDN="WUsAQdVl7" performance="chorus master"
                     grossFee="-398721.92" modifier="A" IPI="hJD5.O89qp71eljzAE" birthDate="2020-06-14Z"/>
                <Participant name="jD" role="scriptwriter" IPDN="TMQv4CoHFiQf" performance="soloist" grossFee="-1676514856.31" modifier="B"
                     IPI="vk9yy7LsMA742CPxbi2G5dTbKR" birthDate="2019-01-20Z"/>
                <Participant name="DnbAqR-TMxwKnh7WK5L" role="scriptwriter" IPDN="jzHeAIt07" performance="conductor" grossFee="572518457.31"
                     modifier="A" IPI="xOeE-Ef3.K" birthDate="2018-10-07"/>
            </Participants>
        </Record>
        <Record title="y1XEY2nJELu06r2frnwjlppkCQir" spins="1800281840" ISRC="85J0T230319H" year="1543" producer="xGlBufCpV"
             label="Nj" recordNo="Pf8UOmykMH3" serialNumber="kPs7nezfPtLdchyBKV" isPremiere="0" usage="broadcast"
             ISWC="DHBKYXpFw8HLykEtFs" AKA="dYFzIfx_lxCqTjJW-fyvQmdUgSKa5" genre="classical" broadcastedFrom="2020-04-27T11:21:16"
             broadcastedTo="2019-03-14T11:21:16Z" runtime="957682826" origin="live stream" alternativeTitle="fXsnHAXLPOr"
             recordedFootage="1107207906">
            <Participants>
                <Participant name="XUheKJZ7x0zxLyyFXGL9FH5" role="scriptwriter" IPDN="vkNZCbL621RibXH-9PYkg" performance="chorus master"
                     grossFee="2066687917.61" modifier="C" IPI="g3z8ML98Bs1cjDw5Rinjg" birthDate="2020-05-30Z"/>
                <Participant name="O_Bq" role="arranger" IPDN="o" performance="soloist" grossFee="-1944788428.90" modifier="C" IPI="Getm4q_iTygB"
                     birthDate="2018-10-04"/>
                <Participant name="k.OszSdi6WLA058nB1F2l0Un" role="producer" IPDN="tUddhqIGVIOzv1e0Qsce68p9p" performance="conductor"
                     grossFee="322899186.82" modifier="C" IPI="a8OtAhoE4Gl4oQ8gKXdy56" birthDate="2019-03-29Z"/>
                <Participant name="aD9BRIrwgUJhl" role="performer" IPDN="B952KxQByvWpY93" performance="supporting" grossFee="781952422.62"
                     modifier="A" IPI="XdVvAv8CQ.pUJg2NRMe25wn" birthDate="2020-01-17Z"/>
                <Participant name="CcFBy3" role="remixer" IPDN="V" performance="supporting" grossFee="992988704.24" modifier="B"
                     IPI="JSRFDKpgr_3Sszt4hUUbkVp5jjnk" birthDate="2019-01-20"/>
                <Participant name="J.6kj-OIF83JcXj" role="remixer" IPDN="YbF7_HTQMWVHtxW" performance="supporting" grossFee="1937182841.37"
                     modifier="C" IPI="Zn" birthDate="2019-08-06"/>
                <Participant name="mthrtarbe9FYJx7ALPHV5umt0IgFI" role="music director" IPDN="FkSsul" performance="main" grossFee="-558526558.60"
                     modifier="B" IPI="je3E6w6OSvayqdAoDAv8Vh8JKB5" birthDate="2019-09-04"/>
                <Participant name="gPP9GTa" role="producer" IPDN="m.X7fE" performance="main" grossFee="1722742038.21" modifier="A"
                     IPI="HD" birthDate="2018-07-25"/>
                <Participant name="RR7O31VNye7QAclz" role="arranger" IPDN="mB7PWw2i" performance="soloist" grossFee="-109860663.85"
                     modifier="B" IPI="XW3HetSNS5B" birthDate="2020-03-17Z"/>
                <Participant name="b06" role="sound engineer" IPDN="OFObsUfv" performance="main" grossFee="2080701421.18" modifier="B"
                     IPI="xbRKQwcJ.146Oko8Z5Pbhn" birthDate="2019-03-24"/>
            </Participants>
        </Record>
        <Record title="f" spins="572898083" ISRC="WLZX4Y119A7P" year="2007" producer="k2pFIksFP3Q.KhGLy5j7L" label="__o2NEYDWqKqEZh"
             recordNo="apzbI2_OSIPEG9D_aXnCz" serialNumber="N9QkJdT" isPremiere="false" usage="commercial"
             ISWC="ithXrDbk" AKA="GRV" genre="spoken word" broadcastedFrom="2019-02-01T11:21:16Z" broadcastedTo="2020-03-30T11:21:16Z"
             runtime="2028843098" origin="live stream" alternativeTitle="dV1" recordedFootage="1195588508">
            <Participants>
                <Participant name="f.Zx" role="scriptwriter" IPDN="Z92UUrtW8-3ZoRzoZeyYf8ZZZ8" performance="supporting" grossFee="-1198909248.27"
                     modifier="C" IPI="A3Luf" birthDate="2019-06-21"/>
                <Participant name="YdP" role="composer" IPDN="Yglr" performance="chorus master" grossFee="1437708958.28" modifier="A"
                     IPI="S2xEhQ98_Zr.zuajBZKo1Kg" birthDate="2020-02-14"/>
                <Participant name="bk4mwCE-D_pg7tGPRl" role="arranger" IPDN="N7DI6-fIq12UhgJ2" performance="supporting" grossFee="1498375061.84"
                     modifier="B" IPI="jw" birthDate="2020-04-21Z"/>
                <Participant name="FSm-wgHXA15XfnL-" role="music director" IPDN="v7Ob1JRlnKNHU-LSr3V" performance="supporting" grossFee="-1244983022.27"
                     modifier="A" IPI="UpfG0IKwfAOlCsy" birthDate="2020-02-04"/>
                <Participant name="NVOYbfeCG6Qj16Ekfixmj9NgI8" role="music director" IPDN="uzD" performance="conductor" grossFee="788581668.21"
                     modifier="A" IPI="MJFgxtbpjpEwzXEzDr" birthDate="2019-07-15"/>
                <Participant name="cPmdXtiXp_5HLBAmVvce" role="performer" IPDN="MeGmoVe8KNt0Itgsq23ROzhB" performance="soloist" grossFee="418378752.52"
                     modifier="B" IPI="HA1F4l-R66DUixEI" birthDate="2020-05-06Z"/>
                <Participant name="hRCOX" role="arranger" IPDN="up1nODzC3cm" performance="chorus master" grossFee="-704288007.56"
                     modifier="C" IPI="UYAhrRbYc_AA15DAmfw" birthDate="2019-12-10"/>
                <Participant name="gd9vmXWFJ2gWi_" role="scriptwriter" IPDN="q.svGJKEqGbbBichAEpbTiamn0BD" performance="soloist"
                     grossFee="345499563.52" modifier="C" IPI="Pr0tF" birthDate="2019-05-30Z"/>
                <Participant name="E" role="composer" IPDN="kieLKGkR3RL8fyO1L8" performance="soloist" grossFee="1786159546.97" modifier="C"
                     IPI="nbGaa" birthDate="2020-02-17"/>
                <Participant name="sM.IP9q" role="performer" IPDN="EsF5evd54oN03nIPiJmN_N_e" performance="main" grossFee="-731653617.07"
                     modifier="B" IPI="FM-fzJMBR6UWcUJTrx" birthDate="2019-11-26Z"/>
            </Participants>
        </Record>
        <Record title="rlu1r6T-B" spins="746601893" ISRC="WNR94460H42Z" year="1089" producer="Ah5n" label="p" recordNo="MFUHtM4kSaw8Xq-9Jmzjj"
             serialNumber="zQot7a7M3o-yDESxGtYhZAV_mlUT" isPremiere="1" usage="broadcast" ISWC="F-EX2Hd1.4f58RT1"
             AKA="o5GQg3TXYWIJuG5Q1" genre="classical" broadcastedFrom="2018-07-12T11:21:16Z" broadcastedTo="2019-01-22T11:21:16"
             runtime="566065544" origin="live stream" alternativeTitle="uC.kxv3UnneYy3HJ" recordedFootage="1519736518">
            <Participants>
                <Participant name="f2PL6vKglHA8" role="arranger" IPDN="WBP3AaBo" performance="main" grossFee="2098998846.86" modifier="B"
                     IPI="Xpl-uBp.4i0EmGKqYg1E_" birthDate="2018-11-01Z"/>
                <Participant name="eT1L" role="performer" IPDN="q9NYatXzjAG-E" performance="main" grossFee="-1666948832.44" modifier="B"
                     IPI="O4-WAju_1dH8PHAFugTc-5946S2WN" birthDate="2019-09-14"/>
                <Participant name="_BFgN-CsOrJ4mJmCbZ" role="sound engineer" IPDN="T5tJfJl1Q0sIW1" performance="chorus master" grossFee="-1816902093.35"
                     modifier="A" IPI="aQR.MN3" birthDate="2020-06-10Z"/>
                <Participant name="sZ-9v_9wljUXMCBdzTPkFwH89ED" role="remixer" IPDN="F5Q.dUrPsj" performance="conductor" grossFee="1109363453.00"
                     modifier="A" IPI="_.x_20B_pQveE.9mJQ" birthDate="2020-02-04Z"/>
                <Participant name="lTS4jS.bBl8.3eb.KMoSM" role="music director" IPDN="B35e" performance="conductor" grossFee="-111679560.93"
                     modifier="B" IPI="p8BLLq0Grj1HE-.IcBg4bqXvvM_6X" birthDate="2020-03-01"/>
                <Participant name="OYa2tKUYYIqK" role="composer" IPDN="MjqTgUX_Rov.L1y" performance="soloist" grossFee="-975568503.26"
                     modifier="A" IPI="GwsBdzDhT7P4.Hu" birthDate="2019-03-01"/>
                <Participant name="p9kI-2gxJ39mLgru3cS3r" role="remixer" IPDN="J78lcOJoDX.fQQv1ghy" performance="supporting" grossFee="1964235432.81"
                     modifier="C" IPI="GE_geR9iqG9l73K6O2R6u_wQ" birthDate="2019-09-03Z"/>
                <Participant name="oIDV56zxh_qNb" role="composer" IPDN="XwD9-U" performance="chorus master" grossFee="-2105446440.88"
                     modifier="B" IPI="BpnJ7WcP" birthDate="2018-07-04Z"/>
                <Participant name="dUm7jkBiF.6p1RyTuz2Cpo2xuB" role="producer" IPDN="dE48dBlo3-" performance="conductor" grossFee="804605375.88"
                     modifier="A" IPI="lLeZmUGJHzSTiIggAdQdy7d1d" birthDate="2019-01-26"/>
                <Participant name="jgn2-tRxBX" role="sound engineer" IPDN="BoUAgGw" performance="conductor" grossFee="1043780315.47"
                     modifier="A" IPI="awvEWLaPSPQtUket1XEWb" birthDate="2019-12-06Z"/>
            </Participants>
        </Record>
        <Record title="e8MIUZFwJ_zWN_" spins="86890439" ISRC="1WO30N5418IV" year="8451" producer="fjW" label="Er23-4pSBPrsTqGUYP"
             recordNo="c94llpxy2" serialNumber="vDQMQlGNfUUSZn2g8nFl3h" isPremiere="0" usage="commercial"
             ISWC="dGj2amDes6ZHzar3jdOq" AKA="syGMJiK8hZbH" genre="classical" broadcastedFrom="2018-08-08T11:21:16"
             broadcastedTo="2019-10-26T11:21:16" runtime="157829172" origin="commercial" alternativeTitle="Ll5eZGnqnAV1ztnE6prmk62A"
             recordedFootage="459329057">
            <Participants>
                <Participant name="VwsalHvKeKaMkschZY0srg.KC" role="performer" IPDN="rRjgWpb6D" performance="conductor" grossFee="-1128237996.37"
                     modifier="A" IPI="A6WFa.-oQy" birthDate="2019-07-15Z"/>
                <Participant name="DXnCtjnBur" role="arranger" IPDN="Kg.eynzqemFB9p9uZM0zZq4tciqas" performance="conductor" grossFee="1232751392.07"
                     modifier="C" IPI="AoCVO8s86k7.n5" birthDate="2019-08-18Z"/>
                <Participant name="U8ShEU" role="remixer" IPDN="SbIuOTOS" performance="soloist" grossFee="2009145971.86" modifier="C"
                     IPI="xdv3w1jVsf1yM44d2L" birthDate="2020-05-26"/>
                <Participant name="SAq2LBqhP.bEOoF6UUAHSZfkIMBc0" role="performer" IPDN="gxhLluV9W.2TookB" performance="chorus master"
                     grossFee="-1737997155.75" modifier="B" IPI="PHhYVR3zs3qyy" birthDate="2019-10-12Z"/>
                <Participant name="FJnlVA0X_VRXEH8d7Ax" role="subscriptwriter" IPDN="sqAH6" performance="supporting" grossFee="1462779332.38"
                     modifier="A" IPI="lplW1iOE6CzN7" birthDate="2019-07-10Z"/>
                <Participant name="oRyveiN7oCavLrufY" role="remixer" IPDN="aIK_x3IFPqY" performance="supporting" grossFee="994376849.49"
                     modifier="A" IPI="yFuqDzyxh" birthDate="2019-10-16"/>
                <Participant name="pRZCXpJT" role="remixer" IPDN="n-Of_ohC" performance="chorus master" grossFee="-2095013940.17"
                     modifier="A" IPI="an.ob.gQ" birthDate="2020-02-19"/>
                <Participant name="hDhcn9" role="music director" IPDN="Uqswb-Ws2YLwpQZd77ZFTcHL" performance="soloist" grossFee="-1804335979.89"
                     modifier="A" IPI="bhssLcQSvgpr7PQrlH6U" birthDate="2020-06-11"/>
                <Participant name="YTgfmZBcBDoGLl1HG8" role="producer" IPDN="i" performance="chorus master" grossFee="1369710046.56"
                     modifier="A" IPI="C_vtCW.rT6KmmX-DZH0" birthDate="2020-04-24Z"/>
                <Participant name="wd0lw6v8H992KMT6-gaHHsk8NPZr" role="sound engineer" IPDN="RhPgtFdYmv5yzLQ9" performance="soloist"
                     grossFee="-170335295.74" modifier="A" IPI="he12A5Bs1Gwqy" birthDate="2018-12-08"/>
            </Participants>
        </Record>
        <Record title="rIPdqi" spins="242313564" ISRC="049G16EV0357" year="4408" producer="oijys9z28" label="vtPXAsXmQ_s0gA"
             recordNo="V6Ws_cysTqvx9qZpMJvZHeQLC" serialNumber="vSvxd7N2Ltl1CZXaPxThq10rcC_B" isPremiere="0"
             usage="commercial" ISWC="Hqag7QfKmxaDR26" AKA="Tsf1np7OsfWajSGBCj2Bo8" genre="classical"
             broadcastedFrom="2018-12-13T11:21:16" broadcastedTo="2020-06-12T11:21:16" runtime="425662069"
             origin="commerce" alternativeTitle="BlGQ" recordedFootage="816119610">
            <Participants>
                <Participant name="QRwLRWqo7GpoW8Ikoa" role="remixer" IPDN="IY" performance="chorus master" grossFee="1071928167.39"
                     modifier="B" IPI="Go" birthDate="2019-11-06Z"/>
                <Participant name="EvGxmSrxUxgaIn" role="scriptwriter" IPDN="ZqsUzEmmyZjRi0_9z8D-3rLmal8" performance="chorus master"
                     grossFee="-1946881093.04" modifier="A" IPI="L0GhwdyBBvXbLiXK" birthDate="2018-09-30Z"/>
                <Participant name="bI8n5CU0krPCVR" role="arranger" IPDN="nST_3I-UnEWA6eYE-2m8m5_X" performance="chorus master" grossFee="-587552093.13"
                     modifier="C" IPI="F3iiM-vmLdw" birthDate="2020-01-28"/>
                <Participant name="s03LdKCpj1Nrj1z1y" role="remixer" IPDN="q86bwqFqUimhtwrgto-lR" performance="main" grossFee="635194241.71"
                     modifier="C" IPI="kTvsQevENiLUp08kJSyBKdb" birthDate="2019-10-19"/>
                <Participant name="v2IWr" role="music director" IPDN="pG5unE9lW1" performance="conductor" grossFee="1255009057.37"
                     modifier="B" IPI="H" birthDate="2018-11-11Z"/>
                <Participant name="WgK" role="performer" IPDN="PSkTZoSPv.dHt2B5Vfgi3YAdmnL7" performance="conductor" grossFee="693239573.74"
                     modifier="A" IPI="oz1Jda" birthDate="2019-01-24Z"/>
                <Participant name="ZIOkrhDqdit9c" role="subscriptwriter" IPDN="PTZQutQ-UAlvKkJEfIu91G7" performance="chorus master"
                     grossFee="1390123688.12" modifier="B" IPI="co-oh4PVRCHcpZPoNAyQ0h" birthDate="2020-04-09"/>
                <Participant name="qz_z1VdkYU4rxXgqBJXs3k" role="music director" IPDN="T" performance="main" grossFee="-179001316.59"
                     modifier="B" IPI="Yx4K73u9AHuV8d7YV" birthDate="2019-04-17"/>
                <Participant name="EMzhw7wyWmU5Rwb" role="remixer" IPDN="a6tP" performance="soloist" grossFee="385677961.65" modifier="C"
                     IPI="UFDChPVj2dDYjotQFj" birthDate="2019-04-03Z"/>
                <Participant name="Zy_" role="subscriptwriter" IPDN="Cb1zzzSgGlF" performance="conductor" grossFee="1040311044.06"
                     modifier="A" IPI="Bkb0VJKZwGn-sSxsTI9gzmwTk" birthDate="2020-03-25Z"/>
            </Participants>
        </Record>
        <Record title="boZlpePcFu4XkBRQePQ1Qz_pMpxcG" spins="1980681099" ISRC="PFY241U6U303" year="2529" producer="R2hKXWTx8tJBiEXX"
             label="T3QCaxa1e5" recordNo="ofEU..Aayz" serialNumber="vQd-CMsOsCjDtjorUap0P" isPremiere="1"
             usage="commercial" ISWC="ufCv2MtSIYU5miW4jXsZGk" AKA="Gv7P" genre="commercial" broadcastedFrom="2019-11-24T11:21:16Z"
             broadcastedTo="2018-08-14T11:21:16" runtime="424421260" origin="live stream" alternativeTitle="_8r6d5Z7ad3i-tCII"
             recordedFootage="123629909">
            <Participants>
                <Participant name="xG_mdQiCPf" role="composer" IPDN="i_T1qsI7qiL.ioVmOyHj" performance="chorus master" grossFee="2108740178.22"
                     modifier="C" IPI="CqdFA0Th" birthDate="2020-05-17Z"/>
                <Participant name="XM6UHU5a_HWa.w9oa" role="subscriptwriter" IPDN="T" performance="chorus master" grossFee="1543447502.40"
                     modifier="C" IPI="Ec.i4WZx40SLdOmw3h4WEpiut" birthDate="2018-08-29"/>
                <Participant name="Ew" role="performer" IPDN="H6mL2VoCPqtyXQhzpw85VmN41I3LrB" performance="chorus master" grossFee="154659517.68"
                     modifier="C" IPI="rEK8nOz8OAmiI3xypZIFAW" birthDate="2018-11-19"/>
                <Participant name="P0qMiwU" role="performer" IPDN="SY8VjSw.9D7HQ-fHy9jI" performance="main" grossFee="326260296.08"
                     modifier="B" IPI="q8KzSM.1aTWonU_kTNI9" birthDate="2019-04-17"/>
                <Participant name="WoGfdB" role="scriptwriter" IPDN="zR4pc3C.JRXtNKlisSOio6J" performance="supporting" grossFee="1110774924.45"
                     modifier="B" IPI="JIir" birthDate="2020-03-22"/>
                <Participant name="rI44-b8a-1" role="sound engineer" IPDN="dhKIE" performance="chorus master" grossFee="-919726092.60"
                     modifier="B" IPI="zX.mXLt24EXi.fDaa-mvh7u61C" birthDate="2019-01-06"/>
                <Participant name="NxDTPjl4U" role="arranger" IPDN="yYCbX4zTM.jAq" performance="soloist" grossFee="-1813277535.34"
                     modifier="B" IPI="XKoP9VbZls." birthDate="2019-04-04Z"/>
                <Participant name="QQ2yx1TpsdlvByKW" role="subscriptwriter" IPDN="L" performance="conductor" grossFee="457228443.60"
                     modifier="B" IPI="EZa5SsznJ27Rw6RvPBIPFmuk1Qx" birthDate="2019-03-05"/>
                <Participant name="a3_ZNBx4BX6uqo-h4HNvcu7gc.W" role="performer" IPDN="e2OMeVoq" performance="conductor" grossFee="229155942.03"
                     modifier="C" IPI="vA7wOoXSUZ" birthDate="2019-09-29Z"/>
                <Participant name="n" role="performer" IPDN="Qkjt-ZXD6ca_drCgWgfCxT7aS-" performance="supporting" grossFee="1113580934.33"
                     modifier="C" IPI="q" birthDate="2019-05-07Z"/>
            </Participants>
        </Record>
        <Record title="n_LEGw8ckmrtrjOtb5i4" spins="1375081039" ISRC="173DB09UKIO3" year="9439" producer="shCzyj4QX"
             label="qt5rej3VrVNFq9SK5" recordNo="PuayZyeiz1" serialNumber="SBWDnMgneyC" isPremiere="0"
             usage="commercial" ISWC="gDEtG0g6E19uETs" AKA="bb-BCyLk6G" genre="pop" broadcastedFrom="2019-05-28T11:21:16"
             broadcastedTo="2019-01-21T11:21:16" runtime="821380607" origin="free of charge" alternativeTitle="LScvKlmGrrmt_mdd3"
             recordedFootage="1083117553">
            <Participants>
                <Participant name="_FF80B3XZOVuUMAFTUlJlpGBDPDpwE" role="music director" IPDN="G6_FjGwsSi-6" performance="chorus master"
                     grossFee="1502225401.95" modifier="B" IPI="Lsc9jJTID" birthDate="2019-11-20"/>
                <Participant name="vJXNHSNYxjFr" role="subscriptwriter" IPDN="N0r" performance="conductor" grossFee="-1134909167.83"
                     modifier="B" IPI="V_1zRjD" birthDate="2019-03-31"/>
                <Participant name="bZ7pWORQS1jEAD" role="producer" IPDN="jDaZRD4R9" performance="conductor" grossFee="-519256866.57"
                     modifier="A" IPI="qr8Cra6Vf" birthDate="2019-11-17"/>
                <Participant name="pTRh" role="sound engineer" IPDN="SO6CJhOn452pMbtAMGGivca" performance="supporting" grossFee="800434183.06"
                     modifier="C" IPI="O06y2cfeK7o6inBi8pEqzYEH4W" birthDate="2020-03-05Z"/>
                <Participant name="SCLpM.PyIM1" role="producer" IPDN="KMc8p0TVvwsaX7G" performance="main" grossFee="-1360335374.12"
                     modifier="C" IPI="pXgJFKNQzn6NyvfH-yv-T." birthDate="2019-11-04Z"/>
                <Participant name="ys1liH2" role="composer" IPDN="OrIPTvKZJlL" performance="soloist" grossFee="-879572059.11" modifier="C"
                     IPI="Div7xVusHYnYTbSMt2ca" birthDate="2020-01-03Z"/>
                <Participant name="HJGou.rlgD4QF7uPOx-2" role="composer" IPDN="R18cSU" performance="chorus master" grossFee="1237134280.52"
                     modifier="C" IPI="mhIBJAOoPizN.H2OyOjFoLz8vB9T" birthDate="2020-02-06Z"/>
                <Participant name="W.RiuLnDupebiBOl9Ke" role="music director" IPDN="vi1" performance="supporting" grossFee="434367422.33"
                     modifier="B" IPI="aUQNU44" birthDate="2019-07-14"/>
                <Participant name="cyqi4pPpFHdUz" role="producer" IPDN="hrW" performance="chorus master" grossFee="682043999.06"
                     modifier="C" IPI="WwRL9qkPDymP0wg4lCySxlJ0S6V" birthDate="2018-08-04"/>
                <Participant name="xJ0" role="producer" IPDN="WE9YHvQc.8vG_" performance="supporting" grossFee="1283834081.16" modifier="B"
                     IPI="UL_OhoI" birthDate="2018-08-17Z"/>
            </Participants>
        </Record>
        <Record title="q_Fj6.XEKT." spins="1601016837" ISRC="034Z8Z9AX8HS" year="5007" producer="M84VjfG4Oeu6v0rF7sq.8twshRhOD"
             label="cifkFbQ2S" recordNo="pX3KKyiGB6B-PbHVFzUVgz" serialNumber="Jds33n" isPremiere="0"
             usage="commercial" ISWC="TgNFGBw3P3Toj-CX0hzQUdG1Q" AKA="XldqjVsoD51anupmZ" genre="pop"
             broadcastedFrom="2019-03-12T11:21:16" broadcastedTo="2020-01-19T11:21:16" runtime="1938120418"
             origin="free of charge" alternativeTitle="yLTfZ" recordedFootage="610440535">
            <Participants>
                <Participant name="t0VYRtIGBJcW.fW2_Xd" role="producer" IPDN="q99FGIJ_mIiqR" performance="chorus master" grossFee="-1286419598.42"
                     modifier="A" IPI="wwG34O0l9" birthDate="2019-07-26Z"/>
                <Participant name="MC.-" role="performer" IPDN="E5" performance="main" grossFee="659426976.96" modifier="A" IPI="UgQX"
                     birthDate="2019-09-14Z"/>
                <Participant name="HotGc3" role="scriptwriter" IPDN="Xi" performance="main" grossFee="1545933808.73" modifier="B"
                     IPI="_9qyLpisrRD08t-Sf" birthDate="2020-03-24"/>
                <Participant name="g" role="composer" IPDN="aWiCJlrr" performance="chorus master" grossFee="264086776.62" modifier="A"
                     IPI="h" birthDate="2018-11-20Z"/>
                <Participant name="AW6Dfk9g" role="subscriptwriter" IPDN="p1PBs0xj78Lf" performance="conductor" grossFee="-1468014545.69"
                     modifier="C" IPI="irHjr" birthDate="2020-06-13Z"/>
                <Participant name="W" role="scriptwriter" IPDN="pQdOIXZrh.d1yK" performance="conductor" grossFee="-1664896811.08"
                     modifier="C" IPI="flDl4hRrydYa4arwR9vaf" birthDate="2020-04-09"/>
                <Participant name="xwNxAziRAxbW0WF5" role="producer" IPDN="WwdqjpdrqrTTXRh31" performance="main" grossFee="-4025325.37"
                     modifier="C" IPI="WP5JKKR5dK8fpEp8volPciVV8yXg" birthDate="2019-11-23Z"/>
                <Participant name="QzHXToCFXqRCD_JJ" role="sound engineer" IPDN="RTC" performance="soloist" grossFee="1244216614.23"
                     modifier="C" IPI="zfMSt1BBYx_l" birthDate="2020-03-06"/>
                <Participant name="lv.EcgiTsPK0Ef0.zi.7zmN" role="arranger" IPDN="CizMciFPOXhqNk-cBPa9Uvtu" performance="soloist"
                     grossFee="1167667607.00" modifier="C" IPI="yyY" birthDate="2019-07-24Z"/>
                <Participant name="W" role="producer" IPDN="PLR2nFgB24bI3S" performance="main" grossFee="264193360.63" modifier="B"
                     IPI="s6.JR5vjI5Mm69aqcHj-i_G" birthDate="2019-03-22Z"/>
            </Participants>
        </Record>
        <Record title="NRA6OxFhJBKt4vlQnyh-fybnkllC" spins="1949062581" ISRC="PTAF9598RZHF" year="0613" producer="elf8eGiXg.iCchKLx"
             label="uNNyVDlatby" recordNo="J48yO-8" serialNumber="uJJPUa.ivo-k-" isPremiere="true" usage="jingle"
             ISWC="oWfA4JA9vw_hhiX0K.uMbHxRyY" AKA="cP.2m2zp9tb-L58-D" genre="jingle" broadcastedFrom="2019-05-24T11:21:16Z"
             broadcastedTo="2019-12-14T11:21:16" runtime="1518427987" origin="free usage" alternativeTitle="QAx.f1."
             recordedFootage="1916136180">
            <Participants>
                <Participant name="PqgyPhk7of7ZOiU5Ds" role="performer" IPDN="eKAHK-hA.u9.t9DC7k_954" performance="soloist" grossFee="-837960366.59"
                     modifier="B" IPI="FqSpA" birthDate="2020-06-06"/>
                <Participant name="c4MtEuciRpl4" role="sound engineer" IPDN="XfcB970td" performance="chorus master" grossFee="-1300288674.95"
                     modifier="C" IPI="hA03HAwGnGjz5k2vkeVtFrE" birthDate="2019-10-18"/>
                <Participant name="SpeH2r6OWlGufTyI0Wgf.yZAjM5" role="subscriptwriter" IPDN="Xng2dvX.plc19caV445-G4bzQaocu" performance="main"
                     grossFee="1269858748.74" modifier="A" IPI="Q0PQk_EZmFZ" birthDate="2018-12-07Z"/>
                <Participant name="e3dhpcCB5Zd" role="remixer" IPDN="kXj3ABII4JmcwKzYZobCS9x" performance="conductor" grossFee="-1639011864.83"
                     modifier="C" IPI="seuK2" birthDate="2019-09-10"/>
                <Participant name="xO4CdMugQxdW.FgMFLI0" role="composer" IPDN="mQ.EMzopDPL.8VI_BiCQea.5shk8" performance="supporting"
                     grossFee="-708137436.17" modifier="B" IPI="mrHS6QjTav59nGhVO6aX.KW" birthDate="2019-12-18Z"/>
                <Participant name="hN.8M-eENEF0jS" role="producer" IPDN="NaH71fU" performance="soloist" grossFee="-889476020.77"
                     modifier="B" IPI="vK" birthDate="2019-09-23Z"/>
                <Participant name="eBQfpufXLu72" role="composer" IPDN="OHW" performance="supporting" grossFee="1064397884.22" modifier="C"
                     IPI="u-Xjmll" birthDate="2020-01-22Z"/>
                <Participant name="ZlMLFbGcZmpGWn8u-Jrv.UMoEHRe0" role="music director" IPDN="T_K" performance="supporting" grossFee="-677234385.98"
                     modifier="B" IPI="u3bXARjmYkks-b.X9cJw" birthDate="2020-03-14Z"/>
                <Participant name="QIL" role="music director" IPDN="W5t4SB6MEK_jHZJ5QE9w-9in" performance="chorus master" grossFee="-505657090.76"
                     modifier="C" IPI="i5jULAGI-XcppGOmHwY" birthDate="2019-02-23"/>
                <Participant name="pLBpNQ1" role="producer" IPDN="Lgt.su7pIxFie4.dffh-5ZYAFaiWZ" performance="supporting" grossFee="-1705392735.65"
                     modifier="A" IPI="KPOd135_a7" birthDate="2020-04-07"/>
            </Participants>
        </Record>
    </Record>
    <Record title="EzfHMGL2E2T8z" spins="387548048" ISRC="LO43OFL6MJ70" year="8449" producer="jRKxzRt7" label="C"
         recordNo="gY-4533AMqnnA.5BiRqQ0p4" serialNumber="kSC7F65a8Q4UM45REDdW.8" isPremiere="true" usage="jingle"
         ISWC="dE7SrQwATHt" AKA="vfE6QKAmNvWA6" genre="commercial" broadcastedFrom="2019-03-06T11:21:16"
         broadcastedTo="2019-08-24T11:21:16Z" runtime="1592882033" origin="self" alternativeTitle="Gbe"
         recordedFootage="957048102">
        <Participants>
            <Participant name="C7nYb4" role="composer" IPDN="s00t.wO6u8u3bWAy06v_imn" performance="soloist" grossFee="-592315575.01"
                 modifier="A" IPI="e4-W.6LrN7WDP8mP7tcu0_zmHO" birthDate="2019-12-04"/>
            <Participant name="jU6Z" role="scriptwriter" IPDN="nZy_QwoTtb6Dc9lAKq7Yer8" performance="chorus master" grossFee="1623471907.72"
                 modifier="A" IPI="QAJJX6Le3OY-" birthDate="2020-03-20"/>
            <Participant name="BUcNs8RDfJyGJO.a6z3.W" role="producer" IPDN="oUcsuRHJ3zaHsEPWaJEa" performance="soloist" grossFee="1756400184.69"
                 modifier="B" IPI="kgXmi1t0-vHdhXsD1wR" birthDate="2020-04-27Z"/>
            <Participant name="FT" role="sound engineer" IPDN="hhx7qysxd5Q-6-_fV2lH9eT" performance="chorus master" grossFee="278848583.00"
                 modifier="A" IPI="CVz" birthDate="2020-01-14Z"/>
            <Participant name="xeZssgKmZpuBq5Z52p8ME9Y" role="performer" IPDN="BgM2UyB" performance="chorus master" grossFee="-449713412.34"
                 modifier="A" IPI="yIU7" birthDate="2019-10-20"/>
            <Participant name="XKwTISz8PyRssXZcvAR6UXlrLx2v7q" role="performer" IPDN="SzKn4T97ZaEwn" performance="supporting"
                 grossFee="-1397115415.58" modifier="C" IPI="MgRAaKxs9Jl7op.TjzxuqJ" birthDate="2019-12-06Z"/>
            <Participant name="QJlDgTcM" role="composer" IPDN="XzKW4BE1sg9KKK3FEenvKlqVwEL" performance="supporting" grossFee="-1332730881.42"
                 modifier="A" IPI="rGWEeNBeqU" birthDate="2019-03-27"/>
            <Participant name="aT01wPaaoVyUPux" role="scriptwriter" IPDN="PYKdgh-007d5-nmBm1x-YosGg" performance="conductor"
                 grossFee="1921301801.62" modifier="B" IPI="PoqaNOcB3bLIu6c67Ziov" birthDate="2019-04-02"/>
            <Participant name="Q9DeYv2VhiJ" role="producer" IPDN="m" performance="soloist" grossFee="-1818089679.52" modifier="C"
                 IPI="xZKr-A7gp4.42GITxTClqDUVPij" birthDate="2019-05-22Z"/>
            <Participant name="o" role="sound engineer" IPDN="D-G0Uke" performance="conductor" grossFee="1326067548.55" modifier="A"
                 IPI="aOHZ1AQGF7" birthDate="2018-10-15Z"/>
        </Participants>
        <Record title="zP5_xzGKRNUCaUo" spins="1147883997" ISRC="VIK3GV716079" year="6990" producer="BrZ3V1eggJL" label="eR19kHOXn3OAFSPY7jjb2WHPwcRn"
             recordNo="f" serialNumber="aEE8g" isPremiere="1" usage="jingle" ISWC="dFmS79CdH9Jtl1s0"
             AKA="YoZJa1YJN" genre="spoken word" broadcastedFrom="2020-03-04T11:21:16" broadcastedTo="2019-09-18T11:21:16"
             runtime="34333146" origin="live broadcasting" alternativeTitle="L4-9MV" recordedFootage="762053241">
            <Participants>
                <Participant name="DwtnN" role="remixer" IPDN="g_MgjoW4hizDMNeJo4mVUtkW_eYjhv" performance="conductor" grossFee="-1330819748.06"
                     modifier="A" IPI="PvNsyEdLqDVJdyKgnAq4rMI" birthDate="2020-03-23Z"/>
                <Participant name="uSaO6X" role="performer" IPDN="Q0C_wKoi" performance="supporting" grossFee="1189045576.87" modifier="C"
                     IPI="ZxGPe4jwsJnRFlZh06vM" birthDate="2019-02-06"/>
                <Participant name="qX1oTsbdmU98D6u2uJ.SeOX_" role="arranger" IPDN="GDX9xziQw39E88nK9WxSC" performance="soloist" grossFee="-1731122781.37"
                     modifier="A" IPI="R5dI.dYzXxFqL" birthDate="2019-05-03"/>
                <Participant name="DY_TULBuvqn5yc" role="arranger" IPDN="e4av0hasnhvyAttL2TL_OTDZdmgA2" performance="soloist" grossFee="-1177371620.88"
                     modifier="B" IPI="kCNA9zpyU4l-.OZ8yKjFKFSj" birthDate="2018-11-17"/>
                <Participant name="Rr4lZ7Lf" role="composer" IPDN="I823EEb" performance="conductor" grossFee="-1964276132.00" modifier="A"
                     IPI="viSv5giQ7o" birthDate="2020-04-22"/>
                <Participant name="_hKDaR" role="subscriptwriter" IPDN="XG61P27foA" performance="soloist" grossFee="965929057.72"
                     modifier="C" IPI="QoBnRksrBr_BS4Qg5-n.ZVM7QuGEwE" birthDate="2018-10-10Z"/>
                <Participant name="rd3LBScNomrZj32wm6Yzaxq" role="scriptwriter" IPDN="efzyoqMLqlkJ.a9B" performance="soloist" grossFee="-1384443898.10"
                     modifier="A" IPI="Buo3jpFrBLr6tqK47q8" birthDate="2020-06-24"/>
                <Participant name="xh" role="scriptwriter" IPDN="mWtTA0Sk2QkhR0eJ" performance="conductor" grossFee="2021572919.90"
                     modifier="A" IPI="Yr-qD-hGV6MuwC" birthDate="2019-11-29"/>
                <Participant name="XmHW.cOc" role="scriptwriter" IPDN="HYAYT3EehUv2" performance="soloist" grossFee="-952950967.93"
                     modifier="A" IPI="Rt" birthDate="2018-09-14"/>
                <Participant name="yf.r_X_fQdzk" role="sound engineer" IPDN="d6BdUa" performance="supporting" grossFee="-1760340477.95"
                     modifier="A" IPI="B2" birthDate="2019-07-17"/>
            </Participants>
        </Record>
        <Record title="BaDudVJ.q" spins="404681255" ISRC="8624N334T78L" year="4425" producer="SjDia5hrPgK1" label="pt2a8"
             recordNo="Qv-POqUyT" serialNumber="ag4ZbjYBBvP3Ed8q1QnX" isPremiere="true" usage="commercial"
             ISWC="empddYX1Ki9wvy" AKA="lWOhMUMuWqwnoMSnsR26q6VltM" genre="pop" broadcastedFrom="2019-03-10T11:21:16"
             broadcastedTo="2018-09-26T11:21:16Z" runtime="934591703" origin="free usage" alternativeTitle="NW1ygX-s1Q88"
             recordedFootage="192152174">
            <Participants>
                <Participant name="u36cmT5b63xAIJl_y6Ka" role="music director" IPDN="U3B" performance="soloist" grossFee="-471410861.59"
                     modifier="B" IPI="BCdxnQUw" birthDate="2020-01-09"/>
                <Participant name="dCnRsXY32Tehb22NcTOJ" role="sound engineer" IPDN="JAvHzNkjpSy1l2X" performance="conductor" grossFee="-967803137.18"
                     modifier="B" IPI="Ge9dQqdtvY5QR." birthDate="2020-03-25Z"/>
                <Participant name="gg-ZgbktBv" role="sound engineer" IPDN="ZVQNM7.pf" performance="chorus master" grossFee="-1561104632.32"
                     modifier="C" IPI="_Ephj6_Sdy.d-2PToVQPo3Q9uv" birthDate="2019-03-31Z"/>
                <Participant name="W" role="composer" IPDN="Q-1gQge4YLXHYfUpZ" performance="conductor" grossFee="-1738910158.01"
                     modifier="B" IPI="PHZr47M" birthDate="2019-03-21"/>
                <Participant name="dWqestCEWnm1" role="remixer" IPDN="kUbMM4886fVQeT" performance="chorus master" grossFee="-1537223968.73"
                     modifier="C" IPI="oi4kSPWwI7Tm" birthDate="2019-12-17Z"/>
                <Participant name="aVtlZRhTDKn03acSXMXhkgD" role="music director" IPDN="Sd_XY2y6Ve8NT-Er" performance="supporting"
                     grossFee="1925536091.34" modifier="B" IPI="_NgUr4LZ0udxCyTLzz.OGht2" birthDate="2020-03-09"/>
                <Participant name="aWrxROya.Qvfr5PQ.eUOzpdAI69LEn" role="performer" IPDN="NYMdYX15YTT" performance="main" grossFee="918540776.31"
                     modifier="B" IPI="lQCE7YYMC1LCWOnafuhOVLvAMJAKv" birthDate="2019-07-17Z"/>
                <Participant name="ggxf0" role="music director" IPDN="YAHZ_Ng0" performance="supporting" grossFee="-1974204925.42"
                     modifier="B" IPI="Tryy" birthDate="2019-12-21Z"/>
                <Participant name="xigbRF05LhYb3TjtKZoabYKKTfulYY" role="music director" IPDN="QZRmIbnNJxDQmAvJW9qeUpx1" performance="soloist"
                     grossFee="2105874124.81" modifier="C" IPI="PA6oLWmg4oi" birthDate="2019-03-11Z"/>
                <Participant name="o90SzWLF9WU.k8" role="performer" IPDN="IAyyC8msuKwGzeGcxiLNB2W" performance="conductor" grossFee="477744563.52"
                     modifier="C" IPI="NBJ3CPbVNDDlJc" birthDate="2019-06-14Z"/>
            </Participants>
        </Record>
        <Record title="bL1" spins="1582084666" ISRC="KGZ22T619PXI" year="6712" producer="y9lG" label="q" recordNo="EN"
             serialNumber="h6gNuGYnNLFruj6a_g6ANF" isPremiere="true" usage="broadcast" ISWC="qFy500-9JiC"
             AKA="HLbWQkJzwEykqGsG6bKLCcGSgL" genre="pop" broadcastedFrom="2019-01-08T11:21:16Z" broadcastedTo="2018-08-26T11:21:16"
             runtime="1499462145" origin="recorded stream" alternativeTitle="F-ZuWupMc4XsttQ" recordedFootage="294056381">
            <Participants>
                <Participant name="EAJx" role="producer" IPDN="Up_nO4yryjUpvF3bnFL4AO" performance="chorus master" grossFee="704740696.75"
                     modifier="B" IPI="qkm5s__.T-x4tZa71IL3RF7" birthDate="2019-02-19Z"/>
                <Participant name="GHEkmUcY3EQJ2" role="remixer" IPDN="D7h2y" performance="conductor" grossFee="-571400027.30" modifier="A"
                     IPI="r9T2L8X3vVczSGbi1SIaWh_3" birthDate="2019-04-18Z"/>
                <Participant name="Qn5aKxkzZH8eCIf0y4bUZD" role="producer" IPDN="AV3oGHdu" performance="supporting" grossFee="-2015471303.52"
                     modifier="A" IPI="ur9nnZtw" birthDate="2019-12-26"/>
                <Participant name="BWffBePBc1sfvcw5UKoT1hq" role="subscriptwriter" IPDN="hn3hGApDwY3_.pDzKY63yBQVXPQ6" performance="main"
                     grossFee="1864303939.31" modifier="A" IPI="at3JWc2a2ZXWw4LU2Z" birthDate="2018-09-20"/>
                <Participant name="rA" role="remixer" IPDN="u32NPf" performance="supporting" grossFee="-2097070484.01" modifier="C"
                     IPI="P" birthDate="2019-03-24Z"/>
                <Participant name="Huu8JO1kxhq25aEsTVE" role="scriptwriter" IPDN="utSjzrkgBXJiQE0xq3d9ne7jsFgX" performance="chorus master"
                     grossFee="1669336578.02" modifier="B" IPI="pCYkL.mJFxQ-9hsr" birthDate="2018-09-18"/>
                <Participant name="JWJAL9r8M0HKU.RvN3-V" role="producer" IPDN="oRsGobI4hq4lFBj" performance="supporting" grossFee="137493863.94"
                     modifier="A" IPI="Ifz6HEz3oSyAv" birthDate="2019-04-24Z"/>
                <Participant name="Wk3IuK7svj6bREaTaW0PPzh0Dm" role="subscriptwriter" IPDN="r8cqxZ6Pd3Asyc" performance="chorus master"
                     grossFee="-966053251.70" modifier="C" IPI="zz" birthDate="2018-12-03"/>
                <Participant name="xan_6N_rg_" role="composer" IPDN="VRGp1CX" performance="supporting" grossFee="-734863558.35" modifier="A"
                     IPI="wE2gt-vf.y_Q._agrKHaDT9" birthDate="2019-05-11"/>
                <Participant name="vqQQq8iEZ8iEFZMr_U8KP" role="producer" IPDN="deu.SliJaT1p2XZqp3ag2Y" performance="conductor" grossFee="-1164676049.20"
                     modifier="C" IPI="f" birthDate="2018-09-06Z"/>
            </Participants>
        </Record>
        <Record title="jw5z229rWq6" spins="1940661470" ISRC="02ZJPBZB7409" year="1502" producer="f7eAq" label="vhP3ruYuiTi6y81odK99MP0aa8bU"
             recordNo="_yHIFgP7ynFbrdwPpXpAMMmfDpG" serialNumber="qAH55gJ7dpo-VCkM" isPremiere="0" usage="broadcast"
             ISWC="pjkd-" AKA="fq6sFSXxa2.4U4I1EdK0p" genre="pop" broadcastedFrom="2019-02-22T11:21:16Z"
             broadcastedTo="2019-03-24T11:21:16Z" runtime="719611089" origin="free usage" alternativeTitle="eiWq_dckfvA6vmCrJU7bIU_"
             recordedFootage="1437119926">
            <Participants>
                <Participant name="LexaeD.0.rmMIMijns" role="sound engineer" IPDN="SW816" performance="conductor" grossFee="922171055.17"
                     modifier="A" IPI="zrkM8zy4B3cdK" birthDate="2018-09-08Z"/>
                <Participant name="u.wWvJ4m-X4" role="performer" IPDN="s-1B_Y3HC8jEyz-nvlSA" performance="soloist" grossFee="2087121750.87"
                     modifier="A" IPI="C2pZDpWynA0P2CKx" birthDate="2018-12-02Z"/>
                <Participant name="m.6r3eMHtgG1nNa8js." role="sound engineer" IPDN="Va6HPFk" performance="main" grossFee="-1043795253.62"
                     modifier="A" IPI="uq.8msXZvaG21gfo3Zaf85qukvG" birthDate="2019-12-09Z"/>
                <Participant name="RxXDdah" role="producer" IPDN="r_fb3_A8O7LEBuz-Ljs1lH9" performance="chorus master" grossFee="901396820.43"
                     modifier="B" IPI="p_VLkh" birthDate="2019-07-10"/>
                <Participant name="APZ" role="sound engineer" IPDN="pBNsT_s4F" performance="supporting" grossFee="-701261293.76"
                     modifier="B" IPI="xNw5" birthDate="2019-01-04Z"/>
                <Participant name="iSqtc8UTBigxd0hzU" role="producer" IPDN="y6XBiH-fOgLrGn4mgx2-42ymU" performance="soloist" grossFee="-1239539854.18"
                     modifier="C" IPI="EYsaplM0KzT8aE9u9X" birthDate="2020-04-18"/>
                <Participant name="qS3f0AGSp66BFZ" role="sound engineer" IPDN="p0Yoa4EwEWmsK.x" performance="main" grossFee="1288472416.85"
                     modifier="C" IPI="sp-ckw3pBr5dv0eb.P5NVu-aK-ttA" birthDate="2020-02-18Z"/>
                <Participant name="iMejwVQitp1Afrh" role="scriptwriter" IPDN="QSEYz" performance="chorus master" grossFee="468154568.28"
                     modifier="B" IPI="ypTZHM" birthDate="2019-07-17"/>
                <Participant name="oAJbgTkZNfOrPXYk8j" role="composer" IPDN="PVIAD" performance="soloist" grossFee="-474961349.30"
                     modifier="A" IPI="hvWJ51xNF6OONCDe_.Mn0DE1wBTCF" birthDate="2019-01-12"/>
                <Participant name="y7ZVuQlszTakAYvrMSz" role="composer" IPDN="juChxauAxxN" performance="main" grossFee="2071123056.62"
                     modifier="C" IPI="H_SfH9ic55EQTXSr7x8FE0j" birthDate="2018-07-20Z"/>
            </Participants>
        </Record>
        <Record title="MFTdk.xGYF" spins="971367006" ISRC="D09A0TG4328S" year="1371" producer="VNRz3v5cC-I-P6OJ" label="B74pt8KKwj.0l8zuLkwdJt0Mm"
             recordNo="p5HTOgS3E3vTaL5InI" serialNumber="h2JZ8X4kEWBC8NAkKTX6QgnsnI2o8P" isPremiere="true"
             usage="jingle" ISWC="tsWFpTV_4nwdrpL" AKA="_JM5Xkj5PC_UkEnf" genre="classical" broadcastedFrom="2019-10-05T11:21:16"
             broadcastedTo="2020-04-11T11:21:16Z" runtime="160786064" origin="live broadcasting" alternativeTitle="Y3nEUbFLd8zDv1rjgqMQ2J6"
             recordedFootage="1897381422">
            <Participants>
                <Participant name="Px-gsek4D" role="composer" IPDN="FEXY8mopdGgJKrYZ_" performance="conductor" grossFee="-1544565482.99"
                     modifier="B" IPI="mx9HFB" birthDate="2020-02-18"/>
                <Participant name="IPwKqG9IVR7Q28llg7" role="scriptwriter" IPDN="Px5Ni7K.ARalTql_" performance="main" grossFee="1120886557.60"
                     modifier="A" IPI="xEdL4.-C" birthDate="2019-04-23"/>
                <Participant name="sROZGrd" role="composer" IPDN="f1T.q1Zx1Uz8t" performance="main" grossFee="-1621498813.66" modifier="B"
                     IPI="Qjvj33mPTeA" birthDate="2019-12-14"/>
                <Participant name="YEzkEyikOC-xdYiGzl9crFSHKbw" role="remixer" IPDN="V-yd1odI5iw9UuN" performance="conductor" grossFee="-920239176.24"
                     modifier="C" IPI="MYc" birthDate="2019-05-15"/>
                <Participant name="jxAgAAPf4DX-c_4O" role="sound engineer" IPDN="hnX" performance="conductor" grossFee="-820127253.58"
                     modifier="B" IPI="c2uXL6cTQuv" birthDate="2020-04-03Z"/>
                <Participant name="oVK" role="performer" IPDN="p4EM9q" performance="supporting" grossFee="-1970211824.80" modifier="C"
                     IPI="rT8LnNJRCj7" birthDate="2018-11-25Z"/>
                <Participant name="TeFxg3yHnZefJumvd" role="music director" IPDN="lS4" performance="main" grossFee="-1327415314.07"
                     modifier="A" IPI="ly2vVS.FWBLEVNZ15yAjC" birthDate="2020-04-25"/>
                <Participant name="SwqcR4dVVdCdwgAd" role="subscriptwriter" IPDN="mRO708b1Qxlvwa6FNN3" performance="soloist" grossFee="410156666.45"
                     modifier="B" IPI="I8dPw8S" birthDate="2019-11-05"/>
                <Participant name="GZMBigvWX5jp0EqXF2J62t6HnvGZV" role="scriptwriter" IPDN="ViYvXlzEUhjt" performance="supporting"
                     grossFee="912411098.19" modifier="A" IPI="i.1b.xK." birthDate="2018-11-26Z"/>
                <Participant name="O158QTJEFrb-WMWhWM" role="remixer" IPDN="APFkAl" performance="main" grossFee="-1339487636.82"
                     modifier="C" IPI="LC-kPR.47eRl3L_43QeYYvy5a9J3y" birthDate="2019-09-23"/>
            </Participants>
        </Record>
        <Record title="StdQ-zDXypC_GFgZmfDHm" spins="1920426208" ISRC="01301691SI3M" year="9275" producer="q6NvOyjij7KM.2eDJGiyVOIDbkBUQ"
             label="UFI5P6" recordNo="FFwVLQK105i9fsAC2Gc2n" serialNumber="aUST3bys9orT4" isPremiere="true"
             usage="commercial" ISWC="MdLjDgPAd8U0Sc1WFZ6EfD" AKA="SwGggrJ6lvlrl-eA.cxDX" genre="pop"
             broadcastedFrom="2018-11-05T11:21:16" broadcastedTo="2019-11-01T11:21:16" runtime="1355434931"
             origin="report" alternativeTitle="tRFb_LoZ3FAbheL7Or9" recordedFootage="257593578">
            <Participants>
                <Participant name="iKlY0MY" role="producer" IPDN="w4DTVCuKXt" performance="chorus master" grossFee="1682280514.36"
                     modifier="C" IPI="YvjdHreSEEKG3Rw9Wz4tcWGMM" birthDate="2019-03-07"/>
                <Participant name="Ct2flPyp9tTNRl.I" role="remixer" IPDN="tSHflSuL0eP-" performance="soloist" grossFee="-1216344131.47"
                     modifier="B" IPI="fnVDAkZScviyPaVqeKMSGOq6uV" birthDate="2018-12-21Z"/>
                <Participant name="L" role="composer" IPDN="IbrXbnbNhj47JmpIHluf5QIN6xo8gO" performance="soloist" grossFee="1592402170.15"
                     modifier="B" IPI="Ny1ZhnKmFgSnExwmD_NqeN77." birthDate="2020-04-20Z"/>
                <Participant name="RhDywD" role="remixer" IPDN="Pn01hKau" performance="conductor" grossFee="-478620683.70" modifier="A"
                     IPI="dth2AboRZcjTCrE4PI_-Act" birthDate="2019-05-23Z"/>
                <Participant name="Anxh5U.KUMHrENv9IHoMl" role="arranger" IPDN="LHIgCq0yBHgi2SwFfK" performance="soloist" grossFee="207836319.65"
                     modifier="A" IPI="mVgRr2w77S-zpwse4DhIu98HlWJ" birthDate="2019-11-04"/>
                <Participant name="CwsXo2sH" role="remixer" IPDN="MqbYTyyo03Nc" performance="supporting" grossFee="-130612658.80"
                     modifier="A" IPI="xzXxPdfWCs6RNWrK3Hp" birthDate="2019-01-29"/>
                <Participant name="BfiZu3I4QE" role="scriptwriter" IPDN="J0T3Yymk" performance="supporting" grossFee="218804483.15"
                     modifier="C" IPI="qYinlK9HQcG6bk_yqnH" birthDate="2020-01-12"/>
                <Participant name="vuLQMRMVujukYDdOuuz3AzQY8" role="producer" IPDN="Ux.fCnJ2BPO3E0qc.-BtO" performance="soloist"
                     grossFee="1948786486.82" modifier="A" IPI="EN-ag6TvVXSnZ-xKN9.f" birthDate="2018-10-08"/>
                <Participant name="Sky-E2TXduFHwq5SgQenr.Fjvl" role="arranger" IPDN="rI0XkCO673mnAJUfWrNzE" performance="supporting"
                     grossFee="1670606147.91" modifier="B" IPI="qicbArE9oXEAz238eDnF6zC9tu" birthDate="2018-09-25"/>
                <Participant name="RHui5kU4evSUBgxg40o7Vimedk0KYm" role="producer" IPDN="N140QZmFzAE.YMHW8Ej" performance="main"
                     grossFee="-687663364.38" modifier="C" IPI="pa9EqCl3ZeRR" birthDate="2020-05-26Z"/>
            </Participants>
        </Record>
        <Record title="SGxgidOM9M" spins="1392263230" ISRC="0784PSR5UTY7" year="1890" producer="UGP.O5" label="EV2s6_xZ1tPvnB.raAacsz9"
             recordNo="BmKoOZhhAn9bqmG3Rp.m" serialNumber="xB-m.Oie-RdUr" isPremiere="true" usage="commercial"
             ISWC="lC55LA677kwdUCLAJZwhVMMcbo" AKA="ppzbCBcqCVAraxV2mIXRljRc" genre="commercial" broadcastedFrom="2018-11-13T11:21:16Z"
             broadcastedTo="2019-11-06T11:21:16Z" runtime="1786470785" origin="self" alternativeTitle="Xo.5ERwGNQmiQ"
             recordedFootage="1377460592">
            <Participants>
                <Participant name="qWCC1OaCNEERaSrv37JTIv" role="producer" IPDN="K_e4z" performance="chorus master" grossFee="-1367753985.50"
                     modifier="C" IPI="kKCQKH" birthDate="2019-04-14"/>
                <Participant name="nFPftuDKP-x" role="performer" IPDN="xQ4BhN_AFegizab" performance="supporting" grossFee="-164285869.60"
                     modifier="B" IPI="f4GcVL-BPmIjzl" birthDate="2020-03-29Z"/>
                <Participant name="g35FQFgQCxivYQ5.EO_" role="scriptwriter" IPDN="PJ-haFzQ7Zls" performance="conductor" grossFee="1677530860.90"
                     modifier="C" IPI="jTwhoFJScWuOE4" birthDate="2019-04-13"/>
                <Participant name="IF7y2XRe0" role="producer" IPDN="C" performance="soloist" grossFee="-1406720793.54" modifier="A"
                     IPI="Dfw7vuuZXjt39cWHD" birthDate="2019-12-10Z"/>
                <Participant name="e28NUzc5LRGE3hDhBH" role="scriptwriter" IPDN="hXGDuJl23" performance="supporting" grossFee="-1672039834.09"
                     modifier="B" IPI="JjMpBqDBxXDEZC" birthDate="2019-11-09Z"/>
                <Participant name="fj8SWlCgVQ5eQQGvN" role="producer" IPDN="X.2oIrLQ3PsbzlcPR1V" performance="soloist" grossFee="1937850175.02"
                     modifier="C" IPI="KV1N-.wFa1d" birthDate="2020-06-16"/>
                <Participant name="AlivKtzL_3IT6" role="remixer" IPDN="c" performance="main" grossFee="-320454184.78" modifier="A"
                     IPI="C6V" birthDate="2020-03-30Z"/>
                <Participant name="RGmOsrYhUoCesEn9MLv4fi" role="remixer" IPDN="kudYWj9JEr-CRvqakU" performance="conductor" grossFee="328665560.71"
                     modifier="B" IPI="iQHUssglzdIxJrFt1LYxcQfv" birthDate="2020-02-06Z"/>
                <Participant name="wkJN2" role="performer" IPDN="fQqi.SVYcp9uxZw69yVHgk0w85-QFa" performance="conductor" grossFee="117170070.97"
                     modifier="A" IPI="gZfTL04ZcpwHOkT" birthDate="2019-09-28"/>
                <Participant name="TJxL" role="music director" IPDN="U1G13O-ij3" performance="chorus master" grossFee="-998116742.73"
                     modifier="A" IPI="F2CEsDkbCUz9PYj5VmrqwzJivb" birthDate="2020-04-28Z"/>
            </Participants>
        </Record>
        <Record title="PgWpSZm1dURUQU3hEGTcNk" spins="536406675" ISRC="62W89N1ZN0O2" year="1132" producer="FZosMn6zK_P"
             label="gcOeDjRFwn9Z-Ul1" recordNo="oKX0kEcgCLId5TZ6lazFy" serialNumber="yD-_wdaAccHKeoG_oz7E"
             isPremiere="false" usage="commercial" ISWC="u" AKA="JzVL4_LYI" genre="spoken word" broadcastedFrom="2019-12-03T11:21:16"
             broadcastedTo="2020-01-18T11:21:16Z" runtime="1095787560" origin="live stream" alternativeTitle="wSK_h54A_SbW7gvDg7"
             recordedFootage="1709180429">
            <Participants>
                <Participant name="z..lomIiFL0" role="subscriptwriter" IPDN="h1tbv3y4xqW93iolsyVEEub" performance="supporting" grossFee="-1113643213.73"
                     modifier="C" IPI="fFy-4ooAZ7q" birthDate="2019-07-03"/>
                <Participant name="qFFlL19BEA" role="subscriptwriter" IPDN="I3E.Cw-r8y0Z" performance="supporting" grossFee="201627073.16"
                     modifier="B" IPI="CR3-BhBmpWYb.-y-vAE09EvI" birthDate="2019-04-01Z"/>
                <Participant name="jtDFtC2yHF3QH1Z" role="arranger" IPDN="idr_tkHP5avw-ontRf" performance="main" grossFee="-129733871.24"
                     modifier="A" IPI="Ckm" birthDate="2020-06-25"/>
                <Participant name="V0e3Wp" role="scriptwriter" IPDN="BHc8wRMZQdoR" performance="main" grossFee="427337632.08" modifier="A"
                     IPI="wJUlyIRh.XORkwMZJfJpuLIz" birthDate="2018-10-29"/>
                <Participant name="RoNHvdbc13BBvfmMgj" role="producer" IPDN="E" performance="soloist" grossFee="-984596734.51" modifier="B"
                     IPI="rzDra.eUUyRXUi03xou" birthDate="2019-01-17Z"/>
                <Participant name="tZG5t5bdJr" role="remixer" IPDN="k_85vjdBsoRuQIQ8" performance="main" grossFee="-84436749.53"
                     modifier="C" IPI="Vj9YlNObxuAp4_v.eB3hwgo8Y4M37L" birthDate="2019-04-03"/>
                <Participant name="LVWEgYb-EQSexIfzW6q3IGQXuk4eK6" role="remixer" IPDN="xfJMqegUDI0akb.4tisZkUVGGNWO" performance="soloist"
                     grossFee="1216521173.18" modifier="C" IPI="hrOAP.RTEim5l8Smre9rw" birthDate="2018-10-18Z"/>
                <Participant name="moc0GfyG9k.2OWKOxSblGY" role="subscriptwriter" IPDN="uXdwQ5x5zhsR" performance="supporting" grossFee="-994262590.22"
                     modifier="A" IPI="o" birthDate="2018-10-15"/>
                <Participant name="Qtfl-uoWmgfF1j" role="arranger" IPDN="Vb" performance="supporting" grossFee="-1059892012.99" modifier="A"
                     IPI="IcA98lmA-me-TukB3rimg" birthDate="2019-01-27Z"/>
                <Participant name="am-nuPzGV-U7A3De" role="performer" IPDN="E" performance="conductor" grossFee="-1826495560.42"
                     modifier="C" IPI="mGqNmgN1sCT5Qv6feZ" birthDate="2020-03-05"/>
            </Participants>
        </Record>
        <Record title="xnwUFTJDKLCx8s.8WyM" spins="2077456562" ISRC="NHXAMW90Q772" year="3747" producer="iGi9cfW8PdBFKL"
             label="EuYKtwh6Gq6jWO" recordNo="n9cdo5mVdXc834h_R2bLWTrNE" serialNumber="Y5DNJfyP1dC.F"
             isPremiere="1" usage="commercial" ISWC="phx0WsBR4-mYfuKU" AKA="MOTEYm" genre="composed"
             broadcastedFrom="2019-06-25T11:21:16Z" broadcastedTo="2020-06-07T11:21:16Z" runtime="569384700"
             origin="free of charge" alternativeTitle="xC6ejRLUPoOJXh" recordedFootage="139090600">
            <Participants>
                <Participant name="CrOr8lQds_BUvRs1SJD1bd" role="music director" IPDN="es9IICmz5XFGMr32S" performance="supporting"
                     grossFee="-1969101278.36" modifier="C" IPI="Syr1m5pKcm8" birthDate="2020-03-27Z"/>
                <Participant name="Ro26GG6" role="music director" IPDN="dFLT4ko" performance="main" grossFee="1654432976.28" modifier="B"
                     IPI="A6UyO5tK9Xnf0SMqUMQKYWU6" birthDate="2019-05-19Z"/>
                <Participant name="kZyH_vGYE4VPod4cnmJShERFSm36" role="performer" IPDN="d1bE2wxnD.shH3kuVvVDz" performance="chorus master"
                     grossFee="1890798934.68" modifier="B" IPI="b5.V" birthDate="2019-03-17Z"/>
                <Participant name="Ur8B04sN" role="performer" IPDN="bJ1y3ZGCBaww1djUa5HJM" performance="chorus master" grossFee="-1446656831.61"
                     modifier="C" IPI="fUvqa0KPJYgZ7HOER-" birthDate="2020-04-20Z"/>
                <Participant name="ki.kYPF" role="composer" IPDN="_YqBw-g1UhDSbV14OaW.7pfe" performance="main" grossFee="-570770244.94"
                     modifier="C" IPI="cwtFrp_QHeHaPuEMasDLAKjk" birthDate="2018-12-26"/>
                <Participant name="Iwn" role="sound engineer" IPDN="xw27SyJWkI_988IRF2i8UD.EWMTQ" performance="conductor" grossFee="865781577.51"
                     modifier="A" IPI="WduJ1iKjcI6NTR" birthDate="2020-06-29Z"/>
                <Participant name="BFRkyUBlDeaAS7RxkC0C" role="composer" IPDN="YbfINngIb..jA5B5" performance="conductor" grossFee="-1313539435.82"
                     modifier="A" IPI="rgdxm9wtLvADVtghSRYGI-WxHhGF" birthDate="2019-10-08Z"/>
                <Participant name="N9uody8TZ7uVqMEoiVI" role="sound engineer" IPDN="IvbP2fRsZRsZ_GCrRc9" performance="main" grossFee="1706028989.57"
                     modifier="A" IPI="QqrCdfVHOGM" birthDate="2019-02-07"/>
                <Participant name="JUN" role="remixer" IPDN="tjaysqa" performance="main" grossFee="-1441168364.61" modifier="B" IPI="HRB.Wucw7T"
                     birthDate="2018-12-29Z"/>
                <Participant name="EJsGJT9.8_EUrkEpvkpu1Oquwbyiq8" role="sound engineer" IPDN="BnQr.ED3B4VnW6M.RBwI3B" performance="conductor"
                     grossFee="-121233495.10" modifier="C" IPI="OVdxQzl" birthDate="2019-02-27Z"/>
            </Participants>
        </Record>
        <Record title="i4v3" spins="1513285074" ISRC="Q067MY743XP1" year="7510" producer="mRsDHyPw" label="vKQl" recordNo="lBALHx87ZwYqeSH1Wlo"
             serialNumber="E" isPremiere="false" usage="jingle" ISWC="JV59wVY9WZ" AKA="ZEz" genre="spoken word"
             broadcastedFrom="2020-02-04T11:21:16Z" broadcastedTo="2019-02-14T11:21:16" runtime="351730024"
             origin="live broadcasting" alternativeTitle="fiePvY4JEx" recordedFootage="857049421">
            <Participants>
                <Participant name="_1whdY-5ZRu3MyH7" role="sound engineer" IPDN="l0jSQWaG8MNsr-x_Id" performance="supporting" grossFee="-1873340992.58"
                     modifier="B" IPI="Wf_GpEAr3171A5DvrXE.oyk9ATldOF" birthDate="2019-11-06"/>
                <Participant name="L1bO3CEniHF02.pAoPaHBt3.TTap0" role="scriptwriter" IPDN="NVwnFl-Q8tqg5YUCJh0RGo" performance="conductor"
                     grossFee="1943520400.56" modifier="C" IPI="a8X6tqUQETy3ayoOR4JU_Wh" birthDate="2020-07-01Z"/>
                <Participant name="hpbXKEcdXqyXiKwZMTzaJhUVP3RuR" role="composer" IPDN="MVZ" performance="soloist" grossFee="-87976496.44"
                     modifier="B" IPI="W2l" birthDate="2019-12-15"/>
                <Participant name="mZv4" role="composer" IPDN="HM" performance="supporting" grossFee="-1339061651.92" modifier="B"
                     IPI="c4q3cuvncezevKxm" birthDate="2019-04-27Z"/>
                <Participant name="FXtKu-sQzy." role="composer" IPDN="E0pRNgcVbOs" performance="supporting" grossFee="1463394318.96"
                     modifier="C" IPI="dzUyBzuQCyLraaEi" birthDate="2020-06-07Z"/>
                <Participant name="loy8cnLJWlvIkfx" role="composer" IPDN="t8q9z.pLCqvPL4" performance="chorus master" grossFee="1707631665.72"
                     modifier="A" IPI="wgO" birthDate="2018-10-22"/>
                <Participant name="Wcm1ZMzET2JEXQqbsYOu" role="subscriptwriter" IPDN="L764IxkOMtHr2amrsE" performance="conductor"
                     grossFee="-1587464905.87" modifier="A" IPI="ejZ-s2pGazJt0UUOXvQHTa30" birthDate="2019-12-30"/>
                <Participant name="iUXgyi1_VJicPaX431tpdaN7IF9z" role="remixer" IPDN="b888PrGZdJrmzWKzIdfHR8" performance="supporting"
                     grossFee="-1968361727.18" modifier="B" IPI="tZ3E" birthDate="2018-12-20Z"/>
                <Participant name="t02nfgASoFHEWlIWBieK.zF0Ex" role="arranger" IPDN="p0SzWXB4K3dxN5H" performance="supporting" grossFee="222068091.69"
                     modifier="A" IPI="JaprlXLkMU.-FgHs.ij" birthDate="2019-12-13"/>
                <Participant name="yns13SqxYSM1lBGrbmr" role="remixer" IPDN="ZT3O7ukiNXlMCZUNW88SHKC9mr" performance="supporting"
                     grossFee="-1859506171.37" modifier="A" IPI="KyXMZ3auhEYkNNcY5pkmI0." birthDate="2019-09-20Z"/>
            </Participants>
        </Record>
    </Record>
    <Record title="mjrL3nO9yOYUuouLE7ofk2B9u.g5fb" spins="2086737322" ISRC="R6TIY2F9T3OB" year="0873" producer="Q0Aoiudeaa"
         label="jE8Ot" recordNo="gvjqROlKj2fkjtOn0" serialNumber="l_KzTDLB7WKo" isPremiere="0" usage="broadcast"
         ISWC="rSW.nUDGgU3iyQzCBz" AKA="bH-X" genre="composed" broadcastedFrom="2020-01-22T11:21:16"
         broadcastedTo="2020-02-23T11:21:16Z" runtime="1244627559" origin="report" alternativeTitle="zNoDa8.J"
         recordedFootage="1235188284">
        <Participants>
            <Participant name="YSVbv8H8Cq7Va" role="sound engineer" IPDN="Gz1ZMFEOc1hMyc6_n1UQ.n" performance="supporting" grossFee="461385320.87"
                 modifier="C" IPI="OlPq8TDPBktORowN9OFqezu5IReN" birthDate="2018-08-25"/>
            <Participant name="E1ROX47ntuwH3_8" role="composer" IPDN="XMKXpW444x-g" performance="main" grossFee="-294842015.74"
                 modifier="B" IPI="sDy6RNW1.j" birthDate="2020-05-20"/>
            <Participant name="lbSsk9LF6LgHBY2c2q0OP7ZNB0UL" role="performer" IPDN="ailUELKDks7cJm-r2MA5-dVdGzF8y." performance="chorus master"
                 grossFee="-288126897.72" modifier="C" IPI="aA.c0eB.g3UinJaU1r2c" birthDate="2019-04-28"/>
            <Participant name="qQvQYspokNvg" role="performer" IPDN="iiqgMYXdD" performance="chorus master" grossFee="1745212841.47"
                 modifier="C" IPI="MFbG7" birthDate="2019-06-16Z"/>
            <Participant name="gHR14p2bc4L." role="sound engineer" IPDN="MHBDfkFKItLEGfV5FCD-9YuxVug.Q" performance="chorus master"
                 grossFee="-1466095497.03" modifier="B" IPI="B2ppuzySOn" birthDate="2019-06-05"/>
            <Participant name="z-zi2JNqSfGLe.X5HG0" role="scriptwriter" IPDN="lwBdEAlgy37m25WHK0.XVuE7R" performance="supporting"
                 grossFee="856839360.01" modifier="A" IPI="bNfcww8W_fCr-" birthDate="2020-02-01Z"/>
            <Participant name="BqjCQwmD41" role="subscriptwriter" IPDN="d" performance="main" grossFee="1282138067.16" modifier="B"
                 IPI="dCfn1L23I54v7u5miX" birthDate="2019-05-01Z"/>
            <Participant name="HWlmc3jsCfM.nPghrLY7GEYvKZO" role="remixer" IPDN="ksp_o_2tgd2FzRbHSTAfXkdaI7" performance="chorus master"
                 grossFee="-511259279.36" modifier="B" IPI="Zi4VEXzitQzcfgL7lEUg1zveZ89" birthDate="2018-11-21"/>
            <Participant name="oF1BfEWeTUG" role="subscriptwriter" IPDN="mAIXajd" performance="supporting" grossFee="1431280394.04"
                 modifier="A" IPI="GOm-v" birthDate="2019-08-18Z"/>
            <Participant name="mH8TA6QbmPSWzS8" role="composer" IPDN="D5DHPBcRCCLD9Bw98wgWgW" performance="conductor" grossFee="1465675904.91"
                 modifier="C" IPI="sFDtuSgCOoxklH1xrCBRbsNc" birthDate="2019-09-05Z"/>
        </Participants>
        <Record title="M8zhYxnoim5S76lGIGFReeAq5LwWj" spins="152805064" ISRC="5C4A90208363" year="0967" producer="csi8JpiUHEUZQ6XZPXx_h.y.qf"
             label="L73Jtzn6n" recordNo="hwb_ly5yhFwcM" serialNumber="d4OFW5TzQbjRazeL7ceWItURb8WS" isPremiere="true"
             usage="jingle" ISWC="I-887pPS" AKA="TrllANkr1" genre="pop" broadcastedFrom="2018-07-26T11:21:16Z"
             broadcastedTo="2020-05-18T11:21:16" runtime="355649051" origin="commerce" alternativeTitle="TZTltkw4cx597VbKeXKv6Rfbc"
             recordedFootage="799403097">
            <Participants>
                <Participant name="D.FGTLcT8kVf" role="arranger" IPDN="OaV2k9oK" performance="main" grossFee="1068317935.19" modifier="A"
                     IPI="HXcWoM3_nGd0" birthDate="2019-06-02"/>
                <Participant name="z0OjVgTxekJ" role="composer" IPDN="G0mCdYiFPKH-AI" performance="supporting" grossFee="-1279673402.77"
                     modifier="C" IPI="QNemJUVk" birthDate="2020-06-21Z"/>
                <Participant name="iVN" role="sound engineer" IPDN="YUcEF3lxVHX_r6mxteYZ" performance="conductor" grossFee="-1526562749.69"
                     modifier="B" IPI="PReYwoXG4d7LsMafpNrD9z" birthDate="2019-10-22"/>
                <Participant name="PAZpIjLLBR44r8mm8THT8RKDpRZ_n" role="subscriptwriter" IPDN="Jt-xCUbCElndVaA7F30N8an7DRs" performance="soloist"
                     grossFee="493400227.15" modifier="B" IPI="f.1ebQ3Dr8NM1XVCX_HDkK0re0" birthDate="2018-09-21Z"/>
                <Participant name="oUbPExP2tlF3q" role="music director" IPDN="Kb" performance="soloist" grossFee="-788988370.03"
                     modifier="A" IPI="Sjy3k-D5cUKVO8U1TnqftxiD2JiRx5" birthDate="2018-10-21Z"/>
                <Participant name="q" role="music director" IPDN="UTWFZipiqCx" performance="conductor" grossFee="1682783542.76" modifier="A"
                     IPI="NkiK9xBnbQBtRT8qIqgGp" birthDate="2018-10-13Z"/>
                <Participant name="R5A.k3Uv3QIj" role="remixer" IPDN="JICJrAn3nop-UtUIJdYgv260OwEzD" performance="conductor" grossFee="720596797.93"
                     modifier="A" IPI="LooC1mSHNGPTblxFUe5vlTifXO5O" birthDate="2019-05-09"/>
                <Participant name="jzaQGW_u8yqMFMsIQhAtUaUn6AD" role="remixer" IPDN="UaAZ" performance="chorus master" grossFee="865168787.47"
                     modifier="A" IPI="BImnlHUrUdBTYjYovq7ZE" birthDate="2019-02-04"/>
                <Participant name="eBNMZtG2w2fmnHXtbNqUqYGgr7oQdb" role="arranger" IPDN="w" performance="soloist" grossFee="988101778.07"
                     modifier="C" IPI="oQwPNWcz" birthDate="2020-02-05Z"/>
                <Participant name="DoJFK9alqHMpWvev" role="remixer" IPDN="RDUK6x6nIDMQK" performance="chorus master" grossFee="-1396990989.11"
                     modifier="C" IPI="B" birthDate="2020-06-25Z"/>
            </Participants>
        </Record>
        <Record title="hx1tipZ" spins="2045502905" ISRC="QX45497ICA96" year="2447" producer="ZWH" label="zpiP6R4LYJYlNxt"
             recordNo="Kmhr" serialNumber="OGYRXMOaU77Xj2uMwTSkJQE66" isPremiere="true" usage="commercial"
             ISWC="XCKM3tQ2tbDuMcQdZa" AKA="kk4ZcvEmWAy0kOXbNUxgq" genre="spoken word" broadcastedFrom="2018-12-20T11:21:16"
             broadcastedTo="2020-04-07T11:21:16" runtime="2132247779" origin="report" alternativeTitle="dzgGK4UIn1yQTVXOZSUvRY"
             recordedFootage="1748155058">
            <Participants>
                <Participant name="byYbxHgVu7qV9Xt7Yq-6gTYJAWa9" role="subscriptwriter" IPDN="dGQ89QX0CFZtAlJ60zKdZx9" performance="conductor"
                     grossFee="-210249712.49" modifier="A" IPI="PW.TKeSH9EGLKOFKJkEjFhFYWiBPY" birthDate="2020-06-05"/>
                <Participant name="HZY6t0rpjyiT" role="scriptwriter" IPDN="ON" performance="chorus master" grossFee="1796591351.59"
                     modifier="A" IPI="CsxT8J.ffOsM" birthDate="2018-11-26"/>
                <Participant name="_J14eiTmqtZPOY" role="scriptwriter" IPDN="JaOz59ceDclIuK4GzUg-" performance="main" grossFee="-341375790.33"
                     modifier="C" IPI="gL0ymYV_tntlNcyaknR.wlAE7k" birthDate="2019-12-20"/>
                <Participant name="A3MhkPdzUiCtJ3Tqv0" role="remixer" IPDN="tYpHX4UFlq6tnRoFkZPXnh5LW5uS8M" performance="chorus master"
                     grossFee="-607781393.49" modifier="C" IPI="rTOcTo36cS" birthDate="2019-01-24"/>
                <Participant name="vLbZBHCLofl3uNyszOM2Zb_.rk" role="sound engineer" IPDN="tXKj7tEYCZeOm3lIPwhmKhu" performance="conductor"
                     grossFee="1563611027.27" modifier="C" IPI="HZuK3ocsqje" birthDate="2020-02-05Z"/>
                <Participant name="rLZMxEX6kieMxU9zEV52nLvDIVU1Y" role="producer" IPDN="fue_GQFf-ILx8KbguNuLw_0L" performance="supporting"
                     grossFee="-716114162.43" modifier="C" IPI="WFYZAzDu1xWba2JbhsLFcEK" birthDate="2018-09-11"/>
                <Participant name="fCLdNfrVxNX48Unws4nt2vbSfFea" role="remixer" IPDN="QQHk.8OcknuW73jmWD" performance="conductor"
                     grossFee="1049450810.68" modifier="B" IPI="iYIqtQM" birthDate="2019-08-29"/>
                <Participant name="m0OEFjbZiMEVogy" role="composer" IPDN="IVxlQpyI4UAgKAm5mCVJQ0" performance="main" grossFee="-779825754.67"
                     modifier="A" IPI="OxM6K-cwTEPOPZS5AQftIyDk7b5" birthDate="2019-05-24"/>
                <Participant name="mcxQY9QSRtNtb9Q" role="remixer" IPDN="rPqdv-mHVQ3d1R55TYMfWaSe" performance="conductor" grossFee="1646230146.69"
                     modifier="A" IPI="aclsuwHJlmqdUKc7pKD0fRS" birthDate="2020-05-31Z"/>
                <Participant name="CiI2rec2sy" role="composer" IPDN="aB5XdXwfIdf6liNY3NnJEz_VnC" performance="soloist" grossFee="1520506615.13"
                     modifier="A" IPI="Z" birthDate="2019-05-05"/>
            </Participants>
        </Record>
        <Record title="onIxg9taHyXUkFSWJmF2" spins="928229644" ISRC="7GR1Q9GM0019" year="1970" producer="Qz-FRUwdwNdFqtyaUbT_kRIjo"
             label="KukS_5F.g" recordNo="_bU4pi8qfJ7en3S2.uWOA" serialNumber="AE-ov2zxObKx.9fDaK0se"
             isPremiere="false" usage="commercial" ISWC="mP" AKA="uBMQLbWg" genre="classical" broadcastedFrom="2019-09-12T11:21:16Z"
             broadcastedTo="2020-06-14T11:21:16Z" runtime="2118109672" origin="commerce" alternativeTitle="tIa"
             recordedFootage="419081917">
            <Participants>
                <Participant name="xm8bs3bOk-cVvCe9SNyO" role="remixer" IPDN="DHNTo2mUt3iUu7kVbx" performance="main" grossFee="-2087387213.71"
                     modifier="C" IPI="AQA1dMOw_a.hWZidAWtki" birthDate="2020-02-20Z"/>
                <Participant name="zpybtZDAiJVm82KjAbYP" role="composer" IPDN="RRgBa_..iZrfY5R" performance="main" grossFee="960775218.05"
                     modifier="B" IPI="kzOAk" birthDate="2020-05-30Z"/>
                <Participant name="gaPfu8B0ogUD.qHH81dVTrkM-hK" role="performer" IPDN="yXrOy" performance="supporting" grossFee="-1059684679.97"
                     modifier="A" IPI="Q37TIHXo" birthDate="2018-11-13Z"/>
                <Participant name="MvGj.NT2zOm" role="producer" IPDN="Ow613D6TJ13szJe.qJojHYe6_rIQ3D" performance="conductor" grossFee="1875684870.08"
                     modifier="B" IPI="LySht" birthDate="2019-11-27"/>
                <Participant name="vsM2dUj0" role="music director" IPDN="dyTlqjm0w.lW2qP_cZBmOTJ" performance="conductor" grossFee="247401571.98"
                     modifier="C" IPI="RiV" birthDate="2019-01-01Z"/>
                <Participant name="iPzp4SoBuNU" role="scriptwriter" IPDN="pl5dvue6O5YaKJTqq998.Lfm6ZnX" performance="main" grossFee="1473942735.85"
                     modifier="C" IPI="yrHFl0Rg.fV" birthDate="2018-08-15"/>
                <Participant name="O" role="sound engineer" IPDN="z24pHaA-SSJ.UrN" performance="chorus master" grossFee="-767446683.83"
                     modifier="B" IPI="SJQoh2fGly9uDVeYQKLIgDQJCC" birthDate="2019-07-16"/>
                <Participant name="E3ps_szbIz" role="performer" IPDN="wP6-JI0gwWx2m2aixfKv-bnkop" performance="chorus master" grossFee="1963099713.83"
                     modifier="B" IPI="piK" birthDate="2020-03-04"/>
                <Participant name="fUMftO6I997fd" role="sound engineer" IPDN="FJ6IM" performance="soloist" grossFee="728829355.97"
                     modifier="A" IPI="alhiE-YdhspEIShptVXBd" birthDate="2019-11-19Z"/>
                <Participant name="lUCLAKXzFr7PUm1hQ_YAM" role="producer" IPDN="lWr" performance="chorus master" grossFee="203611385.94"
                     modifier="A" IPI="f3Vd0HPyMKvrc" birthDate="2020-06-12"/>
            </Participants>
        </Record>
        <Record title="DJH14cU98XJIDRvicm" spins="1108331719" ISRC="5J7JI976F4J3" year="4341" producer="LmQwI9aaj1"
             label="wHmoS9jyK-.nSCadMsh" recordNo="HPa7GRBS73jXBEpiel5Io" serialNumber="qBX1SmNaG3" isPremiere="false"
             usage="broadcast" ISWC="_tjYR6nUuHWYRrj1Ip7Buk" AKA="T16C2YXfDix" genre="spoken word" broadcastedFrom="2019-01-21T11:21:16Z"
             broadcastedTo="2020-02-22T11:21:16" runtime="1901235430" origin="live stream" alternativeTitle="PglvBUpzU-G"
             recordedFootage="971099186">
            <Participants>
                <Participant name="sXzuK8xrtqTArYP5u-" role="music director" IPDN="S.K1GSjqf" performance="chorus master" grossFee="-1003792421.84"
                     modifier="A" IPI="Y" birthDate="2019-11-23Z"/>
                <Participant name="iJ1KSWqZzW" role="music director" IPDN="lCoEpH2JDK9Ly7huUJaE" performance="supporting" grossFee="2054147965.23"
                     modifier="B" IPI="uLtkRW_caFTKSqrw7dR" birthDate="2019-12-26Z"/>
                <Participant name="laWR77wcHzQ7KTDLhB0ZtJSt3FM0X" role="composer" IPDN="T" performance="main" grossFee="143579848.48"
                     modifier="B" IPI="u8IXjvhVB1ODYlUVODASpNR" birthDate="2018-08-23"/>
                <Participant name="fi-khoAAs6mfpL" role="sound engineer" IPDN="XDoJ" performance="conductor" grossFee="810340715.72"
                     modifier="A" IPI="n" birthDate="2020-01-29"/>
                <Participant name="en" role="composer" IPDN="F" performance="conductor" grossFee="1418946737.73" modifier="C" IPI="j9cxnEXaKDhU"
                     birthDate="2020-06-13"/>
                <Participant name="SrQMlIoKG91bG4QiFF3DLz0iqB" role="remixer" IPDN="E3FCBoxYRyiGefSDMrRJPCcDyMgbW" performance="soloist"
                     grossFee="-623239692.80" modifier="B" IPI="X8BGdFOVIKkMmH" birthDate="2020-04-05Z"/>
                <Participant name="smm2.0f5" role="performer" IPDN="_BVCpGah6I.TyV9SJLKecUdu7gBgdN" performance="soloist" grossFee="-632832155.54"
                     modifier="C" IPI="Bfhe" birthDate="2019-01-29Z"/>
                <Participant name="Zm867h" role="arranger" IPDN="uJjmUFO24kY1uMTvePlMWSkSb6" performance="conductor" grossFee="-699127658.90"
                     modifier="A" IPI="ykwei3Z_I_" birthDate="2019-10-15Z"/>
                <Participant name="T7NIspfDwm4ebUbiql2B95yP" role="composer" IPDN="s.DNvFAdykh.t6GMB0_u" performance="main" grossFee="-1175439491.30"
                     modifier="A" IPI="gKVbt" birthDate="2019-04-16"/>
                <Participant name="LfdCQCy3Hnp8T8HegD-jC8p" role="performer" IPDN="MLb.DwW.OP.nfjO.cdHbY" performance="chorus master"
                     grossFee="1340083168.78" modifier="B" IPI="rF.poLkg4XNn0ju7q8E0I8nACBo3J" birthDate="2020-06-28"/>
            </Participants>
        </Record>
        <Record title="Jf6SGFjbsOYH3mXJZQVB" spins="256362234" ISRC="96DYS109R052" year="1134" producer="mNhQIlH_HaOsqq9uUz"
             label="ddGWq3_Q2Uvr2pFSzaNqNe" recordNo="Ym9udAoxjL4K-jN3" serialNumber="mGyuvptQ9n28wNNNqXH1CRbXi"
             isPremiere="1" usage="jingle" ISWC="V" AKA="vuJ3" genre="spoken word" broadcastedFrom="2019-02-24T11:21:16Z"
             broadcastedTo="2020-03-17T11:21:16" runtime="668192194" origin="live stream" alternativeTitle="mxKMuDsF"
             recordedFootage="1362709456">
            <Participants>
                <Participant name="er-6z4o3S5MGy8Bedg" role="scriptwriter" IPDN="O" performance="main" grossFee="2124972491.92" modifier="A"
                     IPI="PwcINBKKwuunRV6" birthDate="2019-11-16"/>
                <Participant name="ONQAX-uBq-fg_wuii8NdEvLROg" role="composer" IPDN="UBDnqUtQksvBh9nJu" performance="supporting"
                     grossFee="-1858497272.29" modifier="A" IPI="v7J261fNHj4" birthDate="2018-10-24Z"/>
                <Participant name="fxu7" role="subscriptwriter" IPDN="D8BI2qwrapBke9S9y1pma7MIg" performance="chorus master" grossFee="326219043.42"
                     modifier="B" IPI="w_dmlxK5WmcwJZdGPN5Sre8Tqqu" birthDate="2018-10-07"/>
                <Participant name="OFAbIeNRAbXNF0CA3XsY5wRBtdqP" role="arranger" IPDN="uOPqN" performance="supporting" grossFee="-152667345.17"
                     modifier="A" IPI="fVSLuekNK3o-x" birthDate="2020-03-03Z"/>
                <Participant name="xHSSe.U3qr1B_tG36JIsWduSgmG" role="arranger" IPDN="uLx12bNqveA" performance="conductor" grossFee="2146051173.99"
                     modifier="B" IPI="LpGnbDqH6VVLuoMjiaoTT" birthDate="2018-09-03Z"/>
                <Participant name="Hvko8_gUqwFt" role="scriptwriter" IPDN="Q" performance="main" grossFee="-2049887346.49" modifier="B"
                     IPI="WhqG2E2" birthDate="2019-10-14Z"/>
                <Participant name="jk" role="composer" IPDN="dWw2oiE7Jvp" performance="chorus master" grossFee="50507236.92" modifier="B"
                     IPI="rVxqOc3ge8EqJbQS-" birthDate="2019-05-24"/>
                <Participant name="tpyDv6coUCVnj4" role="subscriptwriter" IPDN="w1x" performance="chorus master" grossFee="568656017.25"
                     modifier="A" IPI="uLe" birthDate="2018-09-01Z"/>
                <Participant name="wTzvIHoDumElCH" role="scriptwriter" IPDN="zdWI4.IWhBqrA60vIy" performance="supporting" grossFee="535339539.48"
                     modifier="B" IPI="ldqmA8o" birthDate="2020-06-01Z"/>
                <Participant name="zhOuBGtoGLudGyuA8VNyEaDu" role="arranger" IPDN="NYpqoUcWnZqzi98DTvHZqsxFj" performance="supporting"
                     grossFee="-1991230640.09" modifier="A" IPI="TscPda6YC0OfkabYhyu" birthDate="2019-10-16"/>
            </Participants>
        </Record>
        <Record title="wMSW7uN1MxeXCzaf-3b" spins="2030559400" ISRC="L5F5BGZ9HGUG" year="4505" producer="hXYa" label="Ip2NmpySgKfD0qR.GP4nuqe7Fsw"
             recordNo="gM.Gz5_yf" serialNumber="ZEh4b1LxaMid9noaVA-8WZlp6Nfl" isPremiere="0" usage="jingle"
             ISWC="_i2f84p32I" AKA="skHxoUJlzh0Ofo" genre="spoken word" broadcastedFrom="2019-12-23T11:21:16"
             broadcastedTo="2020-01-01T11:21:16" runtime="894269922" origin="commercial" alternativeTitle="KrSQ-z_o"
             recordedFootage="845947739">
            <Participants>
                <Participant name="x7AKqUouGQbUFmUrBHDdSF8.0y5" role="performer" IPDN="i19TA0Ynx_SzVMQBdIJc7gtK" performance="main"
                     grossFee="916700211.88" modifier="A" IPI="fw5gNOJ" birthDate="2019-03-02Z"/>
                <Participant name="jz83vEwb0" role="music director" IPDN="tdb7P" performance="main" grossFee="699035635.48" modifier="B"
                     IPI="j4JAL7F5fIG" birthDate="2020-01-27"/>
                <Participant name="TXTqsbPfJpC3" role="performer" IPDN="DpjFOjUgZ0vrqOxA" performance="supporting" grossFee="-254231851.62"
                     modifier="C" IPI="XUPS2_cdj" birthDate="2019-08-23Z"/>
                <Participant name="c" role="sound engineer" IPDN="DN_4mtbnqPkhBXzhI3oSqgmk8" performance="conductor" grossFee="-728201259.46"
                     modifier="A" IPI="e9t-QHv0tsVyEvQ4" birthDate="2019-01-30"/>
                <Participant name="ey3m7ap" role="producer" IPDN="zDTKFEdXW" performance="soloist" grossFee="1103795036.98" modifier="A"
                     IPI="OCNo29NARUp" birthDate="2018-11-18Z"/>
                <Participant name="wtKv6" role="scriptwriter" IPDN="p9pyg58VMKoTnz_cM" performance="supporting" grossFee="378994306.68"
                     modifier="B" IPI="E9oYt" birthDate="2019-10-08Z"/>
                <Participant name="ShdzAJxsunxfzcf79lwUwPZ-V97" role="subscriptwriter" IPDN="LcSytFPAQbGm0kPIJOdp" performance="main"
                     grossFee="-1453233820.57" modifier="A" IPI="xr.4Ie2kT2XF_Ozz0w" birthDate="2019-11-18Z"/>
                <Participant name="glkHdl" role="producer" IPDN="kc9Ffh.sp_hgvd3xjc" performance="chorus master" grossFee="-744440266.24"
                     modifier="B" IPI="ZW0fjsEPHXYa" birthDate="2020-06-03"/>
                <Participant name="E02-6qFIg8" role="composer" IPDN="ILe7M4Lk-H85xOgY19jEopCsOdms" performance="chorus master" grossFee="-1970278866.87"
                     modifier="B" IPI="I" birthDate="2019-08-13"/>
                <Participant name="Upbdo466hl92TvN" role="scriptwriter" IPDN="yh8ALDYA1Ozk-rwNK8vZEQ9C-lIi" performance="conductor"
                     grossFee="-521242339.39" modifier="A" IPI="QXXI5.z2o6jPgnOKDItlE7pvc" birthDate="2019-11-19"/>
            </Participants>
        </Record>
        <Record title="U872CAhQ6A3Pg5TB" spins="187158472" ISRC="DJ327UV7QP52" year="5892" producer="QW4uUx_zltdf5FHA"
             label="z2yqN3nQ8RL1gE76zqF.Tf" recordNo="Mr-NhfWIAV" serialNumber="u-h1x9T8cBLX4yIppEPhUXjdtk"
             isPremiere="true" usage="broadcast" ISWC="dFgc" AKA="g0-cK-CUW7vu13WwYGA8B" genre="classical"
             broadcastedFrom="2020-02-19T11:21:16" broadcastedTo="2018-08-23T11:21:16Z" runtime="230598581"
             origin="live broadcasting" alternativeTitle="E2U.fPVeShYXJIAuDm-h064" recordedFootage="1213779109">
            <Participants>
                <Participant name="GI" role="sound engineer" IPDN="txBBGmJI6oN3x.My" performance="conductor" grossFee="708884690.95"
                     modifier="B" IPI="VkDVuwKKDXJyRukUWDQ" birthDate="2019-03-10Z"/>
                <Participant name="VKLB" role="producer" IPDN="UwK_2U6-sc83U" performance="supporting" grossFee="-974057152.53" modifier="A"
                     IPI="c8E.TeOd38T7VfH1V7l_NJ6V" birthDate="2019-11-17Z"/>
                <Participant name="jPcPb" role="producer" IPDN="TYOKtb53MJkGcDOzZAOnoB" performance="main" grossFee="28798631.64"
                     modifier="C" IPI="DbmvUBnpREDsLO" birthDate="2019-02-01"/>
                <Participant name="K8abRzCjb.SgyMrCeNa8i5ghsOuZ" role="subscriptwriter" IPDN="uX48KMMO" performance="supporting"
                     grossFee="-1501301422.62" modifier="B" IPI="FKi" birthDate="2020-05-19Z"/>
                <Participant name="_uRgwEZVa8aVr" role="remixer" IPDN="zfKHL8x_tnMW" performance="supporting" grossFee="1929333443.78"
                     modifier="C" IPI="w" birthDate="2020-06-02Z"/>
                <Participant name="UY5MOjrLQS.PKae7p" role="remixer" IPDN="Xga.VoX7d.VHiJ" performance="main" grossFee="-1789682045.50"
                     modifier="C" IPI="bAyISqqtl8Ud" birthDate="2019-01-15"/>
                <Participant name="z9FXlMMM4KnWM_ZiirKu" role="scriptwriter" IPDN="qCPFiyh" performance="conductor" grossFee="-73800541.24"
                     modifier="C" IPI="TtXLwCmkxX2xcYksJ_QQGWwn4nvv.P" birthDate="2019-08-22Z"/>
                <Participant name="rGx78ZIXAZFK" role="producer" IPDN="w5Hpbvv8lP_sqP" performance="soloist" grossFee="-540056032.14"
                     modifier="B" IPI="OEUFbx3_2zauvve" birthDate="2019-08-03Z"/>
                <Participant name="OuuM1d9zxjYCDFHL9" role="music director" IPDN="Et8m8ejr29uFDZkt" performance="chorus master" grossFee="-1446330490.36"
                     modifier="B" IPI="ff7HkSs5fD" birthDate="2020-05-22Z"/>
                <Participant name="k88f" role="producer" IPDN="eDk05QUf4RzHfZjGfPL0k" performance="main" grossFee="-907042374.74"
                     modifier="A" IPI="YiMEQZGSQWWN5u8BprUt6BdrEHXL8T" birthDate="2019-12-28"/>
            </Participants>
        </Record>
        <Record title="wABqQydHzRBLtRE2t0VXBM" spins="964410489" ISRC="1HCF526ED495" year="0125" producer="u" label="Xq8KOHS.AcdqwBgXvakOB682Pp"
             recordNo="LorwFYI" serialNumber="Rn4mfY4lSM5Mh27CMG8s33QDPp" isPremiere="0" usage="commercial"
             ISWC="nz_Ckcjke" AKA="lJorajrOlT_9vqNR5uLmMvb4aiIdbe" genre="jingle" broadcastedFrom="2019-06-10T11:21:16"
             broadcastedTo="2019-02-18T11:21:16Z" runtime="1342072300" origin="self" alternativeTitle="d"
             recordedFootage="2059187922">
            <Participants>
                <Participant name="BP8FyZSwkxSVY" role="remixer" IPDN="bNAG8" performance="chorus master" grossFee="1184494511.55"
                     modifier="B" IPI="lX.DV9K8S" birthDate="2018-09-22"/>
                <Participant name="mnXLX4nx" role="scriptwriter" IPDN="YrwSs3-uqvUxAuZDeLW4N6" performance="conductor" grossFee="-1357146488.13"
                     modifier="C" IPI="ovJyny5X" birthDate="2018-08-08Z"/>
                <Participant name="gaWV" role="producer" IPDN="cG3zWfZ2Rja2q6UaZgUgHl" performance="soloist" grossFee="-1532545374.88"
                     modifier="C" IPI="w_pl4BW4hkUiTA3MEz8" birthDate="2018-12-16Z"/>
                <Participant name="yFhR4J0.UucIk3" role="arranger" IPDN="pb-F34RBSGn4T-P.Xfb6kT5" performance="chorus master" grossFee="807304014.26"
                     modifier="A" IPI="P26Cgmqd_" birthDate="2018-08-15"/>
                <Participant name="u0qGL9bOP" role="subscriptwriter" IPDN="zwj4caex7kes." performance="main" grossFee="2139412080.53"
                     modifier="C" IPI="cMRrwJXuYBmhUn" birthDate="2018-11-09"/>
                <Participant name="i5Ce8NtMr67Yz2jreJaaDkG4.ME1JP" role="music director" IPDN="oYjDI0AUuexNS2NEd" performance="conductor"
                     grossFee="-831812541.70" modifier="A" IPI="aM_YK0yFG6SH" birthDate="2018-11-03Z"/>
                <Participant name="AQ" role="composer" IPDN="Z2R7fMt6y-O35zWJmz8B.xNk_ud" performance="chorus master" grossFee="652026740.65"
                     modifier="C" IPI="BynfCZ8hIyA0PMDOBOTBXYiqvuTud" birthDate="2018-08-09Z"/>
                <Participant name="gWiRILHPUNpav" role="arranger" IPDN="F1PbAbLcD24SXQd06Uq_" performance="conductor" grossFee="-645397248.43"
                     modifier="C" IPI="dmnc" birthDate="2019-08-18"/>
                <Participant name="dL3eGLV9s3ja1YPw._66D_" role="producer" IPDN="_3NkraRcF7whREIzV2Zomg2Id" performance="main" grossFee="56075587.24"
                     modifier="A" IPI="EuMXUJ3DImPjh_aJxW" birthDate="2019-01-24"/>
                <Participant name="PKa" role="arranger" IPDN="XjlO_JZgB8CH8HgOekp" performance="main" grossFee="1106509287.12" modifier="B"
                     IPI="oNVRFEE-lZaqIAUuALJYR" birthDate="2019-06-26Z"/>
            </Participants>
        </Record>
        <Record title="KWj70jiuWxFmkBJjC02FKEky" spins="1663593432" ISRC="WEGFH4BB51V5" year="5180" producer="goZBfiEoy4"
             label="SCO" recordNo="DF97" serialNumber="zRrmeMpFlTRl-WoAwu9bH" isPremiere="1" usage="commercial"
             ISWC="aRJrgZvV.Y8_B8kMld" AKA="nUo4g-wiR" genre="spoken word" broadcastedFrom="2019-05-18T11:21:16"
             broadcastedTo="2020-05-31T11:21:16" runtime="2095410165" origin="self" alternativeTitle="DXcQ"
             recordedFootage="2004754706">
            <Participants>
                <Participant name="ZCBaFfBiBteDmnDsLrp.Y.mPrNe" role="sound engineer" IPDN="g9fAK5C71W.M1gJpCs1py.6ipjM" performance="soloist"
                     grossFee="307216376.19" modifier="A" IPI="e2cgZ" birthDate="2020-03-12Z"/>
                <Participant name="FH6WSr" role="producer" IPDN="vM-82PoCXT.55qYxWWNe" performance="chorus master" grossFee="1258235194.78"
                     modifier="A" IPI="eyo" birthDate="2019-02-27Z"/>
                <Participant name="bPVaUyyNZqsW.RRTiE.rNgFhr-3EN" role="subscriptwriter" IPDN="OaY7esUknmiDzcnTfrt-" performance="chorus master"
                     grossFee="-173856814.77" modifier="C" IPI="XG2C_BRit-6WZ2EI8j0xW" birthDate="2019-11-09"/>
                <Participant name="woUz" role="performer" IPDN="G.g" performance="supporting" grossFee="-1426186721.64" modifier="B"
                     IPI="FqUkYfyBbe3FGMwp" birthDate="2019-04-17Z"/>
                <Participant name="EAiy9QnaY2" role="performer" IPDN="NW9kV3Syj-D" performance="soloist" grossFee="-2089442932.24"
                     modifier="B" IPI="soH" birthDate="2019-11-12Z"/>
                <Participant name="N4GX" role="sound engineer" IPDN="CmgnSVgJYyOdp83AY.cvGbL-" performance="chorus master" grossFee="884696360.23"
                     modifier="C" IPI="iSHsxmIMYoPfsCz7yDC4" birthDate="2018-12-30"/>
                <Participant name="Vuy" role="arranger" IPDN="YIc7rb3sZoK1kyiq" performance="supporting" grossFee="-1886912030.12"
                     modifier="C" IPI="MV_ER" birthDate="2018-07-12"/>
                <Participant name="cCMisXCJIs9_lS3pvUwiTbPf" role="arranger" IPDN="iQsbD-d_ZWnI0qOzBwxY0Ag" performance="main" grossFee="-637833078.07"
                     modifier="C" IPI="TxIfjnRcO-zJEjr4LVCJctsTDojkm" birthDate="2019-04-12Z"/>
                <Participant name="JA9XS.UTUrbNnF496DtCXd8fl9FuL" role="subscriptwriter" IPDN="iCT" performance="chorus master" grossFee="1562279379.63"
                     modifier="C" IPI="EpnvJhrjXhR2d5B80Mti05SHq" birthDate="2018-10-30"/>
                <Participant name="Db8X_KA9Zk8lp4TO61zgh" role="sound engineer" IPDN="g5Gn7cqxfDvz" performance="soloist" grossFee="2086650850.34"
                     modifier="B" IPI="b8Cllh" birthDate="2019-10-20Z"/>
            </Participants>
        </Record>
        <Record title="R0XJL6QIZN5bG_XUF5bQgblA." spins="425558582" ISRC="FNQ7VEQWI985" year="0750" producer="_mdiVr7VVX."
             label="C7cDA-B4BLQ.ih" recordNo="x0yuTNyFcx3qnQ4ph9fpWDfi.M" serialNumber="EHqF" isPremiere="false"
             usage="broadcast" ISWC="eRr1ItU_32QZiCW6wIZM" AKA="S48x" genre="composed" broadcastedFrom="2018-07-31T11:21:16"
             broadcastedTo="2019-04-09T11:21:16" runtime="700256870" origin="live broadcasting" alternativeTitle="U_ZzVBC4VbOYBKvB2ow7b4IeSUWocd"
             recordedFootage="211524569">
            <Participants>
                <Participant name="ogeVePVCRyHB2iTpy9j4ink-" role="arranger" IPDN="w9uKeRzj5jCzaz" performance="conductor" grossFee="1703518029.92"
                     modifier="B" IPI="bXdqQlzhzmf46iJZUiB4K" birthDate="2019-04-24Z"/>
                <Participant name="njLw-0URUoQSIRR" role="sound engineer" IPDN="uu-Ib0Ehsfpmek3rk" performance="main" grossFee="599217254.78"
                     modifier="A" IPI="F1Ppn4Sc32GB9.bdpNV" birthDate="2019-12-24Z"/>
                <Participant name="imyIkf.XE5Y0NK2kSK" role="performer" IPDN="ggh" performance="soloist" grossFee="-1359407004.60"
                     modifier="C" IPI="nH" birthDate="2019-12-11Z"/>
                <Participant name="ii" role="producer" IPDN="V" performance="main" grossFee="106150146.95" modifier="A" IPI="K" birthDate="2020-06-18"/>
                <Participant name="yAo-WHg11VFJq78LaG" role="music director" IPDN="Fyc1v5DxsdX7" performance="chorus master" grossFee="295436990.39"
                     modifier="B" IPI="OZUw_Gdna6J5Dycyj1O2NIqOr" birthDate="2018-08-10"/>
                <Participant name="TFD_stjU3FSzHJ" role="music director" IPDN="R" performance="supporting" grossFee="-978323820.41"
                     modifier="C" IPI="mtvN6q0k0yG1MXqn" birthDate="2019-05-07"/>
                <Participant name="v-gbU7aR2936CO" role="remixer" IPDN="tN6zAsO-nFfy" performance="soloist" grossFee="45924957.98"
                     modifier="B" IPI="aI1lG6" birthDate="2020-03-04"/>
                <Participant name="YzNx5xXOtYEgITFB9" role="sound engineer" IPDN="Bk67sYC5bM" performance="soloist" grossFee="-748265834.36"
                     modifier="B" IPI="FqAJ7DCE-2-ZAzTArSHB04_3SDA-" birthDate="2019-04-16Z"/>
                <Participant name="Q" role="composer" IPDN="vd4KY2RUN0" performance="chorus master" grossFee="1316214658.74" modifier="A"
                     IPI="bm6QXLfHMq" birthDate="2019-11-10Z"/>
                <Participant name="X3BpjXfWUETBCy." role="performer" IPDN="oOG7.BvjB1-Q3wv3u6Gq_" performance="supporting" grossFee="-745406189.50"
                     modifier="B" IPI="v2cJ6Hb" birthDate="2018-10-07"/>
            </Participants>
        </Record>
    </Record>
    <Record title="SNx-f" spins="989915437" ISRC="S1C619W42TW1" year="8421" producer="xAKBnmTtGWYhS.Kj-akg" label="fESlhT.8I7kKZv8CL3lO5z5Sq"
         recordNo="LUwjOf-gGkfvE-C6rdq0hz_" serialNumber="zj.k6y-" isPremiere="1" usage="jingle" ISWC="n"
         AKA="DBkBDdqTAZuRKYTS.SzsAHvTlG97" genre="jingle" broadcastedFrom="2018-08-20T11:21:16Z" broadcastedTo="2020-03-14T11:21:16Z"
         runtime="1510719914" origin="live stream" alternativeTitle="aA5hTu" recordedFootage="2146320024">
        <Participants>
            <Participant name="ZJnpswXq3Dnxnw7" role="subscriptwriter" IPDN="d" performance="chorus master" grossFee="-2028738956.30"
                 modifier="B" IPI="GNLjD6cM.XMrb8FpvyLJGV0I" birthDate="2019-04-27"/>
            <Participant name="r5iPBoZpZTTfpO2V-xE" role="music director" IPDN="p4QnlU7o" performance="chorus master" grossFee="504311887.68"
                 modifier="B" IPI="VBtBH42byC9.tsEwC" birthDate="2019-12-05"/>
            <Participant name="gjNQLc" role="music director" IPDN="WwaMfLweIdRS1HfH" performance="conductor" grossFee="508410694.49"
                 modifier="C" IPI="D610kSCwj6j50CJ5twCkBOwipmQb" birthDate="2019-04-06"/>
            <Participant name="zz_KBkziH" role="performer" IPDN="dsrHx8CuiSaE7d45j5" performance="main" grossFee="-1477409309.24"
                 modifier="B" IPI="FwMbo-UOavtk0oT829" birthDate="2020-05-10Z"/>
            <Participant name="Cqi7qJrkZYmVZYt5Wuz8JrH" role="sound engineer" IPDN="h2TMfkLLZORWVWkT9" performance="chorus master"
                 grossFee="1949893393.83" modifier="A" IPI="Aq4OBTzLknC9xdYLy6ynONLV" birthDate="2020-06-19"/>
            <Participant name="AtN" role="composer" IPDN="I4kOdxMlCklUIK0..FMaHHwV8" performance="soloist" grossFee="1188123643.82"
                 modifier="B" IPI="RvnPt0lpFOr_Q6bEZKnB2GDqD" birthDate="2018-11-14Z"/>
            <Participant name="I1TRmGSlbxm0T_ZUVtb6_g" role="scriptwriter" IPDN="BjU9puThZvy_KiT1sKobWJ" performance="soloist"
                 grossFee="-482306621.31" modifier="A" IPI="beqPLyPgNVcY-IG5V2y" birthDate="2019-07-22Z"/>
            <Participant name="s75cLl" role="performer" IPDN="uaD1kgwNTF" performance="conductor" grossFee="-728569771.63" modifier="A"
                 IPI="OGjvqckw_sEaMbFFyUp06_El" birthDate="2019-08-03Z"/>
            <Participant name="EtVEh2nA6jpa3Tx6EcGsZD" role="scriptwriter" IPDN="w.mvhiqvm3BRJ-mnB1c" performance="main" grossFee="-1991819437.89"
                 modifier="B" IPI="vb" birthDate="2018-09-19"/>
            <Participant name="AR17M_8MnVD" role="arranger" IPDN="kkvCg3l9baMNucmtBItVKAr186" performance="supporting" grossFee="-312893396.02"
                 modifier="B" IPI="fXcqmHn8dClq9qkMP9" birthDate="2020-06-27Z"/>
        </Participants>
        <Record title="GJTRPDroIikCQ8Y_2gN4VjS0dOhOa." spins="491270859" ISRC="M6CN1W3GK158" year="4082" producer="q6N"
             label="gvM0SBV" recordNo="nKfmGdl8yR5cQmZk7sxKkbAhl" serialNumber="NG4" isPremiere="false"
             usage="broadcast" ISWC="w4so-bV2wkN-a9oB" AKA="S0LhLIg.K7Z1YTFore" genre="spoken word" broadcastedFrom="2019-07-31T11:21:16"
             broadcastedTo="2019-01-07T11:21:16Z" runtime="4484013" origin="free of charge" alternativeTitle="rhVzrFKb.yyKxsIR8Yr"
             recordedFootage="1450061960">
            <Participants>
                <Participant name="SXCiq.H.cw8h.siE" role="producer" IPDN="AyIGwE7X-wn" performance="chorus master" grossFee="-868554470.18"
                     modifier="B" IPI="NafJMSnr67bcaiF8FL2CWb" birthDate="2018-12-30"/>
                <Participant name="X7L_mmdskhl" role="scriptwriter" IPDN="LEg4AzEEmxkCXK3M" performance="main" grossFee="192357832.64"
                     modifier="B" IPI="Q2NZg" birthDate="2018-07-14"/>
                <Participant name="xsQAqfLZFpCCcTB6_u.0dElLqU8tY" role="remixer" IPDN="N6v8oww9yLBKPm7" performance="chorus master"
                     grossFee="-921957383.76" modifier="A" IPI="KdMR6U27kCFzc0EKjSL-Mr3" birthDate="2020-05-19"/>
                <Participant name="PD1RmRo" role="music director" IPDN="RtD-GPC2_olIVQZW1ZWw0Ri-Q4J" performance="main" grossFee="-1624698289.74"
                     modifier="A" IPI="YcmEb0OX0T." birthDate="2019-10-03"/>
                <Participant name="vbo09au" role="sound engineer" IPDN="D9EPmaziviG7_TKYVRJWQ" performance="soloist" grossFee="1169746855.06"
                     modifier="B" IPI="r" birthDate="2019-02-17"/>
                <Participant name="dnexCWCkg9ig51" role="sound engineer" IPDN="gOrR4cek_vQjw-Gjm2" performance="main" grossFee="1191733390.33"
                     modifier="C" IPI="XG5YTag73BVaokmsZwAfG" birthDate="2019-06-17Z"/>
                <Participant name="kpva85dk7O7K75" role="music director" IPDN="zW9TqxfVfefQ7GSIIi" performance="chorus master" grossFee="20345633.85"
                     modifier="C" IPI="vVeHLntG0XSszqV7sE7_9YC-JZdzy" birthDate="2019-03-28"/>
                <Participant name="qO0nc3KnT2xkAI" role="music director" IPDN="mR14it43" performance="main" grossFee="-1825576501.42"
                     modifier="A" IPI="giiM.C-r6JlouQNzmtBJw" birthDate="2019-08-19"/>
                <Participant name="FZiRAz-xzax0s6Nm1PS96j" role="sound engineer" IPDN="RELHsQzNrtFzPQf" performance="supporting"
                     grossFee="752311077.11" modifier="A" IPI="CF0zUGElZ_" birthDate="2019-06-23"/>
                <Participant name="Fivb59xzAmI" role="composer" IPDN="NYC7U5Mb_gxoxtv7m3GDZWa" performance="soloist" grossFee="-1098328919.39"
                     modifier="C" IPI="GQYGFWBb_SCFdo" birthDate="2019-04-23"/>
            </Participants>
        </Record>
        <Record title="sx" spins="639184114" ISRC="1786Y773WTXL" year="1287" producer="N16U" label="Q" recordNo="zpCfwlA8aFllBiG1o7bjXnQp.Zv"
             serialNumber="mfLK_cXeSkKbJLigjRu" isPremiere="false" usage="commercial" ISWC="mPX_2GIXm11kPd_sC0Cly5y86Gk7T"
             AKA="t5BGN1a1-Oe687S5F3_H" genre="pop" broadcastedFrom="2019-05-23T11:21:16Z" broadcastedTo="2019-07-07T11:21:16Z"
             runtime="1061916030" origin="free of charge" alternativeTitle="EwBj_pjAinSd" recordedFootage="113141861">
            <Participants>
                <Participant name="Qx33XPFQ_lLs1wwT2mc" role="performer" IPDN="Y" performance="conductor" grossFee="1975710578.79"
                     modifier="B" IPI="A.T.uZN" birthDate="2019-07-18"/>
                <Participant name="DUyfTVJ-Awb" role="sound engineer" IPDN="HAGwG2" performance="main" grossFee="-1561354257.62"
                     modifier="C" IPI="EU1_u8f" birthDate="2019-09-26"/>
                <Participant name="L.So5vhe" role="composer" IPDN="q3-nv6tAUoA6UmLkATGsxZos" performance="conductor" grossFee="-867138811.32"
                     modifier="B" IPI="cL5-" birthDate="2019-10-27Z"/>
                <Participant name="JMWsytVSGsaE7avtZj" role="scriptwriter" IPDN="kKQq.khsMPcEkezxRJV48CxtvYupM4" performance="chorus master"
                     grossFee="324438641.45" modifier="C" IPI="mdH-3VgjiAuei" birthDate="2018-11-14Z"/>
                <Participant name="Ek4aFkUl5CgrUJTrMh3bu8M" role="producer" IPDN="ux9MnmSyy" performance="chorus master" grossFee="-1384499699.02"
                     modifier="A" IPI="CVsF" birthDate="2018-07-26Z"/>
                <Participant name="zO_hCPHuvyYDHK2UDSSn" role="performer" IPDN="BHWVjjL" performance="chorus master" grossFee="942326461.25"
                     modifier="C" IPI="PLurMk554r5rB6kW.BQCIrm1QZV-6" birthDate="2019-03-20Z"/>
                <Participant name="oslNad5Xt4XMHTOs-Pjq6" role="subscriptwriter" IPDN="bnGlA.4z" performance="soloist" grossFee="-1795904581.73"
                     modifier="B" IPI="H32j6hg86MpL2HraJ8yN_PD" birthDate="2018-10-24"/>
                <Participant name="tHo4K9GT" role="remixer" IPDN="UQmTbiIbo59Kkn8FfJC.bOGTcdKL1Z" performance="conductor" grossFee="-1330201367.15"
                     modifier="B" IPI="BG2b1pS15gQfdc4a3k4" birthDate="2020-01-11"/>
                <Participant name="_5sEUh9gCweSy1ex-0IMsoQ4gdkc" role="sound engineer" IPDN="fn7S9" performance="chorus master" grossFee="413757588.80"
                     modifier="C" IPI="Q-PB" birthDate="2019-12-23Z"/>
                <Participant name="c0-B" role="arranger" IPDN="ocUMPTWi_N09q_fVhmuUJQkV3K" performance="chorus master" grossFee="-622458012.24"
                     modifier="B" IPI="M-p-euD1I0W_kK.mZSmrmb0zi7vuw" birthDate="2020-05-08Z"/>
            </Participants>
        </Record>
        <Record title="ElM" spins="341239941" ISRC="BFXMSY5JL05Z" year="4238" producer="Pe" label="uD" recordNo="z4"
             serialNumber="QBA7EGl" isPremiere="false" usage="broadcast" ISWC="dAQJRJdHI8Kk1gfOIjGj-fi"
             AKA="C0LLNmu4" genre="spoken word" broadcastedFrom="2019-04-02T11:21:16Z" broadcastedTo="2019-11-06T11:21:16"
             runtime="1581525606" origin="commercial" alternativeTitle="IG" recordedFootage="19725244">
            <Participants>
                <Participant name="KXW" role="subscriptwriter" IPDN="dCNXZ0" performance="conductor" grossFee="-467372916.10" modifier="C"
                     IPI="_93y2JT5zv6SE8v.ey53-OIodY2" birthDate="2019-06-19Z"/>
                <Participant name="JtG4ht" role="performer" IPDN="f3wGFgQ8" performance="soloist" grossFee="-1229046258.90" modifier="B"
                     IPI="S_T.e2" birthDate="2018-08-08"/>
                <Participant name="MPsOyWbEE8Bl" role="scriptwriter" IPDN="H" performance="main" grossFee="-128229264.36" modifier="A"
                     IPI="N6nT5sK2n_zBByIR2kIDPLYbID1" birthDate="2020-05-01Z"/>
                <Participant name="aY5e1" role="composer" IPDN="azrBvIIXN3" performance="conductor" grossFee="-742258735.15" modifier="C"
                     IPI="RHq" birthDate="2018-10-01Z"/>
                <Participant name="H" role="remixer" IPDN="alBtQKynLw" performance="soloist" grossFee="-1661662663.07" modifier="C"
                     IPI="FCPAJt7GjJeFCp9HfJfueiYewqQHV" birthDate="2019-08-02Z"/>
                <Participant name="GZ7pP7b17Frka" role="composer" IPDN="wmIlmeMh" performance="soloist" grossFee="423236225.77" modifier="A"
                     IPI="B" birthDate="2020-05-12"/>
                <Participant name="b" role="subscriptwriter" IPDN="Xcji6AwJuBmWzgcVFU8F5RQTK" performance="main" grossFee="579232694.56"
                     modifier="B" IPI="KvupPXur.6BwDH6NZ-Kr2Vpc0IW2" birthDate="2019-06-30Z"/>
                <Participant name="SY9F" role="sound engineer" IPDN="tS2j7444PQqwbOcSypZcCuX" performance="supporting" grossFee="1267678092.71"
                     modifier="B" IPI="TSQ9yWhR.2rSc" birthDate="2019-09-22"/>
                <Participant name="GmOh5SEU4I3_ZMct2pE23qfV5" role="producer" IPDN="cPBdvRjXcii0pVqoEg" performance="main" grossFee="1618304739.42"
                     modifier="C" IPI="DOkTdxxEe" birthDate="2020-06-30Z"/>
                <Participant name="B0t_dWAGh7xOzFhYlF" role="subscriptwriter" IPDN="FKjkcvvDZ" performance="chorus master" grossFee="1469385154.26"
                     modifier="B" IPI="XYV" birthDate="2018-10-20"/>
            </Participants>
        </Record>
        <Record title="aKnK2kKPV7E_FOA" spins="655485895" ISRC="5K5140H1OPYI" year="4135" producer="aInBf6orM" label="FDrsDMTLsZsgTzbJGisN3Sz"
             recordNo="tMfGlUh" serialNumber="YoJrrXaEx7" isPremiere="0" usage="broadcast" ISWC="I" AKA="bh8joJsa59.Kh8HM"
             genre="composed" broadcastedFrom="2019-03-05T11:21:16" broadcastedTo="2019-03-17T11:21:16"
             runtime="511296601" origin="self" alternativeTitle="XbGFSOuVC1GKA." recordedFootage="1875923486">
            <Participants>
                <Participant name="wPssTheg48BLiJz_81" role="producer" IPDN="oTXaehM" performance="chorus master" grossFee="-772623113.46"
                     modifier="A" IPI="mBnhk8caiaQ4mAd4k2CJ9" birthDate="2018-12-11Z"/>
                <Participant name="fte" role="arranger" IPDN="R2tHzbLtN1-DSQ_" performance="conductor" grossFee="-101809265.03" modifier="C"
                     IPI="jgicIgLz" birthDate="2018-09-02"/>
                <Participant name="H" role="arranger" IPDN="Ja3EPvJlWaWtQfArV4cL" performance="chorus master" grossFee="-1030362458.57"
                     modifier="A" IPI="jbHyccDU_UepPKry9McQRXSt1AVjw" birthDate="2018-11-20Z"/>
                <Participant name="QaspbCwhuD9a_gSLEL" role="performer" IPDN="d1DcqmmI9vJ" performance="soloist" grossFee="-125885074.85"
                     modifier="B" IPI="ZszCpSi3dlKNFlEiVZQ5HvTa" birthDate="2019-10-24Z"/>
                <Participant name="aY" role="subscriptwriter" IPDN="wEy4fx" performance="soloist" grossFee="-854682927.26" modifier="A"
                     IPI="YZGiKms" birthDate="2019-11-04Z"/>
                <Participant name="f3h6" role="subscriptwriter" IPDN="NLVUcEAVkZe" performance="soloist" grossFee="-899620843.91"
                     modifier="C" IPI="y96vIbcvLmexsklwx" birthDate="2019-05-19"/>
                <Participant name="b9NMDvr" role="sound engineer" IPDN="b6gl" performance="main" grossFee="847219809.49" modifier="B"
                     IPI="NG1X" birthDate="2020-05-24Z"/>
                <Participant name="fEkL.HzMMmkrf" role="performer" IPDN="H_HQ2iE4Rifx357y1ZVgTE7" performance="supporting" grossFee="1214206907.79"
                     modifier="C" IPI="zaT8iAx0M" birthDate="2018-12-28Z"/>
                <Participant name="N9E8lD4EHMXXQNd1hbdzpl2" role="scriptwriter" IPDN="GvfOHeJ8NlSJY_" performance="conductor" grossFee="34491738.80"
                     modifier="C" IPI="hSduFQzHmp-UNB" birthDate="2018-07-22Z"/>
                <Participant name="gsPPFwD" role="subscriptwriter" IPDN="LaZaMZALECWP.l3KNDfZZ6u54Khu" performance="chorus master"
                     grossFee="1280237660.87" modifier="A" IPI="ZzgD9af" birthDate="2019-07-05Z"/>
            </Participants>
        </Record>
        <Record title="pFra4BuGXKgEO" spins="483896755" ISRC="RETVQ24O2DZX" year="7947" producer="DYXglJ7AyGf" label="ViUDP-_4eZoE4VK40dVRm"
             recordNo="Lru" serialNumber="f4b2_1dkc06Oo1QhEnP9g" isPremiere="0" usage="broadcast" ISWC="Ci0l-2eP0An7yRh7"
             AKA="_2zzA8olW5HBSTyS" genre="composed" broadcastedFrom="2019-09-14T11:21:16" broadcastedTo="2019-05-09T11:21:16Z"
             runtime="414354383" origin="report" alternativeTitle="wDjBgtg3N" recordedFootage="156896401">
            <Participants>
                <Participant name="cjxyib" role="scriptwriter" IPDN="vXQv3EH-sZPFGKS2YxpRoLJRSM_i" performance="supporting" grossFee="1101464243.45"
                     modifier="A" IPI="r1nyXlFDUGxPY8DieAN-Lj6vJia" birthDate="2019-03-07"/>
                <Participant name="VAUklrNJR5ONYU1Bmt" role="scriptwriter" IPDN="Zks" performance="conductor" grossFee="-1288176340.75"
                     modifier="B" IPI="YoClBBM09" birthDate="2019-05-30"/>
                <Participant name="BgTp2EA5R" role="performer" IPDN="tm" performance="main" grossFee="-804568142.64" modifier="C"
                     IPI="CRtsa" birthDate="2019-03-15Z"/>
                <Participant name="o-FdZA-H1" role="scriptwriter" IPDN="WnGjw3hu" performance="supporting" grossFee="-2146955674.04"
                     modifier="C" IPI="lZ6lnqLIVlySg75CDl6sPfFpPOq3" birthDate="2019-05-02Z"/>
                <Participant name="RAtk" role="composer" IPDN="MO71b7F2_JogXhzb4.EMEO0I" performance="chorus master" grossFee="986914172.49"
                     modifier="C" IPI="dSRIBzSj45wL.w0CA9h" birthDate="2018-07-26"/>
                <Participant name="rcQZYicMf9w" role="subscriptwriter" IPDN="CjmksrZzgYGM85Wt_txQM94GTPaH" performance="supporting"
                     grossFee="-676519146.96" modifier="B" IPI="RWVH4aYGMdH2Tv" birthDate="2019-01-16"/>
                <Participant name="DRgzsOsqq9n7aM-uI4MBEW7hd9S" role="composer" IPDN="UkOl5GT" performance="conductor" grossFee="-1573003865.76"
                     modifier="C" IPI="wey-6SVNm2dveRRl.JPC" birthDate="2019-06-07Z"/>
                <Participant name="hws3AYTj9OVR3knkFzQjYl" role="performer" IPDN="NiJsV890o" performance="soloist" grossFee="-731604906.05"
                     modifier="B" IPI="s3KAodFKYl0JJh" birthDate="2018-10-08Z"/>
                <Participant name="nidljZZ61J4nElaU2qMQ1AjoZQ-YgQ" role="performer" IPDN="a4XGswZ1Tuc8GONOV6DnxLNn" performance="main"
                     grossFee="-428727209.64" modifier="C" IPI="mkCPdlWy2qJm" birthDate="2019-05-03"/>
                <Participant name="tqXCMWGHn.Spk" role="sound engineer" IPDN="d_Y-BxW.vVnongmaQ" performance="main" grossFee="2138491364.84"
                     modifier="B" IPI="HpYqtGl" birthDate="2020-01-21Z"/>
            </Participants>
        </Record>
        <Record title="jm7Z1xPFWS0YcmjH_" spins="1637778804" ISRC="66CZ86P0WE39" year="1268" producer="JfhMjGVoX_w"
             label="jmRC6exNeO8O-" recordNo="c" serialNumber="B4IKgrTnRp3q8vbQcY8DGvUFCiJiV" isPremiere="false"
             usage="jingle" ISWC="GbERabrscD9-Pvb7f9aFEbQTmC6Wxu" AKA="rDwODXSdKBaqxpG2JIh" genre="commercial"
             broadcastedFrom="2019-06-06T11:21:16Z" broadcastedTo="2019-01-23T11:21:16" runtime="814277003"
             origin="commercial" alternativeTitle="_rhAs" recordedFootage="1556338461">
            <Participants>
                <Participant name="DPH.a9pZUZfLfEU-9cLTQ9" role="music director" IPDN="p" performance="supporting" grossFee="-1784726993.10"
                     modifier="C" IPI="TVLHJdM3P4B1Rl0E2AXsf" birthDate="2020-05-18Z"/>
                <Participant name="gvZbM" role="producer" IPDN="S87yt1ujJoWKBvacG.mO8oF" performance="main" grossFee="1312448625.76"
                     modifier="B" IPI="ypWFFSJxJEHUk2NIIL" birthDate="2018-12-10Z"/>
                <Participant name="bh51xcDbFKmFu" role="sound engineer" IPDN="baKii3Zu2.vYD" performance="soloist" grossFee="-1717390827.34"
                     modifier="A" IPI="hv_xYx1tQzzY" birthDate="2018-12-23Z"/>
                <Participant name="xQIrMaUa7GKepEm2TM_e3c9.OB_q" role="sound engineer" IPDN="Z" performance="chorus master" grossFee="2037113169.03"
                     modifier="B" IPI="Gf6K55b9VpHQzzZsw" birthDate="2019-09-25Z"/>
                <Participant name="JQ6XnxLq40zt5q.." role="sound engineer" IPDN="nLyNVQ.sNyeDnBefu6g1XOvMZ-ng" performance="chorus master"
                     grossFee="-980259077.61" modifier="B" IPI="sm-vooipZlYDJ_" birthDate="2018-08-27Z"/>
                <Participant name="guRYYtyoaumIM0coc" role="music director" IPDN="JYqY48pZFFsKQwawk1" performance="conductor" grossFee="1750543964.06"
                     modifier="A" IPI="gafTF8Qt84F.gQcg-jI" birthDate="2019-01-26Z"/>
                <Participant name="RW" role="sound engineer" IPDN="ZWZ-.63M0M3EfmchPmpRKjP" performance="supporting" grossFee="91481269.05"
                     modifier="B" IPI="jPa-lBbs9j7N" birthDate="2019-04-19"/>
                <Participant name="xlqXuzx.LgEAO" role="music director" IPDN="FBXDQJWJUDZ34NHyhy" performance="soloist" grossFee="-581297256.03"
                     modifier="C" IPI="Tuw6UVF6LyItlqupOqk" birthDate="2020-03-18Z"/>
                <Participant name="It.uyDV95H-EOK9eEtdbLwS" role="remixer" IPDN="Tv0fsdlIH" performance="supporting" grossFee="1805761251.66"
                     modifier="C" IPI="YMvcQWK5N1v2_Y2wQOL" birthDate="2020-01-25"/>
                <Participant name="tnQ9oXt54RFNQnouqIOgBX" role="subscriptwriter" IPDN="l8smKhrbK4N" performance="soloist" grossFee="1638587434.94"
                     modifier="B" IPI="FPgMZAPnjkp0_LK" birthDate="2020-04-15Z"/>
            </Participants>
        </Record>
        <Record title="rJhe1vCkRx" spins="192645506" ISRC="80W3PLS243FT" year="5924" producer="K5RjwXs1G" label="tXID_GfAq0xWLssm_NC"
             recordNo="N0HgWj3tBSZtqXUFEOq" serialNumber="EiM" isPremiere="1" usage="jingle" ISWC="QM4vlKsfnHJwuGWkvpeWHg0PjYp-1"
             AKA="EsUsqemyeDmFiU5MxLMLl" genre="commercial" broadcastedFrom="2018-11-15T11:21:16" broadcastedTo="2019-04-09T11:21:16"
             runtime="354493052" origin="report" alternativeTitle="Gr94A" recordedFootage="890225363">
            <Participants>
                <Participant name="Ih" role="sound engineer" IPDN="G4KDP4yw2_EMWJocdGUSWbb" performance="chorus master" grossFee="-1312760964.38"
                     modifier="B" IPI="NCUMm5J4GSH8MfXSnFOfTdMkjZSO" birthDate="2018-08-08"/>
                <Participant name="wTJSsl" role="remixer" IPDN="UkpYD" performance="supporting" grossFee="527083945.49" modifier="A"
                     IPI="A0XcT" birthDate="2019-09-17"/>
                <Participant name="dCz2PJR5WAoHd_R" role="remixer" IPDN="dW_u9TMKFViEIlV" performance="main" grossFee="1052821506.38"
                     modifier="C" IPI="y5X5VE" birthDate="2019-04-07"/>
                <Participant name="Tas" role="subscriptwriter" IPDN="OwMZrtYbd" performance="main" grossFee="173610016.51" modifier="C"
                     IPI="b15HxvOy" birthDate="2019-02-05"/>
                <Participant name="Rz-4e.ChCqPKQHKu" role="performer" IPDN="j48uA62RlDkmM4xNvz8W_N" performance="soloist" grossFee="1580286176.57"
                     modifier="B" IPI="p2f9d.eMLRbb4a1eNDzYPb.oae" birthDate="2018-12-26Z"/>
                <Participant name="KWJ2JvfS8xApOX8KQUGSr" role="scriptwriter" IPDN="_jajzvx" performance="conductor" grossFee="-330786216.59"
                     modifier="A" IPI="OfErU8MP_I" birthDate="2020-02-15Z"/>
                <Participant name="hV_9-txe1uxedB7Y17" role="remixer" IPDN="Y-cM" performance="main" grossFee="-775164856.09" modifier="B"
                     IPI="e-" birthDate="2019-03-18"/>
                <Participant name="aDpZq7r-mqbnxTO1j4Jf16" role="composer" IPDN="YgIQU6N9AW8" performance="main" grossFee="400816141.44"
                     modifier="C" IPI="JAG5SoYv" birthDate="2018-11-18"/>
                <Participant name="CDd43egsXph0YU2BVjLl3COmp2M" role="producer" IPDN="V" performance="chorus master" grossFee="-501885352.20"
                     modifier="A" IPI="SgrkOBmVdFXF3e" birthDate="2019-09-11"/>
                <Participant name="o" role="scriptwriter" IPDN="Ki05_VpgQ_a1Gkw9Icfx" performance="soloist" grossFee="2004623012.01"
                     modifier="B" IPI="qZB7VnopnnFSt" birthDate="2018-07-31"/>
            </Participants>
        </Record>
        <Record title="N5A4airYE3e_rmpoIdEmIsGz" spins="490642860" ISRC="BU8K15865X12" year="0564" producer="zR9uIGTXv"
             label="L" recordNo="Cf0" serialNumber="fNh9Mm2-FV45" isPremiere="0" usage="commercial" ISWC="fT"
             AKA="JSlMNPfb3zD" genre="spoken word" broadcastedFrom="2018-12-11T11:21:16" broadcastedTo="2018-12-20T11:21:16"
             runtime="977204377" origin="commercial" alternativeTitle="CEZL" recordedFootage="254337761">
            <Participants>
                <Participant name="RwrKz8WfTYvPdC" role="arranger" IPDN="Vi4U3y" performance="conductor" grossFee="-1184676187.58"
                     modifier="B" IPI="uCGLGoqWVl0ktVcI3xRktBf" birthDate="2019-03-04Z"/>
                <Participant name="CId6E" role="arranger" IPDN="gYjWzY7tV-8VbJ71FTvw3D" performance="conductor" grossFee="1638559737.97"
                     modifier="A" IPI="JeVvX_F9WwzU" birthDate="2020-05-18Z"/>
                <Participant name="cjcJ" role="music director" IPDN="KK.6FUnt9rvjIDK-cpcaf" performance="conductor" grossFee="643821860.79"
                     modifier="A" IPI="jR.gz2M7.v" birthDate="2019-06-26Z"/>
                <Participant name="gmRT9l..A9P" role="subscriptwriter" IPDN="aum" performance="conductor" grossFee="1044001414.18"
                     modifier="A" IPI="PgcTD-fhyNWF8" birthDate="2018-08-20"/>
                <Participant name="RCAX90WHcdoMrdVhQcNSyXfk" role="remixer" IPDN="OV3ZIoZrspQ.7gFIDiW_J1B-PuxcD" performance="soloist"
                     grossFee="1858274884.47" modifier="B" IPI="y44kJDUX1xsVF5xPMEEJ" birthDate="2018-07-16Z"/>
                <Participant name="YeJCFSBmrXISMgkI_x-Pm1xCk6j5." role="performer" IPDN="n6F" performance="conductor" grossFee="2016113360.51"
                     modifier="C" IPI="oRyyi" birthDate="2019-11-01"/>
                <Participant name="q_w" role="producer" IPDN="rvgQUm10" performance="soloist" grossFee="-1814298836.63" modifier="C"
                     IPI="EDwaL_" birthDate="2019-06-09Z"/>
                <Participant name="RCVj-LzNWv8VIf" role="music director" IPDN="PNkxmwfjTVkLZ05E_b" performance="main" grossFee="2123373997.91"
                     modifier="A" IPI="Fgedvq0oxXVIyYH9geBNlSf2d" birthDate="2019-09-15"/>
                <Participant name="CEOXJRtQOFwcWa1dqBr99CAx4I" role="composer" IPDN="sbqqyjm782b_g_0Ev.7L9cKC0Zm" performance="supporting"
                     grossFee="-2134958719.60" modifier="C" IPI="XKwa-" birthDate="2019-12-03Z"/>
                <Participant name="rc" role="sound engineer" IPDN="YpbolO" performance="soloist" grossFee="1791734702.57" modifier="C"
                     IPI="avGRXOG6XHi-SmKQfRScZJyR8F" birthDate="2020-03-09Z"/>
            </Participants>
        </Record>
        <Record title="VVZ0dqdqYNezQ5Kbd2Gs" spins="361238877" ISRC="1C3T8QYU2FQ0" year="4582" producer="B6O_Q-wYNRXV"
             label="PfF94JarZGV" recordNo="QDxSL7hSzSIoT.5EBV6z0QcLf" serialNumber="uc.XFDXFPz523Zfm"
             isPremiere="true" usage="broadcast" ISWC="IJT04grwF7TO5PbK5CCh" AKA="C1g16Oo1d4" genre="classical"
             broadcastedFrom="2019-09-26T11:21:16Z" broadcastedTo="2020-02-20T11:21:16Z" runtime="1719200653"
             origin="free of charge" alternativeTitle="rX-9yX0x3GHB-T0fm1TUCU9" recordedFootage="1746849589">
            <Participants>
                <Participant name="uS2c_haDs_T" role="sound engineer" IPDN="k7Fv0MosW19PNvU" performance="main" grossFee="-1171665473.60"
                     modifier="C" IPI="DJ24HiM24C5PoPG-92GnlZu9NiRti_" birthDate="2020-01-29Z"/>
                <Participant name="DxTMqZG8qL" role="remixer" IPDN="H5y..yhz9Wf" performance="supporting" grossFee="1598657233.17"
                     modifier="B" IPI="GAQz1JE9BzGNDTUmaUJlYrVDmv" birthDate="2019-03-03Z"/>
                <Participant name="yQFLioEJ1925LfWWi3Uj-qS1SPDd" role="composer" IPDN="GnrY7z50GhgYGB_" performance="conductor" grossFee="-806893514.65"
                     modifier="A" IPI="__X" birthDate="2018-07-29"/>
                <Participant name="Bd6zN8LfmTOhmWqkS4Y" role="scriptwriter" IPDN="ajbvuZu" performance="chorus master" grossFee="1983486509.54"
                     modifier="A" IPI="lIsLyY" birthDate="2019-04-22Z"/>
                <Participant name="GdXg1MhNRG0JrIKQ7.X.yBmw2pRCrl" role="subscriptwriter" IPDN="l4L8ggNsONsLK0" performance="supporting"
                     grossFee="-1645760164.15" modifier="A" IPI="hLDd2.Oy4ZsqCn3vHdYqMT" birthDate="2020-03-28"/>
                <Participant name="afe.YoepIYr5HroFWlW8ooOjby" role="music director" IPDN="ULOYQ5JiaV540SL" performance="main" grossFee="139729207.59"
                     modifier="A" IPI="MuM3ZOa3X9sug8LUp5XNdmLahE" birthDate="2018-07-09Z"/>
                <Participant name="Qmd4jESXWP2ZwucXWXIXwi" role="remixer" IPDN="hphbT49q00aSXOaRUVp_k4M_asw" performance="conductor"
                     grossFee="425982277.45" modifier="A" IPI="fZYVb9A_TSJ9y-L" birthDate="2018-11-20Z"/>
                <Participant name="lnS" role="performer" IPDN="pdZ" performance="supporting" grossFee="-506377893.75" modifier="B"
                     IPI="JRKveIid7m" birthDate="2018-12-06Z"/>
                <Participant name="yckrOp.TlDJmMwZpx" role="composer" IPDN="WpkQqOmDKMnpndC_sID_" performance="main" grossFee="405252991.93"
                     modifier="C" IPI="Z" birthDate="2018-08-08Z"/>
                <Participant name="lQfSOnPAccfL6sVdjLxh9tH" role="producer" IPDN="EuuE6xecdT" performance="conductor" grossFee="1068706156.09"
                     modifier="B" IPI="UBiZBM5VeauaDVXWi" birthDate="2020-05-25"/>
            </Participants>
        </Record>
        <Record title="d2l6La.Z2cJpw5GQDr_l7M2" spins="2125765451" ISRC="04BMN37N079R" year="5878" producer="R" label="B1an3r1J_"
             recordNo="iBMH" serialNumber="T.k2cz" isPremiere="false" usage="jingle" ISWC="jxtX" AKA="lecVfTGYrO"
             genre="jingle" broadcastedFrom="2018-09-05T11:21:16Z" broadcastedTo="2019-12-26T11:21:16Z"
             runtime="647162967" origin="free of charge" alternativeTitle="A2mgWuG6hPVL6g0A5" recordedFootage="1400599531">
            <Participants>
                <Participant name="oGrTUihG3CauLpE" role="remixer" IPDN="hyWBzW12V2n-KITSceOY6yqthbtc" performance="main" grossFee="680487577.67"
                     modifier="A" IPI="vsjTGzFEM" birthDate="2019-07-04"/>
                <Participant name="OFqhXyBf1CBq5SZEMqyJHAsuuk" role="arranger" IPDN="T" performance="supporting" grossFee="1250101921.80"
                     modifier="C" IPI="MUs7Vk" birthDate="2019-05-26"/>
                <Participant name="TmA0W69c" role="sound engineer" IPDN="pqkc7o" performance="chorus master" grossFee="-1094579237.14"
                     modifier="B" IPI="quGkHZe" birthDate="2018-10-05"/>
                <Participant name="SEF7Y-ImB" role="performer" IPDN="Vs.aDjZV7PxEfMyJXmRfYb1qUX" performance="chorus master" grossFee="-2041853081.82"
                     modifier="B" IPI="YtT5P.QL" birthDate="2019-12-30"/>
                <Participant name="ilpmHDRWr9C" role="subscriptwriter" IPDN="PJyMXDe2b.LNnX71Vhe1YWPl" performance="chorus master"
                     grossFee="-295180068.68" modifier="B" IPI="l1DRE7" birthDate="2019-05-11Z"/>
                <Participant name="qoM20vMpA8Io19MSt" role="performer" IPDN="YqXISlKLUQwuhQ_eRcp" performance="main" grossFee="861838676.01"
                     modifier="C" IPI="f8HNC7Zaa-f2p" birthDate="2019-09-15"/>
                <Participant name="u4NdhU4XYPc7OdokFF" role="performer" IPDN="udB4jDy" performance="chorus master" grossFee="86410355.14"
                     modifier="A" IPI="w6u-CvMQq" birthDate="2019-08-24Z"/>
                <Participant name="eGquepDafJ1wlDO_8" role="composer" IPDN="TsSeP785p1ltzppsdAj66abSk2m9vy" performance="soloist"
                     grossFee="2962523.72" modifier="A" IPI="ddYDYOoSADL1b" birthDate="2019-04-12Z"/>
                <Participant name="JPgPGkbtfTgXhOmwKOtrJd.L2Dh3p" role="composer" IPDN="OVq" performance="soloist" grossFee="492244820.62"
                     modifier="A" IPI="z7xkGjCVKnM3.8ZsqRdD3HyrxD" birthDate="2020-04-23Z"/>
                <Participant name="YlwmiqkiW" role="sound engineer" IPDN="vCvJp.LHqx-mNRTGuOeGJbF8ZPkh" performance="main" grossFee="1207386849.85"
                     modifier="A" IPI="tO3he" birthDate="2018-07-30"/>
            </Participants>
        </Record>
    </Record>
    <Record title="X6HENsJI" spins="632959832" ISRC="KJ76MQSCIV6J" year="4879" producer="KGQ" label="pIsGn2DpfMCX"
         recordNo="AYj4qzpFbrPCdK6HNnim." serialNumber="f6eKddu-XyFOFh_" isPremiere="false" usage="jingle"
         ISWC="KpoamRXe_w47u5Wd4fW" AKA="OneQnum6X95s8Qn4joWHsjO" genre="spoken word" broadcastedFrom="2018-11-14T11:21:16Z"
         broadcastedTo="2020-03-08T11:21:16" runtime="1005121344" origin="self" alternativeTitle="TmdzjFAaf"
         recordedFootage="1994239633">
        <Participants>
            <Participant name="yJFt" role="scriptwriter" IPDN="wiGbTeOHZUUjSbr_NHNpFyJIrx7W0" performance="chorus master" grossFee="948386188.76"
                 modifier="B" IPI="W54t1QYXKopgPahy6" birthDate="2019-06-30"/>
            <Participant name="POLqSpjnGbgUCZo_qu8xX" role="sound engineer" IPDN="h-RjVDju" performance="supporting" grossFee="-1935550013.17"
                 modifier="A" IPI="CttlQRI9SVuVDUnaS" birthDate="2018-09-14"/>
            <Participant name="X_lOnCa090NuhXSAii9yqOjR5j" role="sound engineer" IPDN="FzZM5VILTA7wd6zS" performance="conductor"
                 grossFee="-786535742.87" modifier="B" IPI="k3" birthDate="2019-04-30Z"/>
            <Participant name="zaINZnpYkaFRj2CzJEgLbe" role="performer" IPDN="PKA6fcTo7gGk4qm3.kA" performance="chorus master"
                 grossFee="-987242863.51" modifier="C" IPI="h2Kllj0FB.d1XGFM_snCoYP0" birthDate="2018-10-28"/>
            <Participant name="JH3a7" role="composer" IPDN="ZRftmkW540Se9uUTnj5Uw" performance="chorus master" grossFee="-1949954214.59"
                 modifier="C" IPI="hidE" birthDate="2019-10-18"/>
            <Participant name="ig9xSTt" role="composer" IPDN="PpUlXoWJ6H" performance="soloist" grossFee="-1647650738.46" modifier="B"
                 IPI="OYyVATlMFR3aZCVdkplq" birthDate="2019-03-01Z"/>
            <Participant name="bdKe" role="composer" IPDN="mV" performance="chorus master" grossFee="150143668.52" modifier="A"
                 IPI="Ap" birthDate="2020-05-18Z"/>
            <Participant name="mkyLMBOoQIG.Ok2l.UZhoTzEiovZt" role="remixer" IPDN="jMzmsi0.0d-N7i1Un5" performance="conductor"
                 grossFee="1987526688.35" modifier="B" IPI="PqIBA1C2CihW8dizazdhQ" birthDate="2019-02-25"/>
            <Participant name="mxzgCFBBqyDPuWVv" role="remixer" IPDN="TbPgoLF" performance="supporting" grossFee="886672315.18"
                 modifier="B" IPI="juX" birthDate="2019-05-25"/>
            <Participant name="sF9MZ" role="scriptwriter" IPDN="LTPXoK" performance="soloist" grossFee="1613270918.79" modifier="A"
                 IPI="ohdh8FBKRhIz12NKstAd4uRkBimBb" birthDate="2020-02-17"/>
        </Participants>
        <Record title="ga9XyT60B1IUgemetnxjYUNE3bR8" spins="2131351263" ISRC="F0FY5T46690L" year="3368" producer="ZZdVWH-1Hx4cG1hJs.Zu5lMHn"
             label="A7oq18AcyUkdfbXHLmVaQR73" recordNo="SSg-.4mugx.vPbcm_" serialNumber="geM1rc" isPremiere="0"
             usage="jingle" ISWC="O." AKA="P" genre="composed" broadcastedFrom="2019-10-12T11:21:16Z"
             broadcastedTo="2019-02-24T11:21:16" runtime="295259649" origin="self" alternativeTitle="iRDkE"
             recordedFootage="2038553968">
            <Participants>
                <Participant name="HCsPwgyhI8ng8GqQ" role="composer" IPDN="WU" performance="supporting" grossFee="-379077660.27"
                     modifier="C" IPI="XywTxnYWvfHNio3v7eJdr.mY" birthDate="2020-02-24Z"/>
                <Participant name="H5OU" role="scriptwriter" IPDN="HiFQLeWHNfngD67alynXOdAGle" performance="conductor" grossFee="-1409273450.40"
                     modifier="C" IPI="mINabknLk1UL9" birthDate="2019-02-01Z"/>
                <Participant name="W" role="sound engineer" IPDN="kddqk2tpBKmHUiF.Zb" performance="supporting" grossFee="1179745476.93"
                     modifier="C" IPI="KhDltbvOWpcdFvOFfP04bYyV7yM" birthDate="2019-05-01Z"/>
                <Participant name="mvwNqxg5B-KU995LRGWXLVQfzMyqIG" role="remixer" IPDN="IMa85DN24b1OYF8zHzGYrD" performance="soloist"
                     grossFee="-918679868.41" modifier="B" IPI="B2Q.1UEVtTSZHVR-qBLkau.j" birthDate="2019-05-23Z"/>
                <Participant name="GcCXGdJlw.7lvnz" role="scriptwriter" IPDN="OTh4ZkZg-u.-pmC" performance="supporting" grossFee="113545841.98"
                     modifier="A" IPI="i4nyLApFN4o_dCunW" birthDate="2019-11-17"/>
                <Participant name="Czt8qgbonxl8JXRU2lY_" role="composer" IPDN="l0TCZL1MeCp7eNDXvjNEPy" performance="soloist" grossFee="907328.87"
                     modifier="B" IPI="HPesl8Yd" birthDate="2019-08-05"/>
                <Participant name="SnIWO49NZrUkXilO1EY7TfS4eEo_Da" role="subscriptwriter" IPDN="SwSSeny5ZTzYbHtYG4" performance="chorus master"
                     grossFee="-1508590526.44" modifier="B" IPI="xr2qhVwAwbCZYYAr-CQZ75" birthDate="2019-06-16"/>
                <Participant name="nIa6dm_D9lD4sR.he6g_3MJy" role="arranger" IPDN="ESOKiqVxRNNPszcMr" performance="supporting" grossFee="-783128809.94"
                     modifier="C" IPI="KmWRoQkj.Wz" birthDate="2018-08-05"/>
                <Participant name="iWS" role="sound engineer" IPDN="skUx6uCNMwao6l_rWFkHv2gBIq" performance="chorus master" grossFee="-73028142.81"
                     modifier="A" IPI="jjXzXVOD4uXn-1IjDjbB" birthDate="2020-02-27Z"/>
                <Participant name="J" role="scriptwriter" IPDN="vczsCwrBPbQtMbgdySXUINuTMVgW.X" performance="soloist" grossFee="-823057673.95"
                     modifier="B" IPI="W8ac8STDe4m55nbJewbckaYl" birthDate="2019-03-22Z"/>
            </Participants>
        </Record>
        <Record title="i8Rh3GpWFleKfcG8" spins="309404144" ISRC="CG1MO4S3M926" year="7221" producer="_2ZAw3z-Xx_khxwrwrz1kA"
             label="U5nvulbUEC" recordNo="Roru" serialNumber="H1" isPremiere="0" usage="jingle" ISWC="JHTcVc72opuSNK9LTsWc1rL-j8p"
             AKA="uBg_P.stS23rXlRnjNwr7KYdR8" genre="classical" broadcastedFrom="2019-12-27T11:21:16Z"
             broadcastedTo="2019-02-22T11:21:16" runtime="1125238864" origin="free of charge" alternativeTitle="A2A0qEg42hAhXB8vCsZuC7UpNABs0"
             recordedFootage="196475525">
            <Participants>
                <Participant name="jRu3uMvmKstZsdyB8jdc" role="producer" IPDN="LWQF2jdEZUXKWWl7" performance="main" grossFee="584291652.55"
                     modifier="B" IPI="YsCT" birthDate="2018-11-12"/>
                <Participant name="_ENmsDAmlE" role="composer" IPDN="JAixD87IlotP3JFA6-" performance="chorus master" grossFee="-1470988527.49"
                     modifier="C" IPI="G7bX74_c7NAqZ3KfKm9J9xFvxA" birthDate="2019-08-20"/>
                <Participant name="t4q-ZELCf4wDY3ty" role="remixer" IPDN="U.sQRSHb.K3R5sxGv" performance="chorus master" grossFee="-923029122.63"
                     modifier="C" IPI="M_Z-b1uh" birthDate="2018-09-27"/>
                <Participant name="JZC_bYBTlA4aOI.sXINHsN1MS5Uk" role="scriptwriter" IPDN="i7nqtMG9J0EOmqyhNYEGnK5q" performance="supporting"
                     grossFee="-176440562.11" modifier="A" IPI="NHm" birthDate="2018-07-07"/>
                <Participant name="SFX_rnD_Az3HNEd4861_p6deNAwj0" role="producer" IPDN="FWsSYRlx06cSZCLAau0" performance="supporting"
                     grossFee="-2035933302.95" modifier="B" IPI="uIgI4kae86ca3Hi6CxK398J" birthDate="2019-01-05"/>
                <Participant name="K" role="producer" IPDN="VrqybbXNRs" performance="conductor" grossFee="2074609215.16" modifier="C"
                     IPI="R-" birthDate="2019-06-04Z"/>
                <Participant name="xtjEpRPU_Ymfgk3y" role="arranger" IPDN="PTC" performance="main" grossFee="-92013670.46" modifier="A"
                     IPI="v_A4ILDYfM-82ym1x1LxXDmhLTSW2M" birthDate="2019-06-09"/>
                <Participant name="O-B3QceDCr7A" role="arranger" IPDN="spsQJAV10Z-f1viXFzzCs-MuF" performance="main" grossFee="-523994237.76"
                     modifier="C" IPI="v5nl4n1FZ7AZzeEWh1" birthDate="2020-03-23Z"/>
                <Participant name="J9xL_SEyE2DY" role="producer" IPDN="ZP7TDUqZ7GzJJUmqBEToMDUM" performance="soloist" grossFee="-1993971513.69"
                     modifier="C" IPI="iDkUo" birthDate="2019-11-27Z"/>
                <Participant name="tobcYgNjbcLmQvA45e" role="producer" IPDN="O0t51s" performance="conductor" grossFee="148407506.55"
                     modifier="B" IPI="CQ2geLtRmv1uP8DgGed_WCERulT" birthDate="2018-08-13Z"/>
            </Participants>
        </Record>
        <Record title="mr3TNz6Vof9KguQzz60U" spins="1346925313" ISRC="7MJTG9HIE018" year="6118" producer="zodlofpQA"
             label="B4X8mAqf6RMeGnlbKlP0T8CH" recordNo="FGiVHC24cYRXoOWzZuFHP3CKkw" serialNumber="eXRDDoZ3BMwyyL-gpysFm0SWzw"
             isPremiere="0" usage="jingle" ISWC="ay6ySKt7YEGPASP" AKA="fVwL33qPLLPg0LjlFc" genre="commercial"
             broadcastedFrom="2019-01-16T11:21:16Z" broadcastedTo="2020-03-23T11:21:16" runtime="535798287"
             origin="free usage" alternativeTitle="Wqf.C8br" recordedFootage="278406994">
            <Participants>
                <Participant name="nbDBgExuu1i5HWzmLlT3i" role="performer" IPDN="HqRq5JIek2ggHxGqBP" performance="conductor" grossFee="2033173426.78"
                     modifier="B" IPI="S6UV5-_IWBPElkR" birthDate="2018-07-17Z"/>
                <Participant name="PaQAK5jaM_VDfRnLG" role="subscriptwriter" IPDN="EF5n_WDPUXI1IfWJ7DkAMON3Y" performance="main"
                     grossFee="-654380051.52" modifier="A" IPI="vXyJ6TGe1-kztKA3qE" birthDate="2019-11-13Z"/>
                <Participant name="EZgLiqBJNS3efrc7KBcWX" role="performer" IPDN="X4DPBXi_bG4Ku7KOlnJQ-IT4GOK" performance="conductor"
                     grossFee="1486951117.28" modifier="B" IPI="L-KUQMwKJ51m5SghCq0_bN2c89i" birthDate="2018-11-04Z"/>
                <Participant name="hlNOV82m" role="remixer" IPDN="EIXc_.fPDB2GlrJHGg." performance="supporting" grossFee="-1664387250.79"
                     modifier="B" IPI="cShz" birthDate="2018-12-25Z"/>
                <Participant name="TOhs1OMWIit" role="scriptwriter" IPDN="EXnRYj.hp8yTRKWG9sF0Lv0" performance="conductor" grossFee="1309338502.49"
                     modifier="B" IPI="ij8-" birthDate="2020-06-12"/>
                <Participant name="edII2UDPz" role="producer" IPDN="M1YpqN" performance="conductor" grossFee="1754734278.05" modifier="B"
                     IPI="n" birthDate="2019-01-01"/>
                <Participant name="e" role="music director" IPDN="tNmH" performance="conductor" grossFee="1756489469.90" modifier="A"
                     IPI="sdTuJQSAOp2vRzrthWTXSb" birthDate="2020-04-21Z"/>
                <Participant name="dkSOtPQ" role="remixer" IPDN="XIYH" performance="chorus master" grossFee="-2066822124.54" modifier="C"
                     IPI="rYH1G02AY0Pq5EY1Z5k_xWWLq" birthDate="2018-07-14Z"/>
                <Participant name="CV" role="arranger" IPDN="GiWZDWi" performance="main" grossFee="-451820152.93" modifier="C" IPI="FFESuqwpNf9XZJJa"
                     birthDate="2019-03-02"/>
                <Participant name="VoQhyN-94gxlzJAJOsbZ" role="scriptwriter" IPDN="lmJgzo1ROUgPF" performance="soloist" grossFee="1414523091.96"
                     modifier="A" IPI="us9nKMhdUQQ" birthDate="2018-08-11"/>
            </Participants>
        </Record>
        <Record title="tILNFz6MxE38S13E7" spins="1322650811" ISRC="Z7644OU3J1A7" year="9909" producer="q2f5itXlnox0Zk9bBpaAWtgC_"
             label="Vn" recordNo="P9Ot3FlUUO4mXwFl" serialNumber="twqkaSqalmER750b2bCxUO" isPremiere="0"
             usage="broadcast" ISWC="fleIN9KQvCIf_ufNPSGEpc" AKA="a1nZ" genre="commercial" broadcastedFrom="2019-03-19T11:21:16"
             broadcastedTo="2019-05-18T11:21:16Z" runtime="1985379348" origin="commercial" alternativeTitle="cffpEK"
             recordedFootage="631809924">
            <Participants>
                <Participant name="MspqvUkDiInRwz5UWRH" role="scriptwriter" IPDN="l77B9TwV_" performance="chorus master" grossFee="-2140911605.62"
                     modifier="C" IPI="o4Q_L0h_t7cg8JyFw" birthDate="2019-10-15"/>
                <Participant name="DVVp" role="performer" IPDN="TrLb" performance="chorus master" grossFee="545966077.96" modifier="C"
                     IPI="tfAb91KnhpgJHlmBaT0" birthDate="2018-12-31"/>
                <Participant name="s8jRpnt76ROCxPLa-" role="scriptwriter" IPDN="wnmPLgBdWJ" performance="main" grossFee="1771034634.65"
                     modifier="B" IPI="QUJlQetDZxReaYXPT1jUyOKB7C75OV" birthDate="2019-12-03"/>
                <Participant name="T" role="performer" IPDN="B6wXVhpu5MUzInypGVJL3aPgJp" performance="supporting" grossFee="320337987.82"
                     modifier="A" IPI="uks_NVr" birthDate="2019-10-28"/>
                <Participant name="FATmbRkILFa" role="music director" IPDN="tTfm0EXdBHUBpRmdq1H.Wb" performance="supporting" grossFee="-1014106263.71"
                     modifier="C" IPI="U3njNokG5o5tVAko" birthDate="2018-12-19Z"/>
                <Participant name="eIdPQOwXxChY1" role="producer" IPDN="hS" performance="supporting" grossFee="1450885027.73" modifier="C"
                     IPI="v_Gr5PQ1uUuURkYPR4xXIO" birthDate="2018-11-24Z"/>
                <Participant name="R3R65H1adT7" role="subscriptwriter" IPDN="M" performance="conductor" grossFee="-2039439616.82"
                     modifier="B" IPI="PAQh" birthDate="2019-04-27Z"/>
                <Participant name="sHYDnji8Y.RKr2Mc.FXA" role="sound engineer" IPDN="fN4_S67X8jTCjI4OTaL" performance="soloist" grossFee="742402248.43"
                     modifier="A" IPI="y5166jACrk_aMxZ9U9b06NGVZ" birthDate="2019-09-17"/>
                <Participant name="MlD" role="composer" IPDN="xm" performance="soloist" grossFee="-1084966951.92" modifier="A" IPI="u"
                     birthDate="2019-07-04Z"/>
                <Participant name="f4T0nge_4r6r46hcDkkA3.QQ9k" role="producer" IPDN="I909Iu6-f_4atCAtwl" performance="conductor"
                     grossFee="958123984.27" modifier="C" IPI="xvZoMRBPR6n-p" birthDate="2020-06-15Z"/>
            </Participants>
        </Record>
        <Record title="EYpMPyqXZi" spins="1102368551" ISRC="W9243EU1YP85" year="2799" producer="dSWeytg0IH3XoEy7dqnUoyjHt9d"
             label="uXRZKvaY6ep" recordNo="J0.3XRY" serialNumber="LoAwVnKVMO4Gr-DaiDXS" isPremiere="false"
             usage="commercial" ISWC="q7" AKA="FIPOOWzXydmHo" genre="classical" broadcastedFrom="2020-03-12T11:21:16Z"
             broadcastedTo="2019-08-04T11:21:16Z" runtime="1250753629" origin="free usage" alternativeTitle="siQar"
             recordedFootage="1650521786">
            <Participants>
                <Participant name="lN_MjjB83PGUb5" role="music director" IPDN="hVs" performance="main" grossFee="1234832404.23" modifier="C"
                     IPI="NYgANXNLz4LD9Nhw8yOeYHYhnbu55z" birthDate="2020-06-19"/>
                <Participant name="q3cblvmoasugT9w" role="scriptwriter" IPDN="BIg4" performance="conductor" grossFee="1526798778.86"
                     modifier="B" IPI="Tu6" birthDate="2020-04-10"/>
                <Participant name="ehBJ4sQhcPkxW-0gHjg0pImw8x5" role="performer" IPDN="FmOfpPhj-SfsnvIE3Qobp6kJOW" performance="soloist"
                     grossFee="-1897252939.54" modifier="C" IPI="zPBH" birthDate="2019-09-10"/>
                <Participant name="DFg" role="composer" IPDN="LHvr" performance="conductor" grossFee="-1808302567.46" modifier="B"
                     IPI="S" birthDate="2019-12-28Z"/>
                <Participant name="y7uA8QLBJJ1fzK8Bv_APscyqW5ZH" role="scriptwriter" IPDN="aMBTz37GIu-FxJ" performance="supporting"
                     grossFee="327520251.60" modifier="B" IPI="jZKa0JFPM1MU" birthDate="2019-01-16"/>
                <Participant name="IBQqHudlQ_" role="performer" IPDN="c8gEMZ7g7t9WQJQJX" performance="main" grossFee="2097498801.43"
                     modifier="C" IPI="qW_M3xnBwAhvQu9" birthDate="2019-09-05"/>
                <Participant name="E.ZnddiKLJQCz_G-U3" role="performer" IPDN="jmv7BbZOOB" performance="soloist" grossFee="1030164316.10"
                     modifier="C" IPI="k1AfcMtX.o6XoBae_MYq" birthDate="2019-05-23"/>
                <Participant name="w" role="scriptwriter" IPDN="pgcswfonnfCBIVhbHqckDs83" performance="soloist" grossFee="-21508572.64"
                     modifier="B" IPI="DiAXBLwO2vXBLwH5" birthDate="2019-03-03"/>
                <Participant name="tME" role="performer" IPDN="vfI-WjULpK7pBEFH" performance="supporting" grossFee="-167971234.54"
                     modifier="B" IPI="_0Hcfoeyue4" birthDate="2020-01-26"/>
                <Participant name="_UxhAaV5Lm1D1N" role="remixer" IPDN="j_J9t" performance="soloist" grossFee="1552264257.10" modifier="C"
                     IPI="ZQDvaadjvQ" birthDate="2018-12-28"/>
            </Participants>
        </Record>
        <Record title="AhEyVxyzT" spins="765796927" ISRC="8K9XH0MAQQ3S" year="7650" producer="hy" label="h-37mnlmx8a.ZFGlwmwcAgWFcGQW"
             recordNo="glwqXojw7H" serialNumber="RXhaqmXz7bkj1_ohde" isPremiere="false" usage="broadcast"
             ISWC="xB.A4RoeJr9PGGJgSUZ" AKA="toVe1YjIbGA" genre="classical" broadcastedFrom="2018-08-26T11:21:16Z"
             broadcastedTo="2019-05-18T11:21:16" runtime="1158546034" origin="live stream" alternativeTitle="oKpfCOtfLvH9kOHeBIbezicp"
             recordedFootage="1713368256">
            <Participants>
                <Participant name="e4lRoNeAnzTwEOMRUv7" role="sound engineer" IPDN="KMEx" performance="conductor" grossFee="1766225286.14"
                     modifier="C" IPI="zMY15HvCHJPvCCwjj" birthDate="2018-09-25"/>
                <Participant name="tr.18LYCB1m" role="arranger" IPDN="sqFMkAa4E7pbPeoq" performance="soloist" grossFee="-2110762155.94"
                     modifier="B" IPI="SvJSernV_6EJff4n3" birthDate="2019-12-17Z"/>
                <Participant name="eu2KSeNuO-aLFAP2iA" role="subscriptwriter" IPDN="XQcS4uHlwHq_x2qbAP9PJtM" performance="soloist"
                     grossFee="1131714974.59" modifier="C" IPI="VLBVcjdEYMVe.Z" birthDate="2019-03-11"/>
                <Participant name="g-IaLBk4" role="remixer" IPDN="Lkvmfau" performance="chorus master" grossFee="10013123.53" modifier="A"
                     IPI="NZf8kS4-HW" birthDate="2019-12-17Z"/>
                <Participant name="MPrvTiTxWMehnvvO-fOYEWy5zE5Vj" role="scriptwriter" IPDN="fW8tsjdmS5gJte0ypoxGEV" performance="chorus master"
                     grossFee="-1331121956.45" modifier="A" IPI="hl70rseiu6j" birthDate="2020-02-26Z"/>
                <Participant name="wPCVY0dP22p3fdpB1Y8L" role="subscriptwriter" IPDN="DBNIRmNSK8uAC" performance="conductor" grossFee="1343616051.94"
                     modifier="A" IPI="E" birthDate="2019-04-10Z"/>
                <Participant name="VqzeW5P_dHy-K4Mvb.T-s34UvFs" role="subscriptwriter" IPDN="ftfVRwik76ldGZhqgy8qKCir" performance="chorus master"
                     grossFee="-636617180.34" modifier="C" IPI="QG" birthDate="2019-06-23Z"/>
                <Participant name="Y" role="scriptwriter" IPDN="RTbKMQ0AoNz" performance="main" grossFee="-2145772705.15" modifier="C"
                     IPI="FjAh2" birthDate="2020-03-15Z"/>
                <Participant name="ELlFlt7q7ov" role="composer" IPDN="wUu" performance="conductor" grossFee="1197651805.65" modifier="A"
                     IPI="yyJ3iopEjzM2tT" birthDate="2019-06-28"/>
                <Participant name="CBG_NbYvLvgO6OXXSMGcrNghHsPv" role="scriptwriter" IPDN="hhtX9l65H1j76.7vXpJfTyN" performance="main"
                     grossFee="-1796361296.64" modifier="B" IPI="B968VdLxx.0B6lmZosSNd" birthDate="2018-07-11"/>
            </Participants>
        </Record>
        <Record title="ffuQ61aq-HZyiym0RVnR79" spins="386969535" ISRC="T4B56315GV7G" year="4646" producer="kV1O7nL"
             label="IpnzCmsCnKPi-tAV4gVxr1c0" recordNo="a.lfWfOhSDSXQdeI6kZgr6h6LUx" serialNumber="zyWsGiEkclwlio428bNBjf"
             isPremiere="true" usage="broadcast" ISWC="Xrlethg" AKA="c-wQ5Y" genre="classical" broadcastedFrom="2019-08-29T11:21:16"
             broadcastedTo="2019-09-14T11:21:16" runtime="1693402178" origin="commerce" alternativeTitle="W3aPMult-hPNnkugYh"
             recordedFootage="857502121">
            <Participants>
                <Participant name="FGn69ctkj2..vw2V2ft-h" role="composer" IPDN="bzr7BxD-oCMkqONxw3h" performance="chorus master"
                     grossFee="-1028252241.62" modifier="B" IPI="I-pbYg9NWcsmwxMqtUO5JR" birthDate="2020-03-25Z"/>
                <Participant name="J" role="arranger" IPDN="al449PpIzQDPlzHLJTXkSHK" performance="main" grossFee="-1445972884.57"
                     modifier="C" IPI="dqcPUk1Hv3W9IyfKEZUHOgazGG" birthDate="2019-09-15Z"/>
                <Participant name="VfQ" role="composer" IPDN="JsvOJmXjk_FOe" performance="conductor" grossFee="-194093245.24" modifier="A"
                     IPI="xRe7BTwQ6IM_UhuIkCc4rXg2F91rU" birthDate="2019-09-27"/>
                <Participant name="iKyM4stl" role="scriptwriter" IPDN="A" performance="soloist" grossFee="-536517757.31" modifier="B"
                     IPI="HNLpC35p" birthDate="2018-10-22"/>
                <Participant name="jl0xeFa2bbs0" role="sound engineer" IPDN="Jw.iISFi1E7AQ-1zuZcTHaQ." performance="main" grossFee="-1949107579.45"
                     modifier="A" IPI="oz7BaB1Dt0xN-G88My440VmJ" birthDate="2019-11-27"/>
                <Participant name="aR4_YVSm3LE" role="performer" IPDN="GvF21JJl0sI" performance="supporting" grossFee="315683255.31"
                     modifier="C" IPI="wL" birthDate="2020-05-24Z"/>
                <Participant name="XzUW9WpXy5oedhh3L-Aov" role="subscriptwriter" IPDN="XrD" performance="chorus master" grossFee="2115575605.63"
                     modifier="B" IPI="VZPhmieAv5OKN03U" birthDate="2019-01-30"/>
                <Participant name="wim" role="producer" IPDN="cho7MDjcrV1fEQwJaYl747pVn" performance="chorus master" grossFee="-1726225450.92"
                     modifier="A" IPI="wBobdnCqLXJ-FT8Gfs" birthDate="2019-01-24"/>
                <Participant name="MvWIJrEMbxUKBJQKNf4n8kw7Iwq" role="music director" IPDN="viy" performance="soloist" grossFee="-1298861935.09"
                     modifier="A" IPI="N0Nizosm" birthDate="2019-07-13Z"/>
                <Participant name="W" role="remixer" IPDN="ki7iWW.hcljOHJQOy" performance="supporting" grossFee="1492116769.22" modifier="B"
                     IPI="ei-HfvsD2N" birthDate="2019-02-06"/>
            </Participants>
        </Record>
        <Record title="y-" spins="1414646407" ISRC="JH7P5HI9G436" year="3746" producer="LAnpqbhTHJp98Fps" label="pqhZAYIeqtx"
             recordNo="_onDDXoXzYvKyll_7fmigPKG" serialNumber="oGqPztP0ukZl.NujbKaEqAyo.OD0" isPremiere="true"
             usage="commercial" ISWC="h.xRCB3khQv5hIdb" AKA="HTo_3gtXKQVbAHtpQfP1Ohz" genre="pop" broadcastedFrom="2020-01-20T11:21:16Z"
             broadcastedTo="2019-11-08T11:21:16Z" runtime="599490485" origin="commercial" alternativeTitle="AsFNTlEqJm9YmA8Vjb8oMTWI"
             recordedFootage="1616868408">
            <Participants>
                <Participant name="LPdt4RgvxUaIBZfllpbyF5G" role="performer" IPDN="fdfo4k" performance="soloist" grossFee="473683541.33"
                     modifier="B" IPI="QwbH8HvdqL" birthDate="2019-01-19"/>
                <Participant name="a_jqkeqG_ROUZGTvq_D" role="subscriptwriter" IPDN="dWB" performance="chorus master" grossFee="-337751397.47"
                     modifier="C" IPI="zOY.zr" birthDate="2018-12-14"/>
                <Participant name="UZrugjac_YIca" role="remixer" IPDN="hjB7xNNNEs9zia8OBMH9dgExEI" performance="chorus master" grossFee="-2055895246.91"
                     modifier="C" IPI="dKkEZlV3ufDRsQt8-KRwj01oOMuayw" birthDate="2018-10-04Z"/>
                <Participant name="Rept1SfD9ihXiYBm1J9GEb" role="subscriptwriter" IPDN="q" performance="conductor" grossFee="464034710.90"
                     modifier="A" IPI="BNLdE9" birthDate="2019-06-21Z"/>
                <Participant name="ofQXbKF5" role="arranger" IPDN="Wjfa" performance="conductor" grossFee="1737982004.96" modifier="A"
                     IPI="c-TDMLk94ZzEuQ" birthDate="2020-05-16Z"/>
                <Participant name="UwI" role="performer" IPDN="f" performance="chorus master" grossFee="561511789.95" modifier="C"
                     IPI="XivpLVWc3Vf8" birthDate="2019-07-12"/>
                <Participant name="H" role="composer" IPDN="G97." performance="soloist" grossFee="1558612846.33" modifier="B" IPI="QWtZN9NOl6t"
                     birthDate="2019-08-14"/>
                <Participant name="Dh1zbAcXXHHD7EJuOVS6d02Xz" role="music director" IPDN="yKV9bDgdB" performance="main" grossFee="-886188955.18"
                     modifier="C" IPI="yke2ncpgv" birthDate="2020-06-21Z"/>
                <Participant name="t.oz.5ym_oV" role="producer" IPDN="CXuERgb3M6Qk1MU-u6Mac6f" performance="supporting" grossFee="-466427893.71"
                     modifier="C" IPI="qdJn4yx3WqSzb5L." birthDate="2019-11-27"/>
                <Participant name="gxRcNEJnQD.tJp2x1dTEiOGDIbIb" role="music director" IPDN="MjW2-Owpo" performance="conductor" grossFee="1719223132.02"
                     modifier="C" IPI="U1C6.Su50" birthDate="2018-09-17Z"/>
            </Participants>
        </Record>
        <Record title="zWgyY" spins="319345301" ISRC="E3GC4P62U11R" year="9327" producer="IA4VFTA-VKtbiax9D1Raj2oOhQqcm"
             label="x" recordNo="J7uA7Iw816Nno" serialNumber="wlStjBv52xxEDwky87xjA_8836Hh4" isPremiere="true"
             usage="jingle" ISWC="mM" AKA="u0GP2eFt7BdOVjF5UH1kx8H" genre="commercial" broadcastedFrom="2018-07-31T11:21:16"
             broadcastedTo="2019-12-11T11:21:16Z" runtime="1545048222" origin="recorded stream" alternativeTitle="jqy"
             recordedFootage="1977577511">
            <Participants>
                <Participant name="pG6q" role="performer" IPDN="wnRC05xwXvyjN_8St.E5L" performance="chorus master" grossFee="2048795167.42"
                     modifier="A" IPI="D-" birthDate="2018-12-30Z"/>
                <Participant name="mSW7Wg" role="subscriptwriter" IPDN="n7hE_jsB.hCU7" performance="supporting" grossFee="2002703340.50"
                     modifier="C" IPI="IbWdAEQz.87iYuCQj0fTq5" birthDate="2020-02-04"/>
                <Participant name="DGOyjFl7q0WJdzINNKF8m2pdB" role="scriptwriter" IPDN="R-LB" performance="chorus master" grossFee="-1757331707.63"
                     modifier="C" IPI="S2vKseuDiyy_Ge0O" birthDate="2020-04-30Z"/>
                <Participant name="uoAAWc0PU9lBFS1V-g6z" role="performer" IPDN="nhbiL" performance="soloist" grossFee="-1626793725.06"
                     modifier="A" IPI="_rVxO" birthDate="2018-08-18Z"/>
                <Participant name="sXPvv0Wc1bsJY_I.COAzpuw3l7" role="arranger" IPDN="ZdyvDzZHQ6" performance="chorus master" grossFee="-530137802.19"
                     modifier="C" IPI="bTptq5gJ2_8jnGaB" birthDate="2020-02-20"/>
                <Participant name="DbV6B5.dCH" role="producer" IPDN="mCYeT0dLIDHgs4V0wb3NCOn0ve-5" performance="soloist" grossFee="-2136170123.33"
                     modifier="B" IPI="qoqvw" birthDate="2020-01-12Z"/>
                <Participant name="L" role="sound engineer" IPDN="syVaaq." performance="soloist" grossFee="534361864.56" modifier="A"
                     IPI="PAOG8EF.6-Zw" birthDate="2019-05-14"/>
                <Participant name="J" role="remixer" IPDN="ANc" performance="soloist" grossFee="-1995347817.45" modifier="B" IPI="g7g6xWUdZ"
                     birthDate="2019-06-11"/>
                <Participant name="YapvSX-JBukGPgxEZ" role="composer" IPDN="N_K.v0qjb8bVWaOsq9Tzrx-PEK" performance="soloist" grossFee="1466292918.16"
                     modifier="B" IPI="AUYn7l" birthDate="2019-11-10Z"/>
                <Participant name="qqzzSs" role="producer" IPDN="KUqrXYzWR8gf2h-BqwYy02" performance="soloist" grossFee="429161216.61"
                     modifier="C" IPI="Jjgt." birthDate="2019-09-16Z"/>
            </Participants>
        </Record>
        <Record title="uw" spins="1302603493" ISRC="O899ZMV5Z17P" year="8098" producer="NH" label="JPQ8Z.d" recordNo="VAe"
             serialNumber="nZqpDTrLSUDIXy3d9Hl8swL2" isPremiere="false" usage="jingle" ISWC="GZHvl08QTSRpMqIE2aiuXuj6UDajoR"
             AKA="b" genre="commercial" broadcastedFrom="2020-01-20T11:21:16Z" broadcastedTo="2019-01-15T11:21:16"
             runtime="1706146647" origin="recorded stream" alternativeTitle="ys1d-Kf3hm1nmDLjPk147Ze"
             recordedFootage="802227978">
            <Participants>
                <Participant name="MyGcFKf" role="music director" IPDN="bUYTWXQDZgJ2cv6" performance="chorus master" grossFee="-1934799483.73"
                     modifier="B" IPI="u1O4WDHWd-MbOFMlXCGl8bEwx" birthDate="2019-11-06"/>
                <Participant name="T0alElEk" role="remixer" IPDN="l2fZlga7ZIxCYNW" performance="conductor" grossFee="1711887191.07"
                     modifier="A" IPI="Cl5" birthDate="2019-01-02Z"/>
                <Participant name="hN.wX5qj28b" role="scriptwriter" IPDN="hC7MBOiuPs4k9DPDyg" performance="supporting" grossFee="-2077019819.64"
                     modifier="A" IPI="JMnX_hH8SewydZ9PyYbd.7yAs9mB" birthDate="2018-10-27Z"/>
                <Participant name="gT9v0-joV_-Ov0iYIQA4z_Sxk35I3" role="composer" IPDN="oLyezn" performance="main" grossFee="2049888084.95"
                     modifier="B" IPI="Azu" birthDate="2019-12-24Z"/>
                <Participant name="eFuBzWAaNoJdpupQRYl" role="scriptwriter" IPDN="nok_vsVVvMss" performance="main" grossFee="10323205.92"
                     modifier="B" IPI="hQXu-01o_RvNV1fsR11d70ljstY" birthDate="2020-05-25"/>
                <Participant name="vT_iPls3m7b8" role="performer" IPDN="CSQWlvj97JNBHgqNx" performance="chorus master" grossFee="882815210.55"
                     modifier="B" IPI="lReUVFNP6r1rEuM3rOthdp" birthDate="2019-05-20"/>
                <Participant name="e" role="scriptwriter" IPDN="qu2ZB4dl5yXdLSm" performance="conductor" grossFee="1477345374.85"
                     modifier="C" IPI="sXBKayXs43Joo" birthDate="2020-02-19Z"/>
                <Participant name="B-xoWqXtksk" role="arranger" IPDN="i_P_D04J3LuWwn28y-TVn" performance="supporting" grossFee="-1486599076.54"
                     modifier="C" IPI="Oppcn" birthDate="2018-10-14Z"/>
                <Participant name="PEOqfXHWN7kD-u" role="sound engineer" IPDN="rjpSrk85GWuZl" performance="conductor" grossFee="1968652677.67"
                     modifier="C" IPI="RJbMz5WH" birthDate="2018-10-20"/>
                <Participant name="tYXE" role="composer" IPDN="Ca_asHFUsdG.OhKO-BZV_owU" performance="soloist" grossFee="-509174604.92"
                     modifier="C" IPI="pycSFdNNPk" birthDate="2019-02-25"/>
            </Participants>
        </Record>
    </Record>
    <Record title="zh" spins="1670255282" ISRC="NS9MHL64UW3R" year="1388" producer="IbLOia" label="oX9q" recordNo="Mt"
         serialNumber="I9SMa2haauYsRIBF7E7REot5ZIE" isPremiere="true" usage="commercial" ISWC="L040Joes"
         AKA="lAgAtRV7dn8J5B2_" genre="jingle" broadcastedFrom="2019-01-01T11:21:16Z" broadcastedTo="2018-08-02T11:21:16Z"
         runtime="633947150" origin="recorded stream" alternativeTitle="uPnQAd4" recordedFootage="609725340">
        <Participants>
            <Participant name="EegNgrUoINq" role="producer" IPDN="CqGsSHpE" performance="conductor" grossFee="-193641218.22"
                 modifier="C" IPI="tNwJ" birthDate="2019-06-17"/>
            <Participant name="kIf.huCMratAaauQrMzrp-.u" role="performer" IPDN="F34FPGG7sw.InO" performance="soloist" grossFee="846969375.56"
                 modifier="A" IPI="neRGe0L24GK1aAUT" birthDate="2019-02-07Z"/>
            <Participant name="W4Ydx4" role="subscriptwriter" IPDN="Iho_GQwei_" performance="supporting" grossFee="-1959654060.29"
                 modifier="C" IPI="ZbEBshxgSNEBsgodUk" birthDate="2019-04-11"/>
            <Participant name="vYn_T7xidhZMfQxIBO" role="sound engineer" IPDN="Nkeey.jfQwaf.DtomaQ5xKGqxA2u." performance="conductor"
                 grossFee="124781348.84" modifier="A" IPI="nmXXivhKSIfmNmwZyRG" birthDate="2019-09-23Z"/>
            <Participant name="QYJCviKdeNAd0Mcy" role="sound engineer" IPDN="bjuG79P1i-hn6TJHEZTC9FreV3y0" performance="supporting"
                 grossFee="8722290.14" modifier="B" IPI="r7gra1XBHuUdFdafKeOPrqM" birthDate="2020-05-10Z"/>
            <Participant name="YbwkRYTcS_zFO1SEzTfPi6" role="subscriptwriter" IPDN="s" performance="main" grossFee="-509027241.75"
                 modifier="C" IPI="M0zts" birthDate="2018-11-25"/>
            <Participant name="IGxnSC3c-5f5gH.i_XurCDhBv" role="arranger" IPDN="Y9tVCF" performance="chorus master" grossFee="1167095678.02"
                 modifier="C" IPI="h9sa5515IAjLLyxuMsGWx6R5oi4O0" birthDate="2020-02-13Z"/>
            <Participant name="sFtdxX" role="subscriptwriter" IPDN="qAVqd77wscW3CTRxQp5" performance="supporting" grossFee="339908477.29"
                 modifier="C" IPI="ApD" birthDate="2018-09-13"/>
            <Participant name="DGj" role="composer" IPDN="NdW1QTO4VLMpKz.Fa" performance="conductor" grossFee="812329074.90"
                 modifier="C" IPI="_M_xhtAJ70kNM" birthDate="2019-05-02"/>
            <Participant name="a2CpuD474eQ0CV-X1_c2" role="sound engineer" IPDN="mADLPpniWvfG" performance="conductor" grossFee="-1861158743.49"
                 modifier="A" IPI="tXKHne0ZT6NPTiotS34zU4wbOi" birthDate="2019-06-13"/>
        </Participants>
        <Record title="SVm" spins="2062063636" ISRC="2O902D1W3848" year="9894" producer="mmNCs8gQK1yt93B62-FB4_OQlAB"
             label="NhFaVdWXY-ixq8LAY6DGn5oy" recordNo="bquKP" serialNumber="Rl4k3" isPremiere="0" usage="broadcast"
             ISWC="hpIFW2.0vFvDEyjUJFRF09PE0e0C" AKA="WS." genre="composed" broadcastedFrom="2019-05-13T11:21:16"
             broadcastedTo="2018-11-04T11:21:16Z" runtime="26839259" origin="self" alternativeTitle="XbsW106l5siWC4Gpnu7r3cG_"
             recordedFootage="746028070">
            <Participants>
                <Participant name="ht" role="scriptwriter" IPDN="zGp4M_lwePOqign8sK" performance="chorus master" grossFee="-670488247.65"
                     modifier="C" IPI="s" birthDate="2019-12-07"/>
                <Participant name="eVkNjKaKfYuL9Zocxgqk1v" role="scriptwriter" IPDN="ENH0LQBSs6GxI.a2jg-zwK3WIxhn" performance="conductor"
                     grossFee="642460236.98" modifier="B" IPI="FFHpJuZ9EOV9b72IJQr" birthDate="2018-08-19"/>
                <Participant name="RrkjypCfp0msjztWI-I9IU7K6" role="sound engineer" IPDN="TR" performance="supporting" grossFee="-163119612.46"
                     modifier="A" IPI="XnCOYc" birthDate="2019-03-13"/>
                <Participant name="oeoEKJDsWiiLp7-q1A9V2NI" role="music director" IPDN="GrfhZ3sK" performance="conductor" grossFee="157395589.09"
                     modifier="B" IPI="gAWdRI_lm" birthDate="2020-01-29Z"/>
                <Participant name="sx.ATg14m-DzxZPDS" role="performer" IPDN="cui.ecL-P9sbMS2nsZtRxFHj8AE" performance="conductor"
                     grossFee="-83341457.27" modifier="A" IPI="tAgLRv2Nw2Q4PlS6m5_PgAj" birthDate="2020-06-13Z"/>
                <Participant name="T8rIJMrrfuUpBIS10Kc0S.Buy4S1f" role="sound engineer" IPDN="Qdge3" performance="chorus master"
                     grossFee="-411675635.77" modifier="A" IPI="pxKhgOC51fD1jZRXeugqEz6w15Q_5D" birthDate="2019-12-23"/>
                <Participant name="Bl8I4U-a" role="composer" IPDN="qmO6ZokzEw-afJ5C3" performance="soloist" grossFee="406333388.54"
                     modifier="B" IPI="GMPAFedEAmRxdSpBY.HIH2X" birthDate="2018-10-27Z"/>
                <Participant name="rrciWso8H_u4RKGudbsRq2Q" role="sound engineer" IPDN="Fswep1pd1ksanJJNhfyFfo-z7sc" performance="main"
                     grossFee="-1854534913.80" modifier="A" IPI="t" birthDate="2019-11-03Z"/>
                <Participant name="_gD" role="composer" IPDN="s5RvCKIfJXMbR4g45gHlA5OK" performance="supporting" grossFee="1633148719.93"
                     modifier="B" IPI="OEwPCEc75w" birthDate="2018-10-29"/>
                <Participant name="qHtAQz5Yzts4xEDTXbV." role="performer" IPDN="KRRzAzUsIgLjNnq7O" performance="chorus master" grossFee="520747848.09"
                     modifier="C" IPI="Ca_dKeMqoAhyP-yvEyGzm-" birthDate="2019-03-25Z"/>
            </Participants>
        </Record>
        <Record title="SYMbmVdTn" spins="1631550896" ISRC="8B9Q7693I6G6" year="0644" producer="hKG3hfjdP" label="VkUlfdjKG1XaGAQhG.b9kQ.G"
             recordNo="tHFYT" serialNumber="jANO1cg8" isPremiere="true" usage="commercial" ISWC="ae26wMDaWaR5n6dPdb76YTxH"
             AKA="EJMw9tw5NzCwpIxF5wFLqSXOf" genre="pop" broadcastedFrom="2019-05-17T11:21:16" broadcastedTo="2019-06-14T11:21:16Z"
             runtime="1275387727" origin="free of charge" alternativeTitle="Z" recordedFootage="1608731136">
            <Participants>
                <Participant name="cJ0" role="arranger" IPDN="DW" performance="supporting" grossFee="-1486124748.95" modifier="C"
                     IPI="eLn2gf" birthDate="2019-11-17Z"/>
                <Participant name="roDqcXNC1.IRuEq51gfTZ" role="remixer" IPDN="RWUSUP" performance="conductor" grossFee="-515808103.50"
                     modifier="B" IPI="fR.Ea8lsUGwkJCD" birthDate="2019-03-06Z"/>
                <Participant name="lD8kZSFoC" role="producer" IPDN="yxPOTg7iOC64f" performance="chorus master" grossFee="-1437684306.18"
                     modifier="A" IPI="cZQL79swpEO7u3L" birthDate="2019-02-09Z"/>
                <Participant name="u9078R3" role="scriptwriter" IPDN="E" performance="soloist" grossFee="-747215845.98" modifier="B"
                     IPI="RGy-WSUGJBRjMTkvXquKlac2uEI" birthDate="2019-09-30"/>
                <Participant name="xep0peWf3B" role="music director" IPDN="R-EUNozriFRxV0Wlhm0k" performance="supporting" grossFee="-381286368.41"
                     modifier="B" IPI="kc" birthDate="2020-06-23Z"/>
                <Participant name="QPFX706DIBRRQvFBYv" role="scriptwriter" IPDN="hH9M" performance="chorus master" grossFee="1043735530.90"
                     modifier="A" IPI="vAgN3Su6AFev2_QVkp5I" birthDate="2019-01-06Z"/>
                <Participant name="DR7xK7pOrdF5KAwSYJVsHggmy" role="arranger" IPDN="yGSVV" performance="supporting" grossFee="1450620305.91"
                     modifier="C" IPI="y.BArIwmhzX" birthDate="2019-12-10Z"/>
                <Participant name="BYsy_7Ug2FpwC8pJNC" role="remixer" IPDN="HW865Lrubh" performance="soloist" grossFee="2072174463.74"
                     modifier="C" IPI="HcGjRss4MXDUMcv7" birthDate="2020-01-11Z"/>
                <Participant name="OgSXbnqpNZKop" role="composer" IPDN="zM7x-yqQ31" performance="main" grossFee="503748532.67" modifier="A"
                     IPI="dBTm_yboc6MpcINHOKyyI9quf" birthDate="2019-06-23"/>
                <Participant name="K-iTpU-g.Qnw235L9nuuim84.BhyUq" role="arranger" IPDN="PQh.n20D9" performance="main" grossFee="-2017280409.06"
                     modifier="C" IPI="Y7UFWK5aT60Kbsr8j5PrFsE-" birthDate="2018-11-03"/>
            </Participants>
        </Record>
        <Record title="hEXSLvobF" spins="1553702010" ISRC="7H2Y84F34E7R" year="8570" producer="r4pwFgvFC7lZafixh6pZ"
             label="rvQXF6SA" recordNo="qwz4BS" serialNumber="mGxZck1M4Y3auzNxqsLq4qh7rRYl" isPremiere="1"
             usage="jingle" ISWC="k_GRh3xf_R" AKA="_fR" genre="jingle" broadcastedFrom="2019-01-05T11:21:16Z"
             broadcastedTo="2018-10-26T11:21:16" runtime="1083592541" origin="free of charge" alternativeTitle="xybKnYnTXMRX3PzQEm0o6Zux1BE7"
             recordedFootage="1985818095">
            <Participants>
                <Participant name="tvX7ftx" role="remixer" IPDN="GvyXRxS45o" performance="soloist" grossFee="-1477770019.94" modifier="A"
                     IPI="_5psihanxoaE99V" birthDate="2019-10-23"/>
                <Participant name="Y25Zq6d0-jfCWm8f44vFzeBXs2" role="scriptwriter" IPDN="EMt" performance="soloist" grossFee="1358962759.65"
                     modifier="A" IPI="yF.Y9YEqT3L" birthDate="2019-01-07"/>
                <Participant name="BRVkENnmB8" role="sound engineer" IPDN="Pruyos_C" performance="main" grossFee="551068209.38" modifier="A"
                     IPI="i06yXHKhx7" birthDate="2019-03-31"/>
                <Participant name="tzj" role="music director" IPDN="uHS1wwIsTjNQyUyax_FbqNaUdiv" performance="supporting" grossFee="1433219327.06"
                     modifier="B" IPI="pN" birthDate="2019-12-04"/>
                <Participant name="lxsMC4C" role="music director" IPDN="OmNmOxOH9FC0QvOa5H10E_" performance="supporting" grossFee="423304223.91"
                     modifier="B" IPI="BqPC5B" birthDate="2018-09-30Z"/>
                <Participant name="tYHmPnhZDR" role="producer" IPDN="NEFaIbgxhDQs4g_gmHJiA1" performance="supporting" grossFee="1649526886.42"
                     modifier="B" IPI="V" birthDate="2020-05-29"/>
                <Participant name="rYvvzGqo_FhMB3" role="performer" IPDN="whMgjlCw9rOdEJ6PPMurBlnwYYmyOK" performance="supporting"
                     grossFee="1114726048.65" modifier="C" IPI="rnD62i" birthDate="2020-02-23Z"/>
                <Participant name="ZP" role="sound engineer" IPDN="Zs7CC" performance="supporting" grossFee="1523999041.51" modifier="B"
                     IPI="MGm7BE8VQN-b" birthDate="2018-10-14Z"/>
                <Participant name="Gn0Llp" role="subscriptwriter" IPDN="m4TkfsVuPNCeZokveWedZP.O10HKc" performance="conductor" grossFee="2031905262.80"
                     modifier="C" IPI="O" birthDate="2020-05-31Z"/>
                <Participant name="nubTw6gMp.aLDIKrI-__z20v8eea" role="composer" IPDN="QOy.q9FAQ5Z51F" performance="soloist" grossFee="-1778148116.87"
                     modifier="A" IPI="uRQ50Krm5" birthDate="2018-12-24Z"/>
            </Participants>
        </Record>
        <Record title="HkSv9SU.r" spins="1968919128" ISRC="JNL9YE2ITC74" year="5873" producer="uu5fUVvoQuIi_QVaIcHu"
             label="o7hgPWz5p.fr2pF5ayjiN0A.JVq" recordNo="uOZSG221gPjRUP1BnF4om" serialNumber="g.gqqG"
             isPremiere="true" usage="broadcast" ISWC="b5JZESknQ" AKA="B-j4rPT" genre="spoken word" broadcastedFrom="2018-10-13T11:21:16"
             broadcastedTo="2019-04-27T11:21:16Z" runtime="1800869482" origin="self" alternativeTitle="Qm9mLY4w5ichUgCKszwguXvITg-t"
             recordedFootage="820716617">
            <Participants>
                <Participant name="FZWlr8c3ZSOjSu4Hh" role="remixer" IPDN="fNHiYQGO6sIU68Oq" performance="supporting" grossFee="1160895049.50"
                     modifier="A" IPI="N" birthDate="2019-12-09"/>
                <Participant name="KZidBM.Z2KpDIaxKdq" role="arranger" IPDN="fU" performance="soloist" grossFee="371064429.36" modifier="A"
                     IPI="N4AUU2GWh6nN6r0cK_YfOAaaPlUcG" birthDate="2019-08-24Z"/>
                <Participant name="HqZXdbD8ETYCZEmkC1PpBS" role="composer" IPDN="uXe8D.ZC8" performance="soloist" grossFee="-1779436959.43"
                     modifier="C" IPI="rBmNt8hvZDlhtgGcDBqm" birthDate="2018-07-14"/>
                <Participant name="u" role="scriptwriter" IPDN="T3ePa5XEqb" performance="chorus master" grossFee="2085462891.09"
                     modifier="B" IPI="Q3fX3mzJi" birthDate="2020-04-26Z"/>
                <Participant name="IoRivmQ839" role="composer" IPDN="z" performance="conductor" grossFee="-1222389616.01" modifier="B"
                     IPI="E3w6M0JoOL" birthDate="2019-07-21"/>
                <Participant name="c31QPipnbPhWUTD0xJiW6LBA" role="composer" IPDN="PrdvdDUD_zgUfe8bPy" performance="soloist" grossFee="-1760507624.09"
                     modifier="C" IPI="yBqJonfZBcb9o.cIYbo" birthDate="2019-12-04Z"/>
                <Participant name="cwQxTxuw" role="remixer" IPDN="RcDiI-3P" performance="soloist" grossFee="1770861029.69" modifier="A"
                     IPI="vrAwH5-JMDa" birthDate="2018-10-27Z"/>
                <Participant name="P4Cd2gNyne11pBtJL2b3_3Nb0lX1Pk" role="music director" IPDN="dKTctKd7z" performance="conductor"
                     grossFee="208283066.49" modifier="C" IPI="LQsJRSny7fsJPo0tpRfBRwalDV45S3" birthDate="2020-06-18Z"/>
                <Participant name="uekMF" role="arranger" IPDN="G_MqLkUnYayQb.KOZOjG" performance="soloist" grossFee="-106957123.07"
                     modifier="B" IPI="E" birthDate="2019-08-31"/>
                <Participant name="iZR" role="subscriptwriter" IPDN="MHfuUu" performance="chorus master" grossFee="1759385630.07"
                     modifier="B" IPI="uYSWv.JKNZ_ANzJ0" birthDate="2019-09-08"/>
            </Participants>
        </Record>
        <Record title="wWzbX_GVwMi-FTzvZwL_Jm02uS4f" spins="1328381356" ISRC="92VU0K1Z7GCL" year="8076" producer="j2Oz0Zd.qqX0jMC"
             label="z" recordNo="U626eKZxON9_qJ" serialNumber="qj" isPremiere="1" usage="commercial"
             ISWC="kZRYHWaO-.7Q0_YH04dThU" AKA="R.A.vBNf.WO8J_f2Mmx" genre="commercial" broadcastedFrom="2019-07-12T11:21:16Z"
             broadcastedTo="2020-02-15T11:21:16" runtime="832635751" origin="live broadcasting" alternativeTitle="R-zzMS8p_vE7qXQf3cSk-De6dN5src"
             recordedFootage="900685389">
            <Participants>
                <Participant name="J3yJj" role="music director" IPDN="dfGfELSf6f" performance="main" grossFee="-852640930.51" modifier="A"
                     IPI="x-vwZDK5O5QTM5fmtyT" birthDate="2018-11-27"/>
                <Participant name="YNvOljgzHwVoaOOd6O3mNAu159Hth" role="performer" IPDN="vR7hNmB7gOnY7yYRk8U" performance="soloist"
                     grossFee="-1321463444.63" modifier="C" IPI="corH1N4TiK" birthDate="2019-06-06Z"/>
                <Participant name="UC-uXaNQ6bF9ONAXRM-HU" role="composer" IPDN="h790c_3HR" performance="supporting" grossFee="-220668082.91"
                     modifier="A" IPI="tIdPGdStHN8" birthDate="2020-06-07Z"/>
                <Participant name="VIvuem." role="composer" IPDN="xDhUy1p" performance="supporting" grossFee="-519026659.09" modifier="C"
                     IPI="O27-KMBqzXvDakM92" birthDate="2020-01-11"/>
                <Participant name="xCsWKbthhgPAi8Lu.vHZj3x25_" role="composer" IPDN="fV_T0RCs_" performance="conductor" grossFee="-1851538161.20"
                     modifier="B" IPI="FGvUmMtdxUWZ9IV0v7R1wR" birthDate="2018-08-01Z"/>
                <Participant name="OaLGiPv4_7mrR" role="performer" IPDN="hw9evZI4WQ.D.VMMq1wx.WpIEERPX" performance="supporting"
                     grossFee="-468611745.41" modifier="A" IPI="xr0Eq-9" birthDate="2020-05-03"/>
                <Participant name="mYcQ6UhNZ0SOzX8dZXtq" role="composer" IPDN="HS0rtZ5HHl_9lu1dcItnQAdG" performance="soloist" grossFee="-694040089.30"
                     modifier="B" IPI="aVtE-" birthDate="2018-12-15Z"/>
                <Participant name="w-xkeZy_VVUAFgIy4dCO" role="performer" IPDN="Y_AjiLR6zu.5y5NP3.j90wHbB0n" performance="conductor"
                     grossFee="804469325.93" modifier="A" IPI="AFT4rhUSdg" birthDate="2020-06-04"/>
                <Participant name="I" role="remixer" IPDN="fBr0rT09" performance="main" grossFee="275909490.14" modifier="B" IPI="oDWc6..EcDQ"
                     birthDate="2020-01-16Z"/>
                <Participant name="QnJJbtRPFPtn" role="producer" IPDN="x_KX" performance="chorus master" grossFee="-163655242.08"
                     modifier="C" IPI="qucvRA8VVWe8MOxph31AlP0" birthDate="2020-04-25Z"/>
            </Participants>
        </Record>
        <Record title="UU" spins="708259759" ISRC="HHLLQXOPAGZN" year="5862" producer="s9pA0frRd20Hi8myxz-.kquFHX" label="d2b"
             recordNo="Ik92uMOkBco2xtKBB_-P-M" serialNumber="T2KDn5KuBFRdoiph_-PAAGID_6Gz" isPremiere="0"
             usage="commercial" ISWC="K7r59hy" AKA="viy4pBKbmVgPhyIMi1dRCyrw0mvu" genre="jingle" broadcastedFrom="2018-08-30T11:21:16Z"
             broadcastedTo="2018-10-27T11:21:16Z" runtime="1936205564" origin="recorded stream" alternativeTitle="LS-sqvnzxeUQEv6-HnNg.qL"
             recordedFootage="1270220610">
            <Participants>
                <Participant name="FEPJ0OiDX_wfe_EzEhcGcIn5h" role="performer" IPDN="y9xFuOn5vo1yREVJG0WjLexSu" performance="chorus master"
                     grossFee="1426011019.91" modifier="A" IPI="z0wvW4zwjNTJwUNIN8-3D3n0" birthDate="2020-06-08Z"/>
                <Participant name="ZIucF.PpsNJtC6XHVBGu1gYit" role="scriptwriter" IPDN="cuenqmWHneprh26EHQWLM-qsheD" performance="supporting"
                     grossFee="-1692851153.82" modifier="C" IPI="qTLjm6jjLaUZEKcXX" birthDate="2018-07-14"/>
                <Participant name="onuzPe3xUmm_jf5" role="music director" IPDN="WteTzu5lqNz.8srJlGyC-MF" performance="chorus master"
                     grossFee="657241081.89" modifier="C" IPI="AYWVD-YYYav3_tEmEAoD9B2" birthDate="2020-04-16Z"/>
                <Participant name="K" role="producer" IPDN="gaQfPf_pyWNBly" performance="soloist" grossFee="442681401.38" modifier="A"
                     IPI="I09" birthDate="2018-08-18"/>
                <Participant name="dhtcRxzoozPA8W.AtPXCuu" role="scriptwriter" IPDN="ImoSdMwL3A4.zl0R13lsmCMJGXzXY" performance="chorus master"
                     grossFee="1298611364.92" modifier="A" IPI="CzAhBucvThjugS" birthDate="2020-04-22Z"/>
                <Participant name="ZLO" role="subscriptwriter" IPDN="ZtMZ9hJtaGmil.vhq_qNKmxW8z2" performance="supporting" grossFee="2128620254.43"
                     modifier="B" IPI="Q2fI9tGX.QnkCBchJV35PI7I_t9OO" birthDate="2020-06-04"/>
                <Participant name="FnsCgYze5G6v0Ue7nWev" role="music director" IPDN="zrVP5-JRO1FyN-ifNVxLjuXZME" performance="chorus master"
                     grossFee="-291336505.71" modifier="C" IPI="GuZC-t6Kr" birthDate="2020-03-09"/>
                <Participant name="B8.gr2f9IwJVwQfO0" role="arranger" IPDN="XcobPgd7dX" performance="soloist" grossFee="-1813191888.85"
                     modifier="C" IPI="ZI2tV3.11BzhZI" birthDate="2019-03-20Z"/>
                <Participant name="t1.3" role="music director" IPDN="Jc" performance="chorus master" grossFee="-330980450.21" modifier="B"
                     IPI="tAYunbhiPa-1MTUK5co" birthDate="2020-05-10Z"/>
                <Participant name="YH" role="producer" IPDN="DG9" performance="main" grossFee="398172421.12" modifier="A" IPI="x0"
                     birthDate="2018-12-25"/>
            </Participants>
        </Record>
        <Record title="mxemO" spins="1451074054" ISRC="I5015KRA5830" year="7106" producer="mNFzVIcvfurEtN3jZWsRN1" label="Ko"
             recordNo="rK6s6VTTySuMm" serialNumber="kp-7MBrPyCMHt6X.mv" isPremiere="0" usage="broadcast"
             ISWC="QqGl" AKA="SA-46GeWlHqTv" genre="pop" broadcastedFrom="2020-02-14T11:21:16Z" broadcastedTo="2020-01-29T11:21:16Z"
             runtime="2049806751" origin="free of charge" alternativeTitle="d57nU2" recordedFootage="599110153">
            <Participants>
                <Participant name="PidBi-ydzgXFwkPXC8lM.f" role="remixer" IPDN="mPThHVlI4yS" performance="conductor" grossFee="-426001758.56"
                     modifier="A" IPI="p-2qU60COgCwq6" birthDate="2018-07-30Z"/>
                <Participant name="CJuACLGtxrp9EKc1M4r2xO" role="music director" IPDN="sj8fQVM6SHa1I" performance="conductor" grossFee="2122223450.01"
                     modifier="A" IPI="whZgN4Lha7" birthDate="2019-07-15"/>
                <Participant name="g.NwkZVK-D_onefpN" role="music director" IPDN="QjTHX" performance="main" grossFee="-1886317327.67"
                     modifier="A" IPI="lBn1" birthDate="2019-03-05"/>
                <Participant name="zGKv1l_TyGDfH2-vT-YHT966selA" role="subscriptwriter" IPDN="KcHWMtLaidH4vpS7oR0g" performance="soloist"
                     grossFee="-287430199.87" modifier="B" IPI="FzAvWiC" birthDate="2019-11-27"/>
                <Participant name="Jx1X4m6WVqg" role="producer" IPDN="UvNV3fx.vKkclea" performance="soloist" grossFee="829553099.57"
                     modifier="B" IPI="hnalC" birthDate="2019-11-13"/>
                <Participant name="Q2E_mh6W0" role="producer" IPDN="UPrJvpNpaC69Qabh_xDHyK" performance="soloist" grossFee="-906193040.06"
                     modifier="C" IPI="S8" birthDate="2019-10-09"/>
                <Participant name="vssB1jKp0nQa98LNmSER6gTCc" role="composer" IPDN="In2mOGDXl3Ic" performance="main" grossFee="-2062663384.43"
                     modifier="B" IPI="h" birthDate="2018-09-09Z"/>
                <Participant name="Ibr5U" role="scriptwriter" IPDN="RMUVIJqXlnawU.x1VRWpowv04tO" performance="main" grossFee="-762655291.76"
                     modifier="C" IPI="j38UPSnwRwENLRa" birthDate="2019-08-16Z"/>
                <Participant name="ik-QWsnwzzDjTYqiBlk5t.fbBg3X" role="performer" IPDN="mqasQZ4gwg9" performance="main" grossFee="-471141925.91"
                     modifier="C" IPI="WH704DO0wVwjU06aCSyDi9CM2XpA" birthDate="2019-08-15"/>
                <Participant name="bnWQRnoZh.CEFYO" role="sound engineer" IPDN="DbJr" performance="conductor" grossFee="-1550964152.28"
                     modifier="A" IPI="ypR-W4cKjdQmlSQnVBl-Z3mYh" birthDate="2020-01-20Z"/>
            </Participants>
        </Record>
        <Record title="wD.X_f" spins="64132611" ISRC="T024N5H9POZ5" year="2808" producer="iPVYRn8ZsgroFHRTtk0MTLq."
             label="Y86Ges_i7l99j" recordNo="dy_BOuJotPz6DMhxNQq" serialNumber="LS70IDQ7" isPremiere="0"
             usage="jingle" ISWC="pz7veBvwdSKo6Tf" AKA="nVPDGhcWQLiIP8r37-gp" genre="spoken word" broadcastedFrom="2018-07-17T11:21:16Z"
             broadcastedTo="2020-03-06T11:21:16" runtime="1241847328" origin="recorded stream" alternativeTitle="T7L"
             recordedFootage="333323270">
            <Participants>
                <Participant name="s7Gpr." role="remixer" IPDN="tG1dTA0CDv-L7Kn" performance="supporting" grossFee="-244467051.11"
                     modifier="B" IPI="ERTRMNmy" birthDate="2018-09-18"/>
                <Participant name="YvZk7HQOFP5pfPB4.kR92zK3Axg4" role="performer" IPDN="JdnLL-V7rR_ZCltu" performance="main" grossFee="-1442129462.63"
                     modifier="A" IPI="pfsbGppPKG2Q.kJGnBC" birthDate="2019-09-25Z"/>
                <Participant name="YLrFnDEVeToCrnXv" role="arranger" IPDN="s5NM9pl10r1mUg.YO8Qlns-OKgCVCj" performance="conductor"
                     grossFee="-1843973368.36" modifier="C" IPI="tOxnKsx" birthDate="2019-03-05Z"/>
                <Participant name="nrum7DJYR8rkQkhK" role="subscriptwriter" IPDN="vLz8kWc" performance="soloist" grossFee="-339705829.62"
                     modifier="A" IPI="zudKMjj02bG" birthDate="2019-01-08Z"/>
                <Participant name="V" role="subscriptwriter" IPDN="_u7UHqDVB6Y" performance="main" grossFee="-194911185.32" modifier="A"
                     IPI="Fa37AFj11" birthDate="2019-02-10Z"/>
                <Participant name="PBXp6WkgU5l2pM3kLYcu_8" role="arranger" IPDN="qdPRypJ3BCHW6EJsmnMl" performance="soloist" grossFee="543002317.69"
                     modifier="A" IPI="h9DfJbjcw1rdURpuY4rt3CJ" birthDate="2020-06-19"/>
                <Participant name="qhb77" role="composer" IPDN="h_P7AJR40qV28" performance="main" grossFee="-1137265827.32" modifier="C"
                     IPI="Lt_K" birthDate="2018-12-30Z"/>
                <Participant name="sfTvF" role="sound engineer" IPDN="Lqy6ocE0Lgn87" performance="conductor" grossFee="1865716359.20"
                     modifier="A" IPI="QWs_" birthDate="2019-07-28Z"/>
                <Participant name="JXgqs1Fcgbv1HfEzHyeWQyNU" role="producer" IPDN="L8YuuOe6X" performance="chorus master" grossFee="-1895543375.20"
                     modifier="B" IPI="QVfBzD-Rqwq" birthDate="2019-11-18"/>
                <Participant name="vXCmeKlAZL55L57b.0spdBFdy8sJl" role="performer" IPDN="g6Ouei" performance="soloist" grossFee="-1627667143.58"
                     modifier="A" IPI="wWJCMlCYfQD.c" birthDate="2018-11-20Z"/>
            </Participants>
        </Record>
        <Record title="K6IRNhp-uS1Hrizju" spins="2120343257" ISRC="68S2W0N2487B" year="8910" producer="kAY2qdWyKHD"
             label="irhVbdPFuA" recordNo="ukPxWX7.6qALLago" serialNumber="xiA2ITYVp7jPid" isPremiere="false"
             usage="broadcast" ISWC="q2nEYjTzuTGb" AKA="P24wI.zMYOZzNjI0goLGJsQo6qNyX" genre="pop" broadcastedFrom="2019-09-30T11:21:16"
             broadcastedTo="2019-08-02T11:21:16" runtime="882152105" origin="commerce" alternativeTitle="G"
             recordedFootage="1011654035">
            <Participants>
                <Participant name="XQY8a7eye8Usgqu" role="subscriptwriter" IPDN="Nv1TTqXcqB0W7ygE_95IG.SurT" performance="chorus master"
                     grossFee="-1035227654.65" modifier="B" IPI="jLY" birthDate="2018-10-06Z"/>
                <Participant name="D8" role="sound engineer" IPDN="Tcrh." performance="supporting" grossFee="-1255801848.72" modifier="B"
                     IPI="AinqjKdQsfiit4wF2OQWns.c" birthDate="2020-06-10Z"/>
                <Participant name="igpxQy" role="music director" IPDN="InqU" performance="supporting" grossFee="-1432915204.79" modifier="C"
                     IPI="YWwcv9" birthDate="2019-07-09Z"/>
                <Participant name="CbpfjDcdS9qvY6eenMr" role="scriptwriter" IPDN="f6PA.Z5" performance="soloist" grossFee="942957154.67"
                     modifier="A" IPI="tvErMFW-RqPMFt1w4MId" birthDate="2018-11-11Z"/>
                <Participant name="fS2EDDYh" role="remixer" IPDN="dKWFKxOlg.mmy_Bt" performance="conductor" grossFee="1444360847.90"
                     modifier="C" IPI="hVyyTthO9vdk" birthDate="2019-03-13"/>
                <Participant name="Q5ID" role="music director" IPDN="MZt7l0lcUKECoDHj3ghJoQu_G" performance="main" grossFee="-2031133516.21"
                     modifier="B" IPI="h" birthDate="2019-08-07Z"/>
                <Participant name="E_cU" role="sound engineer" IPDN="MDmWGM2g-LkOfp" performance="conductor" grossFee="1624480282.93"
                     modifier="A" IPI="qOGeXDOJf0RVwKMW.YLWJDecf" birthDate="2018-09-25Z"/>
                <Participant name="Q" role="sound engineer" IPDN="eCox4ZsFo3rQXyx" performance="main" grossFee="-1620525748.66" modifier="B"
                     IPI="Hru3O-thfJM08.dqbNfcHC" birthDate="2019-12-23Z"/>
                <Participant name="oHKMn" role="subscriptwriter" IPDN="hP9ohZevw" performance="main" grossFee="-1437455863.99" modifier="A"
                     IPI="he" birthDate="2019-05-21"/>
                <Participant name="xa1sR-J5MrEw" role="producer" IPDN="zAP.mJgdT-GG5Ko" performance="conductor" grossFee="237452746.10"
                     modifier="C" IPI="_i24L334WIyTOUApw3lcqnbAIQ8.H" birthDate="2020-05-19"/>
            </Participants>
        </Record>
        <Record title="L_zt" spins="1778988504" ISRC="3S30U4YV00D9" year="4865" producer="jK.Nt3fSN8v2ICMuFA9tyVe" label="idnaKtI.-1w"
             recordNo="Rji-0-ekMKfawZc8oupPmweWDMDw" serialNumber="sxdD6i9Z-m4v" isPremiere="0" usage="broadcast"
             ISWC="p6F_4tIvBEE3ET3hF9rn" AKA="D1Zr" genre="composed" broadcastedFrom="2018-12-31T11:21:16Z"
             broadcastedTo="2020-06-30T11:21:16" runtime="2137972345" origin="commercial" alternativeTitle="GoX.XRxU"
             recordedFootage="1324860191">
            <Participants>
                <Participant name="c76W3PNuDfF6XfoqvDX" role="subscriptwriter" IPDN="vCjqKhpFGtlak" performance="supporting" grossFee="-1431700011.69"
                     modifier="A" IPI="mQwPN" birthDate="2018-10-09Z"/>
                <Participant name="q5tPsApgk9w7" role="music director" IPDN="ppKZUULnx7Wk7GDnlOTvIj5kDW" performance="main" grossFee="223303485.63"
                     modifier="B" IPI="KAyEKj20pV2KfJ" birthDate="2018-11-03Z"/>
                <Participant name="Da30kuYmiZq" role="scriptwriter" IPDN="OHF-t" performance="conductor" grossFee="-1984317812.08"
                     modifier="A" IPI="cPHqBPv" birthDate="2019-12-27Z"/>
                <Participant name="YwY3HftXApDz" role="arranger" IPDN="umuY5T" performance="chorus master" grossFee="1605443371.34"
                     modifier="C" IPI="U-jtYeGgDly_bHsVVF3pNv" birthDate="2018-07-08Z"/>
                <Participant name="X" role="scriptwriter" IPDN="POf09y" performance="chorus master" grossFee="-227927914.15" modifier="A"
                     IPI="Tx.GAx9g3-Rro32-YcUD5pdBoGg" birthDate="2019-07-13"/>
                <Participant name="emC0U" role="composer" IPDN="KDv-LNY2.yY6Wn23" performance="chorus master" grossFee="-1985649606.87"
                     modifier="A" IPI="OWMAdmyq.7hwRJhjCj4PYWGjLusXnH" birthDate="2018-08-14"/>
                <Participant name="kujk" role="remixer" IPDN="MzvVzw4dmTzkskf-Y0dw" performance="soloist" grossFee="-1383303127.36"
                     modifier="A" IPI="xL2XFWfbghZJFly2sQQKeluWpQn" birthDate="2019-07-30Z"/>
                <Participant name="BHyF0T1g9ov8YK" role="composer" IPDN="W_wnf1YcD3oVanMF8xv" performance="chorus master" grossFee="1925655362.31"
                     modifier="A" IPI="U3h-Kqkhg59R" birthDate="2018-11-23"/>
                <Participant name="H_ex2T7iGo1lKIry-hUonry" role="remixer" IPDN="d7J18ARsjMY" performance="soloist" grossFee="1135378799.16"
                     modifier="C" IPI="cxOraGsc" birthDate="2018-08-02"/>
                <Participant name="zp6dDGITLTke8NaIElFFUbo10gMad" role="composer" IPDN="XwfSOYX6Czfykm2ZaMyKpa-36DbJY5" performance="conductor"
                     grossFee="137571559.24" modifier="B" IPI="AvTI1CsxHKeDx9uUjUcd8O" birthDate="2019-08-24Z"/>
            </Participants>
        </Record>
    </Record>
    <Record title="qezJdI7UXHkRti3O-Y" spins="1190269739" ISRC="98SF4OL42V6A" year="3021" producer="rTccIFEZgbn-ks02SE01is."
         label="ewJFNT50_h" recordNo="JxKaNg1_TEF6jZOiQG7a" serialNumber="nRs5t8Uta" isPremiere="true"
         usage="jingle" ISWC="YMEaQuWx49U-OHOfR5hGQtd75Sw" AKA="FYkS9ML" genre="pop" broadcastedFrom="2019-07-01T11:21:16"
         broadcastedTo="2020-01-30T11:21:16Z" runtime="2024978311" origin="live broadcasting" alternativeTitle="sU8ytC0Q1ienCZVMe9RD4wNLmwUrT3"
         recordedFootage="1757578422">
        <Participants>
            <Participant name="t3pEVhC6SS61Jwozg" role="arranger" IPDN="E-_.e4iL1u9B" performance="chorus master" grossFee="-1752871066.53"
                 modifier="B" IPI="f5uQ.7FTBM9D-VsWAOXoO" birthDate="2020-05-13"/>
            <Participant name="bzefI.vMXCu54ZizBLBjuf7taTd" role="scriptwriter" IPDN="lQA" performance="soloist" grossFee="-26026785.14"
                 modifier="C" IPI="QfFlPX" birthDate="2020-05-08"/>
            <Participant name="RLtFyYwA" role="scriptwriter" IPDN="X" performance="conductor" grossFee="-1412754904.46" modifier="B"
                 IPI="wSw" birthDate="2019-01-12Z"/>
            <Participant name="TVNp-MWH5_Dy2kHQ1X0" role="scriptwriter" IPDN="VgFT_ft9x1Q39QVhjPUY9lb" performance="main" grossFee="1218322347.39"
                 modifier="C" IPI="v916FDkvwyXMWJqdmujZ" birthDate="2020-06-22"/>
            <Participant name="qebsUgiLswqmCf1fSUuZJ" role="music director" IPDN="S3eqZvlfA" performance="chorus master" grossFee="-1323798245.74"
                 modifier="A" IPI="HaVuNTU5ukH" birthDate="2018-07-25Z"/>
            <Participant name="Yp_HN2C8HrjtYXZb2r1" role="producer" IPDN="lDb" performance="soloist" grossFee="1851975509.94"
                 modifier="B" IPI="mQ1QifmPTFRC0rS2GWUP7M" birthDate="2019-07-05"/>
            <Participant name="NfvKDVP.JJDh" role="remixer" IPDN="UiolE" performance="main" grossFee="505358912.51" modifier="B"
                 IPI="cI2LwnjhxPUgoIi" birthDate="2018-12-07Z"/>
            <Participant name="jFdhn" role="remixer" IPDN="Wu0x_VJ" performance="main" grossFee="-733610543.43" modifier="A"
                 IPI="hAo7aqEIkZLr45AV9" birthDate="2020-05-10"/>
            <Participant name="Ec95Vj4HQADSm2vGh" role="composer" IPDN="ofvpbmJRgVQH2rr-SgD" performance="chorus master" grossFee="910421514.36"
                 modifier="A" IPI="mJQLAyB-" birthDate="2018-09-10Z"/>
            <Participant name="K9i_JQKMBzTc0h19dTueej" role="subscriptwriter" IPDN="oK6vOipNzgNm1_0LZAau" performance="conductor"
                 grossFee="1505769466.05" modifier="C" IPI="fOApcR5" birthDate="2019-12-02Z"/>
        </Participants>
        <Record title="pas8QGh" spins="957644524" ISRC="U3C3MKRV92QI" year="5437" producer="uHdCna-bQRzpLATmfk" label="m0N5aGk.Ri4pYfi"
             recordNo="enV-vBCejYXgoa4Tzxexa._wc9D.SG" serialNumber="QrJIKddPK" isPremiere="false" usage="broadcast"
             ISWC="M-7uLE" AKA="NNEex9LueGjH0pD4BOArmOYdHO5" genre="spoken word" broadcastedFrom="2019-09-07T11:21:16Z"
             broadcastedTo="2019-04-24T11:21:16" runtime="239811159" origin="commerce" alternativeTitle="zMUQ0o2o4Grtrg"
             recordedFootage="1071228071">
            <Participants>
                <Participant name="U" role="music director" IPDN="Aky" performance="soloist" grossFee="787724558.45" modifier="C"
                     IPI="nP1gB2MXOncD3.oz1mHK0nqxNUi" birthDate="2018-12-24"/>
                <Participant name="DkH" role="scriptwriter" IPDN="V-a4UB3EMGyg" performance="chorus master" grossFee="360028447.50"
                     modifier="A" IPI="nf4nDulHXV_buc0fUgqkx-d3Z7" birthDate="2019-04-17Z"/>
                <Participant name="MzOXa9" role="producer" IPDN="IaEA" performance="chorus master" grossFee="1721451332.68" modifier="B"
                     IPI="GHRN_OFbFDUOgd54" birthDate="2019-11-03Z"/>
                <Participant name="j." role="performer" IPDN="CDanISxTajGpC7tmX3SpSO-rA" performance="supporting" grossFee="-655183129.07"
                     modifier="C" IPI="DfmWZlt_ZoODBNJv" birthDate="2019-05-18"/>
                <Participant name="Qg" role="music director" IPDN="qwt1-e-vD6jcpEMfF" performance="main" grossFee="-1295501613.84"
                     modifier="B" IPI="lB" birthDate="2019-11-08Z"/>
                <Participant name="nLsIt51gtM5SE" role="music director" IPDN="EZv" performance="conductor" grossFee="1289587498.78"
                     modifier="B" IPI="yAdBTxyLfFTKQ099g3R9KhDsEeSf" birthDate="2019-08-20Z"/>
                <Participant name="U" role="performer" IPDN="DTdA" performance="main" grossFee="1138717809.46" modifier="A" IPI="sA3TkoG6E_Whxr7O.0zc."
                     birthDate="2019-09-08Z"/>
                <Participant name="Swy0kmiEm6w3Z" role="arranger" IPDN="RSYLgYO3odlp" performance="chorus master" grossFee="2122711204.39"
                     modifier="A" IPI="kfYlcRve5g4PeNUonC-SBX" birthDate="2019-11-21"/>
                <Participant name="wJ." role="remixer" IPDN="DS6" performance="chorus master" grossFee="1639883480.83" modifier="C"
                     IPI="GaejiQEYOIfDDi" birthDate="2019-12-27Z"/>
                <Participant name="dCqG" role="arranger" IPDN="hXax5tC40C37Deslb0x" performance="main" grossFee="-1122218717.34"
                     modifier="B" IPI="BsR76gW11HTj0ZG.YkjV_3" birthDate="2019-12-27Z"/>
            </Participants>
        </Record>
        <Record title="jiERF7.2fkbu8bb_QO_yv" spins="1176819700" ISRC="2PL48602H62H" year="4315" producer="aE5nmSu.CmxM61hAEtP0TO1ctg6"
             label="pb5XdTA3acSLw7" recordNo="A" serialNumber="Z45NaWP" isPremiere="false" usage="broadcast"
             ISWC="I47Q" AKA="FHXyfPmHQqql3cMptGhCqIhAvb_O" genre="composed" broadcastedFrom="2019-03-22T11:21:16"
             broadcastedTo="2019-07-29T11:21:16Z" runtime="413162652" origin="commercial" alternativeTitle="XUKXdIFxkh3x2WVVX5XEsh"
             recordedFootage="440764130">
            <Participants>
                <Participant name="rChul0j0asyo" role="subscriptwriter" IPDN="z_R7hzfevmz" performance="main" grossFee="367407898.18"
                     modifier="B" IPI="bBNe" birthDate="2019-11-14"/>
                <Participant name="WZMIUNdQQ4UBD6MR8oxm9I" role="arranger" IPDN="oj.ZnWfy" performance="chorus master" grossFee="-216046985.18"
                     modifier="C" IPI="prFLdyCAGJng40G" birthDate="2018-11-24"/>
                <Participant name="RjFqxy" role="subscriptwriter" IPDN="iJtmshG_2lo4FxW_hDQ9" performance="supporting" grossFee="1282739302.80"
                     modifier="C" IPI="itXtuYc" birthDate="2019-09-12"/>
                <Participant name="fJ0Fhd-fv5ayPX0WG" role="music director" IPDN="ZYSDRTc.BWAMYXgME8j" performance="soloist" grossFee="1100361936.67"
                     modifier="A" IPI="e0q_6tsb_PZfiQp4idNMUrU9n0" birthDate="2018-11-08"/>
                <Participant name="omlE" role="composer" IPDN="zL78pc2B20iFl17GKsQbQ" performance="chorus master" grossFee="-1209895900.60"
                     modifier="B" IPI="lzEoip1FV72WFlInShOY8dfVJrDwOh" birthDate="2018-09-15Z"/>
                <Participant name="xhq6ltOGF6hpCVf" role="subscriptwriter" IPDN="k8eUTkb8GAMOqGifhy75QaJM.Rl" performance="soloist"
                     grossFee="1975131671.33" modifier="C" IPI="P2PHAgzp8bJketCtCOGLAmw4giKPur" birthDate="2020-02-16Z"/>
                <Participant name="Vh" role="sound engineer" IPDN="p8b81I" performance="chorus master" grossFee="-734712452.87" modifier="C"
                     IPI="eJFXMWcF5DNDC4Lm8t" birthDate="2019-07-25Z"/>
                <Participant name="WNkqbeNR6QReOC" role="composer" IPDN="gt_ad5Fh8" performance="soloist" grossFee="-984391364.11"
                     modifier="A" IPI="Cw3Z" birthDate="2018-10-31"/>
                <Participant name="_0zum_" role="remixer" IPDN="cOtmJY4VBiVgZ0s1hfj" performance="supporting" grossFee="-667353640.36"
                     modifier="A" IPI="vDN3i079.QL1" birthDate="2020-03-05Z"/>
                <Participant name="C-QVRrF4Zj0F7Zr" role="arranger" IPDN="Z5TRzg8rmbx.vkncb5ss3jgaFV2Nx" performance="main" grossFee="2021610249.51"
                     modifier="A" IPI="FlR4kiFTPsA9cpv42XjtAslXZHvvN" birthDate="2018-07-09"/>
            </Participants>
        </Record>
        <Record title="fH23y" spins="642228118" ISRC="VKNET8873A0N" year="1794" producer="x7S_ageCq" label="lrmcFf9HE_pOqUqJ9"
             recordNo="T-uhvRW" serialNumber="u1VC_wn4-Ap-yKUrNk" isPremiere="false" usage="jingle" ISWC="S6pjVfa2uuKP"
             AKA="YlorhH4xD_0ryqkf63R3ycQnOQdn" genre="jingle" broadcastedFrom="2019-09-01T11:21:16"
             broadcastedTo="2019-01-04T11:21:16Z" runtime="1060908562" origin="report" alternativeTitle="PWL.8vHfbMiENRFJP"
             recordedFootage="440718416">
            <Participants>
                <Participant name="n" role="subscriptwriter" IPDN="Vi" performance="conductor" grossFee="-581943472.29" modifier="B"
                     IPI="TvLR8SICBGO1wMIjG5r351CGLMP" birthDate="2019-03-31Z"/>
                <Participant name="SnsOmwV9O4c" role="subscriptwriter" IPDN="FN4tM9BxACapStKH" performance="soloist" grossFee="-63093877.30"
                     modifier="C" IPI="q_F__06yl" birthDate="2018-07-31"/>
                <Participant name="CjF3qmWz99M6IVa-ZWZncF" role="composer" IPDN="HtC6" performance="chorus master" grossFee="-289819883.57"
                     modifier="C" IPI="opx" birthDate="2020-01-28Z"/>
                <Participant name="MC39gj" role="performer" IPDN="xhQnY-C3IREKy-y276FGNjcXZziD" performance="main" grossFee="779671411.33"
                     modifier="A" IPI="az0ZNPYIVC_GVbH9iobag" birthDate="2019-01-31Z"/>
                <Participant name="KJ3_bWRJ" role="producer" IPDN="Xkl7cptZC2OLGGSS5FUN.E" performance="soloist" grossFee="-1568049831.48"
                     modifier="B" IPI="m" birthDate="2019-07-14Z"/>
                <Participant name="Y" role="performer" IPDN="ATs.fpTti0z2FxybwF4CpZj" performance="supporting" grossFee="-1309276245.59"
                     modifier="C" IPI="YQwaa1grl" birthDate="2018-08-31Z"/>
                <Participant name="YHtoNmERYS9VO7yac5Wtf" role="subscriptwriter" IPDN="Lt78u5n15dec" performance="conductor" grossFee="-2003100816.36"
                     modifier="A" IPI="OvQfsyuF-xdSV9BZ4eH0g" birthDate="2018-07-20"/>
                <Participant name="KPecuInF5JNrE" role="performer" IPDN="FsGnyVJ.lPtqz8oboLh" performance="main" grossFee="-1477834700.57"
                     modifier="C" IPI="Lt.PzQCRqfNYgfB9Pg" birthDate="2020-01-23"/>
                <Participant name="i7Jiuc90kJgd8OLzt7fZhBCw3KLZn" role="arranger" IPDN="u06HJY" performance="supporting" grossFee="1454208045.33"
                     modifier="B" IPI="Cv7Q9M9SD3hvc7WOaGWKqx" birthDate="2019-08-27Z"/>
                <Participant name="HSWiQxUUldNYLIfBGdXNlOy" role="producer" IPDN="kj5OeQIMjITaV7x.vucHnR" performance="conductor"
                     grossFee="-1512492220.38" modifier="A" IPI="VMdPo6DNBCOK3q2DRPdul" birthDate="2018-12-25"/>
            </Participants>
        </Record>
        <Record title="isroN.CayI4mxYlM-4zphG0" spins="1960449359" ISRC="3529CN054166" year="7811" producer="UDIAMc5Vu0yxazqHkIKvCsZ"
             label="B3utF" recordNo="tSwlL8AGORblZruitmR-o" serialNumber="JNklobK8lMzV1IdzY00xQcd_" isPremiere="0"
             usage="jingle" ISWC="mEI9oBWprRLUQP8gB6.-mFX" AKA="rqo" genre="commercial" broadcastedFrom="2019-05-22T11:21:16Z"
             broadcastedTo="2020-01-11T11:21:16" runtime="1183847976" origin="commerce" alternativeTitle="fwsybCK"
             recordedFootage="2111510493">
            <Participants>
                <Participant name="ooIK" role="remixer" IPDN="VbHMrKqh" performance="soloist" grossFee="739853235.71" modifier="C"
                     IPI="oY3b" birthDate="2019-11-26Z"/>
                <Participant name="obv" role="performer" IPDN="nVM9v7HG0LSU0mFaYsfCpACa" performance="main" grossFee="924343207.73"
                     modifier="B" IPI="PhDhxkYkIXrK9aGyzv6f6N8" birthDate="2019-09-13"/>
                <Participant name="a_9IQx1e4f" role="composer" IPDN="yjSEybmR" performance="chorus master" grossFee="1069920868.45"
                     modifier="B" IPI="QdkadsF2N.JNbth" birthDate="2019-10-16Z"/>
                <Participant name="mz" role="scriptwriter" IPDN="W" performance="soloist" grossFee="794672692.62" modifier="B" IPI="RNDPZbi.dvTgTxT9gls"
                     birthDate="2019-02-07Z"/>
                <Participant name="B" role="producer" IPDN="wsyptRqVR8STXAy_6YqY" performance="main" grossFee="188684687.55" modifier="C"
                     IPI="RrVfuJdNVSTmNfmK" birthDate="2020-01-28"/>
                <Participant name="EkwqxKGM" role="producer" IPDN="VTZ.RYHKQqsDuntoRR8o2Xr2w5xA5" performance="chorus master" grossFee="685188711.06"
                     modifier="A" IPI="m4ezSbp4G-1qw5LI.iFQI" birthDate="2019-12-01"/>
                <Participant name="kCXpg3lSjBmfhFO0Gl" role="composer" IPDN="Waof" performance="chorus master" grossFee="-1356380663.83"
                     modifier="C" IPI="wdjsNbliduMs" birthDate="2018-09-09"/>
                <Participant name="zvBxrLrsQu" role="arranger" IPDN="lv.1JTzskR9m1gU4zKf01" performance="chorus master" grossFee="1599095833.55"
                     modifier="A" IPI="mIdKgm" birthDate="2020-03-16"/>
                <Participant name="Xq5CV7d_DUAEmSIRxR5.0Z_" role="composer" IPDN="cQd_8HgpL40." performance="chorus master" grossFee="-1181921504.21"
                     modifier="C" IPI="JftT-N3Amy" birthDate="2019-03-22Z"/>
                <Participant name="ebQEKEFSm7NanJ35Bwml" role="producer" IPDN="Y0AncDs-9KHTEShr36HwGPLkD" performance="chorus master"
                     grossFee="-1866023292.52" modifier="B" IPI="ZBjmzX-Xu" birthDate="2019-03-01Z"/>
            </Participants>
        </Record>
        <Record title="j4G.ZP.TFtdJzG1x94Tdgibl7R6ON" spins="123742464" ISRC="7JP69OD9Y6KM" year="8012" producer="pNDlHLsyBaU.PnGJSoL"
             label="NLSpn" recordNo="aZA1_uPFr7Olj5PSvc" serialNumber="AV_eoRotQ" isPremiere="0" usage="broadcast"
             ISWC="SHw3O5opDBnIGxPm1aZwP4wHAUMY" AKA="T2J" genre="jingle" broadcastedFrom="2019-09-15T11:21:16Z"
             broadcastedTo="2019-08-02T11:21:16Z" runtime="1846267172" origin="report" alternativeTitle="eJ"
             recordedFootage="1647759254">
            <Participants>
                <Participant name="yLYlaHar-REjn8qGajCCEo" role="scriptwriter" IPDN="AZHNlNxX3bEocSINsMwoiEMP" performance="conductor"
                     grossFee="-2070262587.14" modifier="B" IPI="NxSBSn84rVFltTr_9B" birthDate="2019-08-28"/>
                <Participant name="laAE4zmL-UtyJ4VP2u" role="performer" IPDN="a" performance="main" grossFee="77663695.77" modifier="C"
                     IPI="IcufRXVx1aLLREb25" birthDate="2020-04-13Z"/>
                <Participant name="rwuX_y-s54eA7zioYQBSsO" role="composer" IPDN="UX2CTVRUStnzzmX6dj6i.alV13y" performance="soloist"
                     grossFee="-1209306220.89" modifier="A" IPI="Uk8" birthDate="2019-12-15"/>
                <Participant name="_8H0HqR4_3Obr0KAQWEy9xMI" role="sound engineer" IPDN="lEf" performance="main" grossFee="54061340.13"
                     modifier="A" IPI="smCUA_" birthDate="2018-12-16Z"/>
                <Participant name="CkMhHxgFrLyySwXz" role="music director" IPDN="aF" performance="main" grossFee="1929122797.98"
                     modifier="C" IPI="iAHbw-eaKLCikZqFwNOnob8zU" birthDate="2018-08-31"/>
                <Participant name="p4B82otB0Xw3H" role="arranger" IPDN="yny_lAvUv" performance="chorus master" grossFee="-791185082.29"
                     modifier="A" IPI="YpWc8du" birthDate="2019-10-03Z"/>
                <Participant name="EPXyuSaiOpvQsDAMU8R_j" role="subscriptwriter" IPDN="QUJ4cIxEz" performance="main" grossFee="1437788802.13"
                     modifier="C" IPI="GmCQ78QrD" birthDate="2019-02-10"/>
                <Participant name="Js" role="composer" IPDN="I5Ft2Jl.9.jPaZet1uz8GW026-" performance="conductor" grossFee="2133172337.38"
                     modifier="B" IPI="Hv5PRTi" birthDate="2019-03-13Z"/>
                <Participant name="uukwGC" role="scriptwriter" IPDN="A-9RGoqNDcjFwl" performance="supporting" grossFee="1363973743.84"
                     modifier="A" IPI="hYcdJnPY9Rvz3zh2ANDUSaFn-wED" birthDate="2020-01-27Z"/>
                <Participant name="yTH5l6AVQvi0oSxJ9F" role="scriptwriter" IPDN="ZK" performance="supporting" grossFee="-803698067.21"
                     modifier="B" IPI="u2hVFq" birthDate="2019-10-10"/>
            </Participants>
        </Record>
        <Record title="dpBYuoVkD" spins="1776989283" ISRC="125QD6730BI8" year="0890" producer="AArLuAV-H" label="FsAfcexUBepCrEXX-CG"
             recordNo="xtMI" serialNumber="SjolVosWCDytuVKt5q1" isPremiere="1" usage="jingle" ISWC="c4djMpO"
             AKA="DRZLMCH58L9WNv98" genre="commercial" broadcastedFrom="2019-05-26T11:21:16" broadcastedTo="2019-08-06T11:21:16"
             runtime="340056209" origin="report" alternativeTitle="kr" recordedFootage="416208593">
            <Participants>
                <Participant name="gnidrs7kUzkxXmesTPGz95D4xQUrR" role="sound engineer" IPDN="MyLQ2d6VgD" performance="main" grossFee="-422526673.64"
                     modifier="C" IPI="UG-rwiEuDv-19nP9EtsPhth" birthDate="2018-09-14"/>
                <Participant name="gH1il5ClG" role="music director" IPDN="sP61FgDQL_lQY80jTW" performance="chorus master" grossFee="1024721347.03"
                     modifier="C" IPI="_5KlHqFyrc9zx" birthDate="2020-01-13Z"/>
                <Participant name="NkP51PETd1epLc8C2CB" role="performer" IPDN="ZLzlQbYcQMrITbBNdMKr4fybNgBZ" performance="main" grossFee="479774979.49"
                     modifier="A" IPI="Jb" birthDate="2019-05-20Z"/>
                <Participant name="Ba1qYDN" role="sound engineer" IPDN="gN2" performance="chorus master" grossFee="-682021402.53"
                     modifier="A" IPI="pZb-OtWp.88rvj2PqT5icY" birthDate="2018-11-10"/>
                <Participant name="mBK2" role="scriptwriter" IPDN="RVinNELpub9uiM3VlHk" performance="supporting" grossFee="1245206819.63"
                     modifier="A" IPI="W4lmyNRnn0BnH3DQ3t3g7hP9ApeaN" birthDate="2018-11-23"/>
                <Participant name="u7o1Kf2HqER6h-xPDpdf" role="arranger" IPDN="okQSgD" performance="chorus master" grossFee="-1113135068.06"
                     modifier="C" IPI="SO8xgAHBsMR4O_wJ9FyP5Nvz5F-" birthDate="2020-03-11"/>
                <Participant name="Q9asTT7zi9H2WVqYzpO" role="producer" IPDN="Na" performance="conductor" grossFee="373005792.72"
                     modifier="B" IPI="p1VspyRGvjC4MatpRH" birthDate="2018-11-16Z"/>
                <Participant name="xyTNKVf.4UIz" role="remixer" IPDN="K95RUV" performance="supporting" grossFee="-2141301759.19"
                     modifier="A" IPI="wpGQ-K" birthDate="2020-05-26Z"/>
                <Participant name="BmCQVMxDpKck" role="subscriptwriter" IPDN="Dy1oG82K4.SrF2whJZC" performance="main" grossFee="-544838170.33"
                     modifier="B" IPI="Cm" birthDate="2019-10-05"/>
                <Participant name="Z5crvaydZR" role="composer" IPDN="OXN" performance="conductor" grossFee="-1881478764.64" modifier="A"
                     IPI="c040RRamqcQ0" birthDate="2019-05-26Z"/>
            </Participants>
        </Record>
        <Record title="f6AqACt_" spins="1567871237" ISRC="A36S1X43Q20F" year="9207" producer="yVG3nPZ" label="k1-2DkrGdOMVBQ5m"
             recordNo="gUVSuJUCATbRw2wtwc" serialNumber="k" isPremiere="false" usage="commercial" ISWC="L"
             AKA="YpjDoN" genre="jingle" broadcastedFrom="2020-03-19T11:21:16Z" broadcastedTo="2019-06-13T11:21:16"
             runtime="2146149154" origin="free of charge" alternativeTitle="Z" recordedFootage="583315614">
            <Participants>
                <Participant name="ri" role="music director" IPDN="yTGyGcubDkAUdXvgyAlJxY" performance="main" grossFee="1028522678.35"
                     modifier="B" IPI="T6i9Umv4pQWQgVor7" birthDate="2019-05-07Z"/>
                <Participant name="xSf" role="producer" IPDN="bhfvnAM4W0Ide" performance="soloist" grossFee="-1188615220.65" modifier="A"
                     IPI="E" birthDate="2019-08-13Z"/>
                <Participant name="gYFRQh2m0Ffaq" role="producer" IPDN="h-daWcn" performance="conductor" grossFee="1521205453.33"
                     modifier="B" IPI="vcF" birthDate="2018-07-13Z"/>
                <Participant name="PHW.p_4C" role="scriptwriter" IPDN="PamhB4" performance="chorus master" grossFee="-1247826543.06"
                     modifier="B" IPI="QFS9UpePV5jZpK7E_WQoVLbv3E" birthDate="2020-04-04Z"/>
                <Participant name="Tr89udwD" role="subscriptwriter" IPDN="t" performance="conductor" grossFee="-484959029.25" modifier="A"
                     IPI="yTATOHapT6t4DUnb6nJRL521lPI" birthDate="2019-06-11"/>
                <Participant name="gCSHJJged" role="arranger" IPDN="Le9-V" performance="conductor" grossFee="1290656421.62" modifier="C"
                     IPI="mz" birthDate="2019-12-24Z"/>
                <Participant name="Y_K3e5QwAc2wrfE7t4zbw6h3" role="arranger" IPDN="t6o" performance="soloist" grossFee="-311072233.17"
                     modifier="C" IPI="oHR_Nn.rljCnv" birthDate="2019-01-27Z"/>
                <Participant name="hZTRWl5X" role="sound engineer" IPDN="i" performance="main" grossFee="-339114790.99" modifier="A"
                     IPI="dKQo7Slfzzf.25lhG" birthDate="2018-09-06"/>
                <Participant name="HFOxtagiD9rtwU-zqefV7" role="producer" IPDN="IpZkB4XBo9wAgH8xVpMI" performance="supporting" grossFee="1829010485.39"
                     modifier="C" IPI="l-lXJ8_jjhAzUS_WOO" birthDate="2019-12-02Z"/>
                <Participant name="es8_yJcJFD3zA_HpYd_iTPqrN5B7o." role="remixer" IPDN="vI7." performance="supporting" grossFee="-1506842605.92"
                     modifier="A" IPI="S1aOkqtllTuHtKBILsLtmhmuNg" birthDate="2019-10-28"/>
            </Participants>
        </Record>
        <Record title="BIOUwp" spins="567399554" ISRC="6IDCUM7BMP70" year="6307" producer="UE" label="YY.ne..udOj5X11T2jOYgd"
             recordNo="NKDnGXlhDGYUDFXZeWMIeqZ9" serialNumber="FKCw4UxFXWU" isPremiere="0" usage="commercial"
             ISWC="d" AKA="ef2dvX7l65UWSXf9zKd7T12" genre="spoken word" broadcastedFrom="2019-07-24T11:21:16Z"
             broadcastedTo="2019-07-29T11:21:16Z" runtime="563903753" origin="report" alternativeTitle="YhjJWNdb5sX"
             recordedFootage="1425208380">
            <Participants>
                <Participant name="c1CY5Yd1IxMqG2QhObE3f21zmR" role="composer" IPDN="vJaD.F8Oqgri" performance="main" grossFee="-874380291.83"
                     modifier="A" IPI="Re607Pt0jxnCeUOjRLr9x0NA2M" birthDate="2019-01-19Z"/>
                <Participant name="qn.v-LlrgruuuV8KdJdF8" role="arranger" IPDN="FLIoOfAcrOD89pKgSf" performance="supporting" grossFee="-1552238345.23"
                     modifier="A" IPI="ml90" birthDate="2019-08-12Z"/>
                <Participant name="pUS2wo0yv13Ipa03" role="composer" IPDN="J86E9mlGGZrhZyAXH8" performance="main" grossFee="-14964319.96"
                     modifier="B" IPI="W9P75yJPXvX8V0Mxx7xrjn" birthDate="2018-12-23Z"/>
                <Participant name="ieD8" role="composer" IPDN="gFUkMO4Gs" performance="conductor" grossFee="-377427359.31" modifier="B"
                     IPI="seyrw8Tg6BCqYRJR" birthDate="2019-05-19"/>
                <Participant name="pA" role="subscriptwriter" IPDN="UwrpIvdDz0.nozYBKLn" performance="conductor" grossFee="-1672560444.04"
                     modifier="B" IPI="aueWKRdg-N8Q5_h" birthDate="2018-12-22"/>
                <Participant name="Y8yRBe0GX2FfY7TxL5" role="music director" IPDN="hg" performance="supporting" grossFee="-363792163.15"
                     modifier="B" IPI="XCtp8eAEXfk6cGRtwt" birthDate="2019-01-29Z"/>
                <Participant name="aSwaENv7b4R" role="remixer" IPDN="Z" performance="supporting" grossFee="752632432.37" modifier="C"
                     IPI="Ap" birthDate="2020-04-01"/>
                <Participant name="jHJWBMEwRo.CjBF7awK" role="music director" IPDN="jqaRTLPSQ" performance="conductor" grossFee="-2047942864.64"
                     modifier="A" IPI="_p47r_xYZvAZ3mieiAJS84dYdOe9tk" birthDate="2018-11-16"/>
                <Participant name="RQ6nmwHWHYheYXU0k4wK5Gx" role="arranger" IPDN="DqF8GlolUuySZ3-fsGmbbJ6.c" performance="chorus master"
                     grossFee="1563510626.65" modifier="A" IPI="R5wsZNd" birthDate="2019-04-24Z"/>
                <Participant name="taw" role="composer" IPDN="zuQYZo7y.JgTSLgAHWqgd_B14" performance="main" grossFee="380666356.21"
                     modifier="A" IPI="dMse71Mz8WFeX" birthDate="2019-07-11"/>
            </Participants>
        </Record>
        <Record title="pMFzLu8BR" spins="11442707" ISRC="TLSG1S79JH4X" year="4411" producer="LXI-u4o" label="Y0obLJE.IpbXRq_Sai"
             recordNo="bBrsX239XxbC5.OMkR6Uh8E-ZKaQ" serialNumber="kNK2" isPremiere="true" usage="jingle"
             ISWC="XTvnv3EEDLjtjIN" AKA="DWr49ziLUxooAaEEcrW" genre="classical" broadcastedFrom="2019-09-08T11:21:16Z"
             broadcastedTo="2018-08-10T11:21:16" runtime="1339093526" origin="live stream" alternativeTitle="IN1f3l-"
             recordedFootage="1954252519">
            <Participants>
                <Participant name="DlJDfFYEFGpx_IIAfvtUYvTQipB4" role="remixer" IPDN="L" performance="supporting" grossFee="177654775.59"
                     modifier="C" IPI="B." birthDate="2019-08-07Z"/>
                <Participant name="Oc3zpmiaj" role="composer" IPDN="VSI3tszDg_" performance="conductor" grossFee="-594943315.65"
                     modifier="C" IPI="KmnBMrimDK_0XLHoz_5b20uP9uNxp" birthDate="2019-07-18"/>
                <Participant name="o" role="producer" IPDN="qjRuMHDciCw1vr4Fx8g3UNQ38P.8A" performance="soloist" grossFee="1198030773.91"
                     modifier="B" IPI="AgnhfLMIm.T5T" birthDate="2019-02-21Z"/>
                <Participant name="gVY_hYX6JYYTAwh3Pg" role="remixer" IPDN="Z880RH6" performance="conductor" grossFee="-2025771118.66"
                     modifier="A" IPI="HjAKQ4PE-rbr" birthDate="2019-08-13Z"/>
                <Participant name="MbPOGhG9l" role="composer" IPDN="gFKEQ2HTmuFEDYjjAUqqR.HtguV3" performance="chorus master" grossFee="184522085.52"
                     modifier="A" IPI="wR" birthDate="2018-08-23"/>
                <Participant name="MyLfmC7Ij-" role="arranger" IPDN="z.rPO194Yj2riHB8.p_Igpbyjg_Ikf" performance="main" grossFee="-315226263.89"
                     modifier="B" IPI="F_HHHEwjcc_4Lw" birthDate="2019-01-07Z"/>
                <Participant name="qnOxwAWBM1wQLvkh-mRO6bq" role="scriptwriter" IPDN="fweoF2" performance="conductor" grossFee="841296986.09"
                     modifier="B" IPI="pd..7XN_se" birthDate="2020-01-23Z"/>
                <Participant name="YFnGqhe" role="subscriptwriter" IPDN="k6Mfwz.2KXOcYgh0WZgviMnGF" performance="soloist" grossFee="201338955.03"
                     modifier="C" IPI="lVdfbj3NHnhQxpthHH_x.jwW" birthDate="2019-01-06Z"/>
                <Participant name="Ta1XO-l.D89sn" role="arranger" IPDN="csSE8FDgjRgx0m89eLX_z8l" performance="conductor" grossFee="2130432166.52"
                     modifier="C" IPI="XpHHLYpZ1DvTnOxHNes2lh" birthDate="2020-05-08"/>
                <Participant name="S-e0EK466T0_6AGriW2" role="music director" IPDN="hSeNg8k6vOAh7.qrAX201P" performance="conductor"
                     grossFee="-1401657510.00" modifier="B" IPI="KIvs2L1xcPBx2xjkt" birthDate="2019-12-01Z"/>
            </Participants>
        </Record>
        <Record title="Hp" spins="264392979" ISRC="1N43WZNYZD2K" year="4224" producer="HryELQK4y40cVfLghAFDtzxzK77"
             label="rUj-BSQB-2vCeKEjd7wj" recordNo="V-9QuQk.T" serialNumber="OPAxqBEZVwbczzVPpm9" isPremiere="1"
             usage="jingle" ISWC="E." AKA="AIAIkiwoB_1hHUOC_" genre="composed" broadcastedFrom="2020-06-13T11:21:16"
             broadcastedTo="2020-04-01T11:21:16" runtime="1230042763" origin="free usage" alternativeTitle="qzrF0.OcFVwlSoCz"
             recordedFootage="750294821">
            <Participants>
                <Participant name="E-S8Ipx1mmN2I2gQyDZvmo" role="producer" IPDN="TmWhVPs4Q9yL6Q3mmbeOz" performance="soloist" grossFee="630089949.00"
                     modifier="B" IPI="fQNOMhh8" birthDate="2018-10-07"/>
                <Participant name="BcP6Uw.15Iz" role="performer" IPDN="bwtY8c7UznE" performance="main" grossFee="-1391346356.72"
                     modifier="A" IPI="za-IEf" birthDate="2019-04-27Z"/>
                <Participant name="bWtu7Q0xgh" role="arranger" IPDN="tswrrly" performance="main" grossFee="1379849054.91" modifier="A"
                     IPI="NvVRVY665XwQY" birthDate="2020-05-13"/>
                <Participant name="qFEm5.Gs4Ok-oZoB" role="subscriptwriter" IPDN="br.mdSHdO" performance="main" grossFee="1142401335.80"
                     modifier="C" IPI="w27SHRdDdg7W0agsIkMy" birthDate="2019-12-31"/>
                <Participant name="fGo2QLU39TsL9JLxZ5-Knet1Cc" role="arranger" IPDN="Zlh7" performance="soloist" grossFee="487139907.12"
                     modifier="A" IPI="W1DkM2-w-kQkKYs2xkPV6-TZG" birthDate="2019-03-02Z"/>
                <Participant name="asyX" role="producer" IPDN="okoF" performance="chorus master" grossFee="1797574537.54" modifier="B"
                     IPI="_kJ61t" birthDate="2020-03-20"/>
                <Participant name="rYlP1qCDcO6G6mM.flBO_" role="producer" IPDN="QFWekk7hV4m3L0RmBT-" performance="supporting" grossFee="-551833335.25"
                     modifier="B" IPI="c7z3PfTbOykoQrTUMgRDPkw7GC.sO" birthDate="2018-10-29Z"/>
                <Participant name="xZIGgrAfK204mjt" role="composer" IPDN="ULPiKQFHEX8kgQzgGAat0GTw" performance="supporting" grossFee="-1574221905.35"
                     modifier="B" IPI="gZmH3fQ" birthDate="2018-08-22Z"/>
                <Participant name="SZ._4bVou8Wq_hrs7AsnJa38nnl" role="remixer" IPDN="aA" performance="conductor" grossFee="-2124041444.60"
                     modifier="C" IPI="s5" birthDate="2018-09-20"/>
                <Participant name="jRZl" role="producer" IPDN="DdjNs2D9iD" performance="main" grossFee="1494680942.49" modifier="C"
                     IPI="keMttesTCx8tY-CuqZ" birthDate="2018-09-30Z"/>
            </Participants>
        </Record>
    </Record>
    <Record title="UeM2" spins="247815787" ISRC="G0760N5908BG" year="3888" producer="dJY9WrFkE" label="wGJ2hLM"
         recordNo="UxMM1stAn3nv4m" serialNumber="NRD9qwmPsCqge5C5-U-Rm7Lls" isPremiere="true" usage="broadcast"
         ISWC="XhRuNKJwlaMvnzFPhA_S7pg-" AKA="xN5i3L-_8v3r" genre="spoken word" broadcastedFrom="2018-08-01T11:21:16"
         broadcastedTo="2019-11-27T11:21:16Z" runtime="1812887786" origin="live broadcasting" alternativeTitle="i0bQHhC"
         recordedFootage="771902144">
        <Participants>
            <Participant name="dkecA1mNEanokxdgLAMp" role="producer" IPDN="mvwwhdoMCty95W" performance="soloist" grossFee="-794722193.63"
                 modifier="A" IPI="KOcp8GBvOw.dC2hWD_n" birthDate="2018-07-16"/>
            <Participant name="CiKqfB" role="sound engineer" IPDN="J3" performance="soloist" grossFee="-576081539.80" modifier="A"
                 IPI="w." birthDate="2018-09-07"/>
            <Participant name="j4" role="sound engineer" IPDN="cJ-" performance="supporting" grossFee="293997801.42" modifier="A"
                 IPI="zBjR51p" birthDate="2019-05-26Z"/>
            <Participant name="h0Dftbn5SxsFl0ahwmh" role="scriptwriter" IPDN="QKWLZeVVP2K1H3cz.Hj0p0.IGyPe" performance="soloist"
                 grossFee="-1692546339.71" modifier="A" IPI="q5OaSFitt0qXfVmuEATfyBwCOkuR" birthDate="2018-09-16"/>
            <Participant name="cU6bDZhkz_YD_sVosoLOVRM5zx." role="sound engineer" IPDN="AXCyet7RLpWx1-rpB" performance="chorus master"
                 grossFee="-1590076163.87" modifier="A" IPI="eAZvIuwOi_xTvpo7yDKgfzUlN" birthDate="2018-07-15Z"/>
            <Participant name="zgIeKrV1Mi0Abm_-B0acSHfJDFe" role="composer" IPDN="aaf" performance="conductor" grossFee="1426284312.76"
                 modifier="B" IPI="yTNcKwum3AAOxEcJyznbK4" birthDate="2019-01-18Z"/>
            <Participant name="s" role="subscriptwriter" IPDN="yog.KDRNpxv11X" performance="supporting" grossFee="-1907503408.66"
                 modifier="B" IPI="O-6seI45j8Sb4ahYhd3gQfKw" birthDate="2019-04-25Z"/>
            <Participant name="Ct" role="producer" IPDN="SbSrsbaTTJ" performance="supporting" grossFee="-1194335090.20" modifier="A"
                 IPI="o1V0GfF5" birthDate="2020-04-25"/>
            <Participant name="d-q342Ui6Rgac5r-etC9Zi_MVFZ" role="producer" IPDN="MN7QD872zzpoDkiFIha" performance="soloist"
                 grossFee="619801674.85" modifier="A" IPI="Kswgyom3Fdlari079r-iZnUctpg2Y" birthDate="2018-11-01"/>
            <Participant name="nTVkqD3hgT.iOoLa.pcVljR" role="producer" IPDN="ppJRL6YPNUMlDjmw2" performance="chorus master"
                 grossFee="953832066.46" modifier="C" IPI="nN." birthDate="2019-07-09Z"/>
        </Participants>
        <Record title="HeB8asJlEeGdLx" spins="559700965" ISRC="D79Z0U69YY28" year="1363" producer="PYOzGrSDJ-RQvTl-C"
             label="Bh3.VkJPLPZNXVty" recordNo="Rxi2" serialNumber="ifDUreac5y.1VkeIaAL-Va-9qVrI9W" isPremiere="0"
             usage="jingle" ISWC="brgNKp81VCyixU-uZO59Pq-s2-4c8s" AKA="ztceGOu" genre="spoken word" broadcastedFrom="2020-03-24T11:21:16"
             broadcastedTo="2020-05-25T11:21:16Z" runtime="1852216769" origin="commerce" alternativeTitle="s7_41o3ua"
             recordedFootage="1351463300">
            <Participants>
                <Participant name="eX_0n25YAptNk0U" role="remixer" IPDN="zHDHFK7fNfAjzmLF4h" performance="supporting" grossFee="-1728800118.51"
                     modifier="A" IPI="shEyKNzOsSsV8pwWHX" birthDate="2019-11-27"/>
                <Participant name="SBtFGkZQlS" role="performer" IPDN="UV0Xp.Dus" performance="soloist" grossFee="1440500402.39" modifier="B"
                     IPI="sf.Uh" birthDate="2020-03-11"/>
                <Participant name="L" role="remixer" IPDN="eAoPiBqj6" performance="conductor" grossFee="-1853367070.25" modifier="A"
                     IPI="Zo_vGkLV6tiDoiOe5H3gW2kSs7H0R8" birthDate="2020-05-04Z"/>
                <Participant name="sjMJrQseWYUrM29FdcPQBpv5HN" role="sound engineer" IPDN="oGcxwLrsLvVHfAqUW92" performance="conductor"
                     grossFee="1768198906.16" modifier="A" IPI="oG7A" birthDate="2019-03-18Z"/>
                <Participant name="fS6WkKrIaK" role="remixer" IPDN="thx32KlJie7w_F4mNm" performance="supporting" grossFee="1402898978.51"
                     modifier="C" IPI="r9QcCK5" birthDate="2019-07-26Z"/>
                <Participant name="fqub_n" role="music director" IPDN="P" performance="chorus master" grossFee="-1185253523.47" modifier="B"
                     IPI="cALaPBhXMB" birthDate="2018-08-22"/>
                <Participant name="DXt8fW6AQ" role="scriptwriter" IPDN="dJtb.JLlQYYXDyGO6" performance="chorus master" grossFee="-277944782.09"
                     modifier="C" IPI="bxhbdYuXPg" birthDate="2018-08-16"/>
                <Participant name="XVNctUz5XXQV64Hm80LlZv0e" role="music director" IPDN="B7EGZVxRH0scEA_Nj" performance="chorus master"
                     grossFee="-132507429.67" modifier="B" IPI="I0G7dTQrmixA4JM" birthDate="2018-09-30"/>
                <Participant name="Nn6F" role="music director" IPDN="pn" performance="soloist" grossFee="-474457683.90" modifier="C"
                     IPI="pd9hIAsp0fLEQOY9v" birthDate="2018-09-11Z"/>
                <Participant name="U7AbGmb" role="producer" IPDN="P" performance="soloist" grossFee="-100787671.51" modifier="C"
                     IPI="RSl1M2wbiLE.s04YNNK2b" birthDate="2020-01-26Z"/>
            </Participants>
        </Record>
        <Record title="j7" spins="930589969" ISRC="R6KGOIPSI4UV" year="2173" producer="hvbZ7pbQ9x" label="lxFn_7mqHQUt.bJE6C_j"
             recordNo="Uih9d" serialNumber="uqQ2JLUVgkTrfcPlKosvrUckK" isPremiere="1" usage="jingle"
             ISWC="t" AKA="tOB_B_TC.Bn8" genre="spoken word" broadcastedFrom="2019-09-11T11:21:16" broadcastedTo="2019-08-28T11:21:16"
             runtime="1615564479" origin="free of charge" alternativeTitle="p7mMhkZY7_lSp7o-XDgjsg" recordedFootage="2071870487">
            <Participants>
                <Participant name="xf8GkKgBwHCbY5A.aX" role="arranger" IPDN="mAI7zN1U4J2" performance="conductor" grossFee="-2109147761.05"
                     modifier="B" IPI="h-bWJeA16fm5t4UJtQ" birthDate="2018-08-25"/>
                <Participant name="wPGjjrhMiScZI8mA7" role="performer" IPDN="bXZ854" performance="main" grossFee="-151858581.02"
                     modifier="A" IPI="bN" birthDate="2019-07-09Z"/>
                <Participant name="IXPuBTqyMlUANGt" role="subscriptwriter" IPDN="l_P9w0-52GSCVEI" performance="soloist" grossFee="1043243889.63"
                     modifier="A" IPI="J42CNc6P5HixB" birthDate="2018-09-28"/>
                <Participant name="A.z0bmfbvOyLo3gwr9hdPLZLqX" role="scriptwriter" IPDN="SJ" performance="main" grossFee="713230758.23"
                     modifier="B" IPI="rco-keD5a" birthDate="2020-02-08"/>
                <Participant name="EUp7efY6CTI4nQCKW7p" role="arranger" IPDN="ws" performance="main" grossFee="-600703318.02" modifier="C"
                     IPI="m0V" birthDate="2018-09-23Z"/>
                <Participant name="V8AfGhzvEMiyn9a1" role="composer" IPDN="MmbpvwQp" performance="soloist" grossFee="1585228987.45"
                     modifier="A" IPI="isiSJdd6YDdFtScyNAtpT9OeKc" birthDate="2019-04-14"/>
                <Participant name="DnFVDzJqzsTfXAJBW-pJlXI_RCeT" role="music director" IPDN="Ya_fdFWJ" performance="main" grossFee="228917524.90"
                     modifier="A" IPI="gYB7njhpgXmkL1EwtbE" birthDate="2019-06-24"/>
                <Participant name="KkHkwmrSkMEH" role="subscriptwriter" IPDN="Y2imOAP_V8oWuKEtVrI0rKDW" performance="chorus master"
                     grossFee="1736320654.63" modifier="B" IPI="m8XAGLqE10ObXk" birthDate="2019-02-14"/>
                <Participant name="b1QdYQbbSGxBR" role="producer" IPDN="O3" performance="supporting" grossFee="-1751267877.65" modifier="C"
                     IPI="g4GmC_qxYrgR1MCRjYfJY_u.wo" birthDate="2020-02-06Z"/>
                <Participant name="QZOenhMAp" role="subscriptwriter" IPDN="uML0.9ntghG0" performance="supporting" grossFee="-1016476399.30"
                     modifier="A" IPI="hU" birthDate="2018-10-17Z"/>
            </Participants>
        </Record>
        <Record title="bqFTqhBiG" spins="1287145848" ISRC="1YLYZ7ZY60F5" year="0694" producer="Bi" label="wTT3Dwmg"
             recordNo="UqbjP_CFibxuSjsphpm" serialNumber="T3kaSxslu" isPremiere="0" usage="jingle" ISWC="EU-tG-6pkJzPpGWa"
             AKA="b_5RRUL52lE3VfRe9UcKXSB1" genre="composed" broadcastedFrom="2019-07-02T11:21:16Z" broadcastedTo="2020-02-28T11:21:16"
             runtime="149094224" origin="self" alternativeTitle="ip.jPh3R" recordedFootage="940043713">
            <Participants>
                <Participant name="w" role="producer" IPDN="VlFXJp0J3alJPkXPlpaslo3o" performance="supporting" grossFee="135705109.22"
                     modifier="B" IPI="Gg2TnHexh7X1MVNS" birthDate="2019-04-28Z"/>
                <Participant name="HU.dZxYGntJUngnIp8iZB" role="scriptwriter" IPDN="Waf.9eyczXkzwUPmSd4FNOwKPLre" performance="supporting"
                     grossFee="-1557306622.14" modifier="A" IPI="zri.OhyNTolMJe-jh" birthDate="2019-09-01"/>
                <Participant name="IMqsGZFeLu-5n" role="subscriptwriter" IPDN="tMP" performance="supporting" grossFee="1500120833.85"
                     modifier="C" IPI="A5Z_sVEkjyCIHJfC0PGNbKJN" birthDate="2020-01-19Z"/>
                <Participant name="FKnpkHa0Q_LtETHXiqtl0a2QzG" role="remixer" IPDN="YNL6HfLlNTsZ1E4eknVZ" performance="supporting"
                     grossFee="-1321149659.07" modifier="B" IPI="mkkQ4z0vRpN8cqkWydqMz" birthDate="2020-01-16Z"/>
                <Participant name="P70DS4ZdBaFurpqZC1_z" role="composer" IPDN="KF3AjEum.29K.sCSuwG" performance="supporting" grossFee="1870485399.07"
                     modifier="C" IPI="fPhKd8Ibqp6y4l-Vcb9-ju9" birthDate="2020-03-19"/>
                <Participant name="ENljo5kRUEX6gsze6N0h7KpR" role="music director" IPDN="t68BbI49NqSINP" performance="supporting"
                     grossFee="-1173204794.77" modifier="B" IPI="oYpF2FeC5g1IOluPtIX" birthDate="2019-10-03Z"/>
                <Participant name="rra_1JIdi8jT812avAublH52rEt2Y" role="composer" IPDN="jIhyXPq_nR8rjpcxTO9_eyZiH7" performance="conductor"
                     grossFee="553459281.82" modifier="C" IPI="kE4" birthDate="2019-12-29"/>
                <Participant name="ejiTKHkjVxd101" role="performer" IPDN="Pm.DXWEJ17l21ku" performance="chorus master" grossFee="-1418442372.77"
                     modifier="C" IPI="vD-z4005op" birthDate="2019-07-06Z"/>
                <Participant name="Ttj" role="arranger" IPDN="xEp6fD5cT17mTMNh4g6" performance="supporting" grossFee="-662766293.55"
                     modifier="B" IPI="TAzwPXXe0" birthDate="2018-10-21Z"/>
                <Participant name="unfPUc" role="music director" IPDN="SY9sYVjWMn0FPfGG" performance="soloist" grossFee="-685573053.46"
                     modifier="B" IPI="OrMS-jlE6l3gFWNUyxY" birthDate="2019-08-30Z"/>
            </Participants>
        </Record>
        <Record title="t7lrIQx4EomiOESJBWdk" spins="921444563" ISRC="DL1QR253MNN5" year="3947" producer="Dr" label="UB5Tjwiv"
             recordNo="QTJw.HY19r7NOFFkOk9q" serialNumber="arI8IwvQSDvvc" isPremiere="0" usage="commercial"
             ISWC="We-WqO8kn9V" AKA="xzMq2t5h41Yz2ZsPGm82RYvJPr5H" genre="spoken word" broadcastedFrom="2019-12-30T11:21:16Z"
             broadcastedTo="2019-01-06T11:21:16Z" runtime="1532167314" origin="commercial" alternativeTitle="Pm6juqHXw9ZpgV-zTq0EJ2U5DARgc"
             recordedFootage="1461455670">
            <Participants>
                <Participant name="SiWUDCsBri0IdZoA" role="performer" IPDN="BrRs8fZs7qZOkU.mQcw-1UM1c" performance="conductor" grossFee="-602493328.47"
                     modifier="C" IPI="c3ZAOOIHJVSBZ_xvMREMOJ0UDi_w" birthDate="2019-12-15Z"/>
                <Participant name="hnx6KR7Hz.QC5d6S3iCNv" role="scriptwriter" IPDN="fgXGchF_pvJ.8ZTNVXKPpgP03YRttE" performance="conductor"
                     grossFee="1264245800.32" modifier="C" IPI="QTBSESB_0JkMt1b" birthDate="2019-02-19"/>
                <Participant name="QGE41lUDB-UMKae23RXmwXohhUpv2e" role="remixer" IPDN="J7_TDYzzazpbeL7" performance="conductor"
                     grossFee="146285079.50" modifier="C" IPI="i7ma9DemW0Hgb0D41e4Lyg_JgG" birthDate="2019-11-20"/>
                <Participant name="xCRPctDz" role="producer" IPDN="phIUk-" performance="main" grossFee="831517280.39" modifier="A"
                     IPI="geTqTXz8" birthDate="2020-01-25Z"/>
                <Participant name="tI_IsjftMIPW.i" role="scriptwriter" IPDN="kph5NG9I1MYWXyY8LwVVl" performance="soloist" grossFee="-545437238.81"
                     modifier="C" IPI="aaEucOIbwoIhgn7y7WGT" birthDate="2019-09-04"/>
                <Participant name="pX4a5V18UoMlfV" role="composer" IPDN="w0wSc78XunZg4VqzTkTKeuJ" performance="conductor" grossFee="283228705.54"
                     modifier="B" IPI="BTcPHXTMMu27V6hww" birthDate="2019-08-07"/>
                <Participant name="fpRGHYo" role="scriptwriter" IPDN="RxEAWitwFIs" performance="conductor" grossFee="-1066301148.76"
                     modifier="A" IPI="c18VRNNQEyM1qeyB8mc3ESFeGOVpfS" birthDate="2019-11-21"/>
                <Participant name="I" role="remixer" IPDN="aKs1" performance="soloist" grossFee="-1846631133.34" modifier="A" IPI="hBPhIc"
                     birthDate="2020-02-26"/>
                <Participant name="y.TnySC7XN1z8ogmUkUG1gMJVe" role="performer" IPDN="L6fQGN5HmQNoXTeqtn-HQ_wo" performance="main"
                     grossFee="-2137868315.64" modifier="B" IPI="ZZNNTbp06W-S4Nqv" birthDate="2019-08-06Z"/>
                <Participant name="_2SL70in77R" role="performer" IPDN="Uc" performance="supporting" grossFee="-834804658.81" modifier="A"
                     IPI="HonUYFfH3YR" birthDate="2018-07-06"/>
            </Participants>
        </Record>
        <Record title="b3I7exL7TXjMvE4Hh-CfZY-_Ipod7" spins="1399791913" ISRC="PFBSI11KJJ0V" year="4954" producer="zrKT"
             label="Exl7wLcbvRf_r7i5-6LOJZdlyRBjeG" recordNo="Jck.znWCUsZiIieJq_" serialNumber="o" isPremiere="false"
             usage="jingle" ISWC="e_zoRE9mSIq6JePcQfRz0UQG0iCBs6" AKA="a" genre="jingle" broadcastedFrom="2019-03-09T11:21:16"
             broadcastedTo="2018-10-02T11:21:16" runtime="2140557813" origin="free usage" alternativeTitle="mBR"
             recordedFootage="994910690">
            <Participants>
                <Participant name="FKM3Wo" role="remixer" IPDN="_V4dLT8K.8-1_hYZHgKjyz" performance="conductor" grossFee="-539439551.96"
                     modifier="A" IPI="l29vnW" birthDate="2020-05-29"/>
                <Participant name="Brz121Zv" role="arranger" IPDN="fld._IETCvGbzbSULEGQ4G" performance="soloist" grossFee="445324456.61"
                     modifier="A" IPI="xSXxa3Ie_A" birthDate="2018-10-15Z"/>
                <Participant name="i3h" role="producer" IPDN="BiVo7vbYH0AKtPaINB" performance="conductor" grossFee="-977581350.10"
                     modifier="B" IPI="_XkZK041o" birthDate="2020-04-19"/>
                <Participant name="C.Dq9NKop-EBOYZhl.zJUz" role="remixer" IPDN="wR" performance="conductor" grossFee="1537833872.48"
                     modifier="C" IPI="zrpe8oUdm1" birthDate="2018-07-07Z"/>
                <Participant name="jBHKpzoNDWQx" role="remixer" IPDN="BFGkz" performance="soloist" grossFee="646984370.70" modifier="C"
                     IPI="BpIxMCz" birthDate="2020-03-22Z"/>
                <Participant name="UF" role="subscriptwriter" IPDN="wu2F8-KNXJZKO" performance="soloist" grossFee="1463145352.03"
                     modifier="A" IPI="eYA" birthDate="2019-10-13"/>
                <Participant name="gLG8weX1" role="subscriptwriter" IPDN="yz.C2mnsGzZRBV8Uo__VFrP" performance="soloist" grossFee="602423203.91"
                     modifier="C" IPI="F" birthDate="2019-10-27Z"/>
                <Participant name="L-V5uvqZK" role="scriptwriter" IPDN="Va5tlkDuQKl6d" performance="conductor" grossFee="482993475.11"
                     modifier="C" IPI="bTNRg_ROnrc0td2qdSo" birthDate="2020-05-13Z"/>
                <Participant name="uM-" role="remixer" IPDN="SPW67FqSlf" performance="supporting" grossFee="-788622656.32" modifier="A"
                     IPI="O1_q655fA" birthDate="2018-08-16Z"/>
                <Participant name="c7VKapXsLfb9Ojktc" role="performer" IPDN="GxMIYBd-V2aNCWbQLye_2Sp9ov" performance="supporting"
                     grossFee="-1192604420.24" modifier="A" IPI="sEom-" birthDate="2019-08-03Z"/>
            </Participants>
        </Record>
        <Record title="qnPPrmn-tdaaK2EqRiHiqTB5" spins="2024248551" ISRC="63A24Q96YS0V" year="3525" producer="hPXUnjc"
             label="sjXJQ5BLxqaPH1TDpLC" recordNo="jHBjyqk_h5pd6FMNQlfQ6VfLphSR" serialNumber="YeA" isPremiere="true"
             usage="jingle" ISWC="EG" AKA="WCHjHBl6S6ZFX4hHMQ20nCI9jl" genre="jingle" broadcastedFrom="2019-03-30T11:21:16Z"
             broadcastedTo="2020-05-18T11:21:16" runtime="1540896378" origin="self" alternativeTitle="rygpvB4u8_O6k9qukyO7kCv3WT"
             recordedFootage="563125210">
            <Participants>
                <Participant name="Kf" role="subscriptwriter" IPDN="JJeeHcinK4nXOZQfEH4C8TF.hhV" performance="soloist" grossFee="-2050749631.18"
                     modifier="C" IPI="Ob7SX-cf_DaBEyDYjmOlRjvu.rE7Q" birthDate="2020-03-25"/>
                <Participant name="DSPpssrmwN0M" role="composer" IPDN="HM_aG4udKV" performance="main" grossFee="-1486268926.08" modifier="C"
                     IPI="z7j5x_FXQdj4fMXE9Rn4fm7" birthDate="2019-07-23"/>
                <Participant name="ODvX0vYEVyoNW2UBNqDCR3lvB0Lkf0" role="arranger" IPDN="uf0Ietxt.q6Y86gUGvsVNBW6" performance="main"
                     grossFee="-1337300231.15" modifier="A" IPI="cCBrHfkM9iOv5IEi6Os" birthDate="2019-07-08"/>
                <Participant name="ZN0VVIJy9QjeNaN" role="arranger" IPDN="X4w33GJ5ZzWl2F1KKXs" performance="soloist" grossFee="1126526795.96"
                     modifier="C" IPI="uupzAgxlyUry7KY2E8ZWlvavZ2Bx" birthDate="2019-12-28Z"/>
                <Participant name="vh-" role="arranger" IPDN="IO98qyvayxO_9PHcJvEePpM" performance="supporting" grossFee="839855627.45"
                     modifier="C" IPI="FArBD2b4rA7woa-O" birthDate="2019-10-15"/>
                <Participant name="q_W2mXUAls" role="sound engineer" IPDN="eAmRT-gHnE0XFSIQJv" performance="main" grossFee="298692984.22"
                     modifier="A" IPI="wSLBuhY4nOR-tgJWdYV" birthDate="2019-02-08"/>
                <Participant name="hhsKPyA-rfywh7MZqbd9R" role="composer" IPDN="Bp-USR6vzA6NjasdXs_5sz6" performance="main" grossFee="1327666369.85"
                     modifier="B" IPI="H6CGXSGEZW.HnOZ" birthDate="2019-05-16Z"/>
                <Participant name="TSZh4aCN1b" role="subscriptwriter" IPDN="yxc3scEW3y2y.CxE6QiOm1eR" performance="conductor" grossFee="-1744192464.28"
                     modifier="C" IPI="SrXy4acrfBl86vFbz4G" birthDate="2020-04-08Z"/>
                <Participant name="rZY2nBIuC4mLgOQ" role="performer" IPDN="A69HFQgAm4gyCGS8hbLr" performance="main" grossFee="-1344095501.37"
                     modifier="C" IPI="_xfO3rEMEFroKKtj9INctpFdc" birthDate="2019-01-18Z"/>
                <Participant name="Gb7CCvr7OkF3HeMr" role="sound engineer" IPDN="ZGSjrXFagUxPVywNA5.4j_I_4hOi-7" performance="supporting"
                     grossFee="1765611526.25" modifier="C" IPI="zC3z" birthDate="2018-08-28"/>
            </Participants>
        </Record>
        <Record title="WY35Y1PsTPCnfSPTjm_eS7UcK" spins="161861143" ISRC="H7113231QMZ0" year="9521" producer="ER-WT_sOPXeLGUv-huGu_lU"
             label="C47JYpxRe" recordNo="pZuH5ZTALx" serialNumber="Banp" isPremiere="1" usage="jingle"
             ISWC="vlHZdTJjBRmq6gg_KKO671" AKA="tdd8r8R" genre="jingle" broadcastedFrom="2018-09-22T11:21:16"
             broadcastedTo="2020-01-09T11:21:16Z" runtime="816277574" origin="live broadcasting" alternativeTitle="x_5Wf_lYgo"
             recordedFootage="36871645">
            <Participants>
                <Participant name="up" role="producer" IPDN="KUVz3R9yTds2P" performance="supporting" grossFee="1462681034.38" modifier="C"
                     IPI="wbkYHP" birthDate="2019-09-05"/>
                <Participant name="b" role="subscriptwriter" IPDN="ceecqd_jFp6Bo" performance="soloist" grossFee="-307560830.05"
                     modifier="A" IPI="tdg" birthDate="2019-10-10"/>
                <Participant name="Zj1sowuri2cltTS15ovSOXIOoATYC" role="scriptwriter" IPDN="U-8bSWqG6NW" performance="supporting"
                     grossFee="990380118.87" modifier="A" IPI="px_tPdAdyw3" birthDate="2018-12-08"/>
                <Participant name="v07KhJySUDGe" role="sound engineer" IPDN="ZgoDD_A7J25CkovAi3" performance="conductor" grossFee="-134798136.20"
                     modifier="A" IPI="BNqB3_YAXaTOFW4v9" birthDate="2019-07-07"/>
                <Participant name="c_w9WucbeaVtFCCf" role="remixer" IPDN="gZlG8yd_W4da7kddfN-PqnZqB" performance="soloist" grossFee="68172300.79"
                     modifier="C" IPI="r" birthDate="2019-08-26"/>
                <Participant name="FL2.fbyH_g13kL__n.WntREAhRo" role="subscriptwriter" IPDN="OyJUi998RFRe8qTl-_zJkpEg23bP3" performance="soloist"
                     grossFee="-1877418012.39" modifier="B" IPI="w1WmEtG3K7Zhb" birthDate="2018-09-30Z"/>
                <Participant name="B-fEE19-E8IRL3b8h" role="subscriptwriter" IPDN="_" performance="conductor" grossFee="-592043368.06"
                     modifier="B" IPI="TGxuQfFtIL1JzR5x0xrfvokb" birthDate="2019-11-26Z"/>
                <Participant name="zslAA9S-xdbcG17HpG" role="composer" IPDN="DOXZRQ8VQ0HC" performance="conductor" grossFee="1014371256.58"
                     modifier="C" IPI="M1Xt17Ma4n3Zy" birthDate="2018-08-24Z"/>
                <Participant name="bZgKlmXP1B-vIdjOe0EDfawNq3A" role="scriptwriter" IPDN="ZA8IxXz1QH" performance="conductor" grossFee="-1466901141.88"
                     modifier="C" IPI="i2ymrapV1" birthDate="2019-10-03Z"/>
                <Participant name="qA9Q7mRyLdd5BteaZ-laZnwKA" role="composer" IPDN="StuI1B" performance="main" grossFee="359015391.74"
                     modifier="A" IPI="jSkZ7uFImvV.JtwtVcoZuLG" birthDate="2019-04-10"/>
            </Participants>
        </Record>
        <Record title="mmNtwlvktMpsCi" spins="649850878" ISRC="GB70ETH04F3L" year="5829" producer="wd.p3hQ20DFUHQ6wbahVqn"
             label="NidHW2yx_UlR" recordNo="iKynuyBfzftf1m8PB3czI" serialNumber="TAas0Iv5OG" isPremiere="0"
             usage="commercial" ISWC="_VzziG7Ja0g1INhzarhHf__SHT" AKA="Y.xTIjquTlx" genre="pop" broadcastedFrom="2019-02-04T11:21:16Z"
             broadcastedTo="2019-11-13T11:21:16Z" runtime="1598829149" origin="commercial" alternativeTitle="VXkXTCP.kV_m6bkaSeu9A"
             recordedFootage="1389827818">
            <Participants>
                <Participant name="g2XQ8vyYW" role="scriptwriter" IPDN="rjMWSp_Hp8m6IuvDQNnutTNWcUwgpM" performance="soloist" grossFee="1866380160.79"
                     modifier="B" IPI="xl-zn0WBaMzLi" birthDate="2019-01-20Z"/>
                <Participant name="NtF0G.zgTeDa.N8oTrh8" role="music director" IPDN="e6qS8q" performance="main" grossFee="-1174687354.25"
                     modifier="B" IPI="CQ7IgGR9FnjI" birthDate="2019-06-27Z"/>
                <Participant name="Xm" role="composer" IPDN="dss0RMji5puz13" performance="chorus master" grossFee="1855622598.49"
                     modifier="A" IPI="Pf9rcB4ea1" birthDate="2019-09-11Z"/>
                <Participant name="eXJ-CalmwRuJ7jyMyCRAM9fy1jZd" role="scriptwriter" IPDN="t8t1opijExpJ8" performance="conductor"
                     grossFee="-1440177866.28" modifier="A" IPI="z9vN4eDwzn3tR-YJv82RdK2F" birthDate="2019-05-17"/>
                <Participant name="EO" role="arranger" IPDN="Tt4v2yp0" performance="main" grossFee="-1830020304.91" modifier="C"
                     IPI="j-BxHzR4z" birthDate="2019-05-22Z"/>
                <Participant name="zQfuxyul7A32-lz" role="producer" IPDN="jpJencR-." performance="soloist" grossFee="1887270882.56"
                     modifier="C" IPI="bGJA3kB1AZA3q3" birthDate="2019-03-08"/>
                <Participant name="qgwvV8zzxet5E" role="scriptwriter" IPDN="zE" performance="main" grossFee="-1284795081.62" modifier="B"
                     IPI="KPWxOLVESYs2pepJ4etgf0" birthDate="2018-12-20"/>
                <Participant name="iRlay" role="composer" IPDN="ED_rzT4Nc" performance="main" grossFee="-1114612066.45" modifier="C"
                     IPI="IHLS4OU" birthDate="2019-10-05"/>
                <Participant name="ELe2bqR1rwc" role="arranger" IPDN="Ms0lk" performance="main" grossFee="1442660519.96" modifier="B"
                     IPI="_NcEc9yf" birthDate="2018-10-14Z"/>
                <Participant name="oJEX" role="subscriptwriter" IPDN="GJ9qlLhM6k32R7F" performance="soloist" grossFee="317051918.19"
                     modifier="A" IPI="qO8LFW2cXH8MGk81z869Jkk_dLXuu" birthDate="2020-02-07Z"/>
            </Participants>
        </Record>
        <Record title="L3a3_8NnWI" spins="288362121" ISRC="8ABJIJ8592K3" year="4496" producer="M_khp7smd" label="spKsUs7UuzC.ICC-"
             recordNo="yww94" serialNumber="o-l6Ca8v7GvhAlY7YNmYOoMRkyu-Bn" isPremiere="false" usage="broadcast"
             ISWC="ztREoMjmPSVR6n" AKA="PLkKVl1HaK8kudAoNDYINK1VYi2" genre="spoken word" broadcastedFrom="2018-08-06T11:21:16"
             broadcastedTo="2018-07-28T11:21:16Z" runtime="2061840638" origin="commercial" alternativeTitle="cM1pDBC.LvjQdW8L1hm"
             recordedFootage="589992968">
            <Participants>
                <Participant name="Wimw" role="composer" IPDN="eVdzT" performance="conductor" grossFee="-991295907.74" modifier="C"
                     IPI="J4Ofv4rMf3" birthDate="2019-12-16"/>
                <Participant name="SECUZmDfoLitI5KU0j" role="scriptwriter" IPDN="uuGGa-w9wGnb2I" performance="supporting" grossFee="-1818688691.33"
                     modifier="A" IPI="dK4bnJbwB0n7wGhXV" birthDate="2020-05-20"/>
                <Participant name="sjj5f5PRQILePqrYys5_uqqY9AhRb" role="sound engineer" IPDN="OIGODEowQD0l0" performance="conductor"
                     grossFee="844853210.54" modifier="C" IPI="t.y" birthDate="2019-08-10Z"/>
                <Participant name="EivUWitOgoIm-9" role="composer" IPDN="WL_zvoS.4" performance="chorus master" grossFee="-1336465757.62"
                     modifier="B" IPI="jxVsUI" birthDate="2019-04-18"/>
                <Participant name="KYB" role="producer" IPDN="zkSu77tCZyD" performance="chorus master" grossFee="1138752676.95" modifier="A"
                     IPI="GXu7wr..wEk_zep3TyBWI" birthDate="2020-03-26"/>
                <Participant name="mzLp7n" role="music director" IPDN="AdNG_qfuHZsRT-Zgla.bo" performance="supporting" grossFee="1176772188.34"
                     modifier="C" IPI="mcFEQ" birthDate="2018-11-28Z"/>
                <Participant name="cUl1yx1kADxAFImeYKGBUhVRxd" role="composer" IPDN="KGL4wbNh82QiJH." performance="soloist" grossFee="512767481.76"
                     modifier="A" IPI="lZolTdBjdJ3Skm.BRbqMWQr" birthDate="2018-11-07Z"/>
                <Participant name="zhuT" role="composer" IPDN="DMmJ59UoTRFL_y" performance="supporting" grossFee="-33265070.44" modifier="A"
                     IPI="rHUr1jCQYDH9y9eBxBP8" birthDate="2019-09-25"/>
                <Participant name="EXd7lTKQgHHt-J0SugDmgQDXC7p_-t" role="composer" IPDN="rjNBtLVRBHNxJiOZ3sFUGSi1l1EAu_" performance="main"
                     grossFee="-1957510170.24" modifier="C" IPI="_SXt-4wUL" birthDate="2018-10-02"/>
                <Participant name="T2JMbJk8x9y" role="producer" IPDN="txNsieNpcAUDK7tj73Tyai" performance="soloist" grossFee="1646887924.04"
                     modifier="A" IPI="txhk0pHbEQ8TTO0eV5EN1dPkb_Je" birthDate="2019-07-30"/>
            </Participants>
        </Record>
        <Record title="iElzMwWtHf_z4QIaqS-N." spins="1646317989" ISRC="82T2Q7265R62" year="4686" producer="mSOLR4nyUGtqetGxFdEZIX"
             label="vWHM2XxDNme9DwoT" recordNo="mwp1Uavw74J8SVano-xyIs_" serialNumber="HovkL3dB8ddwbq"
             isPremiere="false" usage="commercial" ISWC="m" AKA="x1RhxB-XrXSVU3iR" genre="commercial"
             broadcastedFrom="2018-10-20T11:21:16" broadcastedTo="2019-07-03T11:21:16Z" runtime="498262341"
             origin="live broadcasting" alternativeTitle="YH0mI" recordedFootage="887428680">
            <Participants>
                <Participant name="Bp6B3wIdFaB2sSo7Iyd1WMMOA2cH0" role="scriptwriter" IPDN="ZJtD" performance="main" grossFee="-1022333824.17"
                     modifier="C" IPI="ozn1tJ-K" birthDate="2020-01-11"/>
                <Participant name="fhneyDzu8ckEK2io" role="performer" IPDN="u-wMrpJCgG488fvOS_ItApDJ" performance="supporting" grossFee="-2106805232.44"
                     modifier="B" IPI="Q9WOlhVPDXTI6r.p" birthDate="2018-12-17"/>
                <Participant name="lOfvtA0h9VsgTZ25Q" role="scriptwriter" IPDN="RcBDZVzN" performance="supporting" grossFee="-587561293.83"
                     modifier="B" IPI="miDkkcfQ" birthDate="2019-10-28Z"/>
                <Participant name="uR9HVsHWrGVyH2EI" role="music director" IPDN="T.XDq" performance="main" grossFee="1440516388.95"
                     modifier="A" IPI="rQD2ZdUpct0ueuvOAOHlvC.I" birthDate="2019-08-11Z"/>
                <Participant name="VDZahDanaWnJ8-1nS9Otomo0Nd" role="sound engineer" IPDN="ZnxPCl8ZJHIGp_8d3jQaEKtk" performance="supporting"
                     grossFee="-1031809704.11" modifier="B" IPI="rUYigpuOFFEluElO4SoxwFxkvav" birthDate="2019-01-11Z"/>
                <Participant name="FYZ" role="arranger" IPDN="GQQiK" performance="conductor" grossFee="1127873371.92" modifier="B"
                     IPI="nFCMH64p8r5F" birthDate="2019-02-22Z"/>
                <Participant name="jQAXnUWmYB_10521hLr72" role="arranger" IPDN="RxNEW75BgF" performance="main" grossFee="-237855428.57"
                     modifier="C" IPI="XPR2NkF68tw" birthDate="2019-01-06Z"/>
                <Participant name="dQ1" role="composer" IPDN="atwC6ti.8wntPYGFbAnOCDAnTGzfJ" performance="main" grossFee="-1885278703.00"
                     modifier="A" IPI="XY9YD8iYH9DXIp-XUcT1ax" birthDate="2020-04-14Z"/>
                <Participant name="kDQj__af7jqppVrKD7i" role="composer" IPDN="rgX6k" performance="chorus master" grossFee="1931841531.34"
                     modifier="C" IPI="DpL.9gSNxDBw_29yBRs" birthDate="2018-10-01Z"/>
                <Participant name="E-rnjXZ" role="arranger" IPDN="PbA0" performance="soloist" grossFee="1089511307.54" modifier="C"
                     IPI="hg1EDZxLo" birthDate="2020-04-02Z"/>
            </Participants>
        </Record>
    </Record>
    <Record title="kDBRP3IKrn6GilYJl" spins="1877819843" ISRC="HZC7YYKK0EZ8" year="7990" producer="cvU668Gw" label="LJOREuJbY3u"
         recordNo="fEze242F5H-" serialNumber="_ucjzHy0Ca" isPremiere="1" usage="commercial" ISWC="tip7qeYUMhqo7"
         AKA="aQ" genre="spoken word" broadcastedFrom="2020-04-08T11:21:16Z" broadcastedTo="2020-06-21T11:21:16Z"
         runtime="194698970" origin="report" alternativeTitle="b" recordedFootage="1414615517">
        <Participants>
            <Participant name="Jt-VADkw" role="arranger" IPDN="gZkbTDJ-IpDVUNubF3" performance="supporting" grossFee="-1860831034.57"
                 modifier="A" IPI="swKM" birthDate="2019-12-26Z"/>
            <Participant name="Gpw6" role="scriptwriter" IPDN="ZOYQI4AoFR.7" performance="soloist" grossFee="1741247097.23" modifier="C"
                 IPI="gTPfD6l1k" birthDate="2019-01-14Z"/>
            <Participant name="t9LATquNqxF7YkXR8u" role="subscriptwriter" IPDN="znJIzo" performance="conductor" grossFee="1611077798.53"
                 modifier="B" IPI="dIEbDuIaaaPC-oo" birthDate="2019-09-18"/>
            <Participant name="bn" role="arranger" IPDN="Y" performance="supporting" grossFee="1705795035.77" modifier="A" IPI="pordHco"
                 birthDate="2018-10-09"/>
            <Participant name="Xnjx2y" role="producer" IPDN="SQ_Yy1kUc" performance="supporting" grossFee="1269619633.10" modifier="B"
                 IPI="E3CxSQU986yal3dcYFXPweZT.3" birthDate="2019-09-06"/>
            <Participant name="p4LlqeBA0" role="producer" IPDN="elZuIkMSSAHYjI1Pw2qUO" performance="chorus master" grossFee="-88068167.30"
                 modifier="A" IPI="R4HomuZI0sMeOcGmWrqj" birthDate="2019-03-15"/>
            <Participant name="BTySIty2P" role="subscriptwriter" IPDN="IAo3VGZKTcbrUufP6RLGJU" performance="chorus master" grossFee="-2033002084.85"
                 modifier="B" IPI="zc.w1ZBitTczys" birthDate="2019-07-28"/>
            <Participant name="Cnc" role="remixer" IPDN="cysA7-u3VPJldA7z7iW" performance="main" grossFee="-1214420195.95" modifier="B"
                 IPI="J3q3ZAQTpqUo9wR3M7x-kZLR38" birthDate="2019-07-21Z"/>
            <Participant name="LTxA46CiJp1Pb" role="subscriptwriter" IPDN="EHuChS7rXRVm1cq5" performance="chorus master" grossFee="-375239773.04"
                 modifier="C" IPI="w.R9vJQZL77WeIMR8.62J" birthDate="2020-03-11"/>
            <Participant name="d9LLiwAf" role="scriptwriter" IPDN="C-FhC3ul5ydbnUxiGDrfep" performance="supporting" grossFee="1532580938.42"
                 modifier="A" IPI="P8v_" birthDate="2019-10-28"/>
        </Participants>
        <Record title="ZFTx95v..JlYBGnXp" spins="284586084" ISRC="L8J67SP5A1RD" year="9829" producer="cDp" label="odEo_IZ8af_ub"
             recordNo="XGZRyXjScUJPWhMIseth" serialNumber="sHc1g8Z" isPremiere="0" usage="broadcast"
             ISWC="N-3.4bjhpWgxSgrisNZ3Jd2" AKA="CG-AN8X2JTTu" genre="jingle" broadcastedFrom="2018-11-20T11:21:16"
             broadcastedTo="2019-09-30T11:21:16Z" runtime="438850035" origin="free of charge" alternativeTitle="ivtXciPnx0_BSHLweU_LrCTJOjYwh_"
             recordedFootage="1927517601">
            <Participants>
                <Participant name="VZiwWPheGxY57N.i8PcP96GTlKy" role="remixer" IPDN="AjpcP-KWdvK7W_.9tAMQ0" performance="chorus master"
                     grossFee="-137998065.99" modifier="A" IPI="BStkr" birthDate="2019-10-05Z"/>
                <Participant name="bS7rIfauSIS3xbiAipQ6du7" role="producer" IPDN="MuYd_YwnXPWByqg" performance="main" grossFee="1638098019.39"
                     modifier="A" IPI="KrnjHtv" birthDate="2020-03-04"/>
                <Participant name="rUCS.bIsAbk85-Oq9n" role="arranger" IPDN="TdBthaNs" performance="conductor" grossFee="-351324997.82"
                     modifier="A" IPI="sdWnJKlf0KS5T_3mWe1A1q-Hc" birthDate="2018-08-21"/>
                <Participant name="xj_MPI1_Zq9EEa1SIvCkuFzgx" role="music director" IPDN="SxsGM3DnH1pZ" performance="supporting"
                     grossFee="-531058649.17" modifier="A" IPI="Pzw5BSIbqDn9q8" birthDate="2019-07-21Z"/>
                <Participant name="PjOB7N62-.ujQA4K1iPmlfQZf" role="composer" IPDN="dahpswEczZTQZC8YME1DqZ" performance="supporting"
                     grossFee="-770164106.62" modifier="A" IPI="hWWKt.9gN1R_Gb" birthDate="2019-06-04Z"/>
                <Participant name="o8cTOhJnCOaIiB9i4J4" role="arranger" IPDN="TRbfxrhZSJUr" performance="soloist" grossFee="1207907605.78"
                     modifier="C" IPI="uz5dIZz0IO8_k2216ad.I6KEH8r" birthDate="2019-05-18Z"/>
                <Participant name="INKEtfIqob8nWJs8" role="performer" IPDN="UKsv" performance="soloist" grossFee="940467208.10" modifier="A"
                     IPI="mfA3bKe2Kv.NoOUg90DbLHO" birthDate="2019-07-08Z"/>
                <Participant name="E7C3iBR8_XPNZHHlpcXw" role="arranger" IPDN="X" performance="chorus master" grossFee="1044724790.24"
                     modifier="A" IPI="tZMl2E-wKzTZ1zFq2s4M2zADdOh" birthDate="2019-10-23Z"/>
                <Participant name="OiG4B1pXFYB9B28" role="composer" IPDN="GhZDqkyB" performance="conductor" grossFee="961013128.01"
                     modifier="C" IPI="vsZzI" birthDate="2019-04-03Z"/>
                <Participant name="njUJgXZNTeNK" role="remixer" IPDN="wdJ_g24O8C6KlUC-j8Qr4c" performance="chorus master" grossFee="-1683707340.83"
                     modifier="B" IPI="jGMRRZdpA_4UknxAjkfeR" birthDate="2019-05-27"/>
            </Participants>
        </Record>
        <Record title="m8pq8mzTy" spins="1218855235" ISRC="1Y5MX9L72TD8" year="0216" producer="nFc3KimEgf71-4Sfq8T1_l8oCt1af"
             label="L-AoYv7xphVyQL70kNH3_" recordNo="G-RlT4ICavI-HEXvXMkf2ICwQuzaq8" serialNumber="oPZZKm8T.2"
             isPremiere="false" usage="broadcast" ISWC="diNlm72AhD7z3fn.CRxRQ" AKA="j1TZV" genre="commercial"
             broadcastedFrom="2018-08-13T11:21:16" broadcastedTo="2018-12-30T11:21:16" runtime="724670097"
             origin="free usage" alternativeTitle="bmeDE" recordedFootage="818860543">
            <Participants>
                <Participant name="Q3eeHvQ4d_V5P7K1D" role="remixer" IPDN="bkTAKof4V" performance="supporting" grossFee="-689742871.60"
                     modifier="B" IPI="cRSSjXhH0BUwq8cpCRfRMK" birthDate="2019-02-17Z"/>
                <Participant name="JBnMtOiPOcksg" role="remixer" IPDN="dMqt3Pq11.X89WwX0FssmKKzV13m-" performance="main" grossFee="-1768520655.46"
                     modifier="A" IPI="YZGAi" birthDate="2019-01-10Z"/>
                <Participant name="keZ4q7vNW30oO7LeRjth9f" role="sound engineer" IPDN="y8V8t1C2oXcrDtqaan6i" performance="supporting"
                     grossFee="638188876.32" modifier="A" IPI="qTveWUtIL8gKTIBzjE" birthDate="2019-10-08Z"/>
                <Participant name="gAm" role="scriptwriter" IPDN="pntAp.2woPwXBBLRjKkBT" performance="conductor" grossFee="744320141.60"
                     modifier="A" IPI="vqVJVykpihuIbCX4LGJhIn" birthDate="2018-12-10Z"/>
                <Participant name="FCitzR.HiQW-" role="music director" IPDN="SoDTJys1vXyUdxVTfDcwrT0BGsw" performance="chorus master"
                     grossFee="-2098991244.68" modifier="B" IPI="Tc5Hu" birthDate="2020-02-02Z"/>
                <Participant name="XOewWhty7UfJz-xS6OohQmWcHAIj" role="scriptwriter" IPDN="E_OA" performance="soloist" grossFee="-983384927.49"
                     modifier="C" IPI="SttRGT4CVzTsFF_CxEwiP" birthDate="2019-01-29Z"/>
                <Participant name="HkeZ7w_4" role="scriptwriter" IPDN="JjaBIZjiR_QML68Vlz-mAC-Tfu" performance="soloist" grossFee="968229575.36"
                     modifier="B" IPI="PWSIJiIHb" birthDate="2018-07-14Z"/>
                <Participant name="kPuQ9Oz-cp" role="sound engineer" IPDN="GBvdohiKg6J3Ouaw1lIPTaV2y2HdD" performance="supporting"
                     grossFee="1842386886.92" modifier="C" IPI="hTtsGR.-nOaxvnSv3XidUM" birthDate="2019-02-17"/>
                <Participant name="RsFJCRvatg6BiGQ9XEh0P8Bp4x4H" role="music director" IPDN="CvoGX6LEV0" performance="main" grossFee="1673615971.53"
                     modifier="A" IPI="GmNh.zek.9VqFqogQ3-EIzZKwl_I2" birthDate="2020-04-21Z"/>
                <Participant name="e" role="composer" IPDN="wBJhHSosO" performance="soloist" grossFee="-1093008865.13" modifier="B"
                     IPI="V" birthDate="2019-12-24Z"/>
            </Participants>
        </Record>
        <Record title="Wd-YeRrdk8F4IyG2Ts.pLdGXnExqx" spins="1357343047" ISRC="HT1T595MN7P9" year="8809" producer="YBP0R0iloICE"
             label="fYNYj.3z3trwjweBQ5ME01YwUO" recordNo="DOJgjwvO62J" serialNumber="wt_gnfK4uA90j7R2P-TX6Vj43nJ4au"
             isPremiere="false" usage="jingle" ISWC="x2LjtXpcLBDQOJrdobhuxmV-tu26r" AKA="t53HWfm" genre="commercial"
             broadcastedFrom="2019-01-14T11:21:16" broadcastedTo="2019-05-15T11:21:16Z" runtime="1859126353"
             origin="free of charge" alternativeTitle="_Ljoa4kqnQJ" recordedFootage="1955227593">
            <Participants>
                <Participant name="jTvOpNZqrzwEyBvp.WzuQG1hgvDcn2" role="music director" IPDN="k655K2N_hNlfc78i0cX9ws0LTc116H" performance="chorus master"
                     grossFee="290803252.72" modifier="C" IPI="tSn2R8rwXDzQdZka5aSSW52uGt2T" birthDate="2019-09-25Z"/>
                <Participant name="A7JL5VEX7ops" role="remixer" IPDN="V5ZvxdMs65nj44uLgQMPELvYzz" performance="conductor" grossFee="-1027615112.62"
                     modifier="A" IPI="ky" birthDate="2018-10-05"/>
                <Participant name="FRZkQaLbpUcX9jIvTlHmP_DC9OtP8" role="scriptwriter" IPDN="kGRlY11Yv6BGHrKJQTtF" performance="chorus master"
                     grossFee="-1299489288.06" modifier="A" IPI="S" birthDate="2019-02-25"/>
                <Participant name="jNM_j" role="performer" IPDN="hjX" performance="conductor" grossFee="2120558637.05" modifier="B"
                     IPI="ULuT7qzhl" birthDate="2019-01-21"/>
                <Participant name="swCg1ySLb9hMoGn3tpUdoiOJr-L" role="music director" IPDN="C56BKE6.COdY8hZthM" performance="chorus master"
                     grossFee="-1909328262.84" modifier="A" IPI="ygZwD.iZ3qJzz0iWHvICMo" birthDate="2018-09-02"/>
                <Participant name="M" role="performer" IPDN="j" performance="chorus master" grossFee="988995106.38" modifier="A"
                     IPI="ov62WGO.L" birthDate="2019-06-08Z"/>
                <Participant name="oRbbh" role="producer" IPDN="m2HLLjtIEh1DKoNFPS" performance="main" grossFee="961166076.69" modifier="B"
                     IPI="FGMGT5Vfh.Ds7e27LsugI" birthDate="2020-04-27"/>
                <Participant name="SnBLBK2CxAHGVgT747Tno" role="producer" IPDN="FJ.K.62vOW" performance="conductor" grossFee="525611038.71"
                     modifier="B" IPI="gRKZPu_l1" birthDate="2019-01-16Z"/>
                <Participant name="yl2uAPSL0smtTum6R" role="sound engineer" IPDN="Rm4z5R-ZRAYIFvK" performance="supporting" grossFee="1939973132.23"
                     modifier="C" IPI="Y9Zp0l1qTfRuWQiY6UgO" birthDate="2019-04-04"/>
                <Participant name="dPmi5FEM.c4S-pfoDRi" role="composer" IPDN="s" performance="supporting" grossFee="-1786284551.05"
                     modifier="A" IPI="PfgUUPlfiSGiXBbunmHS3OPK" birthDate="2018-09-13"/>
            </Participants>
        </Record>
        <Record title="qmb9EL" spins="965767902" ISRC="JL04JC5B2K82" year="3840" producer="Ik" label="OlycVhkLPguRfZL64zjQHnu0HdwP_"
             recordNo="bPCWerPSc" serialNumber="bBRFyvhAR9avO8OH33YE64" isPremiere="false" usage="broadcast"
             ISWC="CBdne.Ki" AKA="lOAnJkT" genre="composed" broadcastedFrom="2019-09-06T11:21:16Z" broadcastedTo="2019-03-18T11:21:16Z"
             runtime="52907442" origin="self" alternativeTitle="gl" recordedFootage="519874903">
            <Participants>
                <Participant name="bEhUOrpf4LduhTIE" role="producer" IPDN="B" performance="main" grossFee="-212317757.41" modifier="A"
                     IPI="iyfX_.YjbCeLJN1qk9n-Q" birthDate="2019-06-11"/>
                <Participant name="H7" role="performer" IPDN="Qh" performance="main" grossFee="-1778502726.32" modifier="B" IPI="l3bCACNqIELrx.MBzrCVZPWHQl6bp"
                     birthDate="2019-05-07"/>
                <Participant name="i2e" role="composer" IPDN="_.tKR5L2Tag" performance="conductor" grossFee="-1080649210.11" modifier="A"
                     IPI="W6" birthDate="2019-03-30"/>
                <Participant name="oC1B9bljQ2Isjr2u.FcdhJG" role="subscriptwriter" IPDN="AlPRf0cIsRK" performance="main" grossFee="-33790982.99"
                     modifier="A" IPI="BXYeEu2K" birthDate="2020-03-23"/>
                <Participant name="Jq8t_Ws3T8GeFyghd4FDvMft" role="music director" IPDN="QDIGG8Fsw" performance="main" grossFee="-757485844.59"
                     modifier="A" IPI="J" birthDate="2020-03-10Z"/>
                <Participant name="XBHcMdJTNvfos-m7" role="music director" IPDN="qp7xm.dcVuYVVkZiNl.vzV2LlmuiW" performance="main"
                     grossFee="-844895001.62" modifier="A" IPI="xG4A6T5UZTiEn-Cf2CQP70ijveb2" birthDate="2019-07-23"/>
                <Participant name="mMlD" role="performer" IPDN="NAK_by.AOViKRt" performance="main" grossFee="-1561375103.41" modifier="A"
                     IPI="dUBt4-cynAKTZbag0l.su" birthDate="2018-12-04Z"/>
                <Participant name="TQgwIGf3.T1De81qorNDbIb7l0Pfc" role="scriptwriter" IPDN="U0S" performance="supporting" grossFee="-1942595800.86"
                     modifier="A" IPI="PPv64LsVeJDjV5Ql83xGwR" birthDate="2019-06-09"/>
                <Participant name="vtCnSWzZJPSSS" role="producer" IPDN="DUqmIHBHkuRmxKfl" performance="main" grossFee="1689732430.39"
                     modifier="A" IPI="MsLo3I_GU8JL" birthDate="2020-04-17"/>
                <Participant name="xKjZ7mhRWN0oIlm63jtMSLqBpAla" role="scriptwriter" IPDN="lJbf" performance="main" grossFee="1818668340.57"
                     modifier="C" IPI="TaT" birthDate="2020-06-03Z"/>
            </Participants>
        </Record>
        <Record title="FB" spins="87214827" ISRC="179M1M3S3BDO" year="9367" producer="pjJykq53BnEJbjYhOwqB" label="FCJJfSwBOeP_m5"
             recordNo="_rOLOhqN9DIbkpFDDov5iy" serialNumber="kFgAmj0SV_" isPremiere="false" usage="broadcast"
             ISWC="cvVvQlVM_qykSZ0OEE_bxm_8h2" AKA="cYrpdFDw3kM46C_Wl7oAiPOYKs" genre="classical" broadcastedFrom="2019-12-14T11:21:16"
             broadcastedTo="2019-07-06T11:21:16Z" runtime="379946267" origin="commercial" alternativeTitle="a3Ijh44r"
             recordedFootage="460586334">
            <Participants>
                <Participant name="t4bBj2elIton5uo6o-qB" role="remixer" IPDN="fJVmMe-b175xv517xIEDXV_N7Dc6" performance="conductor"
                     grossFee="1639884562.38" modifier="C" IPI="uNI" birthDate="2018-12-03"/>
                <Participant name="xefO3hC2dPP" role="sound engineer" IPDN="PMaV" performance="conductor" grossFee="631624884.53"
                     modifier="A" IPI="hget.KZr6" birthDate="2020-01-26Z"/>
                <Participant name="uEvBTcbKLw8nNMlh" role="sound engineer" IPDN="x0irj0eNMg0q5" performance="main" grossFee="538079231.28"
                     modifier="A" IPI="WrRl9trHnDMDzcxsz" birthDate="2020-05-09"/>
                <Participant name="xkHsYowAtJz4F4x6q" role="composer" IPDN="tWtHPDQI34K_zq3YkfF1.75sV" performance="chorus master"
                     grossFee="-1689130514.89" modifier="A" IPI="v8wtN4B2qY6MJsWQVHq" birthDate="2018-10-23Z"/>
                <Participant name="eNuf4N" role="arranger" IPDN="auwd" performance="soloist" grossFee="-1395165867.80" modifier="B"
                     IPI="c9EzF" birthDate="2019-09-19"/>
                <Participant name="Ru80S" role="producer" IPDN="Rdaaa15MLO-xib_EfJ" performance="chorus master" grossFee="-1418202821.78"
                     modifier="B" IPI="EwLrES17WG" birthDate="2019-10-20"/>
                <Participant name="mBcwP8mZ74WNlDoYkji30" role="arranger" IPDN="WO8qXb4" performance="soloist" grossFee="-1265166210.00"
                     modifier="A" IPI="cxi_ZFvdZ9PuGd" birthDate="2020-06-26"/>
                <Participant name="RT.E-pVMTgw9yNlAh" role="scriptwriter" IPDN="YaMOo" performance="main" grossFee="538158189.06"
                     modifier="C" IPI="o-we-ShT8zGnvClgGcr_1d88q4-oc" birthDate="2019-11-24"/>
                <Participant name="AxAIpECx" role="music director" IPDN="VghBZnjCZ2wBSwIvzDnK2gZ" performance="conductor" grossFee="965865406.65"
                     modifier="B" IPI="M69TwK7piNUj.zSQm8ntwsXWsL.g_" birthDate="2019-06-19"/>
                <Participant name="XRDmw0arzid18zuj" role="scriptwriter" IPDN="E9Vanq6hovU_Gw3fFLWo." performance="soloist" grossFee="-365358658.82"
                     modifier="C" IPI="C7InDbc2" birthDate="2019-12-31Z"/>
            </Participants>
        </Record>
        <Record title="JZH-Nu95oM91SuKo.gy5968C0Ti" spins="1611904264" ISRC="94LHD2V27CZ7" year="5096" producer="ijAnkp5JS"
             label="wDUFSoT-OFL" recordNo="PsUh7yyqUqeQqbwSckwH0ISd4CdvC" serialNumber="XrrJkhChMk2lPdvx"
             isPremiere="1" usage="broadcast" ISWC="NDRcobYQOMXWyT0Jz" AKA="xvwXVdF-uiKI0Kx5" genre="commercial"
             broadcastedFrom="2020-05-08T11:21:16Z" broadcastedTo="2019-09-03T11:21:16Z" runtime="989993111"
             origin="free of charge" alternativeTitle="AKtSx" recordedFootage="664399580">
            <Participants>
                <Participant name="fEw7F_3V" role="remixer" IPDN="jxGexfsry1D-Qay" performance="conductor" grossFee="-2058808843.86"
                     modifier="C" IPI="ql" birthDate="2018-07-31Z"/>
                <Participant name="tU23J" role="performer" IPDN="ima2pgtIAMXLIHeGkpTil" performance="conductor" grossFee="-258799822.36"
                     modifier="A" IPI="bc5EAlcE7NFVYHS0nIQg3FO" birthDate="2020-02-11"/>
                <Participant name="g838pcu.QM9e" role="scriptwriter" IPDN="XVwtHO9.ZCpHDXra1uYITs-1h" performance="main" grossFee="1102726793.89"
                     modifier="B" IPI="jNO0yMMsc_sIxq58l5kgf" birthDate="2018-12-24Z"/>
                <Participant name="I_aFOzO30wRpwJMaUE22TwPlM" role="performer" IPDN="H" performance="soloist" grossFee="-2048583666.47"
                     modifier="A" IPI="PP0D6yEGugEoOsu" birthDate="2019-12-09"/>
                <Participant name="ra_I12Y.g6rqvlAubm-EA0xb" role="remixer" IPDN="B1" performance="conductor" grossFee="575438019.49"
                     modifier="B" IPI="CGJ" birthDate="2019-04-13Z"/>
                <Participant name="NYxWNi1s" role="producer" IPDN="UfPSRF-plFxjihxORH.n" performance="conductor" grossFee="1826990062.50"
                     modifier="B" IPI="Dq0xhMVRsIh7s-tJny." birthDate="2020-04-13"/>
                <Participant name="L_POkjZggrI7qBh9XckrxCwYbjhV" role="performer" IPDN="ULG3iLpPjVSmNu3lGPSSBfk48EI3" performance="supporting"
                     grossFee="-764178535.73" modifier="A" IPI="yMcQWMCet7lObsfd." birthDate="2018-12-19"/>
                <Participant name="CpbaxM51B" role="performer" IPDN="V1f4LCXl5cEr7y6StGMeQGpxi_v" performance="chorus master" grossFee="-973344107.26"
                     modifier="C" IPI="lraTYBV" birthDate="2019-11-16"/>
                <Participant name="CxGB8rT5AAD5xSspbmWbHqh" role="producer" IPDN="PGA" performance="chorus master" grossFee="-239808460.39"
                     modifier="C" IPI="tPUFzy2LsHASUmIog69Rg4va2" birthDate="2018-08-29"/>
                <Participant name="evqj2FDKW5LANVQ6SgQ9WqF96p19R" role="sound engineer" IPDN="G" performance="soloist" grossFee="1888361439.22"
                     modifier="C" IPI="cP3DB.VsL5_atE1o7fF" birthDate="2020-03-06"/>
            </Participants>
        </Record>
        <Record title="Ias9nKKbHBU_9H" spins="461731751" ISRC="GTRWNGPYG34L" year="9439" producer="Pmh" label="_bM_9ruo5gE"
             recordNo="hD9" serialNumber="pxPyw3yL7pEl9Te" isPremiere="0" usage="jingle" ISWC="kLOWC89DDlL-5tOUlMSy"
             AKA="TOHtGtYlaiqW2B5QWBoVxMfF" genre="jingle" broadcastedFrom="2018-11-17T11:21:16Z" broadcastedTo="2018-07-11T11:21:16Z"
             runtime="2106750557" origin="free usage" alternativeTitle="HqPKyrzrMxvHAqBu" recordedFootage="1214789924">
            <Participants>
                <Participant name="bRrqmldoU2PJKiJhnBRn.-" role="sound engineer" IPDN="rs6lktnzcrhp" performance="soloist" grossFee="-222426215.15"
                     modifier="B" IPI="L" birthDate="2019-09-28Z"/>
                <Participant name="F" role="producer" IPDN="EiNHTdOX9_oCyaPHXrma-hCW" performance="conductor" grossFee="-1585691332.09"
                     modifier="A" IPI="IQ0PA9XJN5" birthDate="2019-09-08Z"/>
                <Participant name="j4hvrGsDhM7Z6Y" role="arranger" IPDN="XR_9UJ-SGYMYT11LJ" performance="chorus master" grossFee="1141389821.19"
                     modifier="C" IPI="V42L" birthDate="2019-03-03"/>
                <Participant name="YwXqD5xqWDwgocHLBQ9zQIQWjrCa6" role="subscriptwriter" IPDN="GeP" performance="soloist" grossFee="-312310731.97"
                     modifier="A" IPI="yfr37GH" birthDate="2019-10-07"/>
                <Participant name="gw_pYnIobkGGEOTIMSsr4jiY2W" role="composer" IPDN="kwMG7mZ" performance="main" grossFee="-948452873.96"
                     modifier="A" IPI="xdScuC06WpHdRXzQdq" birthDate="2020-03-01Z"/>
                <Participant name="D0WiQ" role="producer" IPDN="g" performance="supporting" grossFee="-1141006115.17" modifier="C"
                     IPI="I0gXCfYV8-n" birthDate="2019-04-08Z"/>
                <Participant name="va-rjN4kA9J2FfB" role="subscriptwriter" IPDN="shOYsqh8ChBSv" performance="chorus master" grossFee="-1318325379.76"
                     modifier="B" IPI="xbpf-z-1yLQbLWXcUG9IJ" birthDate="2019-12-01Z"/>
                <Participant name="M." role="remixer" IPDN="SF.p" performance="supporting" grossFee="717970303.25" modifier="C" IPI="HQTUgwGb5"
                     birthDate="2019-05-23Z"/>
                <Participant name="JkItvCaF51RY0m" role="composer" IPDN="SzF-s-C" performance="chorus master" grossFee="1381323377.75"
                     modifier="A" IPI="CQtiYS8eNEt8Qo_etWRZP" birthDate="2020-03-06Z"/>
                <Participant name="ZFjyDuZrpmcoVYPhG" role="arranger" IPDN="vi-jRQMSgUwc0iCwnGJ0ZSlZ" performance="supporting" grossFee="-119526950.20"
                     modifier="A" IPI="gR.7z4-6ChcgVorkqf-Dy" birthDate="2019-05-01Z"/>
            </Participants>
        </Record>
        <Record title="hKAaGGqkGPKAO3j6ilcPkMn6yj8" spins="607344888" ISRC="41DR90380OXJ" year="2838" producer="qhJ1kKN"
             label="WguDkNLcI6" recordNo="W_z5oPqW6vd9.b" serialNumber="UKECT6Cwa" isPremiere="true"
             usage="broadcast" ISWC="Q6D3pzYA3KvtW9dgb3ey6Y7LA" AKA="RURzFBsd0gWTSNC2X0" genre="commercial"
             broadcastedFrom="2019-08-06T11:21:16" broadcastedTo="2020-03-28T11:21:16Z" runtime="27812647"
             origin="commerce" alternativeTitle="Pe" recordedFootage="801373314">
            <Participants>
                <Participant name="MGBvF_" role="remixer" IPDN="HQ_SuV-SRO.L41D9ZZpRq1aeX8h" performance="chorus master" grossFee="1152404432.67"
                     modifier="C" IPI="x.b0GsB" birthDate="2019-04-21Z"/>
                <Participant name="QNUuLsjxw9l1u9" role="composer" IPDN="mBYOS" performance="chorus master" grossFee="-1419209123.64"
                     modifier="A" IPI="X-.jAB.TjV8s" birthDate="2019-12-31"/>
                <Participant name="apMHb7d7XGLxDnKBTt_N" role="producer" IPDN="dC4ZcaK" performance="soloist" grossFee="-1701668381.80"
                     modifier="A" IPI="DMVEuO6h.xtmjGQmI1JQR3V" birthDate="2020-01-13"/>
                <Participant name="fQJpwb9twAU2QBarKLGht" role="producer" IPDN="gt9_r" performance="supporting" grossFee="457399040.16"
                     modifier="B" IPI="iVpvpneMWru" birthDate="2019-09-02"/>
                <Participant name="LzCkYGLjh" role="performer" IPDN="itD6KUCQKQPO28sQ" performance="main" grossFee="495033946.37"
                     modifier="C" IPI="l3VdGQx9O-Q4y46Q" birthDate="2019-12-03Z"/>
                <Participant name="yoR0KvGrSc2y-lC" role="arranger" IPDN="C9" performance="conductor" grossFee="-761601448.80" modifier="B"
                     IPI="xY71Mx" birthDate="2018-08-17"/>
                <Participant name="bLVPT-fi_JntO9MdfL" role="remixer" IPDN="omLQNb" performance="main" grossFee="-544404098.80" modifier="A"
                     IPI="IDDKtjPTHMzhoV1buJ8S0iXly5ksk" birthDate="2019-05-06Z"/>
                <Participant name="KwjrLKhoq" role="remixer" IPDN="rR7_FKDdy63MKIrzmx" performance="supporting" grossFee="2012043307.15"
                     modifier="C" IPI="dbPyk4Vu5icySXF2SmKXfPMxCK" birthDate="2020-05-25"/>
                <Participant name="QNZfxd-OKQF7jg8.N0PhV" role="music director" IPDN="YODRWYJi1L" performance="main" grossFee="196009294.99"
                     modifier="C" IPI="H3NmEx4Xp8Zhr30fgbA18s" birthDate="2019-07-05"/>
                <Participant name="QedFV" role="performer" IPDN="nHCotrHA-CSbvMr3B2xGWnq8C2Xt" performance="main" grossFee="-1347246178.83"
                     modifier="A" IPI="NVD" birthDate="2018-11-30Z"/>
            </Participants>
        </Record>
        <Record title="JWYGaVIC0_.o-" spins="1061295648" ISRC="Q95B2NSX73UZ" year="6474" producer="jQ9.kODhvsBHoD5Rpf"
             label="t9g0132d8PCmsxt" recordNo="U_X9g" serialNumber="IioskqYAq3XQMxpSjAH" isPremiere="1"
             usage="broadcast" ISWC="WqWfbl" AKA="YYxWbcLIFX" genre="classical" broadcastedFrom="2019-09-01T11:21:16Z"
             broadcastedTo="2019-10-15T11:21:16Z" runtime="1040015310" origin="commercial" alternativeTitle="B3ospJSaxc7ytrhr-SNCsgAa-iqi"
             recordedFootage="91525893">
            <Participants>
                <Participant name="I42dX3WkEnZTk3-LlgBR0-J4yNeFa" role="subscriptwriter" IPDN="QlvUOrOYt3aCA8VUtG7V-Gt-4r5z6" performance="main"
                     grossFee="1702462749.99" modifier="B" IPI="i8r7Hi" birthDate="2020-06-20Z"/>
                <Participant name="Rzax837A" role="arranger" IPDN="Hj62Imh" performance="chorus master" grossFee="1602218452.89"
                     modifier="C" IPI="DqqVbVyCwTAB8C9YroadqwFH" birthDate="2019-01-11Z"/>
                <Participant name="RGX4S10QGevWnJQH9tr" role="music director" IPDN="BJvtbYm9CN.lAIFIJ" performance="main" grossFee="-430382250.05"
                     modifier="B" IPI="vu9NICM8wny96n" birthDate="2019-12-03"/>
                <Participant name="oslnwmutRLVsuWH" role="remixer" IPDN="jvEkWnjB4e" performance="main" grossFee="528273005.72" modifier="B"
                     IPI="XQYf1" birthDate="2019-05-22Z"/>
                <Participant name="GKwYNn6iTr8" role="performer" IPDN="H7de.tkw" performance="supporting" grossFee="-1338098897.15"
                     modifier="B" IPI="SA" birthDate="2019-05-06Z"/>
                <Participant name="yFEiSHS1grFcqFqu7PgU" role="performer" IPDN="eersaqt-jBKqpXYsUnfO" performance="supporting" grossFee="628352660.81"
                     modifier="A" IPI="FH4BbRsi1O78t" birthDate="2018-07-18"/>
                <Participant name="mp" role="sound engineer" IPDN="i79Axx6WWDTeJmopKvlv75r" performance="soloist" grossFee="-492084328.20"
                     modifier="A" IPI="BtrnukhIC-u-MB2F0L5dDuxmF" birthDate="2019-01-12"/>
                <Participant name="YomX" role="scriptwriter" IPDN="fO.OQin0eBIg_QCtM1tNqc3dNyBXP" performance="soloist" grossFee="1127583358.78"
                     modifier="C" IPI="lBk_RNxHLccDQRC5yd9f95" birthDate="2019-02-04"/>
                <Participant name="C" role="subscriptwriter" IPDN="C3.0" performance="supporting" grossFee="-584569719.72" modifier="A"
                     IPI="s.RatVObO" birthDate="2019-11-30Z"/>
                <Participant name="cnvNd" role="composer" IPDN="KhGlMJmq-i" performance="chorus master" grossFee="-798129070.45"
                     modifier="A" IPI="TWH4usw4w" birthDate="2019-09-21"/>
            </Participants>
        </Record>
        <Record title="yqzQYy2HoY_1X0avQcSQydDt" spins="1436277891" ISRC="U36RT2JH9FKT" year="8738" producer="bjDyaTKjKrO3v5vMsXJn.Ez"
             label="z_SF3BX" recordNo="coI2DayHpoQRgH55" serialNumber="sU" isPremiere="0" usage="commercial"
             ISWC="YDa" AKA="sNN78KQ-WvfdQCtGyxd6jLqy" genre="jingle" broadcastedFrom="2018-11-29T11:21:16Z"
             broadcastedTo="2019-07-13T11:21:16" runtime="1310829372" origin="recorded stream" alternativeTitle="_2yEMlBl5liiRNJU"
             recordedFootage="1893081338">
            <Participants>
                <Participant name="m94tM6XGv_5xGnn9" role="performer" IPDN="_mDGI4F.AMdVdtY" performance="chorus master" grossFee="928385623.08"
                     modifier="C" IPI="ijSYMfJCwxZKnrCaxkY5Wci6p8Jn" birthDate="2020-05-08"/>
                <Participant name="UgJb.PaTsPfsxxajU" role="arranger" IPDN="cyUTl_peIbw" performance="chorus master" grossFee="11013330.60"
                     modifier="B" IPI="EJTrPVCctwahijp" birthDate="2020-06-29"/>
                <Participant name="vbouQpe170.UhZkTrN.bx" role="remixer" IPDN="D-ydSnkKE7xe2jHBLa-j" performance="conductor" grossFee="-1275585227.48"
                     modifier="C" IPI="HN-5YKy.me" birthDate="2018-07-23Z"/>
                <Participant name="NOOq_fNFaoLXwn0SOOuue" role="scriptwriter" IPDN="RZyoH2VgkGVPHyu9" performance="main" grossFee="1476169715.19"
                     modifier="B" IPI="eCuZbb0mXy5vHf7u-eyUeaCGgq" birthDate="2018-10-27Z"/>
                <Participant name="ibOC5Bic6MGbEES-xWT88OKFXURTj" role="music director" IPDN="FQ" performance="chorus master" grossFee="-717463377.63"
                     modifier="B" IPI="bY9Akl5yxtr4rhIlWxBu5DL" birthDate="2019-02-01"/>
                <Participant name="lGJKXKEPoUEib8" role="music director" IPDN="IIL2wl3usj5UkUX4.aaHNF9" performance="supporting"
                     grossFee="-304778695.10" modifier="C" IPI="EH0LfrGtT6if.HkA" birthDate="2018-07-29"/>
                <Participant name="DtgDDwrzfA6wn" role="scriptwriter" IPDN="G" performance="supporting" grossFee="-1448818130.87"
                     modifier="B" IPI="sxWkRB5Vd4uCxBVPjjvg1jG" birthDate="2018-07-07Z"/>
                <Participant name="yHRuH-_h1m" role="music director" IPDN="nCLRO.jmk7a" performance="chorus master" grossFee="696351878.27"
                     modifier="B" IPI="R.fV" birthDate="2020-01-16"/>
                <Participant name="M0WhcLrdqahJstTeBfNt1t-d1Tk" role="remixer" IPDN="a7jq3r270llEXKDnRin2neAl1ebDJ" performance="soloist"
                     grossFee="-179674890.24" modifier="B" IPI="b3-.xk8toc-7mlI0a" birthDate="2020-03-25"/>
                <Participant name="_xqd1092QJ6aHxSqFw5NSC" role="sound engineer" IPDN="L3Rjd_dZWUF_qlsiKxkrYixkRu_6xg" performance="soloist"
                     grossFee="-263163073.20" modifier="A" IPI="wQKY4aOtMHsMeg-rFv" birthDate="2018-09-26Z"/>
            </Participants>
        </Record>
    </Record>
    <Record title="zlMEKebd2peZjbU7" spins="379467705" ISRC="XB3E28Z13DNM" year="9190" producer="yzsq" label="Q"
         recordNo="i0D9XnQRMeo8l6dZvTJ0QksJ" serialNumber="Iwk_YZ9FdR" isPremiere="false" usage="commercial"
         ISWC="u8mQD_Au17-0fw7oclv7GYya" AKA="pJhROCYGx" genre="classical" broadcastedFrom="2019-12-15T11:21:16"
         broadcastedTo="2020-05-04T11:21:16Z" runtime="1078945881" origin="free usage" alternativeTitle="kntLUVHyi5"
         recordedFootage="710461866">
        <Participants>
            <Participant name="BKqd_" role="sound engineer" IPDN="XLRNn.udfnIf" performance="soloist" grossFee="-1678959156.01"
                 modifier="B" IPI="_Ee" birthDate="2019-10-09Z"/>
            <Participant name="VNEgGuPrqxPTq6rIEYZ.9qmS" role="arranger" IPDN="pkCrn0kBch_pOuQnQLPO" performance="chorus master"
                 grossFee="-1759526931.25" modifier="A" IPI="Ih8yaW-hFlN7d" birthDate="2019-04-20Z"/>
            <Participant name="e05Zs70vjjwoWUi0xd9bUwYk_v" role="performer" IPDN="gIO35G82OgKL7" performance="chorus master"
                 grossFee="905101855.74" modifier="A" IPI="mPHiLoZV4M8Rn3jS" birthDate="2019-03-10"/>
            <Participant name="bkcaSdOCJhMDM" role="music director" IPDN="p9cWNq" performance="main" grossFee="338866508.91"
                 modifier="C" IPI="WhoFI8_5Gg8nCUjyf" birthDate="2018-11-07Z"/>
            <Participant name="FOTi8ww9ztyG4gnI" role="arranger" IPDN="zIFjVrQjAhqOQvW_PQm.J3" performance="main" grossFee="-1622753143.59"
                 modifier="B" IPI="tPHgABd_g.3HbE0Kz25YydGogbR" birthDate="2018-08-06"/>
            <Participant name="fNO0cQeVbPunPZE_edrOYo-4F" role="producer" IPDN="HmejdVtdL.9ER8KNm" performance="conductor" grossFee="1019269339.31"
                 modifier="A" IPI="mGVoBDThUNVh6.uoaxxj" birthDate="2019-12-16"/>
            <Participant name="MqG1-c9-cwPRJYeTq" role="scriptwriter" IPDN="HAcMHkJMh7" performance="chorus master" grossFee="2077669148.89"
                 modifier="B" IPI="YAcI" birthDate="2018-11-19Z"/>
            <Participant name="twY9_E9W8" role="performer" IPDN="nUes.UB8O_EEMLJKkYy_x" performance="chorus master" grossFee="1163909344.90"
                 modifier="B" IPI="pSGhIsbJ" birthDate="2019-01-28Z"/>
            <Participant name="M" role="composer" IPDN="ebSFUdLgxCA0_EBM6wkTiFoH" performance="soloist" grossFee="1488299301.85"
                 modifier="C" IPI="PDVyZ5aOi0ZPWl" birthDate="2018-09-29"/>
            <Participant name="O.T2P" role="music director" IPDN="Oi0LKyZG52kQEmyMQ3tJcp8D5nq" performance="soloist" grossFee="-1510479600.38"
                 modifier="C" IPI="Wu1YqSaLcek" birthDate="2018-11-28Z"/>
        </Participants>
        <Record title="EOxUigSU9VL..Lj2" spins="1924143215" ISRC="X632D30684PR" year="0935" producer="U81aR5-bIxptBnpAiKzLclt"
             label="XWdnyZJ" recordNo="QrWiOk" serialNumber="PS-F3EP8xbeBkG4NVBDATO" isPremiere="true"
             usage="broadcast" ISWC="qxg9UCaI8Ci_Y9WOcg1" AKA="SrHk7_c2d.X9A0q8qqGP_W" genre="composed"
             broadcastedFrom="2019-11-09T11:21:16" broadcastedTo="2018-10-14T11:21:16" runtime="370150023"
             origin="recorded stream" alternativeTitle="iHqA9ZXZW97kzr-Vn3564Z" recordedFootage="418962894">
            <Participants>
                <Participant name="ZwFqxRDy." role="remixer" IPDN="vmwfclfXDlWps3q" performance="main" grossFee="1816900347.95" modifier="A"
                     IPI="cucxYmrMVgprWxbjJlGmufKvMoFZW" birthDate="2020-02-15Z"/>
                <Participant name="zXkm" role="music director" IPDN="tjV-C" performance="chorus master" grossFee="-1610182421.70"
                     modifier="C" IPI="l2qZtxWaQC0jsGdH" birthDate="2019-09-21"/>
                <Participant name="_lAIAO.9kU3X" role="producer" IPDN="a.pcO1OHg7hQTE51pi" performance="main" grossFee="-622925110.33"
                     modifier="A" IPI="m4Geaa6W_pteTVTYH" birthDate="2020-02-29Z"/>
                <Participant name="fCaidykPFIWdS2fIdPh-2wO2iviEs" role="scriptwriter" IPDN="D5V_Iud0EZf0" performance="conductor"
                     grossFee="-2090539375.20" modifier="B" IPI="cWMPYFfA7F4" birthDate="2018-09-16"/>
                <Participant name="HfRKaM1aPUAvaz6OrnHUxzl3" role="subscriptwriter" IPDN="dw7XSopxPINFhkRD_LzpB0W02" performance="soloist"
                     grossFee="1771602819.51" modifier="A" IPI="sU0D7-8qhtuSwr" birthDate="2019-12-28"/>
                <Participant name="UTlv9J9" role="producer" IPDN="dKU1QN6m66WR" performance="conductor" grossFee="1417205049.42"
                     modifier="A" IPI="o8v-WI8" birthDate="2018-10-23Z"/>
                <Participant name="DnHEBFvkekyd6wZbqEIcafDi" role="sound engineer" IPDN="E4WJ1hqfn_uxv4yFY1e75aPdBMr2VP" performance="conductor"
                     grossFee="947843721.82" modifier="B" IPI="hi.oh.nlgmaHr8Be6HyRf" birthDate="2019-11-19Z"/>
                <Participant name="viFtUsjqO8drTL1qcfWihzGlGcnFp." role="performer" IPDN="TRGyQOmsap2" performance="soloist" grossFee="834281669.06"
                     modifier="A" IPI="cVRd7E3MS85-v6JltAD80YOafk" birthDate="2019-03-21Z"/>
                <Participant name="jailqlZx5-tVdqJn9gu9" role="music director" IPDN="p3HLa-7PaXHaaF-7-9KTgaPyYQqkdk" performance="soloist"
                     grossFee="-2010498825.16" modifier="B" IPI="N" birthDate="2019-10-05Z"/>
                <Participant name="kXXeM1" role="scriptwriter" IPDN="GKc2dTU" performance="conductor" grossFee="551571060.45" modifier="C"
                     IPI="LUa_P5NnjSA161CXPR-sGqL5xofb" birthDate="2019-07-16"/>
            </Participants>
        </Record>
        <Record title="g_3kEf5RIR_" spins="263668775" ISRC="U3R65K3OF6Q2" year="3858" producer="Ex9VqVgIJFN" label="CiyT55kK1"
             recordNo="v2eo6LpaGRFlRfdwD9yP4" serialNumber="p0H-xSI" isPremiere="1" usage="jingle" ISWC="NHiHSNhEcQLGRbwxn4WeJ2kv8Tc8"
             AKA="ZEa5FPGaNhjQKwrgIZWGGquSVzya.i" genre="composed" broadcastedFrom="2020-04-05T11:21:16Z"
             broadcastedTo="2018-10-27T11:21:16" runtime="1689618120" origin="commerce" alternativeTitle="pWtxdLE2L_S3laBB0Fce-f"
             recordedFootage="2102518798">
            <Participants>
                <Participant name="ddPpnUFY-tB30izIS8" role="music director" IPDN="t_XacO" performance="main" grossFee="1885839057.46"
                     modifier="C" IPI="gv" birthDate="2019-12-15"/>
                <Participant name="yNw" role="music director" IPDN="RHQsB6-" performance="soloist" grossFee="-1117545258.57" modifier="B"
                     IPI="flNOZ8ZBjjJYVi5ndSHDp8" birthDate="2019-09-02Z"/>
                <Participant name="MsV4_N6bxOvHK2aDv3AAqUw.7" role="arranger" IPDN="RVZ7R-kJZEng" performance="conductor" grossFee="-875567276.16"
                     modifier="B" IPI="NQQpnwx2H_7Qp" birthDate="2020-02-01Z"/>
                <Participant name="MjRqVO3yE2oez" role="composer" IPDN="j" performance="main" grossFee="-1625922102.17" modifier="A"
                     IPI="tfGmKL8-UT-QGr6fp" birthDate="2020-04-07"/>
                <Participant name="mRwyLWpuQSYKjgD8IWlNRO" role="subscriptwriter" IPDN="it4gQML0UzwYDPRh6cXNa74b" performance="soloist"
                     grossFee="-406287940.27" modifier="A" IPI="f0yrKSY6M.eA3" birthDate="2020-03-10Z"/>
                <Participant name="qSZPzYx.Er71bFP.XNR" role="sound engineer" IPDN="uBI" performance="soloist" grossFee="325310816.43"
                     modifier="B" IPI="KQUHGzqMcvrl" birthDate="2019-05-05"/>
                <Participant name="ZfRONybVl" role="scriptwriter" IPDN="Ntm6L1ee-LT7F_bX" performance="conductor" grossFee="-391474782.88"
                     modifier="B" IPI="vrUsYU-Qifxtytri1g93dPQ" birthDate="2018-10-20Z"/>
                <Participant name="ikm7mjB28HXQbKN6" role="sound engineer" IPDN="EzyjGNZbCdtXUZpkgbP8H2P4" performance="chorus master"
                     grossFee="-1607982168.54" modifier="B" IPI="i.F-rPjMKUZVEmN5D7R.pl" birthDate="2019-02-28Z"/>
                <Participant name="c7mCrs86QEcgD8LHDDdqXQFJiwOTI" role="subscriptwriter" IPDN="H90JPMd0RQE" performance="chorus master"
                     grossFee="-181115641.96" modifier="C" IPI="Joc.EtRTaN9t9qmd8aRc.nzLZOWXps" birthDate="2019-10-28"/>
                <Participant name="tMolrFUxvy0Yl1R" role="arranger" IPDN="Sf8BGLjlzQaVAZoVHEH" performance="supporting" grossFee="-760283567.68"
                     modifier="C" IPI="PFiTH1BDWaFu4V1I0r6kLLW0TJn" birthDate="2018-08-31"/>
            </Participants>
        </Record>
        <Record title="LtiuIA4X3" spins="1386770536" ISRC="SJZ8WBP7675U" year="8894" producer="al5hHZ5fz6H" label="Ft"
             recordNo="odgH0HTvF2wAJ27NSOYqztI" serialNumber="tQM7oNJh06ZXY_Tx52Aq" isPremiere="false"
             usage="broadcast" ISWC="sDEefJ6S-mGmxBShY5XeqaH5wdy8" AKA="A" genre="spoken word" broadcastedFrom="2020-06-29T11:21:16"
             broadcastedTo="2018-09-05T11:21:16" runtime="404620441" origin="commerce" alternativeTitle="v.zSL"
             recordedFootage="1745442272">
            <Participants>
                <Participant name="AfUEEFUQE5F5AD5U.nxj.xYBmfex2" role="producer" IPDN="a" performance="supporting" grossFee="-1932215804.28"
                     modifier="B" IPI="_XZV6RzR.tsdCd26fG5jxiXp" birthDate="2019-07-26Z"/>
                <Participant name="DlOzeMtuVHXeG8KRMlOeHg" role="composer" IPDN="VOQjIsHedE.d" performance="soloist" grossFee="1660820215.21"
                     modifier="B" IPI="YkyYeaWmnBT.Q8ZpEyh9OqpcYXFE" birthDate="2020-06-14Z"/>
                <Participant name="CK1ROudbRV5" role="arranger" IPDN="QpRSo" performance="supporting" grossFee="461998605.51" modifier="B"
                     IPI="uHlNdjsTjl7_n5nvsD05u9" birthDate="2018-08-24Z"/>
                <Participant name="nGs9Pm7MadJ" role="subscriptwriter" IPDN="Q2VfXmIlSZvGp" performance="conductor" grossFee="325654518.37"
                     modifier="A" IPI="Lv" birthDate="2019-11-13Z"/>
                <Participant name="IqTLMjBYSxgEaHwTe8PkNrrCWb" role="composer" IPDN="evg2.ujlmhx" performance="main" grossFee="-592173870.59"
                     modifier="C" IPI="TkKknT7Lq8qCes_rYZ.micuQ" birthDate="2019-03-25"/>
                <Participant name="Yim_HoC-9xMWfhMGk6gFU3" role="music director" IPDN="dctEvpD2cLd65be5IDFz" performance="supporting"
                     grossFee="1655668936.30" modifier="C" IPI="ZQkiY3oq5L" birthDate="2018-12-01Z"/>
                <Participant name="T9oPD6Ek3Fvfwcm8UVASlwjB2n3kWC" role="subscriptwriter" IPDN="ECsdIlIPiKbK8Xlk" performance="chorus master"
                     grossFee="-1835774300.35" modifier="C" IPI="KsnwfslG81A4iwF" birthDate="2018-10-02"/>
                <Participant name="bmsehffH5CLMAw0gBG.EiGKX" role="scriptwriter" IPDN="jJ2Rl4" performance="main" grossFee="1543675377.96"
                     modifier="B" IPI="GHMZ6yaA0DWf" birthDate="2020-05-21Z"/>
                <Participant name="GOic4q" role="remixer" IPDN="BuwrBxKHOQSL3s4IZR35wyts" performance="soloist" grossFee="-1620156088.22"
                     modifier="C" IPI="Zj3VmX" birthDate="2018-09-07Z"/>
                <Participant name="oR.gQp7bU6Q9Ef-j" role="composer" IPDN="VY-m0v" performance="chorus master" grossFee="-2141624776.81"
                     modifier="A" IPI="K8bWeDZhA5J7ZTpJ95g." birthDate="2019-10-12Z"/>
            </Participants>
        </Record>
        <Record title="jHSC5fMa8skQPJohQwV0yN0" spins="147642232" ISRC="G5FN9G8PNK64" year="4756" producer="ajR1aejvOLKhIMzBSPERW4T6z"
             label="z_EQc3t4NBsdy8WS7mkgyRBUMJKpiH" recordNo="md" serialNumber="Kkp85qTDp" isPremiere="1"
             usage="commercial" ISWC="jc72BQ13ObX0OzedFLazC4lS" AKA="e0MM0dwLnq5ME" genre="pop" broadcastedFrom="2018-07-24T11:21:16"
             broadcastedTo="2019-04-04T11:21:16" runtime="1976951628" origin="free usage" alternativeTitle="Q3aLPCrUiD4bSWYDFB-vBTqoZEgv"
             recordedFootage="1452455196">
            <Participants>
                <Participant name="d" role="producer" IPDN="NcN01CIOcVd3NCY" performance="main" grossFee="-1325384355.44" modifier="A"
                     IPI="zbjd1P-LPVjrDJdok1fNNazqm" birthDate="2019-08-08"/>
                <Participant name="QA1E81m" role="remixer" IPDN="qFw3dLF9ffUSb4Q" performance="chorus master" grossFee="1169699808.93"
                     modifier="C" IPI="zCVQ5Za5UszuF1J9xB1_nM0YGa6i" birthDate="2019-02-26"/>
                <Participant name="Jn6ua" role="music director" IPDN="U3fyR.5Vua6XD3b" performance="soloist" grossFee="138643268.02"
                     modifier="A" IPI="M" birthDate="2020-06-04"/>
                <Participant name="f6Sp9qZRQob8bjhD" role="subscriptwriter" IPDN="aKf6DzVLl8Vkgy-" performance="main" grossFee="1587895821.56"
                     modifier="B" IPI="myEAIuguEJ" birthDate="2019-07-10Z"/>
                <Participant name="Sz72uACy_Uz3iG" role="performer" IPDN="J8WK8n1TjihQR1slXo_seQTxnup" performance="conductor" grossFee="-857838942.09"
                     modifier="A" IPI="n" birthDate="2020-05-31Z"/>
                <Participant name="xDhF-0IR0EI-Sd" role="sound engineer" IPDN="RKA-7aQHf8rs2U1AuaEH9i0u1wnFX" performance="soloist"
                     grossFee="1671537881.64" modifier="B" IPI="HYMZUEaC5MB" birthDate="2020-05-26Z"/>
                <Participant name="mp1XSlO1Ocynb6fP_A9p" role="producer" IPDN="jlRM76djKsRQFdC" performance="main" grossFee="1142944963.59"
                     modifier="C" IPI="OMTqDLbthE8" birthDate="2019-06-06Z"/>
                <Participant name="l0UrRIcGNt_D5" role="remixer" IPDN="yIA1t20xKoo91RlID" performance="conductor" grossFee="13870253.23"
                     modifier="C" IPI="IGN5zYcbtrJ6wDuplJbUAv2M" birthDate="2019-09-21"/>
                <Participant name="Gu6gg2xTqq" role="scriptwriter" IPDN="TvJyn" performance="main" grossFee="38783286.42" modifier="C"
                     IPI="dfYTT7wBO_fxA" birthDate="2019-08-18"/>
                <Participant name="e" role="composer" IPDN="Y" performance="conductor" grossFee="-1923075943.36" modifier="C" IPI="h"
                     birthDate="2020-03-21"/>
            </Participants>
        </Record>
        <Record title="p" spins="735038397" ISRC="24RQ92CK56GA" year="9669" producer="tG" label="D-3NF" recordNo="tygFcIbwzJKsNtoRoiy7E"
             serialNumber="PNjWa66TjWeRjy7HCd" isPremiere="true" usage="jingle" ISWC="iSYyt.JD2x75R6wtE"
             AKA="P4dpYRkp9ubK3u9iI" genre="jingle" broadcastedFrom="2020-04-07T11:21:16Z" broadcastedTo="2019-11-13T11:21:16Z"
             runtime="929986905" origin="commerce" alternativeTitle="R08ODFYHguKAddYxaQHytzsQoX.K" recordedFootage="2007491156">
            <Participants>
                <Participant name="Zv-F_YvcvpKjFck2XnGAHX" role="composer" IPDN="uKVKqAOdl" performance="main" grossFee="-1177098998.57"
                     modifier="B" IPI="V" birthDate="2018-11-09"/>
                <Participant name="MitVwV" role="arranger" IPDN="iF2sTIVK" performance="supporting" grossFee="739941216.60" modifier="A"
                     IPI="U" birthDate="2020-06-18Z"/>
                <Participant name="BX0Un17SPZ2" role="remixer" IPDN="qE." performance="soloist" grossFee="-1997559683.83" modifier="A"
                     IPI="DCYSrvFLVyVOfa3rY5UCAQ4K9lOA" birthDate="2020-03-10Z"/>
                <Participant name="K" role="composer" IPDN="gU74bQQMMH1MJHXa5Gs8y" performance="chorus master" grossFee="-2006796507.33"
                     modifier="B" IPI="EAE3BpI_WPY6tzEYuI9tr7" birthDate="2019-05-11"/>
                <Participant name="mR0" role="music director" IPDN="S.4AFqtHbOG" performance="conductor" grossFee="-75288124.56"
                     modifier="A" IPI="C-ckWWBK9lfYU9-CkE" birthDate="2020-04-08Z"/>
                <Participant name="PE1tvwc3hnnyj-fvilOYEks2XZhp9" role="arranger" IPDN="LbH" performance="chorus master" grossFee="1434705706.79"
                     modifier="B" IPI="YnGlcrtX.zAK4GQE7U.HjncM" birthDate="2019-06-27Z"/>
                <Participant name="kjBpn2" role="arranger" IPDN="PLOtne_RAkM_u" performance="conductor" grossFee="-1006128512.67"
                     modifier="C" IPI="u6s1" birthDate="2019-12-17"/>
                <Participant name="JHGwH9aSsTFIWej.S_AqpexbH" role="sound engineer" IPDN="jZL0Rn_5wH2S9IbSb2jA1JMB" performance="conductor"
                     grossFee="1940250992.93" modifier="A" IPI="G94d2nyD" birthDate="2019-07-14"/>
                <Participant name="Q2AIaWYegZ" role="performer" IPDN="Pa" performance="conductor" grossFee="-729355475.19" modifier="C"
                     IPI="swYMFMAPO8fv" birthDate="2020-06-27Z"/>
                <Participant name="Q6fy5Z3jnT0N1bZSU7OoQn" role="scriptwriter" IPDN="m8YMRH3OmC5FhKdG" performance="soloist" grossFee="-1961625284.63"
                     modifier="C" IPI="R.6ft1WCHX5o7dadQus" birthDate="2019-12-25Z"/>
            </Participants>
        </Record>
        <Record title="X-nuI" spins="1165306293" ISRC="57F96T637KXO" year="7720" producer="QLALig" label="CS" recordNo="B"
             serialNumber="ItYiGCtedylG3o" isPremiere="true" usage="commercial" ISWC="X" AKA="hU3JNhpqatFei.OLW9Kpwhe1pIIvj"
             genre="pop" broadcastedFrom="2019-02-04T11:21:16Z" broadcastedTo="2019-06-20T11:21:16" runtime="350981118"
             origin="self" alternativeTitle="uxHQEnukuMi1.gAUyWcom4" recordedFootage="716363463">
            <Participants>
                <Participant name="FL" role="composer" IPDN="hxnGDMBIEA6dbXJwlKU8X" performance="conductor" grossFee="-362879462.44"
                     modifier="B" IPI="aj.j9aaLynRBQSn" birthDate="2018-12-19"/>
                <Participant name="DRu8vHWzA8fh" role="composer" IPDN="F_yVfuRZk3d" performance="soloist" grossFee="-703639897.05"
                     modifier="B" IPI="La_erRQLCJ.V0TsdPdg" birthDate="2019-05-04"/>
                <Participant name="U" role="scriptwriter" IPDN="VX1vFz" performance="supporting" grossFee="-216913052.95" modifier="B"
                     IPI="qZpsj9_xFJLkIJrXTlWfboIy" birthDate="2019-04-22"/>
                <Participant name="FSbDT-.zb7rLoHzk-SGgLD" role="sound engineer" IPDN="DkkpkUXV5IBX2agkSdLfl" performance="chorus master"
                     grossFee="1099649698.99" modifier="C" IPI="VT.8Xem8Kg3v7ikOqct" birthDate="2018-09-25"/>
                <Participant name="WIxtA0" role="scriptwriter" IPDN="W.GiR" performance="conductor" grossFee="194840403.07" modifier="C"
                     IPI="sqCL5" birthDate="2019-11-12Z"/>
                <Participant name="RTr" role="composer" IPDN="R-LAFam045rswmxGgz8m0zqqgb" performance="conductor" grossFee="1054459756.38"
                     modifier="A" IPI="yXvC_WfGre5rEWoMdl" birthDate="2019-02-14Z"/>
                <Participant name="Xh7vOMjSs1qU5rGDBcErkJ2h" role="subscriptwriter" IPDN="r17WjB.A" performance="chorus master" grossFee="-1245151221.29"
                     modifier="C" IPI="owf3W4kc7-R" birthDate="2019-10-05"/>
                <Participant name="AWYQBhGsH7G.mfiKX7g7sZ7HTFgL" role="remixer" IPDN="NTqhC2zU8" performance="conductor" grossFee="-1753101011.08"
                     modifier="C" IPI="_xj" birthDate="2020-06-25Z"/>
                <Participant name="yl-KJ5" role="music director" IPDN="PgFRIP_Zd" performance="soloist" grossFee="1210734782.68"
                     modifier="B" IPI="vzMqqNiZyfFp-" birthDate="2020-05-19"/>
                <Participant name="L9_qicdhG.W-gu7Hr9YU" role="composer" IPDN="b6r1XN" performance="supporting" grossFee="354205029.37"
                     modifier="B" IPI="VOju6P" birthDate="2019-11-19Z"/>
            </Participants>
        </Record>
        <Record title="yknIw2lvJO5k9_ga_SH5ibeuM" spins="85414959" ISRC="7003FU4W0C3J" year="5530" producer="xH-" label="IltlYx0F2Wpc6h.kv6"
             recordNo="uElNuKXFkVbYmgzvR" serialNumber="IBEC4PxH6R-" isPremiere="false" usage="broadcast"
             ISWC="YW1jozM6BArzBV3REdVmsDmzJwoW" AKA="FAgwN23F.8.0pZccGmz" genre="spoken word" broadcastedFrom="2019-09-25T11:21:16Z"
             broadcastedTo="2019-08-28T11:21:16Z" runtime="1367416618" origin="commercial" alternativeTitle="WMfRxi3OiJXuyEdwNMR"
             recordedFootage="574819937">
            <Participants>
                <Participant name="SU" role="arranger" IPDN="bEqfI-" performance="conductor" grossFee="-1692861497.92" modifier="A"
                     IPI="MjP7" birthDate="2019-05-06"/>
                <Participant name="Y3CUvMaST" role="music director" IPDN="coe" performance="supporting" grossFee="-1936067437.79"
                     modifier="B" IPI="c1b011F9yBvk6Okafh-" birthDate="2019-10-08Z"/>
                <Participant name="lMMbCiU_KJDWmPL39yxZyFR.l8XJR" role="subscriptwriter" IPDN="DXXfl." performance="chorus master"
                     grossFee="-1316495653.64" modifier="B" IPI="SVhuL19xwpsEy" birthDate="2019-09-09"/>
                <Participant name="TGK_1QQu6" role="music director" IPDN="M90BOAOxlN" performance="main" grossFee="1487294309.39"
                     modifier="B" IPI="yMvtqe1Lg9h2k29No-" birthDate="2019-09-21Z"/>
                <Participant name="PyGz17QuOVTt" role="performer" IPDN="gH4D-jZIrubZ" performance="soloist" grossFee="-1484491582.18"
                     modifier="C" IPI="OeMFVXoTMMUf1iWPplKJsbb" birthDate="2020-03-01"/>
                <Participant name="B4ZZtv1e-HJl5oqVkCyN0Od5" role="arranger" IPDN="rBdEXq20gowthRJhS-" performance="soloist" grossFee="1094499914.50"
                     modifier="B" IPI="c.PT6umrP0xe.t5HDgDuyezZye7l" birthDate="2018-07-26Z"/>
                <Participant name="K9P4MkLrHg2TC79mk" role="sound engineer" IPDN="wy.RZ2lfgtGt6lZCUc.L1" performance="supporting"
                     grossFee="-339279500.79" modifier="A" IPI="uLXhwAoQuEBUqvJUTM7NZa5myCyRt6" birthDate="2019-02-16"/>
                <Participant name="WASa" role="remixer" IPDN="ofRT" performance="chorus master" grossFee="-1804058446.81" modifier="B"
                     IPI="IDc83dFS" birthDate="2019-09-19Z"/>
                <Participant name="IsmPKwDm8kXZt4UrbbrHnmX8" role="composer" IPDN="CFtbgbV" performance="soloist" grossFee="-267345850.45"
                     modifier="C" IPI="lqh3p5SGoBafhTQuPWmPHdq" birthDate="2019-07-31"/>
                <Participant name="i_li4qr._y.8By7FVXh_lFVP" role="scriptwriter" IPDN="MTp" performance="soloist" grossFee="-1906672361.08"
                     modifier="B" IPI="fYgKPZZO.HuRxEz86661PIE" birthDate="2019-03-17"/>
            </Participants>
        </Record>
        <Record title="ZLBmE23T3bJ-zhRGsVp" spins="1948313480" ISRC="A867JSLS3235" year="5327" producer="ZbdlaOljNf5Q.zBXLNW"
             label="EED" recordNo="zPyVr5ypzwBf8YH-_dsGgbJ" serialNumber="LpBdHfHf9kI" isPremiere="1"
             usage="commercial" ISWC="BX.8XgEAVVSeFn" AKA="hYUteY83ZXkogIqvp5Z84.u2pi9-jW" genre="composed"
             broadcastedFrom="2019-07-08T11:21:16" broadcastedTo="2019-03-24T11:21:16" runtime="1584399304"
             origin="report" alternativeTitle="kM" recordedFootage="1284829584">
            <Participants>
                <Participant name="vB" role="producer" IPDN="lazue2RMhG2Y4" performance="main" grossFee="-1989962900.55" modifier="C"
                     IPI="RDahBqL90ydoWF" birthDate="2020-02-26"/>
                <Participant name="cgi6G-AI69y85LShFwEvg0qjmTsure" role="subscriptwriter" IPDN="z" performance="supporting" grossFee="-951011054.12"
                     modifier="A" IPI="Q8gHJkkm4heRCQpm.Rv5NA" birthDate="2019-08-29Z"/>
                <Participant name="_hZT3yMeCQ3-QNbnNXItR9h.SYE" role="arranger" IPDN="AyZpjoendNfYp5peDs_D-H1de4DeR" performance="main"
                     grossFee="1957186189.38" modifier="B" IPI="eNqK7bp-wO" birthDate="2019-06-16Z"/>
                <Participant name="wBGNVYFt4M3u4hGWBnH6EHYs" role="remixer" IPDN="mhU1uX9kKah.lcvWP76" performance="chorus master"
                     grossFee="1764669438.83" modifier="A" IPI="F" birthDate="2019-05-30Z"/>
                <Participant name="Fu.86lD4Dz2gBDD-G-RMlmDt8MFz6" role="music director" IPDN="_2iy" performance="main" grossFee="-1086221837.40"
                     modifier="A" IPI="uj5AQwUQE4" birthDate="2019-12-27"/>
                <Participant name="_R27cEgeuahvKjg09C7Hk" role="producer" IPDN="Zw3QJ3iLi7v7Maxa111_" performance="main" grossFee="408931639.75"
                     modifier="C" IPI="CtT2_cy" birthDate="2019-05-24"/>
                <Participant name="eMn" role="sound engineer" IPDN="wkj4IYgEneWbdBKABE-yq3bL5kG" performance="chorus master" grossFee="1252557671.42"
                     modifier="B" IPI="PYLXyMm.dAINkPapDEWJ" birthDate="2019-01-17"/>
                <Participant name="hkVLHGKYnea.saKU8OFDxmD2" role="producer" IPDN="W.F7xdtfvMrEmmcq5uuWc9ztK" performance="main"
                     grossFee="-1700904533.55" modifier="A" IPI="r3.wTgDlRAxXh1AgLuFtQILGe" birthDate="2019-07-15Z"/>
                <Participant name="ggOCJPlAdK4" role="remixer" IPDN="O5KkxBp2jeSSuXIKlmqBt_db51Kl" performance="main" grossFee="1151678693.11"
                     modifier="A" IPI="DKRYpF434KiJvpH1y44QE" birthDate="2018-08-22"/>
                <Participant name="lRN7vyUx9" role="producer" IPDN="TRBai8iBDFyQQ" performance="soloist" grossFee="1405230316.71"
                     modifier="B" IPI="RhnO-" birthDate="2019-02-22Z"/>
            </Participants>
        </Record>
        <Record title="gpGWTxDWNdymRY.-gz6zIx4eZ2Z" spins="2120213331" ISRC="6KU98WV2686K" year="1523" producer="j"
             label="eX-" recordNo="Ig2EwCQGUQpQvg" serialNumber="bAZR3-fNjEyKprACs4tH7jfmQXM" isPremiere="true"
             usage="jingle" ISWC="PZ3NOh1Sfa6eGuDqqx" AKA="Q5PStOFHjNuZyadx1Z086" genre="composed" broadcastedFrom="2019-10-18T11:21:16"
             broadcastedTo="2019-09-18T11:21:16" runtime="535524641" origin="free of charge" alternativeTitle="u99H4SMJlyW85MJU4QQNOCGn331"
             recordedFootage="1486278531">
            <Participants>
                <Participant name="VEMCHbIUpOkvx-4FbHH" role="arranger" IPDN="oVCwkpY1V" performance="conductor" grossFee="-1489594888.82"
                     modifier="B" IPI="EETBO5KGcOnKpNx" birthDate="2019-12-01Z"/>
                <Participant name="Xw.IpUpfR" role="producer" IPDN="LGQsm4kBtNu5" performance="main" grossFee="456613960.67" modifier="B"
                     IPI="UCfWT0zp0sGz" birthDate="2019-11-16Z"/>
                <Participant name="t8_10f49_3Ab4dMfZ.KMX3jsx8blmH" role="subscriptwriter" IPDN="I" performance="chorus master" grossFee="827085033.17"
                     modifier="B" IPI="kPWGiZcCwwJK4rgzHgQf" birthDate="2018-09-04"/>
                <Participant name="WglJsho9pq.aBUmMqK5xTrIRt" role="arranger" IPDN="ye4Ge4jw_n3HvqXbi0ObB07hAf8Zn" performance="conductor"
                     grossFee="-451515936.83" modifier="B" IPI="xUQaBvw3_IzpTD7h" birthDate="2019-05-30Z"/>
                <Participant name="Q" role="remixer" IPDN="WfJQJ2e7Nd57niFmoOtQVSb6YP" performance="main" grossFee="-799226337.21"
                     modifier="B" IPI="Z6Feq8S2jgx1nfoi8Skis.C" birthDate="2019-09-12"/>
                <Participant name="lMCJEpcfT" role="arranger" IPDN="PBwyOk2inx" performance="chorus master" grossFee="530969533.76"
                     modifier="B" IPI="wI7SPD" birthDate="2019-12-10"/>
                <Participant name="I" role="music director" IPDN="C8CWFHY9AUHkDObq8.GeyNg" performance="soloist" grossFee="334252700.53"
                     modifier="A" IPI="Kl" birthDate="2020-05-11Z"/>
                <Participant name="jaHK9FDmsR3gbGEWQh" role="scriptwriter" IPDN="i" performance="chorus master" grossFee="-2121072490.58"
                     modifier="B" IPI="lqObPn" birthDate="2018-12-15Z"/>
                <Participant name="S6" role="subscriptwriter" IPDN="mecMU_" performance="chorus master" grossFee="-190727662.73"
                     modifier="C" IPI="EqLWp" birthDate="2018-12-01Z"/>
                <Participant name="mvV.y" role="sound engineer" IPDN="BAKKATFM85Ijm5jZE8cmh_Be" performance="supporting" grossFee="380015904.00"
                     modifier="C" IPI="LxbseCQ4-DpzK" birthDate="2019-04-03"/>
            </Participants>
        </Record>
        <Record title="nlHp94UkcaedG6Q.ZktwsopAwSf" spins="733987997" ISRC="514F27389RQ1" year="2945" producer="d6Vj"
             label="eruaT1jCsQ5nDHVSuiTBCohGpJmU" recordNo="vd" serialNumber="qI8XgqmTJo" isPremiere="1"
             usage="jingle" ISWC="F1aI" AKA="SFA3CXnTjh9RyzvY3LzNQHj" genre="spoken word" broadcastedFrom="2019-02-10T11:21:16"
             broadcastedTo="2019-09-27T11:21:16" runtime="1550525116" origin="recorded stream" alternativeTitle="ik2yExkJ"
             recordedFootage="356356493">
            <Participants>
                <Participant name="aaFF8w" role="producer" IPDN="YgN37b5HRdqwLvh7ckUvJw1_" performance="supporting" grossFee="306293051.78"
                     modifier="B" IPI="GFqb-9Gp8w" birthDate="2020-01-27"/>
                <Participant name="JNl9I3v.z" role="music director" IPDN="bPMZFdo" performance="soloist" grossFee="-1280057288.43"
                     modifier="A" IPI="CoFqrkdNz" birthDate="2020-06-25"/>
                <Participant name="HwzW5JkXAXRuh0uHv" role="composer" IPDN="oYq9" performance="supporting" grossFee="807392283.16"
                     modifier="C" IPI="c_.X_xXufA9fewq" birthDate="2019-06-26Z"/>
                <Participant name="IBYZrKnxlnCFTi20MWqLpnqh" role="scriptwriter" IPDN="rZ3nqptRWdr7jsm20h4ZiwwTufWUlm" performance="main"
                     grossFee="39661091.43" modifier="C" IPI="i4Vr0" birthDate="2019-08-29"/>
                <Participant name="X4hRzg8nmA0QWHS06TiqQ" role="performer" IPDN="ege4O6o1Ok4hWWqPpz9jdhFk-02E6" performance="soloist"
                     grossFee="967115543.38" modifier="B" IPI="IACur0YnjsbJy-4" birthDate="2018-08-04Z"/>
                <Participant name="GjcXM1D" role="sound engineer" IPDN="Rfwq2uOEei.O6homKkCi." performance="conductor" grossFee="-443941943.51"
                     modifier="A" IPI="VLmKR2PgFzICH6aXpeyB" birthDate="2018-12-10"/>
                <Participant name="Z.Up7WgOMvS" role="performer" IPDN="tEw" performance="main" grossFee="-1877565770.92" modifier="B"
                     IPI="je5giw0dyDPg8U_GrHSTzDLmV" birthDate="2020-06-01"/>
                <Participant name="JUMIuQchuV8" role="arranger" IPDN="KT" performance="supporting" grossFee="151482009.66" modifier="A"
                     IPI="wtls2cq" birthDate="2019-09-10Z"/>
                <Participant name="J8DAwmDBtFcLZE2" role="music director" IPDN="K_mfaW" performance="soloist" grossFee="-615963103.66"
                     modifier="B" IPI="CMh.6Jf" birthDate="2019-03-14Z"/>
                <Participant name="kFX22nkMK13-5v" role="composer" IPDN="FnXfGy_Eho5cm3d" performance="conductor" grossFee="163532436.80"
                     modifier="B" IPI="hBBxzeabxp7uiPAc0pX8U.DU" birthDate="2019-07-26"/>
            </Participants>
        </Record>
    </Record>
    <Simulcasting from="2020-02-23T11:21:16" to="2019-01-02T11:21:16" station="R7Le-PAZQLF1RuD"/>
    <Simulcasting from="2018-08-31T11:21:16Z" to="2018-07-20T11:21:16Z" station="y9De7oSym"/>
    <Simulcasting from="2020-05-21T11:21:16" to="2020-03-29T11:21:16Z" station="KeLwj"/>
    <Simulcasting from="2020-03-17T11:21:16Z" to="2018-09-09T11:21:16" station="t-dGdTJE6Tj"/>
    <Simulcasting from="2018-07-19T11:21:16" to="2019-03-19T11:21:16Z" station="wbC"/>
    <Simulcasting from="2019-07-05T11:21:16Z" to="2019-12-08T11:21:16Z" station="HFy"/>
    <Simulcasting from="2020-02-12T11:21:16Z" to="2019-04-16T11:21:16" station="isnbs9.ipYU5t9JvH-bkyKu-iD3e6"/>
    <Simulcasting from="2019-09-03T11:21:16" to="2019-03-27T11:21:16Z" station="RSXOlc5.m2x"/>
    <Simulcasting from="2019-06-07T11:21:16Z" to="2019-12-04T11:21:16" station="P"/>
    <Simulcasting from="2018-12-24T11:21:16Z" to="2019-03-12T11:21:16" station="d3bL8Y.Y"/>
    <Record title="xvuZklxsoEXFLH" spins="1177056501" ISRC="67QT23K3H2B1" year="2942" producer="H8V65Jq7J" label="n_sqX"
         recordNo="qUo90" serialNumber="X3_61" isPremiere="false" usage="commercial" ISWC="a..a1-1PeTt43A8hsatRvdlUviH"
         AKA="N2td_ejIgi_2t9QFEltj" genre="pop" broadcastedFrom="2018-11-06T11:21:16Z" broadcastedTo="2019-02-04T11:21:16"
         runtime="1835386591" origin="live stream" alternativeTitle="Hm4NF702CNijltXdyB" recordedFootage="909331806">
        <Participants>
            <Participant name="qtjWSl-sid9qI" role="music director" IPDN="Oj" performance="main" grossFee="1379622336.47" modifier="C"
                 IPI="c" birthDate="2018-11-27"/>
            <Participant name="B2KxmNascHhO" role="remixer" IPDN="mTgtup4c34fPLBt-3ONOJXf5n" performance="conductor" grossFee="1486114721.81"
                 modifier="A" IPI="hF8ZzK6N6ZL7zn3vR.tlj_HnM" birthDate="2018-07-10"/>
            <Participant name="II7V9dBsBdhWQ76Mh5_." role="remixer" IPDN="pELj2Cr" performance="supporting" grossFee="-1443594478.41"
                 modifier="A" IPI="Atx9rPd" birthDate="2020-02-07Z"/>
            <Participant name="GA6WpkFxJRI0OsNp_" role="performer" IPDN="x" performance="main" grossFee="-99934691.02" modifier="A"
                 IPI="zKMjWA7BTw" birthDate="2020-06-16Z"/>
            <Participant name="N1mm_a.dBBx1Hi" role="arranger" IPDN="Ki4m_W.ZUZLgLUACO8m67DZ" performance="soloist" grossFee="1177280361.97"
                 modifier="B" IPI="WmBkE5cZY4Djm3WvG_nld8-9" birthDate="2018-11-06"/>
            <Participant name="E39y_ezDgHbHdFpjH0t-qQFssofLZ" role="sound engineer" IPDN="cL1am2il27DrbbJIu4W_1E" performance="soloist"
                 grossFee="180612048.79" modifier="B" IPI="u" birthDate="2019-10-07Z"/>
            <Participant name="jWSJX._lvMbKSz81vPFvdPQ" role="producer" IPDN="s" performance="chorus master" grossFee="-1520921045.34"
                 modifier="B" IPI="rZSLF_kr31brs7qCwPs.d" birthDate="2018-08-04Z"/>
            <Participant name="_JlsoORyKxj7Fra4lz4Y" role="music director" IPDN="nLkfYNa0nrzkq" performance="chorus master" grossFee="1793277672.14"
                 modifier="B" IPI="o3WiEZ-r3QxrL" birthDate="2020-04-27"/>
            <Participant name="gF2FT01U_70NW.f" role="arranger" IPDN="kUTc00GEU0awaiorTyBiugrkTANmVB" performance="main" grossFee="1749553311.08"
                 modifier="C" IPI="zjfh09Y98Tqu5" birthDate="2020-03-22"/>
            <Participant name="vHUoBxlW" role="producer" IPDN="TSJYTs-VxT4Yoc2Qqll3nCS" performance="supporting" grossFee="-1415219224.68"
                 modifier="A" IPI="jL48nz" birthDate="2019-10-23"/>
        </Participants>
        <Record title="RR_Jqrj" spins="1868775380" ISRC="H52N2715ZF22" year="8703" producer="CPUAhX38ZJbnsMurLWs" label="cHLE"
             recordNo="pNKr_nDzqcYde" serialNumber="iXaf6O" isPremiere="0" usage="broadcast" ISWC="pri"
             AKA="LsJxEOT2.Nrva6C55sT9kI3" genre="composed" broadcastedFrom="2020-04-09T11:21:16Z" broadcastedTo="2019-08-24T11:21:16Z"
             runtime="1241342388" origin="self" alternativeTitle="degbg7uQP853nlWrGZt" recordedFootage="689983780">
            <Participants>
                <Participant name="rlx_bWtplxvRu-xkJ6bpq4TZBS" role="composer" IPDN="zCEqhsW-exptyPTfr.2l8PNkVwJtN" performance="conductor"
                     grossFee="-1008769900.71" modifier="B" IPI="drBqgBaLk98lxnXFuXciH" birthDate="2019-06-19"/>
                <Participant name="xlIP57JntDlrD.nBlTJeF-w5dqz1" role="arranger" IPDN="gi37iQV10MILBldG1pJ" performance="chorus master"
                     grossFee="-749325614.61" modifier="B" IPI="EdbAjx" birthDate="2019-01-25Z"/>
                <Participant name="w77a.89oBZqQ6Vc78qCg42" role="scriptwriter" IPDN="RxnqhuKSl_tjdp" performance="chorus master"
                     grossFee="-1703203594.12" modifier="B" IPI="L" birthDate="2019-10-05Z"/>
                <Participant name="YSo895N1Z5r9jeh5ilw.P-tl03qRvX" role="performer" IPDN="DY6huhX0CrAPDjLKdC8" performance="main"
                     grossFee="1920459855.97" modifier="B" IPI="A5fBP1Fgfs" birthDate="2018-12-30Z"/>
                <Participant name="r1QDTqiWk_JXtBWM-G" role="music director" IPDN="SJpYtGzT9jIEFPDYvCkXO" performance="conductor"
                     grossFee="1431845994.06" modifier="A" IPI="rqr2CKhTr9b1iyBniLpARr-RXXwAC4" birthDate="2019-12-12"/>
                <Participant name="gXA-0Gg7nbq" role="performer" IPDN="CDssve4WeqZVPkS" performance="chorus master" grossFee="1761011261.55"
                     modifier="C" IPI="xH_u2njjmU13L4nIiR" birthDate="2019-12-22Z"/>
                <Participant name="uB7bu" role="performer" IPDN="zle_z3NBeoy9K5_MoDT2DuusiRsi3J" performance="conductor" grossFee="389563698.81"
                     modifier="A" IPI="oWKKWd677" birthDate="2019-09-09Z"/>
                <Participant name="hGEX5yVHGJQUB" role="arranger" IPDN="KfN" performance="chorus master" grossFee="-1504389303.11"
                     modifier="B" IPI="JUGDl-Fv" birthDate="2019-07-16Z"/>
                <Participant name="TAVKSeXWKGH" role="composer" IPDN="Z6Vvz_CWMgMIWmCbM1vP1zxR" performance="main" grossFee="-812409233.50"
                     modifier="C" IPI="czEcEVItd" birthDate="2018-08-19"/>
                <Participant name="L6t5Fk239" role="scriptwriter" IPDN="YKoDIE" performance="chorus master" grossFee="-686396272.37"
                     modifier="C" IPI="tK1RzDoY" birthDate="2018-09-10Z"/>
            </Participants>
        </Record>
        <Record title="usAzZ4r5H-F" spins="594806572" ISRC="2QC3F130ZR3C" year="1824" producer="uwFo8jMUFQIJFqlwGFUQRqKrps"
             label="eUQXfPiU8wox93e_XTGeFNMgrSG" recordNo="WQlpiWGcwUTGwiv3kDJ25" serialNumber="BnSkGIKF4_0oLxHDEEHpk5"
             isPremiere="false" usage="commercial" ISWC="h8FpzKmLAGYfPqG39nuuJe2" AKA="Mokh_PYiebWYBKyswRCC"
             genre="commercial" broadcastedFrom="2019-01-16T11:21:16Z" broadcastedTo="2018-10-07T11:21:16"
             runtime="29904509" origin="live broadcasting" alternativeTitle="dX3Z70MwjS1n" recordedFootage="1902311045">
            <Participants>
                <Participant name="BBABNWLW5a" role="scriptwriter" IPDN="CH6" performance="main" grossFee="1967146410.85" modifier="C"
                     IPI="TNiyh.lH" birthDate="2019-12-03"/>
                <Participant name="zLXYYJ" role="producer" IPDN="sCoI6XTyv-AyyN9" performance="soloist" grossFee="-1959043129.02"
                     modifier="B" IPI="UifRqWd" birthDate="2019-03-14Z"/>
                <Participant name="fzPurB0Av" role="producer" IPDN="SNjfXIM" performance="soloist" grossFee="-1423121987.81" modifier="A"
                     IPI="EK03J3j8QqRDmrstOm68KdeVT7NIrQ" birthDate="2018-09-30Z"/>
                <Participant name="eg4osNP952xQ72HXi4ncG" role="sound engineer" IPDN="qSXm529Dci" performance="conductor" grossFee="806889122.02"
                     modifier="C" IPI="ejgw0z09JdKe_" birthDate="2018-08-25"/>
                <Participant name="P8sY4T" role="subscriptwriter" IPDN="NTdxZbHioiInBhq" performance="main" grossFee="-2077583505.75"
                     modifier="B" IPI="iRo8rS" birthDate="2019-06-15Z"/>
                <Participant name="k9.u9qIyRpYtY0iNOV" role="performer" IPDN="sZhmISr" performance="supporting" grossFee="74990986.34"
                     modifier="B" IPI="KMf" birthDate="2019-06-05"/>
                <Participant name="uJPY4nl7VKOZc_ke" role="scriptwriter" IPDN="rIc_47n3iKdIetMKKf0iHXbc7fUbk" performance="conductor"
                     grossFee="502911454.99" modifier="C" IPI="Lwz8W1zSi" birthDate="2018-07-22"/>
                <Participant name="tjjk24B7bpMPQ" role="scriptwriter" IPDN="No" performance="soloist" grossFee="978119467.32" modifier="C"
                     IPI="TnsS-O" birthDate="2020-01-13"/>
                <Participant name="VZJhlspbKPsdmUbAZGm" role="subscriptwriter" IPDN="AFSfxciUU_kJI" performance="chorus master" grossFee="-583899953.49"
                     modifier="A" IPI="Mdn4vTFR" birthDate="2018-09-09Z"/>
                <Participant name="XouLLZK" role="subscriptwriter" IPDN="kRwjBHJxJtUPm" performance="soloist" grossFee="565453216.36"
                     modifier="C" IPI="Juq0e.dNCEuuuqdOOptMS9ua_C_dJa" birthDate="2019-06-14Z"/>
            </Participants>
        </Record>
        <Record title="eJvSR8vjvk_KIXqbW7O" spins="1650736200" ISRC="C8179N04G734" year="7828" producer="un225" label="L7orXGvdBYEXQ"
             recordNo="HTBtnEaXcZSQB2p4Iop" serialNumber="saTFfGCJItew4IM_" isPremiere="1" usage="commercial"
             ISWC="TYTUZe7lWxouY" AKA="p6TJl0oB7b" genre="pop" broadcastedFrom="2019-03-14T11:21:16"
             broadcastedTo="2018-08-03T11:21:16" runtime="2109319210" origin="commercial" alternativeTitle="EM0_56K_8zGJScCoWkdV"
             recordedFootage="1285597334">
            <Participants>
                <Participant name="bV57VEaVampVT2" role="subscriptwriter" IPDN="VqqVBDyzB0" performance="supporting" grossFee="-482699380.79"
                     modifier="A" IPI="yEJ_HVbTHV-aoTox" birthDate="2019-03-31"/>
                <Participant name="RlZFXrklRgyH-2cry" role="scriptwriter" IPDN="PjUty2nL6Z1" performance="conductor" grossFee="1473197186.23"
                     modifier="B" IPI="nAIFlt" birthDate="2019-01-02Z"/>
                <Participant name="c4cT-ycxC8eL" role="music director" IPDN="wVbHl4HOxUdbcor5" performance="main" grossFee="450062511.65"
                     modifier="C" IPI="YCt1a5dzFMzrC" birthDate="2020-02-18"/>
                <Participant name="R8GfQ2DkEIbH_qBReg" role="arranger" IPDN="NNrvN7CDhGfYp3R-U5y_Rot2" performance="chorus master"
                     grossFee="-1811034511.09" modifier="C" IPI="XkCpYYQEKf8eqxDTx85gX-ifZlI" birthDate="2020-02-08Z"/>
                <Participant name="yFS27XhVOhr5VavTLat" role="composer" IPDN="iL5B" performance="main" grossFee="1110486185.66" modifier="B"
                     IPI="txvmQ" birthDate="2019-09-09"/>
                <Participant name="hbCGCH93r-a3" role="arranger" IPDN="wgZomkw0TU4WScNOBE8VWTVoWwlqr" performance="conductor" grossFee="161645447.70"
                     modifier="A" IPI="dTzlQnxA2jU" birthDate="2019-04-25"/>
                <Participant name="zCK3oILsN1tV1f" role="producer" IPDN="idLlLkC" performance="conductor" grossFee="1112055936.93"
                     modifier="B" IPI="dj-EpyUCq9HYhHx8qYxrYj" birthDate="2019-06-03Z"/>
                <Participant name="VBaVS8Cxf-Bn7hMP" role="arranger" IPDN="o2mtj" performance="soloist" grossFee="-1188171770.53"
                     modifier="B" IPI="wJjawmlkUq7HzZlYE4JD77b" birthDate="2018-08-13Z"/>
                <Participant name="aO1S3_6vbJ." role="sound engineer" IPDN="NaJ4ueEd38ZmlytF7g" performance="main" grossFee="796141266.29"
                     modifier="B" IPI="HX0i5O.RKt0OM9qRvhTiay" birthDate="2018-08-07"/>
                <Participant name="j" role="sound engineer" IPDN="Y" performance="soloist" grossFee="1921896748.73" modifier="B"
                     IPI="lFKXC9stU" birthDate="2020-02-18"/>
            </Participants>
        </Record>
        <Record title="ZckWsaHm-ylTXsp6I1" spins="308757709" ISRC="4VZ75Y8DIB34" year="7012" producer="ZeKvzcT" label="G"
             recordNo="wCh" serialNumber="YTo8Ajx7cAugWJzLcje" isPremiere="true" usage="commercial" ISWC="N7-m1"
             AKA="G4" genre="classical" broadcastedFrom="2020-06-15T11:21:16Z" broadcastedTo="2019-08-28T11:21:16"
             runtime="1123267630" origin="free of charge" alternativeTitle="aLVR4OmGFzP7eFnwoj1" recordedFootage="657330322">
            <Participants>
                <Participant name="H-oOhWKRPjd" role="remixer" IPDN="BaDj1OG" performance="chorus master" grossFee="1765386628.80"
                     modifier="C" IPI="b6eFcQ4kyjUdP" birthDate="2020-03-27"/>
                <Participant name="isv3Gc8" role="sound engineer" IPDN="H9dMNp5dF2wCLvPif_8U.zKM4Fd" performance="soloist" grossFee="836816522.39"
                     modifier="A" IPI="bn" birthDate="2019-06-05"/>
                <Participant name="PN_HaEe" role="arranger" IPDN="ysXIbeNuj_j-HA.sUoYexiwKsia" performance="main" grossFee="-1881984004.30"
                     modifier="A" IPI="WQShfwamizFf_iCUAcuvR4" birthDate="2019-04-10Z"/>
                <Participant name="_HtO9y" role="subscriptwriter" IPDN="IY.Uj" performance="supporting" grossFee="54474336.07" modifier="C"
                     IPI="h.Sm7s3_" birthDate="2018-09-27Z"/>
                <Participant name="x3fm7j" role="composer" IPDN="byllIh23kWSvLmCF" performance="supporting" grossFee="-1784488666.36"
                     modifier="C" IPI="DMmG-kOP_6bF" birthDate="2019-04-28"/>
                <Participant name="P50YP5PUZE" role="subscriptwriter" IPDN="c9XOeRf973Q0" performance="chorus master" grossFee="1566940285.36"
                     modifier="B" IPI="QJ1ktRtDI1IPRJetUlouqEy" birthDate="2018-10-27Z"/>
                <Participant name="DwmdNE8XwrCbJ" role="performer" IPDN="njz0OkG" performance="supporting" grossFee="942765717.56"
                     modifier="C" IPI="gFmB6p2c5Cud62BhNsIp3L1hU85sK" birthDate="2019-06-01Z"/>
                <Participant name="tkYzkhjJm4gpPekp7R1oQG4QL" role="subscriptwriter" IPDN="vc-k-UTZaJ15vhq03VLTRq4feL.i2" performance="main"
                     grossFee="-298651477.81" modifier="A" IPI="KaUaQWbJfP.JbgRWh8EJ" birthDate="2019-01-22"/>
                <Participant name="T" role="performer" IPDN="M5Rf.RcpwP2LM" performance="conductor" grossFee="-215846904.14" modifier="A"
                     IPI="nmO4iSRcgzYXDE" birthDate="2019-01-17Z"/>
                <Participant name="pCThwPbx" role="composer" IPDN="f7-tsQX" performance="supporting" grossFee="1708695450.78" modifier="C"
                     IPI="eDyF7Lw" birthDate="2018-09-15Z"/>
            </Participants>
        </Record>
        <Record title="u" spins="1502616301" ISRC="6F761SCPG2A4" year="6246" producer="th45XTU" label="Zfvv_GRmbUQk"
             recordNo="nbVilTQlT" serialNumber="n-" isPremiere="true" usage="commercial" ISWC="cj" AKA="Veei57h1UF1w.siMdV5-MHE3L"
             genre="classical" broadcastedFrom="2020-06-03T11:21:16Z" broadcastedTo="2020-03-18T11:21:16Z"
             runtime="1635771714" origin="live stream" alternativeTitle="y-Soe.Lf6ZeVZW7" recordedFootage="881355587">
            <Participants>
                <Participant name="k" role="music director" IPDN="hE21Qr9K3BTsQSeWTLNeMIXB25P" performance="supporting" grossFee="-1299577479.70"
                     modifier="C" IPI="W_H" birthDate="2020-04-25"/>
                <Participant name="X20tuOBnMd_k" role="music director" IPDN="xRegB4" performance="main" grossFee="-1172728107.04"
                     modifier="C" IPI="wuTTsac" birthDate="2020-02-16"/>
                <Participant name="e5.qQiH9XMY" role="composer" IPDN="n-P" performance="soloist" grossFee="-1543275569.82" modifier="A"
                     IPI="iY6S3Z_f3I" birthDate="2018-07-07Z"/>
                <Participant name="gg_3rFJHH" role="sound engineer" IPDN="DwOgR5CRr" performance="main" grossFee="-815996325.51"
                     modifier="A" IPI="I9-AX1_Y" birthDate="2018-07-19Z"/>
                <Participant name="yGOjuQPxFeE6KgCn" role="scriptwriter" IPDN="ApzRd6QiHovQyI0-fJ" performance="main" grossFee="1964151867.38"
                     modifier="C" IPI="lrz7oAn46hWLVyTC5WxfdNvFZP" birthDate="2018-12-26"/>
                <Participant name="kZlFo.cwfZKcHaiHQe3l0DeA_l" role="remixer" IPDN="dzIr48NVnUJR-8t" performance="main" grossFee="-680580463.97"
                     modifier="B" IPI="r-aXN" birthDate="2019-11-10"/>
                <Participant name="h4Pn" role="performer" IPDN="XzIeMU_I9MJFLEXfMi" performance="soloist" grossFee="648369646.78"
                     modifier="C" IPI="kHFP0HSoSfP4bKHnGjJAbCeX" birthDate="2018-11-17"/>
                <Participant name="h0m5uYRjE4Oi3dUyd" role="scriptwriter" IPDN="xIG-I9c6LUM6xZ7GGtmkhYHVQIaKo" performance="main"
                     grossFee="1306958123.30" modifier="B" IPI="J" birthDate="2020-06-25"/>
                <Participant name="QEtG" role="producer" IPDN="fD_d8lSy-4.qJs." performance="soloist" grossFee="855107696.49" modifier="A"
                     IPI="CVofb75bzqNB1-" birthDate="2020-06-24Z"/>
                <Participant name="re6y.eY" role="sound engineer" IPDN="l-" performance="conductor" grossFee="-1382201011.67" modifier="C"
                     IPI="LSVPl0H2FvGQdSEhIu_RPaQmAXVO" birthDate="2020-04-26Z"/>
            </Participants>
        </Record>
        <Record title="LGXoV8W_.E" spins="2058622443" ISRC="L640A57E861G" year="2323" producer="dqTK70n8r" label="Xllg.W8bJ6ppAOMJZTgGVzgx"
             recordNo="F" serialNumber="Js2PYoj" isPremiere="false" usage="commercial" ISWC="kCbEFNA5UedEic.pNY"
             AKA="uhU69R2Cc-OLUEP8o56DUzwa1K5fYE" genre="spoken word" broadcastedFrom="2019-01-10T11:21:16Z"
             broadcastedTo="2019-12-18T11:21:16" runtime="1048233257" origin="live stream" alternativeTitle="OWO"
             recordedFootage="1896866808">
            <Participants>
                <Participant name="wxJ" role="sound engineer" IPDN="V8klmL" performance="conductor" grossFee="1572968522.58" modifier="B"
                     IPI="vqQF" birthDate="2020-02-09"/>
                <Participant name="M7JhY_koc6" role="arranger" IPDN="JW8iY_5d_" performance="supporting" grossFee="13752869.91" modifier="C"
                     IPI="J1DIdYMYSOqFDfRyR6kSmP68" birthDate="2020-07-01"/>
                <Participant name="scKmLJYX" role="scriptwriter" IPDN="mwO" performance="chorus master" grossFee="-796989863.59"
                     modifier="A" IPI="jM5LtaktgYP5" birthDate="2019-04-18"/>
                <Participant name="bZpb0wUOI-RF0aVK" role="scriptwriter" IPDN="w2gd" performance="soloist" grossFee="1116499010.40"
                     modifier="B" IPI="WhS.yb.m1E_BEqmdUYSk13sTRSn" birthDate="2020-03-18"/>
                <Participant name="MM15q7eoHiREl9EnOljr" role="composer" IPDN="R6ykHp7iLpO4AY7b.PvsZe0a18" performance="soloist"
                     grossFee="-1405569086.04" modifier="B" IPI="LH96RP8FwoWWJnO6hxeLycE" birthDate="2019-11-24"/>
                <Participant name="oFjZBRnl" role="composer" IPDN="XTulWx3SP2u_f" performance="conductor" grossFee="1290539571.96"
                     modifier="A" IPI="RdfvC99An0t77Y9" birthDate="2019-01-14Z"/>
                <Participant name="lUO2kZY" role="performer" IPDN="Vh1QI8PV" performance="conductor" grossFee="-296510328.30" modifier="A"
                     IPI="UdDrz8EiIY" birthDate="2018-07-06"/>
                <Participant name="pTRdAyXd" role="scriptwriter" IPDN="J3CoHc0z9sV5W00n4pQX78pY8Bp_W" performance="main" grossFee="-1146524971.05"
                     modifier="A" IPI="ehZ" birthDate="2019-11-16Z"/>
                <Participant name="K9_oxd9rYCiQnaguOxrRqnyHx" role="remixer" IPDN="XsiVnLEwHrJLuoyHysW72JTC" performance="soloist"
                     grossFee="-230920297.15" modifier="A" IPI="q8QAlWbTU4eHnC8uMC" birthDate="2019-11-11Z"/>
                <Participant name="qRFlokeo85WPQFUV" role="producer" IPDN="WcGsot" performance="soloist" grossFee="-451835863.06"
                     modifier="A" IPI="DO8JCgEcs9rH9P.0GjJHbF" birthDate="2018-11-18"/>
            </Participants>
        </Record>
        <Record title="y1nyve4hRRwzVmdojh6H" spins="1180230772" ISRC="4R89ADZWAXB7" year="4667" producer="nj" label="ltiT4h1kHOPxtxY_2SzUx8ke-"
             recordNo="Mtsd-V" serialNumber="Y.DpVT." isPremiere="0" usage="broadcast" ISWC="fc5NJ0jd3hLSltlY9Q"
             AKA="w3qEPlFSaO2Xvw" genre="composed" broadcastedFrom="2018-07-16T11:21:16" broadcastedTo="2019-09-27T11:21:16"
             runtime="575696180" origin="live stream" alternativeTitle="oi4mj" recordedFootage="1442014843">
            <Participants>
                <Participant name="FEbg9SoDt_5.jB41kHwqO90" role="music director" IPDN="KqMA5IXufXp.3qGJgf" performance="supporting"
                     grossFee="-651973678.84" modifier="C" IPI="yDFpXMkoiMVHi_mUhL1KxQo7Ph" birthDate="2019-04-15"/>
                <Participant name="z8" role="producer" IPDN="bjo63EJig16l86dTOeGcBr7B114" performance="chorus master" grossFee="1481457325.57"
                     modifier="B" IPI="BCVMqLN8j6LWJmGO0.bW9W" birthDate="2018-07-29Z"/>
                <Participant name="IzIQ7Gv4RbnRJF6jLG" role="scriptwriter" IPDN="dquRy0y7" performance="conductor" grossFee="505135860.42"
                     modifier="A" IPI="o5oo5JW2" birthDate="2020-03-03Z"/>
                <Participant name="H6Cumqti" role="composer" IPDN="KgnJ9RbMokXWdQj" performance="main" grossFee="-1790508054.24"
                     modifier="A" IPI="Uu9zA4Xmw.7B2d31hC" birthDate="2020-04-25Z"/>
                <Participant name="yzPkbChBlwmSbeSOySqC" role="arranger" IPDN="k3UppCpcK9KZx-ZBTUX55rKiXbqlh-" performance="chorus master"
                     grossFee="1422965455.09" modifier="A" IPI="I-Pav4qHB7jcYdD-cnv5are9" birthDate="2020-06-15"/>
                <Participant name="ko8Y9Gab478" role="subscriptwriter" IPDN="r9N_MFKiFF0tfLEbNM6TbC.v" performance="supporting" grossFee="-2057836771.35"
                     modifier="A" IPI="dqRbY4YrUCZy5cTLmv_" birthDate="2019-02-23"/>
                <Participant name="u" role="music director" IPDN="ixh6h9DR2PFj7iBN8.7kguq1V1" performance="soloist" grossFee="-531057618.88"
                     modifier="B" IPI="xc" birthDate="2019-11-30Z"/>
                <Participant name="DYWXJKYV1" role="performer" IPDN="UbvyAH3uTyHCZGsoyfPiQ" performance="conductor" grossFee="1345595582.55"
                     modifier="C" IPI="VAgZpzGFMSpaIc" birthDate="2019-06-03"/>
                <Participant name="XC4Gsuwbrc1g1P_.g" role="scriptwriter" IPDN="MS5_VFB25dKbI-Y" performance="conductor" grossFee="43365857.96"
                     modifier="A" IPI="KW3OYA" birthDate="2018-11-16Z"/>
                <Participant name="ceB3CbDl1" role="subscriptwriter" IPDN="oBHCK-ggQrdq2RRkSTWVujmUc" performance="conductor" grossFee="1873438172.99"
                     modifier="B" IPI="O.9laID" birthDate="2020-02-14"/>
            </Participants>
        </Record>
        <Record title="y1PmgWsd0Z-gC523NUxNQ" spins="1219793794" ISRC="1XGNPVF6YSGC" year="8929" producer="N_htoDk4c2Eo01Qr"
             label="lp2mb_pP" recordNo="dEzdfBeWMFTaTRQde" serialNumber="DvDw.F-d6n1Fm" isPremiere="true"
             usage="broadcast" ISWC="wS3PdPO4XMEx" AKA="_Ku0nZQcpaJy-2ZY74dLyoyUzU" genre="composed"
             broadcastedFrom="2019-11-10T11:21:16Z" broadcastedTo="2018-12-29T11:21:16Z" runtime="383849904"
             origin="recorded stream" alternativeTitle="cJ" recordedFootage="820548953">
            <Participants>
                <Participant name="eOmAk.h5z9y2A6r5" role="subscriptwriter" IPDN="CXpZoM0cuIAj9PiHBI" performance="soloist" grossFee="-836841450.41"
                     modifier="A" IPI="PaI5frDw" birthDate="2019-07-05"/>
                <Participant name="agHB-TbKhRQEFAojSQ" role="composer" IPDN="w_HmjDaObnzhRWZTZjz5ZULSB" performance="conductor" grossFee="-868328199.51"
                     modifier="B" IPI="ZM4-aKlR" birthDate="2018-10-08Z"/>
                <Participant name="U_dGDUnN1g9DzrJdlTffyeRDJQKCB" role="scriptwriter" IPDN="EieICgTGPbuAAmdLL6br5F5-dsfT93" performance="chorus master"
                     grossFee="382857843.75" modifier="C" IPI="obK-4UMQ" birthDate="2018-09-22Z"/>
                <Participant name="o0VNqRxDHW3J7ph" role="producer" IPDN="qxfB1" performance="main" grossFee="1398896255.23" modifier="B"
                     IPI="k1gM.fI-Y" birthDate="2019-03-27"/>
                <Participant name="qDrjw" role="subscriptwriter" IPDN="f65tFwiBlkOL7y-kD34P52" performance="main" grossFee="1808402722.18"
                     modifier="A" IPI="ceuSYyCpLCMnrJOBs_soC" birthDate="2020-05-14"/>
                <Participant name="VaChGkkncA8vdvn" role="composer" IPDN="Ii" performance="conductor" grossFee="991778726.94" modifier="C"
                     IPI="KyyK" birthDate="2019-07-06Z"/>
                <Participant name="wyrx8OkhV6LcUu9" role="scriptwriter" IPDN="CkC02qFI4orKGPkarV" performance="soloist" grossFee="-1535379318.82"
                     modifier="A" IPI="pjcEU5hxXYxFgTZNP2WlhUDioYQxJf" birthDate="2019-02-12"/>
                <Participant name="B459Nt03P7gyVZL_LtbSptu" role="sound engineer" IPDN="kWSeQhfEtP4ghsh" performance="soloist" grossFee="983334627.15"
                     modifier="A" IPI="fUbdJLP5k_TZ-iV" birthDate="2019-06-25"/>
                <Participant name="A5W" role="performer" IPDN="M3ETKmo." performance="conductor" grossFee="1943208658.93" modifier="A"
                     IPI="QfL" birthDate="2018-09-01Z"/>
                <Participant name="pjEuO7Y-Qm" role="subscriptwriter" IPDN="X" performance="conductor" grossFee="-519628052.99" modifier="C"
                     IPI="sXAFqXJQIofn83d" birthDate="2020-03-14"/>
            </Participants>
        </Record>
        <Record title="t_zTh3" spins="1267475735" ISRC="7O674AY32X21" year="6899" producer="Ljxk3EgEPZywVpy1xRF75TyoVB"
             label="A2BU" recordNo="UyGI.ceQ7xpgxakX9BAlVNo" serialNumber="tn" isPremiere="false" usage="broadcast"
             ISWC="Gga0tc" AKA="yRT3-KQ_" genre="composed" broadcastedFrom="2019-11-22T11:21:16" broadcastedTo="2020-03-07T11:21:16Z"
             runtime="1711357950" origin="report" alternativeTitle="h-_8" recordedFootage="41442338">
            <Participants>
                <Participant name="dVqGJpR9TbQ9sWTqGYEDU" role="music director" IPDN="WmWqrTQSf" performance="main" grossFee="-211660148.51"
                     modifier="A" IPI="Z10r0uLc" birthDate="2020-01-23"/>
                <Participant name="_dtwpH3p" role="producer" IPDN="oNn" performance="soloist" grossFee="521895283.54" modifier="C"
                     IPI="R1dVeHb" birthDate="2018-10-25Z"/>
                <Participant name="f6fokxK0VSSc9" role="composer" IPDN="TNb1GNKhKUt8QBwentiJ" performance="conductor" grossFee="33043312.13"
                     modifier="C" IPI="g" birthDate="2020-04-05Z"/>
                <Participant name="AST309XQVnl-AFRt1Xy3Yiy.wS7n8" role="performer" IPDN="v_mOz_YFNu7cs." performance="conductor"
                     grossFee="670220257.86" modifier="C" IPI="MH8b7sdW_kBeHNaDQQWuhv7UO" birthDate="2019-04-25"/>
                <Participant name="FNFzNOMK08O_TgNoB9bqx" role="remixer" IPDN="F6n6ctPCu3Ehtm" performance="chorus master" grossFee="807757743.14"
                     modifier="A" IPI="ZMSdLWkKck5j6VhBb" birthDate="2019-09-27Z"/>
                <Participant name="HKAwdXQX.OOU" role="subscriptwriter" IPDN="HVW" performance="conductor" grossFee="1216438431.82"
                     modifier="A" IPI="isMN2SPDZeyiQLmNlax" birthDate="2018-10-18"/>
                <Participant name="sbOFPv9NPx6Fh9W5_j4oiI7" role="sound engineer" IPDN="lbcCXixi7zSVGOhd-esSEy" performance="supporting"
                     grossFee="1892390471.76" modifier="C" IPI="OBCMVT3es" birthDate="2020-05-30"/>
                <Participant name="Kwjgay" role="music director" IPDN="g.Rz_my09g" performance="supporting" grossFee="-94118441.97"
                     modifier="A" IPI="fzMQm_xK9TM57JejnQm.Bffcd" birthDate="2018-11-29"/>
                <Participant name="lBd3yU" role="composer" IPDN="zWYy.IxKq30KKpM42JZzvfZX" performance="conductor" grossFee="1018839318.59"
                     modifier="A" IPI="ET_RzIwGux1I_8WJZjqc_tl83hu" birthDate="2019-11-17Z"/>
                <Participant name="D93n_Yml891sNrSUopP-HYvPz" role="music director" IPDN="B2A1JogwOpSxyVS-tDQ8P" performance="conductor"
                     grossFee="321764757.87" modifier="B" IPI="H_QqBi3MKOtfYM7xNXI.uC" birthDate="2019-07-20"/>
            </Participants>
        </Record>
        <Record title="V-wCT9F5KS2" spins="1399107438" ISRC="010QB99L5VWS" year="9331" producer="G" label="aQAjYbzb"
             recordNo="jDCf" serialNumber="S" isPremiere="true" usage="jingle" ISWC="nIDtRLHrk" AKA="APCx8wowm.xAMK93uSc"
             genre="spoken word" broadcastedFrom="2020-02-29T11:21:16" broadcastedTo="2019-10-28T11:21:16"
             runtime="1556400186" origin="live broadcasting" alternativeTitle="w0Wa-lj" recordedFootage="122173065">
            <Participants>
                <Participant name="IpxetXOGHuSDMDR.xcuT" role="music director" IPDN="X-07IFP0V48WylND7jT5Iq" performance="chorus master"
                     grossFee="443903981.95" modifier="A" IPI="jOTH-9JVzpb" birthDate="2018-10-31"/>
                <Participant name="f16Vcuw7MqFNE1RIZ-KluC" role="composer" IPDN="jpjQ" performance="soloist" grossFee="-1560073902.81"
                     modifier="C" IPI="YoXmkGeP" birthDate="2018-08-29"/>
                <Participant name="JyAZiC1OzSuhZ10_" role="sound engineer" IPDN="d5a0T3RH9y0PYs2tw6W" performance="supporting" grossFee="-2018760233.45"
                     modifier="B" IPI="gTTYQaUj3kV8Jpd4" birthDate="2019-08-10Z"/>
                <Participant name="nr0daDbyi.k" role="sound engineer" IPDN="IBcI3IMM" performance="conductor" grossFee="-1574169328.23"
                     modifier="A" IPI="YfH.zoQb" birthDate="2019-06-19Z"/>
                <Participant name="asDNFRqIyAA3sDq" role="composer" IPDN="S" performance="chorus master" grossFee="1539382919.53"
                     modifier="C" IPI="l-l5Ycr9vZcNrKOOT1" birthDate="2019-01-17Z"/>
                <Participant name="TcTnfpb7IyP43XdibGa.u" role="sound engineer" IPDN="XFS_-nuZOI1DQfvmQ" performance="conductor"
                     grossFee="-1823482239.45" modifier="C" IPI="QtH" birthDate="2020-06-11Z"/>
                <Participant name="ocr11kXA4MBSnLCWyu" role="composer" IPDN="_v7" performance="chorus master" grossFee="1411211392.74"
                     modifier="C" IPI="U3hi2" birthDate="2018-09-30Z"/>
                <Participant name="Qz5-End-7LiaapsF1O.nzcFNCgih" role="scriptwriter" IPDN="K" performance="main" grossFee="1476321703.76"
                     modifier="C" IPI="dP" birthDate="2020-01-02Z"/>
                <Participant name="nMxc10eyQ9bKs638wIhPRur" role="performer" IPDN="iVNnj" performance="conductor" grossFee="1935638071.37"
                     modifier="C" IPI="g-HZyu" birthDate="2019-10-24Z"/>
                <Participant name="_p2dcBbJSAsa" role="subscriptwriter" IPDN="lnx5pc5eeAhZPt2-k050GK" performance="soloist" grossFee="-1335311475.47"
                     modifier="A" IPI="qci" birthDate="2019-02-17Z"/>
            </Participants>
        </Record>
    </Record>
    <Record title="qQ.bS" spins="828480939" ISRC="B98D884747C9" year="8695" producer="YWYBYFd9fm-" label="R_aveG"
         recordNo="QRg-5x9BAwMQeALZai8NknwL" serialNumber="tH.hgtfA6x8n" isPremiere="1" usage="commercial"
         ISWC="lvCF" AKA="_kn" genre="jingle" broadcastedFrom="2020-04-17T11:21:16" broadcastedTo="2019-12-30T11:21:16"
         runtime="204480502" origin="report" alternativeTitle="gpt4qM8GAN-Sy2fJVKhNEI7LaVuM" recordedFootage="779371265">
        <Participants>
            <Participant name="P" role="scriptwriter" IPDN="MFWB_7SJe6QMImfZfmCc" performance="supporting" grossFee="1888028951.91"
                 modifier="A" IPI="ljJKIlEOSEp8PGHFy" birthDate="2018-09-24"/>
            <Participant name="XxX6a1Fl8wP8zCxW8u" role="remixer" IPDN="wtf8AXyvr6" performance="supporting" grossFee="-902481902.87"
                 modifier="A" IPI="OwIrIPpIMmCMadXw" birthDate="2019-03-04Z"/>
            <Participant name="UkKVSJO-FX" role="scriptwriter" IPDN="Yo2N3p.O" performance="main" grossFee="861798193.60" modifier="B"
                 IPI="T4PMwFtCLurdXAKic6o1nd" birthDate="2020-06-08Z"/>
            <Participant name="zcUNeQV48Nq_zyNeD" role="remixer" IPDN="ULGTsTyGXsWiU9nF" performance="conductor" grossFee="1918131710.67"
                 modifier="B" IPI="pKNMaB0VM-fXk" birthDate="2018-12-15"/>
            <Participant name="i3" role="composer" IPDN="A7Qxfqqe" performance="supporting" grossFee="630307849.52" modifier="B"
                 IPI="A" birthDate="2020-01-20"/>
            <Participant name="ZN-gWygdagvHBTk.O_Gii" role="composer" IPDN="xJ4wuNo5RwdZFpht" performance="soloist" grossFee="-917502830.13"
                 modifier="C" IPI="a_g_rKY_" birthDate="2019-04-02"/>
            <Participant name="O5J0wRT2dRhvpy3mm" role="remixer" IPDN="hOgk_fTmFMsB" performance="soloist" grossFee="-1271416210.91"
                 modifier="C" IPI="hooiMjDu3-vh." birthDate="2020-02-25"/>
            <Participant name="AMAzD6EXCufhogei.-fwZp3I" role="scriptwriter" IPDN="YiYQNJVfReSQ3Ick-fUCy7Y.i6Fzz" performance="soloist"
                 grossFee="563667286.33" modifier="B" IPI="hxnSxUrLlw6g6-Y0yO6QUUkrSeyPV" birthDate="2018-09-16Z"/>
            <Participant name="M9CDnDCxff-6QbLl6" role="remixer" IPDN="_wEaNKuLIJHnoQ61YhbobIBP" performance="chorus master"
                 grossFee="1652374087.52" modifier="C" IPI="RgAWX" birthDate="2018-08-20Z"/>
            <Participant name="Nva." role="music director" IPDN="a368h.jVYY3xKVK5e6ZD" performance="supporting" grossFee="-1025873272.81"
                 modifier="A" IPI="XVLf2sCd8n7DO72yjl4aygtWG" birthDate="2019-09-22Z"/>
        </Participants>
        <Record title="JI4DbA66yWO2KTjSaEet7bh5LWSSmb" spins="1550735850" ISRC="Q3GYL5CCMB76" year="7049" producer="TCR2LUlSJS"
             label="t4S" recordNo="Q5Jhb" serialNumber="jUUUkl1BDvtPPBQ6iDg2dMC.9p_" isPremiere="false"
             usage="jingle" ISWC="XwZjMAxD" AKA="dFdreobdBoM0RBUHk" genre="commercial" broadcastedFrom="2020-06-18T11:21:16"
             broadcastedTo="2019-08-07T11:21:16Z" runtime="796272088" origin="recorded stream" alternativeTitle="OxDoMMkYnaOaW5MJbsHPBsIGO_a"
             recordedFootage="1182353994">
            <Participants>
                <Participant name="uUsQ5B4MujVMEqeFI" role="remixer" IPDN="y5eEFK.BmTWrE8SV9hIykJ5MuF0ve" performance="soloist" grossFee="-913953337.13"
                     modifier="B" IPI="jeiyRVStHLVr6DWdP5K5WpS0lD" birthDate="2018-08-08"/>
                <Participant name="H3soBMB2kD" role="performer" IPDN="MhziQZ" performance="soloist" grossFee="426096602.19" modifier="B"
                     IPI="SHa76" birthDate="2019-07-28"/>
                <Participant name="v4vRZN" role="subscriptwriter" IPDN="Ig" performance="chorus master" grossFee="-117384336.45"
                     modifier="C" IPI="GvBOO" birthDate="2019-05-29Z"/>
                <Participant name="M8xcD5DPxprtu" role="music director" IPDN="OLvxQIvCoAOD.3" performance="soloist" grossFee="1011855605.21"
                     modifier="B" IPI="DYwPM1Lu" birthDate="2019-05-16"/>
                <Participant name="KWaINcMC-s3ZfSjS0Mnmb1qU1ttJ" role="producer" IPDN="Lis4kz602WUa4" performance="supporting" grossFee="1622977152.24"
                     modifier="B" IPI="IRkqa6Z3w" birthDate="2018-10-05Z"/>
                <Participant name="MecF2MomUIoyRpluYJZM" role="sound engineer" IPDN="_kFEl-sTVBIL-" performance="soloist" grossFee="133546006.84"
                     modifier="A" IPI="DRUo2bJ" birthDate="2019-07-12Z"/>
                <Participant name="VVFH" role="scriptwriter" IPDN="RZSpadP.HcOp_JIpAw6zejW_P" performance="supporting" grossFee="1568431511.94"
                     modifier="C" IPI="zZICgXP" birthDate="2019-08-29Z"/>
                <Participant name="S2V" role="music director" IPDN="dUjHH6p.jhJzM3mKz" performance="supporting" grossFee="-583778534.30"
                     modifier="B" IPI="HvuK" birthDate="2018-08-29Z"/>
                <Participant name="II" role="music director" IPDN="Z6rMwJL" performance="main" grossFee="-728784873.33" modifier="C"
                     IPI="rN6zxPvq92ZwGvNz" birthDate="2020-02-09"/>
                <Participant name="TLcHYTqiX" role="subscriptwriter" IPDN="JSXyA-nPM" performance="soloist" grossFee="270794987.17"
                     modifier="B" IPI="RCadWs" birthDate="2019-02-17Z"/>
            </Participants>
        </Record>
        <Record title="Nqrd0" spins="1002570539" ISRC="5Q0658251G43" year="6872" producer="SysE69VoY8XokAiLpA9jH" label="Hr3L8cx_Ar6Jg"
             recordNo="nT5" serialNumber="S9" isPremiere="1" usage="commercial" ISWC="Or3hy9mDWVLx" AKA="GVZSfiVBp_BxX9h5nMXaXpyj"
             genre="classical" broadcastedFrom="2019-06-05T11:21:16" broadcastedTo="2019-06-20T11:21:16"
             runtime="1001792574" origin="recorded stream" alternativeTitle="PoJEOH0rLwdrWtm0s7dgrp"
             recordedFootage="2031359224">
            <Participants>
                <Participant name="fpFt0KbBsSiR-.Q" role="performer" IPDN="HagklAAImOfef" performance="main" grossFee="-666114511.80"
                     modifier="A" IPI="mTce4hK4mLnwhA4ajhF" birthDate="2019-11-01"/>
                <Participant name="B8nOQ0sRGz2YSm_2k-THmJPVACPbK." role="remixer" IPDN="MsqTTbovYlA2eyZ_" performance="soloist" grossFee="-1723216835.19"
                     modifier="B" IPI="Jl_37Tf" birthDate="2020-03-15"/>
                <Participant name="Urux1f42tB.AYZu4RPfPMwXoat" role="producer" IPDN="voqB8MsoZ" performance="soloist" grossFee="-410385650.30"
                     modifier="B" IPI="c.jMiXh0z5rFliqI" birthDate="2019-11-26Z"/>
                <Participant name="g8.qmVycN6_TO8i9nLCNktf" role="subscriptwriter" IPDN="XwoUYlohQf8n" performance="supporting" grossFee="1850807155.56"
                     modifier="C" IPI="_xvLVRMWKE_jYKhwQ5P.EDwGR5" birthDate="2020-03-14Z"/>
                <Participant name="OErX9eKzHOV03LgdeXA6CC_tOp1b4l" role="producer" IPDN="EpvYID7" performance="chorus master" grossFee="-10652611.08"
                     modifier="B" IPI="InkOWNMbmYRhSRJsIwvI6GMt-" birthDate="2018-08-16Z"/>
                <Participant name="Q.J" role="sound engineer" IPDN="Zal" performance="chorus master" grossFee="-1351870465.05" modifier="B"
                     IPI="T9NBI" birthDate="2019-12-31Z"/>
                <Participant name="bouc1gOBL2dTfMm" role="sound engineer" IPDN="p" performance="conductor" grossFee="-189388343.03"
                     modifier="B" IPI="c_x5fvyM98sACbKj7IVc74j" birthDate="2019-09-04Z"/>
                <Participant name="vVlxXJskGprW-mvdaXlIYB5Lc6" role="subscriptwriter" IPDN="ec-" performance="chorus master" grossFee="62073223.73"
                     modifier="B" IPI="r_vz508M2vV7WRccVQC0yK" birthDate="2018-08-03"/>
                <Participant name="z5tO43" role="subscriptwriter" IPDN="CKYSs" performance="soloist" grossFee="1875161878.82" modifier="B"
                     IPI="f" birthDate="2018-07-31"/>
                <Participant name="CMjbi1nLwbnti5kROFxDm3ss7jY-bt" role="producer" IPDN="w._ZFxFNruNzz5RA" performance="main" grossFee="2139029083.42"
                     modifier="B" IPI="jdoNWScYcZkTOXBs" birthDate="2019-01-07"/>
            </Participants>
        </Record>
        <Record title="nUki8j4F7JyGR2L7" spins="1557621180" ISRC="GACNH0L06SY8" year="6797" producer="uGnOkr9b" label="dqm2DKkNKevediXPDkcGh"
             recordNo="r1kcHai.KuMklkP1ab" serialNumber="KNiKIqqbSei_eRZMJL-Rc8Ny_GQ8o" isPremiere="false"
             usage="jingle" ISWC="tH25vdJ6" AKA="l6a7lYZznO1_BzZQxWhcziPEsK_Q" genre="commercial" broadcastedFrom="2018-12-06T11:21:16Z"
             broadcastedTo="2020-02-20T11:21:16Z" runtime="1044413053" origin="report" alternativeTitle="DUrh3v-JZQ"
             recordedFootage="745153535">
            <Participants>
                <Participant name="TRnacB.LU_zo_GjLufawiO9" role="music director" IPDN="KctLYqnBP6E" performance="conductor" grossFee="1849463006.00"
                     modifier="B" IPI="D" birthDate="2020-05-22"/>
                <Participant name="X" role="remixer" IPDN="pmn4B5hvkvZ" performance="soloist" grossFee="644859154.60" modifier="C"
                     IPI="jQ_jOUCy.nfHGH2F.9C_FhMm5D" birthDate="2019-05-09"/>
                <Participant name="V" role="composer" IPDN="T" performance="conductor" grossFee="753973675.14" modifier="B" IPI="MH8Ruk_mxP3_GklETZry1rPv_iZnt"
                     birthDate="2020-05-12Z"/>
                <Participant name="G" role="performer" IPDN="o7lWNSI0G-.EuJVXrjT6p0v3x" performance="soloist" grossFee="832767165.34"
                     modifier="C" IPI="C88LLGb59_-4blC3tDA" birthDate="2019-05-05"/>
                <Participant name="LbTBpvd6Vq8" role="performer" IPDN="UfazYUONiC" performance="chorus master" grossFee="1797145858.30"
                     modifier="B" IPI="re_7yxgvuFrO95sW0VuBRW9.o5I" birthDate="2019-05-05"/>
                <Participant name="keP" role="remixer" IPDN="bdl" performance="conductor" grossFee="322860871.54" modifier="C" IPI="Zl8rIqEsfxVBK3"
                     birthDate="2020-06-27Z"/>
                <Participant name="woU8Fj7pM" role="composer" IPDN="DnXNESe-C" performance="main" grossFee="1909063062.14" modifier="A"
                     IPI="wDNfuq73uDSOas" birthDate="2020-01-14"/>
                <Participant name="epQL__rV6" role="performer" IPDN="vAe5" performance="soloist" grossFee="558782852.37" modifier="A"
                     IPI="E._Z" birthDate="2018-10-15Z"/>
                <Participant name="LWgBjQKRAB_cAg8V.jSZ" role="music director" IPDN="Hr" performance="chorus master" grossFee="984977037.09"
                     modifier="A" IPI="q" birthDate="2019-08-01"/>
                <Participant name="kQkFx" role="sound engineer" IPDN="TbrGSkqwXmlZs2dDRQ" performance="supporting" grossFee="-651147438.26"
                     modifier="B" IPI="GUB1g23-Okb2kle-c" birthDate="2018-11-19Z"/>
            </Participants>
        </Record>
        <Record title="rn6ShCp7Xa-2-uaeAMqDgi_" spins="1812284696" ISRC="T6U024R5120L" year="6461" producer="Eebhy4kLQ"
             label="l_EXC4w1S" recordNo="KzeEMWqqjzzMotp5D44Fq5S2VX1" serialNumber="V8.5HfE" isPremiere="true"
             usage="commercial" ISWC="lkzXin1hSo6VOkyZb0KG" AKA="drlcia" genre="composed" broadcastedFrom="2019-03-04T11:21:16Z"
             broadcastedTo="2018-08-02T11:21:16" runtime="770158298" origin="free usage" alternativeTitle="iBYlMj23o8vD"
             recordedFootage="1985533340">
            <Participants>
                <Participant name="uOuRbd-Foac64RrarvBsh.1zf" role="subscriptwriter" IPDN="WvDeaa" performance="conductor" grossFee="1524105833.09"
                     modifier="C" IPI="TTUc16SwWyEWcV2RCeiib" birthDate="2019-10-05"/>
                <Participant name="xyI-hF.eh" role="arranger" IPDN="Narrig4TLiIbV16z1O.Q9qeuuw" performance="main" grossFee="248282652.33"
                     modifier="B" IPI="L8IV-D2YRvCsUakd1a6FYN3A" birthDate="2019-01-11"/>
                <Participant name="n5eO26JvOj1-u7H9l" role="arranger" IPDN="uE2tFwXvNR1oIO9A" performance="chorus master" grossFee="-848790630.54"
                     modifier="C" IPI="r" birthDate="2019-05-22"/>
                <Participant name="BvYO" role="composer" IPDN="lEVR8.nNpdcz" performance="supporting" grossFee="-38390689.50" modifier="B"
                     IPI="R92ZTFwrbaxodS.Mcxz5z_1" birthDate="2019-09-16"/>
                <Participant name="JudS7_jX0bKf3oEFhsBEHaPyBGW9" role="music director" IPDN="Whdpa" performance="chorus master" grossFee="-346096046.18"
                     modifier="C" IPI="lcvUpznESUxKh39ZYUHKCehE0AVqJ" birthDate="2018-08-07"/>
                <Participant name="jS3Q0-cW1g1A7Emc0" role="composer" IPDN="wgC0CaYLed4VaCNWYoNiJQ1l0syHr" performance="soloist"
                     grossFee="-1711121679.89" modifier="C" IPI="dBRSvPlinJ1G-O_wJc.Y36kjg1" birthDate="2019-04-03Z"/>
                <Participant name="B-f_jXzdOJ.zKQlNib-CXWCk-" role="performer" IPDN="z6_2vyiBv" performance="conductor" grossFee="683298436.09"
                     modifier="A" IPI="t8GAhLleTx-E5WlUZgM" birthDate="2019-09-22"/>
                <Participant name="fjvyl" role="remixer" IPDN="aSrV.LIPr" performance="supporting" grossFee="-1502331031.54" modifier="A"
                     IPI="V0L3WNy7lzxp1dzkR7KG7usry" birthDate="2020-03-13Z"/>
                <Participant name="iU2Ow.3eqhXVo9xYlscx" role="producer" IPDN="gz0B23TQfQ9fvhckBC.1Eh" performance="conductor" grossFee="-448684902.90"
                     modifier="A" IPI="o2XQHW" birthDate="2020-03-21"/>
                <Participant name="Ndt7N0aQig" role="remixer" IPDN="Dk-yd5XgvIrfLmh4urujG65tEN" performance="chorus master" grossFee="2083397462.83"
                     modifier="C" IPI="yDlUc26qoub0uB9.vKL" birthDate="2018-08-01Z"/>
            </Participants>
        </Record>
        <Record title="dZ5-i3.uXUXaN1xgNJrW4Utpoq" spins="2041759768" ISRC="6191FH3PLQQ7" year="7990" producer="v" label="OIgwdGoq9KKq-w_7B"
             recordNo="fpnbjFzypU" serialNumber="Va4GK5MqV6" isPremiere="1" usage="jingle" ISWC="NtzoVKo1JGMPFUH"
             AKA="KPoK5X.P47Xi9cTZeIkS0Byua3wVa" genre="pop" broadcastedFrom="2019-08-17T11:21:16" broadcastedTo="2019-11-04T11:21:16"
             runtime="39753774" origin="live stream" alternativeTitle="e" recordedFootage="1817885407">
            <Participants>
                <Participant name="TkcdAiBNFtOBAypHInJ" role="music director" IPDN="xKRSf311z5OWFrsXk7yz" performance="soloist" grossFee="559995812.45"
                     modifier="A" IPI="Kd3U6-qTqVfCHYw_KqCP.8." birthDate="2018-12-01Z"/>
                <Participant name="QqIs3agkbbXm8SeW" role="sound engineer" IPDN="CDJBFa91u6huSTtHld" performance="conductor" grossFee="2122865541.05"
                     modifier="A" IPI="CdMo_oFQ4kY4mm32doLgb6h4" birthDate="2018-08-16"/>
                <Participant name="uU2j29sYCT_rYMthIqJdyczHAn-" role="performer" IPDN="pS.hIj_Jm" performance="supporting" grossFee="-1996127238.82"
                     modifier="A" IPI="ohmiKtQWh61cR" birthDate="2018-09-07"/>
                <Participant name="wzl7ua1d6cXyJWK" role="performer" IPDN="wwU.0zo7ls" performance="chorus master" grossFee="-869597925.59"
                     modifier="C" IPI="egIu" birthDate="2019-06-22Z"/>
                <Participant name="Y6Knq1e8mnoV7F0was5876" role="subscriptwriter" IPDN="lBzZ4Zu9s6L8XmSY4J_BKi.ti0ap" performance="supporting"
                     grossFee="-220033565.69" modifier="C" IPI="XBbTbmD_pRCQt4ZPPoPUn4.JEwR" birthDate="2020-04-29Z"/>
                <Participant name="V2BF0klRkoHC1z6FTpb8M1AxhXig" role="sound engineer" IPDN="rOw" performance="soloist" grossFee="-1271314577.08"
                     modifier="B" IPI="KmY" birthDate="2019-08-21"/>
                <Participant name="ebIoDqL7BsBm-hu" role="remixer" IPDN="tJej" performance="supporting" grossFee="116693856.48" modifier="B"
                     IPI="v4l.p3" birthDate="2020-02-13Z"/>
                <Participant name="b.Lola1On2YvNM2Lzzp-a3w" role="subscriptwriter" IPDN="oS26I_D" performance="chorus master" grossFee="2064855817.38"
                     modifier="B" IPI="nW" birthDate="2019-02-26"/>
                <Participant name="D" role="composer" IPDN="XhlTh" performance="chorus master" grossFee="2095273518.35" modifier="A"
                     IPI="sUe" birthDate="2019-03-05Z"/>
                <Participant name="_V" role="music director" IPDN="qIwYzOW" performance="chorus master" grossFee="490726373.94" modifier="A"
                     IPI="xzf3gdv" birthDate="2020-02-04Z"/>
            </Participants>
        </Record>
        <Record title="qife_A0I2x705DsP8ujgdcKPN" spins="2132721637" ISRC="1WW973NB04N6" year="5271" producer="pjA"
             label="u4ksPmrI2c8Atcl" recordNo="BEOpJB9" serialNumber="m-uOBVlXAcEvK" isPremiere="false"
             usage="broadcast" ISWC="Z33" AKA="j.d" genre="jingle" broadcastedFrom="2018-12-23T11:21:16"
             broadcastedTo="2020-06-04T11:21:16Z" runtime="809683040" origin="commercial" alternativeTitle="iogbm58PmyN.E90MF5KZao0g6Y"
             recordedFootage="1769212456">
            <Participants>
                <Participant name="mz7_td2u7p" role="scriptwriter" IPDN="nSpTzw1GzZWVhAb1" performance="conductor" grossFee="-1632947360.20"
                     modifier="C" IPI="FuIajnXEzs.k" birthDate="2020-06-09"/>
                <Participant name="OrOvHGYbZkwC6RAL" role="music director" IPDN="FC4gyg2kpsQNm" performance="supporting" grossFee="1720994810.57"
                     modifier="A" IPI="j_5j" birthDate="2018-07-18"/>
                <Participant name="b9" role="producer" IPDN="lY" performance="conductor" grossFee="1735485447.17" modifier="B" IPI="S-70YWTxq7Tbc7ZIdnC9FZ3vb53wL"
                     birthDate="2018-08-19Z"/>
                <Participant name="bDNsEekQXeF" role="composer" IPDN="AJ7r" performance="supporting" grossFee="-1809721728.71" modifier="C"
                     IPI="OT6.8pj-W.Nfe09xEQ2l.ngvK" birthDate="2019-07-22"/>
                <Participant name="jqym-elwK1e3b" role="arranger" IPDN="NQF_z" performance="conductor" grossFee="1789669085.31" modifier="C"
                     IPI="HATw8bUVB3nBIQE" birthDate="2019-12-11Z"/>
                <Participant name="HyEuC.eYdNmd.wKwC4O" role="subscriptwriter" IPDN="Lty_IcFPz7eKz6Kkp.6b.OHy25QTTG" performance="chorus master"
                     grossFee="1080727920.97" modifier="A" IPI="fxMqsf" birthDate="2019-08-16Z"/>
                <Participant name="fOBJzpW" role="arranger" IPDN="pRybf-EaU99" performance="chorus master" grossFee="87492527.68"
                     modifier="C" IPI="QYbGKGu8s" birthDate="2019-03-04Z"/>
                <Participant name="XRf3-Nx61srLAwKLFWM" role="music director" IPDN="FKZdbtG5YK7DLK" performance="main" grossFee="476217638.00"
                     modifier="B" IPI="rFhMZVV0uDR6dLLavvGp6hljACm" birthDate="2018-12-19Z"/>
                <Participant name="CGsgMhS2yD.HolIhIjp9LwX7h9" role="subscriptwriter" IPDN="uB2ODk00m6.DBAPEGlL3iLCMg" performance="chorus master"
                     grossFee="783709295.13" modifier="B" IPI="LO.5r5l9o1G9oq5JsW4Zzg8IsoU" birthDate="2018-12-20Z"/>
                <Participant name="tN" role="sound engineer" IPDN="jqGAvdYVAlpzYPK" performance="main" grossFee="-1708947469.72"
                     modifier="B" IPI="wDymGsu1rTNv" birthDate="2019-06-17"/>
            </Participants>
        </Record>
        <Record title="Vq110QAZlT0K6-I4w0" spins="1518804093" ISRC="VHVRO107MQGU" year="3917" producer="at.2UkThAq_9wU6q"
             label="auwN6k0wIxYubiGl1-sS" recordNo="u4A1JMVEa1PDq8sECv7jHwkxsMFdh" serialNumber="WsHvp"
             isPremiere="0" usage="broadcast" ISWC="j-" AKA="sMogKvl" genre="jingle" broadcastedFrom="2020-05-22T11:21:16"
             broadcastedTo="2019-11-02T11:21:16Z" runtime="752768697" origin="live stream" alternativeTitle="ISLPEMWqirLv"
             recordedFootage="813976015">
            <Participants>
                <Participant name="sE9h7mrjr_UevUP" role="composer" IPDN="_veurvEI0uw" performance="soloist" grossFee="-486696747.56"
                     modifier="B" IPI="aCTBq1pZa0dcuITOs1-Sz" birthDate="2018-10-19"/>
                <Participant name="f25UneTqyoF6A1XRkHMUZZ5HvxZl8" role="producer" IPDN="hYEd9Wnj3neDh8q-MrLUFwCBIA8fG" performance="supporting"
                     grossFee="564108540.40" modifier="C" IPI="FwU4" birthDate="2018-09-03"/>
                <Participant name="ZkRqZ-f" role="producer" IPDN="zXKctKElQ04oMzwZqMOu6T8LAllc" performance="soloist" grossFee="-471122919.74"
                     modifier="A" IPI="oSloJb1MD5Qw_nU_" birthDate="2020-06-23Z"/>
                <Participant name="RcrdfFtMHvh21FQ7ztvBzJeZ1bR" role="sound engineer" IPDN="C" performance="chorus master" grossFee="-1498866941.15"
                     modifier="C" IPI="lgvH-EjZIx" birthDate="2020-01-28"/>
                <Participant name="exmXV3KwISmUVyI8dCcyns" role="arranger" IPDN="l6U9GCRl8VrKvFc.w7" performance="main" grossFee="311597720.12"
                     modifier="B" IPI="Yp54cw55TKX8.m" birthDate="2020-02-16Z"/>
                <Participant name="VSyybBDECrB6oTEy9" role="producer" IPDN="yZab.nV0l9Mrjbzjh" performance="supporting" grossFee="-614538248.51"
                     modifier="C" IPI="kFHfNgya4RdG9Q74C.lu9JoU1g" birthDate="2019-09-01Z"/>
                <Participant name="Y9c53c8dd07Q6cI" role="music director" IPDN="f_9cu5Vt6d32mxu-batxgYTpc1jIJa" performance="conductor"
                     grossFee="1503247844.20" modifier="A" IPI="BuCBR.vybW1pRG8l" birthDate="2020-05-06Z"/>
                <Participant name="ifghB86o-6Ad.3yi" role="producer" IPDN="PfM" performance="supporting" grossFee="2008076587.59"
                     modifier="C" IPI="NTw7s4omJEEGDXmdFcKl" birthDate="2018-11-26"/>
                <Participant name="EnM60F7X41AVQX" role="remixer" IPDN="tkq-qEcL5A-5z6d6VO-" performance="soloist" grossFee="-203351657.36"
                     modifier="C" IPI="rbOsm" birthDate="2019-02-02"/>
                <Participant name="MoEgID4QVavPAIjPF" role="sound engineer" IPDN="yzGvQ31eM2fp" performance="chorus master" grossFee="-619206454.92"
                     modifier="B" IPI="uk8Mmfq" birthDate="2019-03-15"/>
            </Participants>
        </Record>
        <Record title="qXyPXf" spins="128251318" ISRC="COL5ESZEB6X6" year="8418" producer="St2THGxnKYV-v8Il8DKmJoeu-O"
             label="J5-Qqp6rb5Jex.glDFUE__Wm5" recordNo="TQhh9kGeZ" serialNumber="QpCvRdvMmegbIwLSKS1oC91eq"
             isPremiere="1" usage="jingle" ISWC="SY_6_VN_yepuyo" AKA="rylII" genre="classical" broadcastedFrom="2019-11-25T11:21:16"
             broadcastedTo="2020-02-20T11:21:16" runtime="2116383836" origin="commercial" alternativeTitle="mmsxbl4fSJjL_X-Ruv"
             recordedFootage="1338977067">
            <Participants>
                <Participant name="Yha7b" role="music director" IPDN="ZCVN" performance="main" grossFee="631515220.10" modifier="A"
                     IPI="g5AoK06.4APJTjnB8p0P" birthDate="2019-04-21Z"/>
                <Participant name="ZdDJ" role="subscriptwriter" IPDN="wUslGsB" performance="conductor" grossFee="-2091611324.27"
                     modifier="B" IPI="b.8bEBENtCd-Z" birthDate="2020-05-11Z"/>
                <Participant name="QTeT6QZoye7GKpjIi917cAIDAUI8" role="producer" IPDN="K3SANB0s8mab2iEfE4gg.8BMIKxd0" performance="main"
                     grossFee="-120090721.04" modifier="B" IPI="c95d_tU4R43TxWMwg" birthDate="2019-04-04Z"/>
                <Participant name="jxkmlxx" role="scriptwriter" IPDN="x2S1EuS" performance="supporting" grossFee="393783213.26" modifier="A"
                     IPI="RpBEhYA" birthDate="2018-09-20"/>
                <Participant name="qCMeuAT" role="producer" IPDN="WIb6kHa6jCcEaD" performance="chorus master" grossFee="1290909469.47"
                     modifier="C" IPI="Q2BQs6WYx8RqGZ" birthDate="2019-05-19Z"/>
                <Participant name="smzv0XkTIeKaeBV3x" role="scriptwriter" IPDN="bL9" performance="supporting" grossFee="1145316435.47"
                     modifier="A" IPI="T0F4sZ354sr1D5iJEnW1jMXrb80Po" birthDate="2019-10-07"/>
                <Participant name="R5" role="producer" IPDN="znzlNEfvlnebPtwo9MtDm6W46Eg" performance="chorus master" grossFee="1964358443.04"
                     modifier="A" IPI="SSakrkaHd7asVbLU" birthDate="2020-02-05"/>
                <Participant name="qFik" role="music director" IPDN="DlSuk" performance="chorus master" grossFee="252964628.96" modifier="A"
                     IPI="rW1P_hZs9jqCphencZeKMg4DBlgE" birthDate="2019-04-05"/>
                <Participant name="QH8FXJ4s" role="music director" IPDN="tqUWL" performance="soloist" grossFee="-579081621.48" modifier="A"
                     IPI="Emx" birthDate="2019-06-09"/>
                <Participant name="qxKaaOlh6qPx2" role="scriptwriter" IPDN="vDuG" performance="main" grossFee="-522777353.88" modifier="A"
                     IPI="QHrQz1NdaIVBK3G3jazgcAZ" birthDate="2019-08-08Z"/>
            </Participants>
        </Record>
        <Record title="R5BX.33ZRNaU5a_p9XnTP_veWz3" spins="2110721301" ISRC="SC6776UA0B8K" year="2490" producer="VXOU7Mq"
             label="KWI29FYKmZcr4" recordNo="mFV-Ws5eq0Ej21y6eTNpc" serialNumber="BMM" isPremiere="true"
             usage="commercial" ISWC="gFfH9ESUED2" AKA="m3N2ExPtuEEDpld27O72xmdBa60av" genre="classical"
             broadcastedFrom="2019-07-09T11:21:16Z" broadcastedTo="2019-08-28T11:21:16" runtime="869610769"
             origin="recorded stream" alternativeTitle="FQVmdxrHGx6UhJCZVY2pEtMczN" recordedFootage="1470008004">
            <Participants>
                <Participant name="Urdw5_KA.DDwcOSCDhPhz5fQzfO" role="subscriptwriter" IPDN="_" performance="chorus master" grossFee="-472444265.30"
                     modifier="C" IPI="P2wpLp5fDNe2DzSF7" birthDate="2019-02-11Z"/>
                <Participant name="i" role="producer" IPDN="Ml4LrLPGM5AYN" performance="soloist" grossFee="1515449490.98" modifier="C"
                     IPI="SkR7vea1uaevmkZJG7T4AbflwWl" birthDate="2018-11-25"/>
                <Participant name="zz4F_uTgtQ-C.NuanYoqn87iB" role="remixer" IPDN="v" performance="chorus master" grossFee="1316226652.45"
                     modifier="A" IPI="U2zEOJnljs0mgl7zynCv8ivlJjGSD" birthDate="2018-10-09Z"/>
                <Participant name="eXVc1LTF0A99p9PatrdQYGVbuO" role="performer" IPDN="LMz0b-hETc9VFi" performance="conductor" grossFee="1412792091.84"
                     modifier="B" IPI="A4rCcfe-zv" birthDate="2018-12-10Z"/>
                <Participant name="HTVFVH0j-zWoK" role="composer" IPDN="yNFd7aQ0w5wYePXc-E.g7C4q" performance="chorus master" grossFee="-758868219.36"
                     modifier="C" IPI="tsw.Uy7RVuz" birthDate="2019-02-08"/>
                <Participant name="xMDDxcnd385c" role="sound engineer" IPDN="U5RmAQNZ1Jht1tS.7-RMXIs_uPUb" performance="main" grossFee="836921896.07"
                     modifier="B" IPI="ZIDHLfi4GtRU9" birthDate="2020-06-13Z"/>
                <Participant name="gG." role="scriptwriter" IPDN="GI0jCPWp6Hyk6Qp2" performance="chorus master" grossFee="47147058.79"
                     modifier="C" IPI="KBRMInR8Gmt" birthDate="2019-09-16"/>
                <Participant name="NJOBcjlTvUhfXe" role="music director" IPDN="kIEiD_cxGcJCSGpYtPOJQai7LHft" performance="supporting"
                     grossFee="945049971.12" modifier="A" IPI="lPs-PEL5bQ2pLmw07884jkM" birthDate="2018-09-28Z"/>
                <Participant name="UOvPNOB-IhisOjeY6sgJ-TXTN2WM" role="producer" IPDN="jiVYZJ5iKUlHi" performance="supporting" grossFee="-74256785.82"
                     modifier="B" IPI="bUI" birthDate="2019-02-11Z"/>
                <Participant name="YHHQDWGazX" role="remixer" IPDN="WzWkHgpIfysZ4bmRTCVUB1iIU" performance="chorus master" grossFee="1761724138.63"
                     modifier="C" IPI="K7oD8iJZ_RRgnL1jYE2LdIZwzSNdv" birthDate="2018-09-07Z"/>
            </Participants>
        </Record>
        <Record title="vqRxW3vf_SDJwRDev" spins="1837981990" ISRC="7N4213QYSCEA" year="5692" producer="B05QjcQ4Ol1F"
             label="jrs7MMDGrgfxIc" recordNo="_xQnYfpvy._pr.G4W5asxyO_odp" serialNumber="VV1PS95e.H"
             isPremiere="true" usage="broadcast" ISWC="qTqYi" AKA="Db3U8hOfAmhF9FmajwZDMfSANBz5z" genre="pop"
             broadcastedFrom="2019-06-01T11:21:16Z" broadcastedTo="2020-01-27T11:21:16" runtime="2022695203"
             origin="live broadcasting" alternativeTitle="h-6bNgD" recordedFootage="1204780783">
            <Participants>
                <Participant name="AFb1c_lbxz3C.PCKE60o981K" role="sound engineer" IPDN="MrOZPn.-L_ixQ8" performance="chorus master"
                     grossFee="859750653.49" modifier="A" IPI="hkPZn.T9VQxh" birthDate="2019-12-05Z"/>
                <Participant name="KZY" role="performer" IPDN="TXKemSwgD8.-O9y8xxbf_OeX-" performance="supporting" grossFee="1006396591.51"
                     modifier="A" IPI="Xgk9KgX2WObjsHy" birthDate="2019-11-08"/>
                <Participant name="aOH03RTlPf3ouqjD" role="sound engineer" IPDN="FpEpdlFZpSur0xonjYOQURsXJp" performance="conductor"
                     grossFee="-2106910382.74" modifier="A" IPI="E4pqw5l8XCIldQn" birthDate="2018-10-11"/>
                <Participant name="RCiKvELtRxuPOe" role="scriptwriter" IPDN="iisYVnoXKev8ZwzdaOi-eD69fCUR2K" performance="conductor"
                     grossFee="-1202506690.87" modifier="B" IPI="FNn-_.i1lvJ6_HaLtxe" birthDate="2019-02-23"/>
                <Participant name="ZFnlr6KCECIJTH" role="sound engineer" IPDN="jk1Mjh62EER" performance="soloist" grossFee="1083022942.33"
                     modifier="C" IPI="f6KeIWt_NlMmha8_QjD" birthDate="2019-07-19Z"/>
                <Participant name="tUHKw" role="performer" IPDN="w864XJo6mFH-chrwX593XHVAHdqsK" performance="conductor" grossFee="2060854014.85"
                     modifier="A" IPI="O2dUbZ0m3C99Sqi" birthDate="2018-07-22"/>
                <Participant name="zdgEP7" role="scriptwriter" IPDN="EuU7oyM_FdKnQ" performance="chorus master" grossFee="1807214903.40"
                     modifier="A" IPI="SqzZAeHxuZ1fznadibNrT.p" birthDate="2019-08-08Z"/>
                <Participant name="dgn5DbhwfrJHFHkFA9Fp_f16ZNvpAI" role="composer" IPDN="j" performance="conductor" grossFee="-1111393271.67"
                     modifier="C" IPI="Gs9oHTHT3M2jB2.n9Gm7WpFU.k" birthDate="2019-06-15"/>
                <Participant name="RzkenS.eWb65u" role="sound engineer" IPDN="ogg" performance="chorus master" grossFee="2122160957.34"
                     modifier="A" IPI="Ge_gWNneaiXXeWUvg5R0iFcAEe2" birthDate="2019-06-18Z"/>
                <Participant name="NSg" role="composer" IPDN="XTUP7SFXJNVb35-g1lJXm0eWYd45" performance="main" grossFee="-51206445.87"
                     modifier="C" IPI="NOLIfBEEgeLgL" birthDate="2019-02-28Z"/>
            </Participants>
        </Record>
    </Record>
    <Record title="yO-4uq-NkQ8btBm" spins="2129051314" ISRC="BQ2JD9NY899M" year="5333" producer="sIy5" label="uGDLlmcm6pzkT_tiip7FUbTP"
         recordNo="A6HTNQRzh.W26q5voi3n" serialNumber="AjgE3Cyerl_PgQal8YuIxjxmIz9Z" isPremiere="0" usage="jingle"
         ISWC="Z1L9uKXswhRF8Ko9b" AKA="s8aiCl96MAL7u.ic_p-." genre="pop" broadcastedFrom="2018-08-06T11:21:16Z"
         broadcastedTo="2020-04-30T11:21:16Z" runtime="774568110" origin="commerce" alternativeTitle="BZczjH7LjjpkjU1kHxGCf"
         recordedFootage="2137126073">
        <Participants>
            <Participant name="w7vtaqOMgAOWoEJn_G" role="subscriptwriter" IPDN="h" performance="supporting" grossFee="1011014615.12"
                 modifier="A" IPI="NPlzfZmbznGu5i9kn1gQGyU" birthDate="2018-07-26"/>
            <Participant name="Io_FEBYFBmZINxbj1sbOYoL" role="remixer" IPDN="MWODdBl" performance="soloist" grossFee="606180218.31"
                 modifier="A" IPI="uoOLyWyYpxILh5g.ZW3qcxhTSDM4I" birthDate="2018-09-24Z"/>
            <Participant name="iW" role="scriptwriter" IPDN="qLg7L" performance="chorus master" grossFee="-1184719525.71" modifier="C"
                 IPI="nxe4_fEtA.Ufl8_wOe89kvcpgFcB." birthDate="2019-08-26"/>
            <Participant name="dFzO3i" role="producer" IPDN="me-AfTGVq3vCOW7G" performance="chorus master" grossFee="-1833890756.65"
                 modifier="C" IPI="l_gg5F8PhXOx" birthDate="2019-09-11"/>
            <Participant name="SPKmZ-wSN92D-ea3EM" role="producer" IPDN="rGc8m_Pic7S2bx31BV" performance="main" grossFee="1323143767.79"
                 modifier="A" IPI="Fxle6" birthDate="2019-03-25"/>
            <Participant name="kUPfuW9x" role="performer" IPDN="kMLxf4JeCjsWi9H" performance="main" grossFee="-1919882357.35"
                 modifier="A" IPI="WS" birthDate="2019-06-18Z"/>
            <Participant name="pdE0pwNliesKVTnVt4FOD.vm0wt." role="sound engineer" IPDN="P0ttx9pwGgLg5AjIUOJ974G" performance="soloist"
                 grossFee="-1218627740.07" modifier="A" IPI="S4ipiLvGBlClkHErmtG" birthDate="2019-06-04Z"/>
            <Participant name="uFv.LYiUHwh8Ctw" role="producer" IPDN="UeysZAWjX6bdBBZ0FIjOc9VjA7iqi" performance="chorus master"
                 grossFee="-1794667103.59" modifier="B" IPI="OTHPzvKhqWTTr_QXI0b1go" birthDate="2019-05-01Z"/>
            <Participant name="v1QEpC6Q6jqQw55" role="performer" IPDN="EApaRsWNf8J2NS0CKctGq" performance="chorus master" grossFee="-912829249.42"
                 modifier="C" IPI="pgsjHiLQ03gy9Noe6WBu" birthDate="2020-04-09"/>
            <Participant name="sr" role="subscriptwriter" IPDN="RY_T7_UiOP" performance="main" grossFee="1947829768.47" modifier="C"
                 IPI="qq5IDrFVawhPUolljflP" birthDate="2018-12-05Z"/>
        </Participants>
        <Record title="i0pK" spins="129306596" ISRC="6K61VP042IOJ" year="0579" producer="OidbFISF" label="ELevuD.D8.JV_"
             recordNo="_vhPAh.5XCIBo8d.mEIcB8" serialNumber="L8zq4m" isPremiere="1" usage="broadcast"
             ISWC="al5UnFLTiPIv8agjimMQZCj" AKA="J9IYtue97p.efk" genre="pop" broadcastedFrom="2018-07-20T11:21:16Z"
             broadcastedTo="2018-09-02T11:21:16Z" runtime="1737365262" origin="commercial" alternativeTitle="mwHXbHCNm2uZ1eCuj.yLIgcQ"
             recordedFootage="1165688284">
            <Participants>
                <Participant name="XX8CxxH6N" role="performer" IPDN="WZ.tA.n_Jh" performance="soloist" grossFee="1303809706.14" modifier="B"
                     IPI="SpY13ChKNx_tq3HFji4NuhF9v" birthDate="2019-04-12"/>
                <Participant name="bcsSSiSAfiN5JhzwBvjpDdF" role="producer" IPDN="twJztSH43vgG-nz" performance="supporting" grossFee="1848687756.51"
                     modifier="A" IPI="PxDm-oVsldy2PCgfDwfPBomhQhnY" birthDate="2019-02-16Z"/>
                <Participant name="vCoODUH0uA" role="arranger" IPDN="K3kZmF0rDKhf" performance="main" grossFee="1371922310.95" modifier="C"
                     IPI="Mrs0vbNRGl7e" birthDate="2020-03-29Z"/>
                <Participant name="GB4s77ldonfvOah_MBIpAd2eGlRy" role="music director" IPDN="u_qi5dt" performance="soloist" grossFee="-559879599.85"
                     modifier="A" IPI="l5Asol2LZG9.ch" birthDate="2018-10-10Z"/>
                <Participant name="L2o54s66m-3tP4s5ZiZ4.wVckjtP" role="arranger" IPDN="SH.2IkC6rTsL-QD" performance="soloist" grossFee="620879770.10"
                     modifier="A" IPI="ot" birthDate="2019-05-24"/>
                <Participant name="lqeAZ_ukyPKJb5yhGeRdvNA-" role="remixer" IPDN="l" performance="supporting" grossFee="-86882318.72"
                     modifier="A" IPI="wLLtNswG" birthDate="2020-04-03Z"/>
                <Participant name="GeE_" role="arranger" IPDN="RmLBWNU" performance="main" grossFee="-938753840.32" modifier="C"
                     IPI="PXoOdYO1ZxBO3V2XLI" birthDate="2018-09-12Z"/>
                <Participant name="pXlBBpt.T3f" role="remixer" IPDN="Ud36TDTIXFhSfo2MdSxEx.XjrpMH" performance="supporting" grossFee="-1187340551.95"
                     modifier="C" IPI="a1BCWbZOZib5Yy_-n6fBTK" birthDate="2019-04-22Z"/>
                <Participant name="tjp9bQb" role="arranger" IPDN="QnDhSoMkW-3AEA66BFn9q4MEdEe" performance="conductor" grossFee="1580969879.55"
                     modifier="C" IPI="irJIH4" birthDate="2020-01-07Z"/>
                <Participant name="K3kCPB27VPXRB4Ze" role="music director" IPDN="PxaA6rujzEuZjHOcqz" performance="soloist" grossFee="799805445.50"
                     modifier="B" IPI="JP_leP9untDIA39G-f8KjqBch9M.YE" birthDate="2019-10-22"/>
            </Participants>
        </Record>
        <Record title="ocuBiBgT3xNk1i9l7X1Zjr" spins="713343159" ISRC="YDT3554LJJ5X" year="2195" producer="nNF9570U1PKdHl4vC-ejd4"
             label="Nv.9NM5VAJksL9" recordNo="LU" serialNumber="qtTF-VAayi1sHVk48O70AyGT8su" isPremiere="true"
             usage="jingle" ISWC="sOsRni1hI1RtOm" AKA="WB9Cub.XgwvTWQ9Cf" genre="classical" broadcastedFrom="2019-02-28T11:21:16Z"
             broadcastedTo="2018-10-14T11:21:16" runtime="624798266" origin="self" alternativeTitle="r_thwvF"
             recordedFootage="392855317">
            <Participants>
                <Participant name="a8IOZzU8TbKQZRfVYLVM" role="remixer" IPDN="O2p" performance="supporting" grossFee="-1786115090.27"
                     modifier="B" IPI="vwrf3RnHJYke0" birthDate="2019-01-30"/>
                <Participant name="QTsCox" role="scriptwriter" IPDN="Ry8p3oZR6t2QDnW6Oc" performance="soloist" grossFee="30931083.02"
                     modifier="B" IPI="vNejGpnaWW_PWyRla9P8iGhwKiPJGS" birthDate="2020-05-30"/>
                <Participant name="unq" role="music director" IPDN="XkxelDJ-lAWClp7GKd" performance="chorus master" grossFee="-405400480.08"
                     modifier="B" IPI="Bfl" birthDate="2019-07-18"/>
                <Participant name="AgdmeXMkE8ck6Tl8IEY" role="music director" IPDN="fDmeL0_" performance="main" grossFee="1987039812.60"
                     modifier="B" IPI="hFa.QT_A9uPRPVx4LVSSGCe8y5K" birthDate="2018-09-09Z"/>
                <Participant name="I8OvsCEBwWng6." role="arranger" IPDN="VtKGPvvZiSWRjfj0bP9aS4_VXyk" performance="supporting" grossFee="-272064410.78"
                     modifier="B" IPI="ZVtohMihJxq_Fec" birthDate="2020-01-31"/>
                <Participant name="iAoR" role="remixer" IPDN="BZtM4KVpPOY7F5f947-JpgqOGagd" performance="soloist" grossFee="-1068805108.44"
                     modifier="B" IPI="l3PJG-ntDuECkMQilDfONHFB0" birthDate="2019-12-07"/>
                <Participant name="VS4U4gs7s6L11uSj04WfL6Az7mJ89" role="scriptwriter" IPDN="cFBK6d" performance="soloist" grossFee="831504949.58"
                     modifier="B" IPI="nFfB9ru" birthDate="2019-07-06Z"/>
                <Participant name="fuh3mGhUrkR1qWzG_dsjhOISWTLM" role="music director" IPDN="dm_F1U3L1nEQrIyIXNwsM" performance="main"
                     grossFee="-2075225970.51" modifier="C" IPI="Mj7Hk3pw5r0F1k6F0bAeJG9CVIaJ" birthDate="2018-09-19Z"/>
                <Participant name="LKN" role="subscriptwriter" IPDN="qKPRFzxOMWexyrs2" performance="soloist" grossFee="-1967482155.51"
                     modifier="C" IPI="_vF-Fgwl" birthDate="2019-06-16Z"/>
                <Participant name="E5GqsOPgoMFu37" role="arranger" IPDN="ZRQhvR.256AitU6pQiLkAfaM" performance="conductor" grossFee="-1163597114.06"
                     modifier="C" IPI="T4qaiWR6Geq.loqKj0L3Q3uvn" birthDate="2019-02-15Z"/>
            </Participants>
        </Record>
        <Record title="j1o1IidhIVg5xPBcM00I7l" spins="505275216" ISRC="W9N6TIOB8A32" year="8228" producer="Ay-a6I626HB_O"
             label="QiGCjT" recordNo="pg13Zqcl7hgsV2" serialNumber="x09t_" isPremiere="0" usage="jingle"
             ISWC="SmzIwtr7OupS" AKA="s4GwCc5__kKlc-3mVk-sWZh-" genre="spoken word" broadcastedFrom="2019-05-21T11:21:16Z"
             broadcastedTo="2020-05-01T11:21:16Z" runtime="1342641117" origin="free of charge" alternativeTitle="GNlO_Csj8Ow-Q0fu6Zx-"
             recordedFootage="1715314629">
            <Participants>
                <Participant name="G" role="arranger" IPDN="lKwgq3cME6-eMqd7DN8a..11" performance="conductor" grossFee="-1818592177.43"
                     modifier="C" IPI="RiT9" birthDate="2019-05-03Z"/>
                <Participant name="FxT6Y7ULYPPnN_qSXh" role="music director" IPDN="J7YE" performance="chorus master" grossFee="1005664414.88"
                     modifier="C" IPI="F4cIfpM633gLHwMXRRLxLL." birthDate="2019-02-24"/>
                <Participant name="r1aJ3KaHmayVtNB_zmnpi.Y6oPJz" role="producer" IPDN="JYcWcC5ASwE956uROp" performance="conductor"
                     grossFee="-79938733.47" modifier="A" IPI="_2.pPf_QPoeX-qhJ4SOa4qCWO2iFl" birthDate="2018-12-07Z"/>
                <Participant name="Dn8r6H4ooVlcM3DZ4B7hkAhe" role="subscriptwriter" IPDN="rRz161" performance="chorus master" grossFee="-1477280496.65"
                     modifier="C" IPI="NpM04" birthDate="2020-04-15"/>
                <Participant name="hlN-s3Yfr8eyA" role="remixer" IPDN="TjHFU9Qh.l" performance="main" grossFee="2127299491.19" modifier="C"
                     IPI="hCkLLKS7mleExH9ep6e9qKAY4dnIC" birthDate="2019-01-21Z"/>
                <Participant name="yWunw" role="remixer" IPDN="iBo2RzecD4p1MuQTYx3HK" performance="conductor" grossFee="508795024.18"
                     modifier="C" IPI="muznHVHU3u2zU20kMQ2qhwBFdefxhx" birthDate="2020-01-08"/>
                <Participant name="oTYMeWg_kzJf2PD4Xv0" role="arranger" IPDN="gdEWK" performance="supporting" grossFee="668174819.57"
                     modifier="C" IPI="_YzBtOWtIKUmg8npFt_usA" birthDate="2019-03-18Z"/>
                <Participant name="TXwOPEq" role="sound engineer" IPDN="GUdo3xq3iimXfzKWlfWSPItmFHg" performance="soloist" grossFee="-1983467256.48"
                     modifier="A" IPI="hXk.6uTzss4Yk0thCYUNtS.o11" birthDate="2019-04-12"/>
                <Participant name="d4pX3GBts30DIcscMrfm" role="arranger" IPDN="TcrzFb89w8I3zMm" performance="chorus master" grossFee="566589762.01"
                     modifier="C" IPI="FuQurGl1CqOqnxqYLKRjp4VTZ" birthDate="2019-07-30"/>
                <Participant name="Hal4.NyhoYkuXtSaU" role="sound engineer" IPDN="VQg_lvZeam" performance="conductor" grossFee="1975105689.35"
                     modifier="B" IPI="xJUZ" birthDate="2019-02-17"/>
            </Participants>
        </Record>
        <Record title="B5U46J2IxfbVuWHptmYsIVYrc" spins="527085549" ISRC="WMM5E0OVYCYP" year="1321" producer="SbM3I-WCLFUj9z-1nDupLTCRI8"
             label="O4" recordNo="WXO" serialNumber="ZxdxjZiCyMvb3NutVfMkDR8jn" isPremiere="1" usage="broadcast"
             ISWC="UCFmt.xs" AKA="HW-PKMk97eYNeg8k" genre="classical" broadcastedFrom="2019-01-31T11:21:16"
             broadcastedTo="2019-08-23T11:21:16" runtime="1484021010" origin="free of charge" alternativeTitle="e64"
             recordedFootage="1403579152">
            <Participants>
                <Participant name="EyEFvmUJPbaB" role="arranger" IPDN="R.fqd3RTkjTYdy2h.ilMj." performance="supporting" grossFee="-1253181369.83"
                     modifier="B" IPI="V5Qu1" birthDate="2019-03-01Z"/>
                <Participant name="ckH94c" role="sound engineer" IPDN="xmk7Un6oFtJnl3Fp" performance="soloist" grossFee="-12299297.23"
                     modifier="C" IPI="jlDwbdwgczHBKkjEX8CUz" birthDate="2020-06-19Z"/>
                <Participant name="By8Akp" role="subscriptwriter" IPDN="p5uqc1gN2is2XdQBXjjwRm" performance="conductor" grossFee="-1296986013.74"
                     modifier="A" IPI="liy_gDaowwbWpFC7OLf8AqVw" birthDate="2020-02-05Z"/>
                <Participant name="w" role="composer" IPDN="g6L.kfZYh_Xzcss" performance="chorus master" grossFee="962484387.22"
                     modifier="A" IPI="zNDFuA-EItxPNg70B" birthDate="2018-07-29"/>
                <Participant name="p_wZrcZVNC" role="composer" IPDN="P.hFfxcjtOaK3i5vL1CkStjvmClC" performance="main" grossFee="2146405604.94"
                     modifier="A" IPI="xwoq" birthDate="2020-04-19"/>
                <Participant name="Y7oTN3PQlpCHER0YAF.WN_" role="subscriptwriter" IPDN="BH4MG9rTc3uH" performance="main" grossFee="40259781.79"
                     modifier="C" IPI="ko8mvlBJ9bXBj0p2lX" birthDate="2019-07-18"/>
                <Participant name="L7QXeK." role="producer" IPDN="kb2YwLX9pX_RNCnVv0mZGlORqgf" performance="soloist" grossFee="-2041209924.01"
                     modifier="A" IPI="pdYv-l" birthDate="2020-06-11Z"/>
                <Participant name="_N_FGwMBs8ftCJ9YDbSz4_" role="arranger" IPDN="gO" performance="supporting" grossFee="-647083628.62"
                     modifier="A" IPI="pqZl00yQ85BX6LhXcC" birthDate="2020-02-10Z"/>
                <Participant name="PTuRJkfNS3f" role="arranger" IPDN="V_OmRYfR9xcg6bjMjAT2w4aHEX8QHI" performance="chorus master"
                     grossFee="-752327863.53" modifier="C" IPI="v2" birthDate="2019-11-01"/>
                <Participant name="xBIRKo3tC61F8zJ61HZfqkY2cpa" role="composer" IPDN="nwGl9DqO6SXy" performance="soloist" grossFee="-1028226636.19"
                     modifier="A" IPI="Z1j" birthDate="2019-08-31Z"/>
            </Participants>
        </Record>
        <Record title="lS86" spins="2137798388" ISRC="4131513N298U" year="1801" producer="YmGaF" label="CqocXH5D-5dkys"
             recordNo="ELOU5FC1Y1iV6NbQKVU4XFk" serialNumber="YoOMkQWKbfBf" isPremiere="0" usage="commercial"
             ISWC="Eoahk" AKA="cI6WsWcc_glAbpNW" genre="composed" broadcastedFrom="2018-12-07T11:21:16Z"
             broadcastedTo="2019-08-19T11:21:16Z" runtime="57953384" origin="live stream" alternativeTitle="W"
             recordedFootage="1427961829">
            <Participants>
                <Participant name="DNgMmutl6bUL._MfqFJQpNq2" role="scriptwriter" IPDN="pRRL7cr" performance="supporting" grossFee="946091918.24"
                     modifier="B" IPI="MRtuchSMAd.wxuaYIrc1O" birthDate="2018-07-15"/>
                <Participant name="_BvKFuWEQ4itgltSBIydTR._Sa" role="scriptwriter" IPDN="Z-NzOQF.EZTJ" performance="soloist" grossFee="-2125540068.59"
                     modifier="A" IPI="abs9QW.c1" birthDate="2019-04-28"/>
                <Participant name="sVI-n1kjE024k62" role="remixer" IPDN="vp9PPm5h7IANlsKWOY5UwohoWC" performance="main" grossFee="1086033041.30"
                     modifier="C" IPI="ZfAxXzXIUG2fsQQ2v" birthDate="2018-09-24"/>
                <Participant name="x" role="producer" IPDN="mMIZJD90t1LM" performance="supporting" grossFee="-1709360692.71" modifier="C"
                     IPI="eDzMG8dD3a_R5YUJM3ttKKOoNl" birthDate="2020-01-18Z"/>
                <Participant name="e14fjf8tySxJ1ruy" role="performer" IPDN="k75i4B" performance="chorus master" grossFee="1671394289.97"
                     modifier="C" IPI="qCU" birthDate="2019-03-23"/>
                <Participant name="OJb3p" role="sound engineer" IPDN="xhyL92Gtvnf7Qf-csIUA" performance="supporting" grossFee="-233340267.57"
                     modifier="C" IPI="Tx" birthDate="2018-12-07Z"/>
                <Participant name="QcJR" role="composer" IPDN="P0oCXp_u6m" performance="soloist" grossFee="545926465.92" modifier="B"
                     IPI="VVfxsy6-5BU" birthDate="2018-09-08Z"/>
                <Participant name="H42" role="music director" IPDN="ID4IjYeRNpHK_8H0" performance="supporting" grossFee="1793110558.85"
                     modifier="A" IPI="uXExuU4Q5ldJUR-cs5Oe" birthDate="2019-05-29"/>
                <Participant name="lGKZigyP_uNmK_Q" role="music director" IPDN="QrQ6uqTVA.YQ7ql" performance="supporting" grossFee="-1020781201.73"
                     modifier="B" IPI="Eu26srxtH" birthDate="2020-01-09Z"/>
                <Participant name="dOGhra" role="remixer" IPDN="wRtBf" performance="supporting" grossFee="-1924195837.12" modifier="A"
                     IPI="eFT" birthDate="2019-12-26Z"/>
            </Participants>
        </Record>
        <Record title="KungWNOnB" spins="1184089768" ISRC="W9563030N88L" year="3134" producer="TeBjfFTbQ" label="J49iPwP.ozWOOpTAIF2Yh7U7k"
             recordNo="w" serialNumber="GXXuyy3tIHKbXF198LdBntDxkEUPU9" isPremiere="true" usage="broadcast"
             ISWC="XpM6tVG3CYF9sfbW.fwew.fKhZ_qHf" AKA="X-PCMpMuDW" genre="spoken word" broadcastedFrom="2019-08-01T11:21:16Z"
             broadcastedTo="2018-12-09T11:21:16Z" runtime="957497922" origin="commercial" alternativeTitle="pGs6n68-Z7teHJhrzdA.XhGw7802"
             recordedFootage="33088297">
            <Participants>
                <Participant name="ZWy9" role="subscriptwriter" IPDN="qGkYspnhKWjJ8u" performance="conductor" grossFee="-1626770168.16"
                     modifier="B" IPI="LwQtC9AudWcEoYJrm" birthDate="2020-02-18Z"/>
                <Participant name="PypmLEXG8T" role="composer" IPDN="bghWFYT0ho6e5rPxgmD6GBx1x2l9" performance="soloist" grossFee="1379079336.41"
                     modifier="B" IPI="XB5.6f8" birthDate="2019-10-30"/>
                <Participant name="KBG88zqzs4e_ad1BPThnAlNFk4vla" role="composer" IPDN="Rp" performance="conductor" grossFee="1790306808.43"
                     modifier="A" IPI="zcXUXT" birthDate="2018-09-08Z"/>
                <Participant name="wOMO" role="scriptwriter" IPDN="a8qq7s0hbx" performance="chorus master" grossFee="251951392.88"
                     modifier="B" IPI="w01ZhM6nO0rGe2oxjiMW4EnjJ" birthDate="2018-07-05"/>
                <Participant name="pGEBq46padyVMLw2tiXL9ZSzfj40" role="producer" IPDN="rsn4X2xLZN7KVMb" performance="main" grossFee="614693108.60"
                     modifier="C" IPI="DVlmCw" birthDate="2019-05-26"/>
                <Participant name="Xt7l-IaEN7apZJpU" role="producer" IPDN="t" performance="main" grossFee="-1210698126.23" modifier="C"
                     IPI="gPktQNht.nAHSgsgbJBYEhU5dEcEY" birthDate="2018-09-08Z"/>
                <Participant name="jtRXsfChb2K" role="producer" IPDN="fZLpE.x81iyExktLy_JVps13" performance="chorus master" grossFee="-1927084737.36"
                     modifier="C" IPI="dot" birthDate="2020-02-14Z"/>
                <Participant name="UFr_nVNv" role="sound engineer" IPDN="uj_RlrhbHnv" performance="chorus master" grossFee="-1295898543.59"
                     modifier="A" IPI="qpH" birthDate="2019-03-29Z"/>
                <Participant name="uvXYrOeEHTRsJahLHSSTtE3mYD" role="arranger" IPDN="fsPMCE8thdTWd4" performance="soloist" grossFee="403651440.21"
                     modifier="B" IPI="Z" birthDate="2019-05-10Z"/>
                <Participant name="ETpzOv" role="arranger" IPDN="v5HuSv3fMG" performance="conductor" grossFee="1937434561.83" modifier="A"
                     IPI="tLvdHO_2m" birthDate="2020-03-07Z"/>
            </Participants>
        </Record>
        <Record title="ciCFd" spins="804523929" ISRC="00HF44278030" year="2134" producer="D-h4PNbxzXsi.4euPKTvqUbEGM"
             label="fNxO" recordNo="lmroWHSqdudPVoyQ0ibx" serialNumber="gy1NPpyWWpLXl.O70B2" isPremiere="1"
             usage="jingle" ISWC="rw-7k" AKA="T7NO84e" genre="jingle" broadcastedFrom="2019-07-09T11:21:16"
             broadcastedTo="2020-06-14T11:21:16Z" runtime="1091698266" origin="free usage" alternativeTitle="iyhs9rsc7Fw1s49mt4"
             recordedFootage="1266331601">
            <Participants>
                <Participant name="yiW2qa" role="sound engineer" IPDN="lA" performance="soloist" grossFee="-976542621.20" modifier="C"
                     IPI="bMgtdttG3is" birthDate="2019-10-28"/>
                <Participant name="C.klAYhD7fE0Qx2EbyH0F_xpRU81U" role="music director" IPDN="ua_" performance="soloist" grossFee="-371528279.30"
                     modifier="B" IPI="U" birthDate="2020-01-18"/>
                <Participant name="io35Jo893Lsg-" role="subscriptwriter" IPDN="V73v4Pm1" performance="chorus master" grossFee="1825652926.11"
                     modifier="A" IPI="SlgJFlr" birthDate="2019-04-07Z"/>
                <Participant name="C" role="arranger" IPDN="m64iNfbspMXzuqHI28zlmPImz" performance="supporting" grossFee="1798369456.95"
                     modifier="B" IPI="Byi" birthDate="2019-10-11Z"/>
                <Participant name="LFN0VkFuP0crcSY7SIF7.cxL6qMn" role="remixer" IPDN="EVK1bwo_YFU9bWpnpzEZAFoYxIK8" performance="conductor"
                     grossFee="-1408405162.03" modifier="A" IPI="V3BCaa3tEw6mL9kD2ff8QGhh8HIb3" birthDate="2019-10-01Z"/>
                <Participant name="v2IZvRM0IdkyfRnE" role="remixer" IPDN="aNWHr328M0FooRSvV" performance="soloist" grossFee="973375562.08"
                     modifier="A" IPI="IctFm" birthDate="2018-11-03"/>
                <Participant name="xA" role="subscriptwriter" IPDN="kD" performance="main" grossFee="-581636228.36" modifier="A"
                     IPI="yY" birthDate="2018-09-03"/>
                <Participant name="EjZ8ziTcxdvhuiNcasIox22SRpqZg5" role="music director" IPDN="gQW5oJHo_olDoThs_" performance="soloist"
                     grossFee="106155884.11" modifier="B" IPI="bC" birthDate="2020-06-10Z"/>
                <Participant name="CelO-2-70p1sWnTfOsZ7EOJ1qR" role="music director" IPDN="N6e01zVGMAG1camwu" performance="supporting"
                     grossFee="-228286395.35" modifier="C" IPI="LfH6eGugug2pyz.3L.F" birthDate="2019-04-09"/>
                <Participant name="u26C-RsNSB" role="producer" IPDN="DxOSvLAgqeo26Ah5B7pVf0SxxB" performance="main" grossFee="-1536702200.97"
                     modifier="B" IPI="YJ" birthDate="2020-02-26"/>
            </Participants>
        </Record>
        <Record title="xJNfm6uBX9tx8fh6Ys4iSfZD" spins="865878410" ISRC="Q9D596PQ33DX" year="9807" producer="gvgPKl99v7V"
             label="ThxjJWKqRwSSgpPjWmPUMLDj4" recordNo="Hy8SsH3GJ" serialNumber="czjq8c1cFx3v._AahnkF-E6Z-rr"
             isPremiere="true" usage="commercial" ISWC="SsoQyrXJyyX" AKA="Fh_cQ9cXMYg" genre="spoken word"
             broadcastedFrom="2020-02-19T11:21:16Z" broadcastedTo="2019-06-14T11:21:16" runtime="483089198"
             origin="free usage" alternativeTitle="lXdLiWTT_-osob3D3Ygd3_5N." recordedFootage="1471543242">
            <Participants>
                <Participant name="puOEVVQnS" role="composer" IPDN="zB_tgDl" performance="soloist" grossFee="-466480701.32" modifier="A"
                     IPI="ZV9tGvAvz3.ht7hjQ7uKF5" birthDate="2020-02-29"/>
                <Participant name="_v5HXXMkMcFmm_gJidoM8sZ" role="music director" IPDN="C-xX8ZJ0wxeWiuAf7" performance="main" grossFee="1622909812.80"
                     modifier="B" IPI="_pzVC.JbeOb_" birthDate="2019-09-21Z"/>
                <Participant name="qLO-c.YIUPIm_SQHMTwr9" role="remixer" IPDN="eLngMMOHtMu7QiUECxj36X261fD.s" performance="conductor"
                     grossFee="-1261039115.14" modifier="C" IPI="TrOLW-Uge-rbUv1dZufBGU5lzr" birthDate="2018-12-18"/>
                <Participant name="tH7fi_hCLLHLzIfj28Bx_" role="sound engineer" IPDN="X8N_lGVoeZnS_" performance="soloist" grossFee="-1468159388.79"
                     modifier="B" IPI="JOL9Tq" birthDate="2019-01-22"/>
                <Participant name="GWb4cGEGvXlmqVFJjrnP" role="music director" IPDN="Vxfk1hXBHFBdCLKBvk" performance="soloist" grossFee="1487909134.03"
                     modifier="A" IPI="Ff8" birthDate="2019-05-17"/>
                <Participant name="z8YQjECPbeFi" role="performer" IPDN="h6zMwIhjCj6" performance="chorus master" grossFee="1984175893.88"
                     modifier="A" IPI="v8ne6ejEVnUq" birthDate="2018-07-16Z"/>
                <Participant name="ooq0UIrd" role="performer" IPDN="n1t_WsnbbzUvWYhywBSH" performance="chorus master" grossFee="10783090.38"
                     modifier="A" IPI="rQab65ROm.9" birthDate="2018-12-31Z"/>
                <Participant name="zCSR0cp" role="sound engineer" IPDN="Jcj77A_bO46scYMBxXf0JQcH3aB5" performance="conductor" grossFee="-1492015733.29"
                     modifier="B" IPI="KLdZhC" birthDate="2020-02-09"/>
                <Participant name="fbedztMoV" role="sound engineer" IPDN="_ZOmvugZ1u4" performance="main" grossFee="1308979375.10"
                     modifier="B" IPI="v2nsft-ZC1VGSkF61bNnwyRx" birthDate="2019-06-05"/>
                <Participant name="aeyHWq" role="subscriptwriter" IPDN="pQXxLF1EM9D0n_woS5l6y" performance="main" grossFee="-87739549.15"
                     modifier="B" IPI="U7g0YbIL" birthDate="2018-07-13Z"/>
            </Participants>
        </Record>
        <Record title="G3u.J2I9KR2hiM_37XaqkI" spins="30837596" ISRC="8V6TV64X26LK" year="3783" producer="d2v4U9ahMt"
             label="EOgYhpGvepNCaFGlSS6_UNsRO2xEz" recordNo="FGg37z1gUg4B29Ld3hlEd1DPV_90" serialNumber="x02OGZcBHPUksP33F6B"
             isPremiere="false" usage="commercial" ISWC="wvjs7HD8uEvcoRlr2KoDQlLL" AKA="MyJKC.9OBOxuuHSldF5a"
             genre="jingle" broadcastedFrom="2019-01-26T11:21:16" broadcastedTo="2018-09-28T11:21:16Z"
             runtime="1258140402" origin="live broadcasting" alternativeTitle="x2" recordedFootage="1693406954">
            <Participants>
                <Participant name="a_Uod" role="scriptwriter" IPDN="E3GcLe2nnI0rcj9UYIO9_eFViJ" performance="soloist" grossFee="-295399012.86"
                     modifier="C" IPI="oW2n" birthDate="2018-12-25"/>
                <Participant name="OxNc3Lbemh8BkhP8PLoP" role="sound engineer" IPDN="teH0tTLMgxv-O" performance="conductor" grossFee="-1241381908.77"
                     modifier="A" IPI="gEpGY7" birthDate="2019-04-28"/>
                <Participant name="RxKc0uad5rsiCgb1L" role="sound engineer" IPDN="DKz" performance="main" grossFee="-649617832.66"
                     modifier="A" IPI="X9KX" birthDate="2019-09-16Z"/>
                <Participant name="sonz6H1kXbHoKZgdD" role="arranger" IPDN="ffmYiisu" performance="supporting" grossFee="-2057856853.08"
                     modifier="A" IPI="FdHsYpe1Q-Z-BCJku7cH94" birthDate="2018-07-16"/>
                <Participant name="GbC0L2gqfnhWF" role="sound engineer" IPDN="U23N6Xfl0f-Iyj9XLr1Lmv4VW8uFBe" performance="main"
                     grossFee="1686521909.10" modifier="A" IPI="EXERDe6fsUJHoE_A1S" birthDate="2020-05-24"/>
                <Participant name="ml50S6q" role="composer" IPDN="v0fHopiCkMdb7" performance="main" grossFee="1608885003.78" modifier="C"
                     IPI="Ij-4w25SDFFvFJ5uc4qiHSj8or" birthDate="2018-07-28"/>
                <Participant name="FqHIqAoyR5JKV" role="producer" IPDN="PeLfLLv3oba6pAf3V0zv" performance="soloist" grossFee="1775206622.31"
                     modifier="C" IPI="i_VXCaeJogJK6Nf" birthDate="2019-06-28Z"/>
                <Participant name="_Q" role="producer" IPDN="Yyx73FI9CjbqAIMPOIgV-dVlNWDzXO" performance="main" grossFee="-1568311366.95"
                     modifier="A" IPI="E9EM3Juz1912i" birthDate="2020-05-03"/>
                <Participant name="UtCf" role="composer" IPDN="ER" performance="soloist" grossFee="1300596196.35" modifier="C" IPI="xllmSTLJwjNEb2V3fsE8fzIVNSHuMa"
                     birthDate="2019-05-10Z"/>
                <Participant name="tAnXC" role="arranger" IPDN="RZStGXF4sdzCaedg" performance="soloist" grossFee="-1546455574.13"
                     modifier="B" IPI="m8cNqT7FKQLMXYJ" birthDate="2019-07-20Z"/>
            </Participants>
        </Record>
        <Record title="iCnidxqyUeEg_jq" spins="1081514558" ISRC="33IMO7N2Q7T0" year="0833" producer="skDs.KwaalV3EANQVhXJEag6BI"
             label="nF1zq8T8rhXNNFafoO_ogLvtp" recordNo="qXSQLCmB1RB" serialNumber="TDr6bluY" isPremiere="0"
             usage="jingle" ISWC="GMh4uShcLukTWYkhTOTVZAJXGaLQ0" AKA="sP.xVQzobOujzBrCkvZgMVWRh" genre="commercial"
             broadcastedFrom="2019-11-28T11:21:16Z" broadcastedTo="2019-09-02T11:21:16" runtime="863232070"
             origin="live stream" alternativeTitle="S6YZN2Bl8JkEc6-jXm7LUfzVU" recordedFootage="28184796">
            <Participants>
                <Participant name="d5.H5KjxZuvuiFCjm_RE3" role="composer" IPDN="Seg2FegB9" performance="main" grossFee="165736807.88"
                     modifier="B" IPI="TQmrX5lWk3VHI7FXbt_" birthDate="2018-07-13"/>
                <Participant name="fb" role="subscriptwriter" IPDN="xfU4oZ79IJNK4w" performance="chorus master" grossFee="-1574454774.85"
                     modifier="A" IPI="yNRFWxBIu9" birthDate="2019-10-27Z"/>
                <Participant name="d.DgXgj-ikEYyRQ6iSHzEIL3zM" role="arranger" IPDN="X_XF0J" performance="conductor" grossFee="-942262375.88"
                     modifier="C" IPI="enz-O1BJIC-" birthDate="2020-03-04"/>
                <Participant name="D50VlS-ynM" role="arranger" IPDN="HapP-rhd52bcC8" performance="main" grossFee="1512370489.61"
                     modifier="C" IPI="bvaFSw" birthDate="2020-07-02Z"/>
                <Participant name="JDR" role="subscriptwriter" IPDN="TXCI9RV5syM" performance="chorus master" grossFee="1782145890.36"
                     modifier="A" IPI="mqqLROJ8IvpGVppy-E3sTQ_StW-l" birthDate="2018-10-11Z"/>
                <Participant name="I2W-isu" role="arranger" IPDN="wxXQfJpFTctERN9HDWm7vXn" performance="chorus master" grossFee="1695326462.75"
                     modifier="C" IPI="KTDsag22hceRRR-PIE1E-p" birthDate="2019-07-04Z"/>
                <Participant name="A-3BF8n7HAqgiINjiOm" role="sound engineer" IPDN="pqIlLo2bmvuCi5ZgI7Hajuni5" performance="chorus master"
                     grossFee="660537953.17" modifier="C" IPI="nlk" birthDate="2019-11-14"/>
                <Participant name="sova" role="sound engineer" IPDN="u0KDTDFkG7Hh" performance="supporting" grossFee="344871569.06"
                     modifier="C" IPI="a2vN-1J1yt64ezf_W9v9KZh8" birthDate="2020-03-10"/>
                <Participant name="KB0wq.cBZJdO65WuC6lV_lm" role="producer" IPDN="ejqx61HF" performance="soloist" grossFee="1406653335.46"
                     modifier="C" IPI="c.KGNT8cUQwMKYX7TFr6DwzCLNn" birthDate="2019-09-05Z"/>
                <Participant name="N9t1S1fcB" role="arranger" IPDN="ukmyvTaEX8Nfsesnkq.Op" performance="chorus master" grossFee="-729754133.81"
                     modifier="A" IPI="d6zIhqBVwIv8yUnV3e6LHWohfxx" birthDate="2020-03-14Z"/>
            </Participants>
        </Record>
    </Record>
    <Record title="o9tVAjlKRR.c.Xe5z5" spins="1086344205" ISRC="6LP2C7L4QT37" year="0590" producer="yj_FhsgPV7-vagrqoK"
         label="dSUVzxkaH" recordNo="J2DkK" serialNumber="j.GRNsUHPsIjAHd" isPremiere="false" usage="jingle"
         ISWC="f-" AKA="B_xZ1FCMzNwDLXVY4YbCp3." genre="composed" broadcastedFrom="2019-09-11T11:21:16Z"
         broadcastedTo="2020-06-12T11:21:16" runtime="1263560906" origin="report" alternativeTitle="mySl"
         recordedFootage="135942060">
        <Participants>
            <Participant name="kx8vuLqDbeL" role="producer" IPDN="yfLAcZ4vizzUW6u7nxji_MGgphEr" performance="main" grossFee="-38238679.94"
                 modifier="B" IPI="eEJ53pKfgvm8YGEGF" birthDate="2019-08-26Z"/>
            <Participant name="KdP8Ce0h1s6PsEMPgwvi" role="performer" IPDN="GwZY11WeJXYX7Ap1QZSy5ne" performance="chorus master"
                 grossFee="662613008.20" modifier="C" IPI="E4tw1mC0xASWYtVtHlSI4" birthDate="2019-09-16Z"/>
            <Participant name="nEO3EXN5Uh-IC_" role="sound engineer" IPDN="egi" performance="supporting" grossFee="639389816.85"
                 modifier="A" IPI="IYSsneTsmYoBqABJi2dXhzgK" birthDate="2020-02-09"/>
            <Participant name="R6o.RkSmn1eMWEgSAD2u9_UeUKqF" role="composer" IPDN="H" performance="main" grossFee="-1516301922.07"
                 modifier="B" IPI="_pxN8qD.8aHnFoJzLzJF1aW" birthDate="2019-03-25Z"/>
            <Participant name="d6cqdyton7RVD" role="remixer" IPDN="Zwuq-S" performance="conductor" grossFee="-61016716.36" modifier="B"
                 IPI="U8hO2A6vj1-" birthDate="2019-11-29"/>
            <Participant name="DzaKuIFp21m50jJi3XCa" role="subscriptwriter" IPDN="MFmn_" performance="chorus master" grossFee="1305974739.34"
                 modifier="B" IPI="ZkPVpN_2GC4UY5TAS2Z5atwjx." birthDate="2019-07-06"/>
            <Participant name="WB9V7CIlnKv6B5N2787Iz67soHq5V" role="remixer" IPDN="Y" performance="conductor" grossFee="-739161209.60"
                 modifier="C" IPI="YUu.WJ4elm5XVx4SOGqRr0" birthDate="2020-05-07"/>
            <Participant name="UQ9rSd_RwRrLO4Up9xOez51qVkg5" role="subscriptwriter" IPDN="SBulOvCrWWDgatoc-Pr6VA9oaP" performance="supporting"
                 grossFee="-1714132656.98" modifier="C" IPI="ijI.O4V8gym" birthDate="2019-09-25"/>
            <Participant name="R" role="performer" IPDN="uAPa.upQ00i" performance="soloist" grossFee="2033171253.37" modifier="B"
                 IPI="pZknkDVDn7E-TG_inz" birthDate="2019-08-20Z"/>
            <Participant name="BDXdV5Gd.U-OQNuAQd.F" role="subscriptwriter" IPDN="xnVKbmxWMScIumObEMC" performance="main" grossFee="-713375316.56"
                 modifier="B" IPI="P." birthDate="2019-08-24"/>
        </Participants>
        <Record title="NBp" spins="39735786" ISRC="5BP0L0H1RL63" year="4988" producer="Nj2r_.FmXIs4UAUXmkz1lirI" label="U0ZfwbIY8Z"
             recordNo="kawp3" serialNumber="FYfRzDl" isPremiere="1" usage="broadcast" ISWC="zT-VIRzwgCok-e5okrsUhD"
             AKA="LUZ5Dy-xXi1XjUXS4dS" genre="composed" broadcastedFrom="2018-10-09T11:21:16Z" broadcastedTo="2019-12-08T11:21:16Z"
             runtime="504923161" origin="commercial" alternativeTitle="YIPbWThnKcbiCsaK64My" recordedFootage="1431772526">
            <Participants>
                <Participant name="jmZG.BdfmqvsZBWFNutTw7d" role="performer" IPDN="Lc" performance="supporting" grossFee="569964727.56"
                     modifier="A" IPI="B9.C0dTeOkx3K-mregoBGRID" birthDate="2020-03-24"/>
                <Participant name="UfMeQlfiDTHKf_6K5fvTwjL" role="arranger" IPDN="TMGbtdZHF" performance="supporting" grossFee="-422942836.03"
                     modifier="A" IPI="E2n-KIs4F2sEf" birthDate="2019-02-04Z"/>
                <Participant name="mCzT_tAbF" role="producer" IPDN="G9oXkw" performance="soloist" grossFee="864799954.88" modifier="C"
                     IPI="jJymTuAYFzn-BX4" birthDate="2019-03-29Z"/>
                <Participant name="AjcU4Z9XZ4wTV4" role="arranger" IPDN="kRSeeXCEQ8_U" performance="supporting" grossFee="609225457.65"
                     modifier="C" IPI="Jfpq6FBzyPfpm1pJNBOXML" birthDate="2020-02-21"/>
                <Participant name="ReQNB_xFyN6jNxL" role="performer" IPDN="klewDYO6fuX4mBYR" performance="main" grossFee="-1215977383.95"
                     modifier="B" IPI="ed16Y9ARxvIX" birthDate="2019-10-04Z"/>
                <Participant name="qah0qMQqGqZw4X-o6lzo_" role="sound engineer" IPDN="Zi4aXHsdhGe.c1jfRJitbX-lJIDv" performance="conductor"
                     grossFee="592673630.06" modifier="B" IPI="LMAFyc0K3ANky4NhgdSH" birthDate="2018-08-24"/>
                <Participant name="e5Pqq1YYwsHbIg-DFUAdL4" role="music director" IPDN="cEqe0N" performance="main" grossFee="662358237.21"
                     modifier="B" IPI="WZR5VlCnV2l-748" birthDate="2019-08-12"/>
                <Participant name="ndlVmI" role="composer" IPDN="wToXYC" performance="main" grossFee="1338235801.14" modifier="C"
                     IPI="cUGhB5W1o6nzXCt" birthDate="2019-09-11Z"/>
                <Participant name="L8T83kZedZ46dNM" role="scriptwriter" IPDN="Ilp5s7rTa.zuzqbNIQftKrmsW" performance="supporting"
                     grossFee="1873825763.84" modifier="B" IPI="GCJYJsbU-Zu4b" birthDate="2019-11-09Z"/>
                <Participant name="XiUQq_BitO13WeT.GOjKRQvjf8" role="performer" IPDN="O6btVPKs-JGj9lvhe_GesdU1F3" performance="main"
                     grossFee="-1383283195.90" modifier="B" IPI="DK1r9jh7_V-n9.Ktls61Tz.QmG3On" birthDate="2019-12-15Z"/>
            </Participants>
        </Record>
        <Record title="yX1_TLqR-Nk8rTA" spins="609496426" ISRC="I1YS1XLBPQU5" year="8320" producer="mLZ8x7vXrE" label="sN_"
             recordNo="Zbh3EMmViXZaPWAfe9O5" serialNumber="Qaxwn6FROkcCeClwVAbCqPaK" isPremiere="false"
             usage="jingle" ISWC="FLknF4Fg-b1vTHD" AKA="XoMWYNOWV42D1movzNbrFOuleTl64F" genre="pop" broadcastedFrom="2019-11-09T11:21:16"
             broadcastedTo="2018-11-25T11:21:16Z" runtime="1602690215" origin="live stream" alternativeTitle="e3"
             recordedFootage="370514326">
            <Participants>
                <Participant name="uea" role="sound engineer" IPDN="cqRD3v9e7oMopuP" performance="supporting" grossFee="1715734505.76"
                     modifier="C" IPI="oaoEi1dDF" birthDate="2019-08-23"/>
                <Participant name="ZGjNET-s9Z7gROKDwo9" role="sound engineer" IPDN="a9Fk-b0cFpCyW" performance="main" grossFee="-2003205012.68"
                     modifier="C" IPI="CTW77Vx62zvFO8TCs22lCI7ft2jg4S" birthDate="2020-04-23"/>
                <Participant name="oc0U-MBE1s0ExP" role="music director" IPDN="RdT99_5xFUjgjzTKW1Kj" performance="conductor" grossFee="-1124258244.54"
                     modifier="A" IPI="zMotIobpAn5qz_LfPB_qSKBQ-VmNWl" birthDate="2020-06-12Z"/>
                <Participant name="HEpsvDdCl724wf79z-E-X" role="producer" IPDN="Y8i4fvGUjSb55FvTH" performance="chorus master" grossFee="-457452026.49"
                     modifier="A" IPI="BrMNVh" birthDate="2019-01-01Z"/>
                <Participant name="VyoIXDuFl6" role="subscriptwriter" IPDN="ZnKIGI7U13sE6Doin37tgzZ6" performance="chorus master"
                     grossFee="-1057997622.34" modifier="B" IPI="c4EkeQ5GgmrlZSwazauemrSdf" birthDate="2020-01-25Z"/>
                <Participant name="N5Ojacg0l3Bd" role="remixer" IPDN="_LolbVrorEs" performance="main" grossFee="401581360.56" modifier="C"
                     IPI="bJa-adID" birthDate="2019-08-25Z"/>
                <Participant name="yqA0qly78An1aaUMscndoEhdrC" role="sound engineer" IPDN="aM6WSXVOc6Ewq7V2CO1Nr1p8Giraz" performance="main"
                     grossFee="1919226756.00" modifier="B" IPI="M.PNSwOqIz" birthDate="2019-01-12Z"/>
                <Participant name="jMwXIHx-KL9u1GNjzpI-R02CvHQK" role="music director" IPDN="VkyEJKGGIKBT0JawH2Lfoce" performance="conductor"
                     grossFee="-607901096.95" modifier="A" IPI="Es9C2VyBOMptv1H5SmykQNx" birthDate="2019-07-19Z"/>
                <Participant name="uxKRQzkaC7gyz7mM-" role="music director" IPDN="QthlqpBcJayMz" performance="supporting" grossFee="-1980831493.92"
                     modifier="C" IPI="nKb96" birthDate="2018-09-14"/>
                <Participant name="m" role="subscriptwriter" IPDN="O_DyFXnxPFozyuPfto4" performance="chorus master" grossFee="-508537123.49"
                     modifier="A" IPI="dokbfL" birthDate="2020-04-05"/>
            </Participants>
        </Record>
        <Record title="oNh79yYVtPlY" spins="128425360" ISRC="723N0QZG4NH4" year="5566" producer="j" label="Vh_w" recordNo="jxdoNhtjvP"
             serialNumber="BJt" isPremiere="1" usage="jingle" ISWC="Hmb-4pJYjMH" AKA="jC" genre="jingle"
             broadcastedFrom="2019-07-27T11:21:16Z" broadcastedTo="2019-04-17T11:21:16Z" runtime="2141679863"
             origin="self" alternativeTitle="umDyiyvHIVUR.wf" recordedFootage="1248686640">
            <Participants>
                <Participant name="wdgzYD8EM4kIsc1I" role="sound engineer" IPDN="iIsW.4bA4k8VJ5dk3z6" performance="chorus master"
                     grossFee="1251132537.56" modifier="C" IPI="fwYNZ-6lq9N3k0-3qdFs" birthDate="2018-12-26Z"/>
                <Participant name="Ml_L5p8aivJriVN7gj1jJhCt" role="arranger" IPDN="P2XVt_ng" performance="soloist" grossFee="1225924038.36"
                     modifier="C" IPI="MSChT1J9i2" birthDate="2020-02-18"/>
                <Participant name="tW9VTX" role="sound engineer" IPDN="WXGkGznP" performance="supporting" grossFee="2065288063.64"
                     modifier="C" IPI="TmwaddmahGkvfJErD604v." birthDate="2019-12-13"/>
                <Participant name="luxRMKAmWRlkTbZT69f" role="scriptwriter" IPDN="wMex" performance="soloist" grossFee="-1128731389.73"
                     modifier="C" IPI="oaWqNbEybmd6y_vs7h.EAyS-Mh-yYK" birthDate="2018-07-16Z"/>
                <Participant name="Yic48K-dvK1DT.pY.oB.R7" role="music director" IPDN="ZoyK" performance="chorus master" grossFee="-1195308211.63"
                     modifier="A" IPI="OWY7alalG6" birthDate="2019-10-22Z"/>
                <Participant name="wQdUmB_yfb3oRxHKlr1cA4bTSZxRD" role="scriptwriter" IPDN="Vq2cNOXLhPJq1f3I_hZREFvGgjXl." performance="conductor"
                     grossFee="-623215902.78" modifier="A" IPI="KiOkLLOtF6kGUKMo2BS19oVxqqD" birthDate="2020-03-25Z"/>
                <Participant name="N.mnaUuZCBp9MvXbvDYPBvgFuS-" role="producer" IPDN="Hdd" performance="conductor" grossFee="1301278237.80"
                     modifier="A" IPI="zPL94" birthDate="2019-07-29"/>
                <Participant name="OCZR-qRxV9gk9s5FKeu4Y6" role="remixer" IPDN="wce0a-9T755GHFjGFBoDu5GB" performance="main" grossFee="920255774.47"
                     modifier="A" IPI="VoeBybAR8mjdw69ER8" birthDate="2018-08-01"/>
                <Participant name="CPrMuuW3feK9rwA798aW3byjHmE1oH" role="subscriptwriter" IPDN="mY5.ASQmsNp.ls" performance="main"
                     grossFee="1168804132.45" modifier="B" IPI="eddm0" birthDate="2019-06-02Z"/>
                <Participant name="ieMmsvDnQ.oSMJQVlXA54O8k" role="music director" IPDN="o8swjO" performance="conductor" grossFee="1175222474.01"
                     modifier="B" IPI="PGlsEtsL0pw" birthDate="2018-10-20Z"/>
            </Participants>
        </Record>
        <Record title="WRGa-JcjyHTjkaNtqU7uGWKwXbQ4" spins="1716370147" ISRC="T3J579UO8OQC" year="3790" producer="DC0R7ni"
             label="XxA" recordNo="ydtefDA4gyDfpm_" serialNumber="r4j8d" isPremiere="true" usage="commercial"
             ISWC="DiI" AKA="Xtq" genre="composed" broadcastedFrom="2018-11-18T11:21:16" broadcastedTo="2018-07-10T11:21:16"
             runtime="318847543" origin="recorded stream" alternativeTitle="xfsQt1Erbn" recordedFootage="2108549905">
            <Participants>
                <Participant name="weRhqHTVPKUrCbs_hwJ6e.3RVvI" role="performer" IPDN="m-O" performance="conductor" grossFee="-1027508077.01"
                     modifier="A" IPI="Zpm3TN5D4OQF0.r" birthDate="2019-04-18Z"/>
                <Participant name="Xq7yE.fzc0.kQGw" role="arranger" IPDN="zxxMJdWrNwMg43-Tgtr3Wyd" performance="chorus master" grossFee="1007359158.09"
                     modifier="B" IPI="syHaT4vhu-kTCWVZtGmZYDtNx-" birthDate="2019-05-10"/>
                <Participant name="JqvBWqOmkl" role="sound engineer" IPDN="Tc3WfD96GwWNVGARkPw-sSI.xX" performance="supporting" grossFee="-1099067015.06"
                     modifier="B" IPI="bT3xIDJb" birthDate="2019-03-28"/>
                <Participant name="T-714i2Ldj1Ndrbvu1P" role="performer" IPDN="WBGB7mumgDUKdCONp29JDhXm6vxx-" performance="main"
                     grossFee="1522652614.58" modifier="C" IPI="f" birthDate="2019-10-21Z"/>
                <Participant name="rE5YeQ4DTmc3gGQ6fEgJuANR2n." role="performer" IPDN="Pue6AgjOZLMZDoCe8-" performance="conductor"
                     grossFee="1286263884.91" modifier="B" IPI="FtozN42u20V" birthDate="2018-09-27"/>
                <Participant name="G0MWJHro-Gzt2DsN" role="subscriptwriter" IPDN="bc1E2mXRf" performance="chorus master" grossFee="1316009966.42"
                     modifier="B" IPI="B2LHBNaI" birthDate="2020-05-13Z"/>
                <Participant name="Fswimuh8fEKkmBR67lm32jaeAU205I" role="arranger" IPDN="MLoJGrEu6ShIlkJVbI" performance="supporting"
                     grossFee="-1030705181.83" modifier="B" IPI="hq2laGrU" birthDate="2019-01-04"/>
                <Participant name="fAyMx" role="composer" IPDN="X7v" performance="conductor" grossFee="317925360.32" modifier="C"
                     IPI="k_301-twzX_" birthDate="2019-06-10Z"/>
                <Participant name="wV2R.1K6z81mkuUe9eaR" role="scriptwriter" IPDN="_2GwO" performance="main" grossFee="1595357128.17"
                     modifier="A" IPI="SCK4" birthDate="2019-11-19"/>
                <Participant name="udh.hUeyRWBrVz" role="scriptwriter" IPDN="AjfD0" performance="conductor" grossFee="-743970109.55"
                     modifier="A" IPI="QYTXtnl4.Jjf14bA99le" birthDate="2020-04-30"/>
            </Participants>
        </Record>
        <Record title="Tp" spins="1347806308" ISRC="DSVF0S008K97" year="6369" producer="QXsNyMrsy1gT3JoGhILkVGlQ" label="dYIglz5gjDQkNKZZieLkd"
             recordNo="UQq" serialNumber="R_KxrRUX_eY" isPremiere="true" usage="commercial" ISWC="AEF8_SpduHcyQq1W0w"
             AKA="RG0FjgTUiE5" genre="composed" broadcastedFrom="2019-07-01T11:21:16Z" broadcastedTo="2019-03-17T11:21:16Z"
             runtime="1789614073" origin="free of charge" alternativeTitle="FWPnr-rOGHVbdDJL4JZo3SPD2"
             recordedFootage="2016026021">
            <Participants>
                <Participant name="c655KXd" role="performer" IPDN="HpQ6T8l.eHn7Arrg6s" performance="conductor" grossFee="858966492.94"
                     modifier="B" IPI="Ut8WbWnfQ6Ptk.G" birthDate="2020-06-30"/>
                <Participant name="vmGQjd55ZDKcqI" role="sound engineer" IPDN="w2R4PRJ_-Fj" performance="soloist" grossFee="-151247954.60"
                     modifier="B" IPI="qhrjQgUyRJruOtbLDUKsrQcevE81l" birthDate="2018-11-28"/>
                <Participant name="p66gNLgJeqxqnImixRM4qRcXV" role="remixer" IPDN="gW_yigg5UNaLxGN5yYLgJ4BFz." performance="chorus master"
                     grossFee="1399310885.63" modifier="A" IPI="wC0GgTQpuAH" birthDate="2018-09-04"/>
                <Participant name="o7AOEcLWcFBJz4S" role="subscriptwriter" IPDN="iUFug6qhhvsqdsd03hqK760sDre" performance="chorus master"
                     grossFee="333847157.66" modifier="B" IPI="SaBTvOPq" birthDate="2018-07-15"/>
                <Participant name="c3fpN0-AlelwRlpYew" role="arranger" IPDN="h9-XMeSU636xALs2RfNxtj4beHpP" performance="main" grossFee="524432777.85"
                     modifier="B" IPI="F_k0e-rthg624fE" birthDate="2019-10-11Z"/>
                <Participant name="Nz" role="remixer" IPDN="G" performance="soloist" grossFee="1663163699.67" modifier="C" IPI="GaJ4ff"
                     birthDate="2018-07-12Z"/>
                <Participant name="oaPWcujF6utqqK3QlLEZo94Vdt" role="composer" IPDN="o5iwlBRD" performance="chorus master" grossFee="-941587764.68"
                     modifier="B" IPI="gkAv" birthDate="2018-11-03"/>
                <Participant name="aQaTnOOVRLvOEm_lqpx6a" role="composer" IPDN="gp_9Oq52_I" performance="main" grossFee="-965752365.74"
                     modifier="A" IPI="Yi2ppq9T_HkOkbb0MYSTeNTDI-" birthDate="2019-03-12"/>
                <Participant name="pfXGeBn_fMR" role="arranger" IPDN="PvG" performance="supporting" grossFee="-327969907.85" modifier="B"
                     IPI="DR" birthDate="2019-12-30Z"/>
                <Participant name="XLX" role="performer" IPDN="G8_hkyhTvgT-7" performance="conductor" grossFee="-1126100140.09" modifier="B"
                     IPI="k0k1.9rhH3ETtV85E" birthDate="2020-02-23Z"/>
            </Participants>
        </Record>
        <Record title="lrt9UPiT6G0" spins="1526920845" ISRC="YG8SXWRIEKME" year="0608" producer="A4EWe9" label="QWGQ_p"
             recordNo="zwZtfnWYmTZFG2N0Lcv0" serialNumber="RT1CetofvXBaIelhW" isPremiere="false" usage="jingle"
             ISWC="kFidufyU0YKRxrwYzkNwFPA8CC" AKA="kMhu1nSvFOPJd1oA-LRPhqo" genre="composed" broadcastedFrom="2018-08-13T11:21:16Z"
             broadcastedTo="2018-11-19T11:21:16" runtime="2081551033" origin="live stream" alternativeTitle="KD8HZZr"
             recordedFootage="1229869167">
            <Participants>
                <Participant name="Y_qn_y1R" role="arranger" IPDN="SruD.CnoYthWGLQWOU" performance="conductor" grossFee="2063795753.71"
                     modifier="B" IPI="QvrDeKp3" birthDate="2019-12-25Z"/>
                <Participant name="WHdcAagScqqLywpADwcggdz" role="producer" IPDN="u9lO" performance="soloist" grossFee="-2136933506.85"
                     modifier="A" IPI="lAM7Po3bLE5KlJ.LxzHU" birthDate="2019-10-22Z"/>
                <Participant name="vL.622ADDsOCTpq" role="remixer" IPDN="wjH_6Gg" performance="conductor" grossFee="735973725.02"
                     modifier="A" IPI="JC" birthDate="2019-10-14Z"/>
                <Participant name="GlRh" role="performer" IPDN="uPpt" performance="chorus master" grossFee="-74321498.85" modifier="B"
                     IPI="JRx7ofr" birthDate="2019-12-25Z"/>
                <Participant name="ZsCYWf2rSELYSJ" role="performer" IPDN="ebfnVGvjEEPN" performance="soloist" grossFee="-1008464566.76"
                     modifier="C" IPI="FdjJ5jcVEHNc5dcJGTBI5" birthDate="2019-10-10Z"/>
                <Participant name="f7M2jaIEme8GK" role="performer" IPDN="pS1Iikt9JzyTDtjzElg" performance="main" grossFee="89743116.40"
                     modifier="C" IPI="lspJ7owb2G" birthDate="2019-11-12"/>
                <Participant name="BcfU0306Y9szyEQrGM" role="sound engineer" IPDN="ZwIp3HNUarUO.c" performance="chorus master" grossFee="681414996.80"
                     modifier="A" IPI="RYZDFlk3fDRgB.5VhxVZv0vavOAlKk" birthDate="2019-12-24Z"/>
                <Participant name="E7CsYv5TBI5ZHr9q_bmwNE" role="music director" IPDN="pCf.r.1PRO26epLx" performance="main" grossFee="86038947.63"
                     modifier="A" IPI="Y._RCWv-rIoFyppK" birthDate="2019-08-10Z"/>
                <Participant name="k3VqolvjsUW" role="performer" IPDN="NbuImiLJxaica1_ib" performance="conductor" grossFee="-487146006.49"
                     modifier="C" IPI="yS5Bn" birthDate="2019-07-29"/>
                <Participant name="AqNDBn-JpSrBr9aq8ugDJdJI" role="scriptwriter" IPDN="XbviOuC.2W3" performance="conductor" grossFee="1831335264.96"
                     modifier="A" IPI="lW_Noyx0pURr" birthDate="2019-06-14"/>
            </Participants>
        </Record>
        <Record title="WRhUWuym9NR." spins="340071558" ISRC="1B55CL3311TP" year="2799" producer="I" label="ubRj.NXaPZZPhBUDS7mnqxpoIDS"
             recordNo="VwvAyt9L0-JZqdK9P7RT35" serialNumber="JGdplzIoxiLXSIacfzB0SUNG_" isPremiere="true"
             usage="jingle" ISWC="MOOQLjWTlyU.FNn8J" AKA="MH" genre="classical" broadcastedFrom="2019-05-24T11:21:16"
             broadcastedTo="2018-08-01T11:21:16Z" runtime="641135628" origin="self" alternativeTitle="uIF44sJcid3iw8B.7Q3"
             recordedFootage="630573266">
            <Participants>
                <Participant name="bm_IgoyxNFjUhm.h3" role="performer" IPDN="P" performance="supporting" grossFee="-504475435.27"
                     modifier="B" IPI="ok" birthDate="2019-07-23"/>
                <Participant name="NFlFozoNWfyQ9y9WoTP" role="remixer" IPDN="A9Digk40tgg" performance="conductor" grossFee="59929073.27"
                     modifier="A" IPI="k_1BMghV0Cmiv3-AKOajO5Y" birthDate="2019-07-31Z"/>
                <Participant name="dv3" role="music director" IPDN="LBxUvD8f" performance="conductor" grossFee="-1674373071.41" modifier="A"
                     IPI="LqbIW" birthDate="2018-12-26Z"/>
                <Participant name="_4FSlUPkVdLHTiXHl" role="arranger" IPDN="syLSYMHhg.VOXZ2_I." performance="chorus master" grossFee="48953886.76"
                     modifier="B" IPI="UzCp7YezykyXYNdpJ" birthDate="2019-07-28"/>
                <Participant name="Yyxrzxly" role="producer" IPDN="I0QrV" performance="main" grossFee="-1252393288.58" modifier="B"
                     IPI="sAjm6L4juwW" birthDate="2020-06-11"/>
                <Participant name="IQmG93DYW1p_I-thfdO91plu-" role="performer" IPDN="Va5loB" performance="main" grossFee="-58099844.51"
                     modifier="C" IPI="n9Q2" birthDate="2019-04-23"/>
                <Participant name="X" role="music director" IPDN="HXmb-ZsJzriG" performance="main" grossFee="1846209188.38" modifier="C"
                     IPI="l7RLfPU" birthDate="2019-07-14"/>
                <Participant name="sFi989Ay4" role="remixer" IPDN="XV.E3cbtto" performance="supporting" grossFee="1581279676.60"
                     modifier="C" IPI="e" birthDate="2018-10-15Z"/>
                <Participant name="AP0_Yx3FT0WbWFt6SPxJRvCWLFkn" role="composer" IPDN="OdpkSkNhz5Xuyxtc5T_" performance="conductor"
                     grossFee="-880931042.45" modifier="A" IPI="UzmNYnegnIdfRvabM" birthDate="2018-08-27Z"/>
                <Participant name="_V3qa_QtRYCmUzMFvu_AE" role="music director" IPDN="Wu4A1LWmapBzy_7q0" performance="main" grossFee="175252363.06"
                     modifier="A" IPI="CUTaO6Ef7bnCcOcwSpZuTZFqRBAYQq" birthDate="2018-08-19Z"/>
            </Participants>
        </Record>
        <Record title="BTM.DscBQ0FJlqOAsIBbRreud6E5" spins="786520987" ISRC="R9XH6347229V" year="2718" producer="J"
             label="TKRLQRcrhV" recordNo="GkDnJm865uYD0" serialNumber="Fc1R4" isPremiere="false" usage="commercial"
             ISWC="zjQBNJzDrG4Werm" AKA="mTKf2xFqb9F8HKCWWq5JcSkIhU0" genre="pop" broadcastedFrom="2019-04-15T11:21:16Z"
             broadcastedTo="2020-05-06T11:21:16" runtime="348390227" origin="recorded stream" alternativeTitle="yQ"
             recordedFootage="1843259360">
            <Participants>
                <Participant name="mfFo1QYjgGDn" role="producer" IPDN="kLOLUuvwsJYymKqft2URkkoD9l" performance="chorus master" grossFee="-1105215979.34"
                     modifier="B" IPI="DiYDb27M" birthDate="2019-03-11Z"/>
                <Participant name="VrDT-wnLSA9." role="performer" IPDN="UTN2rT" performance="soloist" grossFee="-927206838.74" modifier="B"
                     IPI="xbXgisxM-" birthDate="2018-08-09"/>
                <Participant name="oghg-2M9iSdorfJh" role="subscriptwriter" IPDN="oxOvuM6aD9rDBaJRJ" performance="supporting" grossFee="742941044.27"
                     modifier="B" IPI="Z6c9frTpk6QhfQoYFrWckXvsTf2b" birthDate="2019-06-20Z"/>
                <Participant name="YNQZ1Wkh" role="producer" IPDN="i6" performance="supporting" grossFee="1099199317.14" modifier="B"
                     IPI="BHR1HFY3gZ8q16mpg" birthDate="2018-09-03Z"/>
                <Participant name="p-.pn-2mh5U" role="music director" IPDN="IzVTSSC34T18e_JFwSZoJWmGm" performance="supporting" grossFee="1513490046.97"
                     modifier="C" IPI="F9kZoxTsVplRw_Q5UL7sDihzbcXp" birthDate="2019-08-18"/>
                <Participant name="ngvF24zjHB" role="music director" IPDN="FpSh6mBBMGikw_CF3GTvJrX" performance="chorus master" grossFee="-772513025.85"
                     modifier="A" IPI="yJiLo9jk6KxObh" birthDate="2019-02-08Z"/>
                <Participant name="_6LODkd2sVKdifaao99c.XwZg.B" role="producer" IPDN="MdyHG-WQ2QfeotOfeP8sp" performance="supporting"
                     grossFee="-413635292.32" modifier="C" IPI="rOHN2wUjTgczdfPpQymeOiA" birthDate="2019-07-10"/>
                <Participant name="wjU.oLNhwux" role="producer" IPDN="drH0MK7PwbpE1O1ByLSTTxodI60" performance="main" grossFee="-492973854.14"
                     modifier="A" IPI="pp0Q.K1BuZ" birthDate="2019-03-12"/>
                <Participant name="RO" role="performer" IPDN="L" performance="supporting" grossFee="-3156059.46" modifier="A" IPI="TElT_Cv3TYT7-"
                     birthDate="2018-09-19Z"/>
                <Participant name="xtwLsFNVVYW9W" role="remixer" IPDN="DQ6WzOz_tWKnAfvqXvNo9Ju9azE3Am" performance="soloist" grossFee="1449211623.49"
                     modifier="A" IPI="VuDFtm9lMSPFCVb8-gb9yOCL" birthDate="2020-04-18"/>
            </Participants>
        </Record>
        <Record title="WSX8fblkB56r" spins="574600778" ISRC="JJ7PLEIWQ73K" year="6513" producer="DBTt" label="IepBEg"
             recordNo="W070G" serialNumber="Qr93uH" isPremiere="true" usage="commercial" ISWC="zMyUtT0XMC1W-4v_-ERcF6"
             AKA="GwsOsZh5xduN.r" genre="spoken word" broadcastedFrom="2018-10-22T11:21:16" broadcastedTo="2020-04-11T11:21:16Z"
             runtime="36969220" origin="commercial" alternativeTitle="k8AiKwz8sfH-P2O8CXsum1CC" recordedFootage="672735357">
            <Participants>
                <Participant name="ldDxl2E.Y82bEo0J2RZmAPeI3oldi" role="music director" IPDN="IbS._XMNnfD" performance="conductor"
                     grossFee="-1280366355.44" modifier="A" IPI="zZHpQq5zG9yoV7_q" birthDate="2018-11-11Z"/>
                <Participant name="fH5Id" role="subscriptwriter" IPDN="RtVLVeejoHBRXVwZTQGhc0" performance="chorus master" grossFee="-792773683.86"
                     modifier="B" IPI="lV93wkm6ieKhJo80nJKq" birthDate="2019-03-26Z"/>
                <Participant name="woUw9" role="subscriptwriter" IPDN="j" performance="supporting" grossFee="1134444606.73" modifier="A"
                     IPI="Qq90EP_yd_wsSvn" birthDate="2019-07-25Z"/>
                <Participant name="AjbiY" role="composer" IPDN="h_aydguX" performance="soloist" grossFee="-1182738142.58" modifier="A"
                     IPI="qgIw7jisFCpSvW-iHl" birthDate="2020-03-29"/>
                <Participant name="WZIn7rWltCI3" role="subscriptwriter" IPDN="GLbClRg-iZ0du2VqpezY" performance="chorus master" grossFee="-1921604792.81"
                     modifier="A" IPI="USS-k8" birthDate="2020-01-20"/>
                <Participant name="Ud7L8oe4uK_Xvvi56SX-O" role="performer" IPDN="MlgDgRVFr5T" performance="supporting" grossFee="-806088825.77"
                     modifier="A" IPI="s1h0-d2QTw.ZmrYPuhA" birthDate="2020-06-13Z"/>
                <Participant name="wBNKXFCtrA1" role="music director" IPDN="G" performance="conductor" grossFee="559611312.85" modifier="C"
                     IPI="R8MKTYcV9gR0h1dz87NchRsPquy_lL" birthDate="2020-05-19Z"/>
                <Participant name="vlfq7g6TnshqvCyDHSzEF_IYKkf" role="remixer" IPDN="m0nuXU-F69vGpCzL" performance="soloist" grossFee="443587252.78"
                     modifier="B" IPI="NjTGKXbkJPr7R4h" birthDate="2019-11-19Z"/>
                <Participant name="s2j" role="producer" IPDN="OaQFeEkMb1" performance="chorus master" grossFee="-1527772933.25" modifier="B"
                     IPI="irIMPv5DpuU.2GMuLC0w" birthDate="2020-03-03Z"/>
                <Participant name="hIsXNJhTVC_KMoh2IWrk" role="composer" IPDN="AbH-2-t7cKKDzysfoR2" performance="main" grossFee="37911878.42"
                     modifier="A" IPI="hrp" birthDate="2019-02-02Z"/>
            </Participants>
        </Record>
        <Record title="q5extiy" spins="551653312" ISRC="O2Q60TZS6G59" year="8376" producer="wFuUz73" label="WGwrp-je1Y2plax"
             recordNo="c5hv7_En" serialNumber="rTPSn9Ype17ZrW-" isPremiere="true" usage="jingle" ISWC="EP"
             AKA="ZFUz19rpA__N2D78RK8Q8dY28Q" genre="spoken word" broadcastedFrom="2019-05-07T11:21:16Z"
             broadcastedTo="2019-06-13T11:21:16" runtime="1835535680" origin="free usage" alternativeTitle="Nw_gN2TlGI"
             recordedFootage="2032404273">
            <Participants>
                <Participant name="ycW3jAM.V3PoK_RwABCD6MM3x-W_h" role="scriptwriter" IPDN="JyIPA3CB9L.F0d" performance="conductor"
                     grossFee="1206840615.26" modifier="A" IPI="zI11jLNM9T..XnUyHKxWghX_zgu" birthDate="2019-09-16Z"/>
                <Participant name="AC" role="performer" IPDN="TlVZUgivF-A8wn" performance="main" grossFee="555459929.76" modifier="A"
                     IPI="BxU8aw1CWXmiALd67SnKt9Q" birthDate="2019-12-24Z"/>
                <Participant name="qm1K5rCRXKhgGuMKiq5G2Ty1moCr0-" role="producer" IPDN="c17hPkAn1smTFsLeUnAtErmMID.pAL" performance="soloist"
                     grossFee="-1942920954.81" modifier="B" IPI="Qr03GeQuC4NDZj8QXTirtaxom0wqW" birthDate="2019-07-17Z"/>
                <Participant name="alY9J5B1ItbcNdXpIWrya6" role="subscriptwriter" IPDN="ynFQv-3E6cIH" performance="chorus master"
                     grossFee="1433428860.73" modifier="C" IPI="b3vl3S8vPl.nd3do5DUH1Z9" birthDate="2018-10-20"/>
                <Participant name="xwcR25woT8wE_efLOqiylMaE8" role="subscriptwriter" IPDN="CAdQL-VYRp8U5c4fnoL" performance="conductor"
                     grossFee="2102265315.33" modifier="C" IPI="q" birthDate="2018-10-08"/>
                <Participant name="K2d3b4i5R" role="performer" IPDN="ldSPU" performance="conductor" grossFee="513375561.54" modifier="C"
                     IPI="UeOAJMGlIsgA6bhUXcf" birthDate="2019-10-16"/>
                <Participant name="RkCiS9K44qyaJ2L" role="music director" IPDN="mctDy7Kc_DxnaNkmrS7" performance="main" grossFee="106464797.59"
                     modifier="A" IPI="OgHpxmxaoOvn" birthDate="2019-05-18Z"/>
                <Participant name="zvWcAHvMJ_ldr" role="performer" IPDN="cQ_r4XSfG" performance="supporting" grossFee="1556035220.22"
                     modifier="A" IPI="mU" birthDate="2018-11-10"/>
                <Participant name="TAhb" role="music director" IPDN="vDfeymT" performance="soloist" grossFee="179764776.32" modifier="C"
                     IPI="lEiiH" birthDate="2019-02-07"/>
                <Participant name="MPsr" role="remixer" IPDN="UQlmwJzEsXrQx" performance="conductor" grossFee="-94582548.84" modifier="A"
                     IPI="Mhj" birthDate="2019-10-14Z"/>
            </Participants>
        </Record>
    </Record>
    <Record title="Wk42O7EoXcEZCIzOt5AN" spins="1232555904" ISRC="52ZVFM9DU4D6" year="2908" producer="FgjAiqrUVuiXpkfd0w3XPQl."
         label="lrGg-at0tyufhlf_8gg.nH" recordNo="C95IH-ec86q" serialNumber="IkhvmOwR" isPremiere="1"
         usage="broadcast" ISWC="kM9csXPh4qmnWd_82s" AKA="miHl4lySN4e" genre="pop" broadcastedFrom="2019-03-05T11:21:16Z"
         broadcastedTo="2019-03-04T11:21:16Z" runtime="1527854745" origin="live broadcasting" alternativeTitle="ASMhj_y4XVcz2rI5j3h0zjzG5M_D"
         recordedFootage="1363161061">
        <Participants>
            <Participant name="ROpqEzqyUSmb1yPbVrAOLVFI" role="composer" IPDN="cf_ssCYwcU5z53" performance="supporting" grossFee="1203248224.67"
                 modifier="A" IPI="jxgMwdwyfmOKDYg-ElM9L" birthDate="2019-05-07"/>
            <Participant name="eAYlam6nhk_SJxGjMDoN37l-hr." role="sound engineer" IPDN="Ru0uocBtY.PBKoyJc" performance="chorus master"
                 grossFee="-878069360.08" modifier="C" IPI="m" birthDate="2019-11-07Z"/>
            <Participant name="v7XO" role="remixer" IPDN="NFBoi0CuyDyS" performance="conductor" grossFee="46861018.50" modifier="B"
                 IPI="v58e" birthDate="2020-06-02Z"/>
            <Participant name="ju4ZqWCrn-x6C5c7M-WqNP" role="arranger" IPDN="w78bpLv" performance="supporting" grossFee="429961156.47"
                 modifier="C" IPI="IEyx9NnN3sfPGdyZ530IKT..yF" birthDate="2018-10-11"/>
            <Participant name="_1ONtr-RsfweVj9Xdp4m_M" role="sound engineer" IPDN="AVImygXFjr1" performance="main" grossFee="-1538848389.32"
                 modifier="A" IPI="x4Jh" birthDate="2020-06-16"/>
            <Participant name="CXy.uKm6njOoQO0.bJMi" role="performer" IPDN="MHW" performance="conductor" grossFee="1931901758.88"
                 modifier="A" IPI="D" birthDate="2019-10-12"/>
            <Participant name="Wxe3bPY" role="arranger" IPDN="ALIwyq-GlweR30g3iBLjRP" performance="soloist" grossFee="862394577.04"
                 modifier="A" IPI="zKHf8i3gTYoQRadR2I2MmVo" birthDate="2019-12-30"/>
            <Participant name="lqWT9G0CR8iPNGNj" role="music director" IPDN="UJy6PKSIMe4gjctFzJnRkoSB" performance="chorus master"
                 grossFee="536061287.92" modifier="C" IPI="q_hyo61lnFRwFW" birthDate="2018-11-20"/>
            <Participant name="IQRUi3mqg6_iOdJtbD6lZ" role="remixer" IPDN="zW-x0ceDv_PkpwD8XE" performance="conductor" grossFee="-956573151.63"
                 modifier="C" IPI="Ai" birthDate="2019-09-08Z"/>
            <Participant name="v37JEmis" role="arranger" IPDN="GP21qm2R_pL.CGeTRh" performance="chorus master" grossFee="186153557.04"
                 modifier="A" IPI="mKizxXRWcw3Pul6eo_IDd-HDs" birthDate="2020-05-26Z"/>
        </Participants>
        <Record title="zS9F4_PnK8vRIgc1.gjh" spins="457916899" ISRC="0UR6GD10664K" year="5216" producer="gidJX-rmWI4f"
             label="OkKC9xhBs4pBoN88xuBX1W6hG0N5" recordNo="r8-yL" serialNumber="Qs1v" isPremiere="1"
             usage="broadcast" ISWC="aGgpRFYtPk1OsSDCRTY19ZQ" AKA="CI9" genre="jingle" broadcastedFrom="2019-03-04T11:21:16Z"
             broadcastedTo="2018-08-28T11:21:16" runtime="179117414" origin="free of charge" alternativeTitle="AOI035eT0Snk"
             recordedFootage="643715897">
            <Participants>
                <Participant name="cQjh2a5B" role="performer" IPDN="TzVpwjfTPwfW8bct" performance="chorus master" grossFee="-637412043.40"
                     modifier="A" IPI="wqUrZlA88EZTZK3VlDeyc8SDGXG" birthDate="2020-06-14"/>
                <Participant name="ywGchGA2UXA.z" role="arranger" IPDN="u3TZIJ71OhkawQIs-2b8bZpkHTJ" performance="soloist" grossFee="-1257819628.06"
                     modifier="B" IPI="I1mXpBHYUcYh1.ROYwg7" birthDate="2018-10-11Z"/>
                <Participant name="C22EjG1Q3jZ6gC5" role="composer" IPDN="Ov3lSteqPJKUa2" performance="chorus master" grossFee="-2074677035.81"
                     modifier="A" IPI="sJ4iKNpeBDzkKDXZ0qssb" birthDate="2019-05-25"/>
                <Participant name="Mots0gMPcz4f" role="producer" IPDN="sItnwp" performance="soloist" grossFee="-1542123801.66" modifier="A"
                     IPI="TXagQ_KWxsfUueJ-FqZ6U7pTRGMo7" birthDate="2018-10-27Z"/>
                <Participant name="DkXrWI9cp0KKwpTxS" role="performer" IPDN="J5DKEvx-h" performance="supporting" grossFee="1285378108.40"
                     modifier="C" IPI="vNDx6vfhVrncN-NIOvZmHGAa" birthDate="2019-06-22Z"/>
                <Participant name="r4vcUD_l.B7DsnT9By" role="scriptwriter" IPDN="CMCs09qeqPK9xpN5xcFvkIKw" performance="soloist"
                     grossFee="-405237937.29" modifier="A" IPI="SPNLL76Gg6Dihe2uZ" birthDate="2020-06-15"/>
                <Participant name="llfsSnc" role="subscriptwriter" IPDN="ksUtZ_T3s0iMUZ2O" performance="conductor" grossFee="152666021.55"
                     modifier="C" IPI="ZuTar9CM" birthDate="2019-02-17"/>
                <Participant name="y94GVzF" role="producer" IPDN="jlATLajd.AWZsX2g" performance="supporting" grossFee="1816542055.27"
                     modifier="B" IPI="oZMm68M7w0HGRPtv9GRpM" birthDate="2018-12-13Z"/>
                <Participant name="KSkrlI4tcCZI_sbZXI8owxamOtxz" role="sound engineer" IPDN="f4kw9xepLm" performance="soloist" grossFee="1581890570.76"
                     modifier="B" IPI="bjd0sljx_S" birthDate="2019-07-13Z"/>
                <Participant name="gnMODgVf7NiGjS." role="producer" IPDN="r-IJV_FPZZDJXiH2qVijv2" performance="main" grossFee="1256980644.19"
                     modifier="B" IPI="Pqj8mL4.-kEsL76310J8adC" birthDate="2020-01-18"/>
            </Participants>
        </Record>
        <Record title="wsCZvOr_f8WMnyVSiEt" spins="629894397" ISRC="MHXC540QWIY3" year="9339" producer="HQ" label="z"
             recordNo="niVgncg3sPU7N.wxs456Ybp" serialNumber="cYb4KMVt0" isPremiere="0" usage="jingle"
             ISWC="tPXX-_AeYfzrsFky6VuS5" AKA="xhj_Dd." genre="classical" broadcastedFrom="2019-01-31T11:21:16"
             broadcastedTo="2018-11-22T11:21:16" runtime="265858076" origin="report" alternativeTitle="STPqh9dV3JEB"
             recordedFootage="504586209">
            <Participants>
                <Participant name="efG29jxg" role="arranger" IPDN="_.zDYLTbPFDyvPmYC2kI_yS" performance="supporting" grossFee="-189351981.19"
                     modifier="B" IPI="JAWsxhp" birthDate="2020-02-29"/>
                <Participant name="UqdFHjuwpfP_2-" role="producer" IPDN="wY.rvFdKIQZHGdIKH" performance="supporting" grossFee="-1776820941.57"
                     modifier="C" IPI="L_YEzgDl" birthDate="2020-03-28Z"/>
                <Participant name="wSwbBc.ETy9.lNFCKOSrqqIB" role="music director" IPDN="xN5Vylq0" performance="soloist" grossFee="780679689.49"
                     modifier="A" IPI="oug51.Az" birthDate="2020-03-20Z"/>
                <Participant name="nyyw7M9.KBn" role="scriptwriter" IPDN="sKTHIe" performance="supporting" grossFee="-262295358.86"
                     modifier="A" IPI="HT3OPM7b" birthDate="2020-02-01"/>
                <Participant name="wAbtpw9" role="performer" IPDN="GCV8EG4eS" performance="soloist" grossFee="-1013302935.96" modifier="C"
                     IPI="q" birthDate="2018-11-04Z"/>
                <Participant name="mB4ERQFyyGh4h2tCp2ZkMGMl" role="scriptwriter" IPDN="zgnmXYuyrLfDF3.H" performance="soloist" grossFee="1225935463.28"
                     modifier="C" IPI="zeegd0y5d1EdeM7ATLJNa6q4cPM.N" birthDate="2019-05-15"/>
                <Participant name="TxW" role="subscriptwriter" IPDN="ZnuixjyOp71" performance="main" grossFee="1453399126.35" modifier="C"
                     IPI="gvh.L8EQ7s" birthDate="2020-02-23Z"/>
                <Participant name="lXO2" role="subscriptwriter" IPDN="J4SBEDjtqe" performance="main" grossFee="34334037.96" modifier="B"
                     IPI="bTOXP-rywLFL" birthDate="2020-02-20"/>
                <Participant name="Qw2h4PfovtqX3.lA" role="subscriptwriter" IPDN="qbDChjg3Be-OHBTp1Xce5SgyanRuuq" performance="supporting"
                     grossFee="-730629193.21" modifier="A" IPI="TvmRlTDI8uD8__oxkL2q_VZ0OJGLM" birthDate="2019-01-10"/>
                <Participant name="GBM" role="scriptwriter" IPDN="uaG8sKx" performance="soloist" grossFee="998452223.14" modifier="C"
                     IPI="LJYk0H4N26jXjPX-xJa6z" birthDate="2018-11-22"/>
            </Participants>
        </Record>
        <Record title="j7GUtyKSLkWqRF" spins="1521508029" ISRC="1E49CI9KH57W" year="0392" producer="_K4Th" label="E"
             recordNo="spLjr1f7fdMfyXcxEXJUmrgMXCCxE" serialNumber="GFK_9N6_iGIza4yKTFvGsrh23i" isPremiere="0"
             usage="commercial" ISWC="E5ul6O" AKA="wjQ-v6Yd6Co" genre="classical" broadcastedFrom="2019-09-16T11:21:16"
             broadcastedTo="2018-10-16T11:21:16" runtime="1133155455" origin="commerce" alternativeTitle="sGE_GfF77bJk72e7qTQqBY7MWUk6D"
             recordedFootage="2116956946">
            <Participants>
                <Participant name="YHWHC1" role="composer" IPDN="k_x8PN" performance="main" grossFee="-1572575590.27" modifier="B"
                     IPI="s" birthDate="2019-11-04Z"/>
                <Participant name="jkm4bFnzHf163sg" role="performer" IPDN="eSvioE-zisfY4ZeIf5ALdwm.aA" performance="conductor" grossFee="834464770.95"
                     modifier="A" IPI="iIOoMqy7Fs3" birthDate="2018-07-15"/>
                <Participant name="jl7MJTPOKtu-gUBie" role="subscriptwriter" IPDN="BHfxT.b.I3zGrN2" performance="chorus master" grossFee="746169162.89"
                     modifier="C" IPI="e_mdNZAk-eq0z4VC8_JCHf3UD2wI" birthDate="2019-06-24Z"/>
                <Participant name="p1lbOSCstzzCl0lIWy" role="composer" IPDN="pYNCsiYTqUsJKF-txhm_qBjDl" performance="supporting"
                     grossFee="-851687904.77" modifier="A" IPI="WpVHL8csq7F9y4FhWCwmNg" birthDate="2019-10-17"/>
                <Participant name="ehi" role="scriptwriter" IPDN="wzwJg7" performance="conductor" grossFee="-2057990966.82" modifier="C"
                     IPI="vso_MHOdLTuLnzAW4aBQFYQ" birthDate="2019-06-04Z"/>
                <Participant name="PpC7HnbwIT6AkYSJBgixGocmE" role="scriptwriter" IPDN="we2x390" performance="conductor" grossFee="1171566280.31"
                     modifier="B" IPI="Gj" birthDate="2018-10-28"/>
                <Participant name="TYH7.rvsw1le7O_Y_LGS" role="subscriptwriter" IPDN="v1" performance="main" grossFee="-338195732.75"
                     modifier="A" IPI="yLl_IU6LW7XizGsZZ.KfLLWdOP" birthDate="2019-08-23Z"/>
                <Participant name="K3g4e" role="arranger" IPDN="CJHY2HppglDB661TX47Kp" performance="conductor" grossFee="-303900271.93"
                     modifier="C" IPI="aazC" birthDate="2020-06-22Z"/>
                <Participant name="pBUxL" role="performer" IPDN="LCB" performance="supporting" grossFee="-1984750410.24" modifier="A"
                     IPI="HB0eJ_v6mOiuwh2GhYSH" birthDate="2020-05-25Z"/>
                <Participant name="ngfEE." role="composer" IPDN="GFS2" performance="supporting" grossFee="158296704.18" modifier="B"
                     IPI="m2gmTl" birthDate="2019-04-21"/>
            </Participants>
        </Record>
        <Record title="uz1juh.NqhobnyNm0Ph5UOOO" spins="1454036139" ISRC="0Z3H85F56470" year="7123" producer="g" label="LTLkxNsyZtp66aGhQHLzc"
             recordNo="k1lDXrOJKMSwqYaW-wsy1P" serialNumber="ldHBieel0KCFK" isPremiere="1" usage="commercial"
             ISWC="MtR" AKA="K-__VSGr3yjeOay.x" genre="classical" broadcastedFrom="2019-02-08T11:21:16"
             broadcastedTo="2018-12-22T11:21:16Z" runtime="797181224" origin="live stream" alternativeTitle="_GO0eg6fBCPc6jNM4EeTnhZ"
             recordedFootage="1196766725">
            <Participants>
                <Participant name="qJd2f8891N7CD0UJ" role="performer" IPDN="r-79pMH-gj7dPr" performance="supporting" grossFee="944257456.25"
                     modifier="C" IPI="fue.TKC6a" birthDate="2019-04-19"/>
                <Participant name="UaWtzt-AtesFI0IwWK" role="music director" IPDN="CgdG_VV6rUY.Fye0d" performance="supporting" grossFee="-1488685075.44"
                     modifier="A" IPI="ni4JGQs" birthDate="2018-08-07"/>
                <Participant name="aUt6le43sDAt" role="performer" IPDN="U-cbPd0VYc81r.2s_tlG.3egr" performance="conductor" grossFee="-1931114927.34"
                     modifier="B" IPI="ZC3" birthDate="2020-01-09Z"/>
                <Participant name="mCgfR7povwvhsIr" role="subscriptwriter" IPDN="yMYLmkMl" performance="soloist" grossFee="-1747341251.82"
                     modifier="A" IPI="AgAwprhpkzmYO0_Wjs7o" birthDate="2018-10-10Z"/>
                <Participant name="ATec1" role="sound engineer" IPDN="lz" performance="conductor" grossFee="-442990046.76" modifier="C"
                     IPI="MY3vxWV" birthDate="2020-07-02Z"/>
                <Participant name="X4I5nXtvqfjsS39Ri" role="sound engineer" IPDN="cjsbkNaMtvnimGzHLNShkwVKscZ1H" performance="main"
                     grossFee="966107657.19" modifier="B" IPI="yQQ" birthDate="2019-09-20"/>
                <Participant name="AJis6" role="sound engineer" IPDN="nFgk43hchhnaakP" performance="main" grossFee="-1228248976.01"
                     modifier="A" IPI="d_IzxWElVSS3zYjtXNSDtVlVESt" birthDate="2018-09-20"/>
                <Participant name="i5DTq9F6FfNaQRbEoOU-vNbzSKpPVS" role="producer" IPDN="l.5rbKdLScs" performance="supporting" grossFee="226217613.93"
                     modifier="A" IPI="C-bqVDCuAjAQztvAYMdImaaC6" birthDate="2019-12-22Z"/>
                <Participant name="QNKCCa_ZgwphI_Xk3" role="scriptwriter" IPDN="SWcK8oaO_oiYF0tRndDtz" performance="soloist" grossFee="-278168113.78"
                     modifier="A" IPI="_02L4NBPQUGtAvrxFSC0YssEx" birthDate="2018-08-08Z"/>
                <Participant name="cjTZYIRwin_Gsb5GBMIbL." role="producer" IPDN="nvqNcXbdzJPaowAzPgq" performance="conductor" grossFee="-1835154301.36"
                     modifier="C" IPI="Yg.Fna" birthDate="2019-04-13"/>
            </Participants>
        </Record>
        <Record title="hB31f" spins="1598647372" ISRC="T49J85LQ2KW5" year="7662" producer="S7dw" label="SbNdYnfAWHEPR5vvJRvYJRX"
             recordNo="KWOp5IT0qunqu.v.4Y" serialNumber="jL7yWliwR8J6E" isPremiere="true" usage="jingle"
             ISWC="aXZ.nian7E-2" AKA="aTasOoqfLlnlgwt3p" genre="spoken word" broadcastedFrom="2018-08-03T11:21:16Z"
             broadcastedTo="2019-10-15T11:21:16Z" runtime="1456433249" origin="commerce" alternativeTitle="GRvRmuCpPIRwJ.F55"
             recordedFootage="1806798092">
            <Participants>
                <Participant name="c_Y86qX-l.XhZWU.iinHOEbYnQ" role="music director" IPDN="IowR2Fc4tnF2wvWKy" performance="soloist"
                     grossFee="-314392825.89" modifier="C" IPI="fx0NoYn5hFL53_iemOh_b" birthDate="2020-06-26Z"/>
                <Participant name="u_50itULMe_G82nl84-5vItVHq" role="subscriptwriter" IPDN="DtCB-z54pxKMjuE" performance="supporting"
                     grossFee="794481332.19" modifier="C" IPI="EjTPM2mg1-u9EXEd" birthDate="2019-06-24Z"/>
                <Participant name="gy-UTjzgZ-YDh" role="subscriptwriter" IPDN="BnBf.rEsk5AoDwmg6gh" performance="supporting" grossFee="-490314530.73"
                     modifier="A" IPI="g" birthDate="2019-03-02Z"/>
                <Participant name="i3PO9DWQwf6.bSECozgAmhq" role="performer" IPDN="DO.r" performance="soloist" grossFee="644373117.28"
                     modifier="A" IPI="mfmGcOTY1pc-cTiP" birthDate="2020-05-15Z"/>
                <Participant name="mqdxZ" role="music director" IPDN="k" performance="conductor" grossFee="1459168477.17" modifier="C"
                     IPI="ZDqiTV4J" birthDate="2020-06-20"/>
                <Participant name="rlx2P1.me9Hs" role="scriptwriter" IPDN="r7KbYC14_ZO3qmTu8UQD" performance="chorus master" grossFee="1614656230.42"
                     modifier="C" IPI="Nld7u" birthDate="2020-01-04Z"/>
                <Participant name="eUOW0lArDikfxV2k" role="composer" IPDN="BtKPVZTiQ" performance="soloist" grossFee="2064327518.42"
                     modifier="B" IPI="QNbY3H48xQ_i5A" birthDate="2019-07-11Z"/>
                <Participant name="ONRTCiad7wMZsh" role="arranger" IPDN="DWixYoI3Sf356BhHXuEGQHwR4d.YBR" performance="chorus master"
                     grossFee="381554731.55" modifier="B" IPI="HoJbNZvt" birthDate="2019-08-22Z"/>
                <Participant name="_NXYwdQVG85cNkHn" role="arranger" IPDN="W4skYIO" performance="supporting" grossFee="-1563078091.32"
                     modifier="C" IPI="MrBuOMpHh-Y2xmAlPsCG3u8dJr9Ztc" birthDate="2020-01-08Z"/>
                <Participant name="QE5v2GX9bcG5AYI" role="producer" IPDN="wgxrP8rzr3b6JKVoPnYMqenE8P" performance="soloist" grossFee="1297210589.35"
                     modifier="A" IPI="ePqp20q0YNeEC1t3f5" birthDate="2020-01-20"/>
            </Participants>
        </Record>
        <Record title="WaJdR.HUU72uj" spins="804597513" ISRC="Q5EL0A5H76A8" year="2413" producer="KoByI" label="MO2ln"
             recordNo="R_qM2oFfjm" serialNumber="Ea9" isPremiere="true" usage="commercial" ISWC="ypyxrj"
             AKA="Kwfx_5cBLDwmw8ihxFtT" genre="jingle" broadcastedFrom="2020-02-13T11:21:16" broadcastedTo="2018-08-13T11:21:16Z"
             runtime="832987217" origin="commerce" alternativeTitle="G28fojRtRCDmUQ" recordedFootage="2005887170">
            <Participants>
                <Participant name="WI9DPvR" role="arranger" IPDN="lkKWfh" performance="main" grossFee="-2130341703.39" modifier="A"
                     IPI="_N_Ly_zT" birthDate="2020-03-31"/>
                <Participant name="vw1.._AdJWWeVlVxQkVw_k8oSI" role="scriptwriter" IPDN="PnafLSw" performance="conductor" grossFee="-1879811255.03"
                     modifier="A" IPI="KJnNBQ0gZsrBKZ23pYpIsJQoU" birthDate="2020-01-31Z"/>
                <Participant name="scWX14rs6iTnG2..Oe-Opb" role="music director" IPDN="icEC_fBP9" performance="supporting" grossFee="-568189550.45"
                     modifier="C" IPI="Kqo" birthDate="2019-02-06"/>
                <Participant name="b80KlDay8jzdIZ82Z0" role="producer" IPDN="JwUoxdlwt1M7MOKPaY3i_A" performance="supporting" grossFee="-396131424.89"
                     modifier="A" IPI="nhGxZRryaJXv" birthDate="2019-05-08"/>
                <Participant name="VYxPl-.mtftuhvgQ6" role="sound engineer" IPDN="DI6" performance="chorus master" grossFee="-738556919.66"
                     modifier="C" IPI="I_Qvx4fRRvR6" birthDate="2020-06-01"/>
                <Participant name="q4GNX0hcG4ChzBhxl9PwM" role="producer" IPDN="Z" performance="main" grossFee="-1254602026.29" modifier="B"
                     IPI="bJLil5Va4" birthDate="2020-03-13Z"/>
                <Participant name="h-pOh" role="remixer" IPDN="bN5YXn7TMekrj_mWBrg5h6_Vq2S7Z" performance="conductor" grossFee="-982561713.02"
                     modifier="A" IPI="NDD5if_b" birthDate="2019-11-07"/>
                <Participant name="H" role="remixer" IPDN="_-5SL.UiDJyI6FUw" performance="conductor" grossFee="-2053141583.28" modifier="C"
                     IPI="y9t0dWZgNO1ZC5YPWA2UV_0" birthDate="2018-07-15"/>
                <Participant name="QcAz" role="performer" IPDN="GArGpbfY" performance="chorus master" grossFee="-384411906.16" modifier="C"
                     IPI="Soeim0I_6ERqCFOvoo8xqI" birthDate="2018-12-29"/>
                <Participant name="az2VBf2.6J" role="scriptwriter" IPDN="g4S" performance="main" grossFee="-1522987244.09" modifier="A"
                     IPI="WE4cw-0G0ZypP.QWf._a" birthDate="2019-02-27Z"/>
            </Participants>
        </Record>
        <Record title="Kw_koWAlAftjlQZ" spins="301820367" ISRC="4116PEP1QE81" year="6118" producer="MtzOhRaD" label="SP0wRv6E1xM4_kT4uv8oaO1"
             recordNo="d_SIEI-IAAR1m7" serialNumber="AV-p" isPremiere="1" usage="commercial" ISWC="yMu9Gs_82A3q"
             AKA="aG" genre="classical" broadcastedFrom="2018-12-15T11:21:16Z" broadcastedTo="2020-05-16T11:21:16Z"
             runtime="1642706413" origin="commerce" alternativeTitle="szkPybOKcKAWvJQI" recordedFootage="850797972">
            <Participants>
                <Participant name="JhEk27Hq3om9d" role="scriptwriter" IPDN="n7jqRv9kbf9.fFahEwgL4zk" performance="main" grossFee="1138219043.46"
                     modifier="A" IPI="y" birthDate="2019-12-15Z"/>
                <Participant name="H" role="subscriptwriter" IPDN="b4BWEpwXu_fl40qKEE_WeI72Q" performance="soloist" grossFee="678352435.38"
                     modifier="B" IPI="jbprTlvp" birthDate="2018-08-19Z"/>
                <Participant name="zw" role="remixer" IPDN="k" performance="soloist" grossFee="-2126193494.73" modifier="C" IPI="P18Ozc3aD5KFIj_KU4O"
                     birthDate="2018-08-20Z"/>
                <Participant name="n8" role="music director" IPDN="LabF6y" performance="supporting" grossFee="475630408.76" modifier="B"
                     IPI="ru0KaX0bk" birthDate="2019-04-14Z"/>
                <Participant name="QIZKn" role="scriptwriter" IPDN="qfGQCMR8x" performance="main" grossFee="-1958278349.43" modifier="C"
                     IPI="b8rJSWm68jpx4QrvUKj" birthDate="2020-03-25Z"/>
                <Participant name="UOqOpK" role="performer" IPDN="GnQ4Fi2DpilM1jV" performance="supporting" grossFee="-2122519180.77"
                     modifier="C" IPI="NMPaoljkEOlHwcmFwxvuVP21mdkI" birthDate="2019-02-07"/>
                <Participant name="FjRRPo" role="performer" IPDN="Vic2BbPTFwDv4yWZBe9QzL-" performance="main" grossFee="-286182274.04"
                     modifier="A" IPI="IEm-9G" birthDate="2020-01-29"/>
                <Participant name="w8YelF8eTMyQsOCxcVlK_5CWzU" role="remixer" IPDN="qgt8q9OpEL1qr6ecFrSi" performance="soloist" grossFee="-1353116685.50"
                     modifier="B" IPI="TqC0GTM5GUaJlKcvzgGMXvK38" birthDate="2019-11-29"/>
                <Participant name="vCYRk72fj8jcOI.DJMNtQU-iS" role="performer" IPDN="FI9kF24CHpT39HaPK9TMLAEBsBI" performance="chorus master"
                     grossFee="-391689353.72" modifier="C" IPI="DQj6A3pII52dy9Y8rv_teWHNfEAuW0" birthDate="2019-02-13Z"/>
                <Participant name="Sp" role="music director" IPDN="JGNU32c-H4u6h8t" performance="soloist" grossFee="375045332.08"
                     modifier="B" IPI="eehIxR" birthDate="2018-07-09Z"/>
            </Participants>
        </Record>
        <Record title="z9ce7xF.E-" spins="999209519" ISRC="WY53DBMILF6Q" year="5336" producer="uApOQ90a2ME4Qc5B4" label="rD60DoyJiHGz6UHq5x.cjCQ.teW_XI"
             recordNo="Rudq9LAr-R" serialNumber="hI-Z9" isPremiere="true" usage="broadcast" ISWC="RkrHHDjrgUsKGgY"
             AKA="fWM1j-Nu30aV6WKhd7wQ28xL7y.Btr" genre="pop" broadcastedFrom="2020-05-22T11:21:16Z"
             broadcastedTo="2018-11-16T11:21:16" runtime="1841877518" origin="self" alternativeTitle="jdZR"
             recordedFootage="1091900523">
            <Participants>
                <Participant name="Io9dVlya-uNzTcfg8AU3." role="sound engineer" IPDN="hc" performance="conductor" grossFee="498933947.82"
                     modifier="C" IPI="Ti4r3w7FUv8hs0.mWXv0G" birthDate="2019-02-12"/>
                <Participant name="HrG" role="performer" IPDN="s_DM29p25M0MX7.UCEsQ6GdBaFf" performance="main" grossFee="874120532.49"
                     modifier="A" IPI="LS_CmNXP4bmV" birthDate="2019-09-17"/>
                <Participant name="Ag5mXWv.0tTk.Jh" role="music director" IPDN="NwhgJrkDJUQgflYhxs" performance="main" grossFee="50889801.91"
                     modifier="A" IPI="kJdVaJq" birthDate="2019-08-24Z"/>
                <Participant name="Oa" role="scriptwriter" IPDN="HiT-Us8yKVYMvV" performance="conductor" grossFee="119035270.83"
                     modifier="A" IPI="JlWSQ6pbFTWSde" birthDate="2018-09-12Z"/>
                <Participant name="ChfPemxKRjOpBE7tw" role="sound engineer" IPDN="QX2" performance="soloist" grossFee="1516900470.99"
                     modifier="C" IPI="Q" birthDate="2018-07-20"/>
                <Participant name="iyCdz2U0" role="producer" IPDN="eFp..1R7" performance="chorus master" grossFee="-1085125066.73"
                     modifier="A" IPI="Dym9NjLF.2_O0PWeN6nsN8hH" birthDate="2019-08-22"/>
                <Participant name="aFyZ_66IBBP18eTtW2" role="music director" IPDN="Z72hVG8dQqy4" performance="chorus master" grossFee="-1835329652.99"
                     modifier="C" IPI="CLpY" birthDate="2019-01-11"/>
                <Participant name="E" role="music director" IPDN="q2P6YrG77v" performance="supporting" grossFee="-1427175994.53"
                     modifier="B" IPI="T_r7VO" birthDate="2019-02-03"/>
                <Participant name="b" role="music director" IPDN="CWKYIK3jWo32" performance="supporting" grossFee="2026436562.25"
                     modifier="C" IPI="aJKVkEnrNgH" birthDate="2020-04-27Z"/>
                <Participant name="HeHTd" role="subscriptwriter" IPDN="jUpS9rDLxuuJ7-ZJDVq0vjSn" performance="chorus master" grossFee="557678346.03"
                     modifier="C" IPI="C3DJ9dYt567bxAd.-tjr9lQ" birthDate="2018-08-22Z"/>
            </Participants>
        </Record>
        <Record title="V" spins="471154715" ISRC="4QYC5Y9XV44H" year="3818" producer="_t.Bw0Rc.NQB1TAfhyMMnWrFyTp" label="SPLbE.ExypUDi5ap6egv"
             recordNo="J4" serialNumber="b7-4gKHyFxQn" isPremiere="false" usage="commercial" ISWC="Y5_-mFLxd.5mROanZAH_3pdAcyMcx5"
             AKA="xXPrHSktbBvFUT1" genre="classical" broadcastedFrom="2018-12-18T11:21:16Z" broadcastedTo="2019-08-05T11:21:16"
             runtime="475523586" origin="report" alternativeTitle="KRVMP" recordedFootage="1135436288">
            <Participants>
                <Participant name="cXvPj99tsdNWvI4H6d3Dbb4SK1JQf" role="arranger" IPDN="lRc4l4ehvZEf9lJ5R" performance="soloist"
                     grossFee="650388156.86" modifier="C" IPI="hyMXG5JK" birthDate="2019-11-17Z"/>
                <Participant name="UoBiGB6kUOKQ9a6" role="scriptwriter" IPDN="D27jI7M2PvrA" performance="chorus master" grossFee="-1285547680.29"
                     modifier="B" IPI="Y3TUJpx88v5XjDSt1h" birthDate="2018-08-26Z"/>
                <Participant name="PovAvsnOVVyLMYQf" role="arranger" IPDN="_UsEYXrSIMqfwNrj" performance="soloist" grossFee="1816708325.52"
                     modifier="A" IPI="c5" birthDate="2019-07-16"/>
                <Participant name="h_QElgIpZ92Qsr_G4INebXvXZUhx_" role="sound engineer" IPDN="k_1zpTsrnoa1OIn9uR8a" performance="conductor"
                     grossFee="319051651.87" modifier="A" IPI="QlH8rowdFEe_XWW1" birthDate="2019-03-04"/>
                <Participant name="D1qOqcKwXhZtm" role="remixer" IPDN="Q-GetSNadKgQ.OPawU7V" performance="soloist" grossFee="2030554495.96"
                     modifier="C" IPI="g7er8IywL" birthDate="2019-08-17"/>
                <Participant name="OemlD" role="music director" IPDN="onw-6wl3fsH2OFHfD" performance="conductor" grossFee="-1829924111.63"
                     modifier="B" IPI="m" birthDate="2018-08-31"/>
                <Participant name="k9kt-VHsx8Yw2aI7UZxLrwj" role="sound engineer" IPDN="Xh8sBymAmWI" performance="conductor" grossFee="723313469.13"
                     modifier="C" IPI="W4R.pub-VfYw2HDKKV6-oIdX" birthDate="2018-08-24"/>
                <Participant name="H0xaAlaEvgjuLPg5y" role="subscriptwriter" IPDN="Ta-Aa1e9JA1BJXtAu" performance="supporting" grossFee="1735969153.73"
                     modifier="B" IPI="y56MPCz2c4gN6IJ2ltgp8GE" birthDate="2019-11-11"/>
                <Participant name="ombhtz_w" role="music director" IPDN="no70dMjIuXs.ZbLTSq3bslcQgW8Z" performance="supporting" grossFee="966091729.76"
                     modifier="A" IPI="yuns2Ue64dnp" birthDate="2019-01-31Z"/>
                <Participant name="rdFn-nLG0RBgHi" role="subscriptwriter" IPDN="UdPw-TjyD0Uwl1dLiDz" performance="chorus master"
                     grossFee="1504306584.26" modifier="C" IPI="n7-jz" birthDate="2018-10-04"/>
            </Participants>
        </Record>
        <Record title="XQ8vG" spins="810259142" ISRC="Y9NSZ07S5A7X" year="5650" producer="O0OrXFcnDmR.KE" label="yceTe06uC4vtz0"
             recordNo="HVFABTiHGpnjV9w" serialNumber="NFQjho43TN9" isPremiere="1" usage="commercial"
             ISWC="BNHFl239nQb8pSQ6t" AKA="tqyeC" genre="spoken word" broadcastedFrom="2018-11-28T11:21:16Z"
             broadcastedTo="2020-02-11T11:21:16" runtime="88056035" origin="recorded stream" alternativeTitle="ivU5.-WfbDY"
             recordedFootage="1615105702">
            <Participants>
                <Participant name="iI.3z5yf" role="performer" IPDN="LYyX8G" performance="chorus master" grossFee="-149731809.11"
                     modifier="B" IPI="nIqQ1mTqFp17bVkUKWSuDx3" birthDate="2019-03-02"/>
                <Participant name="LEOZUo5LQLOB.3KxOHS" role="subscriptwriter" IPDN="U08_d3u" performance="soloist" grossFee="208840940.33"
                     modifier="C" IPI="qtTxFNAexEYv9-DH9woQf" birthDate="2019-12-11"/>
                <Participant name="m_AcqvI24" role="music director" IPDN="DEV" performance="chorus master" grossFee="538621394.49"
                     modifier="C" IPI="MPp5gt1s" birthDate="2018-11-06Z"/>
                <Participant name="wDe2jblW" role="remixer" IPDN="f.8AZESA8.p-fw1" performance="main" grossFee="-49327459.40" modifier="B"
                     IPI="Bm6m0lyV0NSvsrM_Yl" birthDate="2019-11-11Z"/>
                <Participant name="ZHA2wfqPeC6lO20vid9fDgGWkj" role="performer" IPDN="GWVf_lPJsWTjx2MbpOxTvsGx1LjB" performance="supporting"
                     grossFee="-1011797037.99" modifier="C" IPI="Vw2Iv1u5fv-m_apsMHJYk" birthDate="2019-07-16Z"/>
                <Participant name="bqi" role="scriptwriter" IPDN="rblS7dCRyL4K7eFtgW" performance="chorus master" grossFee="-2141353398.80"
                     modifier="C" IPI="Dz1lTygr4WQuqzNaGslhqp_k4" birthDate="2018-10-25Z"/>
                <Participant name="R8hHEBEg6PJbduybp5zaGZLH" role="scriptwriter" IPDN="ILzu" performance="chorus master" grossFee="741926571.54"
                     modifier="B" IPI="DuACIkEoaVT7pe1Vt." birthDate="2020-01-30Z"/>
                <Participant name="a" role="music director" IPDN="QwwZ-I..1myUNfk" performance="soloist" grossFee="-725205350.08"
                     modifier="C" IPI="bhHpMuWdrV36WCgI" birthDate="2018-12-06"/>
                <Participant name="m5OxDQ.nwj" role="producer" IPDN="Qe.TTi8_E" performance="supporting" grossFee="567880485.88"
                     modifier="C" IPI="RKsMhp" birthDate="2019-09-19Z"/>
                <Participant name="DFX9ySZmsqKp6ToMK5" role="producer" IPDN="UG36k" performance="main" grossFee="-527794668.57" modifier="A"
                     IPI="h8jMH4DR9BA" birthDate="2019-11-12"/>
            </Participants>
        </Record>
    </Record>
    <Record title="LftvWak" spins="1463039008" ISRC="946T5PCJ6L2N" year="4729" producer="_s_gvGUcEvf" label="ecT.tLQ4Auwz2o"
         recordNo="WMjSB" serialNumber="UZgvK" isPremiere="0" usage="commercial" ISWC="zyT" AKA="krvlr_filaW4ONkm0gSEt"
         genre="composed" broadcastedFrom="2018-09-09T11:21:16Z" broadcastedTo="2018-12-20T11:21:16Z"
         runtime="2027889035" origin="recorded stream" alternativeTitle="T8" recordedFootage="1371492161">
        <Participants>
            <Participant name="x6AIoI4tBmjkPLgZ5" role="composer" IPDN="U.wun5L9tn_9FPIIT" performance="supporting" grossFee="-1561018746.68"
                 modifier="C" IPI="EoDVbO.2.cu7YVg9" birthDate="2018-07-15Z"/>
            <Participant name="f50mXP1iN" role="music director" IPDN="BL" performance="supporting" grossFee="-1274319734.13"
                 modifier="A" IPI="l-n-46wmUKMapM" birthDate="2018-12-23"/>
            <Participant name="Rr7SuB" role="composer" IPDN="mJ5tSXC-.fQUWCfOcnFnOlRF" performance="chorus master" grossFee="-1744635908.11"
                 modifier="C" IPI="Zzr0Nmm0qz01pCdv0OF6W" birthDate="2020-03-16Z"/>
            <Participant name="zM4qc30iWC6" role="sound engineer" IPDN="w.J7C8o" performance="soloist" grossFee="-1103767049.04"
                 modifier="C" IPI="vn862yMggQvKW" birthDate="2020-03-13Z"/>
            <Participant name="XIEtLbhx8WZq7TwxpLQ9f" role="remixer" IPDN="sGKwvmpD2wyrNCkxh_B" performance="supporting" grossFee="227804079.49"
                 modifier="A" IPI="cKm-xFHE2Ui8a2NCwUepSHytUui" birthDate="2020-04-20"/>
            <Participant name="kSzzpadVEEoIRT1mWwFMVW" role="remixer" IPDN="ARM.9e9X" performance="soloist" grossFee="1879996569.18"
                 modifier="A" IPI="PgZqw" birthDate="2018-12-24Z"/>
            <Participant name="_RxD3DnJX0N4VeR1-CKxV-mOCflco" role="scriptwriter" IPDN="Vq7mGGXlc5Gq5Bn_" performance="soloist"
                 grossFee="400670710.11" modifier="A" IPI="i2.SaE8dTrTBrDJQS" birthDate="2018-09-17"/>
            <Participant name="ytyHe.uYa0AId66TmXbS0Zg-Ej4vN" role="sound engineer" IPDN="I" performance="chorus master" grossFee="802023107.81"
                 modifier="B" IPI="Bypb5Uns6MFuM" birthDate="2020-05-22Z"/>
            <Participant name="gTBp.-w" role="arranger" IPDN="X" performance="main" grossFee="98201159.64" modifier="B" IPI="kEbBC"
                 birthDate="2019-07-12Z"/>
            <Participant name="wLMFzBA-dzktLayZebWhLQ" role="performer" IPDN="RGdZ0Bf9izmL_L1HcNZLk" performance="chorus master"
                 grossFee="-1480909057.93" modifier="C" IPI="MHmGJWjVJ" birthDate="2019-01-28Z"/>
        </Participants>
        <Record title="_mMQylOyy6x.mFGd1g9YAqI" spins="623729757" ISRC="F0JF27E2C39C" year="1815" producer="uRyA_PjmHDfxcNHZRxvx0zTRb"
             label="sXNhtyb1l8cpXs7tAftk9TKjfs_" recordNo="S_0Jsbteztg1J86c7k" serialNumber="ai1wCVv2K0yS2lX_b7T4oHZ32"
             isPremiere="1" usage="broadcast" ISWC="yvtH08jGS1wwpN89A_RPdEy82k" AKA="UGwM8zBiHHPWNfcXuIjTHMLcxFG"
             genre="composed" broadcastedFrom="2018-08-08T11:21:16Z" broadcastedTo="2020-03-07T11:21:16"
             runtime="1465992780" origin="recorded stream" alternativeTitle="g" recordedFootage="304003608">
            <Participants>
                <Participant name="V.o6gEClh" role="composer" IPDN="FevakjkDXrKDxFJP" performance="conductor" grossFee="1139478210.30"
                     modifier="C" IPI="ZYwpC1UXMmq-_vAza0Y0v2l" birthDate="2020-01-24"/>
                <Participant name="k.4Qf" role="sound engineer" IPDN="yfDuO37xgM9mU5" performance="conductor" grossFee="884088971.94"
                     modifier="B" IPI="mz-zyEnRcAU" birthDate="2018-08-21Z"/>
                <Participant name="HjcL8gG" role="remixer" IPDN="xEFcc7k" performance="main" grossFee="-2055804451.87" modifier="A"
                     IPI="KpdQEG5tNs7VpJmx34eVNqPD_d" birthDate="2018-08-15Z"/>
                <Participant name="QBr23ogan1bKnDK6Yp" role="composer" IPDN="_TJ0DX1.BkUKs" performance="soloist" grossFee="-1295670283.71"
                     modifier="C" IPI="HCaDMzCMaRrOpIQiV5X3YTAm1" birthDate="2019-11-18"/>
                <Participant name="rn1q_uyTS7qzxVNTpJhbME.IMjQXv" role="subscriptwriter" IPDN="WMoL6_4K03P" performance="main" grossFee="1689495254.58"
                     modifier="C" IPI="HU0xxZ5d9JHgDqwZeL" birthDate="2019-08-14"/>
                <Participant name="kzsqj71W8NsUCM.PuvI_ws967" role="scriptwriter" IPDN="VM0CUNrrf" performance="supporting" grossFee="-111993707.28"
                     modifier="A" IPI="V_AvhyLnWXIl6ey9uRsg0" birthDate="2018-11-01Z"/>
                <Participant name="FPGedoP.6lN4qW" role="producer" IPDN="B7KG4bDPCIR0EdeSP" performance="main" grossFee="-1482353674.30"
                     modifier="C" IPI="wXTT" birthDate="2020-01-02"/>
                <Participant name="b_7Z.a7MnW" role="subscriptwriter" IPDN="BkdL33pss_aQI0wh" performance="supporting" grossFee="816141693.91"
                     modifier="A" IPI="wfPTX0I" birthDate="2019-06-23Z"/>
                <Participant name="uUbKJfn" role="remixer" IPDN="a3X8cHmm1d2s2" performance="supporting" grossFee="411911360.11"
                     modifier="A" IPI="_BKdnnQz" birthDate="2019-02-09Z"/>
                <Participant name="cF5h6_N99L" role="sound engineer" IPDN="KfE5U" performance="soloist" grossFee="-2023091049.18"
                     modifier="A" IPI="Syn" birthDate="2019-03-16"/>
            </Participants>
        </Record>
        <Record title="Mfipq.Fs" spins="418852955" ISRC="U0XZ28WZ101G" year="5254" producer="qqs..9PizEDy" label="nDskP_RSiS74V"
             recordNo="LD46Ppm5" serialNumber="VrcJH0OaJjDn_I" isPremiere="0" usage="commercial" ISWC="OvG5Ox97pzO9jKHmQ"
             AKA="HCYEmNFFDXcwiO" genre="pop" broadcastedFrom="2018-12-31T11:21:16Z" broadcastedTo="2018-08-19T11:21:16Z"
             runtime="1201921489" origin="live stream" alternativeTitle="her1uIdOEt" recordedFootage="1989729471">
            <Participants>
                <Participant name="oP" role="sound engineer" IPDN="bwVe" performance="main" grossFee="-1223622000.07" modifier="B"
                     IPI="lncjS-WcSAQah0gI4v9UqZlHcTTOCA" birthDate="2019-06-17Z"/>
                <Participant name="tD_cTI-swx0jZ8-" role="producer" IPDN="Qqf7xA" performance="soloist" grossFee="-1439053936.80"
                     modifier="B" IPI="grzwcMDh0" birthDate="2019-12-30Z"/>
                <Participant name="R3gxC9O2tEvPB.r5Mt" role="music director" IPDN="Ka9E_PfEqt-DQA-FhppBNmkW" performance="supporting"
                     grossFee="596078755.46" modifier="C" IPI="uILFal727FFRM9.YtoaNEUG" birthDate="2020-02-08"/>
                <Participant name="TsF9gOy3d_ztBkRI5lD" role="composer" IPDN="UNJOJx6Az" performance="soloist" grossFee="19124953.04"
                     modifier="A" IPI="mIc" birthDate="2020-06-13Z"/>
                <Participant name="w1" role="arranger" IPDN="d" performance="chorus master" grossFee="-845086614.41" modifier="C"
                     IPI="tP79ShGoYZnM4r92ebC" birthDate="2019-06-11Z"/>
                <Participant name="_-T" role="producer" IPDN="WbG-F8nMD" performance="supporting" grossFee="274433612.53" modifier="C"
                     IPI="JKmwPeV1axxIbj_T8" birthDate="2018-12-17Z"/>
                <Participant name="uFqtA1m2Rs1RnW" role="composer" IPDN="miU7WI-by94SH.8OuKnNZOAEhON0" performance="conductor" grossFee="350228502.75"
                     modifier="A" IPI="S.xit.Bp8BDKYVvl" birthDate="2019-01-22"/>
                <Participant name="ySLyzjkkfMfIx" role="producer" IPDN="aVNqLm.DNN" performance="supporting" grossFee="808590268.17"
                     modifier="A" IPI="c_n8pHjQB3HpoP" birthDate="2019-11-24Z"/>
                <Participant name="mGW" role="music director" IPDN="jv61_vJfa5Di" performance="supporting" grossFee="963433995.80"
                     modifier="A" IPI="pM00w8AB_v_wlSF7sDJJxMwpWZELT" birthDate="2020-03-03Z"/>
                <Participant name="OZcs.utojc99uwKgcutX8ldnQ" role="music director" IPDN="uQhv" performance="main" grossFee="-221060157.82"
                     modifier="B" IPI="iDPrsWryqMoWkI-62JbqSGK" birthDate="2020-01-06"/>
            </Participants>
        </Record>
        <Record title="DeNnIZ4WafKG888SgaHxv2XF" spins="454220264" ISRC="QJA155189472" year="0428" producer="Yuxw0mf"
             label="WwQIwVcaAV4rWBB" recordNo="va4d3" serialNumber="i2U" isPremiere="false" usage="jingle"
             ISWC="D9" AKA="RSvszSKZP86sE" genre="jingle" broadcastedFrom="2019-04-10T11:21:16Z" broadcastedTo="2019-09-07T11:21:16Z"
             runtime="2009603213" origin="live broadcasting" alternativeTitle="ouZ13Jhjh17x-DW" recordedFootage="1459280392">
            <Participants>
                <Participant name="R55gucX1x5eQ9w82pJ" role="sound engineer" IPDN="sHsuo65Kc_iDFEj" performance="soloist" grossFee="-1760266782.56"
                     modifier="A" IPI="IigzVjL8Xx9SfM" birthDate="2020-04-25Z"/>
                <Participant name="ZVT" role="remixer" IPDN="bw-JvBH2LW" performance="chorus master" grossFee="-881813185.69" modifier="B"
                     IPI="Zl8RXYM-Z2Gd6NEY0hF" birthDate="2018-10-28"/>
                <Participant name="Rbn8xQ0.0T" role="arranger" IPDN="QUULDVe4KJWC.Z7iPigI" performance="conductor" grossFee="-1014312859.93"
                     modifier="B" IPI="H0UlS2akLtLV1_RmGzehFOLLUa" birthDate="2018-09-28Z"/>
                <Participant name="bYg" role="arranger" IPDN="c2oWWlWc" performance="conductor" grossFee="178720414.80" modifier="C"
                     IPI="Mtdx7XBVQE" birthDate="2020-04-02Z"/>
                <Participant name="A_0E22jBfE1u5rADcCb3UJNzk" role="remixer" IPDN="PXwXlq1do" performance="soloist" grossFee="-1471222126.16"
                     modifier="C" IPI="cv-" birthDate="2019-08-22"/>
                <Participant name="Snw0-o2khyHG2ShQCoa2kyETXN5O" role="scriptwriter" IPDN="qcirypY_9in" performance="supporting"
                     grossFee="-2101108402.68" modifier="C" IPI="M" birthDate="2020-05-28Z"/>
                <Participant name="NziCBjOajCjnDmYy_YESuP" role="scriptwriter" IPDN="pdBIroBpx" performance="soloist" grossFee="86285385.43"
                     modifier="A" IPI="pa4t6dmGtEAz" birthDate="2019-02-27Z"/>
                <Participant name="X1pemQPvZgAguUb" role="remixer" IPDN="DiX0Yf" performance="main" grossFee="-892463815.89" modifier="B"
                     IPI="bW" birthDate="2018-07-18Z"/>
                <Participant name="T_pK-h" role="producer" IPDN="jH20.aYko60AbL" performance="chorus master" grossFee="756759432.00"
                     modifier="C" IPI="c7BDInAdycnr696wXHO0t" birthDate="2018-11-11"/>
                <Participant name="f1EBBkAVm0tmy6Y.W_OGDN31eUmF" role="producer" IPDN="yjMrEA-7k6ciP.XCST8zc64Tpqtm" performance="conductor"
                     grossFee="2003942815.21" modifier="B" IPI="NxBRBoU4OL7YDu2LfLH" birthDate="2019-01-13"/>
            </Participants>
        </Record>
        <Record title="j7vxNARTBbmLeabN2yYtk" spins="807771120" ISRC="XE676L1B2RBY" year="1391" producer="Icrf6b0dDq6sJJryyA"
             label="T3l" recordNo="uNclZsqbkWPSok5PCj3XRNT" serialNumber="jD_JhsRDij5ZqEB7U7" isPremiere="true"
             usage="commercial" ISWC="jz7lT0tTR8HwiC" AKA="Hxo7fiMqqaQpY" genre="pop" broadcastedFrom="2018-11-21T11:21:16Z"
             broadcastedTo="2019-04-14T11:21:16" runtime="355065920" origin="free usage" alternativeTitle="ULgN6B5Tvvt6ak"
             recordedFootage="137973718">
            <Participants>
                <Participant name="LoSOmq96Mz" role="arranger" IPDN="_JRCwGI_" performance="main" grossFee="-1545670555.51" modifier="A"
                     IPI="BxgyZXI0F7CP.Ctf724iO_prKDakR" birthDate="2019-01-23"/>
                <Participant name="lNaivl" role="performer" IPDN="bS8c4sQ" performance="supporting" grossFee="-249545946.95" modifier="C"
                     IPI="UEWvb" birthDate="2020-03-08"/>
                <Participant name="s" role="performer" IPDN="fn2_-Lyi0zUe" performance="main" grossFee="-1069360803.52" modifier="C"
                     IPI="p5O5IFaJUHKgfrJ36GBrnUS2D1V6L" birthDate="2020-06-23Z"/>
                <Participant name="vxZqmYEUlvHJ" role="scriptwriter" IPDN="hra-UpXltxHd2w2n.adt5gUd.AhUIB" performance="main" grossFee="-986046185.30"
                     modifier="A" IPI="v.FiY.35wauNk" birthDate="2020-02-20"/>
                <Participant name="QLFTxPW" role="music director" IPDN="ZLip5AmQANgxd6xRY1KN9cPewI" performance="chorus master" grossFee="521928279.06"
                     modifier="A" IPI="noBFPAc6Ix2I" birthDate="2018-10-02"/>
                <Participant name="uBAeFZWtN195LTSC" role="producer" IPDN="kv4q_e" performance="chorus master" grossFee="-2073184218.93"
                     modifier="A" IPI="Bv_5iYTC1-mJvXQAkM" birthDate="2020-04-10Z"/>
                <Participant name="mJwt5_nVykiE2sQ2H" role="performer" IPDN="XTxCraWo1epTCWX9yom0qEyfy" performance="main" grossFee="921797169.37"
                     modifier="C" IPI="xI36wdAdRssZgVAVaAe9nIMJljIfE" birthDate="2019-12-17Z"/>
                <Participant name="u" role="scriptwriter" IPDN="hh9.LGvLAYebUl8v.aV9hSmJT2iPX7" performance="supporting" grossFee="-1205564107.16"
                     modifier="B" IPI="TEvO" birthDate="2018-08-17"/>
                <Participant name="RhV" role="remixer" IPDN="ugQQ2sJNTmh" performance="chorus master" grossFee="645941304.29" modifier="A"
                     IPI="grRAVxEVLPtninfMgpghLHq5TNKm" birthDate="2019-10-05Z"/>
                <Participant name="E04fYh6VMGvt" role="remixer" IPDN="QV" performance="chorus master" grossFee="-1861469190.53" modifier="C"
                     IPI="kVU-dvrlk" birthDate="2020-05-17"/>
            </Participants>
        </Record>
        <Record title="Hv60qrO6" spins="1103377230" ISRC="86FS4K2FG9C5" year="7307" producer="lnfKy_" label="WN539xbmr0uFDur9-4hyRydQB8rxn"
             recordNo="kDqCBg" serialNumber="gkLGSII_HrSYT4Ayid1vtIVFfwD4Jc" isPremiere="true" usage="commercial"
             ISWC="N" AKA="DYwxP" genre="jingle" broadcastedFrom="2019-01-13T11:21:16Z" broadcastedTo="2019-05-20T11:21:16Z"
             runtime="433159304" origin="live broadcasting" alternativeTitle="VWO3kbUZKIX" recordedFootage="558554973">
            <Participants>
                <Participant name="F8WqFB8.e3ssl2o0cmEzplPX4GDTq9" role="performer" IPDN="u221ney0zdvNz" performance="chorus master"
                     grossFee="1982075060.84" modifier="B" IPI="MkRJrX2L.i" birthDate="2018-09-29"/>
                <Participant name="MK.Ca5" role="remixer" IPDN="URJeHJJcqiJjelY" performance="conductor" grossFee="-741497656.02"
                     modifier="A" IPI="vMTNxYPCFRHaH2xrgL1teOD5RDJ3r" birthDate="2019-08-22"/>
                <Participant name="J" role="performer" IPDN="BvuPB.2h_bwbK" performance="main" grossFee="1614148930.02" modifier="B"
                     IPI="UYwfb" birthDate="2020-04-03"/>
                <Participant name="AHG6eoTCwFMVjwESPkpaJ2eMY50" role="sound engineer" IPDN="RbeS-Im1p" performance="main" grossFee="111430049.22"
                     modifier="B" IPI="dP6q8qiq9APzqjsY" birthDate="2019-02-16"/>
                <Participant name="cveBJZF" role="sound engineer" IPDN="J9wGtzucIhgxB4Nnyg" performance="main" grossFee="-882840971.81"
                     modifier="B" IPI="LPSFiVE6-lSUoHMNxV" birthDate="2020-04-17"/>
                <Participant name="IXlbDt_PYJ64" role="arranger" IPDN="VD28jwZ-RUtJBk5b4nU6GJ4Dc6" performance="chorus master" grossFee="-1189380941.46"
                     modifier="C" IPI="MFj2.l8jQgajpYFcCH1ApG05uUY" birthDate="2019-04-27Z"/>
                <Participant name="PXsCLi8V329n7uhZHBUE" role="music director" IPDN="GQ4Db3" performance="soloist" grossFee="-206232126.04"
                     modifier="B" IPI="yz_8Fxd" birthDate="2018-10-27"/>
                <Participant name="rpGQY2qnR966AeNPU3W0K" role="composer" IPDN="NKgaFlbsUVQ7LTJ09_E_a4M" performance="main" grossFee="1667030137.41"
                     modifier="C" IPI="ObN5FSORn" birthDate="2019-04-11"/>
                <Participant name="NTVK_VSYSxIo-GJGRFefju1Oe99.N" role="composer" IPDN="m-pcyJF" performance="supporting" grossFee="1694131947.04"
                     modifier="A" IPI="JpMxOoWkcUPr" birthDate="2019-05-21Z"/>
                <Participant name="fzc3iOoFANdWxVI0AzIxoBKcRE" role="producer" IPDN="JvJmf1eNBb98bcIaC7Hf" performance="chorus master"
                     grossFee="-1261027859.16" modifier="C" IPI="SwOfd2IsPD4" birthDate="2018-11-28"/>
            </Participants>
        </Record>
        <Record title="Og7qjlZOtSrW86KQoVcJ" spins="627644534" ISRC="XS4BOLB1ER79" year="1467" producer="fQ9P_4JjW_MdRfZL"
             label="Ag09u0vB2" recordNo="BQkY-V" serialNumber="m0N-OKnRu" isPremiere="1" usage="commercial"
             ISWC="gZ6IjyQ" AKA="upLaaiqr0GkBrlI_H" genre="composed" broadcastedFrom="2019-12-11T11:21:16Z"
             broadcastedTo="2019-05-06T11:21:16" runtime="1023394274" origin="free usage" alternativeTitle="pMWcFlOF9"
             recordedFootage="1571174993">
            <Participants>
                <Participant name="FTOz4IbeVq3NjHKECzn92L" role="subscriptwriter" IPDN="HCKdUND" performance="conductor" grossFee="513108334.70"
                     modifier="C" IPI="bWQ" birthDate="2020-02-15"/>
                <Participant name="NQJd_aZgZQK2EXxEJ93.Go_i" role="subscriptwriter" IPDN="UafPpW8" performance="conductor" grossFee="-13697189.16"
                     modifier="A" IPI="qcN" birthDate="2020-04-15Z"/>
                <Participant name="Zov6wTCuP22xzSJ-6BqjolE3lKw" role="arranger" IPDN="F-BkOuroY5.W3IiI-" performance="main" grossFee="762574648.74"
                     modifier="C" IPI="xySA_1n_o.3gp8q8XxBbL6_" birthDate="2019-01-20Z"/>
                <Participant name="sSW_s-61H" role="scriptwriter" IPDN="Cl.p" performance="main" grossFee="866958486.03" modifier="A"
                     IPI="jb" birthDate="2019-09-04Z"/>
                <Participant name="XVvbwK92qzYt8_-ryz8BBjr" role="scriptwriter" IPDN="KQt8BqBZ_xiqPMU" performance="main" grossFee="1426551987.63"
                     modifier="A" IPI="FRJlSaTiZwM1EX_93iW7YXw" birthDate="2020-04-24Z"/>
                <Participant name="S8lHva0fzP" role="arranger" IPDN="A9z.hcFJLE" performance="soloist" grossFee="2138955129.63" modifier="C"
                     IPI="fbk5Bn.c-LBp4" birthDate="2019-11-10"/>
                <Participant name="rgNaLFgP" role="music director" IPDN="k" performance="soloist" grossFee="1416179868.33" modifier="B"
                     IPI="cr" birthDate="2020-03-20"/>
                <Participant name="rK8aDPhHv" role="performer" IPDN="fBv6GMw47ZD" performance="main" grossFee="-900684935.58" modifier="C"
                     IPI="dIDf" birthDate="2018-09-04Z"/>
                <Participant name="j48OZOPU5a66PForNhI1N" role="sound engineer" IPDN="SIl1d4GcT" performance="supporting" grossFee="1537671862.95"
                     modifier="C" IPI="T1VKYZ0_n_gAG1fuD6ncYMhyqF7" birthDate="2018-12-21"/>
                <Participant name="wW1sImi" role="composer" IPDN="bTx6Q64ErBpXiL8xCLh" performance="supporting" grossFee="410994174.20"
                     modifier="A" IPI="Da.r" birthDate="2018-07-04Z"/>
            </Participants>
        </Record>
        <Record title="dUqWwZh" spins="85349269" ISRC="B7185493AGF8" year="4969" producer="b24Qk5J0ve3eH9S-Lpj7-6486d0B"
             label="su5vRfVRi7yNhk6aAMu" recordNo="O5H07QH" serialNumber="t489pyTBYkwXyZchQWLg0f3uV"
             isPremiere="true" usage="jingle" ISWC="i5vI7viLv4g-7geWC5U" AKA="qOjk1NZrzdWOcrf8W9MddokbTtAP"
             genre="classical" broadcastedFrom="2020-04-14T11:21:16" broadcastedTo="2018-11-22T11:21:16"
             runtime="81184704" origin="commercial" alternativeTitle="T5TPA.BWScDD7mTvI" recordedFootage="17711910">
            <Participants>
                <Participant name="ErL3pzqDQKwpvQKKKQ6i3s" role="composer" IPDN="juW2Xy" performance="conductor" grossFee="2135643706.00"
                     modifier="B" IPI="T5q7jia588FjiOE32-F" birthDate="2020-01-29"/>
                <Participant name="Kdknu24SgSS6oWYPCZ4yR115HDg" role="producer" IPDN="AyYb3VxsY9sC9G0kA0GtSSFZs9cL" performance="main"
                     grossFee="-1036421999.12" modifier="A" IPI="SFvQhCm5ASl6n8p5b" birthDate="2020-04-03"/>
                <Participant name="JjVda" role="composer" IPDN="MT5H" performance="main" grossFee="-1874030207.57" modifier="B" IPI="bLQd-L01b7UIKOWjrRjQ4ibRzn"
                     birthDate="2019-12-23Z"/>
                <Participant name="lZyfz_xaB-7GPHxDsL-D" role="subscriptwriter" IPDN="Dq9KNHDd8T_y-3b2K08" performance="soloist"
                     grossFee="-435595230.20" modifier="A" IPI="E2Wn3mzDJCiJ" birthDate="2019-06-29"/>
                <Participant name="MkCYwKl.oafwTj4Sus" role="music director" IPDN="wXIzDJI7_hkw5uIx4" performance="chorus master"
                     grossFee="2079676513.75" modifier="B" IPI="C4v4smaCRyc-D2" birthDate="2018-09-21Z"/>
                <Participant name="ynYruAJHR57mlAUaAC1NA" role="composer" IPDN="ldzb6m87y_PhVXW1xlW5" performance="conductor" grossFee="-58963512.46"
                     modifier="C" IPI="cHedK8TPL-PrjG" birthDate="2018-10-04"/>
                <Participant name="QwJxImhZ618iVOpiZ6Ul" role="remixer" IPDN="QOFIw9_s8.VqYbsdtiL-WWbu" performance="chorus master"
                     grossFee="1652417801.45" modifier="B" IPI="Eyb1Lxp" birthDate="2019-12-23"/>
                <Participant name="Wx2Eo" role="subscriptwriter" IPDN="FmcVoQ5xo7gySaqVp" performance="supporting" grossFee="379231693.33"
                     modifier="C" IPI="nVOZK65xM2" birthDate="2020-02-02Z"/>
                <Participant name="iUULlX9atnvy-swaF2IippeZCN" role="arranger" IPDN="Ld1yaOtaHgvNfl4" performance="main" grossFee="-1283827721.17"
                     modifier="A" IPI="UMFDlge" birthDate="2019-03-14Z"/>
                <Participant name="ryxvbz1d_aXalzi7-C09" role="performer" IPDN="Gslf1tCOPvXDH8Omv" performance="main" grossFee="850864984.82"
                     modifier="A" IPI="JH8rLF4ZxG0aVC-Atn" birthDate="2020-02-19Z"/>
            </Participants>
        </Record>
        <Record title="ztaYaca2xyWwK-9" spins="956523028" ISRC="I0PVGYH01M9G" year="0122" producer="JPN1B" label="yJRHkeSO1zAr80iRJoYc.M"
             recordNo="BW2LaT9IqWaEo" serialNumber="eA" isPremiere="true" usage="commercial" ISWC="drWpKpEPsUKV9_2E-AIiE"
             AKA="yUe.iiqVOT66" genre="composed" broadcastedFrom="2018-08-17T11:21:16" broadcastedTo="2019-04-12T11:21:16Z"
             runtime="1582393746" origin="free of charge" alternativeTitle="WK1qQz03V_EVTh1BWUY" recordedFootage="1657340745">
            <Participants>
                <Participant name="WWWXlWT" role="music director" IPDN="izsVD-bPzQ9okYr6cVr" performance="main" grossFee="-416660651.73"
                     modifier="B" IPI="oZQA-TkZ" birthDate="2018-08-19Z"/>
                <Participant name="W6zBWzhg-Kek" role="scriptwriter" IPDN="bvHsPZM7u.CBrHoAe" performance="soloist" grossFee="-1167078633.56"
                     modifier="B" IPI="vVgcrIzq6t9cONch" birthDate="2018-09-28"/>
                <Participant name="vvU" role="music director" IPDN="xl4c2xqmv" performance="supporting" grossFee="-1852672056.84"
                     modifier="A" IPI="lJBuujploCRKU5yJGM6oyFU1bS" birthDate="2020-05-07"/>
                <Participant name="_jLGF-igzzssknKIMzi5EqG" role="subscriptwriter" IPDN="OVXC" performance="soloist" grossFee="295485069.55"
                     modifier="A" IPI="dvcK.KyuAAL-C1R" birthDate="2018-10-24Z"/>
                <Participant name="S2gS" role="sound engineer" IPDN="CX6qvnBTo" performance="supporting" grossFee="704199587.01"
                     modifier="C" IPI="f4OV1JGmDAB8vL0plTu4dLtd1kyw" birthDate="2018-09-15"/>
                <Participant name="ShlrcTvTW2LOyF" role="producer" IPDN="Goj" performance="soloist" grossFee="877605109.72" modifier="B"
                     IPI="a8_yKy_oeYA4-cTNyEoLcdo" birthDate="2020-01-13Z"/>
                <Participant name="vNxQrQ6AyTO0.pQybQRnOXxx" role="arranger" IPDN="T_OQ" performance="soloist" grossFee="-1518269665.91"
                     modifier="C" IPI="WmlEudpLNWA" birthDate="2019-02-12Z"/>
                <Participant name="SdZ" role="performer" IPDN="qprWSYl9E2L" performance="chorus master" grossFee="368867283.63" modifier="C"
                     IPI="TE1Ez_ZJKo3VxA" birthDate="2018-10-07Z"/>
                <Participant name="TXeQT9R3UwHGPQkFq" role="composer" IPDN="D92SfRRRgd39fc127R1S8e" performance="chorus master" grossFee="632978984.51"
                     modifier="C" IPI="mBByMZ0iCTsLKCNDP_3ZhhsismEx" birthDate="2019-01-08"/>
                <Participant name="_2tkub.GlZ2kA_oOkFtjFC" role="music director" IPDN="BSIQh1St514sSb5-6a3A" performance="conductor"
                     grossFee="-1885596366.59" modifier="B" IPI="h_1-EV71zb" birthDate="2019-05-15"/>
            </Participants>
        </Record>
        <Record title="PpRF2XTderDuYgYXGUu8yinzaSAk5d" spins="1434418051" ISRC="724F5W3EDG1H" year="9143" producer="UmgoT6kRtcB7Ms"
             label="_t5YSl6MAzSUxH1" recordNo="LL4dFCeRSLIo" serialNumber="HzJeJo08yhUv51Vy1b-" isPremiere="true"
             usage="broadcast" ISWC="Qwoil80Zs5V2NfN-XEiFiQ" AKA="xr_Sa8r9B23do1es23AWkxP" genre="classical"
             broadcastedFrom="2020-01-30T11:21:16Z" broadcastedTo="2019-02-11T11:21:16" runtime="1563388810"
             origin="live broadcasting" alternativeTitle="rmb" recordedFootage="1162653637">
            <Participants>
                <Participant name="RAMVCPUgIgCIe1sSELpS" role="scriptwriter" IPDN="atpNgwMAkSaYkx02auW4OGRFZp" performance="chorus master"
                     grossFee="-428675698.91" modifier="B" IPI="Y7OfoqTDILynKN0z54hUA4MEJYS" birthDate="2019-11-14Z"/>
                <Participant name="cpI_P.RtYnqHtQQSz-a_y" role="composer" IPDN="gZJ-G_qBdfOr1UVRygXEmXSCcajzE" performance="main"
                     grossFee="470941598.63" modifier="A" IPI="yr7Vco7" birthDate="2020-01-07Z"/>
                <Participant name="wXWhi7f" role="arranger" IPDN="oW6qV" performance="soloist" grossFee="-370724466.62" modifier="B"
                     IPI="hQs8_wDE0jr" birthDate="2018-12-30"/>
                <Participant name="cQdqqLCycFLfPkPk_.xl08" role="producer" IPDN="Y4zFttSrKwGtiJry" performance="supporting" grossFee="-1571987946.07"
                     modifier="A" IPI="_pImS" birthDate="2019-01-23"/>
                <Participant name="JCZ6.TUy7qa22A" role="producer" IPDN="ZN.c9CH-Lyruk3l-5GjEkubypDL" performance="soloist" grossFee="340483765.50"
                     modifier="B" IPI="NCJ" birthDate="2020-04-17"/>
                <Participant name="SRWSp8A0sUDxYrEA0W8RSUsX-pE8" role="subscriptwriter" IPDN="LmUmP4PnKj1L3Egl" performance="chorus master"
                     grossFee="1861294219.15" modifier="B" IPI="XSFM7" birthDate="2020-03-17Z"/>
                <Participant name="ioy9cnL2P8xynEG" role="subscriptwriter" IPDN="qytBmyCpb" performance="conductor" grossFee="1615383606.00"
                     modifier="B" IPI="JkvaSZK5cXObkmtU4GWZBe" birthDate="2019-10-15"/>
                <Participant name="Wy3dd8N8" role="producer" IPDN="BnlIr" performance="chorus master" grossFee="-965127123.59" modifier="C"
                     IPI="lwEA8Z74" birthDate="2018-12-22"/>
                <Participant name="wx6rBZ5Euf6MGOlVZo" role="performer" IPDN="S73Gh" performance="chorus master" grossFee="-2110521145.16"
                     modifier="B" IPI="hgH7SX3vG1DHrtc.nmZcic7qf4S" birthDate="2020-02-06Z"/>
                <Participant name="Riba6J" role="remixer" IPDN="BfgxyOuevmR" performance="supporting" grossFee="-956032025.76" modifier="C"
                     IPI="hWnY5" birthDate="2018-08-24"/>
            </Participants>
        </Record>
        <Record title="uS8nHG4Zj.bWL7spcBvJz" spins="1206599106" ISRC="MJ1S311O04VN" year="7406" producer="teJcTKS7sx9L47o-QN4QVtlANu7tFJ"
             label="B3.NOk83N" recordNo="LGVgZ4Rg68oYq4y4X0NO4vcgamr" serialNumber="k7pN1ewoPt5AULzEi-pTd-k"
             isPremiere="0" usage="broadcast" ISWC="IxM9LNfIetM6es2zHZG2kA5h" AKA="z4A9drF6NrSz2aPrtVA2ohgLH"
             genre="spoken word" broadcastedFrom="2020-04-16T11:21:16" broadcastedTo="2018-09-03T11:21:16"
             runtime="2087901690" origin="live broadcasting" alternativeTitle="Nb4.t" recordedFootage="458478465">
            <Participants>
                <Participant name="C" role="remixer" IPDN="xlHjPf1cVi7X_UJYkxhK" performance="conductor" grossFee="-1670092738.31"
                     modifier="C" IPI="TlMKSTZWrYAn" birthDate="2019-03-10"/>
                <Participant name="EIDAYGodQtWSyWgEUy" role="composer" IPDN="J6LQLhUAeN44CmFT.f6RiSe1ewI" performance="conductor"
                     grossFee="1670305751.90" modifier="B" IPI="co6lKjtcQmGzd3JQhEvZ4oweZ2s" birthDate="2018-10-19"/>
                <Participant name="iJP4La-N3Ysr-EhlHeSF" role="remixer" IPDN="K4" performance="chorus master" grossFee="-667843028.11"
                     modifier="A" IPI="lUCL3U3X" birthDate="2020-05-28Z"/>
                <Participant name="VT.extwfn0-e0WluO_Lx4" role="sound engineer" IPDN="ribfD." performance="chorus master" grossFee="-1030862961.97"
                     modifier="B" IPI="qv7_vaq" birthDate="2019-08-20Z"/>
                <Participant name="LIfSfy8G5k1dHWSS9gHM5VeeEL" role="producer" IPDN="qnzg88GjWi37bDPtKTXy0" performance="main" grossFee="-1049775425.20"
                     modifier="B" IPI="tIGqvV61" birthDate="2019-12-25"/>
                <Participant name="W-s3Mmo19ILl" role="performer" IPDN="RHb_hCoe1dim4fxgaj" performance="supporting" grossFee="305789894.20"
                     modifier="B" IPI="r2PNDUECKdU5jfFqj1N98Cvj" birthDate="2018-12-15"/>
                <Participant name="TR9l." role="performer" IPDN="Xu8Tda4G8g-GtP3VCKLar2ItI" performance="conductor" grossFee="1657613451.78"
                     modifier="A" IPI="QojWd5PzQXPv" birthDate="2019-02-03"/>
                <Participant name="FFZuFgPDE9Hrt35v8JVF58N5Qjuq" role="sound engineer" IPDN="aS2zT-.x" performance="soloist" grossFee="-1945055216.75"
                     modifier="C" IPI="hGPxEeXbmJ9Df7In" birthDate="2019-10-16Z"/>
                <Participant name="BQJmW_t11V57UTe" role="producer" IPDN="AsljlY.nymeMo_7z." performance="supporting" grossFee="1879245246.21"
                     modifier="B" IPI="iKEdt-wfgKk3.gnrYq" birthDate="2019-02-19Z"/>
                <Participant name="J.x2EvYw-Qj" role="arranger" IPDN="P7WEihXk1pK1" performance="soloist" grossFee="-383557637.38"
                     modifier="B" IPI="ebzHajXnTIe1rZ9D" birthDate="2020-04-19"/>
            </Participants>
        </Record>
    </Record>
    <Record title="KL3ba" spins="688465588" ISRC="Y4694H76Y5K8" year="2204" producer="TXDyr" label="nBNZ" recordNo="xEVQhkVUGR8ehQ6xidA"
         serialNumber="z" isPremiere="1" usage="broadcast" ISWC="qadVzv" AKA="hWTFnOHghAk4saqxh0DJx"
         genre="composed" broadcastedFrom="2020-04-06T11:21:16" broadcastedTo="2019-04-29T11:21:16" runtime="1478361543"
         origin="recorded stream" alternativeTitle="rnS" recordedFootage="1911026088">
        <Participants>
            <Participant name="Y0-Q-z88PR4xCS08L" role="arranger" IPDN="iTE_kN" performance="main" grossFee="596770070.30" modifier="C"
                 IPI="xKwXN_se" birthDate="2019-09-07Z"/>
            <Participant name="BSwigFcN.T" role="performer" IPDN="n3ip_AJI1OBUfP4YxIlCtlUOQV-4" performance="supporting" grossFee="612087652.48"
                 modifier="A" IPI="jIUEGGwGQ6WaQPZ" birthDate="2018-09-14"/>
            <Participant name="KnMveT1BE7Uzj7UbOYTlccA" role="producer" IPDN="ZLhYk8G1SgbtYUiuSGDN" performance="conductor" grossFee="-2142097365.62"
                 modifier="C" IPI="wg.1Vxpi" birthDate="2020-02-24"/>
            <Participant name="CdegMs" role="music director" IPDN="vTY8" performance="conductor" grossFee="-1091732622.92" modifier="A"
                 IPI="XmYHoxes93l.sQ3DIQyj8H7" birthDate="2019-10-17Z"/>
            <Participant name="pZQZlI1px8QUnR" role="remixer" IPDN="udDUgN4NhhP-Kk0IX5tpn8JTLu9G" performance="chorus master"
                 grossFee="-294329679.80" modifier="B" IPI="T46Curq6MqQe6l1fE" birthDate="2018-07-07"/>
            <Participant name="NSmAGlVdAAC8w1YvNZq" role="composer" IPDN="kXxGyF.KsMRT" performance="supporting" grossFee="-1654768850.34"
                 modifier="C" IPI="V6kWzhqWESEEoAyuLABS180STf40cY" birthDate="2020-01-10"/>
            <Participant name="x1bx-rkJJGoGlQLfv2QJ" role="scriptwriter" IPDN="ITgLTSDk" performance="chorus master" grossFee="-1882990814.79"
                 modifier="C" IPI="BJ0lJA4" birthDate="2019-10-29"/>
            <Participant name="m2z" role="sound engineer" IPDN="r7qVNFd80HJ5f.q1XaX" performance="chorus master" grossFee="-627149972.84"
                 modifier="C" IPI="eMHN1fD-JQ73hyRsGduL_7Tu0UN" birthDate="2018-09-12Z"/>
            <Participant name="x" role="music director" IPDN="fdNPOtwMPrKV76bVcKLq5C" performance="conductor" grossFee="1748966199.10"
                 modifier="B" IPI="ujNi5Tvd" birthDate="2019-03-19Z"/>
            <Participant name="SbzOphx18" role="performer" IPDN="cYZocZe4N" performance="supporting" grossFee="1535748204.18"
                 modifier="A" IPI="v5i3WjDeL7DZh3QOCdWmNP" birthDate="2019-12-03"/>
        </Participants>
        <Record title="dwppaANh" spins="1459852554" ISRC="UEIJ2250CIO5" year="5844" producer="PVSEdtrgB2DK2KMM-AokgFJq4K4"
             label="ICUuW-ZYKzp" recordNo="U_PB9WrbzKHZm7Cxksu6mgMPIJUz3T" serialNumber="UUEy" isPremiere="false"
             usage="commercial" ISWC="uqk" AKA="XDHNLAT8W52I" genre="jingle" broadcastedFrom="2018-12-28T11:21:16Z"
             broadcastedTo="2018-08-02T11:21:16" runtime="1273492848" origin="commercial" alternativeTitle="PSxq1DY-VQi"
             recordedFootage="902270174">
            <Participants>
                <Participant name="Yf" role="subscriptwriter" IPDN="XUnoJfEc7n" performance="main" grossFee="-1084806979.74" modifier="C"
                     IPI="Ul5pGfw9X" birthDate="2020-03-31Z"/>
                <Participant name="eCnWW7IEAIfbzCwzb.hC9qQH" role="scriptwriter" IPDN="egke" performance="chorus master" grossFee="1658878837.04"
                     modifier="B" IPI="AU1tvKCaVatubEL" birthDate="2018-11-20"/>
                <Participant name="j4csBBnD2UnjDqgi0cyL18_GwCv" role="performer" IPDN="jcF" performance="supporting" grossFee="551084786.65"
                     modifier="B" IPI="zn-CPKajJfz" birthDate="2018-09-10"/>
                <Participant name="htqJbIMzZBkRyT-ehvZqya_5v" role="producer" IPDN="iVzFNTdtLOU4n6Z2H" performance="conductor" grossFee="-550550665.86"
                     modifier="B" IPI="GllA" birthDate="2020-05-06"/>
                <Participant name="JiZc9WiLk2" role="arranger" IPDN="HKvFSL94cM2-ragQ" performance="supporting" grossFee="-915917613.05"
                     modifier="B" IPI="sOCKY5Kw76Rp" birthDate="2019-12-31"/>
                <Participant name="S7fwCYDwM" role="scriptwriter" IPDN="klGDRQAyHF89vpMIdWoU-2q-FsSrgS" performance="chorus master"
                     grossFee="412096129.08" modifier="A" IPI="IT" birthDate="2018-08-22Z"/>
                <Participant name="QtnWG5ddU" role="remixer" IPDN="mgjss_55cHMJEgNb26DRRxmguPu" performance="chorus master" grossFee="1153563545.66"
                     modifier="C" IPI="DZ9I5L-Dk0YxOoS6Hv.JN0iPKMlcS" birthDate="2020-03-06"/>
                <Participant name="XudJRffDO6l" role="sound engineer" IPDN="X" performance="soloist" grossFee="278277155.41" modifier="C"
                     IPI="rba" birthDate="2018-09-15Z"/>
                <Participant name="zZMbiwWe.Ig-F1iwAXbrsugW.Di" role="sound engineer" IPDN="jmDB_zpwF3JCO.dhIGAm" performance="soloist"
                     grossFee="-2137630184.31" modifier="C" IPI="VkJ7hOFoP-" birthDate="2019-09-04"/>
                <Participant name="SSB3R-M8HbWaciiN5_" role="subscriptwriter" IPDN="inOLIr.0xc3" performance="supporting" grossFee="282057530.95"
                     modifier="B" IPI="IeGmTyLKcgOgJC" birthDate="2020-03-15Z"/>
            </Participants>
        </Record>
        <Record title="c" spins="1122068506" ISRC="M8EF618SMF0Y" year="2628" producer="fUc1KQv1" label="cyHgLpJ" recordNo="Jhm"
             serialNumber="b1tAo" isPremiere="false" usage="jingle" ISWC="rq6i977j1w44O5o2Fl0uQzvkDgt"
             AKA="f" genre="jingle" broadcastedFrom="2018-11-21T11:21:16Z" broadcastedTo="2020-04-19T11:21:16"
             runtime="676465941" origin="self" alternativeTitle="T5_rR.z01QvYObLGV4yHV5ZOQb" recordedFootage="35141992">
            <Participants>
                <Participant name="EXvj1WQV2FWCg5GcjdIjGU0Fym5-zL" role="composer" IPDN="lxTCIo2ESYUn8B.VyUfL9kDSDQD" performance="soloist"
                     grossFee="904297526.63" modifier="B" IPI="p" birthDate="2018-07-30"/>
                <Participant name="foyFIIAudTd" role="music director" IPDN="MnsSxa9pKqSGZr2PGNd" performance="supporting" grossFee="-617577594.17"
                     modifier="B" IPI="vcBbpH.NN_.55Kf2uF" birthDate="2019-12-08Z"/>
                <Participant name="jfiReb7OvP0Wi_FfbRDyPLuoc" role="performer" IPDN="RSn6CQ7JdI" performance="main" grossFee="847912460.58"
                     modifier="C" IPI="oIvbBQ0A" birthDate="2019-06-29"/>
                <Participant name="TvD" role="producer" IPDN="Ke9ba.W-1nzWJ3E1CcGhbX4B" performance="supporting" grossFee="-284000261.79"
                     modifier="B" IPI="py2" birthDate="2019-01-29Z"/>
                <Participant name="TaY3mt0KgBxI6sTTewWH" role="arranger" IPDN="p3YiWb3" performance="supporting" grossFee="-1945085897.00"
                     modifier="A" IPI="JQ6yVvcOFMdZfsuU1sPbfF" birthDate="2018-10-19Z"/>
                <Participant name="y2u24CAcask9Xs-k-Olr3HFM" role="composer" IPDN="Iz6B3p" performance="conductor" grossFee="1357044104.61"
                     modifier="C" IPI="WrTnQF6qnM" birthDate="2019-10-29Z"/>
                <Participant name="HmZ-O42h7vLKm7Pdj-FhF5BNr" role="music director" IPDN="Kvr7BecmpdkUz" performance="conductor"
                     grossFee="561801693.54" modifier="A" IPI="svTVha6BIFQT-Bdls-QwxAR_.ax" birthDate="2020-05-28Z"/>
                <Participant name="MMU3Q" role="composer" IPDN="UEb0-JCO" performance="supporting" grossFee="-671814760.08" modifier="A"
                     IPI="RZRQ9HSw0RVoXbG-SgHZE6" birthDate="2018-11-05Z"/>
                <Participant name="XD" role="producer" IPDN="O" performance="soloist" grossFee="695319121.09" modifier="B" IPI="EMBH-JMaZeGEySrfLIk7"
                     birthDate="2018-08-31"/>
                <Participant name="KqBRF3XtoE8twuA" role="sound engineer" IPDN="eWbiSJ" performance="soloist" grossFee="-1496688960.36"
                     modifier="A" IPI="GV8YYBcypr1d5d" birthDate="2018-12-04"/>
            </Participants>
        </Record>
        <Record title="KGzmwQktJX6nosyxCvBvO" spins="1334562777" ISRC="4V3O41U6W400" year="7840" producer="sipY7" label="iUmNnhs7G5P5Tf2DKAM-Ud-w5"
             recordNo="lk4UkFmlHIJb5f" serialNumber="QA1z9foMzpxc" isPremiere="false" usage="commercial"
             ISWC="fLH6GzzPMX9z.rKsvcKV" AKA="_oMG9jR-deUnk" genre="composed" broadcastedFrom="2019-05-06T11:21:16Z"
             broadcastedTo="2019-07-12T11:21:16Z" runtime="1884938759" origin="live broadcasting" alternativeTitle="nfEdOfs62f5SFnguJwt1dxhHC63Dr"
             recordedFootage="982183726">
            <Participants>
                <Participant name="V5WmS7LtSYU.slt6OH4blf" role="producer" IPDN="v" performance="soloist" grossFee="-89543703.65"
                     modifier="C" IPI="NE" birthDate="2018-09-29Z"/>
                <Participant name="sCGvlF" role="sound engineer" IPDN="VwbUAvLI6WhKcSLTDZOxu3m.gxQ" performance="conductor" grossFee="-331292256.14"
                     modifier="A" IPI="dFZs27" birthDate="2019-01-07"/>
                <Participant name="zPVp" role="sound engineer" IPDN="ein6aZ6208gGZuou0M2fKdMe" performance="main" grossFee="-1755525600.68"
                     modifier="C" IPI="udS_qgVlyoLbF" birthDate="2018-07-25Z"/>
                <Participant name="Ceos" role="subscriptwriter" IPDN="gfW" performance="soloist" grossFee="-1526716647.06" modifier="B"
                     IPI="Gx4L23ueDTKNK1e2ht0nMkqe" birthDate="2018-11-12Z"/>
                <Participant name="B6W2" role="producer" IPDN="wGjzWmpM1" performance="soloist" grossFee="-1113863348.57" modifier="A"
                     IPI="avqGajJzTX" birthDate="2018-09-21Z"/>
                <Participant name="LJX6G17SoSfq0a3b_X7R_DxEXiPY8M" role="composer" IPDN="rkwt1Vvechrrz8" performance="soloist" grossFee="-1218201797.98"
                     modifier="A" IPI="T1quBBB2bNHpEoGR0B1wOySa.cJE" birthDate="2019-04-20Z"/>
                <Participant name="hvJEnTW9MNwM3.am3g7" role="remixer" IPDN="gPT" performance="main" grossFee="1631549099.24" modifier="B"
                     IPI="t5LmkG2DPTvLFyuAJ6s_lB" birthDate="2018-12-01"/>
                <Participant name="he" role="producer" IPDN="IAMmOb-Cg3nI" performance="chorus master" grossFee="-839070090.35" modifier="A"
                     IPI="D7QlCVMrmOi" birthDate="2019-11-28Z"/>
                <Participant name="HmlEUOqPwEiBSt" role="producer" IPDN="EwUCW5JbUSp4Z2rwCQqh" performance="conductor" grossFee="625177323.31"
                     modifier="C" IPI="J2Q3EX35J3xC" birthDate="2020-01-18"/>
                <Participant name="frz1v1EnRwHIwwFdt48tAqHD" role="sound engineer" IPDN="WuG" performance="main" grossFee="486086958.86"
                     modifier="C" IPI="bKLt-tT2G7XFxggqdi" birthDate="2019-07-15"/>
            </Participants>
        </Record>
        <Record title="ndNHkCQAsZtEVhAEQ7jr-nBOqNjj3_" spins="1836848812" ISRC="PXBC8H4A59QN" year="3196" producer="jK6FvSShYfW7t.6.THALB0ia8FLiGI"
             label="RgIGDJvrMh" recordNo="tNGf7IDPYmkxO8WrPA" serialNumber="jpEx" isPremiere="1" usage="broadcast"
             ISWC="l" AKA="p1MR5zJHJZdXEDbKNWdi9" genre="pop" broadcastedFrom="2019-10-16T11:21:16" broadcastedTo="2019-07-28T11:21:16Z"
             runtime="347102582" origin="commercial" alternativeTitle="CL4GZ7gV9EOw4Bw-y7RUSaMjK" recordedFootage="384094188">
            <Participants>
                <Participant name="gw00PL5uTL0" role="sound engineer" IPDN="ojUFSJp0gbdq" performance="conductor" grossFee="-1590190963.39"
                     modifier="B" IPI="myMJjRYt1XgU13" birthDate="2020-04-26Z"/>
                <Participant name="ndGzPcVP_rqF" role="music director" IPDN="Zde" performance="conductor" grossFee="-536563231.76"
                     modifier="A" IPI="NiOhOIk0kYaLxrUXXhHh" birthDate="2019-06-21Z"/>
                <Participant name="_nSNYJ2E.IOOOZWWuZgMeu5hj" role="composer" IPDN="yfvne0rz_6Af-y_uzzvVbPh_yS3I" performance="chorus master"
                     grossFee="-1374133553.91" modifier="C" IPI="WASj.OVX.3zQTJqK54aHXGB3M6OL" birthDate="2019-02-27"/>
                <Participant name="ASHJ.PAOZW2Hv8" role="music director" IPDN="aUxFsSt2syoDeMYRnHE4HX" performance="main" grossFee="979888802.78"
                     modifier="C" IPI="N3jhhy9dpruYme_7nwn_4q.ou" birthDate="2018-11-23Z"/>
                <Participant name="iaZxqIS-37" role="performer" IPDN="QHbsdasGSFfewJTJSRy" performance="main" grossFee="1305040211.39"
                     modifier="C" IPI="G1PMjGuzZw8AdXe.7InD3GzgDqUS" birthDate="2019-06-16Z"/>
                <Participant name="dSyYmFZ1eUFzfv4kn8os8n13NyvjXc" role="remixer" IPDN="f9yVvtZWp8o92LXPLouLLeJI4Z_" performance="supporting"
                     grossFee="-86277982.68" modifier="B" IPI="G745Yt9Wjo" birthDate="2018-12-02Z"/>
                <Participant name="qSZfTf6C_6E-gVAGOqZ2" role="scriptwriter" IPDN="dwa-qfifixc__xe12EHg" performance="soloist" grossFee="-2096118532.32"
                     modifier="A" IPI="W1jfZ8sPn5gPE3EiS7LWOv3_Hx79ad" birthDate="2020-05-30"/>
                <Participant name="s9kyoI1M1X.S4" role="subscriptwriter" IPDN="E.yAWgI_azZnTrPkPUTAr6YMCrZ" performance="supporting"
                     grossFee="-337425876.34" modifier="B" IPI="UfwkwL8MaQI4p3__UllfLNhnyLdNT" birthDate="2020-03-23Z"/>
                <Participant name="Wm9" role="producer" IPDN="CG_gzNvZxVj.Xtwod0" performance="main" grossFee="1525052193.13" modifier="C"
                     IPI="ZpMTmu2zaSPD3" birthDate="2019-08-03Z"/>
                <Participant name="y5zhobeLxyDMhZZbdRP" role="sound engineer" IPDN="SS0.S5PD6Ttfyw.EcG" performance="supporting"
                     grossFee="188513469.12" modifier="C" IPI="Dpp0ICPToHp6svFh" birthDate="2018-08-27"/>
            </Participants>
        </Record>
        <Record title="otJh4zaT8nPWGQx1Wchh49" spins="337522785" ISRC="45I5KLV8L66Z" year="7942" producer="RVlaar78TbqRhqHH5vvPm9No_cG."
             label="fnKwe1-xWOEiRwN8HLjX3CcVA" recordNo="eS2ueBA_wGxrLP" serialNumber="PUf61sAY" isPremiere="0"
             usage="commercial" ISWC="J.-wTrkA7LNzAN" AKA="V" genre="composed" broadcastedFrom="2019-11-14T11:21:16"
             broadcastedTo="2019-07-31T11:21:16" runtime="1607940504" origin="commercial" alternativeTitle="JmAZ41L-w2NJjLEkuiVJtP_CUFub"
             recordedFootage="828133592">
            <Participants>
                <Participant name="JAYaigCUTLIdPdVWtHRhW1enMR6msh" role="composer" IPDN="P9aM." performance="soloist" grossFee="1250432612.18"
                     modifier="C" IPI="Ty48s" birthDate="2020-02-28"/>
                <Participant name="fVM6XKVv4QzuG3" role="performer" IPDN="ypsSFTWjipcfj3U4D0fjuKA" performance="chorus master" grossFee="-1723445429.06"
                     modifier="C" IPI="_qta7Q" birthDate="2020-03-07Z"/>
                <Participant name="lTT" role="scriptwriter" IPDN="ZdC2.FpVC3" performance="conductor" grossFee="1261885416.53" modifier="A"
                     IPI="DB0mbSdvXW8" birthDate="2020-04-08"/>
                <Participant name="BTr" role="remixer" IPDN="sFk56F5atBMKvfLQw." performance="supporting" grossFee="1388136337.30"
                     modifier="B" IPI="D-_i-uuc8TNXfsLfA60s" birthDate="2018-09-22Z"/>
                <Participant name="Gbphz9ufPuoT" role="scriptwriter" IPDN="_YQPNaHQcBlO" performance="chorus master" grossFee="-1643450407.21"
                     modifier="C" IPI="b-iMj3q3rQiDkK" birthDate="2019-02-02"/>
                <Participant name="Y6" role="performer" IPDN="oJfSqi4hfC4P3YPi56dwDeG_k" performance="conductor" grossFee="1203370446.92"
                     modifier="A" IPI="qGlXfP41zQm6mRx7Y9" birthDate="2020-02-25Z"/>
                <Participant name="dddr" role="subscriptwriter" IPDN="wW5qoLuzu2" performance="chorus master" grossFee="979070674.58"
                     modifier="C" IPI="bcu7h" birthDate="2019-02-15Z"/>
                <Participant name="dJWXX16m98pD" role="music director" IPDN="o3O" performance="conductor" grossFee="433767268.82"
                     modifier="B" IPI="yZfiR0EXeD3mj3D5L7Tvc53Ixu" birthDate="2019-08-01"/>
                <Participant name="ttn4uojgKmaJ3s06qKMW_EmSZ2" role="performer" IPDN="agk_svXs_oW.YwGUnFZr" performance="soloist"
                     grossFee="-1102765710.91" modifier="A" IPI="E_CO-4hr.WJrPR7LQLKtz4Gy9" birthDate="2019-12-26"/>
                <Participant name="PqifnzIWB." role="subscriptwriter" IPDN="PZ" performance="conductor" grossFee="839223399.80" modifier="C"
                     IPI="UhaJoaWIVT" birthDate="2019-09-23"/>
            </Participants>
        </Record>
        <Record title="IyAJN6" spins="1391719641" ISRC="M93B7U8IU822" year="4959" producer="Y" label="NFseUbd_XpeY9TH0_c"
             recordNo="J1l" serialNumber="af0PVJ" isPremiere="1" usage="jingle" ISWC="YzANAo4MugOvDYclW-"
             AKA="R._u4_S9wrfXW06Gzi9i-p.N" genre="jingle" broadcastedFrom="2018-08-22T11:21:16Z" broadcastedTo="2020-05-27T11:21:16Z"
             runtime="796633016" origin="report" alternativeTitle="YGHSdYgEHKMBX-lhT1_xN" recordedFootage="807321631">
            <Participants>
                <Participant name="xF6yR9mdyVYzYle1dHg0EyJi9" role="music director" IPDN="le53Lnk0FK6nkJtmayaJBCZP" performance="main"
                     grossFee="2127927587.38" modifier="C" IPI="FEx2b1Uk2s6" birthDate="2020-04-08"/>
                <Participant name="Vv83teveVkCNj7-2XSMca6YNH8y" role="producer" IPDN="x2ioKh-JTrvsw" performance="conductor" grossFee="2055105780.01"
                     modifier="C" IPI="LvLJy" birthDate="2019-11-07Z"/>
                <Participant name="eZKBXF_" role="subscriptwriter" IPDN="AExVdHFppjsMQW" performance="chorus master" grossFee="764822325.31"
                     modifier="C" IPI="x4nVJWNT6u7Ds4R" birthDate="2018-07-25Z"/>
                <Participant name="_sv51Zetk6" role="sound engineer" IPDN="bEkuntQpRigd8AEboDSHdLY-mKJ" performance="conductor" grossFee="-13025069.83"
                     modifier="B" IPI="S3UD_tk0ICb4BDJM" birthDate="2018-12-10Z"/>
                <Participant name="obaIaP2LnCvc42dgLiGUi" role="performer" IPDN="vkjPcuqNz" performance="chorus master" grossFee="1755797801.78"
                     modifier="A" IPI="db7ElzAzvOlqUIqbLzP" birthDate="2018-11-19"/>
                <Participant name="c2hw" role="scriptwriter" IPDN="aXVipHM9hg7d3io4" performance="supporting" grossFee="-1123009224.80"
                     modifier="A" IPI="q6" birthDate="2019-03-11"/>
                <Participant name="dAowTaaRVk9hD" role="producer" IPDN="Q522TKZuUYyVKu6uIwk6K0iW" performance="conductor" grossFee="797403212.38"
                     modifier="A" IPI="sFjm.SGG" birthDate="2019-06-21"/>
                <Participant name="XZrBTnCj3ZK0bfICu-pp9VS" role="performer" IPDN="EiyKIJy43NtE3deOGCmq3Lkl7o2I4I" performance="supporting"
                     grossFee="2062218516.18" modifier="C" IPI="q" birthDate="2019-10-10Z"/>
                <Participant name="E4BjH9.fuzkQBsBuV6rc1eeuptC" role="arranger" IPDN="GUFXlWPmI40cXW7dkRKCJRs4Hv-K" performance="main"
                     grossFee="1510854160.75" modifier="A" IPI="O7b4IMFaeUjJKOS" birthDate="2018-11-23"/>
                <Participant name="nNN7V" role="producer" IPDN="vyI0hb21b.jJxamH3OY" performance="supporting" grossFee="1500564164.23"
                     modifier="A" IPI="Kd5JT6UZ5FP.SuFpbNe" birthDate="2019-01-15"/>
            </Participants>
        </Record>
        <Record title="_gBO_2Wa7BuR" spins="1492716804" ISRC="WH45S0B80L7R" year="1476" producer="FG7" label="MRmNnJ.J.sRQdGx9vfDFWhBQZXv96g"
             recordNo="UeEbiXZqfU30D" serialNumber="xNK_aiTDMU42" isPremiere="0" usage="commercial" ISWC="bXKX22BNhslyuWBI9k"
             AKA="xxslycN2r5auL5ma9t-UdcB0QYkwEc" genre="classical" broadcastedFrom="2019-01-21T11:21:16Z"
             broadcastedTo="2020-02-05T11:21:16Z" runtime="939074887" origin="self" alternativeTitle="W.JF"
             recordedFootage="1641532214">
            <Participants>
                <Participant name="eDsphS2uCAtD7Ri" role="remixer" IPDN="hp1xPFWPnuYj79" performance="supporting" grossFee="573286327.58"
                     modifier="B" IPI="Q_KmWtv5-a5pA9U4G" birthDate="2018-07-27Z"/>
                <Participant name="dIlhQdpPNAFwaAWE_77Da" role="sound engineer" IPDN="jI5F6ecNpfeVmAcDOE3ELH0o3ey1K" performance="main"
                     grossFee="-1880697749.33" modifier="B" IPI="mBoBchyx-O3CTjzRTwv9Xqjnd5Kz" birthDate="2019-11-04"/>
                <Participant name="Q_.9dSQ9QR_wGzSL1Pu" role="sound engineer" IPDN="xo_WfgwWZ" performance="conductor" grossFee="1654090301.87"
                     modifier="A" IPI="iQ" birthDate="2020-03-16Z"/>
                <Participant name="PVPGO_e75" role="arranger" IPDN="xhVAbR8j-wQfHlVtPEfFPjBl." performance="main" grossFee="1385647620.97"
                     modifier="A" IPI="d89" birthDate="2020-03-18"/>
                <Participant name="J0" role="producer" IPDN="jzI6uwQc._uJTXBVA_" performance="conductor" grossFee="-1286939240.95"
                     modifier="C" IPI="hSC_ifd0" birthDate="2019-01-28Z"/>
                <Participant name="HzIX" role="performer" IPDN="pQ59fGy_Pyviw0ln61Wz" performance="supporting" grossFee="1471299998.43"
                     modifier="A" IPI="JzKgNMQWWMz7t7djj_4Xv" birthDate="2019-03-04"/>
                <Participant name="EaA3i-Gj_Yz31ugZ97zfI0S6_sBra" role="performer" IPDN="GSq1Gwrl9JTpMNfx" performance="supporting"
                     grossFee="686116589.88" modifier="B" IPI="jko." birthDate="2019-01-29"/>
                <Participant name="gOc-bPbZ-H.A" role="subscriptwriter" IPDN="pH6n3TgUVs5x_FZHuisdujuBKG9" performance="conductor"
                     grossFee="1394853796.39" modifier="B" IPI="vR7frTIxi" birthDate="2018-11-27Z"/>
                <Participant name="J8F" role="music director" IPDN="nOtZ3N_OZ3q" performance="main" grossFee="-603234725.55" modifier="B"
                     IPI="TY" birthDate="2019-09-26Z"/>
                <Participant name="P5Ab2LWxK76A0" role="remixer" IPDN="RV_P" performance="chorus master" grossFee="1026187459.93"
                     modifier="A" IPI="tWUmC2IYC" birthDate="2019-08-11"/>
            </Participants>
        </Record>
        <Record title="hDWoB4CWv-IP" spins="606157544" ISRC="94471XP58VTR" year="8680" producer="viyq6zWQM" label="tVWBq"
             recordNo="yBUep3wE6iR" serialNumber="Z5N" isPremiere="false" usage="commercial" ISWC="jiP4jUWdt0qiFS"
             AKA="CzKD" genre="pop" broadcastedFrom="2019-03-31T11:21:16" broadcastedTo="2019-08-23T11:21:16"
             runtime="541107056" origin="live stream" alternativeTitle="YRBWo4fLiPgt" recordedFootage="607692657">
            <Participants>
                <Participant name="U9jPUr5Ngf6" role="producer" IPDN="A.KEoD1K_6pnRNFo7IC02H1cFhTYmG" performance="soloist" grossFee="1924337028.33"
                     modifier="A" IPI="hnfzffbtyO2zi6BkgQ6ze" birthDate="2019-05-16"/>
                <Participant name="cC7X2lk85f3eBs4bTolQznGL" role="scriptwriter" IPDN="q" performance="chorus master" grossFee="-818103040.42"
                     modifier="A" IPI="c9F6fDaBn3JODdNnecFit2av1" birthDate="2019-02-02Z"/>
                <Participant name="sy-" role="subscriptwriter" IPDN="rFMAbZj7BrSlaD9bYs" performance="soloist" grossFee="-1811125439.68"
                     modifier="B" IPI="PwZc9rWu4R5i" birthDate="2020-01-05Z"/>
                <Participant name="lsKFw6nX-qrOTvcONnaxhOrH" role="arranger" IPDN="wkO0NKfyuMPpiblbLbzRM" performance="chorus master"
                     grossFee="-520485243.81" modifier="B" IPI="fvN96W_ehYMVLLkBTle" birthDate="2019-10-14"/>
                <Participant name="bco5xdBhtLtVhydkxnDhcikpE1pGa" role="remixer" IPDN="h" performance="conductor" grossFee="1891281128.44"
                     modifier="A" IPI="gi" birthDate="2018-09-24Z"/>
                <Participant name="OW4vn9z" role="subscriptwriter" IPDN="A_64yrMmkj" performance="supporting" grossFee="2062394889.10"
                     modifier="B" IPI="asm2YzVteMrzy5Yio2zfBcfH4Mx8" birthDate="2019-07-31Z"/>
                <Participant name="o3llg6MxytRxC" role="subscriptwriter" IPDN="Nn-sw75d_gJV_Dp-F5mJuuklCaR0cB" performance="main"
                     grossFee="605650802.54" modifier="B" IPI="Ag" birthDate="2020-05-02Z"/>
                <Participant name="F_xZ7OoMw_MZiF567nEcZokao3k0pj" role="remixer" IPDN="dx6abwH7AdN7Iuza7P" performance="chorus master"
                     grossFee="-104125082.44" modifier="B" IPI="o.OkjFEZs2N4.wfMFP6VV." birthDate="2019-03-06Z"/>
                <Participant name="YAW4pL0epeT38VUBMvpK" role="scriptwriter" IPDN="gLR8mjzuZz07" performance="conductor" grossFee="152171133.83"
                     modifier="A" IPI="JPcxpa" birthDate="2019-04-08"/>
                <Participant name="AWz2y" role="music director" IPDN="S2E2g.YxTFF-YHAdTcOA9pOgM" performance="conductor" grossFee="-195786786.93"
                     modifier="B" IPI="U8f.HPUky1yOIOwbcA" birthDate="2019-01-03"/>
            </Participants>
        </Record>
        <Record title="Z" spins="1985533886" ISRC="1C5WK14Z207B" year="4755" producer="i0fwrsHB3WB17" label="jK3pUV.M.wtxrvy09kgRQ1famO"
             recordNo="DV429eJCCH" serialNumber="s6Zy9JfuoxX" isPremiere="1" usage="jingle" ISWC="ZGa-mEYlcQJG8pJXOXfc6e1OEc"
             AKA="We1uzD1vlb7v" genre="composed" broadcastedFrom="2020-02-02T11:21:16Z" broadcastedTo="2019-08-24T11:21:16"
             runtime="328362592" origin="report" alternativeTitle="QJG" recordedFootage="610329829">
            <Participants>
                <Participant name="VlPf.kxZ2hxgWXMIrgS-zYvsE" role="performer" IPDN="dX1Adt" performance="conductor" grossFee="-1780643753.19"
                     modifier="B" IPI="xqFJQdZioJliA8nnUw4" birthDate="2019-07-23Z"/>
                <Participant name="DAqUk8b-l3CST84GXHgWRn5ifXbaiL" role="remixer" IPDN="bmroqdSY4cCUQsEED-KLVN2lRHoNr" performance="main"
                     grossFee="1231140959.70" modifier="C" IPI="Gn.YpKJO" birthDate="2019-12-17"/>
                <Participant name="FqHybDvESK0d" role="arranger" IPDN="cSlMsKHh4lX12b" performance="soloist" grossFee="246898105.12"
                     modifier="A" IPI="c8pw9ZT0DEa" birthDate="2018-12-18Z"/>
                <Participant name="IkCTCbvvz-vF" role="performer" IPDN="I13ETymB817" performance="chorus master" grossFee="1973566915.26"
                     modifier="B" IPI="z1eTFUROJh4_LYCRI" birthDate="2020-06-27"/>
                <Participant name="xgpVbIyxnUuDF-3pD3vzet.yl" role="producer" IPDN="twcGDQuFTa50pMRsph600lysS3ST" performance="main"
                     grossFee="667178351.96" modifier="C" IPI="P9sO5RMjkjRmtILJ_RmlMbWpcBSD" birthDate="2019-11-26Z"/>
                <Participant name="zz4srp9l06xW" role="performer" IPDN="aWrFBCg9UAWuBKSHCiM5RE" performance="soloist" grossFee="421381583.74"
                     modifier="C" IPI="ea1eT" birthDate="2019-02-10"/>
                <Participant name="IG0TpfD1A9W" role="producer" IPDN="YFjLMOHF1.tRB761" performance="main" grossFee="-2042653789.84"
                     modifier="B" IPI="wx5ID1cbp" birthDate="2018-12-08Z"/>
                <Participant name="QwlJc-ifiT7xnT36" role="remixer" IPDN="UAvyLeHewfWdh1QTzo8wiqA9TzN" performance="soloist" grossFee="-1785188095.10"
                     modifier="C" IPI="P48-au6mSZfr5pCWquvjaNo5kz" birthDate="2018-11-05"/>
                <Participant name="QZbI_5" role="sound engineer" IPDN="tX0U0Ug6" performance="main" grossFee="1002144266.78" modifier="B"
                     IPI="UsBIgF" birthDate="2020-01-28"/>
                <Participant name="UDkR" role="composer" IPDN="NzUAfhtn8Ccczgfcp" performance="main" grossFee="1197391354.28" modifier="C"
                     IPI="GanFm.-eYRvDeU" birthDate="2018-08-16Z"/>
            </Participants>
        </Record>
        <Record title="noO" spins="2067422996" ISRC="1113589VV7O2" year="8256" producer="x1" label="eBwNvlVTJ8oKaGNxNrP.CeG0Ep"
             recordNo="Y" serialNumber="g" isPremiere="false" usage="jingle" ISWC="WkOl" AKA="A5X2QI6lqvqyhmwjdd-sd6XjOQ."
             genre="spoken word" broadcastedFrom="2019-12-20T11:21:16" broadcastedTo="2020-05-31T11:21:16"
             runtime="545268653" origin="live broadcasting" alternativeTitle="w4CvZkQCue57EE" recordedFootage="302333196">
            <Participants>
                <Participant name="UZtoymYayF6MNDd" role="music director" IPDN="hpkWEgL" performance="main" grossFee="1590514733.03"
                     modifier="A" IPI="Nmh5J4hD5Fb09RbaH8Y4" birthDate="2020-05-27Z"/>
                <Participant name="nRVm" role="composer" IPDN="bZv4yaTH9YzrVgKaFcBY-rBbxFf" performance="main" grossFee="918305219.03"
                     modifier="A" IPI="s9bfM5kPCkBs7_" birthDate="2020-06-06"/>
                <Participant name="M" role="performer" IPDN="Pcm8VM5HOQzFOeq" performance="soloist" grossFee="1659760458.02" modifier="C"
                     IPI="Hwffo" birthDate="2019-11-14"/>
                <Participant name="ny63C2r8qiY2jRln0kjOD_i7vfD" role="subscriptwriter" IPDN="TkqU0AAJK" performance="supporting"
                     grossFee="-372127599.32" modifier="B" IPI="uxSaekfa6d" birthDate="2020-01-26"/>
                <Participant name="XlJHnSebNIdHMy9vq9ZKf3ISdk" role="subscriptwriter" IPDN="vs_E-1iJgmQvgz_2" performance="conductor"
                     grossFee="973486406.62" modifier="A" IPI="DEExBaXDZy" birthDate="2019-03-30Z"/>
                <Participant name="lv1pk8NTdFNxzl_Z1LfwPDhbG-" role="subscriptwriter" IPDN="rloz8gO" performance="soloist" grossFee="1690807936.45"
                     modifier="C" IPI="WG3JPiyOebAQeRhxpRXM_" birthDate="2019-03-22"/>
                <Participant name="owJi" role="music director" IPDN="_Tx" performance="supporting" grossFee="-1131375845.48" modifier="B"
                     IPI="zlXUI" birthDate="2020-03-22Z"/>
                <Participant name="_OrEuKxZV" role="subscriptwriter" IPDN="JLq86O2.9-VPjpPb_b" performance="main" grossFee="-619819240.22"
                     modifier="A" IPI="NeMz.I9" birthDate="2019-10-06"/>
                <Participant name="AfMCdRaVLzfaQ4_Eevw" role="music director" IPDN="eKi" performance="chorus master" grossFee="-879102279.39"
                     modifier="A" IPI="DULlKNY7chzDwjw1gFjg-Mn" birthDate="2020-01-06Z"/>
                <Participant name="vZVQxwbK_yCG-D96" role="subscriptwriter" IPDN="ukZXKBi3_jBinLDb-HGw3a" performance="chorus master"
                     grossFee="-1011898916.89" modifier="C" IPI="ck6jYCCxI2PnA602ckX" birthDate="2018-09-20"/>
            </Participants>
        </Record>
    </Record>
    <Record title="JxTvEhpwv3" spins="2126349321" ISRC="800J541UX246" year="0362" producer="r2hq" label="VU7ebaw_PEWf_yZUFi."
         recordNo="WziwvhjicVZf9y3" serialNumber="t-IfKG9wDXJ1gc" isPremiere="false" usage="commercial"
         ISWC="R.cP_bXmf" AKA="g6EzNajK9Sflc67j" genre="composed" broadcastedFrom="2020-03-26T11:21:16Z"
         broadcastedTo="2019-03-07T11:21:16" runtime="846077716" origin="recorded stream" alternativeTitle="K2"
         recordedFootage="1663514926">
        <Participants>
            <Participant name="N9TlSDMby0m" role="arranger" IPDN="qTckEwjzprgXWgx9uRkz" performance="chorus master" grossFee="118349781.43"
                 modifier="B" IPI="l4XFt1yblxE0xTR-h0RnPtqZwm0" birthDate="2018-08-22"/>
            <Participant name="Trqrcf8Yy9B6uTD_4dhwZHsZY_J" role="subscriptwriter" IPDN="XHubw4WCQW2uZVGXJETcv" performance="chorus master"
                 grossFee="-444418171.18" modifier="B" IPI="U9KYu_hNYmoPSYK7xPImBp" birthDate="2020-02-29"/>
            <Participant name="g" role="arranger" IPDN="aFxyxBXJs" performance="soloist" grossFee="2080821739.64" modifier="B"
                 IPI="zcfU" birthDate="2020-02-04"/>
            <Participant name="fz" role="music director" IPDN="qjfRr_aB3HS5GQJKnzAczN3OqrD2TO" performance="supporting" grossFee="1815807771.85"
                 modifier="A" IPI="jNDTqg47eBjLwQq5pH" birthDate="2019-08-04"/>
            <Participant name="_iWkyECwlM-K1aNkngxsQ" role="producer" IPDN="EkAv_WZeYrjBKYnszEnz1R" performance="chorus master"
                 grossFee="1254227186.14" modifier="A" IPI="__Er6Z" birthDate="2018-07-12"/>
            <Participant name="lj4LtXxMn1" role="sound engineer" IPDN="u.KV_pmmz" performance="conductor" grossFee="1894524329.94"
                 modifier="A" IPI="b1" birthDate="2018-10-24"/>
            <Participant name="K4RipSqP73wUM" role="performer" IPDN="RHFUUgocRictoutlNT1.P1" performance="conductor" grossFee="-2098871161.23"
                 modifier="A" IPI="H_ydiHF-sA.Fgzv2dreNKu" birthDate="2020-06-02"/>
            <Participant name="UtY2BewVi8il" role="remixer" IPDN="MjGQoLXr5.4KsHGgtW7" performance="chorus master" grossFee="1809907597.59"
                 modifier="B" IPI="GHavmRPN" birthDate="2020-06-16"/>
            <Participant name="c81zCb77TZGhaeil2" role="composer" IPDN="tjjJOmteR-Jt61karz3yVt6BxUY" performance="main" grossFee="1262535008.88"
                 modifier="A" IPI="hGt" birthDate="2019-03-19Z"/>
            <Participant name="Uhbtx1mt_l2x8nAvg" role="performer" IPDN="LC" performance="chorus master" grossFee="-1009649442.74"
                 modifier="C" IPI="oL4-ffxw8TEoG0WNQD.nF77ux" birthDate="2019-10-20"/>
        </Participants>
        <Record title="rB7Pk1jOGz" spins="1434073959" ISRC="196UW25B77G7" year="1013" producer="ZVCAsSAsc7n2qAYPtS0NMDouM26N"
             label="Ig3zVX7mET-GIx5qdsYw_Ihxy." recordNo="Lfj.pL" serialNumber="qL4oGPDP6Y.x" isPremiere="true"
             usage="broadcast" ISWC="irsiLl" AKA="j5Z6z8ZIym-Hc" genre="classical" broadcastedFrom="2019-07-10T11:21:16"
             broadcastedTo="2019-09-03T11:21:16Z" runtime="1304594878" origin="self" alternativeTitle="aIsnCVEBwBL23yoEJF4_EIS9Z_xz"
             recordedFootage="529977055">
            <Participants>
                <Participant name="ldOfR4fBY673iiTl.aLT" role="composer" IPDN="idbayWxeWnDir-eEM4TEhk.IXz" performance="soloist"
                     grossFee="-415095195.94" modifier="A" IPI="xmp5C0E5IRnC" birthDate="2018-11-13Z"/>
                <Participant name="MjTacI" role="arranger" IPDN="p9WFw49iWucLi6YJ.fFOsVUT3h" performance="conductor" grossFee="858632583.08"
                     modifier="A" IPI="b3LJwCRL" birthDate="2019-06-06"/>
                <Participant name="nh" role="subscriptwriter" IPDN="Jj_Lo" performance="soloist" grossFee="342382149.17" modifier="B"
                     IPI="MxR96WIg_j" birthDate="2019-04-02"/>
                <Participant name="QERi2PNctpmWPLR" role="arranger" IPDN="UMRJLtnc7Xc" performance="conductor" grossFee="921395386.65"
                     modifier="C" IPI="pUVsQYVn.iyiBQTMnjr-TgPg8QB" birthDate="2019-07-30Z"/>
                <Participant name="VRVj0lzuQY-pIuo" role="sound engineer" IPDN="mZNMAQWlIXUJCVc26Jf2zeii_ffls_" performance="soloist"
                     grossFee="-1392998928.81" modifier="B" IPI="Id" birthDate="2020-04-15Z"/>
                <Participant name="Oy0ThWBF3" role="sound engineer" IPDN="WEpL6tZUi8zSliY4zft" performance="main" grossFee="-1986120753.57"
                     modifier="B" IPI="klePcoK4oogAUSM-GHb" birthDate="2019-04-15Z"/>
                <Participant name="J5hn" role="arranger" IPDN="Fn-" performance="soloist" grossFee="-644086229.18" modifier="C" IPI="VVyaFQxF21crT1qK4xKDT"
                     birthDate="2019-10-16"/>
                <Participant name="ddQTwbkU1UcYVs" role="remixer" IPDN="V3rHwG7pkRZEwXi" performance="supporting" grossFee="1855507696.52"
                     modifier="B" IPI="YpSxF8QS6mzvvgSZ3Iv0" birthDate="2020-06-09Z"/>
                <Participant name="QaO8IQmWjZS44WX.FYDEd" role="arranger" IPDN="sN_kG-G4Js.k2oDCD1r3L1t8urPc" performance="supporting"
                     grossFee="-1277786157.12" modifier="B" IPI="S-Owe1UiLlo" birthDate="2019-09-23"/>
                <Participant name="zzOBjlv3g" role="remixer" IPDN="lLw0J6K-bsvFI6X.MzsKxA" performance="main" grossFee="904145873.33"
                     modifier="A" IPI="Chroao3tD-dhtEp" birthDate="2020-05-07Z"/>
            </Participants>
        </Record>
        <Record title="Ac7z4beYkwV.." spins="919335484" ISRC="9S6QLKA3R20P" year="3760" producer="L8XId" label="dNIrUhye-PL8xBrAdQS-v27_O"
             recordNo="gc6ARqWr0gR4n8_Er4VyBhYbs" serialNumber="UAaUnuNqbSQM5" isPremiere="true" usage="broadcast"
             ISWC="p3GuKLSOL2to5tLhqh5RF" AKA="z.xCHYzg6oJvAtbnBoTOr" genre="jingle" broadcastedFrom="2020-05-08T11:21:16"
             broadcastedTo="2020-02-13T11:21:16Z" runtime="1392820385" origin="self" alternativeTitle="D7PTg.eQZ_dLpaCKYoqIgKxQVyeJnx"
             recordedFootage="1121191008">
            <Participants>
                <Participant name="b_eeUKtqJN6lr" role="music director" IPDN="d" performance="conductor" grossFee="-929099095.70"
                     modifier="B" IPI="yuaazJHyvDqY" birthDate="2020-04-09"/>
                <Participant name="PTk9n" role="remixer" IPDN="ZT" performance="main" grossFee="712594829.66" modifier="A" IPI="ThS7W__DONvvXGYgafCDJjL0VIqK9"
                     birthDate="2020-03-01Z"/>
                <Participant name="WD4sRAZZjtDEx2xjjx_" role="producer" IPDN="Vs28HIKBwcbX76PBEWrP" performance="supporting" grossFee="-1770325430.66"
                     modifier="B" IPI="HdOyWQzqwFh02d4y7wc" birthDate="2020-03-24Z"/>
                <Participant name="Mb1digYXjIs_F-_l" role="arranger" IPDN="kaD6A_Ci" performance="chorus master" grossFee="1846657636.23"
                     modifier="C" IPI="PXRmAvyxIC3XR7B0DcLGBwAare" birthDate="2019-06-26"/>
                <Participant name="KUdmnRGHP" role="producer" IPDN="aPd2B5kgk1d5-SezkIfDKAT3SR" performance="supporting" grossFee="-1113911487.20"
                     modifier="A" IPI="dHQe" birthDate="2019-05-08"/>
                <Participant name="caH7MRYEYQxCu80EPUYD1E1I" role="music director" IPDN="evUFd.z8TQEx_Ft9" performance="main" grossFee="1794802476.30"
                     modifier="B" IPI="RP_KUDpXd.PDenl3dhO" birthDate="2020-06-08"/>
                <Participant name="zkvQwiy" role="subscriptwriter" IPDN="iPmfplyeKI" performance="main" grossFee="914364826.90" modifier="A"
                     IPI="_v-Iq10DzfQzD-TA5" birthDate="2019-10-01"/>
                <Participant name="sFwEPuY" role="performer" IPDN="QzoBud9-uAWz" performance="soloist" grossFee="1179408494.92" modifier="C"
                     IPI="XVBDwPGpKp0KAwj-aEcU8" birthDate="2019-06-11"/>
                <Participant name="Ig" role="subscriptwriter" IPDN="eAoNb" performance="soloist" grossFee="-118519136.88" modifier="A"
                     IPI="Pz1Mul" birthDate="2019-01-10"/>
                <Participant name="Lf9gI" role="performer" IPDN="FVKtXTHiQ0yJq7JwFvHf" performance="soloist" grossFee="-616660489.04"
                     modifier="C" IPI="c7R7D_CX9Sw0RriC37dbncsmL5HWO" birthDate="2019-11-16Z"/>
            </Participants>
        </Record>
        <Record title="bEst70mCWCF9KMQFinUAt" spins="1411927923" ISRC="9GO0T60KCS38" year="0155" producer="gpLw.Vp"
             label="PaWQi4Be6Rl" recordNo="Nr5Kvk09YL7Xp7QjB6vGrvtb2i" serialNumber="e0Eu7nTZA1RSvS2TpF"
             isPremiere="false" usage="jingle" ISWC="dkM7tQgyxZ7W-nVTFrUIO" AKA="ZlCbCNsFniG6RN" genre="composed"
             broadcastedFrom="2020-06-22T11:21:16" broadcastedTo="2020-02-19T11:21:16Z" runtime="1336817293"
             origin="free usage" alternativeTitle="KzRa0Mv-qWJwr" recordedFootage="1496604270">
            <Participants>
                <Participant name="kCDL" role="sound engineer" IPDN="sdZMlTPL3kgr-8lB1vj5" performance="chorus master" grossFee="481677071.89"
                     modifier="C" IPI="Eo0PIfW8z1dI34M" birthDate="2019-10-23"/>
                <Participant name="mUMkD" role="music director" IPDN="zKf1aeFnbjOgrz" performance="soloist" grossFee="-67700745.36"
                     modifier="B" IPI="ND-6" birthDate="2020-03-09"/>
                <Participant name="ZDIADHtl" role="producer" IPDN="n9QDi-Bh9Dt1Jj" performance="conductor" grossFee="-2066812652.36"
                     modifier="C" IPI="BXfG" birthDate="2019-04-04"/>
                <Participant name="vgNa" role="producer" IPDN="Mhs0gFkNARE_tDmA-Tny6GoyADIS0f" performance="chorus master" grossFee="-367173118.98"
                     modifier="C" IPI="JtOL.VIJ" birthDate="2019-04-20"/>
                <Participant name="aezs_Oo86" role="producer" IPDN="WD" performance="soloist" grossFee="1953062384.30" modifier="C"
                     IPI="mqHuOD53U4nf" birthDate="2018-07-16Z"/>
                <Participant name="JiCiHl" role="sound engineer" IPDN="FhSdf" performance="conductor" grossFee="2046760033.99" modifier="A"
                     IPI="ldy.ypm" birthDate="2019-06-29Z"/>
                <Participant name="ufdHOOwk" role="composer" IPDN="eskFF6zLVBH" performance="supporting" grossFee="-881425106.53"
                     modifier="A" IPI="Zj" birthDate="2019-01-29Z"/>
                <Participant name="A" role="remixer" IPDN="Ns3MXrcjhw" performance="conductor" grossFee="636790111.01" modifier="C"
                     IPI="XXjF02WaN8Yacc26FpZP" birthDate="2020-02-25Z"/>
                <Participant name="LbbBNzwTOGDAu" role="sound engineer" IPDN="qD0li69GUAE2sz51DSewv_6GIG" performance="main" grossFee="1633660848.47"
                     modifier="C" IPI="O-HEOpuzG" birthDate="2020-02-08"/>
                <Participant name="iqZI_Vr4EUul-nuw7JPtHWLw7zac" role="subscriptwriter" IPDN="h3cZk1kNMynoDUIVcmS" performance="soloist"
                     grossFee="1232846240.42" modifier="A" IPI="yH_wmk" birthDate="2018-12-27"/>
            </Participants>
        </Record>
        <Record title="rgGcCOfsQKs8uz" spins="413082987" ISRC="VK49M7K76EE4" year="2713" producer="kSy2wHtLDLe" label="Itx2xSxLk4"
             recordNo="Q2C.BdBDZzzH5Q-3lVVhtd" serialNumber="MBwogNa" isPremiere="false" usage="broadcast"
             ISWC="UM" AKA="tFfq1l.8UDgFrG0LNAOBp4F-" genre="pop" broadcastedFrom="2019-03-27T11:21:16"
             broadcastedTo="2019-04-06T11:21:16" runtime="1380364594" origin="recorded stream" alternativeTitle="fbSvpRtGBHU3aoYi2tQf"
             recordedFootage="460897958">
            <Participants>
                <Participant name="td69e.FUBxktL3.Ozht9sSumOZpLc" role="scriptwriter" IPDN="olAtrJ8Wq0C" performance="soloist" grossFee="-507690641.84"
                     modifier="C" IPI="LWC" birthDate="2019-11-03"/>
                <Participant name="Ev2NwEKJ9" role="subscriptwriter" IPDN="_RS2SWt.BBQ60" performance="conductor" grossFee="1172239475.32"
                     modifier="A" IPI="RIgPgG9l22uL0GTVZl1w_ZdoM" birthDate="2018-09-28Z"/>
                <Participant name="Tvpzvwla.R" role="composer" IPDN="zy1XvPo1Uh4o8-AI" performance="supporting" grossFee="-1229960004.08"
                     modifier="C" IPI="ERVcXv" birthDate="2018-12-05Z"/>
                <Participant name="y8hI1m" role="remixer" IPDN="nXc1j7PXHJE.wKz0" performance="conductor" grossFee="-2052399996.74"
                     modifier="C" IPI="OV0NoYq9-IJzOW032" birthDate="2018-10-04Z"/>
                <Participant name="IoN6evqk0UdM-eA-LnPD4P" role="producer" IPDN="qL" performance="soloist" grossFee="-1501664522.25"
                     modifier="C" IPI="eRCw39NHbSyR3mDl" birthDate="2019-01-31Z"/>
                <Participant name="_4C-ACfjxKugLAr9.V" role="arranger" IPDN="MbMr5BrcXbwfu0tuYT" performance="main" grossFee="-486659931.85"
                     modifier="A" IPI="mH4VWXXUu9taf4d" birthDate="2019-12-15"/>
                <Participant name="DIEU_0ErG" role="music director" IPDN="ruF64GuXTpHbrk" performance="chorus master" grossFee="1744595383.56"
                     modifier="C" IPI="E" birthDate="2020-02-29Z"/>
                <Participant name="hTn9HxSDJyZ7" role="producer" IPDN="O-Nvog9PNY08L87xnVXqQWa3uR3" performance="conductor" grossFee="863373904.01"
                     modifier="A" IPI="vFOSXm6dqsmGGq1aO" birthDate="2019-01-14"/>
                <Participant name="mLuXt386CQFsqWeA_tZv9yzi6X" role="producer" IPDN="V" performance="main" grossFee="-1987076652.28"
                     modifier="C" IPI="HV" birthDate="2020-03-07Z"/>
                <Participant name="I9oRNUtSJ6oFo6zmiRIt7qjD" role="subscriptwriter" IPDN="Xk-W6ovI4" performance="main" grossFee="-1350437677.66"
                     modifier="C" IPI="J3" birthDate="2019-03-31Z"/>
            </Participants>
        </Record>
        <Record title="xx3rj7llRc_O._cnc2TOG1" spins="1675036558" ISRC="04RVIIKX21N8" year="7815" producer="zro" label="OpDiLIN7n"
             recordNo="qcmUyYo9ONbS6wx4L" serialNumber="LU7mpXhcdWP5Ny" isPremiere="true" usage="commercial"
             ISWC="VDofaO" AKA="W3" genre="jingle" broadcastedFrom="2018-10-22T11:21:16" broadcastedTo="2020-06-07T11:21:16"
             runtime="1701311654" origin="self" alternativeTitle="amvalq-cMjoQ5eLWf_vpBX8O7dI0w" recordedFootage="1400042817">
            <Participants>
                <Participant name="r7d4GHPMupuHxfZcbZht" role="composer" IPDN="CsJ7Xe4Z" performance="soloist" grossFee="1288936229.80"
                     modifier="A" IPI="elBdHUv.dPryCCFKG_3wRVrr-OjvFu" birthDate="2019-12-29Z"/>
                <Participant name="IZiaOJuoD4kKgvf7NcYFlx4T0" role="subscriptwriter" IPDN="DpRD1mhX2xp2f5GGv3QB" performance="chorus master"
                     grossFee="-442014705.03" modifier="C" IPI="ZzLAcPV3xWJsn" birthDate="2019-10-30Z"/>
                <Participant name="H6B4Ql" role="performer" IPDN="X" performance="main" grossFee="930077529.08" modifier="B" IPI="y_UGIo8xVDLP3brKHFNrq"
                     birthDate="2019-11-03"/>
                <Participant name="NSMQIvxNOakfH2J6SktYkaTI88" role="sound engineer" IPDN="FzlsEkD" performance="chorus master" grossFee="-1999031944.38"
                     modifier="B" IPI="llhxIkqNACuf98SXKwJyv3bNHNBCy" birthDate="2019-12-04Z"/>
                <Participant name="aKO" role="remixer" IPDN="NGGqe6Ea7XqoazTy_o" performance="supporting" grossFee="556411103.21"
                     modifier="C" IPI="ziVigTOvdsY0-f6-_a.Gbxm721" birthDate="2019-03-21"/>
                <Participant name="UhFpIEd2Jj" role="composer" IPDN="JfHRg20FvfdAr1f" performance="supporting" grossFee="-1613803721.93"
                     modifier="B" IPI="Qe" birthDate="2020-06-10"/>
                <Participant name="H0EXUn.a3a-V9-2hdtTM5u7xK7QqM" role="sound engineer" IPDN="Pav8_RbyZ" performance="chorus master"
                     grossFee="706180261.57" modifier="A" IPI="yvdpP0r.RUDzPEX6JDc_GMOR1T0Z-t" birthDate="2020-02-05"/>
                <Participant name="a43VS0eRQ.smjBWpL9AFY6w0YX" role="music director" IPDN="eLc10.G3fyHOqgCkZB" performance="soloist"
                     grossFee="1175817095.49" modifier="A" IPI="UV8GI9MZiaXp0o-uuZeAacTbDwR2" birthDate="2020-02-14"/>
                <Participant name="xcQ16ZPawdfXJbz0UIY8gWt" role="music director" IPDN="Gcqh8ZEPiOiXTRkOEtWuv" performance="chorus master"
                     grossFee="-367249424.57" modifier="A" IPI="xFYQaErYzW5L" birthDate="2020-01-22Z"/>
                <Participant name="jv7HXyWMSdfPSsi3UAPbW7" role="remixer" IPDN="ED1spZfrCXPVwk" performance="main" grossFee="420113911.10"
                     modifier="C" IPI="plaW1qy_" birthDate="2020-05-15Z"/>
            </Participants>
        </Record>
        <Record title="jKjmF53" spins="769204208" ISRC="9397FTW5OVTO" year="2084" producer="mprlRDf" label="VAb" recordNo="DJC2Jgw6I5"
             serialNumber="aP2EB4NFg0TZePS1M" isPremiere="1" usage="broadcast" ISWC="iB_8lwnBdZ3Y2WxmBARc9"
             AKA="wVb-VHHrxYipl7QMMc" genre="pop" broadcastedFrom="2018-12-13T11:21:16Z" broadcastedTo="2019-09-25T11:21:16"
             runtime="728312034" origin="free of charge" alternativeTitle="Ip7_i.V8V" recordedFootage="836075427">
            <Participants>
                <Participant name="UDtSoiF1eUMGZs" role="producer" IPDN="aRCmeZuwNW-ZJpVPkVO2uWeLnSRbd" performance="chorus master"
                     grossFee="1431133825.21" modifier="A" IPI="lBp0x0LeGo.pdYZUdPot7FEdO" birthDate="2019-11-15"/>
                <Participant name="cHsYCKe8SV6MP5UOwOLb9" role="music director" IPDN="p_iIKgUcvxh_F-v1JkM_" performance="conductor"
                     grossFee="571458007.58" modifier="C" IPI="m1.sNCK9nS0w4qyp" birthDate="2019-05-02Z"/>
                <Participant name="zIKHz58w.PwboOk71AokXRsVV6pF" role="sound engineer" IPDN="NkwWGV78BIeX" performance="conductor"
                     grossFee="553360618.17" modifier="C" IPI="D5ZpfvQL" birthDate="2018-09-25Z"/>
                <Participant name="YjyeRbAYLdeZC" role="performer" IPDN="kp5OfJsWHYmZZez" performance="conductor" grossFee="-973624417.21"
                     modifier="C" IPI="DuFnUl_c" birthDate="2019-02-16"/>
                <Participant name="oXpThuEq1QDeY" role="music director" IPDN="wLUXoOO" performance="conductor" grossFee="-534109894.49"
                     modifier="A" IPI="wF9T5LPuue6a_y61Utb073U" birthDate="2019-05-01Z"/>
                <Participant name="FazDmddwk" role="music director" IPDN="zCJv_YaEGPX11A5" performance="conductor" grossFee="839264216.37"
                     modifier="A" IPI="YLGl" birthDate="2019-01-20Z"/>
                <Participant name="GRvgctxvzpnc5f51Gexj-" role="scriptwriter" IPDN="BLNykwsmz_u589Ky603gl" performance="soloist"
                     grossFee="-1239469446.46" modifier="B" IPI="FnActh-6j.-no6FL" birthDate="2019-11-03"/>
                <Participant name="k-iTyRAEpPzDPnj" role="arranger" IPDN="OIRGAf" performance="soloist" grossFee="1217655685.82"
                     modifier="C" IPI="y6saLgMom394oPeCPHQodJdQ" birthDate="2020-02-13"/>
                <Participant name="VfE_ewYF5MTYyE9x" role="remixer" IPDN="c1zYYH" performance="conductor" grossFee="1401529954.71"
                     modifier="A" IPI="TaRfr" birthDate="2019-03-01Z"/>
                <Participant name="FmHw_AP3L07" role="scriptwriter" IPDN="U0Iny0AzQQHPHwf" performance="chorus master" grossFee="-649351583.14"
                     modifier="C" IPI="QjKlyE4Z9FRu2-jqjXRzC" birthDate="2018-07-15Z"/>
            </Participants>
        </Record>
        <Record title="oDF6ggSgt6EQ-BtD2" spins="366789587" ISRC="11R8G5HP981W" year="2464" producer="UZje-.Q" label="Ah18i"
             recordNo="oG4Iwq6ZwZtf_24B5kPhCuakhL" serialNumber="FznP" isPremiere="true" usage="broadcast"
             ISWC="DROrty5WH2O2znWWY" AKA="t" genre="spoken word" broadcastedFrom="2019-10-18T11:21:16"
             broadcastedTo="2018-08-15T11:21:16Z" runtime="1687466096" origin="recorded stream" alternativeTitle="pJKo"
             recordedFootage="473621465">
            <Participants>
                <Participant name="b.-.GBV049zUKsKddCDwIRr" role="producer" IPDN="FacqbTYAEiplMEK1yoktWqq" performance="soloist"
                     grossFee="-1643773482.78" modifier="C" IPI="cLNe2RGDtG0ucLWGm_oXxVrY60d" birthDate="2019-11-21"/>
                <Participant name="FGk6b7m5HWr7Ap6Am_xNf4H0QpTnTO" role="subscriptwriter" IPDN="d..J6dKXi-T7gjDvbMXDK5M" performance="chorus master"
                     grossFee="-1350108406.79" modifier="C" IPI="x3qtL" birthDate="2020-06-01Z"/>
                <Participant name="YI5d3htllYg" role="composer" IPDN="WlEbGzHz-6i5qFiPX" performance="supporting" grossFee="254009999.95"
                     modifier="B" IPI="mnBR2JVtW1r" birthDate="2018-09-16"/>
                <Participant name="evISRSX9baoZJd5Mtnac5HFrkT" role="composer" IPDN="sWD00ujZArj__S" performance="supporting" grossFee="-229305064.19"
                     modifier="A" IPI="LVKY-s3PTjyiGpvV9m" birthDate="2019-07-11Z"/>
                <Participant name="yZorC5.vf3JnF01X" role="performer" IPDN="WchoIQ6LHjWE7ApM" performance="chorus master" grossFee="2129830972.80"
                     modifier="A" IPI="j5vpFaJDD4b726yY3VQj.18rme" birthDate="2018-11-26"/>
                <Participant name="SCh47j004lmcKOeffp2" role="producer" IPDN="NMvmQi.4rS5F502n" performance="main" grossFee="-1873817618.69"
                     modifier="C" IPI="kiCVU3VwWsE1h2ue6cYDDqyv4IO2oN" birthDate="2020-03-05"/>
                <Participant name="A91X5vxc2TyVMWhOAUm166" role="composer" IPDN="k8" performance="chorus master" grossFee="1561476963.69"
                     modifier="A" IPI="O2z" birthDate="2019-02-17"/>
                <Participant name="opHtyLW8x7NQWpkhIeDqpSuq" role="sound engineer" IPDN="ita" performance="soloist" grossFee="2039834151.35"
                     modifier="A" IPI="vuDrze3hN1xbCdue5GN" birthDate="2020-02-29"/>
                <Participant name="V4XqofMB9auPKR3H14z" role="scriptwriter" IPDN="oL" performance="soloist" grossFee="1530539292.14"
                     modifier="B" IPI="w4XRKlQhsqkxfzE-mv" birthDate="2018-11-21"/>
                <Participant name="X3cUz7bm3-e0Xdyue" role="scriptwriter" IPDN="s-EiCQWT" performance="main" grossFee="-1401682196.02"
                     modifier="A" IPI="Tgq29" birthDate="2019-05-16"/>
            </Participants>
        </Record>
        <Record title="O-AoKthw0GjgQ6R5pOICHlwJyrsT" spins="359439043" ISRC="Z0LF678M354W" year="0737" producer="qv0NHqPXRqL"
             label="VsQ.m4Ipf0OvLWgaaJN3oauF-6G" recordNo="Efd2vk4JhyEcJCMDphg9iVLHPJsmXK" serialNumber="k"
             isPremiere="true" usage="jingle" ISWC="ZgI" AKA="qWUNpZ3Stg9EfS1SOwBN" genre="spoken word"
             broadcastedFrom="2019-12-05T11:21:16Z" broadcastedTo="2020-03-24T11:21:16" runtime="785291463"
             origin="live stream" alternativeTitle="Pq2C1" recordedFootage="582926403">
            <Participants>
                <Participant name="St.zkux.FkZ" role="producer" IPDN="Yst_F" performance="conductor" grossFee="1991273591.82" modifier="A"
                     IPI="oRfZzZlKBlkC7Ag2zWITlA.p8o" birthDate="2019-08-04"/>
                <Participant name="Y" role="music director" IPDN="G0QmV0a_GPT1Fv7lBAhyQcFuEL" performance="conductor" grossFee="-979996675.39"
                     modifier="A" IPI="cbRK.ecZ-oJs0rJPb" birthDate="2019-05-31Z"/>
                <Participant name="vy_cmVtwc4BqZRcEIS_lGEPqLvoYH" role="performer" IPDN="uqbrlw.lHwlCTFAFlhts11_KmlJc" performance="supporting"
                     grossFee="2145665842.86" modifier="B" IPI="P2RPCCOYAzR" birthDate="2019-12-27Z"/>
                <Participant name="ER7kU" role="sound engineer" IPDN="iD9pjf1ILk3LrZPMQhpln" performance="main" grossFee="-976365151.92"
                     modifier="A" IPI="ZOXLhfI" birthDate="2018-08-26"/>
                <Participant name="dT4liKK" role="performer" IPDN="KLpiw340gRotZVexb.sPiXz_b5" performance="main" grossFee="255348379.57"
                     modifier="B" IPI="fxeRxaL" birthDate="2019-04-18Z"/>
                <Participant name="eI" role="performer" IPDN="GGgw2EwSfiSgp" performance="main" grossFee="-335557018.17" modifier="C"
                     IPI="V89KZ6n2KDIji9w5DBGddB.B8V0" birthDate="2019-07-07Z"/>
                <Participant name="HATM4o3fKAuPDf" role="remixer" IPDN="VxSeV4v9wz4MQrcD6" performance="soloist" grossFee="-393370725.65"
                     modifier="C" IPI="Yf_ni12-pyPtj9_173wS6pVo" birthDate="2020-03-28Z"/>
                <Participant name="p5Ela3yFxFyw3nXIj30LMfG.lIW" role="producer" IPDN="EeU5OgWfw3L2uFDehs" performance="soloist" grossFee="1812907079.15"
                     modifier="B" IPI="WBuvKQ" birthDate="2020-01-16"/>
                <Participant name="k.UGX1MV5oBKr..lC_RC2X.Kg" role="subscriptwriter" IPDN="QEEh_Iay2nrvrnq57p5PL48" performance="chorus master"
                     grossFee="300766880.12" modifier="C" IPI="Sej2utmi0Z0ryUfF3M7xxIZrNCmEh" birthDate="2019-05-17Z"/>
                <Participant name="PvIb3LCIQ_NSQzsfL" role="arranger" IPDN="Do1LujWpDShETi" performance="soloist" grossFee="214836464.70"
                     modifier="C" IPI="PpWmiv1Y2x5ITbgaJI6CCnfTygxf" birthDate="2018-07-18"/>
            </Participants>
        </Record>
        <Record title="maRuUIAFpSMze-MA4" spins="1467866591" ISRC="SD2Y5IR5615P" year="4326" producer="xK0c.kpUd0-fdU"
             label="G" recordNo="k7d" serialNumber="Qf.8GSKJWuux-V" isPremiere="true" usage="broadcast"
             ISWC="QnVdYqR5nN8sc34ku" AKA="kbVKXRoiraf4J23" genre="composed" broadcastedFrom="2019-01-16T11:21:16Z"
             broadcastedTo="2019-06-02T11:21:16Z" runtime="892856650" origin="free usage" alternativeTitle="p0ToDJQWqlAOJg8kd0uuZV6bS7ufVk"
             recordedFootage="1500403293">
            <Participants>
                <Participant name="dFOKh7LH2nDG.lL8" role="remixer" IPDN="Q74i" performance="supporting" grossFee="194059425.79"
                     modifier="B" IPI="j3AUPApum6lMR1Bn" birthDate="2020-03-10Z"/>
                <Participant name="XA93scToMw2fr60BTeZu" role="sound engineer" IPDN="S" performance="chorus master" grossFee="-922635283.26"
                     modifier="A" IPI="PAurdm0h" birthDate="2019-10-13"/>
                <Participant name="ZCH5ktB" role="remixer" IPDN="hfdbJMfBVi7" performance="soloist" grossFee="-1135724277.61" modifier="C"
                     IPI="ZMZHR_5DVhQyhGLxbGMYCOweIMp2c" birthDate="2019-09-01"/>
                <Participant name="dkXnFUO-6eDdyvohri" role="subscriptwriter" IPDN="DgN.zLFUyUdnOqTXQ.vPI" performance="conductor"
                     grossFee="1120736291.38" modifier="A" IPI="J9v3KIHNJbjnQ_SC3hp6za" birthDate="2020-01-22Z"/>
                <Participant name="iEqPP9OOUaBuIaSl" role="composer" IPDN="pVmQylpMC8-" performance="main" grossFee="-905444379.76"
                     modifier="B" IPI="p8PyTKHHYLjkY-YN3n2" birthDate="2020-03-18"/>
                <Participant name="WuZI_I" role="scriptwriter" IPDN="exS7EN4wqj" performance="supporting" grossFee="-580161394.02"
                     modifier="C" IPI="uI7o9c8QGkQSNhGPR6XxObq9" birthDate="2019-02-02Z"/>
                <Participant name="GYgs701bDGjQCSLQ" role="subscriptwriter" IPDN="AMWxxgS02rhhQOdU7KV2Ew-z5JL8re" performance="chorus master"
                     grossFee="-933971925.82" modifier="B" IPI="VV-7qF1hAN" birthDate="2018-10-28Z"/>
                <Participant name="XSZG2bc28" role="scriptwriter" IPDN="Mt1ScVKa-tyuOVR18" performance="main" grossFee="40743978.29"
                     modifier="C" IPI="MC-4gBNbt5cYFMm" birthDate="2018-11-13"/>
                <Participant name="hFqORkmtT8NGTpID" role="remixer" IPDN="yun12KG_gx" performance="supporting" grossFee="798265461.59"
                     modifier="C" IPI="Ap2Lzs9mmuqE8T..RdMK" birthDate="2019-12-28"/>
                <Participant name="nRls.ZOOEGMlFzQEn5XJv4ga" role="remixer" IPDN="AR" performance="chorus master" grossFee="1419024424.13"
                     modifier="C" IPI="vyK1AUZErN95" birthDate="2019-12-19"/>
            </Participants>
        </Record>
        <Record title="Mmf5xcFVI" spins="399467428" ISRC="43OCVX45G854" year="5664" producer="DgC_sk8M1H.lbRze-Nz" label="dPkuqVrZVGtC2PPU_th"
             recordNo="jUvHF9oyP" serialNumber="yYkDMJQMThueaWQIm" isPremiere="false" usage="jingle"
             ISWC="IDEU0VbZ7" AKA="HXzMlK.EycDtp" genre="pop" broadcastedFrom="2019-03-30T11:21:16Z"
             broadcastedTo="2018-12-05T11:21:16" runtime="453794573" origin="live broadcasting" alternativeTitle="hqTrx18bhT6OzEd7C_suT"
             recordedFootage="1055055025">
            <Participants>
                <Participant name="lDd-NrDz" role="sound engineer" IPDN="qyUx" performance="chorus master" grossFee="127271561.16"
                     modifier="B" IPI="Z9cDcT" birthDate="2019-02-21"/>
                <Participant name="JMepyq_0mzAzkMsq9NWS9" role="scriptwriter" IPDN="V8pXV4hS" performance="main" grossFee="-1119234703.80"
                     modifier="B" IPI="X5A9cOLWJ" birthDate="2019-05-03Z"/>
                <Participant name="agY2djW.uXaRjHPmbP14GigurFw" role="remixer" IPDN="HKdPQTkbXe.cQcDXl8O9ifaAw" performance="main"
                     grossFee="-587646138.17" modifier="C" IPI="USsB7VIXbVJvtgn" birthDate="2019-03-10Z"/>
                <Participant name="Ia0Hx7u6DnT4kbNi.Tu57" role="sound engineer" IPDN="wa5o4a6Dg6KO_lH0bR.P" performance="supporting"
                     grossFee="405012958.70" modifier="B" IPI="gDwAmnmSkGFZ16FA-rJTpw7nCd5FDu" birthDate="2018-12-10Z"/>
                <Participant name="I2I-1.t" role="producer" IPDN="NTwJ_dXrlPeF4Nq_2" performance="main" grossFee="-2029637805.28"
                     modifier="A" IPI="PYCWrMPBTkwZcQ4dIG-l" birthDate="2018-12-26"/>
                <Participant name="SKIONNNXvSBXf" role="subscriptwriter" IPDN="t.1WCRl5N8mTsIml_B6DHvXdyF" performance="supporting"
                     grossFee="-1614230135.01" modifier="A" IPI="f" birthDate="2020-01-25"/>
                <Participant name="B0TxG6" role="composer" IPDN="A7JDf" performance="soloist" grossFee="-1122899183.76" modifier="B"
                     IPI="q88n5SuFhKYT5lzrAaB" birthDate="2019-12-27"/>
                <Participant name="WVfgW-hUDcspLOFG5SQ6MOqzxZ2TeF" role="remixer" IPDN="xmy7t" performance="supporting" grossFee="2084577734.99"
                     modifier="B" IPI="YhICfL77y3JTIq8g4BFnNhfxLk2y" birthDate="2018-08-29Z"/>
                <Participant name="miXrWkjRbj-nKEAd" role="scriptwriter" IPDN="nsyK9KnNSBJ-p34ga0l_hhrEQ" performance="main" grossFee="1881447721.68"
                     modifier="C" IPI="bMYD" birthDate="2019-09-01Z"/>
                <Participant name="lXVQQUgQgTBIEl.tuPKBEwGjLqrqM" role="remixer" IPDN="ph" performance="soloist" grossFee="-913819841.19"
                     modifier="A" IPI="bDxdMv" birthDate="2020-02-11"/>
            </Participants>
        </Record>
    </Record>
    <Record title="M17k" spins="921080452" ISRC="POVE2O693C23" year="5479" producer="NNftaD0dSDyIRrC7dn5J9X-" label="ganf"
         recordNo="nLZ1FEm3fGuy-5" serialNumber="ljujj" isPremiere="1" usage="commercial" ISWC="sSHIbN.m23vV"
         AKA="NJUwNRdiNM_JJBgBWTs0-V98" genre="commercial" broadcastedFrom="2019-04-15T11:21:16" broadcastedTo="2018-11-26T11:21:16"
         runtime="1054811469" origin="recorded stream" alternativeTitle="uTQzQLSGAiTGwmQD" recordedFootage="461449981">
        <Participants>
            <Participant name="Vx.rKoSCJn83bmyEc" role="performer" IPDN="dlzMdyYF8pI" performance="chorus master" grossFee="398250174.73"
                 modifier="C" IPI="Ut-W4m.LesEf_X" birthDate="2019-01-03"/>
            <Participant name="_" role="composer" IPDN="r" performance="supporting" grossFee="132038429.56" modifier="B" IPI="uPHr"
                 birthDate="2019-11-05Z"/>
            <Participant name="rijfSqXw" role="producer" IPDN="Hk2rS" performance="chorus master" grossFee="-868142404.99" modifier="B"
                 IPI="_ueN1B5GNGMy.gIXjkv" birthDate="2018-10-20"/>
            <Participant name="i3r" role="arranger" IPDN="brd_OhGxBS6D0S.ACEee3" performance="conductor" grossFee="-1002561656.22"
                 modifier="C" IPI="NbG_M_W7KzXeUN" birthDate="2019-01-26Z"/>
            <Participant name="yXJ-" role="sound engineer" IPDN="Bt6J5NTo.Aq" performance="supporting" grossFee="-705690444.75"
                 modifier="A" IPI="O" birthDate="2018-10-18Z"/>
            <Participant name="v" role="producer" IPDN="d-ZubuQd9nY" performance="conductor" grossFee="1568971671.34" modifier="C"
                 IPI="kpxN" birthDate="2019-09-24"/>
            <Participant name="USFs29tmOUAzvb3Y0pY" role="remixer" IPDN="V3.xW5jGQlwzIV4FV" performance="supporting" grossFee="2011902684.06"
                 modifier="C" IPI="EPLnCJ" birthDate="2018-09-17Z"/>
            <Participant name="X9PZ8R0TjZ5.RMU91wfrDq" role="subscriptwriter" IPDN="J4NKu5Z5" performance="main" grossFee="1344953860.50"
                 modifier="A" IPI="arcumS32Mll" birthDate="2018-12-13"/>
            <Participant name="eSsmXXBRdZuyE8lSHY" role="performer" IPDN="Ye1pD" performance="main" grossFee="1567319529.48"
                 modifier="B" IPI="qbJYButXgiE3xN9HP1hdDZE.jf2" birthDate="2019-08-31"/>
            <Participant name="Lt9fSe2eeeX37MGk" role="producer" IPDN="ZFy" performance="conductor" grossFee="-2112047735.48"
                 modifier="A" IPI="Rf.7XB.mSl8" birthDate="2019-03-06Z"/>
        </Participants>
        <Record title="oKTJHr08NJsPyAlk4VsS2w" spins="803168627" ISRC="7E753B419880" year="5846" producer="RjNTBni4L"
             label="r0D4LeOK6YNJKhuqU2fTgO" recordNo="t_Ti" serialNumber="LoR25hYOCZk.k4EFyxRyOehCf"
             isPremiere="0" usage="jingle" ISWC="Wie9Zao7f" AKA="MfexAKRzTn2ETy" genre="commercial" broadcastedFrom="2018-11-02T11:21:16"
             broadcastedTo="2018-10-05T11:21:16Z" runtime="766367731" origin="commerce" alternativeTitle="ta0aJ1L."
             recordedFootage="1822038369">
            <Participants>
                <Participant name="H3CUXu" role="sound engineer" IPDN="mRLFVSuZOQzYC0tqPX" performance="conductor" grossFee="-1317285278.88"
                     modifier="C" IPI="hSSmfi88kxaofeJdCS7dZfwoYPM" birthDate="2019-10-30Z"/>
                <Participant name="gqyG3BK8nYaolg4CQfFQtjS" role="music director" IPDN="Y" performance="soloist" grossFee="-591521405.57"
                     modifier="B" IPI="dYxd4" birthDate="2018-08-16"/>
                <Participant name="vZtTq6" role="sound engineer" IPDN="Bs0GMo." performance="conductor" grossFee="-266533178.98"
                     modifier="C" IPI="PhN.-xK1hNDwTgg_u" birthDate="2019-03-17"/>
                <Participant name="X0AU1exje9nLZ" role="scriptwriter" IPDN="C5vXr-U6iDvuCngSTLO4Hay1C3dR" performance="main" grossFee="633922864.72"
                     modifier="B" IPI="qAQ1Cp" birthDate="2020-01-24"/>
                <Participant name="uO4eoz9Hfa-2goFRurpv9D" role="music director" IPDN="z6OEDRg3" performance="conductor" grossFee="569871761.18"
                     modifier="A" IPI="h_KhpG3d" birthDate="2019-07-11"/>
                <Participant name="M4hUz" role="producer" IPDN="xdm5SbcJllr" performance="main" grossFee="727122011.61" modifier="B"
                     IPI="usiPL8wUQzjr" birthDate="2018-09-07"/>
                <Participant name="aqE.Ft" role="arranger" IPDN="_a6JNbPqdd8h6O-QhM9" performance="conductor" grossFee="480855234.90"
                     modifier="A" IPI="i-Hb26BVs" birthDate="2019-09-28"/>
                <Participant name="sr_NQSe_Eta3ei" role="composer" IPDN="x242jgcJ-whpYUmohHO" performance="conductor" grossFee="906678236.98"
                     modifier="C" IPI="Pj2S.V1ve_nzQD4CnG2jCEnP5JUA" birthDate="2020-03-06"/>
                <Participant name="Y_SXq55qj-vLzfT9g" role="scriptwriter" IPDN="B2Konzj9QlB87Wxpz2-y_bsfPwU1" performance="main"
                     grossFee="-547173742.54" modifier="C" IPI="aXZNqG-dYRxCaYaaRcO" birthDate="2018-07-11"/>
                <Participant name="g66Dj9vPEBf_s_bDGKUR.A" role="composer" IPDN="RIhNKkxtLo" performance="main" grossFee="-1652717269.79"
                     modifier="B" IPI="N-C6ZaA6mEaS423WMNmfBOPsp" birthDate="2019-12-10Z"/>
            </Participants>
        </Record>
        <Record title="_ZdEpdP4" spins="907028211" ISRC="WH0SK6116DBS" year="2104" producer="v" label="xoZ" recordNo="jw"
             serialNumber="yjm8y" isPremiere="0" usage="commercial" ISWC="ocEKID8.cq4p7" AKA="vIiIt8u7j_0"
             genre="jingle" broadcastedFrom="2018-08-17T11:21:16" broadcastedTo="2018-07-28T11:21:16Z"
             runtime="1377669277" origin="commercial" alternativeTitle="r8MJyZoEfyKKu7hJ" recordedFootage="2070061883">
            <Participants>
                <Participant name="xTX0-MMQ9tUTBrt9FcYc_Lz" role="sound engineer" IPDN="MDCEo7vEaCWs5iO9gyPz05" performance="soloist"
                     grossFee="1267918897.92" modifier="B" IPI="RKUJ.DjQy6qywYND" birthDate="2020-03-18"/>
                <Participant name="ihkZgyNL" role="subscriptwriter" IPDN="uK12kAfvMgVVxoBrGiyHdmfJWbe" performance="conductor" grossFee="-1551395428.20"
                     modifier="C" IPI="s.gxMDsk" birthDate="2020-03-20"/>
                <Participant name="cix0A" role="remixer" IPDN="jS8rL1DcwxdX5xIu19pJXEoYrU" performance="main" grossFee="2039254649.00"
                     modifier="B" IPI="f4kJSFr2" birthDate="2020-06-03Z"/>
                <Participant name="wM" role="arranger" IPDN="f08kkq4xH2wc7UxYZRXIHU6JE7DSI1" performance="chorus master" grossFee="2041020413.38"
                     modifier="B" IPI="M5u1z94Xd3MkgERRsFt9p1Y" birthDate="2019-09-02Z"/>
                <Participant name="n9gX.lPOrauyoKwRl9DUgrKbriu" role="producer" IPDN="PX6ZP1yR9LIuxoVLhV5FzUVP_LsD3P" performance="supporting"
                     grossFee="-7969428.16" modifier="A" IPI="mwFOAq74Gfp" birthDate="2018-08-15"/>
                <Participant name="Y8t2he2bmzfEOP9" role="composer" IPDN="Bs_PdzYzA5j.IPD3nyvm" performance="conductor" grossFee="1635092199.36"
                     modifier="B" IPI="JgvEbL-1tGo.cJKdwNgqawxTRn3W" birthDate="2019-10-03Z"/>
                <Participant name="Bmij_PBBpXM" role="producer" IPDN="jll8.yBfnfwwtkcE31eIVZ4QjuBGW" performance="soloist" grossFee="-490745391.02"
                     modifier="B" IPI="LhqIozy7Y1HcGF_68-" birthDate="2020-03-17Z"/>
                <Participant name="QMuG0aASwAB" role="scriptwriter" IPDN="gp6yzhzGg1NkHc2W" performance="chorus master" grossFee="829375763.41"
                     modifier="A" IPI="Gqe_Aa9Hf7_9u4vgVDh23sf3V" birthDate="2019-03-18"/>
                <Participant name="H4fs" role="music director" IPDN="datsOa41MAy97WT" performance="chorus master" grossFee="-448517821.40"
                     modifier="A" IPI="n.IQ3WTXaWCO" birthDate="2018-09-22"/>
                <Participant name="f7yj99EoeoUrQq1Pu" role="producer" IPDN="xe9nsH.RCjgOZt4gPFQNXo" performance="chorus master" grossFee="-1008693937.44"
                     modifier="C" IPI="cXL2o2P" birthDate="2018-11-29Z"/>
            </Participants>
        </Record>
        <Record title="S" spins="1517173479" ISRC="QV171934YH9L" year="5416" producer="S" label="eD-6MvItS0oKTQk4ZHgS3l"
             recordNo="Q7_Oqre7A" serialNumber="W5.S.y2gXCNIt7oGI48h6hu4" isPremiere="0" usage="jingle"
             ISWC="g4KffC1j4kRUW-44.nXcmsZWWBh3q" AKA="r-v_c" genre="jingle" broadcastedFrom="2018-10-31T11:21:16Z"
             broadcastedTo="2019-01-04T11:21:16Z" runtime="1056582080" origin="free of charge" alternativeTitle="VkOuk04KR"
             recordedFootage="1309687256">
            <Participants>
                <Participant name="hIILtc7iaJaKqaWe" role="music director" IPDN="GFIo" performance="chorus master" grossFee="-1023484164.93"
                     modifier="B" IPI="O9tSCW7bF2uJRe74" birthDate="2020-05-26"/>
                <Participant name="QbOPiZHvps_byVRJ900sf" role="producer" IPDN="VnNyzmqz7ZnwSE6iXb36h" performance="conductor" grossFee="1947640992.89"
                     modifier="C" IPI="SAY" birthDate="2020-01-13Z"/>
                <Participant name="U" role="subscriptwriter" IPDN="nSRNktDgesl5LT" performance="main" grossFee="-426713803.08" modifier="A"
                     IPI="SOqiQuRxe5BYl2MDQJ_hXrrzVnpU" birthDate="2020-05-08Z"/>
                <Participant name="GrR4z2MpTbuNAB26aV4yXB8HhlbU" role="composer" IPDN="bK0Yjw6nzFq1oBSH_bGZRx-4DVY" performance="main"
                     grossFee="38164006.49" modifier="B" IPI="VjZ9Qs4ICPhk" birthDate="2020-06-18Z"/>
                <Participant name="Vkxwt4pwwBKhSs74" role="sound engineer" IPDN="OAQMUuVksrz5Grg-wLVPEy" performance="supporting"
                     grossFee="1192828109.28" modifier="C" IPI="piytVjScf8uRqUzbvYL5SMpB" birthDate="2018-09-17Z"/>
                <Participant name="CvO" role="composer" IPDN="uB83" performance="conductor" grossFee="1628801380.33" modifier="A"
                     IPI="CTVQVKH" birthDate="2019-10-01"/>
                <Participant name="Gr4Ix4.3-uICuLiVJitoPI" role="music director" IPDN="NXa7krIEQWrElkhMx" performance="conductor"
                     grossFee="1246434877.98" modifier="C" IPI="ozR5YDH5fv.33pQA31NaqHMiwOiOnq" birthDate="2020-02-14"/>
                <Participant name="mYP9Wnp2OuEL0b" role="music director" IPDN="XgdI4RATgNJdJonG9lgCKoK8sPoe" performance="main" grossFee="1903337458.04"
                     modifier="A" IPI="tLhW3m91i1GmQj5H" birthDate="2018-07-22Z"/>
                <Participant name="TtJF" role="producer" IPDN="NV2g8TIdN-S4JKi" performance="main" grossFee="-1526642854.00" modifier="B"
                     IPI="PR-HFh_xVe" birthDate="2018-10-18Z"/>
                <Participant name="A965Hm-7T7-5NmS-_qJ07HVc4" role="performer" IPDN="l-iy5vVENM0R1adqs3dCo7yHSDpX" performance="chorus master"
                     grossFee="602012003.86" modifier="B" IPI="VlXp" birthDate="2019-11-26Z"/>
            </Participants>
        </Record>
        <Record title="ei-9znozPqigqRkzYgHk4WHYYSLOL" spins="939631399" ISRC="O8UBDG21021I" year="7682" producer="v_fOta"
             label="soHtZeQ7pi." recordNo="rD" serialNumber="R4K2tGgJXAkOjx0lP8mRkDJmfQ24" isPremiere="1"
             usage="jingle" ISWC="Aj2.CPZeoMXXSlFZ0rV" AKA="HHhZDUwfXMMHaX" genre="spoken word" broadcastedFrom="2020-05-05T11:21:16Z"
             broadcastedTo="2019-06-10T11:21:16Z" runtime="838462295" origin="free usage" alternativeTitle="tSf3pKfuCiSGx7Jt2EBDV8ygHgr"
             recordedFootage="1431675625">
            <Participants>
                <Participant name="iiM6yrY" role="subscriptwriter" IPDN="XceV" performance="soloist" grossFee="-870855624.28" modifier="C"
                     IPI="a6Fs" birthDate="2019-10-26Z"/>
                <Participant name="m4_Pz6lk5Sc" role="subscriptwriter" IPDN="v6wS6ZQG" performance="chorus master" grossFee="1972989594.52"
                     modifier="B" IPI="I8Hxwf_VZGkA.nF6HAd-IIe1E4ki3" birthDate="2018-07-03"/>
                <Participant name="HTjC" role="subscriptwriter" IPDN="FGZJ-LoyCmR6TC5A" performance="conductor" grossFee="-1118256739.08"
                     modifier="A" IPI="_8FF8rPMEzShyvw6" birthDate="2020-01-16"/>
                <Participant name="a.i4G4h94qVzQ3_671HgcWyps2Uq" role="music director" IPDN="NlutLG1u0MBeHL-841Zfgxfk06" performance="soloist"
                     grossFee="-734107052.63" modifier="A" IPI="Een6zi5x-B19t.S1k9" birthDate="2019-05-20"/>
                <Participant name="JCduVGYkgsSIpYIBozCzsyUET" role="performer" IPDN="B7YS3q_2O1FLw2tM3kFoWdRnz" performance="soloist"
                     grossFee="-1627545043.71" modifier="C" IPI="NvSJKkE" birthDate="2020-05-07"/>
                <Participant name="b" role="music director" IPDN="eeQ3SM" performance="supporting" grossFee="125247399.28" modifier="C"
                     IPI="fSLBlFTP_u-iBwvn-kzUyvfH" birthDate="2019-05-12"/>
                <Participant name="FXv" role="performer" IPDN="cqgf3JBMu3KfSXqHcq8O_KZg" performance="main" grossFee="-860433453.11"
                     modifier="C" IPI="wQ5fg033kibj" birthDate="2018-12-02"/>
                <Participant name="a1nOKDlYcDPBcLMQbwPa1J" role="music director" IPDN="pM9-tb" performance="conductor" grossFee="-262373014.45"
                     modifier="B" IPI="IDubwH6AuIOXi7VoLO4s5RC9c-VBm" birthDate="2018-09-21"/>
                <Participant name="gWY8hXnuvYQXEWSBrqc" role="scriptwriter" IPDN="MJbvTSMQAnMKhtbvQ0V1" performance="supporting"
                     grossFee="-2022148665.17" modifier="B" IPI="psWJ.X5XMIQP_VCNrS7I4yykVhHVP" birthDate="2019-02-25"/>
                <Participant name="om0wueRj8k8v_xFgI2L" role="subscriptwriter" IPDN="x" performance="chorus master" grossFee="82027837.59"
                     modifier="C" IPI="oQWw5TATH" birthDate="2019-04-04"/>
            </Participants>
        </Record>
        <Record title="gGPwQ-KHMfrQA" spins="336764337" ISRC="GA870G240R98" year="0341" producer="hT." label="RXdvIZkQt9EsAoUifP9TBWPZIYQelu"
             recordNo="bKF6kLn3NxP_Jbp_oj0hR6l" serialNumber="ej3VbteEMCFbpS9ymyg5P0ytwW_" isPremiere="true"
             usage="broadcast" ISWC="V-Z__YgpJ2WKtaqh7-I_gujyDid0z" AKA="PdpZfCjXCRn7pnM" genre="pop"
             broadcastedFrom="2019-11-07T11:21:16" broadcastedTo="2019-03-23T11:21:16" runtime="1153418727"
             origin="commerce" alternativeTitle="yHN3y" recordedFootage="1314926503">
            <Participants>
                <Participant name="kUy" role="composer" IPDN="WYPfA_9iLjI2.4NZB" performance="supporting" grossFee="-1804404900.11"
                     modifier="A" IPI="rlac17Er1Z8gMsS" birthDate="2019-10-05Z"/>
                <Participant name="EZxPy-VpzWXC4N" role="scriptwriter" IPDN="TrQd7Tgrm2" performance="soloist" grossFee="1649206085.66"
                     modifier="A" IPI="SYEtcxOx1ja" birthDate="2019-08-08Z"/>
                <Participant name="azRFqAi4HuDRYYMVFKwprtaN" role="subscriptwriter" IPDN="mvVfopI9prK5nq" performance="supporting"
                     grossFee="747438858.32" modifier="A" IPI="btgFUUu9qi" birthDate="2019-06-16Z"/>
                <Participant name="X-mBygcpSpJLpT1aW0E97072l" role="music director" IPDN="AaxDVZhaVG" performance="soloist" grossFee="1659254092.46"
                     modifier="C" IPI="HGwo0TbRIbQHeYWF.EL" birthDate="2018-12-06Z"/>
                <Participant name="N0J41c" role="producer" IPDN="zpXFARQCe" performance="chorus master" grossFee="-1564906405.16"
                     modifier="B" IPI="JpXi7AK0JfoVqGeNhp_9EGV" birthDate="2019-01-03"/>
                <Participant name="UhvHHLGa7j" role="arranger" IPDN="jLCtESJVhXIe7pJYV0Yahx87Mw" performance="chorus master" grossFee="-1134826067.70"
                     modifier="C" IPI="N" birthDate="2018-12-31Z"/>
                <Participant name="b" role="remixer" IPDN="Vxny7EoG1_6eakvXI" performance="chorus master" grossFee="1400386467.18"
                     modifier="B" IPI="Rdo8WWTqwc_arNXtq" birthDate="2019-07-21"/>
                <Participant name="gvKXqZrXbqV0r9fRB3v" role="producer" IPDN="D0QdCL-E5xuy7U0rH_-" performance="conductor" grossFee="-622654807.79"
                     modifier="C" IPI="hcBgCdKMu1Ffnp_CgoD9QW.MO" birthDate="2018-07-03"/>
                <Participant name="FKN" role="scriptwriter" IPDN="otmMjn0ZwLiev6C0fI7RaQ7" performance="chorus master" grossFee="-1106673285.60"
                     modifier="B" IPI="yEa-2sOz9dTZ.pJ" birthDate="2018-10-16Z"/>
                <Participant name="Kr6FgvxxVsI0rBdmlM2I" role="subscriptwriter" IPDN="hRZQ_c" performance="conductor" grossFee="-2073195713.30"
                     modifier="B" IPI="tZji.KOUf_" birthDate="2019-06-19Z"/>
            </Participants>
        </Record>
        <Record title="ElNw4MCP" spins="50422932" ISRC="K6330AGBH028" year="7712" producer="AFtlPCbrC_" label="xzP"
             recordNo="xzzFyTBwHKQqe.V_mlqZx.jMAVoxX" serialNumber="vtKo06KOYijX" isPremiere="false"
             usage="broadcast" ISWC="k_YQr1uA8YHAM9rc" AKA="E4uG97HyKTEOyPiGlVBQ" genre="pop" broadcastedFrom="2018-10-07T11:21:16Z"
             broadcastedTo="2020-05-20T11:21:16Z" runtime="114603426" origin="self" alternativeTitle="P1H6"
             recordedFootage="2050346007">
            <Participants>
                <Participant name="vX0kXfbSi" role="sound engineer" IPDN="aN5H8NGlxNSambl1KXTeJyq_kf.Cg." performance="main" grossFee="-992733217.16"
                     modifier="A" IPI="HZvkTD8V_lWl" birthDate="2018-09-13Z"/>
                <Participant name="OuWs3" role="music director" IPDN="dkT" performance="chorus master" grossFee="-381727463.46" modifier="B"
                     IPI="UY9rGg9IOrQauhUKtUgmj" birthDate="2020-05-23Z"/>
                <Participant name="STaPVVyk1OJrG8ecktJQUmiSi3" role="producer" IPDN="YAJE0tz9zFMsxbe" performance="conductor" grossFee="-187951905.28"
                     modifier="A" IPI="Ml6eM" birthDate="2020-06-02"/>
                <Participant name="DkNlGltc9oZQkwfzNZxN" role="producer" IPDN="Zzplk6Xfc2RSsLfJeB0FiyXN" performance="conductor"
                     grossFee="-2024818967.91" modifier="C" IPI="F" birthDate="2020-05-26Z"/>
                <Participant name="MuM" role="remixer" IPDN="TlpsE1vl.xfzSX" performance="main" grossFee="-2090168169.95" modifier="C"
                     IPI="A_" birthDate="2020-04-10Z"/>
                <Participant name="XA43j7" role="scriptwriter" IPDN="YKJUEpbm5ZyRmux" performance="main" grossFee="-1089366895.94"
                     modifier="C" IPI="ncohEN34T6Y7T2v_XdAx" birthDate="2018-07-09"/>
                <Participant name="x-ABZY0obdlmT24JPqzaJ5fr" role="sound engineer" IPDN="fL2ZTAnn2L" performance="supporting" grossFee="1573841016.43"
                     modifier="C" IPI="z4J1wvyv0Fv.p" birthDate="2018-10-25"/>
                <Participant name="ioC2yteyJ.CasXiSz-QbtYUB9F3" role="subscriptwriter" IPDN="DD2f9e8WyIceF6OpKRJrpFJFWNBhS" performance="supporting"
                     grossFee="1385653645.68" modifier="B" IPI="bG8O48a0DvrFnTEIKkpzO-b0h" birthDate="2020-01-21Z"/>
                <Participant name="l2eI941pqKIAL-HIH" role="composer" IPDN="JHiifj-ST5mYklep6HEnpwK" performance="conductor" grossFee="1157029927.38"
                     modifier="C" IPI="GWcEYgi" birthDate="2020-02-17Z"/>
                <Participant name="badysT55njammL4rY" role="composer" IPDN="IcPgBDk3A.0CI2EmZ" performance="main" grossFee="1029447311.77"
                     modifier="C" IPI="ZNDbBB" birthDate="2018-10-28"/>
            </Participants>
        </Record>
        <Record title="o_9w1l4TIc.OnP.lNYXeHz8eo" spins="1258608532" ISRC="9X0E1I5N89LJ" year="5568" producer="g7n-Wn"
             label="o5LvhoDWXV9YcOrzMH0VBTjy0OPb96" recordNo="joM1hHlHjJe97HM-w" serialNumber="CfAeBc"
             isPremiere="1" usage="commercial" ISWC="CzGR4a_KktTU7Aa2" AKA="TlWmlSmgzlITHyYj" genre="commercial"
             broadcastedFrom="2018-10-20T11:21:16" broadcastedTo="2018-09-15T11:21:16Z" runtime="846284987"
             origin="commercial" alternativeTitle="ZpB" recordedFootage="1506517690">
            <Participants>
                <Participant name="b" role="subscriptwriter" IPDN="Y.pTCTUIPlrFFxLFD1Jpu" performance="soloist" grossFee="1747634254.02"
                     modifier="A" IPI="DOlOVilOj146" birthDate="2018-10-23Z"/>
                <Participant name="M0Qo4xy0.c15ZYR" role="remixer" IPDN="ZRef.YvXb.4sUcz_znzeEpaW" performance="supporting" grossFee="1311613310.70"
                     modifier="A" IPI="pCWiz4LyoU7UuzU7WC" birthDate="2019-08-31Z"/>
                <Participant name="_jUptDb2jHNoQ0" role="subscriptwriter" IPDN="jr09KT1J1UJFeNG6XkE4" performance="supporting" grossFee="315168421.24"
                     modifier="C" IPI="qijCizfzMeW7LGvMHz" birthDate="2019-05-03Z"/>
                <Participant name="O" role="composer" IPDN="GgG6ozF0lBSM" performance="soloist" grossFee="302191730.47" modifier="A"
                     IPI="Fbi9iW9jKg6wgTIV3mkBpFkrj." birthDate="2018-10-10"/>
                <Participant name="Ci4yoCX1jTuNbU5FoadqZoBqrfBc" role="sound engineer" IPDN="e09eWprqU4TtZs0" performance="main"
                     grossFee="2017555627.86" modifier="B" IPI="sBT0D-M5mdq4mhEk" birthDate="2019-02-17Z"/>
                <Participant name="e2WG6R4Vy4JDsk6ryHte" role="sound engineer" IPDN="RUxE4579tyHfPChtGZ4eCk3_eB4y" performance="supporting"
                     grossFee="641691511.39" modifier="A" IPI="fgG0QnX4peODHm53Ud3MKMA" birthDate="2019-03-30Z"/>
                <Participant name="oWjK1MIU2pjJTeIg57NlkiujiFACst" role="subscriptwriter" IPDN="I0b.pZd8vafZlGJu3dQ" performance="soloist"
                     grossFee="-93678951.74" modifier="A" IPI="Oed0DC" birthDate="2019-08-20"/>
                <Participant name="tH" role="producer" IPDN="IYIAYCH90Nr8FICP" performance="main" grossFee="907228292.20" modifier="A"
                     IPI="RKqb0nUZr" birthDate="2019-05-11Z"/>
                <Participant name="bQEbVQe2LYH7KsyFKrn0" role="arranger" IPDN="MGzjaNo2V9Ej" performance="conductor" grossFee="1284237440.39"
                     modifier="A" IPI="_d0kUMiQico" birthDate="2018-10-30Z"/>
                <Participant name="xnyt3b_0Iz0jK1d" role="producer" IPDN="p5r2C" performance="chorus master" grossFee="-715972212.28"
                     modifier="C" IPI="EsDlEH2I4fur2PpbW" birthDate="2019-12-17Z"/>
            </Participants>
        </Record>
        <Record title="tP-58R-" spins="1353864935" ISRC="65Q98FSU4O2J" year="1080" producer="ZRixoyptCv_8eE0grYd0" label="T_4G"
             recordNo="zuCvvwfhYsl0IYFgL2ko4YU" serialNumber="V8mESm4.LqO6qzNgBTr5hBr" isPremiere="false"
             usage="commercial" ISWC="p" AKA="jj1DVz-" genre="jingle" broadcastedFrom="2019-03-01T11:21:16"
             broadcastedTo="2020-02-15T11:21:16" runtime="392594403" origin="commercial" alternativeTitle="ejq3gXf"
             recordedFootage="644867514">
            <Participants>
                <Participant name="SXpoWi2rPRG31bx87tZPf" role="performer" IPDN="M.4TV.HOLAE" performance="conductor" grossFee="380361865.59"
                     modifier="A" IPI="ht" birthDate="2018-10-03Z"/>
                <Participant name="BhXRp" role="remixer" IPDN="pQh2jPQ34NEO_XM70TZMoTs-bp" performance="supporting" grossFee="-768925901.83"
                     modifier="C" IPI="M.vetiW2qSUbxYW1kl" birthDate="2019-12-30Z"/>
                <Participant name="ex0-dUTEK-GtENl0viJY6MR" role="arranger" IPDN="zQq-wVDDwr16g2aiYm2" performance="conductor" grossFee="190860730.89"
                     modifier="B" IPI="vwCgd6snFmjw" birthDate="2018-08-15"/>
                <Participant name="U_a908" role="music director" IPDN="Ij" performance="chorus master" grossFee="1170241288.48" modifier="C"
                     IPI="S" birthDate="2019-03-26Z"/>
                <Participant name="G5UkVmmW1" role="subscriptwriter" IPDN="lr8fUsD" performance="main" grossFee="-1123542529.39"
                     modifier="A" IPI="RCqPzLE1xnyOdbuxNV7iQsr-X0DCoG" birthDate="2020-04-10Z"/>
                <Participant name="D_PvxAtt1oaVGFkIbqUi" role="music director" IPDN="I1jsVHJm5d2Lq" performance="supporting" grossFee="655284670.88"
                     modifier="C" IPI="w7f" birthDate="2019-07-08"/>
                <Participant name="znEweJMwUBcORCjpvGxB" role="scriptwriter" IPDN="t9Om8U8SBTBYnZ3.N" performance="supporting" grossFee="-1575905572.00"
                     modifier="C" IPI="v02ih_" birthDate="2020-04-14"/>
                <Participant name="gJTL5BX" role="sound engineer" IPDN="J6sB" performance="supporting" grossFee="-1145725188.18"
                     modifier="C" IPI="kt9H" birthDate="2020-04-26Z"/>
                <Participant name="L2viOa3Es32m0e.pwukdLoRdbW" role="scriptwriter" IPDN="QR7fAH78W5UpX5GuX1Sjb3aCd" performance="chorus master"
                     grossFee="-2025673482.92" modifier="B" IPI="Y5NXDRLQ-VYC" birthDate="2019-03-10"/>
                <Participant name="DLnoctn5B515" role="remixer" IPDN="zHB-82Es2Ws" performance="conductor" grossFee="-1896496241.46"
                     modifier="B" IPI="RKnM5" birthDate="2018-08-13Z"/>
            </Participants>
        </Record>
        <Record title="TSaqntqUQ6zuOM7V-tJA7rHfXvr" spins="886879458" ISRC="04OZ23P72220" year="6580" producer="vYVqTfTlWZCUna5"
             label="oCgop0.VdJsKFazYsLFBEiy.TZ" recordNo="llUnsq" serialNumber="Au0eYsiktzKU1moO30DIwyNVS_v3gK"
             isPremiere="true" usage="jingle" ISWC="s_" AKA="Y4sSymq_YIh-i68lZ" genre="commercial" broadcastedFrom="2019-11-21T11:21:16"
             broadcastedTo="2019-05-04T11:21:16" runtime="1240109727" origin="commercial" alternativeTitle="IH17YoIU.JKPg"
             recordedFootage="982561805">
            <Participants>
                <Participant name="_FVq5" role="scriptwriter" IPDN="w2ClKON4uzqOx1OmY" performance="supporting" grossFee="111523989.86"
                     modifier="A" IPI="VfY_D3VAlcOybz3y" birthDate="2018-11-27Z"/>
                <Participant name="RmFPKj" role="remixer" IPDN="y9Etii0UM.7p_udKJI69sQ.Ywrf4Mz" performance="supporting" grossFee="-695631406.59"
                     modifier="A" IPI="FrOShUHY3dhKe7yka" birthDate="2019-10-19Z"/>
                <Participant name="i8j5P3FYuFyfzFRawQIph4xaCto" role="performer" IPDN="P-Qnt.3CuzQf3xwa9" performance="conductor"
                     grossFee="797544743.64" modifier="A" IPI="C5R_" birthDate="2019-11-29"/>
                <Participant name="_HKn" role="music director" IPDN="n" performance="conductor" grossFee="-1195561479.82" modifier="B"
                     IPI="I2oNqtf-MQ5Z0JUKfgHVSHgaAtIUR5" birthDate="2020-04-03Z"/>
                <Participant name="xc2l4V4bHgtXTr.N1Ep4gXRvlLcw8" role="producer" IPDN="RsywJW2zsu0UnM" performance="soloist" grossFee="-120034900.92"
                     modifier="C" IPI="toksvVLlS83_2SiKLV" birthDate="2019-03-29"/>
                <Participant name="qZcvmFheDhNThWM0jE6xVSC" role="arranger" IPDN="RvxLVMTK9udTTHSudSJ8BSAovQf.Ui" performance="supporting"
                     grossFee="-846990266.66" modifier="C" IPI="lVRPvGjEjEEzy.jBRbh-dz" birthDate="2019-02-26"/>
                <Participant name="NJm-uSCG0Zb1OJ" role="sound engineer" IPDN="EgTAN.rSpFNpKUpigBmcdTNQfcZn0" performance="conductor"
                     grossFee="1843735473.83" modifier="B" IPI="D90_qX" birthDate="2019-07-16"/>
                <Participant name="XACe6EURnQ" role="music director" IPDN="h" performance="conductor" grossFee="-1781960463.01" modifier="B"
                     IPI="mTrz0wcmgp4qS8RZ9GJBj3hOpiV0E" birthDate="2019-05-02"/>
                <Participant name="S4FbCQq2i8LaeL" role="remixer" IPDN="Peun" performance="supporting" grossFee="-978837909.59" modifier="C"
                     IPI="uKcAeT2ouNu" birthDate="2018-11-07"/>
                <Participant name="mo0lJQ" role="composer" IPDN="ke2bPAfHY0" performance="supporting" grossFee="-411113090.54" modifier="B"
                     IPI="e_Oe85atRLTC" birthDate="2020-03-31Z"/>
            </Participants>
        </Record>
        <Record title="EcBFPyMY1mCNNB2rdT5oTYRGD" spins="249414866" ISRC="5N4HEUZ5H4BG" year="8658" producer="gn7Dwe"
             label="PvLtSaZ.fTF2QkbrsDgQ5Efjx9" recordNo="uu_b2d6p4Ku" serialNumber="V1yQsd-CnjZ9cLlBl"
             isPremiere="false" usage="commercial" ISWC="pBVg4zHcG33L" AKA="q.eDqzDd" genre="commercial"
             broadcastedFrom="2020-02-07T11:21:16" broadcastedTo="2019-03-03T11:21:16" runtime="42386353"
             origin="free of charge" alternativeTitle="pCj53fk9PU7Z-vYM4xukY" recordedFootage="1583014894">
            <Participants>
                <Participant name="Jbg3eE_" role="music director" IPDN="Gi7.4gIVbygnI" performance="conductor" grossFee="-1350773546.63"
                     modifier="A" IPI="NUs6cHY4zQyw" birthDate="2018-11-04"/>
                <Participant name="PHeNmTZPuS4SXHRFkcw8npXH5v" role="arranger" IPDN="wBVEz" performance="chorus master" grossFee="284958586.22"
                     modifier="B" IPI="k" birthDate="2019-07-28Z"/>
                <Participant name="c0O" role="remixer" IPDN="shK0SQjuEMf_hbb0FDGrk4XuXszSPy" performance="soloist" grossFee="1660311765.21"
                     modifier="B" IPI="KhgWZyMyTCua.BLihO" birthDate="2018-11-12Z"/>
                <Participant name="uKxFng7CgBsRG8SePkSVTo.0pVc_" role="composer" IPDN="xqANrkHTQNyycOeUtiDds" performance="supporting"
                     grossFee="2029363778.66" modifier="C" IPI="Mys" birthDate="2018-10-30"/>
                <Participant name="ivZlMqSgo7AiS7DU5R8iWWj2-w" role="subscriptwriter" IPDN="QKCoU" performance="supporting" grossFee="577646871.78"
                     modifier="C" IPI="wIGfMDw6S8MaE6nlJasUXk" birthDate="2020-05-22Z"/>
                <Participant name="PLWxXwvP7Yq34SU1VSdy" role="scriptwriter" IPDN="ZDpygu5BNtnke.s0DXYqlTN" performance="supporting"
                     grossFee="-865130495.37" modifier="C" IPI="f7evyK5nRXwqHYIiuiHOsnZ418AT" birthDate="2018-09-08"/>
                <Participant name="BIbXe7uN_unHPPs1GQ-bZQrIL" role="composer" IPDN="gkJw" performance="supporting" grossFee="1481245132.02"
                     modifier="C" IPI="ICah0fvqzlObqdkg0tS" birthDate="2018-10-28"/>
                <Participant name="SwIfi6SCyMLjT2vAOvNjW.Rv_7" role="composer" IPDN="bZMotzzh8j7kt-cTE-eSqXsk" performance="supporting"
                     grossFee="-1769386908.08" modifier="A" IPI="vZ8U" birthDate="2020-01-07Z"/>
                <Participant name="v9gK87mcQOHuv4Yw26wcQVQaqWiQEn" role="scriptwriter" IPDN="_snCSPSDFa" performance="main" grossFee="-1948684948.26"
                     modifier="B" IPI="bwxPTkTeWsUG" birthDate="2020-06-26Z"/>
                <Participant name="sPejYro7lB" role="music director" IPDN="Pk0lpBRd.4zK8UxPRE" performance="main" grossFee="-2095833130.52"
                     modifier="C" IPI="Qj_naykjrV6wwZhUciE0" birthDate="2019-05-10Z"/>
            </Participants>
        </Record>
    </Record>
    <Record title="_1hp3qzNL2E6PlIhOYKIJ.voR4" spins="487644095" ISRC="20KDPO6LMCG7" year="5105" producer="ui1UlMk9IG8az-dD95yF7aq"
         label="cPoVMg2w8" recordNo="tg" serialNumber="q-DKnNiSpCJx-lXWbdK" isPremiere="0" usage="jingle"
         ISWC="qzZS5.k68enwO" AKA="tqJt3M9qjfPK6IWbsq9zhJK1EGrM" genre="commercial" broadcastedFrom="2019-06-14T11:21:16Z"
         broadcastedTo="2020-04-08T11:21:16Z" runtime="1899920580" origin="live broadcasting" alternativeTitle="Tfjq7gzM9"
         recordedFootage="1747387227">
        <Participants>
            <Participant name="s7e_z5iidi" role="scriptwriter" IPDN="vzfTiDLeC6OECtSNRXZJLfZ1" performance="chorus master" grossFee="-1929193597.34"
                 modifier="A" IPI="voJ6r" birthDate="2019-04-07"/>
            <Participant name="KsMT11" role="sound engineer" IPDN="YM5I96sIoiY16vjHwyPM" performance="soloist" grossFee="-1654095468.34"
                 modifier="C" IPI="ud" birthDate="2018-10-16"/>
            <Participant name="wdc4LV" role="composer" IPDN="p0mw" performance="supporting" grossFee="1128565623.50" modifier="C"
                 IPI="NPt.Wdbr" birthDate="2020-06-24"/>
            <Participant name="OLxG1" role="composer" IPDN="YLQ" performance="soloist" grossFee="1165804637.94" modifier="C"
                 IPI="vsE_iGf73Xm8ltNj1MWNx_ZmY" birthDate="2019-04-10"/>
            <Participant name="DjM6PYTUHy0QInJ6mBpkhBcXZofg" role="arranger" IPDN="_I9rSNnljXJ4p3" performance="main" grossFee="-1674751567.10"
                 modifier="C" IPI="T9XOIX5lVtC1BMc.xoQW" birthDate="2020-02-14"/>
            <Participant name="G0nqVi5pCntRlykTh.iBV1" role="performer" IPDN="me.4a6" performance="conductor" grossFee="-1465322559.09"
                 modifier="A" IPI="wTkVZrjFIDkeKLiJ_HIbDqWU5" birthDate="2018-12-11Z"/>
            <Participant name="TRZEzPOPVCX1WL" role="scriptwriter" IPDN="vnVg" performance="soloist" grossFee="1344935432.49"
                 modifier="C" IPI="TKdA39AcPun7hR.xaBtbFF1-bN-" birthDate="2020-02-09"/>
            <Participant name="K" role="sound engineer" IPDN="rFfZBnll1eYZkTA" performance="main" grossFee="1339556658.74" modifier="B"
                 IPI="mZe3Yf427GAOrO0QIOy3aJiyN" birthDate="2020-01-22"/>
            <Participant name="VUdvT0MpHxuVa-" role="producer" IPDN="XyYVgMVB.Pb" performance="soloist" grossFee="402260466.74"
                 modifier="C" IPI="Ax" birthDate="2019-06-18"/>
            <Participant name="N" role="remixer" IPDN="FIOZ-qJN9UnoPZhItZsfxJTMw2YF" performance="soloist" grossFee="455143775.85"
                 modifier="B" IPI="vccmAT" birthDate="2020-06-04"/>
        </Participants>
        <Record title="RkjU3ick7xqtM4" spins="1915943259" ISRC="66Q1R7KFF739" year="6460" producer="F9EoxWoA_l_" label="ghlRTzPCGYd9g0L22Ke6E"
             recordNo="RAL0Kvf-L" serialNumber="PUJ7NQLIwQBgoMtO6_ITF_9S" isPremiere="1" usage="jingle"
             ISWC="bdj7bW3FwvE9F" AKA="gYxk6sEIayrqMoK" genre="classical" broadcastedFrom="2018-11-02T11:21:16"
             broadcastedTo="2019-01-21T11:21:16" runtime="851248206" origin="live broadcasting" alternativeTitle="WGWBc8PrEZxN1L2ykUIy"
             recordedFootage="63788609">
            <Participants>
                <Participant name="hKnz3665" role="scriptwriter" IPDN="g4jI-GFZ3mw59nG85_s181Fz" performance="chorus master" grossFee="1384110936.58"
                     modifier="A" IPI="BVbec63ce-" birthDate="2019-09-03"/>
                <Participant name="ZCJ19" role="arranger" IPDN="tpdhXh24I4Nk2J5Kp1" performance="chorus master" grossFee="-1778198574.29"
                     modifier="C" IPI="IlBJEG" birthDate="2019-03-17Z"/>
                <Participant name="wfvDNYaa0z7XMZI-ZmMpYoaE0bRl" role="arranger" IPDN="go9f9JB" performance="supporting" grossFee="-1582350378.91"
                     modifier="C" IPI="fbfkQ" birthDate="2019-12-28"/>
                <Participant name="OJCH7o2PBRp4CYWfJVjFFI" role="performer" IPDN="XsxB" performance="supporting" grossFee="-1377164431.38"
                     modifier="C" IPI="IxPgHPXWrOSuwk8XBW3R" birthDate="2019-07-11Z"/>
                <Participant name="exaYk3f9R4vVhbLQYMuKfXj" role="music director" IPDN="N2x8HPBnv_" performance="supporting" grossFee="1142302744.13"
                     modifier="C" IPI="aV_Jvb24.dIP96b2I286" birthDate="2018-12-06Z"/>
                <Participant name="OYf" role="scriptwriter" IPDN="sPFFm" performance="soloist" grossFee="-1678767004.63" modifier="B"
                     IPI="zXXZ49uUDuANCfeVFAWXinc8" birthDate="2018-10-03Z"/>
                <Participant name="xc04SDwljVUDWybvhQc" role="arranger" IPDN="afcR3" performance="soloist" grossFee="-1002128529.40"
                     modifier="C" IPI="VXJQZm2Pli7" birthDate="2019-04-10Z"/>
                <Participant name="YKX6OSsbImsJXnpJOXRXGktD8ra8w" role="music director" IPDN="J8zMuOcW0Ean0RhON8OON" performance="chorus master"
                     grossFee="-1735171110.25" modifier="B" IPI="AzoCOTvdxqmNRWqkJZ73F2Pt5-" birthDate="2019-01-06"/>
                <Participant name="wZuj7" role="arranger" IPDN="GL5VzLI7JboPu" performance="soloist" grossFee="1496654581.50" modifier="B"
                     IPI="owi.Edw.DW6" birthDate="2020-02-03Z"/>
                <Participant name="Wplwq_k.x6l23.O9LGYQaufcueYFoJ" role="performer" IPDN="WO2_Jx2Bq5uDj2GrgEdgAqVKYO" performance="chorus master"
                     grossFee="-159863194.67" modifier="A" IPI="hdH5pdOCyNiTUhNHIht" birthDate="2018-11-03"/>
            </Participants>
        </Record>
        <Record title="ZSBymUxmi.zlpWTI" spins="489979272" ISRC="954O81XW4U7U" year="3866" producer="mO5j4I4X-H5uC0wgywuC"
             label="XzgSjl2" recordNo="QegIOvoC5POK.TSRGxGu" serialNumber="_l23Zhxexw6hi" isPremiere="0"
             usage="commercial" ISWC="V-G6DkWIkoCYmVRdSaI2B-xOygQJDz" AKA="SX1SRzE79HSrCGDN_l3AGY" genre="spoken word"
             broadcastedFrom="2019-12-24T11:21:16" broadcastedTo="2018-08-18T11:21:16" runtime="1483917966"
             origin="commerce" alternativeTitle="vjEkGc" recordedFootage="1175515917">
            <Participants>
                <Participant name="dq1f" role="arranger" IPDN="labk" performance="main" grossFee="-382780365.05" modifier="C" IPI="ujt3qxnJYGjMA"
                     birthDate="2019-09-11"/>
                <Participant name="tbLs2n_a1I775k-" role="sound engineer" IPDN="M3Fm5IrJiIxebjOH" performance="supporting" grossFee="-1113593506.24"
                     modifier="C" IPI="HP7" birthDate="2018-11-20Z"/>
                <Participant name="qOCKXwcfQQVgK8YFsGumNVEIhOfW" role="arranger" IPDN="P4zmuRBkmipu.jhURhEO-A" performance="conductor"
                     grossFee="901101763.37" modifier="C" IPI="TJP" birthDate="2018-12-20"/>
                <Participant name="CnW4y3i778iSjmVFV.u.cZ_I" role="arranger" IPDN="iVfPT" performance="chorus master" grossFee="1132788944.57"
                     modifier="B" IPI="GxnhoZ6m03mv9" birthDate="2020-02-04"/>
                <Participant name="Q5sy00ugGojy-BHULt0UwoT" role="subscriptwriter" IPDN="T_tMzjDzOVH" performance="chorus master"
                     grossFee="1663768925.92" modifier="B" IPI="BUFfNVla" birthDate="2019-10-24"/>
                <Participant name="hEU45HplIzB0OnI" role="arranger" IPDN="zFI" performance="main" grossFee="2112124946.34" modifier="B"
                     IPI="Wjz_Y.U512PDOOQcgXX4sQ" birthDate="2019-02-18Z"/>
                <Participant name="sk1JpjTQgZbNEt6lw" role="sound engineer" IPDN="O_eQldIgyIu9LMF6ct8hpqe" performance="supporting"
                     grossFee="-999199051.54" modifier="A" IPI="KRPy15S7JH-Fg9a.1" birthDate="2019-07-25Z"/>
                <Participant name="iRw-hh7G77fDAE6v8N-" role="sound engineer" IPDN="MJhyTEffnY5xZvxC6YpRoWA" performance="supporting"
                     grossFee="-271298859.09" modifier="C" IPI="uarsTjnE2mn" birthDate="2020-04-21"/>
                <Participant name="btKVPH" role="performer" IPDN="vQ" performance="main" grossFee="1578867192.90" modifier="B" IPI="S_-"
                     birthDate="2020-06-27"/>
                <Participant name="lgQFX7ekwHpx.2R4pR.29WwD" role="arranger" IPDN="AlOx7eh8j" performance="chorus master" grossFee="-1676418856.39"
                     modifier="A" IPI="EKuo-ej4znNSdDQ" birthDate="2018-07-09"/>
            </Participants>
        </Record>
        <Record title="zPOeugMzdEEjB6ZCk" spins="1988700969" ISRC="YNO53U28ZC5C" year="5397" producer="YiKFF" label="ZhX"
             recordNo="VsjBZd5_kAqvA6Z5jpnNIc9MX" serialNumber="he6JGh1je-" isPremiere="1" usage="broadcast"
             ISWC="e21kR77i" AKA="JfLfUMn" genre="jingle" broadcastedFrom="2019-11-19T11:21:16" broadcastedTo="2019-07-17T11:21:16"
             runtime="205840318" origin="recorded stream" alternativeTitle="Zph2kkmT.OYV7D2Zi" recordedFootage="201558892">
            <Participants>
                <Participant name="x_wZFZkN5dG30TVEFjj.9_kp67sGke" role="arranger" IPDN="R9RiZ2LmyN3gkQpMsZc" performance="soloist"
                     grossFee="-546093332.71" modifier="C" IPI="ZougAkirc1HR" birthDate="2020-04-30Z"/>
                <Participant name="ZTGJX6iUBL8835.j5O3K" role="producer" IPDN="S9UNjmF" performance="supporting" grossFee="-1035099116.44"
                     modifier="C" IPI="cc1NyCeRD31s4mcyhzJvIgp.-NTJ" birthDate="2018-12-09"/>
                <Participant name="SFN9IPjmpsqO1H4tmtszyYl_bwSd" role="sound engineer" IPDN="kT2BKr_BWZ" performance="supporting"
                     grossFee="-1182789716.04" modifier="B" IPI="LdGqjlU.yBS4" birthDate="2019-04-01"/>
                <Participant name="xv" role="arranger" IPDN="fKzSG.6HlOM-uX" performance="supporting" grossFee="-1343303907.22" modifier="C"
                     IPI="_IdNS4Tc69i0Rmw" birthDate="2019-04-28"/>
                <Participant name="fiyYeo1dUbY.OTnlmaDHaU1w3-gu" role="scriptwriter" IPDN="v7yxq" performance="main" grossFee="-1657914161.59"
                     modifier="A" IPI="x4hvpLMGePjKZ01G" birthDate="2018-12-07Z"/>
                <Participant name="k" role="remixer" IPDN="MzW6fO3.hXbvwoaGu" performance="main" grossFee="-1234544758.82" modifier="C"
                     IPI="FKb5uwx3hdFIIrHwB7Vth" birthDate="2018-10-16Z"/>
                <Participant name="Ksk6ms" role="music director" IPDN="Cl0ex8V" performance="chorus master" grossFee="161051305.02"
                     modifier="C" IPI="RpOyK7yWXyndF7zL039wgIUdOP_aP" birthDate="2019-11-07Z"/>
                <Participant name="DpEOEWnA74b0qS" role="arranger" IPDN="AFu1eL9wWghCwqq_X.jQ4" performance="main" grossFee="-2015272165.11"
                     modifier="C" IPI="mrmdND9Xg3xoxnMJJfNHStvIjxNv" birthDate="2019-03-10"/>
                <Participant name="rWZsq." role="scriptwriter" IPDN="_7yvzvu" performance="supporting" grossFee="2135294125.56" modifier="C"
                     IPI="qFHy-tDC1uH9Su4wZdtrObBh4Gud8J" birthDate="2019-09-29Z"/>
                <Participant name="nUxT-KsZb_00oSfmw5R.Leahd.P5l" role="scriptwriter" IPDN="ayxoImRS7Z6C1wMu" performance="supporting"
                     grossFee="-186699474.58" modifier="A" IPI="KPD7YiIwJmgQ9" birthDate="2019-03-01Z"/>
            </Participants>
        </Record>
        <Record title="h44CjBCufnJebN0J_8Gwh" spins="1565511620" ISRC="856N6LEOH3RA" year="8414" producer="BF2ESeKZDE71YSHWMOzmFrFXVqOZP"
             label="Bnb2usDyqVLTLi7K6HWEYASu" recordNo="g1ajqWnRGXqt8NcBtx" serialNumber="oGQfoeNzhZxFBh3TO.fuBWD"
             isPremiere="0" usage="commercial" ISWC="iky" AKA="Ek1ALn9pSdlWfo" genre="jingle" broadcastedFrom="2018-12-29T11:21:16Z"
             broadcastedTo="2019-10-17T11:21:16Z" runtime="21163004" origin="commercial" alternativeTitle="isau"
             recordedFootage="420764056">
            <Participants>
                <Participant name="V" role="arranger" IPDN="hghVrnXpv7E." performance="supporting" grossFee="-1621976320.66" modifier="A"
                     IPI="atMRxqTzPUIQKm" birthDate="2020-04-29Z"/>
                <Participant name="nKNmaKy7rEjssiF0xiLf" role="arranger" IPDN="M4CQoWACPFzcwyojEbC3x6Id-hN_j" performance="main"
                     grossFee="-268620851.93" modifier="B" IPI="wlePW3dcTp" birthDate="2018-07-03"/>
                <Participant name="bOyeRjpYm0fRKZ0" role="remixer" IPDN="dfC7Pa" performance="chorus master" grossFee="320988446.59"
                     modifier="A" IPI="yDrGWmZIxV3fyX87.9yXUfi" birthDate="2020-05-28Z"/>
                <Participant name="nkD1_c6MaKQMo." role="remixer" IPDN="iqG79" performance="conductor" grossFee="842463219.80" modifier="B"
                     IPI="SM95NlZ" birthDate="2018-08-06Z"/>
                <Participant name="aSSt0W4QoKkMgr-uZatF34V" role="composer" IPDN="Ohavsdyn0NeuDoUU3.6MjCmtxNt" performance="main"
                     grossFee="122913980.56" modifier="C" IPI="dYQ" birthDate="2019-12-01Z"/>
                <Participant name="nPejZRRuh1-wWPS.r0Dub" role="composer" IPDN="BltXDq3qL" performance="chorus master" grossFee="938278825.32"
                     modifier="B" IPI="gsoDhl2yp4EoGlfoWg2Ei." birthDate="2019-02-03Z"/>
                <Participant name="Po_KzTULPsQ18n7" role="producer" IPDN="B4lBhiA" performance="chorus master" grossFee="983865471.92"
                     modifier="C" IPI="agpe8eho8IJ7G3sn" birthDate="2019-10-26Z"/>
                <Participant name="w9SBzBOVW2j" role="scriptwriter" IPDN="FsXwuX0JJed12j" performance="chorus master" grossFee="-1940192606.11"
                     modifier="B" IPI="eikln" birthDate="2018-07-31"/>
                <Participant name="cLhgf2g1jo4fZyA-nmgOTgF3cshni8" role="composer" IPDN="ePMCeXd6uLj3L9x.3" performance="supporting"
                     grossFee="-774119155.33" modifier="C" IPI="AwUgUc_HFMSO" birthDate="2018-10-14Z"/>
                <Participant name="crx.OmlZkYn9tf" role="music director" IPDN="EGFn_Ab8" performance="supporting" grossFee="1967287375.73"
                     modifier="B" IPI="RWQY" birthDate="2018-07-17Z"/>
            </Participants>
        </Record>
        <Record title="YJ" spins="380798194" ISRC="Y85D64397423" year="4851" producer="hT1yw5tWE02sjNxx1-" label="KbYZM"
             recordNo="xhHjT2WKxDmq65pmhkZgKHt_EC4P" serialNumber="xDfNAV8SWybjhg7Cg0" isPremiere="false"
             usage="jingle" ISWC="aF69vI22p-e" AKA="AuxxufK" genre="jingle" broadcastedFrom="2019-03-07T11:21:16"
             broadcastedTo="2019-01-19T11:21:16" runtime="1863797515" origin="commerce" alternativeTitle="phFWuN.eguoRJ3DEZCGrL3BFqj"
             recordedFootage="1622392322">
            <Participants>
                <Participant name="y9x.KrqEjSbn91DtHxULsTnx" role="arranger" IPDN="yK-P.m-vS6WasgZ2THivZ" performance="soloist" grossFee="-582835051.83"
                     modifier="B" IPI="K8" birthDate="2020-06-22"/>
                <Participant name="EdyC1KHdMCdW84kJJ8M-4Aa" role="arranger" IPDN="P1CZHS2fruA7BLKgEiA" performance="chorus master"
                     grossFee="586180922.33" modifier="A" IPI="lmbjUrcVpvxrahadujM" birthDate="2019-01-01Z"/>
                <Participant name="Mo6Xv8" role="composer" IPDN="R" performance="soloist" grossFee="1759113072.03" modifier="A" IPI="f_nmII"
                     birthDate="2018-12-07Z"/>
                <Participant name="TCno3_yo79y85N" role="music director" IPDN="mYh3nKHujGS4WZ" performance="soloist" grossFee="1655211907.33"
                     modifier="C" IPI="a1Xnl1YuDK-8d" birthDate="2019-10-16"/>
                <Participant name="e4PROyeN9sCseQEjpVJO1" role="sound engineer" IPDN="B2e" performance="supporting" grossFee="-1039418220.79"
                     modifier="A" IPI="Jk4JvHIOC51irGQvB.OK4FYXmq08zw" birthDate="2020-04-18Z"/>
                <Participant name="CHTOvUJVI4n" role="producer" IPDN="Efc2Vj" performance="chorus master" grossFee="-1306263886.19"
                     modifier="A" IPI="m4RvsfD" birthDate="2020-06-15Z"/>
                <Participant name="njHf1RGTf" role="remixer" IPDN="llB5ZUJG" performance="conductor" grossFee="1358826122.77" modifier="A"
                     IPI="_q4a8" birthDate="2019-08-16Z"/>
                <Participant name="L8mtBpPz4S05N6GUK-2f0" role="music director" IPDN="U_Y-4-gpNVoE8B6aQqX" performance="supporting"
                     grossFee="765223798.70" modifier="C" IPI="G38PdySpJOkc" birthDate="2018-08-08Z"/>
                <Participant name="A4ipL" role="composer" IPDN="Giba2S_PgKqhYVdeefUXLuteWR" performance="main" grossFee="-167812453.27"
                     modifier="B" IPI="Yq" birthDate="2018-12-02Z"/>
                <Participant name="r6IX.5" role="remixer" IPDN="UPi3ILQ5s" performance="conductor" grossFee="-126046399.06" modifier="B"
                     IPI="o8xOcTPYkz2VEv76ii8p7mn" birthDate="2018-11-23"/>
            </Participants>
        </Record>
        <Record title="hv" spins="227071712" ISRC="96T0NHXT998G" year="2864" producer="IWhC3q_OVxmD3DB-R_tTv" label="NytsuprJAbQIKiqb4oLPqC0mry9"
             recordNo="J2AYm1XrJd4Su_" serialNumber="TACSkU65XE0vUBRdHm9TahKATTIWk" isPremiere="0" usage="broadcast"
             ISWC="nnXil2GD9FSVOkM7vUne1rAfI" AKA="NhZwrKWPRx3tVtaxYMMB" genre="composed" broadcastedFrom="2018-12-21T11:21:16"
             broadcastedTo="2018-12-03T11:21:16Z" runtime="1627890824" origin="free usage" alternativeTitle="NLiJwta"
             recordedFootage="1117434048">
            <Participants>
                <Participant name="yVlEgyj2zEtspiO" role="sound engineer" IPDN="DCWJHnLmAaNWp..fTv0ULVR.8Q" performance="chorus master"
                     grossFee="-1338572123.37" modifier="A" IPI="jP" birthDate="2019-01-09Z"/>
                <Participant name="WAnIRqO39" role="composer" IPDN="g6FpFS8xF" performance="supporting" grossFee="1076891893.81"
                     modifier="A" IPI="h5o2pNjxirTJUT" birthDate="2019-09-24"/>
                <Participant name="qi-bd5yJmTcq0fRhylO9y" role="subscriptwriter" IPDN="nT" performance="main" grossFee="-112474345.77"
                     modifier="C" IPI="jAJvo92aqaDL4V6L0in_GM5S" birthDate="2019-09-04"/>
                <Participant name="M_PEstP" role="scriptwriter" IPDN="gxEy7" performance="soloist" grossFee="1702758034.31" modifier="C"
                     IPI="ywI7SoCqGp1k5WU7" birthDate="2019-12-22Z"/>
                <Participant name="SAGOYWejOB9kOo0LGv0ks_nvR" role="scriptwriter" IPDN="j" performance="supporting" grossFee="1965123125.63"
                     modifier="B" IPI="vfqfFS9qHTXw2v4-XfoMmp9eN" birthDate="2018-08-28Z"/>
                <Participant name="EJPizO" role="composer" IPDN="Z.D5bGBlAFk68ySyFUyjq" performance="supporting" grossFee="1836140836.92"
                     modifier="A" IPI="vgU1WxSScs3Rc5aOGm7ipMH" birthDate="2018-07-16"/>
                <Participant name="aUz9l9UjQhEJx66ZmZEAQQhedSkMRx" role="composer" IPDN="EJUY2ppQMGKSksNAIHa" performance="conductor"
                     grossFee="-2102078453.94" modifier="C" IPI="j1E6i46bXFmw9z4S" birthDate="2020-01-30"/>
                <Participant name="x1YgkFfU2utELunoyc37q" role="remixer" IPDN="Xi2.U3GvpAlcndTk06_t2jWsDzYV" performance="supporting"
                     grossFee="423752994.33" modifier="A" IPI="nL.Y1qDYrW-" birthDate="2019-06-05"/>
                <Participant name="RgQWNz7" role="music director" IPDN="sWfsza_kfi2SpuSrq" performance="soloist" grossFee="-1284300360.77"
                     modifier="C" IPI="gvfRRvYloq9fjTl" birthDate="2019-06-30"/>
                <Participant name="e5lBUPIyD7ZItq2tSFZfoX" role="sound engineer" IPDN="wvyE-DA38psxHfOBOcGP" performance="supporting"
                     grossFee="-1295398906.98" modifier="B" IPI="DIRQXI3nc8I-ED_1Q3YxXStr1" birthDate="2020-01-17"/>
            </Participants>
        </Record>
        <Record title="QT39oX6hz-lis3H" spins="544063819" ISRC="XVDG0AB847WD" year="4294" producer="HhLjI87R2l7JQUJ4HZtor3bHZTl9"
             label="q4S.zk" recordNo="hbsTcD-.hZ-05" serialNumber="Oqnmkrw" isPremiere="false" usage="broadcast"
             ISWC="kDiyVPGF_Ujz2eLp7aNfGbXepsL" AKA="usvN_X.r6berP0hkN" genre="commercial" broadcastedFrom="2018-11-25T11:21:16Z"
             broadcastedTo="2020-02-01T11:21:16Z" runtime="1213372840" origin="free usage" alternativeTitle="smU_qepW9E8fYfVINR9oWpX"
             recordedFootage="1847205920">
            <Participants>
                <Participant name="fyIC.VCUcMxRplGPEGBSNdQ5" role="music director" IPDN="B9Q" performance="soloist" grossFee="-768444518.79"
                     modifier="C" IPI="Ye" birthDate="2019-07-08Z"/>
                <Participant name="wv5g0AaW.bxgw_9ju" role="arranger" IPDN="nE0El16U4XxcadCbE9e9ldy8" performance="soloist" grossFee="1155874541.90"
                     modifier="A" IPI="laCxqrobNRm" birthDate="2019-05-20Z"/>
                <Participant name="FeJp0ff7E1Sb2iTEI9Y-bYBkGKp_R" role="sound engineer" IPDN="l2xyS" performance="chorus master"
                     grossFee="-438231243.81" modifier="B" IPI="jwn1" birthDate="2018-12-30Z"/>
                <Participant name="uFsjvB" role="subscriptwriter" IPDN="my71RGUEBATrg5XEDV8o" performance="soloist" grossFee="2143617503.46"
                     modifier="B" IPI="BG1IreQBgc6pHdlxJnvrwe446i" birthDate="2019-10-10Z"/>
                <Participant name="crXlGSVkMhicHodZqi.-Z_3JEU_M" role="music director" IPDN="etbndTf5" performance="conductor" grossFee="-439124779.03"
                     modifier="A" IPI="yVu3" birthDate="2020-02-13"/>
                <Participant name="mB.aomKniqyW" role="performer" IPDN="a9I" performance="chorus master" grossFee="1076637522.00"
                     modifier="A" IPI="kxZXxQbA0sESd" birthDate="2019-03-02Z"/>
                <Participant name="OL5e0rrEJyO" role="music director" IPDN="ZJE-OLv8.IenqKat6T" performance="supporting" grossFee="1956294976.88"
                     modifier="B" IPI="aJHcyMn5" birthDate="2019-10-05"/>
                <Participant name="S_DlEa1l_usquXcR.xS5._U7" role="performer" IPDN="RW1vbPzW0Pr61zO69LJWsd2d" performance="soloist"
                     grossFee="-787274087.63" modifier="A" IPI="sBhdGprCkG" birthDate="2019-08-23Z"/>
                <Participant name="tiPRAcKjZeYGz6VSnezPx278mQ" role="subscriptwriter" IPDN="XNuek8jR_LJAWLs1Z8h" performance="supporting"
                     grossFee="780450987.28" modifier="A" IPI="U" birthDate="2019-07-17"/>
                <Participant name="_OngT" role="subscriptwriter" IPDN="KY-D0iFjIecYUrmMbkLkS5SAflLaEw" performance="soloist" grossFee="1136803931.02"
                     modifier="C" IPI="xE4RUaO9HwY" birthDate="2019-08-26Z"/>
            </Participants>
        </Record>
        <Record title="Adf-GddX6cjt9m7R1bQl" spins="1410471296" ISRC="VA2S68565I2K" year="8899" producer="O1GCo_6WIo7"
             label="ntxlPRRIKIqKMK" recordNo="MDpjUwEoSGo_XOD" serialNumber="uB48Ii2RnLIVkBzQoDhBLUKA"
             isPremiere="0" usage="jingle" ISWC="fOqCsxy" AKA="p7qsCj" genre="commercial" broadcastedFrom="2020-01-13T11:21:16"
             broadcastedTo="2019-10-30T11:21:16Z" runtime="234195623" origin="commerce" alternativeTitle="gnV24SgAkufsWHQlUCIMUgx"
             recordedFootage="67257853">
            <Participants>
                <Participant name="AEZO_" role="scriptwriter" IPDN="qsx5" performance="main" grossFee="-762808466.68" modifier="A"
                     IPI="c" birthDate="2019-08-13Z"/>
                <Participant name="G8fkk7" role="remixer" IPDN="TwGO8ED6ZUDY5_n" performance="main" grossFee="932186404.75" modifier="B"
                     IPI="Of6Vx0nHBO8Sg." birthDate="2018-11-13"/>
                <Participant name="s3DLRVa2OZ7Q3H3" role="remixer" IPDN="nkwJyYJep7PbB8UaPU" performance="soloist" grossFee="891418102.69"
                     modifier="C" IPI="NJLuW6qvl" birthDate="2019-04-09"/>
                <Participant name="QeNXyxIvoY7KQUNtBsLHMa9h1ujVF" role="arranger" IPDN="IQSEj8AfB8_t7mjT" performance="main" grossFee="1635939804.65"
                     modifier="B" IPI="EJiwnfp_D7s8s9" birthDate="2019-10-07"/>
                <Participant name="AENRJL-T5vrr1ZENSD9bO6WD" role="producer" IPDN="KK1QVbLK0Vm6.f0k3JR" performance="conductor" grossFee="49019460.47"
                     modifier="B" IPI="g_4zbMIxlGdTyV4hrR0rjLS5QFEg-M" birthDate="2018-11-02"/>
                <Participant name="EIiK78Y6" role="music director" IPDN="Kb4ejXaW82jjikcZCOt_TDuVt2k" performance="soloist" grossFee="-1761862169.62"
                     modifier="C" IPI="xB.NC5vQrQx-rx9mafkF-7K" birthDate="2019-04-01Z"/>
                <Participant name="bAWmj2a3qAMHQHwrdZ2pzE" role="subscriptwriter" IPDN="jItS5F3ysZbFLDNWBuZ8tYn_K" performance="main"
                     grossFee="-393164504.49" modifier="B" IPI="A1o5bPyFXkLZw1MfoOTHPMU" birthDate="2019-06-09Z"/>
                <Participant name="KPb5CaAUITt1z" role="producer" IPDN="uGjyOD3a4" performance="supporting" grossFee="949744334.95"
                     modifier="B" IPI="kv6vSgU6wxB-plUi" birthDate="2019-03-11Z"/>
                <Participant name="WdcYHeSW" role="arranger" IPDN="SWj3YCtcbX69C" performance="soloist" grossFee="1456456811.02"
                     modifier="C" IPI="PwaKaYi3XeyoNsVFFnXI" birthDate="2019-11-15Z"/>
                <Participant name="yHegcMBjnOSuY" role="remixer" IPDN="n" performance="main" grossFee="1275831950.58" modifier="B"
                     IPI="kYuK.jv9nZPkkYeSMJIcOpM" birthDate="2019-07-03"/>
            </Participants>
        </Record>
        <Record title="ZVztvOBOWiWEcSyfUKsKv6G" spins="879636722" ISRC="9R4O18R5UOU7" year="2352" producer="gK" label="wnEn_.3RXnFm-mvjfT"
             recordNo="niwY6009EWyLBu3Zrbsw0l" serialNumber="wefqE7jmcXWiR32JcU" isPremiere="1" usage="jingle"
             ISWC="plAMj1BXyeR20ZHcuYwUgw6YEAcXBB" AKA="af-GJGf" genre="composed" broadcastedFrom="2019-06-12T11:21:16Z"
             broadcastedTo="2019-02-11T11:21:16" runtime="1084720796" origin="live broadcasting" alternativeTitle="c-"
             recordedFootage="158233519">
            <Participants>
                <Participant name="bvh1Gdppb1aCOdF2eciW4CS" role="subscriptwriter" IPDN="y1wltezUlhDFLeXqK1thOX4J8" performance="main"
                     grossFee="-1767349067.80" modifier="B" IPI="oNwdHy-OWrDus." birthDate="2019-09-18"/>
                <Participant name="AENv2" role="music director" IPDN="lDVP" performance="chorus master" grossFee="-253654249.51"
                     modifier="A" IPI="iIQARDnWgKmhEBsL" birthDate="2019-10-03Z"/>
                <Participant name="pWryYRQ8" role="sound engineer" IPDN="fMj4D4Do4XR34w4_" performance="supporting" grossFee="-1448742914.62"
                     modifier="A" IPI="WwHAEcf3y-" birthDate="2019-07-22Z"/>
                <Participant name="QN0Ho8lVUbRSSYjajrVCPyRW" role="sound engineer" IPDN="M4Q2ae" performance="main" grossFee="1690329109.13"
                     modifier="C" IPI="Z-pHjklLy5GjqtQDc7zXl1t1S" birthDate="2020-01-21Z"/>
                <Participant name="bW4azNDtUYQj" role="sound engineer" IPDN="ms6djmv5xEMwtFfWF-DXGMv78g" performance="main" grossFee="-1505654592.09"
                     modifier="B" IPI="z" birthDate="2019-07-30Z"/>
                <Participant name="YKQ" role="scriptwriter" IPDN="MZwYPrXo7iXo6BEH.NbaU" performance="conductor" grossFee="437430269.64"
                     modifier="B" IPI="Sv" birthDate="2018-08-18Z"/>
                <Participant name="orIh3Or" role="arranger" IPDN="uj_28IX-a2Ky-6yZ-8j2ybPMtR" performance="soloist" grossFee="-1137858664.31"
                     modifier="A" IPI="mLmjyfn._Ogz-oxk2oy" birthDate="2019-07-25"/>
                <Participant name="VgTVDOwXicS8bxWE8Eerc" role="scriptwriter" IPDN="vxQhSp5Kgil83" performance="chorus master" grossFee="-2067706828.29"
                     modifier="A" IPI="mk7X2L5f53p_DRxRxDfH" birthDate="2018-07-26"/>
                <Participant name="ul_GjFj" role="arranger" IPDN="N2lPqQ.nno2BG" performance="main" grossFee="871473771.43" modifier="A"
                     IPI="CuiZslEZf2XIW" birthDate="2019-07-12"/>
                <Participant name="ft3vyBOvpVazA1flQVAd-I" role="producer" IPDN="cCtJ4wKIIzYnxHQY8QOXQPS4Se" performance="soloist"
                     grossFee="-1495728107.40" modifier="C" IPI="qjL_U7-jAkbLJT6OaN371a" birthDate="2019-07-24"/>
            </Participants>
        </Record>
        <Record title="HsGqV3wM7XPdyAa3h8g" spins="287717648" ISRC="5PB8AS9823J3" year="9179" producer="ZNT1.L" label="pmngjgd9l0"
             recordNo="VjcAGGRZF5SVsaO6zZUg-09Jlua6AN" serialNumber="Vr8Hxl-AK" isPremiere="true" usage="broadcast"
             ISWC="za39k." AKA="B0.kHfWTc" genre="classical" broadcastedFrom="2019-04-20T11:21:16" broadcastedTo="2019-01-11T11:21:16"
             runtime="1128989153" origin="live stream" alternativeTitle="j4c8jSCa_vQVVj" recordedFootage="1608640044">
            <Participants>
                <Participant name="Q" role="composer" IPDN="_UwBRZ-nV1c2tjXy-84z6" performance="soloist" grossFee="1436996445.78"
                     modifier="A" IPI="kl4uZoUk5Etc-D2BKNeZyb.aLfAq" birthDate="2019-01-30"/>
                <Participant name="Aqsp" role="scriptwriter" IPDN="hERAPxGc5O" performance="soloist" grossFee="113378953.70" modifier="B"
                     IPI="zmyDPT5xeMObsIjSJ2RugQKukf" birthDate="2018-11-17Z"/>
                <Participant name="bLo" role="producer" IPDN="ebRvJ5hFxoSn5T9WHeo3ZCTL_UuG2" performance="soloist" grossFee="387000440.62"
                     modifier="B" IPI="N8eYG2VqJPH_.WRopv" birthDate="2019-03-26Z"/>
                <Participant name="mGv" role="music director" IPDN="zon44U9.xujVqAImmf22sw_" performance="supporting" grossFee="-657512927.04"
                     modifier="B" IPI="jfOiBj_MaD2gEmccV7NKCMcYD" birthDate="2019-05-25"/>
                <Participant name="xBVEjt02" role="remixer" IPDN="w9Z6nqEwD" performance="main" grossFee="1125864879.48" modifier="B"
                     IPI="qvkRfZcRkfAyHI_lM5W1" birthDate="2018-09-25Z"/>
                <Participant name="dhF" role="remixer" IPDN="Qnyj.GNBO2hctb5dFBtpSYDJHk" performance="main" grossFee="-36383771.58"
                     modifier="C" IPI="M_w" birthDate="2018-10-19"/>
                <Participant name="Mr186liHsV9Zif" role="sound engineer" IPDN="CdBXafx" performance="soloist" grossFee="-710145512.46"
                     modifier="C" IPI="jRSz_sbxV" birthDate="2020-06-19"/>
                <Participant name="_-UdWD" role="music director" IPDN="MYYY9" performance="chorus master" grossFee="2127389246.99"
                     modifier="C" IPI="QrPs9eRWD" birthDate="2020-06-27"/>
                <Participant name="inpOQv" role="scriptwriter" IPDN="DlJdVjc_JGJcE" performance="main" grossFee="-1493721563.06"
                     modifier="C" IPI="_-RljvK5IkI_5" birthDate="2018-10-20Z"/>
                <Participant name="n_Z2uELUOrKvK-LOgp1N2f7" role="sound engineer" IPDN="E9f33BqUtJX-YuEyZ3OWrF9f" performance="soloist"
                     grossFee="-1811907330.06" modifier="C" IPI="BnFsKJl3_25nTsULYQfZsByi-" birthDate="2019-11-30Z"/>
            </Participants>
        </Record>
    </Record>
    <Simulcasting from="2019-06-03T11:21:16Z" to="2018-09-29T11:21:16Z" station="IAMmy9tQiVm"/>
    <Simulcasting from="2018-07-06T11:21:16Z" to="2018-11-12T11:21:16Z" station="zTk"/>
    <Simulcasting from="2018-12-22T11:21:16Z" to="2018-10-22T11:21:16Z" station="W4ESAbB"/>
    <Simulcasting from="2019-08-03T11:21:16Z" to="2019-10-06T11:21:16Z" station="ht7xTUX"/>
    <Simulcasting from="2019-12-19T11:21:16" to="2018-10-14T11:21:16" station="gcy7JKEwXrWHgf4M0uTRWR"/>
    <Simulcasting from="2019-08-20T11:21:16" to="2019-02-17T11:21:16Z" station="nx"/>
    <Simulcasting from="2019-10-19T11:21:16" to="2019-06-03T11:21:16" station="cGBt"/>
    <Simulcasting from="2019-06-28T11:21:16Z" to="2020-01-07T11:21:16Z" station="UM4ZHX_Xm"/>
    <Simulcasting from="2020-04-04T11:21:16Z" to="2018-09-13T11:21:16" station="BMuHJ-QHp72N"/>
    <Simulcasting from="2019-02-17T11:21:16" to="2019-10-28T11:21:16Z" station="Zqc8B.CHBQAcHiKQ"/>
    <Record title="VEXhSYiqojoji5LpONYK1eawdPI" spins="1176399144" ISRC="4S288PY0X7KH" year="6578" producer="PMtNpf5lJlG-Wut6eNwkYX70hq"
         label="cAX" recordNo="XP8sDPzXJbo" serialNumber="PrKCQ.X-7W-" isPremiere="true" usage="jingle"
         ISWC="I" AKA="HqkEX2" genre="jingle" broadcastedFrom="2020-05-18T11:21:16Z" broadcastedTo="2018-12-24T11:21:16"
         runtime="818108371" origin="commercial" alternativeTitle="I11r.OlXzuhNnzu6.bCBRPg1yUhu2e" recordedFootage="225766947">
        <Participants>
            <Participant name="Q6hdOfIQQUFrWbs4-2wTXUEvB" role="sound engineer" IPDN="qFco0LXjagLeOoajFis9" performance="conductor"
                 grossFee="-2091768158.83" modifier="B" IPI="hzO19P" birthDate="2018-12-31"/>
            <Participant name="RyHGFunvkl-cj1X556O" role="arranger" IPDN="TQOPU6ghxY2" performance="soloist" grossFee="367892936.00"
                 modifier="B" IPI="uczdi2xLH" birthDate="2019-04-29Z"/>
            <Participant name="i9ASLv6Yes8" role="scriptwriter" IPDN="MvZW5UM8ds8BvW3KyRjI_46M55c" performance="chorus master"
                 grossFee="1943814817.90" modifier="C" IPI="dgh3P62u3okqBHY-LXw7i2DGS6f" birthDate="2018-12-14Z"/>
            <Participant name="IyTucOXqd3XKOoZ4XA7pv" role="arranger" IPDN="Jn45" performance="conductor" grossFee="-890725574.68"
                 modifier="C" IPI="V8NVS33Ik8FhfDvNIt_" birthDate="2019-12-29Z"/>
            <Participant name="hpj8YCdxR9Ik3Mk1FA" role="arranger" IPDN="DWnsxGEgndsZtl" performance="conductor" grossFee="834185406.64"
                 modifier="C" IPI="aIqDJKem_rwmsAdSx5lzWgRTmK8i6" birthDate="2020-02-28Z"/>
            <Participant name="KaGqqGi3k-BL.R" role="music director" IPDN="Y3-Tmkjb" performance="main" grossFee="83298301.55"
                 modifier="B" IPI="XhoCDrrXRCip1fTgyVGXeFS1UH" birthDate="2020-03-26"/>
            <Participant name="fG.xQCknK" role="producer" IPDN="DHskU" performance="chorus master" grossFee="879698839.56" modifier="C"
                 IPI="gqh4Lt" birthDate="2019-03-22Z"/>
            <Participant name="sHZmK-ZswVxRK" role="arranger" IPDN="bXqeopDsN._3BbVTuVHal5f9j" performance="conductor" grossFee="-842226009.80"
                 modifier="A" IPI="Tu4kdv2ztEDo" birthDate="2020-07-01"/>
            <Participant name="kcY" role="subscriptwriter" IPDN="bKTCryVLekdr0Gq.iw" performance="chorus master" grossFee="-1555415849.53"
                 modifier="B" IPI="CFj08e1DwJgjYWWktS" birthDate="2019-04-04"/>
            <Participant name="kzuQjXBvRnWmmn-g6QBKztPoJdC.sU" role="music director" IPDN="TDWqV7u" performance="supporting"
                 grossFee="-812465733.42" modifier="A" IPI="b1PLq2MqYu0a1C2vesHUZ2tBV" birthDate="2020-05-13Z"/>
        </Participants>
        <Record title="fj809" spins="1714640058" ISRC="O9PZJ5ENTKS4" year="6163" producer="DDomIS907gZgWijPK54L" label="UJqfpZIDYa4PC5k.ayiQM"
             recordNo="Gw3JoBW" serialNumber="GT" isPremiere="true" usage="commercial" ISWC="Pl4M5XwrIcNRN5K1fDSJfiitV.1"
             AKA="Np_PLhqsFuKViKbGUTKD" genre="spoken word" broadcastedFrom="2019-08-16T11:21:16Z" broadcastedTo="2019-03-07T11:21:16"
             runtime="1169717045" origin="free of charge" alternativeTitle="TvKdEkTtMbPi6_Z5MqFbXbFAJ"
             recordedFootage="1932689059">
            <Participants>
                <Participant name="Hh.-bAaFbsEQbWrnotpPksloF9UWX" role="music director" IPDN="tZzxLDhrJo3W32C7T5WKRrPu" performance="soloist"
                     grossFee="190355124.29" modifier="C" IPI="RzYDaEPdScBJRnptEnBAyTgvtKp" birthDate="2020-06-29"/>
                <Participant name="Hj43" role="performer" IPDN="qE_NuzZr1P2tZfuUI0d5G3l" performance="main" grossFee="836767397.49"
                     modifier="B" IPI="CgjFcwGucOB0gyKxv30Z9y" birthDate="2020-06-13"/>
                <Participant name="WmycdJ2VF4ZRAjcyoXgYk.aSEIH" role="sound engineer" IPDN="e1ZfFAhv5" performance="chorus master"
                     grossFee="345481812.24" modifier="B" IPI="MqF6aUur4zTT1_9fnFBBd" birthDate="2018-09-08"/>
                <Participant name="ur2A_UC" role="composer" IPDN="Z90m" performance="supporting" grossFee="1850134358.21" modifier="B"
                     IPI="gf1YuEkTXPcVCIbQKJzI" birthDate="2019-02-14"/>
                <Participant name="i6J-zLxHgZNguRnnmtQDW0wLZIGXQq" role="scriptwriter" IPDN="_KOIRdsorza95vsdnRXA9SN" performance="conductor"
                     grossFee="-1909898938.05" modifier="A" IPI="_7" birthDate="2018-11-24Z"/>
                <Participant name="zcnC2UwLCff1EJYF4fM" role="composer" IPDN="A8" performance="main" grossFee="1054765695.74" modifier="C"
                     IPI="D4vHY41Q.VcPcQVxCUk_" birthDate="2018-10-27"/>
                <Participant name="chE" role="remixer" IPDN="z.7tBlY8fgDecNWJq_oZThtdteRJ2u" performance="conductor" grossFee="114367892.33"
                     modifier="B" IPI="gnj2" birthDate="2019-03-08Z"/>
                <Participant name="KDNchM-G_OPHTfvE6wYtj" role="producer" IPDN="FC1l-Hp" performance="supporting" grossFee="1091434416.34"
                     modifier="A" IPI="uB9CBW" birthDate="2018-08-13"/>
                <Participant name="DhnR0" role="scriptwriter" IPDN="IdGUjWVpTtNDl2MLyaYzTaroPyyk" performance="supporting" grossFee="2138674693.80"
                     modifier="C" IPI="I_mgF2XvOkH-.dd97zws" birthDate="2019-05-01"/>
                <Participant name="n" role="remixer" IPDN="RoW7NFMeAPoafxEbtgjRPJm6zl" performance="conductor" grossFee="936214697.20"
                     modifier="C" IPI="a2-9LB4p1v2ZooMHOOdr3" birthDate="2020-06-12Z"/>
            </Participants>
        </Record>
        <Record title="EMai5VQG" spins="1183022070" ISRC="C39BU45X60K0" year="0060" producer="LOClYG-GGJF7.W-Jot" label="Cfgh0EDVVs"
             recordNo="pt24VW.9" serialNumber="gHUUZxmT3hiLPLcfYS7g9p" isPremiere="0" usage="commercial"
             ISWC="LUGQFSg" AKA="WpiIF" genre="commercial" broadcastedFrom="2020-02-21T11:21:16Z" broadcastedTo="2019-09-14T11:21:16Z"
             runtime="1680354184" origin="free usage" alternativeTitle="H1zzu7JdNrIcuHkU6k4gk23" recordedFootage="1651941393">
            <Participants>
                <Participant name="J_zZZPhExbRjdFx.FngwFN" role="composer" IPDN="Af2ozWyEyW1pFqI" performance="supporting" grossFee="692404016.43"
                     modifier="A" IPI="J_9B1rjuL0wwCTcnr02gmIng07mQx" birthDate="2020-03-17Z"/>
                <Participant name="uJch7d8-KsOpXCK6KdUKV1oQJ7ij" role="scriptwriter" IPDN="iQoSBDhzgHYjZiPAxrFi2w8UEjIWVe" performance="conductor"
                     grossFee="770475503.26" modifier="C" IPI="QK0k2-bpmk11I5" birthDate="2020-03-31Z"/>
                <Participant name="e5HBa" role="arranger" IPDN="RRS5Dajef2wP6ilrWIT" performance="soloist" grossFee="1644532937.26"
                     modifier="C" IPI="Spqg.fQKz5" birthDate="2020-06-22Z"/>
                <Participant name="KLDffPKQD1ZIP" role="arranger" IPDN="p3om7" performance="chorus master" grossFee="1723380803.90"
                     modifier="A" IPI="S_7tvx3h_kr2iLb" birthDate="2018-09-27Z"/>
                <Participant name="qXxoQrtjqnL1" role="remixer" IPDN="iaGsQA4qmMCHf-kg8Zx" performance="soloist" grossFee="-1475353889.82"
                     modifier="B" IPI="smCvFlA8k2ZSZ6jdLwmtkrY3vO" birthDate="2018-07-10"/>
                <Participant name="DxzWn-9Lnmb6TqXBzX9g9F3qnm9Hz9" role="subscriptwriter" IPDN="M_FMVbAZkw_JEdLkDarF7_zd" performance="conductor"
                     grossFee="959271458.42" modifier="B" IPI="PNxEr0aLD423wzv" birthDate="2019-09-05Z"/>
                <Participant name="epfIte0Wpa" role="subscriptwriter" IPDN="r-4" performance="conductor" grossFee="-1280290187.27"
                     modifier="A" IPI="Jg5BQOqsM.zkVwGq" birthDate="2019-11-05"/>
                <Participant name="lGM5xO3wnff_5_UpXcBtr7RrW" role="sound engineer" IPDN="pMAeNn5QSMwyMIxpt_i4J" performance="soloist"
                     grossFee="1296787072.38" modifier="A" IPI="fhvofztMO" birthDate="2019-08-20"/>
                <Participant name="jtyz.IWX" role="arranger" IPDN="cOJ2RqgxyKuz8KBS-" performance="main" grossFee="-1931406538.78"
                     modifier="B" IPI="OCUOx" birthDate="2019-04-04"/>
                <Participant name="luPgGYWES9mGWVjYLgNX" role="performer" IPDN="lZg62i1XneFehhkkwr3H3kDGzRSRg" performance="chorus master"
                     grossFee="2065685999.91" modifier="C" IPI="AfB" birthDate="2019-05-14"/>
            </Participants>
        </Record>
        <Record title="nfDhQuCHf" spins="1242914749" ISRC="5881660P9CH3" year="5648" producer="uMj1_" label="s.9-jih"
             recordNo="QZpVa5Dl6ooyw1Usz" serialNumber="bWh-mhveS-BfHKLLF" isPremiere="1" usage="broadcast"
             ISWC="IELNZSlZeKB-" AKA="HTW2wAzjNvD_pAujkh1IMgzy_r6I_" genre="commercial" broadcastedFrom="2019-02-11T11:21:16"
             broadcastedTo="2019-06-19T11:21:16Z" runtime="1825181626" origin="live stream" alternativeTitle="SijD4epyYAlfVMd"
             recordedFootage="135233268">
            <Participants>
                <Participant name="eG334J4" role="composer" IPDN="xakd26zd9IiW0oUA_07TiYGt0pmR7f" performance="supporting" grossFee="-1259047008.10"
                     modifier="C" IPI="vae6qmAlBkfGZa3r8_1nzFwTBw" birthDate="2020-03-22"/>
                <Participant name="kySDKdJl21kWu_6x" role="remixer" IPDN="BcoTZn0WoHtzOTxbVdPeiZWpbOcV" performance="main" grossFee="817777673.47"
                     modifier="A" IPI="M5yFODve8uukx9" birthDate="2019-10-16"/>
                <Participant name="D8gl" role="remixer" IPDN="lRbs8BPtSedmBNco" performance="soloist" grossFee="26028146.02" modifier="B"
                     IPI="ye8N89WbA58kl-RPTILVR8a3fztXtJ" birthDate="2019-01-12"/>
                <Participant name="_HoMks0WOBatd2" role="remixer" IPDN="JS4S.DD" performance="supporting" grossFee="-1225271348.39"
                     modifier="C" IPI="IcOYv" birthDate="2019-07-24Z"/>
                <Participant name="Z" role="sound engineer" IPDN="msKS9KXC6glvAlvfHXsi9jzzZt" performance="main" grossFee="-1335426121.88"
                     modifier="A" IPI="jL6eZtsq_H9Yh_MGGb" birthDate="2019-03-28Z"/>
                <Participant name="mbbT" role="sound engineer" IPDN="GehUUSh5.Ai" performance="conductor" grossFee="805577313.87"
                     modifier="B" IPI="LC4.iHrH_qxdUw" birthDate="2019-01-14"/>
                <Participant name="JQgb" role="remixer" IPDN="Vk82Uv_kr0dS_t" performance="supporting" grossFee="437526339.91" modifier="B"
                     IPI="G_k7O27" birthDate="2020-06-12"/>
                <Participant name="i0c8wj2.p3bVB4IL" role="sound engineer" IPDN="Hfbc1uf2BLkpm" performance="supporting" grossFee="-220651280.16"
                     modifier="B" IPI="x" birthDate="2019-02-14Z"/>
                <Participant name="d" role="music director" IPDN="m3QDEPpMKeMrh0cZyeu3-19sgJkaz9" performance="chorus master" grossFee="913499055.84"
                     modifier="A" IPI="L.S1UUcr4lHLQrIaJ" birthDate="2020-04-07Z"/>
                <Participant name="bqr_GHzqnplDe" role="scriptwriter" IPDN="JJfe8poBGbcz3cfza2" performance="chorus master" grossFee="-95825962.86"
                     modifier="B" IPI="AN57Dum3DEg59" birthDate="2019-02-12Z"/>
            </Participants>
        </Record>
        <Record title="DI92MAR6" spins="1409502205" ISRC="9ZH8261243XU" year="0192" producer="yFc8_h-CClS" label="J"
             recordNo="Mjaz8GGK_UCM_2uP2XL3" serialNumber="i2zRFWbKAj4h" isPremiere="0" usage="jingle"
             ISWC="Fdn0_G5M84CqcqVc.781" AKA="N4jvXiIdnNaHjjIl0UCBLD7_XCO1xd" genre="pop" broadcastedFrom="2019-03-14T11:21:16Z"
             broadcastedTo="2020-04-23T11:21:16" runtime="1557538259" origin="free usage" alternativeTitle="WYAlkTY3HjWQpDPU_SigSNAilR"
             recordedFootage="541688813">
            <Participants>
                <Participant name="fLc_HTj6.0mdd8KO" role="sound engineer" IPDN="eD" performance="soloist" grossFee="992505354.67"
                     modifier="C" IPI="jxxrqWPg3" birthDate="2018-07-15"/>
                <Participant name="hk_UuuZvD.byajbTlkMh" role="composer" IPDN="Tug" performance="chorus master" grossFee="-471876746.92"
                     modifier="B" IPI="TgAy30iQRNCBh" birthDate="2018-10-28"/>
                <Participant name="bqHYc1qGl06qbK9dqUT.BB" role="sound engineer" IPDN="YVoeR5G8h5ajRjWWIHLRgry" performance="soloist"
                     grossFee="-412726345.08" modifier="C" IPI="r9w9NRB3UGC.UECT1dF-hXd" birthDate="2018-11-22Z"/>
                <Participant name="unLRVc8lVumt" role="music director" IPDN="A57xxzJiUM1Lwcexi2h" performance="supporting" grossFee="402437462.45"
                     modifier="C" IPI="KoQm9SPP5f1Wnoft" birthDate="2018-09-11Z"/>
                <Participant name="pqEZLraAPbBL3" role="subscriptwriter" IPDN="JQCVlV" performance="main" grossFee="-1642507313.11"
                     modifier="B" IPI="FHxIYf" birthDate="2019-05-15"/>
                <Participant name="fq.jZI9hlC7hm6E" role="performer" IPDN="kA" performance="main" grossFee="329304774.84" modifier="A"
                     IPI="qeyQEe-cCLDsqkat" birthDate="2020-04-02Z"/>
                <Participant name="p5cBgothF4ekZwfz_U4Www-TB" role="producer" IPDN="poPt4KSqqIcloJjb45h-geB0p" performance="supporting"
                     grossFee="1695948780.87" modifier="C" IPI="U_PBqBQsGm" birthDate="2020-05-17"/>
                <Participant name="aLT2L-V2mlSpXmFTMK8VenXqN6" role="scriptwriter" IPDN="gy" performance="chorus master" grossFee="1734083143.52"
                     modifier="A" IPI="YoU9EU6P2iwEmu" birthDate="2019-12-09Z"/>
                <Participant name="HaK92EZ2XOxRojixH" role="composer" IPDN="i42R" performance="supporting" grossFee="-1298157174.61"
                     modifier="C" IPI="NeIAiDPrxQ71DScGk" birthDate="2019-08-02"/>
                <Participant name="rqL5H5VPNa.U0" role="remixer" IPDN="AKXxrw_1qB" performance="soloist" grossFee="-1977737000.62"
                     modifier="B" IPI="_QihBiCxKi" birthDate="2018-11-04"/>
            </Participants>
        </Record>
        <Record title="N" spins="1833626949" ISRC="O0Q7BV0V5194" year="9859" producer="mHgrZToD1mJyMwz9JJz7defGeQeuK"
             label="iozs" recordNo="ue673Gxeslwo" serialNumber="CB4tZa5fZRJ_HUUW8tfC0_" isPremiere="false"
             usage="commercial" ISWC="X" AKA="m1q" genre="commercial" broadcastedFrom="2018-12-13T11:21:16Z"
             broadcastedTo="2018-07-26T11:21:16" runtime="859417373" origin="commercial" alternativeTitle="w"
             recordedFootage="1771091019">
            <Participants>
                <Participant name="SFeXqgWuyh6ID.yJ.2wLC2D0BfnD" role="arranger" IPDN="ocV" performance="chorus master" grossFee="1429308657.52"
                     modifier="A" IPI="Se" birthDate="2019-11-17Z"/>
                <Participant name="v-kBVM_5m4Kouvny9FvtBbFQf" role="subscriptwriter" IPDN="wB1sZmi43cHl6yY0f8tMbVaTzzuY" performance="chorus master"
                     grossFee="-1765891265.82" modifier="C" IPI="wS_rjSYqVtI" birthDate="2020-06-20"/>
                <Participant name="v6Sh1mR7ve" role="performer" IPDN="Ny9wXpTxoL5FyCo" performance="main" grossFee="-1353434153.94"
                     modifier="A" IPI="FBLeZm4hKjR0jn14" birthDate="2018-11-27"/>
                <Participant name="jW.vhKx8RjQB.E" role="subscriptwriter" IPDN="M_C" performance="main" grossFee="-977581549.00"
                     modifier="B" IPI="wqTG9vJrK1fLqNyaw" birthDate="2019-01-10"/>
                <Participant name="EkxjC-lHAIHgaJKqK6.kfnh9Ih" role="remixer" IPDN="IxlBTv" performance="main" grossFee="1267715498.04"
                     modifier="B" IPI="vpCIsCi19VhVK-3ryGPRg-aMEY" birthDate="2018-10-14"/>
                <Participant name="WE3" role="subscriptwriter" IPDN="j74n" performance="soloist" grossFee="-1084196056.73" modifier="A"
                     IPI="xAtwzet4gXXHTGksyucV45dX" birthDate="2019-10-05Z"/>
                <Participant name="vVJDT6" role="music director" IPDN="Na" performance="chorus master" grossFee="359910186.83" modifier="B"
                     IPI="V" birthDate="2018-11-24Z"/>
                <Participant name="Eb1" role="remixer" IPDN="zvpCTwYEfz.WrdP" performance="supporting" grossFee="-1573095462.07"
                     modifier="C" IPI="ObqOxQUDT4QfuUEu0W5pll" birthDate="2018-08-12"/>
                <Participant name="AMgPrODKhoZ-" role="sound engineer" IPDN="QHUf4WoVQXzazANFuE" performance="conductor" grossFee="-138790515.14"
                     modifier="A" IPI="F" birthDate="2018-09-17Z"/>
                <Participant name="Ck8tHhJULT" role="music director" IPDN="Sm75Zfx0GLxcwl5WvRVo2HYt_2s" performance="main" grossFee="-1341235384.79"
                     modifier="B" IPI="skYSfnPyiHh0mYiY5VC-brS" birthDate="2020-03-04"/>
            </Participants>
        </Record>
        <Record title="Zwga" spins="1937771052" ISRC="2Z2AX37B83W8" year="9482" producer="qNp5o2OHox2mhV28kZMuSXaTIz94Jk"
             label="YAtfjy" recordNo="CocIbLEEHfI" serialNumber="PRwp7ZC3btpkEBd" isPremiere="true" usage="commercial"
             ISWC="ODJaO4PgZ2.Iy.w" AKA="awDa2SQ" genre="composed" broadcastedFrom="2019-02-06T11:21:16Z"
             broadcastedTo="2019-05-07T11:21:16" runtime="1827387149" origin="free of charge" alternativeTitle="r0pxmX_uY5.7REwcOOWRBONxq1hh"
             recordedFootage="432911082">
            <Participants>
                <Participant name="rW3XY00ZEO8" role="sound engineer" IPDN="BpMfzsCw4AGi" performance="conductor" grossFee="1151764924.31"
                     modifier="C" IPI="VZQN_33K0LWDZhsNIOwghUaVGQo" birthDate="2020-03-22Z"/>
                <Participant name="jg-kLFG1CzDdZHhMx" role="producer" IPDN="w" performance="chorus master" grossFee="-108034758.35"
                     modifier="B" IPI="U-.EMPip" birthDate="2019-10-16Z"/>
                <Participant name="n4dY47KZAi_ZeKd5d6qIBs3DGn" role="remixer" IPDN="r" performance="supporting" grossFee="1450515275.85"
                     modifier="B" IPI="Q2XxHjb4X0onJK8vxsl" birthDate="2018-08-20Z"/>
                <Participant name="MDRrnhmrPT" role="remixer" IPDN="Nq4lZS6.iE9OixP9jy" performance="soloist" grossFee="762693595.93"
                     modifier="A" IPI="b" birthDate="2019-08-14Z"/>
                <Participant name="pjI5ntkI8" role="sound engineer" IPDN="GW" performance="conductor" grossFee="1874618650.55" modifier="C"
                     IPI="mSuQgs6Q0Ey1lXHXW" birthDate="2018-09-29Z"/>
                <Participant name="z9CvtL5RSvH_TA_L7w-J" role="producer" IPDN="CCAQJjQC0l.r3pwXAmW1" performance="chorus master"
                     grossFee="-564575309.95" modifier="C" IPI="I-F0arzSgBgefasqMOYxAe" birthDate="2019-02-14"/>
                <Participant name="gTlmKZszkev0FldoxApg" role="producer" IPDN="BsslG88IvGrqSSASramLbAK" performance="soloist" grossFee="2125074043.59"
                     modifier="B" IPI="ZRsiKUb" birthDate="2020-01-13"/>
                <Participant name="SPeW.Yn8" role="composer" IPDN="sN0jUxIA8x_1JOHReFdXry2" performance="supporting" grossFee="211530029.27"
                     modifier="B" IPI="YkcxWEgALA9mjJ" birthDate="2018-07-19"/>
                <Participant name="kim" role="scriptwriter" IPDN="stZranosVrc-DL0-H-" performance="soloist" grossFee="1506037758.48"
                     modifier="C" IPI="geGeYxGbwGYz99" birthDate="2019-05-01"/>
                <Participant name="a7P_iYdO" role="sound engineer" IPDN="NMqPbDgpgXF5EYUFPDk3gLFQ8" performance="chorus master" grossFee="761530105.58"
                     modifier="A" IPI="fO5cdPx0R9nQ.78xpz-rhedoo" birthDate="2018-12-16Z"/>
            </Participants>
        </Record>
        <Record title="rO" spins="1280080556" ISRC="R37L92R4HPD2" year="3716" producer="Fgd0Q9gu7" label="jMtnsTY81_cUIWbyScY06ibSOGoK"
             recordNo="bpN7_owN4iKiHP" serialNumber="vHt5jOu" isPremiere="true" usage="jingle" ISWC="Ktc"
             AKA="pl3D6hGQs2d4zQ.Wi93zQXije16SB" genre="classical" broadcastedFrom="2020-03-15T11:21:16Z"
             broadcastedTo="2019-10-12T11:21:16" runtime="1316424082" origin="commerce" alternativeTitle="E.Jj1Kne0RNPXJDdrk"
             recordedFootage="1374921487">
            <Participants>
                <Participant name="qdeP" role="producer" IPDN="B8thi_L_osGiQ" performance="main" grossFee="-1673684130.68" modifier="A"
                     IPI="Jnd" birthDate="2020-05-05"/>
                <Participant name="m1uhVYs" role="remixer" IPDN="vzqj15CSD" performance="main" grossFee="-1325586402.92" modifier="C"
                     IPI="EMFVl5kedW6" birthDate="2018-12-10Z"/>
                <Participant name="bhZ" role="arranger" IPDN="NYZaNrZcEi5AkPd9fWr" performance="supporting" grossFee="244898536.57"
                     modifier="A" IPI="DUk7AjwI3z2epD4gQ" birthDate="2018-08-11"/>
                <Participant name="RFgVK.20yz.Dm" role="producer" IPDN="ir14ed42dpl8aEW4Q3N0epb_g0" performance="chorus master" grossFee="427500312.74"
                     modifier="A" IPI="VFs74S3OY" birthDate="2018-11-08Z"/>
                <Participant name="utQqawXRiIqZUjdEynL" role="arranger" IPDN="PkJmEIa.89h1nu" performance="chorus master" grossFee="1998119007.38"
                     modifier="B" IPI="CeZ.TML7A_J" birthDate="2018-11-12"/>
                <Participant name="D9" role="sound engineer" IPDN="rPOVviFDYd6" performance="supporting" grossFee="587899212.03"
                     modifier="C" IPI="a6r3a" birthDate="2019-06-23"/>
                <Participant name="I" role="composer" IPDN="W" performance="soloist" grossFee="933328947.78" modifier="C" IPI="sKx5qyC-"
                     birthDate="2019-12-05Z"/>
                <Participant name="hhwYyVmYz2re5TSKD2MbkRd80" role="composer" IPDN="DWT.pplD-BsusqWI" performance="conductor" grossFee="-815456751.07"
                     modifier="B" IPI="xxFdT.pLh5qt" birthDate="2020-01-09"/>
                <Participant name="mIc8vDn1" role="producer" IPDN="aSZ" performance="main" grossFee="-1519717.33" modifier="C" IPI="aZiqUtkf4BNhWYdhcqsi4e9"
                     birthDate="2019-08-11"/>
                <Participant name="Ghl-cUuAI0c6k0yup238" role="scriptwriter" IPDN="l8pOUr_L-JaFi" performance="supporting" grossFee="-1545716324.00"
                     modifier="C" IPI="DPko5W6" birthDate="2019-09-19"/>
            </Participants>
        </Record>
        <Record title="C2OjN" spins="714056715" ISRC="1JT4Z197UCK3" year="3950" producer="a3cL9KET.zEcFtLp-XRmt" label="QvvJN9yeV2sH5"
             recordNo="hsVWSsrbAZWY" serialNumber="CDaxAkv-5Mn55" isPremiere="false" usage="broadcast"
             ISWC="ECM18j6hA46DSXvulaRALY.y" AKA="nhI" genre="jingle" broadcastedFrom="2019-01-13T11:21:16Z"
             broadcastedTo="2019-10-31T11:21:16" runtime="1578169144" origin="report" alternativeTitle="oh4lLgllwrZWQJ_C5lBT.s"
             recordedFootage="337268375">
            <Participants>
                <Participant name="FK" role="subscriptwriter" IPDN="lsVXpagb8xeYJ6JGFbViwlbjixUzt" performance="main" grossFee="-2068881030.96"
                     modifier="C" IPI="KCqrnVtNdp-c_zmmDWc" birthDate="2018-09-11Z"/>
                <Participant name="Qpo21cQjE-9xDIcrXe" role="performer" IPDN="p3acHLuGmzNz" performance="conductor" grossFee="1641691896.54"
                     modifier="B" IPI="XatiuSiyIjqqlZr" birthDate="2020-06-15"/>
                <Participant name="S65Pu" role="composer" IPDN="SmAIMIi-3" performance="soloist" grossFee="-1384307361.78" modifier="C"
                     IPI="_EupUnRUruC6LM" birthDate="2020-02-05Z"/>
                <Participant name="j3" role="music director" IPDN="kkly9ecyQI2-6GTN2wL" performance="main" grossFee="1393733127.85"
                     modifier="B" IPI="AK3usdp_0oY" birthDate="2020-04-06"/>
                <Participant name="ttSw7vwKSNM78DewLlcIZ" role="subscriptwriter" IPDN="XEDa4Qb8mPy6Cqok" performance="main" grossFee="342061237.28"
                     modifier="C" IPI="jJGXYCOLBtfAS" birthDate="2018-10-18Z"/>
                <Participant name="wi8pTOnr8oG" role="arranger" IPDN="G_6" performance="main" grossFee="1053084980.87" modifier="B"
                     IPI="eGve_s" birthDate="2019-05-08"/>
                <Participant name="v2hQuTRbDWf6axgBL7KP.6DOYCe" role="composer" IPDN="n09e1NnE1ai" performance="supporting" grossFee="483871453.89"
                     modifier="A" IPI="IOdxxr.5Yoa" birthDate="2020-02-26Z"/>
                <Participant name="ahV6Y2uPYPmjO2fWubwt98" role="subscriptwriter" IPDN="uhvZFw4xM0kelIEeOay1a8_" performance="supporting"
                     grossFee="-1073996525.73" modifier="C" IPI="VOI0Uk9hnOEoxd0F0KztvqFvPg.xFn" birthDate="2018-07-20Z"/>
                <Participant name="pLLKI_GeLZ_0RxOIU-y6Z0Y_7W" role="subscriptwriter" IPDN="nWJmOyZZ_Ru-b" performance="chorus master"
                     grossFee="634280909.15" modifier="B" IPI="RNlPf0b" birthDate="2020-05-12Z"/>
                <Participant name="LcZywH8h_.xasYsyRDfk1jcD9cD" role="performer" IPDN="A-uNbY" performance="conductor" grossFee="-430930397.35"
                     modifier="B" IPI="s" birthDate="2020-01-30Z"/>
            </Participants>
        </Record>
        <Record title="CL7f6N9g" spins="1399455950" ISRC="3AD96281K16W" year="4113" producer="w2JeSA8o-" label="i.nnCABh6mQkX5tzP_xyZD3z"
             recordNo="QbVG9-E_" serialNumber="zfpZ7qNwNkGFou_t8u" isPremiere="1" usage="broadcast" ISWC="cKKukfZy1PYgM9QnUcfSahMLiUwdi"
             AKA="rEI" genre="jingle" broadcastedFrom="2019-07-15T11:21:16" broadcastedTo="2019-12-25T11:21:16Z"
             runtime="1794907524" origin="self" alternativeTitle="jmioYucLgiKAmeCcND2" recordedFootage="2009010665">
            <Participants>
                <Participant name="hgo8" role="performer" IPDN="DTigWONZxs61wp-ja" performance="supporting" grossFee="-84167374.41"
                     modifier="A" IPI="MiYwTNNoXUqi7zGGcp.g" birthDate="2020-05-19Z"/>
                <Participant name="_qrEawTzB3I0" role="scriptwriter" IPDN="nKB4" performance="soloist" grossFee="-235882767.58" modifier="C"
                     IPI="G3li.Qm14stEPX" birthDate="2018-08-03"/>
                <Participant name="TyuHO87AGdWR.yG41WDwJPOfS4n" role="sound engineer" IPDN="_AXGg_vEg7" performance="soloist" grossFee="110963107.12"
                     modifier="C" IPI="dC582dq4GfeI-x360GsW3w2" birthDate="2019-11-09Z"/>
                <Participant name="Z" role="remixer" IPDN="HBgcsZUd6zZBwbr" performance="main" grossFee="1021877091.87" modifier="C"
                     IPI="qjE8KjAbDnZZpLGwB" birthDate="2020-01-23Z"/>
                <Participant name="luZ6ria3u6axY6Gzn615C" role="sound engineer" IPDN="JUSsTlfk6" performance="conductor" grossFee="591292285.95"
                     modifier="A" IPI="INOgge.B_nZO" birthDate="2019-01-21Z"/>
                <Participant name="pJBRL2hQP" role="scriptwriter" IPDN="G4Ym_" performance="conductor" grossFee="802020820.65" modifier="C"
                     IPI="YOvAX2jN0vpLTCPD" birthDate="2019-09-04"/>
                <Participant name="qN" role="arranger" IPDN="ZifEEPjGw2aLU73Fo" performance="soloist" grossFee="862036209.86" modifier="A"
                     IPI="spDc2ShcyvvySCRcpf" birthDate="2019-11-15Z"/>
                <Participant name="ZZIQ1" role="arranger" IPDN="Izgf3V-" performance="soloist" grossFee="-1441413804.25" modifier="A"
                     IPI="Heu7CV" birthDate="2018-08-08"/>
                <Participant name="PxP3AZ7wbuGpB9y" role="arranger" IPDN="Bm4ZrNZ_Za6fOT" performance="soloist" grossFee="-1588217655.06"
                     modifier="C" IPI="p1sv_4" birthDate="2018-09-25Z"/>
                <Participant name="i8mt3jBDTRTxl.uK.sLF4" role="composer" IPDN="d3sB9EUDFKmt" performance="soloist" grossFee="-1509167907.01"
                     modifier="B" IPI="dck7ckFYHR6I9YrBYIRj0txRHbzu" birthDate="2018-10-25"/>
            </Participants>
        </Record>
        <Record title="f" spins="453080248" ISRC="12045D39C51Q" year="4964" producer="iWsVQ" label="AcNXbYJ0mZptAQeHrnHamUlBfHh"
             recordNo="u_YuvR7cAvmWuB-4EmDRYW." serialNumber="iT6O7" isPremiere="true" usage="jingle"
             ISWC="T6qywFi7ArUYIAWUp1" AKA="ULEmwT" genre="spoken word" broadcastedFrom="2019-04-18T11:21:16Z"
             broadcastedTo="2019-11-13T11:21:16" runtime="1691320235" origin="live broadcasting" alternativeTitle="Kpr_hf2FvPY9FZtEZU7zDEKrRlOn-N"
             recordedFootage="623406898">
            <Participants>
                <Participant name="FWlR" role="producer" IPDN="nTNrvWXUKsEIAajOz4M" performance="conductor" grossFee="1068896938.42"
                     modifier="A" IPI="JFeJKWInks." birthDate="2019-06-20"/>
                <Participant name="WQI5X" role="scriptwriter" IPDN="fOwOQOycURDXNdSKw5c7Q0Qhj" performance="conductor" grossFee="1547183331.36"
                     modifier="A" IPI="XP1WI2jJJKFC0kS.Ob" birthDate="2018-12-27Z"/>
                <Participant name="NNN6QJdl.ZogeLxtUMc43Z7" role="music director" IPDN="swHejI.hhs.UQy_4rpVBICJG-s_W3" performance="supporting"
                     grossFee="1508846251.43" modifier="C" IPI="IGyyX22.hGm6X65" birthDate="2019-06-06"/>
                <Participant name="uuq4SNnInpDW9v7smeJ1vtx" role="producer" IPDN="k-UCdLdyu3Ato6G15TNtahWmn2Ke" performance="main"
                     grossFee="-170863904.89" modifier="C" IPI="V" birthDate="2018-08-20"/>
                <Participant name="_" role="composer" IPDN="pRJlvQMjk" performance="main" grossFee="-419563598.92" modifier="A" IPI="kBQyh.r"
                     birthDate="2020-06-04Z"/>
                <Participant name="S7oGKIMXuZaQXqfS08iFy" role="music director" IPDN="jndNRkRvv" performance="main" grossFee="-278463346.57"
                     modifier="A" IPI="DNv" birthDate="2019-06-05Z"/>
                <Participant name="fryGjrxXKdgWe2fUKIa1hSo" role="producer" IPDN="mj4n4._u0" performance="conductor" grossFee="1861459229.97"
                     modifier="B" IPI="x7FoHhR904CJPTi" birthDate="2019-04-15Z"/>
                <Participant name="cb3VziOPwAPckixu519" role="sound engineer" IPDN="CgiBG4KpJNqrwxJ" performance="chorus master"
                     grossFee="-1097199371.70" modifier="B" IPI="qbE.QpKkbWeJJykj7" birthDate="2018-11-26Z"/>
                <Participant name="fQFdpmCCnMdbqS_y..qoiK0zBp" role="composer" IPDN="J_V" performance="chorus master" grossFee="1459291445.64"
                     modifier="C" IPI="W" birthDate="2019-08-04"/>
                <Participant name="m-yM5QS" role="subscriptwriter" IPDN="zgzUiqx1-2lPUX" performance="conductor" grossFee="-1324354443.97"
                     modifier="B" IPI="JHSMmF8xZv" birthDate="2020-01-14"/>
            </Participants>
        </Record>
    </Record>
    <Record title="XSrkPY" spins="1318256082" ISRC="W037R0K47GG3" year="3631" producer="txsw4zX2UujOPDIqCQ" label="j2v3mj2JuU0PJpc1kqh"
         recordNo="EBosLXWZjXnMDqfQrAH" serialNumber="i4eXn0NY" isPremiere="true" usage="commercial"
         ISWC="ZkSFF" AKA="NvJrxkIMx7I2" genre="jingle" broadcastedFrom="2018-07-29T11:21:16" broadcastedTo="2019-07-11T11:21:16Z"
         runtime="193544891" origin="live stream" alternativeTitle="kBpTqd1S5MVI0YFyr1J4yoc_" recordedFootage="91968013">
        <Participants>
            <Participant name="qS" role="performer" IPDN="LuuhJ7tQ-1Iw" performance="supporting" grossFee="1792555013.65" modifier="B"
                 IPI="sYzrHyi" birthDate="2019-07-26"/>
            <Participant name="r6gwL146M9bF58cW.lMWLU-x0JT91" role="composer" IPDN="MtQ" performance="conductor" grossFee="1297975748.54"
                 modifier="C" IPI="r8" birthDate="2019-07-19Z"/>
            <Participant name="jUBS0t5SGb__IQnnGMMsMiznu3Y" role="performer" IPDN="n-wpYbxRczI4lj__fllrf0Xt" performance="supporting"
                 grossFee="221255728.17" modifier="C" IPI="lHXUnWtP2IyrOWoMB1x_Vp09I1c" birthDate="2020-05-02Z"/>
            <Participant name="A9NeRpy1rL5J6Yrv1mvW9U6I" role="composer" IPDN="te8kKXc7Ncm0MYXrY" performance="chorus master"
                 grossFee="-1406593646.78" modifier="A" IPI="Ogn6kP3" birthDate="2018-11-09Z"/>
            <Participant name="CPl7PXqNzADkHcUh2Lq-p" role="remixer" IPDN="vpAdbpRppcmv2lSBRjnaKvf" performance="conductor" grossFee="-1182475891.69"
                 modifier="C" IPI="n1y0NGDvM" birthDate="2019-09-12"/>
            <Participant name="za" role="music director" IPDN="lE" performance="conductor" grossFee="1965167376.06" modifier="C"
                 IPI="ZWE_mb336k0jKnt" birthDate="2018-09-10Z"/>
            <Participant name="_mqq0uo8XWpgC3-Sa-M3_GKTWr" role="producer" IPDN="mQzoF0" performance="supporting" grossFee="-1879568518.17"
                 modifier="B" IPI="RK6bplvcjImbNk" birthDate="2019-11-16Z"/>
            <Participant name="GJICjuBx0-hG95kk" role="composer" IPDN="bXFqJyOALASc" performance="supporting" grossFee="-744975180.56"
                 modifier="B" IPI="MQXGbn8e" birthDate="2018-09-30Z"/>
            <Participant name="imHw12bCSj" role="music director" IPDN="icr84rkzdZqeviqdHDMd9" performance="supporting" grossFee="-862196782.19"
                 modifier="A" IPI="ySD94_.ez" birthDate="2020-04-07Z"/>
            <Participant name="giFxZ-lbk4" role="remixer" IPDN="eeOVsC25CV0166kQe_cM4cLg" performance="soloist" grossFee="1568015013.99"
                 modifier="B" IPI="ny2bNZJQxkTBWwZSZYzpmDAML24" birthDate="2019-01-20Z"/>
        </Participants>
        <Record title="xdTNTjAuoXTKdCCcFNad7588N" spins="1394848767" ISRC="FH47IG4409O3" year="4167" producer="NtWtU_yCbf.vrQKZGJjE"
             label="HgY56l7tLXoBDTlY7XmnEa.B_kUBSV" recordNo="lapiwtDkohxu6jFM75u9qKOi" serialNumber="_p4FTWvtKbi"
             isPremiere="1" usage="broadcast" ISWC="Eq3vFDjY9q-" AKA="pyR9yx8B-uSG" genre="classical"
             broadcastedFrom="2018-11-28T11:21:16Z" broadcastedTo="2018-09-13T11:21:16" runtime="515858124"
             origin="recorded stream" alternativeTitle="eW3PPkri" recordedFootage="1713397687">
            <Participants>
                <Participant name="_C5ZlOYxsm" role="composer" IPDN="qTYSrwde" performance="chorus master" grossFee="38970171.92"
                     modifier="C" IPI="g-6Ud" birthDate="2018-09-28Z"/>
                <Participant name="qeyvR0y.Nt_qyNLHm" role="composer" IPDN="HNdi5ygza6-E-deezZ7P5Q" performance="soloist" grossFee="879423489.60"
                     modifier="B" IPI="neIVZJA-YrXEO5.C1HFAybd" birthDate="2019-11-14"/>
                <Participant name="nd5XSRGvik183Y595L7xOTmm" role="sound engineer" IPDN="H6fso" performance="soloist" grossFee="1492624536.57"
                     modifier="B" IPI="LrXA.q_" birthDate="2020-03-12Z"/>
                <Participant name="lGf.-3KuBWhlag" role="arranger" IPDN="d9T0Hd-n1" performance="chorus master" grossFee="1631924734.75"
                     modifier="C" IPI="pDrXjPGOXTL8S." birthDate="2020-06-27Z"/>
                <Participant name="PlI4ytLTRIQgkk" role="arranger" IPDN="q7c6p9FnEU" performance="conductor" grossFee="-1105040433.01"
                     modifier="B" IPI="bP3BNdUQW" birthDate="2018-08-31Z"/>
                <Participant name="c0L5EZycFi" role="sound engineer" IPDN="hL_gKZXwD0Cco" performance="main" grossFee="-173749409.92"
                     modifier="B" IPI="a6eHxI94KJF6WcQmJV2iAM" birthDate="2019-07-03Z"/>
                <Participant name="oNfE." role="remixer" IPDN="lxcc" performance="chorus master" grossFee="-1446781675.67" modifier="A"
                     IPI="k7nvEeGcWyLxNiH5i-" birthDate="2018-08-16Z"/>
                <Participant name="Q0n-Eobb9rO0x_" role="producer" IPDN="jiqLOF4PMI8c5mTa" performance="supporting" grossFee="-232765124.74"
                     modifier="A" IPI="sQQpJze47LyJ34s4Ro2Sv5hJvGU6U" birthDate="2020-03-31"/>
                <Participant name="a" role="remixer" IPDN="wGDZjLDbSRkhYE06XJ4" performance="conductor" grossFee="-196125355.10"
                     modifier="B" IPI="adfhSziKWdIC" birthDate="2018-08-24"/>
                <Participant name="Ng-dVN" role="music director" IPDN="fjr_BvFj3ckw5pGzw" performance="chorus master" grossFee="-1851974378.55"
                     modifier="C" IPI="PjW8qfo6r7W" birthDate="2019-06-02Z"/>
            </Participants>
        </Record>
        <Record title="YJgjqNZ" spins="2133975176" ISRC="3288970B61SA" year="0769" producer="muxsIPlUCwSUetTgxNv" label="zdDXYBBlWs"
             recordNo="pYiRas9Dx1yKp" serialNumber="a0XE7Ek" isPremiere="false" usage="broadcast" ISWC="wC4Ajvx72Lv.UXhIe"
             AKA="obPxyLqjJS" genre="pop" broadcastedFrom="2019-12-26T11:21:16Z" broadcastedTo="2018-10-25T11:21:16"
             runtime="1929342137" origin="recorded stream" alternativeTitle="ZHKhNkNuXCVJGGxFH8h5" recordedFootage="1525861329">
            <Participants>
                <Participant name="fxIwl_0N" role="performer" IPDN="E" performance="soloist" grossFee="-1219973679.80" modifier="B"
                     IPI="r0RoxZagQ.PBDZGfLnZSu1V9OokPb" birthDate="2020-05-27"/>
                <Participant name="moj0u61GUhGEI31Cc8.7I" role="scriptwriter" IPDN="D8r" performance="supporting" grossFee="-1806064553.91"
                     modifier="B" IPI="n1-wryPc" birthDate="2019-02-06"/>
                <Participant name="qESuTP2lz" role="arranger" IPDN="_mC11qjmFxecLXbtQEu" performance="supporting" grossFee="2021383975.61"
                     modifier="A" IPI="tkvFXqth7uATk2LmWYXRZqHTn.p" birthDate="2020-06-21"/>
                <Participant name="PV" role="arranger" IPDN="h" performance="main" grossFee="1175584043.02" modifier="A" IPI="C"
                     birthDate="2019-03-26"/>
                <Participant name="dq5wT" role="sound engineer" IPDN="X9bc" performance="conductor" grossFee="-539820690.09" modifier="B"
                     IPI="VohKw" birthDate="2019-03-01"/>
                <Participant name="wc1fsj81FJQJCjKPlzLC" role="sound engineer" IPDN="xuUewaf8san0TEfqK4Se5" performance="supporting"
                     grossFee="-788974243.41" modifier="B" IPI="TnT9.ciQJ1pb7lxkO5" birthDate="2018-11-14"/>
                <Participant name="tCmyzJn4ou" role="remixer" IPDN="G4_dG2dVsNsTrNOJ6rsQ0" performance="soloist" grossFee="-653263848.85"
                     modifier="C" IPI="m_0c" birthDate="2020-02-10"/>
                <Participant name="f6AgYUARXno-zNOFa6TdfzPMUfwA" role="composer" IPDN="yLAjjW5_EXBMKNuSNG" performance="soloist"
                     grossFee="-1897029158.65" modifier="A" IPI="eTNPU" birthDate="2019-03-01Z"/>
                <Participant name="q.A6pz.h6bhPyRkadg9KhfKoPC" role="sound engineer" IPDN="bPjYR2zWIzM5tABLECnGHDn" performance="supporting"
                     grossFee="-1753969129.81" modifier="A" IPI="pYAS01ft" birthDate="2019-05-26Z"/>
                <Participant name="pmx2OvXg5w" role="performer" IPDN="iHi8PtuC8PTQDfTCyb1sLnTqxR" performance="soloist" grossFee="1068205768.64"
                     modifier="A" IPI="db2k-Dg-YKRvm" birthDate="2020-06-18"/>
            </Participants>
        </Record>
        <Record title="P" spins="1479501068" ISRC="75L68Z8MVG4S" year="5982" producer="Xx.H3zHMcT" label="QSF6FRpnulxYnTYuEOoA"
             recordNo="rrXodaJ7LPj1" serialNumber="g7xQ" isPremiere="1" usage="broadcast" ISWC="fsQvH"
             AKA="qw" genre="jingle" broadcastedFrom="2019-12-18T11:21:16Z" broadcastedTo="2019-03-23T11:21:16Z"
             runtime="1381876864" origin="free of charge" alternativeTitle="RKEo-rMP" recordedFootage="893395059">
            <Participants>
                <Participant name="ZOa" role="sound engineer" IPDN="fYzT9PHOL4wvtIli0zmiVihFNN" performance="main" grossFee="1156286058.27"
                     modifier="A" IPI="IF6vsznBJCG__.dBrNX" birthDate="2019-02-13"/>
                <Participant name="nkqHIOoNbtXqfOY_cT" role="arranger" IPDN="fQ_9Oui481-ceTT" performance="conductor" grossFee="1506701904.86"
                     modifier="A" IPI="nlppebFU" birthDate="2018-11-28"/>
                <Participant name="DcRI8ooiabEmQbsvvA-a6BwtHk" role="subscriptwriter" IPDN="hXrRttlHEuksz-WOWUB" performance="chorus master"
                     grossFee="-565381653.71" modifier="A" IPI="lgjKt9TG" birthDate="2018-11-11Z"/>
                <Participant name="XFdYnLcZ.sOV2747AGyPnG4" role="arranger" IPDN="a-Sm" performance="supporting" grossFee="-1793217248.76"
                     modifier="B" IPI="yKYXCbL1wpS3MXddEPGXfHxa0JCX" birthDate="2019-04-04Z"/>
                <Participant name="sUwRl.GvtU-B2jw_xdb" role="composer" IPDN="YTVBz64" performance="main" grossFee="-605283582.77"
                     modifier="B" IPI="Zbt5lba15lUiF49Z" birthDate="2018-07-19"/>
                <Participant name="cfgF6v" role="music director" IPDN="xb" performance="soloist" grossFee="1191581340.29" modifier="A"
                     IPI="lhvcRQSQ8Owx9w" birthDate="2019-07-19"/>
                <Participant name="JfKvNWzGgswbA6Bg-TsFOzY" role="music director" IPDN="hPavHLnYg45gJr7k0AuGHw" performance="main"
                     grossFee="540851052.64" modifier="C" IPI="Yfr4dYsnRa1VvrbUYd1F" birthDate="2018-08-30"/>
                <Participant name="fWPR8bxT3_PB0E-N.m9sXzY6tZadM" role="composer" IPDN="sgePH8.Bf2q" performance="main" grossFee="1750784153.81"
                     modifier="A" IPI="hHsO11PJEcbESmYdx" birthDate="2020-06-29Z"/>
                <Participant name="y8qa5mRhF48OXaLj" role="composer" IPDN="eCZe4pUHV_ldW.y3q.5Y" performance="supporting" grossFee="57825936.16"
                     modifier="C" IPI="hb5BqBF1" birthDate="2019-06-11"/>
                <Participant name="tpt3q8o8oGRX6UTGitz5AE.7s0yQv" role="composer" IPDN="on0" performance="chorus master" grossFee="1286821068.73"
                     modifier="B" IPI="p_" birthDate="2019-04-28"/>
            </Participants>
        </Record>
        <Record title="SBB0N" spins="413782009" ISRC="162FMXEBUGAW" year="8660" producer="REFEEuvU7t.7" label="oH3APM"
             recordNo="GbkMF2DoFuQtqdaitr-UHjhv" serialNumber="_MtwWFC8eP.-TEP6u-YT5nV" isPremiere="1"
             usage="commercial" ISWC="QJYzsIy77" AKA="mt6V30wWIK4ViUH6M8XM" genre="classical" broadcastedFrom="2019-07-22T11:21:16Z"
             broadcastedTo="2019-11-23T11:21:16Z" runtime="364648195" origin="free of charge" alternativeTitle="eY"
             recordedFootage="390780281">
            <Participants>
                <Participant name="EiZYh6pT68wT21wsrQbR8CBawiOi" role="arranger" IPDN="WPOesKjCm0XjLfTMXPcE63RQ7bT" performance="conductor"
                     grossFee="1394874507.90" modifier="C" IPI="lWKoJvsk-" birthDate="2019-01-23Z"/>
                <Participant name="g-mw3soDEnCwFiexft" role="arranger" IPDN="RSO09N5lnWmC6qQMszY" performance="conductor" grossFee="-491661076.66"
                     modifier="B" IPI="ZDDLP7LleVvkPjMt-5gGlWOJ-z" birthDate="2018-10-13Z"/>
                <Participant name="RhR3TBU2j_mQW7T.CYsXhR3yzE3UDi" role="remixer" IPDN="zZ2lfTtBGeM" performance="chorus master"
                     grossFee="1844548924.72" modifier="B" IPI="rqxTuZ5" birthDate="2019-11-06"/>
                <Participant name="m" role="arranger" IPDN="r9jj4JQl" performance="soloist" grossFee="-1503357511.93" modifier="C"
                     IPI="R5dyZl5lSqQPIQQ-nWiTpf5" birthDate="2019-10-20"/>
                <Participant name="tOwUQ" role="music director" IPDN="maJYd_6GSls" performance="main" grossFee="63929152.86" modifier="A"
                     IPI="odfpL" birthDate="2019-11-22"/>
                <Participant name="unEF0f5iFbhpcUrD9-4kYA" role="remixer" IPDN="T7dCVORRzbflnrW5." performance="main" grossFee="-1185357169.78"
                     modifier="C" IPI="UEaGd3utmJcA5iQP3j1OykaqMz" birthDate="2018-10-11Z"/>
                <Participant name="SZkCqsPwJZP41D93" role="composer" IPDN="H-95lk8bPd5eKG" performance="main" grossFee="-1261060010.69"
                     modifier="C" IPI="DO9J3c3sSAD4ZSO" birthDate="2020-01-18Z"/>
                <Participant name="SeAlbrfV7L2q7JwSwdKVIe" role="arranger" IPDN="C.N_.aaoTlhwcz-FYgBcDd7u" performance="main" grossFee="740322007.36"
                     modifier="B" IPI="x-MT3xma" birthDate="2020-06-18"/>
                <Participant name="j" role="scriptwriter" IPDN="bQri0tQbQJUp110JYY1NrN3cQu" performance="chorus master" grossFee="-436326530.09"
                     modifier="C" IPI="Mskb" birthDate="2019-12-22"/>
                <Participant name="U7h17.8cQMZHXrsp.47jcJ" role="scriptwriter" IPDN="qi2xT-V6Eky" performance="chorus master" grossFee="-1785382263.69"
                     modifier="B" IPI="oLRO.HKFThY2jsSkWie.y" birthDate="2019-11-24Z"/>
            </Participants>
        </Record>
        <Record title="NJDRZ35pH-9AaYTJN0Ij2T" spins="1626450725" ISRC="55U3VP8FK3F6" year="2843" producer="Hf6jbhC"
             label="Wuzk3TJ6r1MsyTOvO" recordNo="uQ_d6r3MGypqAG0BF" serialNumber="TPeoiBQlMJ3KFWBGZPJpMiKf"
             isPremiere="false" usage="commercial" ISWC="jLwIm" AKA="C1UfFRiQ6Qz1nQdilV" genre="jingle"
             broadcastedFrom="2020-03-07T11:21:16Z" broadcastedTo="2018-07-16T11:21:16" runtime="595170575"
             origin="free of charge" alternativeTitle="sAoUWAX6HMS5R62fgM3K_gs" recordedFootage="632774077">
            <Participants>
                <Participant name="t" role="composer" IPDN="MPl" performance="main" grossFee="-764525901.98" modifier="C" IPI="z9"
                     birthDate="2019-02-20"/>
                <Participant name="rPnSDXW-5CktxR8XJvmD4eLcw.nPY4" role="performer" IPDN="KQ4" performance="chorus master" grossFee="-1483379400.29"
                     modifier="C" IPI="zq" birthDate="2019-10-23Z"/>
                <Participant name="rlkz" role="scriptwriter" IPDN="sfFDjlrPILyW4ZYx5hPaAt7sf" performance="supporting" grossFee="-1298746360.73"
                     modifier="B" IPI="o_LbaPLap21tSXcySYVn6G" birthDate="2020-04-06"/>
                <Participant name="v" role="music director" IPDN="VjSSfODM_oxOxcsyumI2cHeAk4h7f" performance="conductor" grossFee="-1624851075.25"
                     modifier="A" IPI="mfnlkWjjZX5VhSzRs" birthDate="2018-07-15"/>
                <Participant name="B4r_5SCUTBbvGGCS.J3v9dU" role="composer" IPDN="GpjLw8SkpUwvRUOhRlXBdZGbci" performance="soloist"
                     grossFee="-1790994858.51" modifier="C" IPI="mqsAYP" birthDate="2019-03-12"/>
                <Participant name="iOwtrGAGIbM" role="remixer" IPDN="H5AEP.3" performance="main" grossFee="-470536863.08" modifier="B"
                     IPI="ZAiJYeqhN1r" birthDate="2019-12-03"/>
                <Participant name="mqDNoiiZwmWy6iPVt6P-TsBBqIB" role="sound engineer" IPDN="Ujl0q" performance="soloist" grossFee="1633037413.22"
                     modifier="C" IPI="D-tC7EzBk3uDbnx" birthDate="2019-02-01"/>
                <Participant name="QBwPnJZkedO" role="performer" IPDN="hbd1OuzKMKD" performance="main" grossFee="2102458770.11" modifier="C"
                     IPI="CT7FzkJ7R30mrTImt6-9" birthDate="2018-07-24Z"/>
                <Participant name="h4N3BgMUck" role="sound engineer" IPDN="Xn9KhmS" performance="supporting" grossFee="1842658037.74"
                     modifier="C" IPI="CVyGTt" birthDate="2018-10-14Z"/>
                <Participant name="Zaa60OxJxRkds-V" role="producer" IPDN="c-DZgiL8" performance="supporting" grossFee="-845401323.31"
                     modifier="A" IPI="UrIxki" birthDate="2019-06-08"/>
            </Participants>
        </Record>
        <Record title="HzCuBCxmdxUaz8LXYfhfskpIoqjm" spins="1408665936" ISRC="LWJ07PG6T7F5" year="5221" producer="V24eZoPRF8VK"
             label="ykN" recordNo="AVI5zaUPQk" serialNumber="qxrskZixlkly1ZWA8-UsqTeAfyU" isPremiere="true"
             usage="jingle" ISWC="aaF.KqnVL_0BjYf4UXcRk" AKA="U-oRO49S" genre="jingle" broadcastedFrom="2019-12-23T11:21:16"
             broadcastedTo="2018-09-24T11:21:16" runtime="1791639652" origin="self" alternativeTitle="BAAG4MZ1FESmZUpxwAV.CYg"
             recordedFootage="2024522886">
            <Participants>
                <Participant name="sAmHsbx8jv" role="remixer" IPDN="QoqD0." performance="soloist" grossFee="632368378.20" modifier="B"
                     IPI="NHeMim_T9Qsmi3ivhQrVHIOTj" birthDate="2019-11-19Z"/>
                <Participant name="gTuhp" role="scriptwriter" IPDN="eGAXD3bW8etbGmsteZ" performance="chorus master" grossFee="1537387856.38"
                     modifier="B" IPI="iV" birthDate="2019-08-11Z"/>
                <Participant name="UVRqAzGfkaP6.9lpy07qfLKIOwlXQ." role="remixer" IPDN="TzPjYGl" performance="conductor" grossFee="-870126785.02"
                     modifier="A" IPI="EDvgY6077A5KI2_uLRmhd2OL" birthDate="2020-03-26"/>
                <Participant name="Mk5P63Rw9q" role="music director" IPDN="k3GgRpQG7UgS7UEgfnjF557" performance="conductor" grossFee="288953533.91"
                     modifier="A" IPI="S2g8prhW" birthDate="2019-05-29"/>
                <Participant name="MYjZJU_TEKkPdjfmqF" role="arranger" IPDN="aOOkKYAQNsH17w9EkNle8kRk" performance="main" grossFee="805881277.62"
                     modifier="C" IPI="DhvrwXH9_cH" birthDate="2019-10-26Z"/>
                <Participant name="tlPfJ" role="subscriptwriter" IPDN="yXv16npTKt7gAOig4-5HDueC3wsEG1" performance="conductor" grossFee="-1838321124.76"
                     modifier="B" IPI="IpYoXPb7ErYx1vgtlwGM" birthDate="2018-10-14Z"/>
                <Participant name="D5.JInuJPgkEp-K.cax9ryBhxuN1uP" role="composer" IPDN="O3HfNgHbhbAA" performance="conductor" grossFee="3033152.67"
                     modifier="A" IPI="UhsPwA-cOsZPeQajxvlmQt" birthDate="2020-02-16"/>
                <Participant name="vaEkju1PBa9A" role="performer" IPDN="s1NQLsBPrPhk62DDDFAdxmya.462" performance="supporting" grossFee="1812275340.13"
                     modifier="A" IPI="SVmEvSV73" birthDate="2019-11-22"/>
                <Participant name="I8Dol" role="producer" IPDN="z7" performance="chorus master" grossFee="1992090024.55" modifier="C"
                     IPI="R_PTxkDhoV_n" birthDate="2019-10-24Z"/>
                <Participant name="MKAmn." role="composer" IPDN="xcKXQ9q5qUFM-geY" performance="conductor" grossFee="113693227.55"
                     modifier="C" IPI="b4M2AndjGMQQwWM9uMwfT2" birthDate="2019-11-25"/>
            </Participants>
        </Record>
        <Record title="far_9r9.68zvEG7F73R8q3E1" spins="2024543226" ISRC="P33A9G1H27F2" year="9744" producer="JbROWROrs"
             label="vJLcAZe1nJM" recordNo="GlXzOVhesS0pJZ9xy13N32_WV" serialNumber="oDeqYO-gxQcAEVI"
             isPremiere="false" usage="commercial" ISWC="r7GP5.S9hDwnf2Bn-O91Y" AKA="NX-SSlszLst2FUaaROtYAQJAV"
             genre="composed" broadcastedFrom="2020-01-26T11:21:16" broadcastedTo="2019-07-25T11:21:16"
             runtime="1807831081" origin="self" alternativeTitle="rHrmjwAT_cb" recordedFootage="1793375164">
            <Participants>
                <Participant name="VyWUbRrGcOPESAD7g6eeIXL57-" role="scriptwriter" IPDN="Abk.WizQo0-eG2pBwKm0Azn-" performance="conductor"
                     grossFee="1460963370.49" modifier="A" IPI="YqL96" birthDate="2019-05-03"/>
                <Participant name="wt_nV.Qg1134O" role="sound engineer" IPDN="eFdoY" performance="conductor" grossFee="-2062551605.22"
                     modifier="C" IPI="a3zJ4DSU.IYZA9mLCQ2zuCWle_." birthDate="2019-03-14Z"/>
                <Participant name="thAX5XcZpVKLsMdzaysQ6jdRepn" role="producer" IPDN="_8MWEL29_oIbzaIQMiZZ7Game3NM" performance="soloist"
                     grossFee="1059444214.75" modifier="C" IPI="l5h8pts5n" birthDate="2019-04-29Z"/>
                <Participant name="vQAfc7dZTvQOTi" role="arranger" IPDN="q2AaI1nOxVJ1QtAE" performance="supporting" grossFee="203341554.96"
                     modifier="B" IPI="aeA5TGRtQht_" birthDate="2020-06-11"/>
                <Participant name="r4zpllNKzDT_snJtd7uUXXtWXrG-Sg" role="scriptwriter" IPDN="b6Vi9x4NI_fkOyP8NyZpiyhMw-e" performance="supporting"
                     grossFee="-1056018900.42" modifier="A" IPI="NS0k0HHYywc" birthDate="2018-08-30Z"/>
                <Participant name="oKUSh" role="scriptwriter" IPDN="MEJHFa6ynGkzX.pnzOuU" performance="chorus master" grossFee="-1451871721.83"
                     modifier="B" IPI="QyhREFoARefHLUSy9SbF4.d0KzU" birthDate="2018-09-13"/>
                <Participant name="mm2B853sPY7J3HryFGw.0ODOuhW" role="scriptwriter" IPDN="FWXqarJyRmbR" performance="main" grossFee="1756857870.82"
                     modifier="B" IPI="dkyD6mM43da" birthDate="2018-08-09"/>
                <Participant name="U7yRE4XdWeBpFSXP.6Ll" role="composer" IPDN="Vg7q" performance="supporting" grossFee="-1116489123.44"
                     modifier="C" IPI="IZc5pxDlG" birthDate="2018-09-20Z"/>
                <Participant name="LCTK7_XXMPpY3ZXwtM9p2p" role="arranger" IPDN="WcPMKZWV3mPhAtc3B0qpLsAd" performance="chorus master"
                     grossFee="-626072446.63" modifier="C" IPI="wP" birthDate="2018-09-28Z"/>
                <Participant name="NOf" role="remixer" IPDN="syDvVROUEyA0ONDiB" performance="main" grossFee="-237762518.91" modifier="B"
                     IPI="CG-6Mmowj" birthDate="2020-03-11Z"/>
            </Participants>
        </Record>
        <Record title="O_CaFoDQbaf2ZmXFRwNP3" spins="662993608" ISRC="HM3TH5677J04" year="4641" producer="Z4a86iLpYVDb8cfouPFhmB94UBhP"
             label="prsI" recordNo="ItItjkmtkUBo_gLYX9hm_01-Qiwm" serialNumber="FOq7LpmkUZZBXFlxPAj.nAg"
             isPremiere="1" usage="commercial" ISWC="mGIdiuoxv" AKA="vATDC5Q2JyZj" genre="jingle" broadcastedFrom="2019-08-22T11:21:16Z"
             broadcastedTo="2018-12-26T11:21:16Z" runtime="1659204771" origin="free usage" alternativeTitle="uLWHpOOaaHJbQMGYnJS"
             recordedFootage="1947033155">
            <Participants>
                <Participant name="t2qmV" role="composer" IPDN="igFHPq0wcJLe" performance="main" grossFee="-1784782599.56" modifier="A"
                     IPI="T1IeX3I-" birthDate="2019-03-23Z"/>
                <Participant name="P" role="subscriptwriter" IPDN="sZS" performance="chorus master" grossFee="-1395648568.67" modifier="A"
                     IPI="D6fx7adkh" birthDate="2018-07-13"/>
                <Participant name="C829xU53" role="remixer" IPDN="vRZs0NdpPcvNYyBgy-uzXqiBi-" performance="chorus master" grossFee="332185862.33"
                     modifier="A" IPI="RpfWlqSBz" birthDate="2019-09-19"/>
                <Participant name="azwP7bQwl2fUVAR2wcEm5Fkxms9M" role="arranger" IPDN="pAWTCEFt3fw3ot6jcKyvxBX" performance="supporting"
                     grossFee="-897968069.70" modifier="A" IPI="E6O2D4KpQ9A3piXAt" birthDate="2019-08-31"/>
                <Participant name="ObDzoAeFkQ7" role="composer" IPDN="B5Cgauaw05r6" performance="main" grossFee="-1615279723.38"
                     modifier="C" IPI="xkWjDzQ72fICcL_a" birthDate="2019-04-23Z"/>
                <Participant name="aCyL87N0CzuN5G4dXItNTkP" role="subscriptwriter" IPDN="fIREgemGh" performance="chorus master" grossFee="1666819781.10"
                     modifier="B" IPI="zYfLg6KWC" birthDate="2019-04-25Z"/>
                <Participant name="LxgN.QkZyjvAL47mfimK9hHND7O" role="producer" IPDN="lETZlWHgx8y1upvxB-Jke.BLf1" performance="soloist"
                     grossFee="1842222416.13" modifier="B" IPI="a" birthDate="2018-07-15Z"/>
                <Participant name="UCM.kd5qlGq7mo4opcuys-" role="music director" IPDN="lg9vjbuhPn169o" performance="chorus master"
                     grossFee="1075970518.21" modifier="A" IPI="Kd0DkcR_vOBDPG6Q2-Gg5KfMsEcY" birthDate="2018-07-24"/>
                <Participant name="mtOlDmNC0Jdk_ZbF7Gpt_mE" role="music director" IPDN="LtGTWVPiFCdKP-PeK8" performance="chorus master"
                     grossFee="-497110045.70" modifier="C" IPI="W9K" birthDate="2019-10-28Z"/>
                <Participant name="gV.FxFrld-Zj0" role="performer" IPDN="T7TYM8GLBU_azqgvXtwRzzioW_g8" performance="supporting" grossFee="1425788568.48"
                     modifier="C" IPI="ziE.-8So0w" birthDate="2019-09-30Z"/>
            </Participants>
        </Record>
        <Record title="dqeZR5AZE9m6" spins="1252529465" ISRC="Y5EEN2683DXR" year="0748" producer="dB8Y3RLjKgnn-312-3O8Px0nb3U"
             label="wNEYRiP-qx4hC" recordNo="NFeBK" serialNumber="lW1rnqs.owyu3DDoHVQ" isPremiere="0"
             usage="jingle" ISWC="HVTZD6vNd9LiH1gjJC" AKA="t" genre="classical" broadcastedFrom="2019-11-26T11:21:16"
             broadcastedTo="2020-02-14T11:21:16" runtime="347330559" origin="commercial" alternativeTitle="n7Z"
             recordedFootage="2109384998">
            <Participants>
                <Participant name="HE" role="subscriptwriter" IPDN="vy0TD3Xif1ZjOEMJ4l6KvFpGBo_L2-" performance="chorus master" grossFee="-1586605113.93"
                     modifier="A" IPI="tA" birthDate="2019-02-26"/>
                <Participant name="mlb6Rmpv-1xe1MW1.CVUa6" role="producer" IPDN="frUHu6HqLyaxTr8KzJeuQSyo" performance="chorus master"
                     grossFee="-25552203.70" modifier="B" IPI="JM5qDqReGv" birthDate="2018-11-05Z"/>
                <Participant name="QoU" role="composer" IPDN="x" performance="chorus master" grossFee="750469876.90" modifier="C"
                     IPI="J-" birthDate="2018-10-27Z"/>
                <Participant name="ot56BadvlW0JOjcFqrJxtxiO" role="sound engineer" IPDN="NZwF22-_9vUEe74N" performance="chorus master"
                     grossFee="1328665055.98" modifier="C" IPI="qO0In8oi" birthDate="2019-04-04"/>
                <Participant name="H70aFpo0TLM.5KB_XN.Lt5RMh" role="subscriptwriter" IPDN="GEMh" performance="chorus master" grossFee="588712292.31"
                     modifier="B" IPI="Y_H" birthDate="2020-05-09"/>
                <Participant name="WxbJOMrrJizq4" role="producer" IPDN="lnGZZN06Ba9BTxmlcyvtr1mHo" performance="conductor" grossFee="1658264579.83"
                     modifier="B" IPI="cEVyoT4xF_b-J72KdOtR48rcKI" birthDate="2020-01-19"/>
                <Participant name="L6C3A0H" role="scriptwriter" IPDN="gJXtiIVqQI4Vxcg" performance="chorus master" grossFee="30677075.90"
                     modifier="C" IPI="rJ-.ry" birthDate="2019-08-12Z"/>
                <Participant name="IY_orCJ-UE3arn2fxxYOaG_x_" role="music director" IPDN="E13H5WfI-L8m6iGtZN" performance="soloist"
                     grossFee="583307808.95" modifier="B" IPI="CX2Z" birthDate="2020-06-01"/>
                <Participant name="wjY34TJ0ZEDluWU" role="remixer" IPDN="Lk9e2z" performance="main" grossFee="-668571340.48" modifier="B"
                     IPI="xe5ZL" birthDate="2019-01-28"/>
                <Participant name="FBHkaRPTAQ-T-Wr_J.OIz" role="composer" IPDN="oi4x5kjp63RAcTmpCGPd0TL1Mo" performance="conductor"
                     grossFee="-1257549886.26" modifier="B" IPI="EJQGZvTL6p2SJiXCbAqvY.YlP" birthDate="2020-06-15Z"/>
            </Participants>
        </Record>
        <Record title="ChqB5" spins="677748946" ISRC="87HL2NN03Q03" year="4237" producer="yRso" label="NnlxoVNgBvdZDqs-0bNwLRUVlMX"
             recordNo="AuKCLP" serialNumber="sRIr0pSniAGQGa1w0egAeyWaP" isPremiere="0" usage="broadcast"
             ISWC="faqgSU" AKA="KEYlh6FcPDuURGyLjKnADe8MQza" genre="jingle" broadcastedFrom="2019-09-07T11:21:16Z"
             broadcastedTo="2019-03-15T11:21:16" runtime="1626406671" origin="live broadcasting" alternativeTitle="DH___LpSwZeU"
             recordedFootage="519024508">
            <Participants>
                <Participant name="EHNmWiZEYazz" role="sound engineer" IPDN="YR_mR" performance="main" grossFee="555896472.97" modifier="C"
                     IPI="CZep0VnqPeI" birthDate="2020-01-29Z"/>
                <Participant name="Pq.a1zvnYQW_sIXK8MY4" role="producer" IPDN="S7oDOtIZ" performance="conductor" grossFee="212790793.43"
                     modifier="A" IPI="UzNgzp" birthDate="2019-11-24"/>
                <Participant name="N4TLvB5nh2sDD5HUD1P8U" role="music director" IPDN="t96tUTppv-6_9cDPKdJ" performance="soloist"
                     grossFee="-560500246.63" modifier="B" IPI="y4Ar" birthDate="2019-05-07Z"/>
                <Participant name="GspZQaXwxl" role="composer" IPDN="biQgVWgXcg" performance="conductor" grossFee="1139154491.17"
                     modifier="A" IPI="Zcd9bUb_XfB8ATRy6Sn" birthDate="2019-07-17"/>
                <Participant name="vrcnPf97QSkcGMS_JS1PHvTBUHZmKn" role="subscriptwriter" IPDN="OnHysjkWP7ZdnMlfdxWVAMuE0xE02P" performance="supporting"
                     grossFee="974927488.50" modifier="C" IPI="A6uS" birthDate="2018-12-11Z"/>
                <Participant name="Aonl15" role="subscriptwriter" IPDN="jQkmBhW-e" performance="conductor" grossFee="246593944.31"
                     modifier="B" IPI="B4" birthDate="2018-07-17Z"/>
                <Participant name="u" role="sound engineer" IPDN="Od.X_5NhKfZgqP-c0TChS" performance="supporting" grossFee="1531472264.84"
                     modifier="B" IPI="jz0KJ93aidIFcIvz.k2Q6" birthDate="2020-04-30"/>
                <Participant name="y3.yq6nalm0TaOFmAbP7.HK-Q5I" role="composer" IPDN="i" performance="soloist" grossFee="1604287325.96"
                     modifier="B" IPI="aI71JjkssS48fMXDtmd9_8LBwpMUpM" birthDate="2018-10-20Z"/>
                <Participant name="ZXxM0giA" role="producer" IPDN="TdVOaRwiKqndRFgSONLopvMs" performance="soloist" grossFee="448001698.66"
                     modifier="C" IPI="aBuJxsKq" birthDate="2018-09-22Z"/>
                <Participant name="dCs39bbj-" role="remixer" IPDN="vyz70wqZl2qMA-oDLiR072gbYT-D" performance="supporting" grossFee="-2059042418.54"
                     modifier="C" IPI="nivwk" birthDate="2019-03-26"/>
            </Participants>
        </Record>
    </Record>
    <Record title="kEiI5J" spins="629002854" ISRC="X330433H0XUR" year="0585" producer="AniOidwQ6EHb5CLC0MCmDtA-Yo-"
         label="OBK74gMh_a" recordNo="vyVAKjdxssjVvb5QXS9bOvzMsa" serialNumber="pnVotYme20eRQm" isPremiere="1"
         usage="broadcast" ISWC="Tg" AKA="BRqyJDFpnYEfrXpy" genre="jingle" broadcastedFrom="2019-06-20T11:21:16Z"
         broadcastedTo="2019-08-27T11:21:16" runtime="336844067" origin="free usage" alternativeTitle="Vct6.oA"
         recordedFootage="1859339732">
        <Participants>
            <Participant name="LEqZ8DSh2TCi3M" role="sound engineer" IPDN="JXATdhecL" performance="conductor" grossFee="-613249221.76"
                 modifier="A" IPI="otn" birthDate="2020-06-18Z"/>
            <Participant name="jLi19b.qgugD" role="remixer" IPDN="qnXqYykYDf92Z-pjlLDzA2.UQ" performance="chorus master" grossFee="1082025007.87"
                 modifier="B" IPI="BLnWU0ONd9PJ8Z1pE0.ck7NF2xNQ" birthDate="2019-12-06"/>
            <Participant name="Yu70yB31mxIx" role="subscriptwriter" IPDN="iFYKUVUH.JsZTYrNl-c4vRTesDqO1Y" performance="supporting"
                 grossFee="-825031112.01" modifier="A" IPI="yp" birthDate="2019-06-20"/>
            <Participant name="yyKqkqJeae-iae_JvvFzM" role="arranger" IPDN="S7rj3_M33bnfkJ2358T_WP" performance="main" grossFee="1045796555.54"
                 modifier="B" IPI="_o" birthDate="2019-12-18Z"/>
            <Participant name="BmTgoH4LrwbAH94D" role="music director" IPDN="aC6qduNWJuBd.t702sQMoR4P" performance="chorus master"
                 grossFee="2055196099.26" modifier="A" IPI="CEbx0I223ZQ-kiWI" birthDate="2019-03-04"/>
            <Participant name="QTaIXJ2aWsYQD.e4oVQg3ip6N" role="remixer" IPDN="mjy" performance="supporting" grossFee="1965244745.77"
                 modifier="C" IPI="gJOVudrBX6.eYWcPMqNr" birthDate="2019-08-03"/>
            <Participant name="_eoZFifJ_F7sm-423I9" role="music director" IPDN="z471EIZL6zA" performance="supporting" grossFee="-1198628223.43"
                 modifier="C" IPI="Irm" birthDate="2019-10-01Z"/>
            <Participant name="xplGUks_YST16Y" role="music director" IPDN="mwc" performance="main" grossFee="-1927523042.86"
                 modifier="C" IPI="S2uUJL6rdLW" birthDate="2020-05-09"/>
            <Participant name="d1PgEIp5lG0s" role="remixer" IPDN="hpHyqD7HS_Jl6XwBHDfkZ1AMLp0oP" performance="chorus master"
                 grossFee="-884856849.25" modifier="C" IPI="PO1hJ" birthDate="2020-03-23Z"/>
            <Participant name="uLBYjUjWi3YDYxoke1" role="subscriptwriter" IPDN="ZVS6zt3OOxxso86933nTF9" performance="main" grossFee="473166809.13"
                 modifier="B" IPI="T4A-HXmahPH.Cbp" birthDate="2019-07-05"/>
        </Participants>
        <Record title="TnE0_g8xDylYHkuIUIzv5SnwAbLf_b" spins="982303515" ISRC="A5ZR86P00DD6" year="3675" producer="lDSvHRw1x"
             label="rbJbI91Na4Sd" recordNo="tkdkRCwgvWlEI-e4iinI0yrmAn40" serialNumber="rSw1hap6y.oJKgA9OOEJcD3PY95F"
             isPremiere="1" usage="jingle" ISWC="uUXv8a8RV" AKA="NQ" genre="spoken word" broadcastedFrom="2020-02-07T11:21:16"
             broadcastedTo="2018-10-25T11:21:16Z" runtime="2136409734" origin="self" alternativeTitle="mSPFBQI0VnAGWblXfn9"
             recordedFootage="70778127">
            <Participants>
                <Participant name="ra" role="remixer" IPDN="ydE_AL54c.MIte.vpZcknv" performance="conductor" grossFee="1795312007.98"
                     modifier="C" IPI="STUV-juJ97.5ELb19kp5v" birthDate="2020-02-23"/>
                <Participant name="a.HnB" role="music director" IPDN="hYesyxoI" performance="supporting" grossFee="-1706940152.24"
                     modifier="B" IPI="SgUYWrDENGDBTpaaFOHqdjl93x" birthDate="2019-09-06Z"/>
                <Participant name="c.3q_t8o6Pdo8JL4a5n" role="sound engineer" IPDN="qIioB88wQe0q" performance="soloist" grossFee="-1009099805.51"
                     modifier="A" IPI="u5EgN8s" birthDate="2019-10-13Z"/>
                <Participant name="yqTrSeoH" role="remixer" IPDN="ck806FrS3PbTuSFOWI9CF1V4k-V" performance="supporting" grossFee="1369644478.84"
                     modifier="C" IPI="N8xrjs.Spc6dHO7Qpi.rz." birthDate="2019-01-07Z"/>
                <Participant name="bd-mRiY8I" role="scriptwriter" IPDN="oir5pQtHEojeice" performance="conductor" grossFee="154226256.25"
                     modifier="C" IPI="KNWLvBweIXWOQz" birthDate="2019-09-18Z"/>
                <Participant name="kAKQL4LJeVsrg" role="subscriptwriter" IPDN="z" performance="conductor" grossFee="161227598.95"
                     modifier="A" IPI="qc.zWLKOTorfn5G2OEeR" birthDate="2019-06-18Z"/>
                <Participant name="vnCY2" role="producer" IPDN="_VBjuHj6d4wUXm6uYO" performance="chorus master" grossFee="-53666770.19"
                     modifier="C" IPI="aXRvnBMQZ87ki8BwBnyxPPwVh" birthDate="2019-04-17"/>
                <Participant name="M2ny" role="remixer" IPDN="laFoQ_dAG9fQkR" performance="chorus master" grossFee="583978194.37"
                     modifier="A" IPI="s.jInyfNG3mWTE1evJYHM.VC_1fGwO" birthDate="2019-12-31"/>
                <Participant name="fyEXlxJ" role="sound engineer" IPDN="epJLhMS5e77" performance="soloist" grossFee="-2073874411.21"
                     modifier="C" IPI="Ls9rkYhUMUp" birthDate="2019-12-26"/>
                <Participant name="SMC" role="music director" IPDN="rYIyhIeDXOy2" performance="soloist" grossFee="360585505.74" modifier="A"
                     IPI="jlJDWL" birthDate="2019-12-04"/>
            </Participants>
        </Record>
        <Record title="xJ6yGYFBwmPMF" spins="964874703" ISRC="505BBFD88ZEL" year="5990" producer="A1Rf15o0x1_WuUCEzbNBeTI"
             label="YNbbOWPBMf-7f9yuApkc" recordNo="I9Z1kmmZDEqBJqEEBO" serialNumber="VR9W-v8RoMWuWn"
             isPremiere="1" usage="broadcast" ISWC="dlEGYhUP0" AKA="Th9_.J1XOk4s4cTsEZ" genre="classical"
             broadcastedFrom="2019-09-14T11:21:16Z" broadcastedTo="2020-01-18T11:21:16" runtime="2039111540"
             origin="commercial" alternativeTitle="zI" recordedFootage="660846279">
            <Participants>
                <Participant name="c9ln86rZXs.dCwT" role="arranger" IPDN="y0AkWCC" performance="supporting" grossFee="207211004.86"
                     modifier="B" IPI="Fr4G5Vj9XYEFn_ljLb" birthDate="2019-06-15Z"/>
                <Participant name="hm0bf.VBfsaJK_I" role="composer" IPDN="v.CvCKaKOGR1TrGZ" performance="supporting" grossFee="-1685851390.82"
                     modifier="C" IPI="p8j02" birthDate="2019-11-05"/>
                <Participant name="CctySGW3vozmk6AUQbk." role="remixer" IPDN="o4i5e" performance="conductor" grossFee="2102370818.13"
                     modifier="A" IPI="W" birthDate="2018-09-21"/>
                <Participant name="f3z6BkcQCT2ZHQv_R_fSi" role="subscriptwriter" IPDN="ZsRmqBHfLMaNJhP98rY8N.i" performance="soloist"
                     grossFee="-347616178.51" modifier="C" IPI="_ZptgfZwwc" birthDate="2019-10-28"/>
                <Participant name="_EW" role="composer" IPDN="tFzy1BiDS0P0d2yabXkDmrFNgm8n" performance="conductor" grossFee="955770614.45"
                     modifier="A" IPI="wDczD9thfnja3cbaehSKYty" birthDate="2019-09-07Z"/>
                <Participant name="o0iE05" role="scriptwriter" IPDN="mq4vZZEy9rwrRq" performance="main" grossFee="-25243160.74" modifier="B"
                     IPI="P9TA6" birthDate="2019-09-21"/>
                <Participant name="Qp1uMgw0XtXLS" role="remixer" IPDN="q6VlO4_l1L.Wzvd.xdEwHoya" performance="chorus master" grossFee="-937423807.68"
                     modifier="C" IPI="U4ouXL" birthDate="2019-07-19"/>
                <Participant name="aYx6JFSv2R.hm.7kl8eO5eG" role="composer" IPDN="gD" performance="soloist" grossFee="-523099353.15"
                     modifier="C" IPI="L.efFe" birthDate="2018-08-04Z"/>
                <Participant name="Zgv2gP" role="performer" IPDN="ziBRnTZXadpNPVZnhJI0hOv1v" performance="chorus master" grossFee="-1796160723.34"
                     modifier="A" IPI="t7Hu_3MIrEq3mlxHCOwMvTLnoKAHWM" birthDate="2019-03-17"/>
                <Participant name="nccNlvwDTAMkItVO2G-kjezbuHodi" role="subscriptwriter" IPDN="beKfLp39y.1MRKCKATS" performance="soloist"
                     grossFee="461572842.11" modifier="C" IPI="IOqG22OzP9Yl8.SuxT8UTlKMUeHCT" birthDate="2019-03-17Z"/>
            </Participants>
        </Record>
        <Record title="FNDddXgzo0zUlhR4_wW8ri3rd84WSn" spins="43689007" ISRC="RLN996T58T20" year="9075" producer="shi9LqB"
             label="m5WNytB1mPoxxwphWMv3e" recordNo="G2amnZESaQrh25sbJ2TazPU6.x" serialNumber="ESpafimYGfSq5M"
             isPremiere="false" usage="jingle" ISWC="mYpAYh3cWy3QTgN9" AKA="ph" genre="jingle" broadcastedFrom="2020-06-24T11:21:16"
             broadcastedTo="2019-12-22T11:21:16Z" runtime="1372606180" origin="live stream" alternativeTitle="_WXcn8S_AmwLBNV"
             recordedFootage="1045760720">
            <Participants>
                <Participant name="cBCP8" role="performer" IPDN="IKjqGsOPfYXl6r7A_aA3B" performance="conductor" grossFee="628950204.28"
                     modifier="A" IPI="EqvG0o2hX7F7_FTpl.J-k7EX" birthDate="2018-08-25"/>
                <Participant name="odabEKIbQ1syJZLY9GYRuwH39t" role="music director" IPDN="t8EPocaGzwPtnKv9dqNWfx_OR4L9" performance="conductor"
                     grossFee="-1012310814.76" modifier="B" IPI="cZ84a5F.Gd" birthDate="2019-11-19"/>
                <Participant name="WESkV-I8" role="producer" IPDN="N9HX3BzL9PBVPLN.9K.4h" performance="supporting" grossFee="526112539.59"
                     modifier="C" IPI="d-.fqFQYlQdvtgbX8" birthDate="2019-09-07Z"/>
                <Participant name="h7581NN2VjilAvsZUB3" role="sound engineer" IPDN="sokYqtS_g" performance="soloist" grossFee="1170914340.78"
                     modifier="C" IPI="ksth4HbA7UvQHeMEauXGGyrh5W8rD" birthDate="2020-02-04Z"/>
                <Participant name="Kx" role="music director" IPDN="wBAaiTy" performance="conductor" grossFee="1734485471.14" modifier="C"
                     IPI="NpAa10e8HFMcGttbsd7d6j" birthDate="2020-02-11"/>
                <Participant name="tgK574R48yMVRIg" role="remixer" IPDN="G8RdGT" performance="soloist" grossFee="1134690794.56" modifier="C"
                     IPI="ed.kDeO7_.jhAz1EQ9d3z" birthDate="2019-06-18"/>
                <Participant name="Cxjh82ethpHQqmiJspS6VpCBw_6" role="sound engineer" IPDN="ZNmzb.VMz4u" performance="chorus master"
                     grossFee="112692187.04" modifier="B" IPI="e0hCWOCF" birthDate="2020-06-27Z"/>
                <Participant name="h3uQBOrh6iEK1PT7Bi" role="remixer" IPDN="RRy9kv65b94i2HEhG13Widhwc" performance="chorus master"
                     grossFee="513006860.21" modifier="C" IPI="H" birthDate="2019-01-16"/>
                <Participant name="msCxHu6xzg9eZErHvYmmaPyvPG" role="performer" IPDN="dFguZCMQP3SR7LWs" performance="chorus master"
                     grossFee="-1929357673.49" modifier="C" IPI="qjjR0g6hJ3Ah26Q9VMId" birthDate="2019-12-16Z"/>
                <Participant name="Qs10lTdf" role="subscriptwriter" IPDN="knkop7IdnV8Yq6TLtERKG" performance="supporting" grossFee="1768923772.33"
                     modifier="B" IPI="KCW671kYbuaUVl9" birthDate="2019-11-22"/>
            </Participants>
        </Record>
        <Record title="a_fxiq5KDLzP" spins="1114640679" ISRC="VLE35606MIDR" year="2868" producer="LPuq5EA" label="DWx8PvPWQc0S"
             recordNo="IPWj4ZNfrh" serialNumber="KlyAv" isPremiere="0" usage="broadcast" ISWC="KNOmU4s3il"
             AKA="X430.ES" genre="spoken word" broadcastedFrom="2018-08-09T11:21:16Z" broadcastedTo="2018-07-31T11:21:16"
             runtime="101089841" origin="recorded stream" alternativeTitle="NLmU-3mr_vh3" recordedFootage="1276769167">
            <Participants>
                <Participant name="E-L9xb3s0N2tP9" role="producer" IPDN="iny43rx.SacSvuq" performance="soloist" grossFee="-887709761.74"
                     modifier="A" IPI="W6ZexlCLX6HCPlfQwo.C" birthDate="2018-11-25Z"/>
                <Participant name="oVM_9YwC0vK1Wji1x1lUYoVp1Ec1" role="composer" IPDN="LFo0b9L5D" performance="supporting" grossFee="595745944.23"
                     modifier="B" IPI="Wt-NU4TdQbNnOnN2Pult69JB" birthDate="2018-07-23Z"/>
                <Participant name="xSgJBsXl1IUH84zsrTyH3tRQk" role="arranger" IPDN="K" performance="main" grossFee="1140573284.85"
                     modifier="B" IPI="f.4YU" birthDate="2019-11-04Z"/>
                <Participant name="Q2zKQHBB" role="producer" IPDN="ggzSW20PdmCRys4Y.jL34OK" performance="soloist" grossFee="-1417472253.51"
                     modifier="B" IPI="mYUgqm5u4AxDnGVKpoGj_uqC7Ce." birthDate="2020-02-19"/>
                <Participant name="UNxxqLQZjf7_8yKviRpXKJ18HDX.8g" role="scriptwriter" IPDN="e4lCQK" performance="conductor" grossFee="1257443405.31"
                     modifier="C" IPI="HYG3hItUC2d3WVQd-2DxAH5m7dRd" birthDate="2019-02-16"/>
                <Participant name="yOa3" role="scriptwriter" IPDN="GWRRHZBhAvz1yvw67" performance="main" grossFee="-1688520539.49"
                     modifier="C" IPI="dS" birthDate="2018-07-10Z"/>
                <Participant name="NpJ4_uGR6QzVn_JL0" role="composer" IPDN="DHNA" performance="soloist" grossFee="-481055537.23"
                     modifier="B" IPI="bwZsWHWkZPJTMu" birthDate="2018-11-18Z"/>
                <Participant name="FuftYRO6XpnG" role="performer" IPDN="dHZg1xPYO-QA" performance="conductor" grossFee="1214002846.19"
                     modifier="C" IPI="HMWuWH6Cbs" birthDate="2019-03-25Z"/>
                <Participant name="kbPQlqw9GBOm-8eoyodTIbAUtIpc" role="remixer" IPDN="_UhzV.XTl4nfRzgU2" performance="main" grossFee="917085904.55"
                     modifier="B" IPI="R8K.eYX3HdW0B_VJb1W1BQMaDh8" birthDate="2019-05-20Z"/>
                <Participant name="toN6j.N13sVAgjIIhQrF" role="producer" IPDN="CxILYapwQMQjHgB_JHNlToKSde" performance="main" grossFee="-1880811860.38"
                     modifier="C" IPI="Z-UTT" birthDate="2019-10-06Z"/>
            </Participants>
        </Record>
        <Record title="E41WwxY" spins="131546733" ISRC="U107JVGU2B83" year="7252" producer="dsV0QCL0kaDDucl5D" label="xnf4Ftdoe0ESnqgOS7"
             recordNo="xjnnb" serialNumber="cZ1vhh" isPremiere="true" usage="broadcast" ISWC="x" AKA="HJfOIQlr4p2pNgFj7F"
             genre="composed" broadcastedFrom="2019-02-11T11:21:16Z" broadcastedTo="2018-08-23T11:21:16Z"
             runtime="685782971" origin="free usage" alternativeTitle="F90rRzFYvOPxEKhI" recordedFootage="1931968371">
            <Participants>
                <Participant name="aWemEr" role="sound engineer" IPDN="gHXZ5vm7ehnwN" performance="main" grossFee="900063821.61"
                     modifier="C" IPI="FbvP4" birthDate="2018-12-09"/>
                <Participant name="M4_nT-unCkrM.j4KS6pda.ptJtYIN" role="producer" IPDN="mOxAlS7BfCbx_psmA0X" performance="conductor"
                     grossFee="1827125478.56" modifier="B" IPI="f3FKgGHA" birthDate="2020-03-07"/>
                <Participant name="EcOrxFh.vEOnAOOWGjepDt3M2vu8I" role="performer" IPDN="dnYjxVV-Rot_rxI6H8o7bOlvoi9ebh" performance="chorus master"
                     grossFee="-1397510875.38" modifier="B" IPI="X" birthDate="2019-06-19"/>
                <Participant name="mlJZsvjllZF3i7" role="arranger" IPDN="a6fvHLRz7TnodKb6ya3eblvJo.sR" performance="supporting" grossFee="1058200969.02"
                     modifier="C" IPI="arT98k9keoz" birthDate="2019-06-22"/>
                <Participant name="P" role="remixer" IPDN="sR" performance="main" grossFee="1782791819.71" modifier="A" IPI="yLMM0"
                     birthDate="2018-08-13Z"/>
                <Participant name="s7b84" role="arranger" IPDN="UmO6b1iBc_cLKVJsTDNjIH_" performance="soloist" grossFee="559537182.76"
                     modifier="A" IPI="HYsW4.3pz40BM" birthDate="2019-07-16"/>
                <Participant name="iHDq3zGnu1otoVFagAN_sCf" role="sound engineer" IPDN="ff25u.hOlOgumFgIDrU4M" performance="soloist"
                     grossFee="900770635.86" modifier="B" IPI="wp.0Jc4yL1bJuaa4TPbcQ2EIhZHe" birthDate="2019-11-20"/>
                <Participant name="ozTbkqPiEn2Ut4HHD" role="music director" IPDN="mlkEDeilVu" performance="supporting" grossFee="-189342540.47"
                     modifier="C" IPI="Tb" birthDate="2019-05-13"/>
                <Participant name="SQzDOZPXKHojAAVNIGKXr0" role="arranger" IPDN="LFNg44ucl1c4TzE.xIxUMwp" performance="soloist" grossFee="-323045071.63"
                     modifier="B" IPI="Er2F_D26eb" birthDate="2018-10-11Z"/>
                <Participant name="mL5q5zIM1zfs" role="sound engineer" IPDN="XpUbPCXw" performance="chorus master" grossFee="-1670331259.45"
                     modifier="B" IPI="a4rXK6CwZvKZzkLmk4Wxb9R" birthDate="2020-02-11Z"/>
            </Participants>
        </Record>
        <Record title="XhJhq702U5KbRz09bpMa" spins="28998587" ISRC="RX6R4KVTKE37" year="2307" producer="HXiyI" label="mypgRtJsMRK0KVEs50U4cZ"
             recordNo="f" serialNumber="MYGL38ct" isPremiere="true" usage="broadcast" ISWC="ZM" AKA="PJyBO.FFPMRgq9"
             genre="jingle" broadcastedFrom="2018-11-01T11:21:16Z" broadcastedTo="2019-01-08T11:21:16Z"
             runtime="1863372421" origin="commerce" alternativeTitle="d12ir" recordedFootage="140067568">
            <Participants>
                <Participant name="BeF06cX40E6xjJ9I7FHTa2FH5Do5cR" role="producer" IPDN="GSI-ZcpVtWDlQk_.X" performance="supporting"
                     grossFee="1321628621.29" modifier="C" IPI="ojVv-6hSWJH6AIuz5w5" birthDate="2018-11-25Z"/>
                <Participant name="K09aHpmPl24ZN_1N" role="subscriptwriter" IPDN="WYd.AGs" performance="supporting" grossFee="-469363917.79"
                     modifier="C" IPI="VXISUb8vkGShSBr4" birthDate="2018-12-20"/>
                <Participant name="XlihkD4TLr0lzkB" role="sound engineer" IPDN="cFKNJ799-Kh8" performance="soloist" grossFee="-1705601759.97"
                     modifier="B" IPI="qnUw.t8raesb" birthDate="2020-02-03"/>
                <Participant name="RS_UJHAjs4Efl" role="composer" IPDN="bX8kmJmZN1Aeycq0GD.eNX0AiAvv8_" performance="supporting"
                     grossFee="-1568174459.29" modifier="B" IPI="Kih.g_aQtyGHWJI" birthDate="2019-12-17"/>
                <Participant name="v_" role="remixer" IPDN="p9a-z1lp-KErz.FOo" performance="chorus master" grossFee="1783454284.34"
                     modifier="C" IPI="VMWmSkdv-pOjA" birthDate="2020-06-16"/>
                <Participant name="W0d5tnkmc2" role="music director" IPDN="R1wNGCZwWFGOgp9Eu1N.vRqKBOaJou" performance="conductor"
                     grossFee="-14629700.83" modifier="C" IPI="ukYzfkr" birthDate="2020-02-16"/>
                <Participant name="OHshZLzeGCvm3vfUT" role="subscriptwriter" IPDN="bMnADVG_2OUZdE5TqJO42d6z-7R" performance="conductor"
                     grossFee="-566980211.36" modifier="C" IPI="eGWc_RLhLBCb0Bm" birthDate="2019-10-02Z"/>
                <Participant name="ku" role="arranger" IPDN="TlStd" performance="main" grossFee="98065975.53" modifier="C" IPI="g"
                     birthDate="2019-03-06Z"/>
                <Participant name="OnrZtJkn53yWnBLljPngaf3" role="composer" IPDN="h6vKuq9CTpD9p7SefzsTTYuf" performance="chorus master"
                     grossFee="1719739470.23" modifier="C" IPI="y" birthDate="2018-11-02"/>
                <Participant name="fZiYI" role="sound engineer" IPDN="cI65L" performance="supporting" grossFee="-265784304.79" modifier="A"
                     IPI="lvaA" birthDate="2018-07-24"/>
            </Participants>
        </Record>
        <Record title="dUgPpX9C7H9BPVWETrSrbpUYxfTW0" spins="578711310" ISRC="5O0X21WOLIKS" year="4360" producer="kG-YKGX4gk1gOY4z"
             label="Fnk8-h1KsgOQ-JYLHIPRzEGjqE" recordNo="hv2Kh.k7flvCp" serialNumber="EIsGuYwr.NqbH"
             isPremiere="1" usage="broadcast" ISWC="e4" AKA="qIz4xivEvDYYq73MuojLt" genre="spoken word"
             broadcastedFrom="2020-02-15T11:21:16Z" broadcastedTo="2019-02-11T11:21:16" runtime="50623931"
             origin="free of charge" alternativeTitle="i1RAfFdC" recordedFootage="1106100736">
            <Participants>
                <Participant name="GgSm42HR-JBRfmv5mEtwwucU3" role="producer" IPDN="AgkhXKxuqiGLOlY6JLc4Tyxn" performance="chorus master"
                     grossFee="1342983263.16" modifier="B" IPI="e6S3AeP0WasP.mmahdH7pIjgIlrg" birthDate="2020-04-25Z"/>
                <Participant name="F5b5_X9RPMDA_DGicH8qu" role="scriptwriter" IPDN="bPaSAyhA3EGBTgSX" performance="soloist" grossFee="-385313300.38"
                     modifier="C" IPI="ew-kSRc7S-trbZDFtVTndP" birthDate="2019-02-17Z"/>
                <Participant name="qhSCEwYM6VTHM" role="composer" IPDN="xoWY6ozlu_SzrYO" performance="main" grossFee="-1241775123.05"
                     modifier="B" IPI="paC" birthDate="2019-12-03"/>
                <Participant name="yePP0" role="arranger" IPDN="AZ6xaSVtaTFFfw1GpBA3Y1zuQAt" performance="soloist" grossFee="-160087605.05"
                     modifier="B" IPI="zN8JsOEUhfW8jUTv5J" birthDate="2019-06-07Z"/>
                <Participant name="igfy9M" role="remixer" IPDN="pMYYLSN_i7PbI4hJ1sSGVdu2Zw9xxe" performance="soloist" grossFee="-1117974244.42"
                     modifier="A" IPI="wwAPCn" birthDate="2020-06-03Z"/>
                <Participant name="W6Ii" role="composer" IPDN="MO-9F6LFurYegSyx" performance="main" grossFee="1909237949.52" modifier="C"
                     IPI="itdEb" birthDate="2019-08-11Z"/>
                <Participant name="FCueQ0nqqlR1CnZM" role="arranger" IPDN="SYfqiTryPwgCHGkPokj.68dBPk" performance="chorus master"
                     grossFee="29600027.22" modifier="B" IPI="s7KRuK" birthDate="2018-08-20Z"/>
                <Participant name="wYw4a3KDDuwOV7rxb" role="producer" IPDN="gs39umLlzyzC2n4Nb8U" performance="soloist" grossFee="592805624.75"
                     modifier="C" IPI="_e" birthDate="2019-03-24"/>
                <Participant name="xJdkjUpcDwXxdc4LI2p34SWfPBuvy" role="sound engineer" IPDN="KEwYF" performance="conductor" grossFee="-1156780360.56"
                     modifier="B" IPI="V8UaPHqhg43hFK1SZ.6d" birthDate="2019-05-19"/>
                <Participant name="gS_3JAbI8y1Rg-a_ABiFq" role="sound engineer" IPDN="r" performance="main" grossFee="972302655.56"
                     modifier="B" IPI="u" birthDate="2018-10-06"/>
            </Participants>
        </Record>
        <Record title="IIjb6ExoWBjw0" spins="1335764869" ISRC="2O9X8Y70KB0S" year="7628" producer="iFMW6elMnI" label="s7v5"
             recordNo="rYgjE2mYbRC8lTXuSzH1eFiMFXY" serialNumber="KsuWrqcT" isPremiere="true" usage="commercial"
             ISWC="Zw8B6y76i" AKA="nr4cdKQazaBW" genre="commercial" broadcastedFrom="2019-12-06T11:21:16Z"
             broadcastedTo="2018-10-18T11:21:16Z" runtime="33409797" origin="live stream" alternativeTitle="ez.cLPYW362oeUlfNq_3"
             recordedFootage="933336329">
            <Participants>
                <Participant name="cP" role="scriptwriter" IPDN="KyeYIqFY" performance="main" grossFee="1971988290.49" modifier="A"
                     IPI="Jkdgz8w.IRfpBl1" birthDate="2019-06-07Z"/>
                <Participant name="wfYitYEJOD" role="scriptwriter" IPDN="qBd" performance="chorus master" grossFee="-797654632.31"
                     modifier="B" IPI="W8ri6wV8RzO8qs" birthDate="2020-01-24Z"/>
                <Participant name="l47aHIiW7BTyRCHBLD" role="subscriptwriter" IPDN="Rm" performance="conductor" grossFee="-1480202675.48"
                     modifier="C" IPI="PUNxphKMu.kIYaJiO" birthDate="2020-03-08"/>
                <Participant name="lKS2o2PfgDSnYLRPdgUU-" role="sound engineer" IPDN="jiP_VeauYCPNvJX3sVi4CDrQY5O_oa" performance="supporting"
                     grossFee="1915298790.88" modifier="A" IPI="GtoGQ2ckoZ-Qjk8t-Dc5VUOlN0" birthDate="2019-11-13Z"/>
                <Participant name="jd" role="scriptwriter" IPDN="G8s5IfxiGlXDNk-FgpDNcG" performance="soloist" grossFee="1060102092.71"
                     modifier="A" IPI="uzOmjMqPC1uVO4a3j3.uGgej1li" birthDate="2019-04-25"/>
                <Participant name="PyIcO2iIucoLxtwnl5Jv.0mbV" role="composer" IPDN="WiYk0G9" performance="soloist" grossFee="-236182946.10"
                     modifier="C" IPI="tOPFqip-NCVQI_2c9tDvpFyCQXoXu" birthDate="2018-09-16Z"/>
                <Participant name="YfuJhtQ.vBezV" role="producer" IPDN="sju-BxqDdXsY" performance="chorus master" grossFee="-3409023.57"
                     modifier="B" IPI="Y_kveQDKd3L2il" birthDate="2020-05-27Z"/>
                <Participant name="XqptsrwaE" role="subscriptwriter" IPDN="hN4ztaCx0Ws65wOf" performance="conductor" grossFee="100063710.74"
                     modifier="A" IPI="RYF1W" birthDate="2019-04-07"/>
                <Participant name="a8sjla" role="arranger" IPDN="DZzq91.GNA_mf" performance="main" grossFee="1667224739.78" modifier="C"
                     IPI="e1Xd" birthDate="2020-01-11Z"/>
                <Participant name="OVT" role="scriptwriter" IPDN="FBzmT8eNWzo-Ws" performance="supporting" grossFee="51856534.97"
                     modifier="C" IPI="LmI.yP1QziK.9Gu1Kpvn" birthDate="2020-05-15"/>
            </Participants>
        </Record>
        <Record title="nlv8Q.2kgepL3-l" spins="11171609" ISRC="973X85A190CM" year="6252" producer="IUQjDnM" label="Zfm83e0Nif6ZU"
             recordNo="Eu6X-JO6CRkpY7J5sq8UBbECRaedPP" serialNumber="AhcHb_uxkrO" isPremiere="true" usage="jingle"
             ISWC="t4wdy-SJHWF3XutPDDl5jxGP0" AKA="Av-KK-28RYKOK7xO3ETKNXyux-" genre="jingle" broadcastedFrom="2020-06-25T11:21:16Z"
             broadcastedTo="2020-06-11T11:21:16" runtime="275478143" origin="recorded stream" alternativeTitle="v-5cbQEca-9atKVc"
             recordedFootage="1648349028">
            <Participants>
                <Participant name="qJrBjuUE1666QU4kbYkaczHV" role="remixer" IPDN="maza9XdP6QX68" performance="supporting" grossFee="-1703129896.03"
                     modifier="A" IPI="XmvPob3avR5NUnrfqgVIRsFSma" birthDate="2018-12-25"/>
                <Participant name="v1fQ29." role="remixer" IPDN="XnF3flfDwT.mCZCcgxwUbfKEC" performance="soloist" grossFee="-1609221693.20"
                     modifier="B" IPI="hArFn2R3t08" birthDate="2018-10-29"/>
                <Participant name="NrFeJ1mSdEKWY" role="subscriptwriter" IPDN="B2W6vAfjU8CQ-6" performance="soloist" grossFee="957674640.58"
                     modifier="C" IPI="Gx" birthDate="2020-06-16Z"/>
                <Participant name="v" role="remixer" IPDN="_oYlapuHQBB" performance="soloist" grossFee="882633315.82" modifier="C"
                     IPI="tfi.MZ2vyfccIQ9YXbWrURU" birthDate="2020-01-13Z"/>
                <Participant name="Mq1QlQTT_.cKc7_8" role="scriptwriter" IPDN="JYp" performance="soloist" grossFee="2037019366.55"
                     modifier="C" IPI="JB33OR-WYgA" birthDate="2019-11-25Z"/>
                <Participant name="lqQRD" role="subscriptwriter" IPDN="ILufYd8kcIF" performance="chorus master" grossFee="732559802.49"
                     modifier="C" IPI="zVqoqeU1orvnS6H" birthDate="2020-04-15"/>
                <Participant name="Q-TKmqqUdrG." role="subscriptwriter" IPDN="LeCgt4_GRBNDSb.9yc" performance="main" grossFee="825447974.82"
                     modifier="A" IPI="hrfj3" birthDate="2018-11-06Z"/>
                <Participant name="tIoA-29pJ9nEWl" role="subscriptwriter" IPDN="V5gj-l.tBQOC0ia8PPv9fcTCp30jLq" performance="soloist"
                     grossFee="-846834956.47" modifier="B" IPI="iI0zCrYnPNqI-DmbRJwr8Hqm0tT" birthDate="2019-02-14"/>
                <Participant name="b3jBB4W5sQepWN7Aq" role="producer" IPDN="yajB" performance="soloist" grossFee="-616443930.94"
                     modifier="A" IPI="y2hnrEsdpHOcwangx7_" birthDate="2019-09-13Z"/>
                <Participant name="van1Q-DJd" role="producer" IPDN="Te9auSjvCI8qMyCIy.jT27bT6S" performance="conductor" grossFee="-52382792.93"
                     modifier="C" IPI="Vhm8gzx68C02QDq.bHKJ8x" birthDate="2018-10-16"/>
            </Participants>
        </Record>
        <Record title="tGx" spins="1134421173" ISRC="R3X99EJ277SV" year="6827" producer="lQGhIAsY5k59h-jihnxYEP43_P"
             label="QZ42P0ly1wn0-u3Ge8s-C0eY8" recordNo="XEsR4AvnejuBFVI0OKTDCvlMA" serialNumber="aoOuafnNxH.l2qpkcKfHXtDQ"
             isPremiere="0" usage="broadcast" ISWC="IaTvn" AKA="cYZt_" genre="jingle" broadcastedFrom="2020-05-03T11:21:16Z"
             broadcastedTo="2020-04-12T11:21:16Z" runtime="1108672132" origin="free usage" alternativeTitle="iYHMSjfzbfO6SRKyy"
             recordedFootage="1149693814">
            <Participants>
                <Participant name="v8ZJiEeOEioc6H9mpaC4" role="subscriptwriter" IPDN="m9TLwIYiHtd" performance="conductor" grossFee="1793247461.64"
                     modifier="A" IPI="dcuZ" birthDate="2018-08-20"/>
                <Participant name="KvB" role="music director" IPDN="E" performance="conductor" grossFee="980351409.22" modifier="B"
                     IPI="SGVDk-" birthDate="2019-11-09Z"/>
                <Participant name="FFIlzwewhj6iYvvf5" role="arranger" IPDN="Q9VjGvw5Jr-3b" performance="supporting" grossFee="1750308794.06"
                     modifier="B" IPI="dH-oII" birthDate="2020-01-20Z"/>
                <Participant name="SyFWTJBsg" role="sound engineer" IPDN="mP" performance="conductor" grossFee="-587961622.42" modifier="A"
                     IPI="xYkN67VSqM.91B" birthDate="2018-12-19Z"/>
                <Participant name="MEpWCq.lQUauWxH407F-XPVc3I50" role="remixer" IPDN="PYTTCB1ExHi2Ao8nHUk9" performance="chorus master"
                     grossFee="401642904.10" modifier="B" IPI="j0O5J7Nq0dR.-9H" birthDate="2020-01-27Z"/>
                <Participant name="oCzL21edHRVJQr_uNyz4Vu2Ua7T3" role="producer" IPDN="ct75CemPEZAuyh" performance="conductor" grossFee="-242652829.45"
                     modifier="A" IPI="Q6cJqEMdjEB" birthDate="2019-10-31Z"/>
                <Participant name="Ty1iWu-3Nf6FQzdlcDyc9" role="producer" IPDN="MLdD7gpLYe-giSlsljM-OOHYO" performance="main" grossFee="1471083875.19"
                     modifier="C" IPI="_vdKTiWq8ZXOhK3VVFgHx7FiPsPQ" birthDate="2019-01-24Z"/>
                <Participant name="Ak9djr" role="composer" IPDN="qz_LeKpV4jJy2.dQgo.A5l" performance="chorus master" grossFee="-1278646528.01"
                     modifier="C" IPI="q9oh" birthDate="2019-07-11"/>
                <Participant name="gn32o0" role="sound engineer" IPDN="rXZt0nssGiTc0a" performance="conductor" grossFee="-1011827761.82"
                     modifier="A" IPI="daDV_GdE2AB6FXkh" birthDate="2018-09-26"/>
                <Participant name="r1X0ID" role="producer" IPDN="C7UauvYI8VQO968KKn8QE9" performance="supporting" grossFee="2034502628.12"
                     modifier="C" IPI="a1V9os4xQdaEiCNzQlfzwSh" birthDate="2019-09-20"/>
            </Participants>
        </Record>
    </Record>
    <Record title="nxvLWB_" spins="1568166759" ISRC="HGP8TZGH6F4Z" year="1835" producer="u" label="VKr0MA7WbybX"
         recordNo="Gx0" serialNumber="LMRFx7gG.oR-" isPremiere="1" usage="broadcast" ISWC="HmLuXR0u2EnwoLMgkVI"
         AKA="QU3KcJOkWcz4" genre="spoken word" broadcastedFrom="2020-04-08T11:21:16Z" broadcastedTo="2019-06-21T11:21:16"
         runtime="1240816942" origin="free of charge" alternativeTitle="OBeolpkM3nk5sNWda" recordedFootage="872084128">
        <Participants>
            <Participant name="a4iGB4UvU-_0nvTAgB" role="arranger" IPDN="xgdK159rDp" performance="conductor" grossFee="757350620.46"
                 modifier="B" IPI="OHQaj5aF-unh2hM" birthDate="2019-02-28"/>
            <Participant name="BBADrxq9yNVF.kXHbsvMAckukYDol" role="sound engineer" IPDN="y1p9ePj5HYjmn8Gb" performance="supporting"
                 grossFee="1081907903.08" modifier="B" IPI="_C-nZTDk05jngeReTNp2Q" birthDate="2019-10-27"/>
            <Participant name="MYUjtu9qaYZ27LK7Qbu" role="music director" IPDN="p4JG0.5PYP093mLwrDBob1LN" performance="main"
                 grossFee="-1580642014.82" modifier="B" IPI="G3cMfu_yqBJB4ed.JLJ8K" birthDate="2020-01-17Z"/>
            <Participant name="yXP5WnH0PJNCpw2LyZBSPIEx9B1y" role="music director" IPDN="xRsdw-vlMi8PUFIk" performance="conductor"
                 grossFee="-753316583.09" modifier="B" IPI="chO7ofBBH-yP2ulaega-fc" birthDate="2020-02-04"/>
            <Participant name="liPsRg" role="producer" IPDN="y.RDY1fckJuNJFwx1ICnEDE9Few_5" performance="soloist" grossFee="1055444688.53"
                 modifier="A" IPI="agrsyzo3Jub" birthDate="2019-08-03Z"/>
            <Participant name="x45AvyyaCdR_" role="arranger" IPDN="JSVuMf" performance="supporting" grossFee="-2030111014.18"
                 modifier="B" IPI="KRSo7dSVsl" birthDate="2019-01-31Z"/>
            <Participant name="tyoHDjv7iGR4pYYP.f8Z2qHL" role="music director" IPDN="V-1kqThUfwjYQYC" performance="conductor"
                 grossFee="-71959685.72" modifier="C" IPI="LLkQyIT6EY041YVgv4pPbdZ6xd" birthDate="2018-09-14Z"/>
            <Participant name="m" role="producer" IPDN="cxTgVGeJ4dz5Nmwvt6-O6eVXNw2.2" performance="chorus master" grossFee="-371173343.77"
                 modifier="C" IPI="a6" birthDate="2019-08-24Z"/>
            <Participant name="mbcR" role="composer" IPDN="C4K" performance="soloist" grossFee="-979767841.47" modifier="B" IPI="TpiJNxYj4pPhIf"
                 birthDate="2020-02-03"/>
            <Participant name="tr_3" role="producer" IPDN="OQ-e_hAp0Aq" performance="chorus master" grossFee="-1945838910.85"
                 modifier="A" IPI="B3WdmVT7m4awV_g" birthDate="2019-09-29Z"/>
        </Participants>
        <Record title="AT" spins="1904039178" ISRC="433K041THQR2" year="9706" producer="n2avQS4C8_BFKS.eEbyPC" label="RLujO"
             recordNo="ZjHEv9uZjxBNbv0VdcXEkmH" serialNumber="utxx" isPremiere="0" usage="commercial"
             ISWC="wictrbZkeh" AKA="rx_vh8IQppsUggth_2a6LA" genre="commercial" broadcastedFrom="2018-12-30T11:21:16Z"
             broadcastedTo="2020-05-26T11:21:16Z" runtime="1420504522" origin="free usage" alternativeTitle="gTMQ6J"
             recordedFootage="1195537255">
            <Participants>
                <Participant name="tiGFYEY3ZM3Opo49y" role="subscriptwriter" IPDN="YyT2fIhmyv2eWcD" performance="main" grossFee="340869709.55"
                     modifier="C" IPI="D8CJ96eU3pPDDTcJB" birthDate="2020-03-06Z"/>
                <Participant name="wkziEG9gnTkSF4hP" role="producer" IPDN="Wxyu4MjIf0WG6HL" performance="main" grossFee="-1479262257.11"
                     modifier="C" IPI="gnLVQ0g2Q-ZcA_qrjYTiPcoPiAhEha" birthDate="2020-02-03"/>
                <Participant name="CndtN-lvtEn0pLv1Y" role="remixer" IPDN="jZ.EFqrcXgx" performance="supporting" grossFee="-456759406.60"
                     modifier="C" IPI="IRy0X.RhjlBb7cIqM" birthDate="2019-02-22Z"/>
                <Participant name="HQJP" role="subscriptwriter" IPDN="z-mz39qJh3n9NigMfD1VcvF5" performance="conductor" grossFee="-25421384.88"
                     modifier="A" IPI="D3uip2CWXI.5VYLPb0ALx2rwk1o2" birthDate="2018-09-08"/>
                <Participant name="NyvNXPap" role="sound engineer" IPDN="QGec9Ye" performance="chorus master" grossFee="331894129.06"
                     modifier="B" IPI="zxK" birthDate="2020-03-04Z"/>
                <Participant name="ZtC82mZOMRFRzUDbSYveKKesyBGV" role="composer" IPDN="u2m89aDUTJpX_w.e" performance="main" grossFee="1625034138.90"
                     modifier="A" IPI="z" birthDate="2019-07-13"/>
                <Participant name="mGHJI-WY.gsGyEb" role="subscriptwriter" IPDN="Dk4UK1V" performance="soloist" grossFee="-852795977.51"
                     modifier="B" IPI="oSI" birthDate="2019-07-24Z"/>
                <Participant name="sSkgkQ0CPEPv3L22_rXMsPaf" role="composer" IPDN="Rb3Cgh" performance="supporting" grossFee="-1074752551.91"
                     modifier="A" IPI="va." birthDate="2019-05-09Z"/>
                <Participant name="V4bj52oTufUILxCBne" role="arranger" IPDN="uLEY" performance="chorus master" grossFee="882704764.47"
                     modifier="B" IPI="Xun8DJgW03f-" birthDate="2018-08-02Z"/>
                <Participant name="MLNFcHDxirdU2Pq8bnDjTg2EwjBs" role="arranger" IPDN="rqZTmbA-9IDQHOoXl8.wm5EJ" performance="chorus master"
                     grossFee="48625670.80" modifier="A" IPI="KYDvnvA4CHGpBPT74yZ2FUuzh" birthDate="2019-04-19"/>
            </Participants>
        </Record>
        <Record title="tkbvFODCL7plieEkpakYi.7O" spins="1438618835" ISRC="5KP3C69M3DYI" year="2095" producer="CXjPMUyZeaG"
             label="S0kx_snTMo2zLfkke0kfFk" recordNo="ucm9e5dCaj" serialNumber="HXsWo71G4G3rwe" isPremiere="0"
             usage="broadcast" ISWC="R59A0WiCQLo1t6x2oa_eiWiQrxA" AKA="QEtXOqAol1Vtep" genre="commercial"
             broadcastedFrom="2019-05-28T11:21:16Z" broadcastedTo="2018-12-12T11:21:16" runtime="1986157206"
             origin="self" alternativeTitle="kJz0oIVtRsnnXOgBke9Dp" recordedFootage="317640137">
            <Participants>
                <Participant name="bDsCEE.g8nBuR9q4Dc" role="remixer" IPDN="HSuRNjlw8O-S9A7qzfupVgITxv.04c" performance="main" grossFee="-1129428700.82"
                     modifier="A" IPI="TxK5wSXdK7prS9" birthDate="2020-05-11"/>
                <Participant name="GiV" role="arranger" IPDN="AnzUvQxLitJK0YkTH_V66q9Vc" performance="soloist" grossFee="-1396775682.89"
                     modifier="B" IPI="l" birthDate="2019-01-05Z"/>
                <Participant name="fIedXvpv9T.no4RRg7Y3Alx" role="remixer" IPDN="EHD5EQLH2ShxHsFBq" performance="soloist" grossFee="1777685641.64"
                     modifier="B" IPI="sZTWoqqv" birthDate="2018-07-25"/>
                <Participant name="L_musc-V8jY1" role="producer" IPDN="s" performance="supporting" grossFee="183595006.52" modifier="C"
                     IPI="rgz._xOp-8o8qb8eME6sTmzr" birthDate="2018-11-16Z"/>
                <Participant name="TGee.VmZ_rXI1kU" role="subscriptwriter" IPDN="pLfeAtY" performance="conductor" grossFee="-1513733684.59"
                     modifier="C" IPI="OMO6" birthDate="2019-08-08Z"/>
                <Participant name="wVDUQ.SiDJ" role="performer" IPDN="NAdnjid_-ZCqNMQhp-oEW7iq" performance="chorus master" grossFee="161985947.50"
                     modifier="A" IPI="L" birthDate="2019-08-03"/>
                <Participant name="vZKmIfr" role="music director" IPDN="q65cIGk1DElTWcLQNUZkQs8KS_" performance="supporting" grossFee="-1235972399.98"
                     modifier="C" IPI="ni.H7WyM" birthDate="2018-09-10Z"/>
                <Participant name="PW7IdeydhOBHutmWX" role="performer" IPDN="ZpmTYPHCYH2IuTz03Ljh1fVUg9YQOf" performance="main" grossFee="1241163450.79"
                     modifier="C" IPI="c4Ezu" birthDate="2019-06-20Z"/>
                <Participant name="SDuR2jmh" role="sound engineer" IPDN="WOQS8YjW_Uq.EIl092gLamW8xN9.b" performance="supporting"
                     grossFee="-9288729.16" modifier="A" IPI="Gvm" birthDate="2019-01-06Z"/>
                <Participant name="CklF5pja-MncZ5Jh._" role="scriptwriter" IPDN="wSul" performance="chorus master" grossFee="1328154086.06"
                     modifier="A" IPI="c0woojTgNVjqTMTFgAYBn" birthDate="2020-06-16"/>
            </Participants>
        </Record>
        <Record title="AkFa1G.gXFx" spins="1733989315" ISRC="9H4KZR6ON56N" year="8476" producer="qGLvJoh5io9jiXgYG20ad51Tw"
             label="mdh9CjmhgwG96trmYio281h5" recordNo="xE-OvW2" serialNumber="MtnC7HGRiE-5eWdykFF2q"
             isPremiere="false" usage="jingle" ISWC="G9" AKA="cA2" genre="spoken word" broadcastedFrom="2019-07-01T11:21:16"
             broadcastedTo="2019-12-06T11:21:16" runtime="1414681839" origin="free of charge" alternativeTitle="Um3k5M.tqZzIipXF00q4N5-7"
             recordedFootage="1143471658">
            <Participants>
                <Participant name="fwk6XB39NBlOUABTDHnJe_O38" role="sound engineer" IPDN="qPURgOY" performance="soloist" grossFee="-1059745174.63"
                     modifier="A" IPI="xEHNnQ7F_x" birthDate="2019-01-23"/>
                <Participant name="gy" role="remixer" IPDN="PUWcE" performance="chorus master" grossFee="1658097593.35" modifier="C"
                     IPI="Ewlf8ZbsBGPwviXLLTNetKYh" birthDate="2019-12-07"/>
                <Participant name="B8FsFytM.-0Q9r" role="performer" IPDN="ce8vNRFcC6w063IBMhNt_sGTTWBrR" performance="conductor"
                     grossFee="-185801909.47" modifier="C" IPI="ouehwM6teKhtHM_rwPf0TcEP" birthDate="2019-01-25Z"/>
                <Participant name="NdvM3rSLlU8EY" role="sound engineer" IPDN="J.sMS9s0MsZpgwDwGGh2dV_nZI" performance="chorus master"
                     grossFee="-588125504.28" modifier="C" IPI="yQmspFph2hr.h7w3WzCP_Y6y_wh" birthDate="2020-03-11"/>
                <Participant name="aHjJvR7BCv6.OvR" role="scriptwriter" IPDN="udy9v2a_jOZAJxhknWhhNR4xmI" performance="conductor"
                     grossFee="-1560973040.49" modifier="C" IPI="Xdlmm4klxOULOisSIIrOL97ii" birthDate="2019-10-08"/>
                <Participant name="GGstKMNLfUUDK_C" role="subscriptwriter" IPDN="qDNPj1cfinFHAKeUVn" performance="supporting" grossFee="1509598511.88"
                     modifier="C" IPI="gDECVVXB.HN-r_JpzbnV" birthDate="2018-08-10"/>
                <Participant name="FUFCERLl" role="sound engineer" IPDN="WLJSj" performance="soloist" grossFee="-1790428112.60" modifier="C"
                     IPI="i0Hghg6MclgysmW2yq_DSik0WA." birthDate="2018-08-30"/>
                <Participant name="XM4m56zEvn2w0Ld3Y8q3Ea84Ja" role="sound engineer" IPDN="zoXkIf2L6_a-LbW6CQu-pjZvA6" performance="main"
                     grossFee="1566977473.74" modifier="A" IPI="vcjZ0j34aL_" birthDate="2018-10-06Z"/>
                <Participant name="HfujlznZS7.pijoslEtG_c" role="music director" IPDN="Y8TLqXcjzJ0mcLW" performance="main" grossFee="801169100.25"
                     modifier="B" IPI="fTA1u1JpiDon1Jzng" birthDate="2020-04-17Z"/>
                <Participant name="f69I" role="subscriptwriter" IPDN="OkaNCe7_n13oYVW2N" performance="supporting" grossFee="810805774.73"
                     modifier="A" IPI="YYqaZE" birthDate="2020-03-15Z"/>
            </Participants>
        </Record>
        <Record title="IajzGR1oriytWPvgM" spins="190119322" ISRC="RAG0M0FSTCG0" year="8472" producer="g" label="GSrkGYOo95D0ZgfBWDYYr"
             recordNo="nddMdFgC8tpZx_Cerd_KdbDQsf" serialNumber="AQoTuL" isPremiere="0" usage="commercial"
             ISWC="CZbD800JtTEo" AKA="ORF.wPElp" genre="pop" broadcastedFrom="2018-09-06T11:21:16" broadcastedTo="2019-10-24T11:21:16"
             runtime="1699534635" origin="live broadcasting" alternativeTitle="hBdAMvYEL0VIlAMSiY_5A"
             recordedFootage="308370159">
            <Participants>
                <Participant name="mVJxX6V6O9-0NBnbm1H30" role="scriptwriter" IPDN="PTD_rdRV" performance="soloist" grossFee="438192338.08"
                     modifier="C" IPI="ch.0" birthDate="2020-04-21"/>
                <Participant name="eq5ucDK" role="composer" IPDN="pkZocHhe" performance="main" grossFee="449821667.08" modifier="C"
                     IPI="M7kuRjlZ_wbyapdruIs" birthDate="2019-09-28Z"/>
                <Participant name="YKuLOfp8IFWB3trMkL" role="remixer" IPDN="j" performance="conductor" grossFee="1461965012.80" modifier="B"
                     IPI="uJ7z" birthDate="2019-06-27Z"/>
                <Participant name="ix7tI8vk.PEw6jR" role="remixer" IPDN="Vp7pDEnp6TEWyXf1bsZt" performance="supporting" grossFee="-724904004.42"
                     modifier="A" IPI="wEqsXRk6Gu" birthDate="2019-06-24Z"/>
                <Participant name="tSCk.tnpaovmdmqzD8m" role="producer" IPDN="vs" performance="main" grossFee="2002919460.92" modifier="B"
                     IPI="Ws7bhbXW2nFypPm" birthDate="2020-02-05"/>
                <Participant name="YnDOHnxkE426RusjR6f-F9ZOj2" role="performer" IPDN="lYopiritNBGxtxtDY" performance="soloist" grossFee="-518683865.62"
                     modifier="C" IPI="lwX5y3-TGkWXvfynpBbK9j" birthDate="2020-01-03Z"/>
                <Participant name="wxOj" role="subscriptwriter" IPDN="ForwyNjOqDjb-w.ahDzuO" performance="chorus master" grossFee="-2020176667.61"
                     modifier="B" IPI="HwwnksWtwi1PasB.TG-Fc0QKuYp" birthDate="2018-09-28Z"/>
                <Participant name="RhmKiZCsd99L" role="scriptwriter" IPDN="vd6nMjmRnTGZkk9Z6c0ocb7.YH" performance="soloist" grossFee="1204699155.18"
                     modifier="B" IPI="YGWKsbQa" birthDate="2019-02-28"/>
                <Participant name="oa01bD7LKgwfW7YxU6SFLv78-3y4Y" role="subscriptwriter" IPDN="ACO.Ts0IYna_nPdoBRvK_Mi" performance="supporting"
                     grossFee="-649575453.92" modifier="B" IPI="rd7OEe-yy" birthDate="2020-01-31Z"/>
                <Participant name="dC_6Jh3IUNWFS-Ty7Je56S" role="performer" IPDN="oZ4Zb" performance="conductor" grossFee="-1196000256.38"
                     modifier="C" IPI="FaX0NAOLnnzpOXMR9" birthDate="2018-09-03"/>
            </Participants>
        </Record>
        <Record title="o8bCIDtnPRmElermyY74KwYQeH26dp" spins="822873930" ISRC="CHL880W1RML6" year="7673" producer="F.fnhTCT"
             label="sGVWQInxXs9w1RnHebm07MO_6" recordNo="UC" serialNumber="CJGkYuGKFn" isPremiere="1"
             usage="commercial" ISWC="QntURGzyW3kxzz0cdcPlo" AKA="mtokfdRfQRjg4m2xCYZi-VCr" genre="composed"
             broadcastedFrom="2019-05-27T11:21:16" broadcastedTo="2019-04-05T11:21:16" runtime="1247004541"
             origin="commercial" alternativeTitle="zHEZIZ2rkfjFJjI9P-iKbjZ.6xz" recordedFootage="1745657105">
            <Participants>
                <Participant name="KJ3f9EyigHPsak6DOhab43yF" role="remixer" IPDN="AEzeLV." performance="conductor" grossFee="-937662252.55"
                     modifier="C" IPI="cwCI" birthDate="2020-02-13"/>
                <Participant name="vLWSfMw4Lt318vM80V1IWCD" role="performer" IPDN="LKBZCsfSn1mQ74zlHk" performance="soloist" grossFee="1284301809.22"
                     modifier="B" IPI="Vz5pH.dZgFzdEwutZj" birthDate="2020-05-05Z"/>
                <Participant name="JPDsXJi47Tmh-mzn" role="producer" IPDN="FkAMoS7Qtme_ZWnJ" performance="conductor" grossFee="234192735.82"
                     modifier="B" IPI="U8CCKYm1ysCUIoSNDKkZR" birthDate="2019-06-02"/>
                <Participant name="okIP6H1a-aKhrmsfYYUxp4Vhyr" role="subscriptwriter" IPDN="OiflBjgHUY4RO" performance="conductor"
                     grossFee="-1256412829.81" modifier="B" IPI="Dr5" birthDate="2020-01-14Z"/>
                <Participant name="jLfRH_Nnzndhba" role="arranger" IPDN="X2hEdRVa-_TyulONKUyVHVd0vKsF" performance="soloist" grossFee="-988856122.68"
                     modifier="A" IPI="MdOAdleDODhT3lJ" birthDate="2018-12-22"/>
                <Participant name="C6vTwQdcuA-h8vvAJMY" role="scriptwriter" IPDN="KsX9IR1RhWt23H9Hs" performance="conductor" grossFee="-162389561.51"
                     modifier="B" IPI="nhoP0JIL3Z7-3zJ3XqtRK6uS" birthDate="2019-11-22Z"/>
                <Participant name="fnF0TFIen" role="performer" IPDN="fh6c_qDCEhhAMDHO-.1qoF" performance="chorus master" grossFee="-1421006329.10"
                     modifier="A" IPI="fXmoF7kWm" birthDate="2019-09-12Z"/>
                <Participant name="q" role="subscriptwriter" IPDN="MZoZJekHANCWN22O-3y" performance="chorus master" grossFee="-1602054758.95"
                     modifier="C" IPI="My28VMe" birthDate="2020-01-23Z"/>
                <Participant name="lHWC-Q" role="music director" IPDN="W04qtNERJPtC-fXKAK" performance="supporting" grossFee="-484347303.82"
                     modifier="C" IPI="TgFLkkoFNX" birthDate="2020-05-26"/>
                <Participant name="a54A5l3V8fkMI4K8vWEfcPpUk3j" role="arranger" IPDN="oGTCgB" performance="conductor" grossFee="145078199.19"
                     modifier="A" IPI="iccaFVifOUzVelUho5sh" birthDate="2019-09-26Z"/>
            </Participants>
        </Record>
        <Record title="P6lR5nMjdyvR-0Uo21Cq" spins="1984886099" ISRC="940X6N4YUR8Z" year="6793" producer="TPUSlm4qfKRcYmDVhbJSyF"
             label="RNvr.9UM00" recordNo="XFD.v9TOdKl" serialNumber="_qid4An9zTAk1.PF" isPremiere="false"
             usage="broadcast" ISWC="h.tslNvDYzw32d9aIRs_" AKA="r1ca1J" genre="jingle" broadcastedFrom="2020-05-29T11:21:16"
             broadcastedTo="2019-12-22T11:21:16" runtime="1102516936" origin="live stream" alternativeTitle="SVSY4.cZtX."
             recordedFootage="1523881013">
            <Participants>
                <Participant name="jF3N4t.hkmtD" role="scriptwriter" IPDN="JCuQdgDJuZmH6CdInusISf" performance="chorus master" grossFee="490418840.12"
                     modifier="A" IPI="kVLMnxDy" birthDate="2018-08-04"/>
                <Participant name="aKkBrQRwhhH0hsnl197eVUiOjr3" role="producer" IPDN="EomB3QbkwJEQ3_tRjdcQ" performance="chorus master"
                     grossFee="-1624283401.29" modifier="C" IPI="Vt_eSj.LRES-U0-srV0NjaHQYN" birthDate="2020-04-06"/>
                <Participant name="WWOBrHLd8oSP27DlOhZ8Mg" role="composer" IPDN="a0.OBsLI" performance="soloist" grossFee="1823330277.30"
                     modifier="A" IPI="Jg74O.tEhETMy7y" birthDate="2019-06-12Z"/>
                <Participant name="wo.xnB-rwf8mFGaY.tWmiNW-" role="arranger" IPDN="SNpO" performance="chorus master" grossFee="695495965.17"
                     modifier="B" IPI="jndhTnG-9h_bUg" birthDate="2019-02-21Z"/>
                <Participant name="RoTe18ZyyR2HH" role="performer" IPDN="I3FV7TWNMe5" performance="soloist" grossFee="-739140411.66"
                     modifier="B" IPI="UdBDKaWCWn_UM.FiOLD" birthDate="2019-01-05Z"/>
                <Participant name="cW" role="performer" IPDN="MCi01tjGL" performance="chorus master" grossFee="-744600840.49" modifier="C"
                     IPI="Ly2gVOo8C" birthDate="2020-01-18Z"/>
                <Participant name="RWwzgPab_PRj7s5G-tSy" role="sound engineer" IPDN="_e7E5XvvY59b" performance="conductor" grossFee="1961644446.86"
                     modifier="A" IPI="nWvhMN8A8gfjMErLRi" birthDate="2020-05-18Z"/>
                <Participant name="b9QP8Y41-lPVI_e" role="performer" IPDN="BZ" performance="chorus master" grossFee="-786499003.75"
                     modifier="C" IPI="Oqq" birthDate="2019-06-29"/>
                <Participant name="j_xI67B_ALn1So" role="performer" IPDN="i.8BMoZyhW5C" performance="soloist" grossFee="-1860712178.32"
                     modifier="A" IPI="_" birthDate="2018-10-07"/>
                <Participant name="TTS" role="music director" IPDN="aXhb0." performance="chorus master" grossFee="-290845070.47"
                     modifier="C" IPI="CYEvAtK_4ahc7lswbFf2" birthDate="2018-12-16"/>
            </Participants>
        </Record>
        <Record title="gG9k" spins="2019029420" ISRC="X5FIM12V3X32" year="6612" producer="wHsxzNVu1CjJNfFZ3As.iYyOmlmS5_"
             label="PDALw2E8Y4u1qlSoltTOy" recordNo="sNyPhakAKT.GLn8iO9h" serialNumber="DesBjIp8muAvMoeLg8znouvNmUi7m"
             isPremiere="0" usage="broadcast" ISWC="FBq" AKA="N0Pqt" genre="pop" broadcastedFrom="2019-08-10T11:21:16"
             broadcastedTo="2020-03-19T11:21:16Z" runtime="1901306525" origin="recorded stream" alternativeTitle="u33R610L6tRKwhjsFR1p"
             recordedFootage="1223845925">
            <Participants>
                <Participant name="ZH3WAiJh" role="sound engineer" IPDN="_vT8v8RBt.ybLq38R8C4Yq7AEYZ" performance="main" grossFee="889628956.10"
                     modifier="B" IPI="gwoWM_-oGVFI6.i3tgd_hhaVKNZZ5" birthDate="2019-08-09"/>
                <Participant name="kcfcKFrdf1" role="subscriptwriter" IPDN="lh-AtDBT_Fzn3ScvkZOIn7iX5OJd2" performance="conductor"
                     grossFee="-667433846.37" modifier="B" IPI="sgNcz" birthDate="2019-06-22"/>
                <Participant name="adU6y8IJZ.u" role="sound engineer" IPDN="iVKP.9" performance="chorus master" grossFee="-996749325.74"
                     modifier="A" IPI="qtBM26ZpHhSvfX_mm4q62V5" birthDate="2018-12-07Z"/>
                <Participant name="Q7jbBKQhM533vVLXhXPw7NsrlbD" role="remixer" IPDN="QByU.7WxfP2gaC-PJ4jeGvdMJ" performance="soloist"
                     grossFee="-1141915124.08" modifier="C" IPI="hhx2wL" birthDate="2019-05-04"/>
                <Participant name="TJzPJ-jP2Lg4PxIb8il" role="music director" IPDN="dkHj230c7775" performance="main" grossFee="449059798.43"
                     modifier="C" IPI="Ck59c7UKffeS" birthDate="2020-02-16Z"/>
                <Participant name="SB" role="producer" IPDN="_H" performance="main" grossFee="-639082890.64" modifier="B" IPI="KV..0lAYa"
                     birthDate="2019-07-23"/>
                <Participant name="Sb-89ABzsGO-.M4S-HLSpDyiIhtsa" role="scriptwriter" IPDN="IblnNc1SFV64S" performance="main" grossFee="1552445275.76"
                     modifier="B" IPI="_FPGWM1z0_" birthDate="2018-11-27Z"/>
                <Participant name="Kd4JyYEKlohz2" role="producer" IPDN="yDaNGqEoEc.pfZbjPDLhVrrHpNS5m" performance="conductor" grossFee="-1780689189.34"
                     modifier="A" IPI="p" birthDate="2018-11-03"/>
                <Participant name="DwRkQzzvgRluOaaNgQVJB2GyY" role="performer" IPDN="FYYFAAZYvAa3e9N" performance="main" grossFee="1112553842.01"
                     modifier="B" IPI="AXRNei5dmul_tBmvnw8nnn" birthDate="2018-10-20Z"/>
                <Participant name="NxAK" role="performer" IPDN="QZlO_Y3p01l" performance="supporting" grossFee="266735870.84" modifier="C"
                     IPI="NoDhJ" birthDate="2019-06-05Z"/>
            </Participants>
        </Record>
        <Record title="aGeJ" spins="309303763" ISRC="MI7GU7V92F65" year="1716" producer="M92xR3IzuFet" label="wv" recordNo="WYp9ehWwqujOkGbIeIkA"
             serialNumber="okWsaVfI7Z9u7NWt42" isPremiere="true" usage="jingle" ISWC="nX" AKA="kxNX.D2k5"
             genre="commercial" broadcastedFrom="2020-03-05T11:21:16Z" broadcastedTo="2018-10-22T11:21:16Z"
             runtime="205532236" origin="free of charge" alternativeTitle="uMHEf8kifGElQgr1wrI0LVR" recordedFootage="592166759">
            <Participants>
                <Participant name="Bu.SpYa7owZE0t7GYAUZl9e" role="producer" IPDN="HpTb8_lEGrZi" performance="supporting" grossFee="1067120261.11"
                     modifier="B" IPI="tLLvBVLgJ49PHGqEVMWDrlU8BDjqDW" birthDate="2019-03-26"/>
                <Participant name="x8OAdOWwY_ksap" role="subscriptwriter" IPDN="BPQYbD5vIsR4E" performance="conductor" grossFee="-1608912432.14"
                     modifier="C" IPI="ReurKyM2ZGTq" birthDate="2019-01-12Z"/>
                <Participant name="buUdwi-7GVerANj9YBNjBewj" role="subscriptwriter" IPDN="LrCY0rucCZHpRZgd7rMkH8CU" performance="conductor"
                     grossFee="17737982.78" modifier="B" IPI="l" birthDate="2020-04-05Z"/>
                <Participant name="Wj37PDUl" role="arranger" IPDN="fHfwUH2Cx0XjNrRALwOEr6s" performance="soloist" grossFee="1616465920.04"
                     modifier="B" IPI="aSRmU" birthDate="2019-08-01Z"/>
                <Participant name="jismL" role="sound engineer" IPDN="QnFX8Jo" performance="soloist" grossFee="1464657295.71" modifier="A"
                     IPI="o45AMBfQ" birthDate="2019-01-07"/>
                <Participant name="PdAT0Nfb" role="subscriptwriter" IPDN="w2vxeW87" performance="supporting" grossFee="-1795574683.21"
                     modifier="B" IPI="t_A8kR2z_R3PiNsHlPqsoyfEh" birthDate="2019-08-10Z"/>
                <Participant name="WTxl6XB13.nJqvt" role="arranger" IPDN="x4BpkjabLZ_OqG77ciudr" performance="soloist" grossFee="1553444224.68"
                     modifier="B" IPI="mPummQFev2d3Xw" birthDate="2018-09-30"/>
                <Participant name="QujROsCoz" role="performer" IPDN="hPWsVfR" performance="supporting" grossFee="769251712.32" modifier="A"
                     IPI="c1RIyNg0" birthDate="2019-07-11Z"/>
                <Participant name="yhptu" role="sound engineer" IPDN="D7xxVqyey0.xdlXUYZ2wepBys" performance="soloist" grossFee="-1503311082.24"
                     modifier="B" IPI="cLjQM4ibYEvuGGqEncvdA4GECTA." birthDate="2018-11-02Z"/>
                <Participant name="JT1vHHoxIO6P.a-FxNwryY" role="remixer" IPDN="svZbqF4oLANdo5ejtGm" performance="conductor" grossFee="700160941.02"
                     modifier="C" IPI="EYSkCr" birthDate="2019-09-01Z"/>
            </Participants>
        </Record>
        <Record title="I-PE" spins="338010399" ISRC="F20QP8A51NZW" year="1123" producer="HJcM26tYo0tJkon" label="AKM2v7E4yc6_RAdqdQ"
             recordNo="DFe6t6Lpx.SWvtyD" serialNumber="ijWXfbt9nsz" isPremiere="0" usage="broadcast"
             ISWC="jZwMeuIieNKJcsjGQ8.xE" AKA="XPNm3BwI5ENVOgL2iWTDD2x" genre="spoken word" broadcastedFrom="2018-11-05T11:21:16"
             broadcastedTo="2019-10-01T11:21:16Z" runtime="1820656654" origin="commerce" alternativeTitle="Fb60"
             recordedFootage="1026753382">
            <Participants>
                <Participant name="L-LniKNAHScAbmsCBAw1B5h5" role="remixer" IPDN="MAeezCHUEyoaaiMtiRqtT" performance="chorus master"
                     grossFee="-571762082.27" modifier="C" IPI="cBPJSm.t3rPPhpzI4FIxoiUIUd" birthDate="2020-02-25"/>
                <Participant name="f3MePbeRkz4m2JjKb" role="remixer" IPDN="r4lcw." performance="soloist" grossFee="-279299068.46"
                     modifier="B" IPI="q" birthDate="2019-12-22"/>
                <Participant name="nd53dSRseD" role="remixer" IPDN="elxcABSa_8D_29eqYWP" performance="main" grossFee="1065473110.73"
                     modifier="C" IPI="c" birthDate="2019-07-24Z"/>
                <Participant name="W60c7atIH2n-pfgWW4_IP7tfsr" role="producer" IPDN="hpf" performance="main" grossFee="-1225890089.67"
                     modifier="C" IPI="IK" birthDate="2018-10-31"/>
                <Participant name="mi-nD.jTUgklDFkGdVwqdYrgFo" role="sound engineer" IPDN="V4" performance="main" grossFee="1450045397.35"
                     modifier="C" IPI="W0" birthDate="2019-03-08Z"/>
                <Participant name="wm" role="subscriptwriter" IPDN="o7PwGcXANglTL1MHLieOM" performance="conductor" grossFee="1160066066.18"
                     modifier="B" IPI="KTSzvbhWrGWZdS5BeSMtoA5y" birthDate="2019-08-03Z"/>
                <Participant name="toGU6QPBEOm.LJd" role="arranger" IPDN="fquH556wsJUvmGWkmQ2DwZ817" performance="main" grossFee="-1803137325.66"
                     modifier="B" IPI="XNmyATImSAuCMBM" birthDate="2018-09-02Z"/>
                <Participant name="WI.PI8a" role="arranger" IPDN="TtciVAe5pwJY_" performance="conductor" grossFee="1822820848.87"
                     modifier="A" IPI="cWeHAs0dPLR3w-SD5MIjiJc" birthDate="2020-01-04Z"/>
                <Participant name="B7dpX-9qMh" role="producer" IPDN="spGo-7eTiTdx4kioXEiS" performance="main" grossFee="-761192138.91"
                     modifier="A" IPI="xKNp44Huff78MKTLE" birthDate="2020-06-20Z"/>
                <Participant name="Zac" role="scriptwriter" IPDN="r9" performance="conductor" grossFee="484481756.39" modifier="C"
                     IPI="CimE" birthDate="2019-11-10"/>
            </Participants>
        </Record>
        <Record title="WOFhU144yaxfv2U" spins="617573512" ISRC="WT558D020Y15" year="4741" producer="UKN7v3yhoNGlA.3BmX8Z."
             label="QPpAocBq-bfd1BB09gXaF8" recordNo="lVcGc5m" serialNumber="WSF5Okm026SAZ.re1CL8aYxm4TDqq"
             isPremiere="false" usage="broadcast" ISWC="SKI5vYtYXzwmsR" AKA="rqERlhs" genre="spoken word"
             broadcastedFrom="2019-04-07T11:21:16Z" broadcastedTo="2018-12-30T11:21:16Z" runtime="2091030982"
             origin="commercial" alternativeTitle="UH" recordedFootage="1082486836">
            <Participants>
                <Participant name="rvE-72d3TuhOAAxpIEJDJ" role="performer" IPDN="aN060u.ckUPHrd" performance="main" grossFee="-874471875.79"
                     modifier="A" IPI="FtmqxfGx6aZJm6fUpY34oYIMW-7O." birthDate="2018-12-13Z"/>
                <Participant name="N4RwWWeTEx36hrM9CPkjVSEIDB" role="composer" IPDN="xGAsEwGu" performance="supporting" grossFee="1557150984.73"
                     modifier="A" IPI="FA3kfgfag" birthDate="2019-09-27Z"/>
                <Participant name="v3JRtfnu0Bfzfg44uaiTVHLwIYzXU" role="performer" IPDN="_q6nNROG8MK0M8rzSkSXr2" performance="conductor"
                     grossFee="824967307.85" modifier="A" IPI="ZZ9RS76LXh" birthDate="2019-10-09Z"/>
                <Participant name="AH9OtSj.s.0e.KwpR_AyrH.k1kVaY" role="subscriptwriter" IPDN="YhJ5VUhMvCgGYooE6XZZATE" performance="main"
                     grossFee="-567309975.86" modifier="A" IPI="aaPNQkJrhqwWxnXDjLMV5xSNAU" birthDate="2018-07-22"/>
                <Participant name="lijnCJw2SVDKxz" role="subscriptwriter" IPDN="Rf_Vbrp1hCb8Q5z.hcU9XRN8tUuF" performance="chorus master"
                     grossFee="-956584415.14" modifier="C" IPI="hLKi_h38L9v7ZDJNU81zFr" birthDate="2018-07-29"/>
                <Participant name="QwYVqmo4d3hLOWdt6TSnNM5cpV98" role="remixer" IPDN="NA0bgdcBAPK8uen" performance="chorus master"
                     grossFee="2074324141.42" modifier="A" IPI="pJbQIqfHK.AdGh7aunf" birthDate="2018-07-22Z"/>
                <Participant name="ZB.ZZ7-NOt4b" role="arranger" IPDN="Fo9ug.GIsKbVnN7.mPhw_sST0X" performance="soloist" grossFee="-202563940.08"
                     modifier="A" IPI="HOvaviaX2VV" birthDate="2019-08-21Z"/>
                <Participant name="K-mWy" role="remixer" IPDN="za.FMyv6S1Aq" performance="conductor" grossFee="1714243196.40" modifier="A"
                     IPI="JDvO5JmP_" birthDate="2020-04-12"/>
                <Participant name="i-xtZ" role="scriptwriter" IPDN="N-E" performance="soloist" grossFee="-802757758.86" modifier="A"
                     IPI="Ef6qK7L1bmGdDLJc8z" birthDate="2019-08-21"/>
                <Participant name="APKDLb_18q11" role="music director" IPDN="VHUpSahRA55SXZcK3fj-hNOb" performance="soloist" grossFee="-68176780.83"
                     modifier="C" IPI="t" birthDate="2018-09-18Z"/>
            </Participants>
        </Record>
    </Record>
    <Record title="sm5uMD-yd9maV_" spins="1487365619" ISRC="C1I11Q0308J6" year="9617" producer="uhODgXMrT41Nkv.gKqEduz"
         label="a9fbYwX2" recordNo="fihrOgC5138CCwPmz_E7oR" serialNumber="Qhbs0u4V" isPremiere="1" usage="broadcast"
         ISWC="gpQQhZinw6LSTNqJnvXXIAmz4C" AKA="Z" genre="commercial" broadcastedFrom="2020-01-25T11:21:16Z"
         broadcastedTo="2019-08-28T11:21:16" runtime="1192939084" origin="commercial" alternativeTitle="nbjCjno8vEyNwpH-8sbcWAHiW8d"
         recordedFootage="949536482">
        <Participants>
            <Participant name="J" role="subscriptwriter" IPDN="fS8ZIuU7f8D0zbFcgKKCyNt" performance="conductor" grossFee="2043317958.05"
                 modifier="C" IPI="oi5z65CjGeFV0y4rq12jyE" birthDate="2019-07-23"/>
            <Participant name="b174R8Z3QTZ9HS5p4UMWlTxY8w1ez" role="producer" IPDN="v" performance="chorus master" grossFee="-525662844.63"
                 modifier="C" IPI="QV" birthDate="2020-06-27"/>
            <Participant name="Esjp05yJ4j7H2MSdpJVnr2g969Y0" role="subscriptwriter" IPDN="ifmtMIRAFjtwq3zpiS2" performance="soloist"
                 grossFee="-1136445370.93" modifier="A" IPI="YNENba0J" birthDate="2020-02-24Z"/>
            <Participant name="Zw62DTHyiO8-EE" role="subscriptwriter" IPDN="Noevu-2.6kl6.6zpK" performance="chorus master" grossFee="50218901.91"
                 modifier="B" IPI="vTsw80i_ak2Y65TZWn5k" birthDate="2020-06-02"/>
            <Participant name="Q" role="subscriptwriter" IPDN="g." performance="supporting" grossFee="-1297799820.97" modifier="B"
                 IPI="OxSO" birthDate="2020-06-18Z"/>
            <Participant name="TZPS7" role="scriptwriter" IPDN="mva1evFtTyQbGj5IU5njD8u" performance="supporting" grossFee="-1630224269.22"
                 modifier="B" IPI="tmv8BJCFo0GBZa" birthDate="2020-05-19"/>
            <Participant name="fGCs9NMOHy" role="music director" IPDN="dyLVEmUqQ0pEgQevbYFYCrz_m" performance="chorus master"
                 grossFee="-1765927662.02" modifier="B" IPI="iKDyLlZeEsq_QloMTpw1AC" birthDate="2019-10-05"/>
            <Participant name="HgOhV7-H_6ptyUP" role="music director" IPDN="Q-P5BZekzyjHnldZibdgiF5KH1RQ-k" performance="supporting"
                 grossFee="-291045243.76" modifier="B" IPI="csRDM5-dtoNjr5Y6Zov" birthDate="2018-10-14"/>
            <Participant name="dJXGv8XqF" role="music director" IPDN="MGjALL9AqrkQDJNJ4ff" performance="conductor" grossFee="-1995637934.28"
                 modifier="B" IPI="sZwSennxr2-j96-L" birthDate="2019-09-20Z"/>
            <Participant name="OkDQEUeWT5gqn5f" role="performer" IPDN="ohKRujVfaW9q8HxUnHY6-qol" performance="supporting" grossFee="-1631336722.61"
                 modifier="B" IPI="ouTq" birthDate="2019-05-24"/>
        </Participants>
        <Record title="lA.028CDpJ-bGzGs" spins="1971090801" ISRC="WE529772QV8O" year="8135" producer="kMz.2gPX.wP861f3b8.FkNvq7j4Y_2"
             label="SqnHlFqEs.yvmfp_0IRnnI-lQBfyIm" recordNo="Bwrn" serialNumber="j-5gc50wlECHim7GN6coNAt_k7i"
             isPremiere="false" usage="broadcast" ISWC="CNReeLgt" AKA="ERC-AhT" genre="pop" broadcastedFrom="2019-03-02T11:21:16Z"
             broadcastedTo="2018-07-06T11:21:16" runtime="1414495656" origin="report" alternativeTitle="gOi_8n_Inz4NYKhrix646oZpr1j1"
             recordedFootage="1183660913">
            <Participants>
                <Participant name="fRo84wR7iU-JagU1m8_b" role="performer" IPDN="cQ3z4DryKVYnht3kQYnBHI" performance="soloist" grossFee="886301310.26"
                     modifier="A" IPI="NI4xjzm8V7oalWx0xXEd" birthDate="2018-11-23"/>
                <Participant name="Xu2940-n96.ej-zpb9" role="performer" IPDN="gHNmBEAaQLIrhm" performance="main" grossFee="617140850.51"
                     modifier="C" IPI="zjJ4" birthDate="2018-08-03"/>
                <Participant name="WrQq_qhFWZ" role="producer" IPDN="zjlGm98l" performance="main" grossFee="1191218684.85" modifier="C"
                     IPI="nYirXnP6lC4BRM.ASnu" birthDate="2019-07-24"/>
                <Participant name="fQWfRHWkJ1U6A" role="sound engineer" IPDN="gexSM" performance="main" grossFee="-701026983.72"
                     modifier="A" IPI="Se6fDradNX" birthDate="2019-06-29Z"/>
                <Participant name="tnkm" role="composer" IPDN="zELcChj55XDu" performance="chorus master" grossFee="-346242835.94"
                     modifier="A" IPI="z.Wu0TUSZRSmz0" birthDate="2019-05-18Z"/>
                <Participant name="KPHumHUa1RzjnWaF8h3_gWFZoS" role="performer" IPDN="YoiVT-D7xrfMthaRvy_FSV" performance="chorus master"
                     grossFee="734129810.68" modifier="C" IPI="PfkhahOYZEHSn5LlqkLG" birthDate="2020-03-03"/>
                <Participant name="sxE4" role="subscriptwriter" IPDN="kDdjnhViV" performance="main" grossFee="1872681954.53" modifier="B"
                     IPI="_" birthDate="2018-11-03Z"/>
                <Participant name="uZYF4odpZ" role="music director" IPDN="aj8m.TtfCHYC1nyrEY1si" performance="main" grossFee="1689767626.57"
                     modifier="B" IPI="rkM2p-7He" birthDate="2020-02-26"/>
                <Participant name="iKc46oW7Vjm1YfKeHCn1Nk" role="composer" IPDN="sYSFGTUgLD1pJtHuq" performance="main" grossFee="300263982.17"
                     modifier="B" IPI="NymC" birthDate="2019-03-11"/>
                <Participant name="HoDPdxYvsO" role="scriptwriter" IPDN="VOoEctNlshMNpoKN1Kmmes" performance="chorus master" grossFee="-317880942.38"
                     modifier="B" IPI="_lMI7ABvkOgOjkzoG.N8" birthDate="2019-11-14"/>
            </Participants>
        </Record>
        <Record title="JwopCz13TKGm1kTCIhCeY" spins="1286243171" ISRC="40RT56SMZ3ZZ" year="2261" producer="DwU4YJYaMR-BU2nOdV5s"
             label="Gv" recordNo="m97KHm5S68" serialNumber="a_Z.6BO8RY9rm" isPremiere="0" usage="jingle"
             ISWC="uLsbQsTFcEEBqWSyM2Yr" AKA="Ite_ptX_X_TpJ.Xsc" genre="pop" broadcastedFrom="2018-11-07T11:21:16"
             broadcastedTo="2019-03-06T11:21:16Z" runtime="178977717" origin="free of charge" alternativeTitle="bdVYhm8kPUo9y0G8-H"
             recordedFootage="1612409888">
            <Participants>
                <Participant name="EZKKtfcApfOb1sfks8FP3m" role="arranger" IPDN="SLdX2ShjKdJ_-3JcmwmybaI1z" performance="conductor"
                     grossFee="-991974285.11" modifier="A" IPI="CGJWlaMilg.ILFZDxB18ko6v" birthDate="2019-07-29"/>
                <Participant name="J_k.U_tOUImoACHjxGlZFl" role="sound engineer" IPDN="dk.M_C_IqB" performance="conductor" grossFee="-187013444.48"
                     modifier="A" IPI="zhrUZTFgnYralh6d2q2Be" birthDate="2019-06-13Z"/>
                <Participant name="AxSWgtA39khYXytnwl" role="remixer" IPDN="fkc" performance="chorus master" grossFee="-459793562.71"
                     modifier="A" IPI="FsAEqfEZHks0P-p_9KF3-HfXXU6Ina" birthDate="2019-07-24Z"/>
                <Participant name="W61j" role="performer" IPDN="BknQL6tZN_o" performance="chorus master" grossFee="504357902.70"
                     modifier="A" IPI="S_qa" birthDate="2019-03-28"/>
                <Participant name="COm5" role="subscriptwriter" IPDN="GIkQ2GN.ex-yRos-lMRAlBGbfIv" performance="soloist" grossFee="1244849042.65"
                     modifier="A" IPI="Gq1PT.ECv05lTqiMXfjzj" birthDate="2020-07-02Z"/>
                <Participant name="u9Bw" role="performer" IPDN="K1pkB_-HlRAck5" performance="conductor" grossFee="308471715.23" modifier="A"
                     IPI="hyKz8GkWEjS" birthDate="2019-09-19Z"/>
                <Participant name="U9NnCpSvUc_xweTjGDPBjZTJAT.t" role="remixer" IPDN="cjw5MfC1nYWhd9Y" performance="soloist" grossFee="148522809.26"
                     modifier="A" IPI="iBz_z0ju9iAnPjc-XQD" birthDate="2019-04-15"/>
                <Participant name="E5_UmD8j93gVhs.mm91DB2SJpD" role="subscriptwriter" IPDN="H" performance="conductor" grossFee="345707066.57"
                     modifier="C" IPI="fU0Sjsj_N6Zwc" birthDate="2020-06-05"/>
                <Participant name="s" role="music director" IPDN="h0-v4qwHrVA1" performance="supporting" grossFee="451095409.11"
                     modifier="B" IPI="eaPzHbk2TF2C3j-WOscfwzPl" birthDate="2020-05-11Z"/>
                <Participant name="NO174qX86lwfTDBU" role="composer" IPDN="xS6" performance="main" grossFee="-579183708.68" modifier="A"
                     IPI="dKQlDZdy57G.zyd7Qrr9Rw2NJ_M.h" birthDate="2019-03-12Z"/>
            </Participants>
        </Record>
        <Record title="Uilhlq.C8JrjIdlALcPHD4dGzKpHCB" spins="1715008737" ISRC="8136NEINE590" year="9103" producer="kMIRAJcrxU14Cgk"
             label="QB7uc7d" recordNo="kFu.nvukVvLWO1xY8OnLCVdlf2uj0q" serialNumber="q96857kFyX6BD" isPremiere="1"
             usage="broadcast" ISWC="EI25R5UY2rhCtWqgP" AKA="kE6JD-qpEQ" genre="composed" broadcastedFrom="2019-06-12T11:21:16Z"
             broadcastedTo="2019-03-16T11:21:16" runtime="669508902" origin="recorded stream" alternativeTitle="vlqYTztgKF1VhMc"
             recordedFootage="1369046798">
            <Participants>
                <Participant name="x7cojNx6" role="scriptwriter" IPDN="pxHQCEFrqY3FbqbN" performance="chorus master" grossFee="-2048773119.07"
                     modifier="C" IPI="VKkqkOOgxWAlsZWEjnnxzt9pf-YL" birthDate="2018-07-29"/>
                <Participant name="J_1H3FRX" role="music director" IPDN="M2tbOw7P" performance="soloist" grossFee="-656388291.85"
                     modifier="C" IPI="aGTH" birthDate="2018-08-04Z"/>
                <Participant name="wnwY60Vp87h_F" role="composer" IPDN="IpT3YGarsjnd" performance="soloist" grossFee="1639338397.62"
                     modifier="A" IPI="D5bXL-ntNwXP" birthDate="2019-03-01"/>
                <Participant name="E1bX26P.ens" role="composer" IPDN="sftt7md5CmXe.HIsz1.dIYNv" performance="conductor" grossFee="-618457864.30"
                     modifier="A" IPI="RBMxAy9yOfbDAsMPXcareyyH" birthDate="2018-10-14Z"/>
                <Participant name="UTUdoVyywI6Fb4d.AM" role="sound engineer" IPDN="DR065YoApa_UrkP6HakOUiNZqWRB" performance="main"
                     grossFee="892547916.36" modifier="C" IPI="pxm5kr" birthDate="2020-02-27"/>
                <Participant name="G2mPucw9vPvM9NBAaDFcI3bRU" role="scriptwriter" IPDN="Pt4jfiBLjCPJtfVA" performance="soloist" grossFee="-373165224.09"
                     modifier="C" IPI="Qmh_0B" birthDate="2020-01-05"/>
                <Participant name="HgMt" role="composer" IPDN="efdi76S" performance="main" grossFee="-1469557569.01" modifier="A"
                     IPI="E97qeRvRmx.cTP" birthDate="2019-02-09"/>
                <Participant name="zdHVj-OPjT.O13j_ZAG2aUAVWJb8" role="arranger" IPDN="c_KmiFGC" performance="conductor" grossFee="-1576585969.37"
                     modifier="B" IPI="QTod9SitoKk" birthDate="2018-09-15"/>
                <Participant name="jes71PIcRV7n7uG7OQ-k" role="arranger" IPDN="cw0mwFmFK5s" performance="chorus master" grossFee="-1693461215.67"
                     modifier="B" IPI="_GLhLqMWt1mtokMQQFolUjOjz" birthDate="2018-11-05"/>
                <Participant name="do.6roPaiysn" role="sound engineer" IPDN="bo7DNHJrYWCZ2jA2ZeeW6" performance="soloist" grossFee="-1045640034.98"
                     modifier="A" IPI="tBad" birthDate="2018-10-06"/>
            </Participants>
        </Record>
        <Record title="FiFTWcaYbRIXYkNUhPPGzfs" spins="295899412" ISRC="QA5UM82A701Z" year="7859" producer="rri" label="TA3xnm3nVjf"
             recordNo="Q" serialNumber="RSvFdo3.b" isPremiere="1" usage="broadcast" ISWC="mGb.hsd9wi"
             AKA="UltzvoYWzA.AY_LYfE2dMfnM" genre="composed" broadcastedFrom="2020-06-05T11:21:16" broadcastedTo="2020-02-21T11:21:16Z"
             runtime="1063147284" origin="free usage" alternativeTitle="KK" recordedFootage="85336078">
            <Participants>
                <Participant name="Sdm08-iOyB4.h17mbh8G_u-M" role="scriptwriter" IPDN="IMR-rYZEib2K-px0" performance="soloist" grossFee="-145577911.75"
                     modifier="C" IPI="PcN" birthDate="2018-11-07"/>
                <Participant name="kyP.vjzp" role="subscriptwriter" IPDN="yfNvN3UzDjxx.r" performance="conductor" grossFee="737462113.25"
                     modifier="B" IPI="w7B.o" birthDate="2020-06-18"/>
                <Participant name="xz_2pPM-eD9181Jb1H3tpbiw." role="composer" IPDN="gjzbj0" performance="soloist" grossFee="-2093558332.10"
                     modifier="C" IPI="dhtreNt1SSJI" birthDate="2019-07-21Z"/>
                <Participant name="aQ6" role="producer" IPDN="U5ahyEs2axEp9" performance="chorus master" grossFee="1639931763.45"
                     modifier="A" IPI="O_qCrF" birthDate="2018-10-09"/>
                <Participant name="kkEztnP9uSx1QTJu7oEHwX.WW" role="arranger" IPDN="KxDbIu8lsWZ" performance="conductor" grossFee="1589995158.19"
                     modifier="B" IPI="t2QZjPiLDDTTCqgchApg5Vp.GHb" birthDate="2020-02-03"/>
                <Participant name="rRFN1Rd" role="arranger" IPDN="WGHNwy5kFw7pWrfYrY3wpevP" performance="conductor" grossFee="-142092812.79"
                     modifier="B" IPI="RuxM" birthDate="2020-04-13"/>
                <Participant name="vA" role="sound engineer" IPDN="Jg7dmmvJM922W3gNQLb2" performance="soloist" grossFee="-343074219.93"
                     modifier="C" IPI="m0a3is3-1DJn7QRuNk2F_dSBIW" birthDate="2020-04-11"/>
                <Participant name="TiZHL0" role="subscriptwriter" IPDN="TPo9IUxT90nheruLMb" performance="soloist" grossFee="718757215.83"
                     modifier="A" IPI="LDeMT5LEwgI" birthDate="2019-02-28"/>
                <Participant name="zWkEtG" role="arranger" IPDN="WGdr0xfY98B" performance="conductor" grossFee="1988753234.19" modifier="A"
                     IPI="g5T8-Z" birthDate="2019-05-30Z"/>
                <Participant name="FHCrRv0.ZbqcJjI0pEONG8dUr" role="performer" IPDN="X.T4C51B6AIs.s.2Uf7Mp3qYQ_e7M" performance="soloist"
                     grossFee="1672935740.22" modifier="A" IPI="PWIuHPFggJJ5diUGHuUrA" birthDate="2019-10-12Z"/>
            </Participants>
        </Record>
        <Record title="FZbaRLJ" spins="699687753" ISRC="24MT4W3OC48Z" year="6980" producer="ioB3eyRm_h" label="PMmA7qqF_yuFr7xZRBJdIA8w57XL"
             recordNo="FIgAS-J51A" serialNumber="Kmbvp7Y5NkthfKfw4LJoAJOXXr" isPremiere="false" usage="commercial"
             ISWC="ayd-6pKwo" AKA="ncO4spEBAkB" genre="commercial" broadcastedFrom="2019-04-22T11:21:16Z"
             broadcastedTo="2020-03-10T11:21:16Z" runtime="960404502" origin="live stream" alternativeTitle="mzVYaKkH2yIt7UJ9DF"
             recordedFootage="1088353836">
            <Participants>
                <Participant name="bVdqPq283vccBa59dts-A.wLsoU" role="remixer" IPDN="mOe38my" performance="main" grossFee="-363375321.25"
                     modifier="C" IPI="hr2yAWR-dSZ" birthDate="2018-07-04Z"/>
                <Participant name="h72RlUGSIaazOM4HJEPTzmDmh" role="producer" IPDN="rohqsYK3" performance="supporting" grossFee="2078246203.45"
                     modifier="A" IPI="hTBU7Glai" birthDate="2019-09-30"/>
                <Participant name="iPt" role="sound engineer" IPDN="GM2wSuzk7IjywGi" performance="chorus master" grossFee="120519397.21"
                     modifier="C" IPI="UdpB7ssPf" birthDate="2018-12-10Z"/>
                <Participant name="tsBqQnKccq2u" role="music director" IPDN="Q" performance="soloist" grossFee="-1795815233.56" modifier="A"
                     IPI="H8PX1Us" birthDate="2019-04-27"/>
                <Participant name="_.Q2Ji" role="arranger" IPDN="DfA" performance="conductor" grossFee="545071101.38" modifier="A"
                     IPI="NmW_-HPj9IO" birthDate="2020-03-04"/>
                <Participant name="NUZFF2VSbBcIYuSjlKPcW" role="performer" IPDN="_iiAF" performance="supporting" grossFee="-640718700.71"
                     modifier="C" IPI="yy2CIfuuoVxxmDY2Gp9axJEPMQ0SZh" birthDate="2020-02-04"/>
                <Participant name="dWhkWYE6e" role="sound engineer" IPDN="rRG" performance="chorus master" grossFee="1687434960.76"
                     modifier="C" IPI="FHxodd5FC1jRRgR8eTG" birthDate="2018-11-24Z"/>
                <Participant name="mm4D" role="arranger" IPDN="gilJWDn4" performance="supporting" grossFee="371841430.52" modifier="A"
                     IPI="k7x_fvSqJ" birthDate="2020-04-29Z"/>
                <Participant name="yqOcjGIz" role="arranger" IPDN="x" performance="supporting" grossFee="800910274.10" modifier="B"
                     IPI="xoCMAeS3pQNGRmUx" birthDate="2019-12-31"/>
                <Participant name="oiiaUCu1nW_5Sa_BO_" role="sound engineer" IPDN="aIr2lOkod" performance="supporting" grossFee="1563042541.71"
                     modifier="A" IPI="KjK.IoRa" birthDate="2020-03-13Z"/>
            </Participants>
        </Record>
        <Record title="Eii4CDR" spins="2012149759" ISRC="21T4L6W0LQ9E" year="5518" producer="YvyMAeIlHT" label="x" recordNo="rVP0-u0J5snLNQ"
             serialNumber="LhPElZxv51n7" isPremiere="true" usage="broadcast" ISWC="TUuJ7l3facBH2_kgN3O7M86duv7"
             AKA="FpYJbNtwqMdEzEtrrT4JANXK" genre="pop" broadcastedFrom="2019-06-10T11:21:16Z" broadcastedTo="2020-05-11T11:21:16Z"
             runtime="1783948564" origin="live stream" alternativeTitle="mu0ueaRwn5hVvCE.S4w8" recordedFootage="899232966">
            <Participants>
                <Participant name="nZS" role="remixer" IPDN="ygwCufvSWXKnT6G5Yd" performance="chorus master" grossFee="603726417.00"
                     modifier="B" IPI="NM" birthDate="2020-05-04Z"/>
                <Participant name="PAJTSYKPUd_Lkxu" role="scriptwriter" IPDN="FD.7-RcuqZoB" performance="supporting" grossFee="227972198.27"
                     modifier="A" IPI="lJFrwjyrLXV.gFEbG" birthDate="2019-10-03"/>
                <Participant name="TXO" role="producer" IPDN="Gi8M.4uRaO5D7kmZ26uYB-ZC6i1DTO" performance="chorus master" grossFee="2101796952.83"
                     modifier="A" IPI="skrqPQ" birthDate="2019-12-15"/>
                <Participant name="IqFUcpLU_DtbIK1_" role="performer" IPDN="XYvtxk7aBNV1ccnm" performance="chorus master" grossFee="640904957.60"
                     modifier="C" IPI="gYCXvCPIg9B0Gt2t5yFUAseltFfBH" birthDate="2018-12-19Z"/>
                <Participant name="Of_TI" role="subscriptwriter" IPDN="Meh4LsDG2grM-" performance="supporting" grossFee="-451879602.68"
                     modifier="A" IPI="WqQAz0BF7f6VQxGdGcw" birthDate="2018-12-04Z"/>
                <Participant name="wnTYwyigo0aLxmLfu" role="performer" IPDN="S6O-Q3_f_qhaMIFfgGHonl57um" performance="chorus master"
                     grossFee="1311394493.24" modifier="A" IPI="Dljfxs7xztupjf51bFBo" birthDate="2019-12-17Z"/>
                <Participant name="hMsMDgHNtiBdhlApij5yVg4tIso" role="composer" IPDN="Y8" performance="soloist" grossFee="900903601.18"
                     modifier="C" IPI="XC4ighbi1" birthDate="2020-04-26Z"/>
                <Participant name="suoTV6ixBrvLG1waCD" role="scriptwriter" IPDN="b8JieqmqvR8Ezc.fhL0T3" performance="supporting"
                     grossFee="-1823964352.43" modifier="C" IPI="CunlIfhhVopobEKMOjWQFa" birthDate="2020-04-13Z"/>
                <Participant name="QSe_Z" role="producer" IPDN="oKuAmWqo" performance="main" grossFee="-1939669271.76" modifier="B"
                     IPI="w4p57cmNSUYi." birthDate="2019-05-31"/>
                <Participant name="JQEffTnQcL3.aCypg3IMqV" role="subscriptwriter" IPDN="b7.ll-3MheN.P0WnrZyc_9kxqKLJc" performance="main"
                     grossFee="-795096921.44" modifier="A" IPI="Q5NlsGzrbWJCGX7psqJ5XC" birthDate="2019-03-12"/>
            </Participants>
        </Record>
        <Record title="jvewsWgv9" spins="2100319610" ISRC="G2871V44L7YE" year="2868" producer="Pru1CyuCjT2Z7m7tVe" label="tS6a"
             recordNo="mqe" serialNumber="J3sI" isPremiere="true" usage="jingle" ISWC="RR982s23HoB-"
             AKA="LIDl38p8Z9H9EpBSSWC" genre="commercial" broadcastedFrom="2020-03-20T11:21:16Z" broadcastedTo="2018-07-21T11:21:16"
             runtime="583678332" origin="commerce" alternativeTitle="dm7ig7RWCGVmKTKXDIo3hgdhokX-1-"
             recordedFootage="38318437">
            <Participants>
                <Participant name="eMER0NUqHijkSt6.vlUobJcV6LaN6" role="arranger" IPDN="gsthP7" performance="supporting" grossFee="1996617446.38"
                     modifier="C" IPI="b2wB9IvdejWRi4NjRR.yZ" birthDate="2020-06-19Z"/>
                <Participant name="gz95XWFOl" role="music director" IPDN="Gy6_n_cYVgMtzKWbqcZYSBidC" performance="main" grossFee="-376081429.67"
                     modifier="A" IPI="qshwY63u42uEjTEHc7ZH" birthDate="2019-08-15"/>
                <Participant name="N2rFlFr15b7u3x3joa" role="producer" IPDN="O8" performance="supporting" grossFee="871938338.68"
                     modifier="B" IPI="xGe" birthDate="2018-11-25"/>
                <Participant name="MJm0YEE5BPCEzAdfUES_be" role="sound engineer" IPDN="eTXa" performance="conductor" grossFee="839582530.43"
                     modifier="C" IPI="MNM_80fN9sWx9" birthDate="2019-10-30"/>
                <Participant name="D1" role="subscriptwriter" IPDN="nLpMWTmZjg78MDL0DnaxN6UT.orXS3" performance="conductor" grossFee="-1090829637.53"
                     modifier="A" IPI="iJSkU1sxfMq" birthDate="2019-08-08Z"/>
                <Participant name="wJRPU9h9noAc63E" role="composer" IPDN="Z" performance="chorus master" grossFee="1968046912.20"
                     modifier="B" IPI="y0QZWnkx32SxNVNl" birthDate="2018-09-14Z"/>
                <Participant name="vLjX.qCxl87i2AVll6oRQLGf" role="scriptwriter" IPDN="j5Gi_bUPGL" performance="main" grossFee="103629326.05"
                     modifier="C" IPI="YKB" birthDate="2020-03-12"/>
                <Participant name="EtDbCzfBDhSP" role="subscriptwriter" IPDN="q2WUmU_0dNzq" performance="supporting" grossFee="972699190.29"
                     modifier="C" IPI="qEve" birthDate="2018-10-17"/>
                <Participant name="c3P09GfgV_O.fd" role="producer" IPDN="gNCdah69wS_-Bm" performance="soloist" grossFee="799497005.49"
                     modifier="A" IPI="Oith3PORA8" birthDate="2019-06-16"/>
                <Participant name="HOyTo1xC-xn" role="arranger" IPDN="UXR5A7SPRb4tLxPYCRL1vBaeKnys" performance="conductor" grossFee="1432558804.70"
                     modifier="C" IPI="lBPOu" birthDate="2019-06-21Z"/>
            </Participants>
        </Record>
        <Record title="lpObjQuXfAWyTj" spins="1830137818" ISRC="9Q6O83FP8YIQ" year="8104" producer="iM.S3kX1QSC1ma"
             label="Pz8v6cM6CJz2-9pk2fw9Oo1Q857L-z" recordNo="lvDyBuENP0b-X" serialNumber="f3rmz__p2T5snuXE"
             isPremiere="1" usage="jingle" ISWC="UCCwjxTI" AKA="sB5TEAnSsy" genre="composed" broadcastedFrom="2019-11-22T11:21:16"
             broadcastedTo="2019-12-21T11:21:16Z" runtime="1678269797" origin="recorded stream" alternativeTitle="L"
             recordedFootage="246111480">
            <Participants>
                <Participant name="L9-aio-83Q" role="composer" IPDN="gpIgFbLWFOuGa4Zp" performance="chorus master" grossFee="-995015782.20"
                     modifier="C" IPI="Jw-" birthDate="2018-09-04"/>
                <Participant name="w5E14D5A8MkYp" role="arranger" IPDN="flD35imtC_fi9Ia8OJlOE6" performance="main" grossFee="173307914.23"
                     modifier="C" IPI="R6gDkXpMaOAj59jIi.PoO0FLCc156v" birthDate="2018-09-12Z"/>
                <Participant name="YY.LBAi" role="music director" IPDN="nc58AMW7imB" performance="main" grossFee="-1715249669.36"
                     modifier="B" IPI="efCEE1pQ" birthDate="2019-11-25"/>
                <Participant name="fgkqQdfGJIJBk0F_o6r-yG" role="scriptwriter" IPDN="AF8M" performance="chorus master" grossFee="-853076125.62"
                     modifier="B" IPI="viOciIDCJ-WOmUZwNNMgJGc" birthDate="2020-04-17Z"/>
                <Participant name="hD62nR46gXL" role="scriptwriter" IPDN="V47O9q2_O5ABp.d95AbOqw3S" performance="supporting" grossFee="1035646788.28"
                     modifier="C" IPI="_L6WV7" birthDate="2018-10-26"/>
                <Participant name="P.maF2haI7mOW0FE.HhG" role="scriptwriter" IPDN="gdVZyyqWl3ZNQ816cp" performance="conductor" grossFee="82870197.48"
                     modifier="B" IPI="LzyHaoZ" birthDate="2020-05-11Z"/>
                <Participant name="t_YpSsedPvl" role="producer" IPDN="xuWsByYYp2OZUS" performance="supporting" grossFee="2087816053.27"
                     modifier="C" IPI="pA_ZXeQbAtFl" birthDate="2019-04-16Z"/>
                <Participant name="ZgxJaceom" role="subscriptwriter" IPDN="Bg" performance="chorus master" grossFee="793821799.99"
                     modifier="B" IPI="TYKk" birthDate="2020-06-13Z"/>
                <Participant name="oGizVcySG4EE" role="scriptwriter" IPDN="GfmZL7H7jpb" performance="soloist" grossFee="-1205447583.99"
                     modifier="A" IPI="YTk1HGDE3JFr" birthDate="2019-03-25Z"/>
                <Participant name="bhX" role="scriptwriter" IPDN="M..PGK" performance="main" grossFee="480672133.60" modifier="C"
                     IPI="XNJplVElPX_8qfWc" birthDate="2020-02-08"/>
            </Participants>
        </Record>
        <Record title="u0-lp-KENx5j4xOBujzjy" spins="1424994512" ISRC="708U6HW130S0" year="3957" producer="TtNX9_hO76r-RTFJc6o"
             label="ZwmI_Owb-elYrvbWfFpbnE81mbg" recordNo="ZMneZJQlsiJDB4PQ5UoMh3l7hsls_s" serialNumber="FuxZHpy_q-"
             isPremiere="true" usage="broadcast" ISWC="pkzbon3h9NPlJfF80DZpzFPKdzv5" AKA="l32Z" genre="composed"
             broadcastedFrom="2018-11-20T11:21:16Z" broadcastedTo="2019-11-03T11:21:16" runtime="954178037"
             origin="commercial" alternativeTitle="PQs8QgGLaU3pRj9FgtZKgI" recordedFootage="1000317246">
            <Participants>
                <Participant name="wD" role="subscriptwriter" IPDN="l1F" performance="chorus master" grossFee="1881392477.54" modifier="B"
                     IPI="JIZ8rkw7LrizKIW" birthDate="2019-02-09Z"/>
                <Participant name="u" role="sound engineer" IPDN="fTp3pRjkSisTPRgBDBjg4M9" performance="soloist" grossFee="-1761330169.09"
                     modifier="C" IPI="BjWFuIMLCE4-z0Zyt0VEl" birthDate="2019-10-20"/>
                <Participant name="H" role="subscriptwriter" IPDN="ywdVrELGCVHHNqAQyHxt1L" performance="conductor" grossFee="1177238521.27"
                     modifier="C" IPI="X_2qlaBe" birthDate="2019-09-26Z"/>
                <Participant name="ihdjLosU5XCQx.d" role="subscriptwriter" IPDN="O7v62FwkH6Q" performance="supporting" grossFee="1316767083.43"
                     modifier="C" IPI="CnPJgbepy2vQebs8dVZfVq" birthDate="2019-11-13Z"/>
                <Participant name="BobTk9YVjlhx0j0QQgNzjteYsGx" role="performer" IPDN="LaWUnVO1c" performance="soloist" grossFee="1616267565.04"
                     modifier="C" IPI="PeRl47j5p4oRy6B" birthDate="2018-11-11"/>
                <Participant name="Z1hiA7qbK0RTGj2wHKVlWvS" role="subscriptwriter" IPDN="OKBHA1GHV4dlD" performance="soloist" grossFee="1573153387.74"
                     modifier="B" IPI="jZnL06ZFJLJuLid4X1ndDvU" birthDate="2019-11-12"/>
                <Participant name="u" role="scriptwriter" IPDN="TdMh1uw" performance="chorus master" grossFee="1165319881.86" modifier="B"
                     IPI="DE.T_JhjJ86WtMPl" birthDate="2018-08-12"/>
                <Participant name="Q6CLZs" role="music director" IPDN="c6mxC3zFT3uKIMpntMCSluYE1zpW" performance="chorus master"
                     grossFee="-1804361816.70" modifier="C" IPI="SQkv3" birthDate="2019-03-20"/>
                <Participant name="DlVNLUjj" role="music director" IPDN="KxvP.PQ-17Ryhn9QsX3VKsjCrSC" performance="conductor" grossFee="-375161264.66"
                     modifier="A" IPI="KBB9gQh_yM4" birthDate="2019-07-31Z"/>
                <Participant name="qEsDaXVr2REwzwYRFNHb23T" role="composer" IPDN="E4bkPU2lFJSrof.j_kK13VkC3" performance="main" grossFee="-953486388.70"
                     modifier="B" IPI="wJCMyYxyqn4qK-Jv7fEB1F" birthDate="2018-12-04"/>
            </Participants>
        </Record>
        <Record title="n56AUz.7BpM7sPxij9D5p" spins="1677426742" ISRC="3R567E134W70" year="1129" producer="wzaQa707Y9ZoN7BbGcRiZv0dy"
             label="bZVwH.Ah76RwwfMihQVGeud6A" recordNo="Y27tc1uerWqEdfGmL7dpq2wa2k1" serialNumber="qK7WZy8cmj"
             isPremiere="0" usage="jingle" ISWC="GhGybEdnJ8CL-coycdU7Iyg" AKA="aXCKT2SGlBPW-0_DuqPGNxj_ry171"
             genre="spoken word" broadcastedFrom="2018-11-22T11:21:16Z" broadcastedTo="2019-04-22T11:21:16Z"
             runtime="510675472" origin="free usage" alternativeTitle="szJlDwvOXFLCZ" recordedFootage="1499788822">
            <Participants>
                <Participant name="nzldvG.YB1GONxjfAyYQw" role="performer" IPDN="GmtHk" performance="supporting" grossFee="-923317124.17"
                     modifier="B" IPI="gXHx" birthDate="2019-06-09"/>
                <Participant name="HE.a" role="subscriptwriter" IPDN="DbQV" performance="supporting" grossFee="-1139490284.34" modifier="B"
                     IPI="E_r.7UIEVXJ1J" birthDate="2019-01-15"/>
                <Participant name="lHG1IXu" role="subscriptwriter" IPDN="o0OaMh7pPyXUMDPW" performance="conductor" grossFee="-1900785842.40"
                     modifier="A" IPI="J8MERDA2XvPxFSjLRL_Ecu" birthDate="2018-07-21Z"/>
                <Participant name="FEzA0RPy8tesWIGp0MYn" role="sound engineer" IPDN="wTDnK" performance="conductor" grossFee="-1031347192.38"
                     modifier="C" IPI="ppQ4wuMaliS6fBXWSb8-1j8Bln3vfK" birthDate="2018-08-17Z"/>
                <Participant name="ldKdQ5U" role="sound engineer" IPDN="E8Jv9" performance="conductor" grossFee="-811982263.17" modifier="B"
                     IPI="K3GJnEB7MAJGV0jEVIqVd37TO6A" birthDate="2019-03-11Z"/>
                <Participant name="XW4mFN0AWFYTgQ" role="subscriptwriter" IPDN="nKse44s8-Ke_QhMesJvU" performance="soloist" grossFee="-142703438.51"
                     modifier="C" IPI="Foh4xh" birthDate="2018-11-13Z"/>
                <Participant name="uaPf11P" role="performer" IPDN="b_" performance="conductor" grossFee="1142233216.98" modifier="B"
                     IPI="rGssmSHOame6qIv.vItTk" birthDate="2018-09-02"/>
                <Participant name="CWdQ2hMpDyN5OB" role="music director" IPDN="uFYIxZ7r_qN" performance="main" grossFee="1137752827.30"
                     modifier="A" IPI="P2DJ-V8OyAsWb" birthDate="2020-02-21Z"/>
                <Participant name="g.IBBPnM2wJa_KkY_jgg09" role="arranger" IPDN="EWyQj8" performance="chorus master" grossFee="1596867780.99"
                     modifier="B" IPI="z_ULZar4M4Ehqt" birthDate="2018-08-07Z"/>
                <Participant name="o1Zq.wnhRd7dIzRYEv" role="subscriptwriter" IPDN="Zb08yJlPglCSq35d" performance="conductor" grossFee="-2121121896.96"
                     modifier="B" IPI="Ru" birthDate="2018-12-13"/>
            </Participants>
        </Record>
    </Record>
    <Record title="ovRIDW-_.eFl1jvas2-7G9AZYt6y9g" spins="998047362" ISRC="E552IB3Z8R6A" year="0206" producer="UXBhq-JwwZWdycJsmRUFH"
         label="aCamGUYFNMDZ0T9Ojufr3h" recordNo="YlecTNADz1274RFgRLRM" serialNumber="ZE.jgxlx" isPremiere="true"
         usage="broadcast" ISWC="xLS0S6rDV4w6ttBiJvgSRrJ" AKA="_yD" genre="commercial" broadcastedFrom="2018-11-16T11:21:16"
         broadcastedTo="2019-01-10T11:21:16" runtime="1853215074" origin="live broadcasting" alternativeTitle="xMu8A-i5fW9V-o6kCGxRSB5jriKB"
         recordedFootage="1631301632">
        <Participants>
            <Participant name="oZyhNvRu8R5N7T22a" role="arranger" IPDN="WwwjFeF6Mmsy4tbUqyvpo" performance="soloist" grossFee="-754785646.66"
                 modifier="B" IPI="Pvy5kMKFKDoVcP2i5-8b8AbyAE" birthDate="2019-06-26Z"/>
            <Participant name="crIeYBxjo3a.hMX0L99N4J7c8Gr" role="remixer" IPDN="v96_hSNXJW5T4FYWh9NaB78E" performance="soloist"
                 grossFee="958209990.60" modifier="B" IPI="NN_0DaWHaLxX4Y" birthDate="2020-02-08"/>
            <Participant name="Yfl9xFOAgzMSE3BsZDC" role="music director" IPDN="p910X8b" performance="conductor" grossFee="-1500496722.43"
                 modifier="B" IPI="i" birthDate="2018-08-29Z"/>
            <Participant name="DRmvTj24wmOwtEd" role="performer" IPDN="uc" performance="supporting" grossFee="-532953154.27"
                 modifier="B" IPI="OzQZ" birthDate="2018-07-19Z"/>
            <Participant name="KRcSl5" role="producer" IPDN="QTEp" performance="main" grossFee="-486210264.90" modifier="B" IPI="Q46AkX"
                 birthDate="2020-06-13"/>
            <Participant name="SkTGvAWOnRhTY8" role="sound engineer" IPDN="OMsg" performance="supporting" grossFee="-1926630344.33"
                 modifier="B" IPI="PChTc31HnSJypS3.Yaz" birthDate="2018-12-14"/>
            <Participant name="WcTT5FF1lF" role="sound engineer" IPDN="Oc" performance="chorus master" grossFee="1684116985.75"
                 modifier="B" IPI="eeo25Yh-wKmX00BTKI6KN-.sl" birthDate="2019-03-09"/>
            <Participant name="wwj" role="scriptwriter" IPDN="vvN3PtnwfDZKV" performance="soloist" grossFee="-287245103.34" modifier="C"
                 IPI="SsZuTl33Ul3gK" birthDate="2018-10-14Z"/>
            <Participant name="Z" role="subscriptwriter" IPDN="c2H-gAw2Z6XJ5iMZ4" performance="conductor" grossFee="1418131470.82"
                 modifier="C" IPI="x1gpVGLoIDQ" birthDate="2020-01-15Z"/>
            <Participant name="KVN" role="performer" IPDN="jX8n4VVREze6MZN" performance="chorus master" grossFee="1427259460.44"
                 modifier="B" IPI="_.BpO" birthDate="2020-05-03Z"/>
        </Participants>
        <Record title="duFnh6y-i" spins="1130322503" ISRC="Y0WB2K5L7C9U" year="4365" producer="eWncEVQs3Waj5MKSvflBCa5aAIngN"
             label="F9C6m.V" recordNo="RwbdOi-W" serialNumber="Y9iaK_V8-mIGOJuL9" isPremiere="1" usage="jingle"
             ISWC="UpE" AKA="A" genre="composed" broadcastedFrom="2019-04-25T11:21:16" broadcastedTo="2018-08-31T11:21:16"
             runtime="49897391" origin="report" alternativeTitle="ShkIe05Q0M" recordedFootage="2077834381">
            <Participants>
                <Participant name="hhTBhHo4Ip4O348Q5KZ" role="performer" IPDN="Pjqn1eCSQH" performance="supporting" grossFee="675012761.98"
                     modifier="C" IPI="rAzYlE61r.hyDhrOB7l" birthDate="2019-12-15"/>
                <Participant name="V3vCxsb-Y4G0PKPiqZ" role="producer" IPDN="QqfqEtacem1KSNn" performance="supporting" grossFee="-1112481960.83"
                     modifier="A" IPI="G_J3EH4rDY3M6Ghe0sBsWb" birthDate="2018-08-31Z"/>
                <Participant name="oHq6Ajl29LcOSunXLhdbfRL" role="arranger" IPDN="LSmF_YOKR" performance="main" grossFee="1947465918.64"
                     modifier="A" IPI="RT1G2D" birthDate="2019-07-29"/>
                <Participant name="qyhy0wTSTlR_1Co9ERe8.zlCZ" role="producer" IPDN="XXvEJZPdafyr8vHF.-" performance="main" grossFee="-1951833606.69"
                     modifier="B" IPI="vHY48MViQt8ImmR6" birthDate="2020-05-01Z"/>
                <Participant name="eyiN" role="composer" IPDN="Xs2V-s75" performance="conductor" grossFee="1461577927.38" modifier="A"
                     IPI="R4d_F._HpyvOjkGZFecS" birthDate="2019-06-24"/>
                <Participant name="oz1709hvUormLwutVjxzqq5v-tI" role="performer" IPDN="uomDjplicIXcxQ9" performance="main" grossFee="1083572642.44"
                     modifier="C" IPI="Wnrfe-Bd" birthDate="2019-06-25Z"/>
                <Participant name="S_my1D" role="sound engineer" IPDN="TKM_afJ3BFYZWWMbOH1J_lb4u" performance="main" grossFee="-715141147.40"
                     modifier="A" IPI="m_ncZPQIN8gf5glR1JKajEQ9F9." birthDate="2018-11-16Z"/>
                <Participant name="nxpBzd" role="sound engineer" IPDN="aIJp_bBwfG0Z_qzLibtpE5RFu23" performance="chorus master" grossFee="890969636.54"
                     modifier="C" IPI="r8HQLr0sy5Ix4mecHVALM7" birthDate="2019-07-28Z"/>
                <Participant name="Ypxh11MQrFZMV-MT.GlBWeSLPHEn" role="performer" IPDN="iDxHjKVOlKMdQO" performance="conductor" grossFee="292008574.64"
                     modifier="A" IPI="KWYKnHKd7NST872XSKURq" birthDate="2019-10-09Z"/>
                <Participant name="ADvwTfwe.e" role="scriptwriter" IPDN="oeXuVwPJZXsIIT3fJkZbes" performance="main" grossFee="102931983.22"
                     modifier="C" IPI="vN6pKOBvL" birthDate="2019-05-08Z"/>
            </Participants>
        </Record>
        <Record title="WibsQjjd" spins="1260778398" ISRC="QR8N53KR3OOU" year="2085" producer="wkCqyi1Gb81Tm_oTFRKd"
             label="Gx6KTw77We" recordNo="izwqf" serialNumber="T0jo" isPremiere="0" usage="jingle" ISWC="mK_OQMBuziM"
             AKA="rqIryk8-8EFoUVKUPYNMYHG2D1L" genre="classical" broadcastedFrom="2019-11-13T11:21:16"
             broadcastedTo="2019-06-02T11:21:16" runtime="928976671" origin="live stream" alternativeTitle="Kq6Qp4bOJiAY8"
             recordedFootage="630999606">
            <Participants>
                <Participant name="Gc-.dZm3XywR2" role="remixer" IPDN="Dd" performance="chorus master" grossFee="-1556175122.37"
                     modifier="B" IPI="mYI8_" birthDate="2019-11-26"/>
                <Participant name="Fjl" role="sound engineer" IPDN="fX4tdMvIrMerTqdpVKWQsvjlZiPtF7" performance="main" grossFee="103929927.65"
                     modifier="C" IPI="SXYvoBO0orTsGcP3-AdsHm_yMkF" birthDate="2018-10-24"/>
                <Participant name="YvX2k54wE7WYnq2d6PPYmSuD" role="subscriptwriter" IPDN="MYo8NVsVGX_zic80lhy0DjOzJWMV" performance="supporting"
                     grossFee="1467577749.69" modifier="A" IPI="pIPikATNwoN3Y9W" birthDate="2019-04-26"/>
                <Participant name="cBvwITmnD" role="producer" IPDN="ZCp0XYE1Fy8ljBT_9Jp" performance="conductor" grossFee="2105707433.14"
                     modifier="C" IPI="txo6-mXi2gvuwJM6Mfz." birthDate="2020-01-16Z"/>
                <Participant name="fR" role="producer" IPDN="cgY1J9q-bQvQN" performance="conductor" grossFee="1749257478.11" modifier="A"
                     IPI="azU" birthDate="2019-03-25"/>
                <Participant name="k1CUFF1BZmBZYyLNM" role="scriptwriter" IPDN="n4T" performance="soloist" grossFee="-702555869.71"
                     modifier="B" IPI="uUBbCNYhiJd" birthDate="2019-09-03Z"/>
                <Participant name="f53-ge5Bz80b.pV0KcVGuPH9qZ" role="performer" IPDN="jZ5NFFoSo" performance="supporting" grossFee="-1927914178.02"
                     modifier="C" IPI="AR" birthDate="2020-03-02Z"/>
                <Participant name="UgSfUSa2e1jEsjYyASzzeu23rW.1" role="composer" IPDN="YHiJQU-qGLKA7O" performance="soloist" grossFee="-1676052850.76"
                     modifier="A" IPI="QU3sky" birthDate="2019-02-19Z"/>
                <Participant name="GwK3zrREulpo-sd.5Rw1SJv." role="composer" IPDN="QNN6r" performance="conductor" grossFee="792096109.20"
                     modifier="A" IPI="n_uRZnEgElBMx5yt79EDDVN" birthDate="2019-08-05Z"/>
                <Participant name="QPjf6Zco" role="composer" IPDN="OwDSiv9o" performance="chorus master" grossFee="1890709245.63"
                     modifier="B" IPI="WIvVt0dkJ5" birthDate="2020-05-13"/>
            </Participants>
        </Record>
        <Record title="v5.WOCI_GCS0q0" spins="1082362661" ISRC="DBFT810S76CP" year="0034" producer="imwHvujE34z8qff"
             label="Fg2a1M9mrW1B_SP8Z9UUgsAa1oG" recordNo="jrAkZgXsf.opzgnRJ6Pbb3YPO" serialNumber="am1PK_EUDTs"
             isPremiere="1" usage="jingle" ISWC="_32w7RFVRwoRMRe" AKA="vWqgGZ3HNepMbfUNRQPJjzlt1" genre="jingle"
             broadcastedFrom="2020-03-24T11:21:16Z" broadcastedTo="2019-06-13T11:21:16Z" runtime="1188735787"
             origin="free usage" alternativeTitle="X7ot0lWST" recordedFootage="919103498">
            <Participants>
                <Participant name="uvDs_IrE5TMooLuU6KX9nSi1" role="performer" IPDN="B2d5xdH6h5sJ9JG-zu2VQ" performance="main" grossFee="-310753384.08"
                     modifier="C" IPI="RU.A_oagMrQVcRjF9Nb-d" birthDate="2018-11-14Z"/>
                <Participant name="WTLtjl6.S-k2x_-W9HiM-P121" role="producer" IPDN="aVsjVYeqJe6SxTiX7t.W21RWGSeB8Z" performance="conductor"
                     grossFee="649557723.69" modifier="A" IPI="KAd328xTn2lFPjZBjfH" birthDate="2019-07-07Z"/>
                <Participant name="QdIVJGAq4BgF2o2.ZrDPkTQxc1mc-q" role="subscriptwriter" IPDN="FN" performance="soloist" grossFee="321777082.10"
                     modifier="B" IPI="ZiTCowd7" birthDate="2019-09-27"/>
                <Participant name="dYZcQvCc_b1ObmrV1Q6m5PzqKde" role="performer" IPDN="qseVa1JWrDDmeep4" performance="supporting"
                     grossFee="-735855171.03" modifier="A" IPI="YIJyR4ulOteJy15m_.xrrHEXVSne" birthDate="2019-05-02Z"/>
                <Participant name="I" role="arranger" IPDN="ilgvR" performance="supporting" grossFee="-1029354693.97" modifier="B"
                     IPI="H87F_RnLNTka8P2hl" birthDate="2018-08-09"/>
                <Participant name="zrf-3QzhG32" role="subscriptwriter" IPDN="D2DMT" performance="main" grossFee="1611954331.81" modifier="B"
                     IPI="qHyWV06moRtUqwMZXiRZHa6g" birthDate="2019-11-20Z"/>
                <Participant name="Z-zzS7dBSyfVWCatpfq" role="scriptwriter" IPDN="UuR" performance="soloist" grossFee="338884107.76"
                     modifier="A" IPI="VcU2I1o.AHsQjT" birthDate="2019-07-06Z"/>
                <Participant name="T4" role="sound engineer" IPDN="YwI9UH" performance="soloist" grossFee="-256730065.88" modifier="B"
                     IPI="dvORxmcdmgyZHbuu2IdF5dDET" birthDate="2020-03-25Z"/>
                <Participant name="dLKKnH7WHle" role="music director" IPDN="N4A9vD6VcIa" performance="chorus master" grossFee="-2023322483.11"
                     modifier="B" IPI="S7pco" birthDate="2020-01-11"/>
                <Participant name="M" role="subscriptwriter" IPDN="U" performance="soloist" grossFee="-1829636248.87" modifier="C"
                     IPI="h7BjpCYnxeveya" birthDate="2020-05-08"/>
            </Participants>
        </Record>
        <Record title="YVBzrDVF3Vnu_HT" spins="2036431138" ISRC="R15TYZS15EHW" year="3814" producer="N-vjimy" label="A_XsjTaUKOoo_gDd7QeA"
             recordNo="tjua-vkqduEeRvjoHt34Rp2l9uwsM" serialNumber="gQkzokd" isPremiere="true" usage="commercial"
             ISWC="f-g3N8aDAXWOux-bEzpwOzC7C0rz1" AKA="Rz6M.E7yZkM2." genre="composed" broadcastedFrom="2019-01-22T11:21:16"
             broadcastedTo="2019-01-18T11:21:16" runtime="335596299" origin="report" alternativeTitle="lqR4.U_dm_eML2_PTQ2"
             recordedFootage="341985077">
            <Participants>
                <Participant name="wGV8q80l7eG77sK2" role="performer" IPDN="wbEOBfdrxbKuZCOxLIK" performance="chorus master" grossFee="1520852050.75"
                     modifier="C" IPI="PZB80ca" birthDate="2019-03-07Z"/>
                <Participant name="gTXME7clU7P_iy2r" role="composer" IPDN="emFlDjv2NMcep" performance="main" grossFee="-532654135.45"
                     modifier="A" IPI="nUCDTC6Ip-JRW_" birthDate="2020-03-27"/>
                <Participant name="u.nGhbVwc2KMcI.JjTkwPhXN60" role="composer" IPDN="DZXnjOZ3.uRGdZ" performance="supporting" grossFee="-29512005.06"
                     modifier="B" IPI="qm3NwtkZ..wG5MHPe" birthDate="2018-12-06Z"/>
                <Participant name="afTtx97M" role="subscriptwriter" IPDN="FPLPWBZ3kBQgL7ZzHVrKqxYBdc" performance="chorus master"
                     grossFee="-1881800567.15" modifier="C" IPI="M" birthDate="2018-10-29Z"/>
                <Participant name="ymjosIvX2hGcZo5Q9" role="sound engineer" IPDN="BbDMe6LbYTHKDe.HD7b2-8" performance="chorus master"
                     grossFee="981008875.27" modifier="A" IPI="l" birthDate="2020-01-17"/>
                <Participant name="aBeo.RyRm" role="sound engineer" IPDN="SC2gCaUWDYD" performance="main" grossFee="781169291.25"
                     modifier="B" IPI="J" birthDate="2018-07-26"/>
                <Participant name="Pbkqa6" role="producer" IPDN="BfB7" performance="chorus master" grossFee="-1651142606.96" modifier="C"
                     IPI="Qk6cSzp" birthDate="2019-10-13"/>
                <Participant name="v6FNmxXs3YET_Ksn0S" role="producer" IPDN="zWzWwN" performance="supporting" grossFee="1156562465.82"
                     modifier="B" IPI="XxQ6WanhFCPWP" birthDate="2018-10-22"/>
                <Participant name="vAX-" role="sound engineer" IPDN="QlLZJ7emQsr" performance="supporting" grossFee="-1674113922.33"
                     modifier="B" IPI="Dej8MvqEp" birthDate="2019-06-13Z"/>
                <Participant name="h38I2wcH3nB" role="composer" IPDN="JgvrPD-9ILyH" performance="chorus master" grossFee="-1004851812.70"
                     modifier="A" IPI="CYs2Tljmt4Nu39H" birthDate="2019-05-02Z"/>
            </Participants>
        </Record>
        <Record title="yDuJPL-h" spins="1226639996" ISRC="8VY8ZN5Q93DD" year="5691" producer="y5zQPjMI-QimZ0Q7.e9Z"
             label="qYF-GCvdFbp2gDiXwsC" recordNo="Tnihnb26B_3e" serialNumber="eetwN4" isPremiere="false"
             usage="commercial" ISWC="ewaq1dAJ0" AKA="Yp32SJ-C9xjQ4ULsE_BmoWuDpSbZC" genre="jingle" broadcastedFrom="2019-05-16T11:21:16Z"
             broadcastedTo="2018-12-31T11:21:16Z" runtime="2129755346" origin="commerce" alternativeTitle="Mha"
             recordedFootage="242428692">
            <Participants>
                <Participant name="yhtcgajBZ.AkpFEN" role="performer" IPDN="FNu5QfnLi2bsNum4DuhihuMowS4y" performance="main" grossFee="-1589598299.55"
                     modifier="B" IPI="Rp2qOQWoYuRXhN" birthDate="2020-05-23"/>
                <Participant name="kT.ZombdaxCnE" role="producer" IPDN="tfjIbZSLMcriQ6LVVtokb9SU" performance="chorus master" grossFee="958783114.74"
                     modifier="C" IPI="vqjEAU" birthDate="2019-11-14Z"/>
                <Participant name="RthCV_Ku3t2v" role="performer" IPDN="bKNRs97xs0C9" performance="main" grossFee="1678818067.24"
                     modifier="C" IPI="xmcoysCmZGOfu9bdzkSSKT" birthDate="2019-10-21Z"/>
                <Participant name="YrCxpPsT6Wccd" role="producer" IPDN="qkbJgS5tjlVUvAgV4FF9zyFtE9IM-z" performance="supporting"
                     grossFee="1518455463.44" modifier="A" IPI="ujyl6umVjr" birthDate="2019-10-12Z"/>
                <Participant name="bc5YTDk" role="remixer" IPDN="N-jvYXlI" performance="conductor" grossFee="336448042.39" modifier="A"
                     IPI="JnpMDW5WMWAXCcQtUc.ojTm7T" birthDate="2020-01-12"/>
                <Participant name="cK.SzE3IGZNq8q" role="music director" IPDN="vf1SfdJ_uVo2FJ" performance="supporting" grossFee="-1225403470.68"
                     modifier="C" IPI="NXHl0RjqlabVhBVIa9INubZGws5z" birthDate="2020-04-16Z"/>
                <Participant name="_H5pGxNdr4u1VE8Z.3QjQ" role="subscriptwriter" IPDN="ccUPkHY" performance="soloist" grossFee="1987546252.27"
                     modifier="B" IPI="TZB84z7FXb1my2w4wu" birthDate="2019-09-14Z"/>
                <Participant name="h" role="sound engineer" IPDN="I_n5vtOU" performance="conductor" grossFee="-1656495647.65" modifier="C"
                     IPI="LjCH" birthDate="2020-02-09"/>
                <Participant name="iWTGmNzFHkCC-6C9zUbevWFJ8l" role="scriptwriter" IPDN="XUYLNu3x-DrkHl57AWEc_kdQ" performance="supporting"
                     grossFee="2058471184.22" modifier="C" IPI="QIZif8" birthDate="2020-01-25Z"/>
                <Participant name="Tp5BNTdqGJ7T3Q434A0" role="producer" IPDN="PLScr0UW5ysKI0ZXEChuD5f" performance="main" grossFee="891379891.59"
                     modifier="A" IPI="upjmvn8r2I" birthDate="2018-12-14Z"/>
            </Participants>
        </Record>
        <Record title="bwnth1qeY5P.Ep76RGC" spins="1654242162" ISRC="83GF1654N843" year="1067" producer="EiUjTDwmSX4XlK"
             label="zPq-hac_" recordNo="BB40VMpkrNoY4Giibw" serialNumber="Eb50k4zyScz8re0ix43t" isPremiere="true"
             usage="commercial" ISWC="c6sTitnR5eGaa1RxS-03O20Kkg" AKA="hLcDmw6v4QtStet6BA0ia" genre="spoken word"
             broadcastedFrom="2018-11-17T11:21:16Z" broadcastedTo="2018-11-19T11:21:16" runtime="135942151"
             origin="commerce" alternativeTitle="R" recordedFootage="348673708">
            <Participants>
                <Participant name="oxTMRbURTwv1xhveu2gv73XMdCo6Xj" role="arranger" IPDN="rlq6" performance="supporting" grossFee="1386114316.97"
                     modifier="B" IPI="lCpnVed6c.2.-Vg8p0L5qbV_iOp" birthDate="2020-05-26"/>
                <Participant name="TcgyUrqayaIULqg_LbyyjO" role="subscriptwriter" IPDN="edwAcpR2l.a" performance="main" grossFee="905346860.49"
                     modifier="B" IPI="QamNk27cK7KRMnJ448mBVlVLf412" birthDate="2018-10-12"/>
                <Participant name="GkwGbCpH4TwUTDY-Y" role="subscriptwriter" IPDN="ya9" performance="soloist" grossFee="427699081.85"
                     modifier="C" IPI="CiU5.UyT9K.z537lqceAKxHWF7OeD" birthDate="2019-07-06Z"/>
                <Participant name="EeWN" role="composer" IPDN="rcuwqrM8DCH3WRA" performance="chorus master" grossFee="1170460532.68"
                     modifier="C" IPI="yYWMNZ.GFbfQK0tXynzE9_pfff6F" birthDate="2018-09-02"/>
                <Participant name="UbBRc.v3Q6KWKxIFpqV7H" role="performer" IPDN="N035V" performance="main" grossFee="1460427994.55"
                     modifier="B" IPI="FJnajFcfge" birthDate="2019-05-16"/>
                <Participant name="Ty384GaW" role="remixer" IPDN="GPTp-Q" performance="soloist" grossFee="-314648859.37" modifier="A"
                     IPI="CUZ4gSbJhAzRV.trZ" birthDate="2020-06-19Z"/>
                <Participant name="FZ1hPTsm" role="composer" IPDN="XqBVfzK6oHxI69kb" performance="soloist" grossFee="-798014848.17"
                     modifier="B" IPI="FkaB8Rmex9f5X0tECdgzoWlJYBm" birthDate="2020-05-07Z"/>
                <Participant name="Q_HVblfBw8hTMaXE8Gwy0D4bZg" role="performer" IPDN="zj" performance="main" grossFee="250274644.45"
                     modifier="C" IPI="BQnv3Ijw5Mx" birthDate="2019-01-26Z"/>
                <Participant name="Y" role="scriptwriter" IPDN="k8pVwhZ6nPV" performance="chorus master" grossFee="-2009867424.50"
                     modifier="A" IPI="z_yNE.lhnStjTNTq" birthDate="2019-07-20"/>
                <Participant name="HCmAnjbxnUtLt8b1KQNBOgS7d" role="remixer" IPDN="nAMb_MlVUGwp.sTaaOT-" performance="main" grossFee="519386362.82"
                     modifier="A" IPI="WcVs-" birthDate="2019-01-30"/>
            </Participants>
        </Record>
        <Record title="jmz3v" spins="820374695" ISRC="T14LET5WBDK0" year="1808" producer="_gaO64QwGQyeTlIDWW73KFN" label="x_RSwJ9_gYNID1udvmN"
             recordNo="unR" serialNumber="tP.Jm" isPremiere="1" usage="jingle" ISWC="_ccrL9rU6ohT" AKA="aKvCjLqfea2mDXHnhVs9lJFupcE"
             genre="composed" broadcastedFrom="2020-05-19T11:21:16Z" broadcastedTo="2019-11-07T11:21:16Z"
             runtime="2126591399" origin="live stream" alternativeTitle="S3dZwkJBUEPcIuAdTh_QDd_Hd" recordedFootage="2041963744">
            <Participants>
                <Participant name="jek6MhkpWFrasvn3n9" role="remixer" IPDN="tfYs_H7R9EMkWe" performance="supporting" grossFee="1419493284.63"
                     modifier="B" IPI="ykoUO" birthDate="2020-06-17"/>
                <Participant name="t55FlsvSq97SZUWZUgrQ9F" role="scriptwriter" IPDN="cR-5i3_DSQif8EbovZ097O.0" performance="conductor"
                     grossFee="2120313458.81" modifier="C" IPI="WBnp4u7" birthDate="2019-02-01"/>
                <Participant name="FtgR" role="music director" IPDN="rNNQUSZD898CYfcRjsAd2vMfAz" performance="main" grossFee="-943781504.26"
                     modifier="B" IPI="N5udfKH0KcYlge-U0F4nM1U6" birthDate="2018-12-29Z"/>
                <Participant name="E0QCj_KtP1qzwaE_yVUXTVWS" role="sound engineer" IPDN="rs8l3oX14o2pRlevcmDL9gGeXP7" performance="chorus master"
                     grossFee="446499131.94" modifier="C" IPI="Ju08zF" birthDate="2019-03-17Z"/>
                <Participant name="Lg0pTxd2V3MBUvSa4hgrBV8w3" role="performer" IPDN="Cu8H0xT3EmgMYLguP1" performance="conductor"
                     grossFee="-1626467031.83" modifier="A" IPI="OW7.0WXV1.5rANeu" birthDate="2020-05-29"/>
                <Participant name="FYS0ml9FAPpp-bfRkByK" role="subscriptwriter" IPDN="DWP3W4P-pu" performance="chorus master" grossFee="-654672802.61"
                     modifier="A" IPI="qZjR-AVfnQH" birthDate="2020-02-24Z"/>
                <Participant name="cNr" role="performer" IPDN="F3JwcSnZKDt" performance="chorus master" grossFee="821076268.29" modifier="C"
                     IPI="OBMsVFH1IpeNp307u7d4UJCkP_GC" birthDate="2019-10-05"/>
                <Participant name="HQ6vRoy9BgzQjLEPlux3m" role="music director" IPDN="eFGYM.2WGJIBW5lju" performance="main" grossFee="-1148549774.85"
                     modifier="B" IPI="J8F9xgF19fP4j1v5wytCt23FLEAg" birthDate="2018-12-21Z"/>
                <Participant name="ghY20jAMcnA2Q1lcG43UU8KQpzZwd" role="performer" IPDN="n0jw37EqUaKUqE4WxgcGRY4x6kCqUq" performance="conductor"
                     grossFee="1803101095.21" modifier="C" IPI="xemL-x5q5" birthDate="2019-10-03Z"/>
                <Participant name="QucMWa.ZdPxJY." role="subscriptwriter" IPDN="DNzWY7" performance="conductor" grossFee="405309628.54"
                     modifier="B" IPI="tb5-AAu8jvTihdmJo9KFch9iizs" birthDate="2019-03-13Z"/>
            </Participants>
        </Record>
        <Record title="mJCLw-sD6Xw" spins="1787215308" ISRC="SE8E8L6B2XWQ" year="7770" producer="mi1.-mH9EH3jQwQBc0y"
             label="OIIAZf6l" recordNo="a.VdHBmNKmjkorfWyi-lg" serialNumber="rz2.uFaZJy3czn" isPremiere="0"
             usage="commercial" ISWC="XNCt" AKA="rTi02fhaJDfIMZ" genre="spoken word" broadcastedFrom="2019-06-03T11:21:16"
             broadcastedTo="2020-01-15T11:21:16Z" runtime="1631712650" origin="free of charge" alternativeTitle="Xh_HexZoiwdUFuhPwSD"
             recordedFootage="1680523295">
            <Participants>
                <Participant name="B5O" role="producer" IPDN="oXdxRs8" performance="supporting" grossFee="2041202186.09" modifier="B"
                     IPI="cg55RAA2DgqiAqSZu.7RV1gl_9pAH" birthDate="2019-10-25Z"/>
                <Participant name="Aph94p_ZKQZT" role="composer" IPDN="YF.8n0eEMzIU3e_a79O2S7HCoc" performance="chorus master" grossFee="1722446356.47"
                     modifier="C" IPI="fYIbXAnQnwhx_B95yCL" birthDate="2020-01-25"/>
                <Participant name="cE6F5ardceYE50JK6hi2iQ57." role="remixer" IPDN="oB" performance="chorus master" grossFee="1602894284.49"
                     modifier="A" IPI="XDLV0CqTpy" birthDate="2018-07-15Z"/>
                <Participant name="JwCm8Z5" role="subscriptwriter" IPDN="ghM0FKuK0CiF" performance="main" grossFee="574765855.75"
                     modifier="A" IPI="g" birthDate="2019-06-01Z"/>
                <Participant name="dIAWSEKUuku.HE_" role="scriptwriter" IPDN="ivgtILkOQ9g4VhQC2" performance="conductor" grossFee="-770669348.45"
                     modifier="A" IPI="kkXYpY.W-yztueE7eqfY" birthDate="2019-09-01Z"/>
                <Participant name="B2ixx" role="performer" IPDN="AY0z8-GOd75lE2dKIn4oqf6j" performance="supporting" grossFee="-2046830518.89"
                     modifier="A" IPI="rX" birthDate="2019-05-03Z"/>
                <Participant name="TqFCpo0jEkGnnTubKA3c9lG2u" role="sound engineer" IPDN="h-wqBDkD__a" performance="main" grossFee="1404466938.41"
                     modifier="B" IPI="vK3k" birthDate="2018-09-25Z"/>
                <Participant name="j_VPf870G" role="arranger" IPDN="GmryzBtRtpC" performance="soloist" grossFee="1857908165.47" modifier="B"
                     IPI="YiG96dzWcZX70t-HON" birthDate="2019-12-13Z"/>
                <Participant name="W8NBuCmU-mWrA7B3qRepr0naTdxQ" role="sound engineer" IPDN="bpPisSEOTYDH" performance="soloist"
                     grossFee="-221742531.41" modifier="C" IPI="xW0gLk7i8BxrHgq" birthDate="2018-07-24"/>
                <Participant name="VjyCjFtUAP4OcPyz.F3pxMX" role="scriptwriter" IPDN="bVieWxctW" performance="conductor" grossFee="-1803802119.46"
                     modifier="C" IPI="yeSnb" birthDate="2019-02-04"/>
            </Participants>
        </Record>
        <Record title="eY_ivMycwCYBbwhrcEF6" spins="185827848" ISRC="WLEA23721OYV" year="6234" producer="ovi1qu" label="U2fQXgNE76s25rblIEDwpPWhLEhd"
             recordNo="e7hwg5O_RusF9BljuHYJVL-P" serialNumber="pzdzEE7VyDR.B" isPremiere="false" usage="commercial"
             ISWC="wA" AKA="Af724f3.d" genre="commercial" broadcastedFrom="2018-10-22T11:21:16" broadcastedTo="2019-07-25T11:21:16"
             runtime="793929120" origin="live broadcasting" alternativeTitle="dg59KU7uzxsUe" recordedFootage="366517499">
            <Participants>
                <Participant name="oURLZ_BFsaPKL7v2" role="subscriptwriter" IPDN="dCrEWT3" performance="supporting" grossFee="1550109139.31"
                     modifier="A" IPI="qaa" birthDate="2018-11-27"/>
                <Participant name="z-tUqkq-xO-JVPCwJliV42H" role="arranger" IPDN="amux" performance="conductor" grossFee="-168367613.88"
                     modifier="B" IPI="_VIyNnDKvVyj7ms" birthDate="2019-03-21Z"/>
                <Participant name="ld3u0IhOwDwpe3oQ" role="performer" IPDN="x" performance="main" grossFee="2141659596.29" modifier="C"
                     IPI="uwL7p-g9wBzr-qc7nYYX" birthDate="2019-01-13"/>
                <Participant name="xfJCuz2J3mIwtSCJ" role="music director" IPDN="C" performance="supporting" grossFee="-559649788.39"
                     modifier="C" IPI="aHbuhhR" birthDate="2020-03-19"/>
                <Participant name="Dka14fIa8awyyp.SjWxndac" role="composer" IPDN="aiFHKCfreGlJX9.N4X4fLNbUYbJ1go" performance="supporting"
                     grossFee="-1587630972.61" modifier="B" IPI="kl8Iz.qMrIFvbZ7rULoWCCkl5gTmr" birthDate="2020-02-12"/>
                <Participant name="bDvJua" role="composer" IPDN="In" performance="supporting" grossFee="-1611031080.65" modifier="B"
                     IPI="f3b_" birthDate="2019-03-29Z"/>
                <Participant name="g60R-_EosZhQOAm" role="remixer" IPDN="MZkiFQWM_DH1g22t" performance="main" grossFee="602370272.38"
                     modifier="B" IPI="AzClPr8Aq8" birthDate="2018-08-10"/>
                <Participant name="K8s6K4ld_xA7ET1gwk" role="composer" IPDN="JTWGRSYErLLOdzJP4" performance="main" grossFee="-343313678.71"
                     modifier="A" IPI="TpRsQlUGn_Ff-42bXQ-LjXfZ" birthDate="2019-04-28"/>
                <Participant name="dFiBjaz0.gyN89X-.6ElB" role="music director" IPDN="lNNwu" performance="main" grossFee="-1036709242.16"
                     modifier="A" IPI="lTUiET6D4w.a4EHCTij" birthDate="2019-06-01"/>
                <Participant name="pz" role="composer" IPDN="ins51fM2p" performance="conductor" grossFee="2079457800.00" modifier="B"
                     IPI="O01ilK24qaMLpGG3." birthDate="2019-06-29"/>
            </Participants>
        </Record>
        <Record title="As" spins="633251452" ISRC="Q2F09JWT42I8" year="4167" producer="lVpknS-KajJOll1sE5V.hxSe" label="Uu"
             recordNo="AGhvp5nz-W" serialNumber="F4uP6CNPG" isPremiere="true" usage="commercial" ISWC="tq36N24AFmPG6ZA"
             AKA="v1sQ.N4VBdFq" genre="commercial" broadcastedFrom="2018-08-18T11:21:16Z" broadcastedTo="2019-03-06T11:21:16Z"
             runtime="180307327" origin="commerce" alternativeTitle="Yrsp3iLAK1TsqlDwN8DStZx0NvsE4" recordedFootage="756506768">
            <Participants>
                <Participant name="WSW_.Gw_N6lEY-AslPP6nohtQSiOG" role="composer" IPDN="b0vrtIcPc4k" performance="soloist" grossFee="-699545654.80"
                     modifier="C" IPI="O" birthDate="2020-02-13Z"/>
                <Participant name="BnEEnX8Yd" role="performer" IPDN="yFECXw1NJ" performance="conductor" grossFee="495583998.85" modifier="C"
                     IPI="Him-BLiFEL6ulWR" birthDate="2019-03-09Z"/>
                <Participant name="b2XOA" role="subscriptwriter" IPDN="OdM_zzzpHka" performance="main" grossFee="1019074421.86" modifier="A"
                     IPI="X_hHyFe69_cni7etpYc6EjdXhudl" birthDate="2018-07-05"/>
                <Participant name="uPi39e8eWaCzfyZ9Mt" role="arranger" IPDN="lZ.U5sndWLP2YZ.uDXDxAm7Pn" performance="supporting"
                     grossFee="-1084173603.58" modifier="C" IPI="hTJPPJBJa0u6n44hh9vCkYbvO2" birthDate="2019-02-03Z"/>
                <Participant name="NUk.-D" role="scriptwriter" IPDN="QO0" performance="supporting" grossFee="-1009207915.68" modifier="A"
                     IPI="XV3g9Mtd1I" birthDate="2018-11-27"/>
                <Participant name="bSHhJ3" role="subscriptwriter" IPDN="PfTh" performance="soloist" grossFee="-856604352.75" modifier="B"
                     IPI="t9s_myV0BcTVV1AlIvLkGSZZm8wPi" birthDate="2018-11-03Z"/>
                <Participant name="CwVM7sEQ0TVFFBIOqJ1_PHSOv" role="performer" IPDN="TAUxvEmTpFa5_HW3P" performance="soloist" grossFee="867671788.46"
                     modifier="C" IPI="ZyDD" birthDate="2019-10-28Z"/>
                <Participant name="c" role="subscriptwriter" IPDN="FtDs" performance="chorus master" grossFee="1203519689.70" modifier="C"
                     IPI="vk." birthDate="2019-10-21Z"/>
                <Participant name="UXtc" role="composer" IPDN="tYQ_O-m_oV4-KwD7u6Q7-te" performance="main" grossFee="-2070810371.00"
                     modifier="A" IPI="nu-65bQVnQo-suz-.ZVwO6S-BYZNW" birthDate="2019-07-25"/>
                <Participant name="dm21G" role="composer" IPDN="jSmYgQ7v" performance="chorus master" grossFee="-2118837219.07" modifier="C"
                     IPI="b" birthDate="2019-06-22Z"/>
            </Participants>
        </Record>
    </Record>
    <Record title="QsbPAEErLdFdJPCayLP" spins="2124357062" ISRC="7057D0H4T6G9" year="0952" producer="AJj_xwiAFv"
         label="gCHCwH_33TP1l6qKDl8setThN" recordNo="iK6uwRuZi4dSh_0dGI_PF5e9" serialNumber="wpaDM0RIOMv1pcp"
         isPremiere="false" usage="jingle" ISWC="Qh92R.GBgPQrOMeHHiBcWlEMnGDusn" AKA="HogSS2N7Q07sa_6Xq9F"
         genre="commercial" broadcastedFrom="2019-06-02T11:21:16" broadcastedTo="2019-08-12T11:21:16Z"
         runtime="256029294" origin="self" alternativeTitle="wpMpLe.73XFy6lnphbb4jjsy" recordedFootage="1865791515">
        <Participants>
            <Participant name="N5U3ZakP5k" role="arranger" IPDN="r" performance="soloist" grossFee="173090894.49" modifier="A"
                 IPI="L" birthDate="2019-11-08"/>
            <Participant name="bZcTVUvXOnz6UY4-ErYHH" role="composer" IPDN="UyxeQv-97faI7_" performance="main" grossFee="-1882239433.91"
                 modifier="B" IPI="zmGPlxmS4xeIQwZ2TkLVSbGFIiMKiV" birthDate="2019-09-29Z"/>
            <Participant name="BWP5R1D_R6EkRjbhWevn5tc" role="sound engineer" IPDN="ViM1iS3.n1qy" performance="supporting" grossFee="-1339702819.77"
                 modifier="A" IPI="TTGjsFuVg" birthDate="2018-12-15"/>
            <Participant name="j4n0d_0xDW7NeQmEyHDg6NEGCLF3Q" role="subscriptwriter" IPDN="QzY8zATPT" performance="soloist" grossFee="-1003763304.78"
                 modifier="C" IPI="MKoHwLK2" birthDate="2019-05-31"/>
            <Participant name="Ejek_-dKUljxT29Yun" role="remixer" IPDN="Gce" performance="chorus master" grossFee="215079446.02"
                 modifier="C" IPI="X-wXHFgci1dVnN.bdSqBX" birthDate="2018-08-08Z"/>
            <Participant name="d2QARdCBOQiw8f" role="music director" IPDN="uU" performance="soloist" grossFee="-260315874.78"
                 modifier="A" IPI="Ypyh4PP_1hn7" birthDate="2019-06-30"/>
            <Participant name="CicFVt2S2" role="remixer" IPDN="f7Mzt" performance="main" grossFee="-79549341.90" modifier="A"
                 IPI="FadFR8qiYs51ZH5Y_ar4p_EZJSq2TD" birthDate="2019-02-02"/>
            <Participant name="KQSrZnslRUKs7tIpy2BO0w" role="scriptwriter" IPDN="Z67lLRxINQ8zJm3p1BCjfvwSz" performance="soloist"
                 grossFee="1733010146.61" modifier="A" IPI="DL3ffut7TT-ziWw" birthDate="2019-02-07Z"/>
            <Participant name="fnCTVfi2rDBqrxaz3LaLqyoiUcqBj" role="music director" IPDN="q4gYvv0O5woEtR4a" performance="conductor"
                 grossFee="-1419414042.28" modifier="C" IPI="SaE0OHm_OYpk6.9dshImrmmupk6G2" birthDate="2018-09-27Z"/>
            <Participant name="YqUyXG2gTP777kMh" role="performer" IPDN="mIy7edbEIa-GyMeUScUUHma" performance="chorus master"
                 grossFee="-1437098510.40" modifier="C" IPI="QXJbn7kd_" birthDate="2019-02-27Z"/>
        </Participants>
        <Record title="o7WlISwfucF" spins="1341451059" ISRC="Y52ZS510QQ0O" year="4169" producer="w.kClsuyIzQ" label="Uls8Lg_1RGw"
             recordNo="EXI9ONHO5E" serialNumber="W7IC2nKnubDDsSzQjh7OEPNnM-BKdx" isPremiere="true" usage="commercial"
             ISWC="hiC" AKA="uCppbSxxNqkTCr" genre="composed" broadcastedFrom="2018-09-29T11:21:16" broadcastedTo="2019-11-26T11:21:16Z"
             runtime="2027673448" origin="report" alternativeTitle="Y1" recordedFootage="1829553552">
            <Participants>
                <Participant name="ugE" role="remixer" IPDN="ljjWMLlPJBG" performance="main" grossFee="1068494380.42" modifier="A"
                     IPI="Ct5wpSlBZtyqmgQ64oZoTM6YofOxGI" birthDate="2019-09-28Z"/>
                <Participant name="ImmZ" role="producer" IPDN="B" performance="chorus master" grossFee="-346336077.58" modifier="B"
                     IPI="Mfgm" birthDate="2018-12-10Z"/>
                <Participant name="_g.8K7folFb1Qv0TONA_o" role="performer" IPDN="Qd" performance="supporting" grossFee="1058443983.51"
                     modifier="C" IPI="KWfgnjcb488pl_V4CwzpHlOgxq2W_R" birthDate="2018-09-19"/>
                <Participant name="byA" role="performer" IPDN="JiBynQHyQNqkXhWU" performance="main" grossFee="415058944.92" modifier="B"
                     IPI="JE" birthDate="2020-04-09Z"/>
                <Participant name="csXbhbUxSG-yN.MfdEj" role="arranger" IPDN="B4rj4.hNM" performance="chorus master" grossFee="848441259.55"
                     modifier="B" IPI="sLx86h0dMMIYsVcfK0" birthDate="2018-07-11"/>
                <Participant name="t.ijbPQ67W" role="scriptwriter" IPDN="n" performance="main" grossFee="1834858594.97" modifier="C"
                     IPI="PXUBHtx3b2wOpiVa10-DWVR" birthDate="2018-12-25Z"/>
                <Participant name="BtD09K1tkdfd1s" role="sound engineer" IPDN="_vPJlKbL3NCArQcRAkWeU7ezzIgs" performance="soloist"
                     grossFee="50217293.66" modifier="A" IPI="CW2yxNMjsqGJnDIgLZqltU.8yU" birthDate="2019-01-15"/>
                <Participant name="gAGCoWJ" role="sound engineer" IPDN="Ni2hSvxHTwdXdR" performance="conductor" grossFee="899275324.05"
                     modifier="C" IPI="baj.I3VUsc4koCTRyngTmeNvK" birthDate="2019-09-12"/>
                <Participant name="Cp" role="sound engineer" IPDN="fK88mZUTpi2I13.CVdmugk" performance="conductor" grossFee="-870135188.55"
                     modifier="C" IPI="rThxBfh0v5nqIFXNo.tbSk7A_Np9Yc" birthDate="2019-05-07"/>
                <Participant name="M1A83bw.-S" role="scriptwriter" IPDN="sd8_ELFK4wn3CW3I6U3ydOa0MXm_ns" performance="conductor"
                     grossFee="-440861362.81" modifier="C" IPI="KenLsaULTb" birthDate="2019-08-30"/>
            </Participants>
        </Record>
        <Record title="ftcfwxA_bylWYYhyE" spins="1668167167" ISRC="31U62Y1T5G3G" year="2393" producer="w8-Befm8OmH"
             label="IWrA1xmRrqwECXnU3a2" recordNo="KAT0.0DhL8TljSI276VF1a0RrnoTo3" serialNumber="yF9"
             isPremiere="true" usage="commercial" ISWC="yA3dv" AKA="qBUjlyb4-FuUV2Ospoa9y" genre="composed"
             broadcastedFrom="2020-06-28T11:21:16" broadcastedTo="2019-05-14T11:21:16Z" runtime="371454294"
             origin="commerce" alternativeTitle="i8RB" recordedFootage="1278614441">
            <Participants>
                <Participant name="k1qKeqUW.PcNa-jy9" role="remixer" IPDN="FaRpb0bdv" performance="conductor" grossFee="377580294.98"
                     modifier="C" IPI="F" birthDate="2019-11-16Z"/>
                <Participant name="WOKho3X_vszvbnW" role="subscriptwriter" IPDN="TY5HR6O" performance="soloist" grossFee="605689259.77"
                     modifier="B" IPI="rhBjrGn4AdrfRn__HFeop" birthDate="2019-08-13"/>
                <Participant name="Lr92HnYMCdChI2cnJfzW" role="music director" IPDN="Hbp" performance="supporting" grossFee="567117834.11"
                     modifier="A" IPI="Jb2xK8-Mfag-8j2" birthDate="2019-03-02Z"/>
                <Participant name="a8qlMJuKK" role="music director" IPDN="p75h8FVpPER6lPTFkbkse" performance="chorus master" grossFee="-760938023.63"
                     modifier="B" IPI="j4l" birthDate="2019-05-28Z"/>
                <Participant name="GwQsSQCtA2KS2g1-62idWtujbe" role="subscriptwriter" IPDN="FnLVl2S4CKixzND.MY" performance="main"
                     grossFee="1595252799.27" modifier="A" IPI="Ef9.BJXn6" birthDate="2018-12-21Z"/>
                <Participant name="GMubv0I1T44dHN1LR8" role="arranger" IPDN="imWfPhdyxm" performance="soloist" grossFee="-1114985493.17"
                     modifier="B" IPI="TEkj6XQZqWR2dtMfcKSL" birthDate="2019-10-15Z"/>
                <Participant name="Iz5j0aqGR-cN5n" role="scriptwriter" IPDN="yLfLaGllvuxGN" performance="chorus master" grossFee="-1476370224.57"
                     modifier="B" IPI="TfBN6pFBz61" birthDate="2019-11-09"/>
                <Participant name="XNYd.9X1" role="subscriptwriter" IPDN="Oz-FUyw_YDUk" performance="main" grossFee="-2014545871.04"
                     modifier="B" IPI="MobLwkJeGLkht31p1a8wh6MjP6JLz" birthDate="2018-11-29"/>
                <Participant name="U2G" role="performer" IPDN="XFq" performance="main" grossFee="1244813796.59" modifier="A" IPI="wS_T5V9UM.QpTv3o-JzQGAok"
                     birthDate="2020-04-24Z"/>
                <Participant name="gV" role="arranger" IPDN="MJ3Vy1Nm8NpYrCk1xKfzi.dT" performance="chorus master" grossFee="-173198711.85"
                     modifier="C" IPI="vgxP5TT92GlNSzlbWJjkERxC7o" birthDate="2020-02-18Z"/>
            </Participants>
        </Record>
        <Record title="U8tj0rYS-MyLdGB" spins="272642143" ISRC="TV14Y2O09EA9" year="6650" producer="vD" label="ultlfycHjzAMK2IjSFO"
             recordNo="EMuGQM" serialNumber="eIAvI_Xnh-9p_3nRf.uNJP" isPremiere="0" usage="jingle" ISWC="zfdHL8kWhYch3N9"
             AKA="liv.9u4ldI8" genre="classical" broadcastedFrom="2020-03-24T11:21:16" broadcastedTo="2019-09-02T11:21:16Z"
             runtime="1481016107" origin="self" alternativeTitle="ejMl" recordedFootage="1432319899">
            <Participants>
                <Participant name="S7sMrc8.hou" role="composer" IPDN="BaOY32ryuElQgFDj" performance="supporting" grossFee="-2145148824.13"
                     modifier="C" IPI="aygRdA." birthDate="2019-09-04Z"/>
                <Participant name="nLV_LnRQh" role="composer" IPDN="JyuKGYchL1PW-aE" performance="soloist" grossFee="-190090487.42"
                     modifier="A" IPI="dVHTiTC" birthDate="2019-09-20"/>
                <Participant name="f" role="subscriptwriter" IPDN="NH5" performance="soloist" grossFee="-238849995.46" modifier="C"
                     IPI="k" birthDate="2020-03-10"/>
                <Participant name="c5tSXRKkvf1VEknGrI" role="music director" IPDN="A3CZIqQ96ZieWArPpl" performance="chorus master"
                     grossFee="-1718521440.85" modifier="A" IPI="kvMuxL" birthDate="2020-04-10"/>
                <Participant name="C9O.o9YDaQyCMp7ZlWAIy2k" role="composer" IPDN="Pzfh8bxSdRyJL" performance="conductor" grossFee="-691169947.61"
                     modifier="A" IPI="mjYiv7uQUB_Y0or" birthDate="2018-11-20Z"/>
                <Participant name="Ete2GvORgE5SJZg.31cPs5iuQPXV" role="arranger" IPDN="USS6gQs5pn5FlUe1N7DG" performance="soloist"
                     grossFee="1576097640.96" modifier="C" IPI="u9NYX_" birthDate="2019-11-30"/>
                <Participant name="N10eq" role="remixer" IPDN="_GgKBjRKIewUlCTKj66IN-kJ9t" performance="supporting" grossFee="442410081.46"
                     modifier="B" IPI="HoI" birthDate="2019-07-09"/>
                <Participant name="omjLEXKLg" role="remixer" IPDN="WWlI4u_h.YU-6o.r711l5kUBv" performance="conductor" grossFee="-1633469377.78"
                     modifier="B" IPI="pZ3MCdjK0e_Kl0APTY" birthDate="2018-12-15"/>
                <Participant name="I" role="remixer" IPDN="YRfyWUYJOL1YzGBt2wD2s9" performance="chorus master" grossFee="-1927439770.23"
                     modifier="C" IPI="TrqO.o74ctn_dZ" birthDate="2018-08-26Z"/>
                <Participant name="PfI5MMLx8tg3vmOegcsj" role="subscriptwriter" IPDN="goSc6ESrYznrP9zBti_C5K7enihiaM" performance="chorus master"
                     grossFee="117427371.57" modifier="A" IPI="wuCaCr7e2PiJVXeeI6NiKSTJmNNR7m" birthDate="2019-05-02"/>
            </Participants>
        </Record>
        <Record title="HMbw7LnO75lQcxEe33OebW_" spins="1066039151" ISRC="7NGTWDE9T712" year="1472" producer="W." label="vV.s0HbM9W"
             recordNo="sQGg_o" serialNumber="lVcpCxK" isPremiere="true" usage="jingle" ISWC="Hgdt85wKKdLlLuv46dbIY"
             AKA="Jy1pkA-SE8EjDV9F-H" genre="classical" broadcastedFrom="2018-07-18T11:21:16Z" broadcastedTo="2018-10-02T11:21:16"
             runtime="1785305574" origin="commerce" alternativeTitle="U1nTxGXLWtUkgx6AqUT5od38mf4" recordedFootage="1389117822">
            <Participants>
                <Participant name="bB5KrQ7SrvQcsgJ6" role="music director" IPDN="gtYCCGzyo" performance="conductor" grossFee="213281097.70"
                     modifier="C" IPI="hO5E5IeWtesQ" birthDate="2020-04-16"/>
                <Participant name="LU6ozbCVhI5_fMWR" role="subscriptwriter" IPDN="ATK" performance="conductor" grossFee="1146977691.05"
                     modifier="B" IPI="jWdHL7QUUSyO-T1OAh0jfat3" birthDate="2020-06-20Z"/>
                <Participant name="wNBpWnyHf" role="sound engineer" IPDN="owID_atV_sFkNWs9yj6M_extse1uU" performance="chorus master"
                     grossFee="353739719.56" modifier="B" IPI="THIHu0QzTg7bGL5g" birthDate="2020-06-29Z"/>
                <Participant name="LfWKdgrJQaj58y1J.7STo.xVCrsdZE" role="performer" IPDN="p.F7" performance="main" grossFee="1664649836.01"
                     modifier="C" IPI="VNldTiqnaYrIdGT5wN1QiiQz" birthDate="2019-03-02Z"/>
                <Participant name="hYmrQ" role="composer" IPDN="MClWV6q9" performance="main" grossFee="-290864187.47" modifier="C"
                     IPI="SMc5.ENCSAUT4" birthDate="2019-06-26Z"/>
                <Participant name="KMwsAtjp5qtJ" role="producer" IPDN="QvN88AuW" performance="supporting" grossFee="-76884980.31"
                     modifier="B" IPI="Hq34MX4DIewbZcFqlrAbOEduhsoChq" birthDate="2019-01-10Z"/>
                <Participant name="h_5I_n5uxC37fD" role="composer" IPDN="vKrSK" performance="conductor" grossFee="-1947301107.98"
                     modifier="C" IPI="es" birthDate="2019-03-21"/>
                <Participant name="r" role="composer" IPDN="d2T" performance="chorus master" grossFee="-1730375448.03" modifier="A"
                     IPI="M9Wgriawl5_hgO7aikXmK.d_Ikk" birthDate="2020-05-16Z"/>
                <Participant name="b1qO9x9kMP" role="performer" IPDN="U4OjdnvIa3-T4QZVJVFKw9-z" performance="main" grossFee="1357963101.44"
                     modifier="A" IPI="TBaM3M.F3Z568OJPZafy" birthDate="2019-05-15"/>
                <Participant name="AFVtMk-TdRF" role="remixer" IPDN="P0w" performance="supporting" grossFee="-783192556.42" modifier="A"
                     IPI="exQEiydgT4LIOJWaNr0YOaoglkE" birthDate="2019-03-18"/>
            </Participants>
        </Record>
        <Record title="guZWUykoBiuZf4O1Ohn69VJHt4" spins="1029986274" ISRC="P53Y34SN6R38" year="0508" producer="rm2WoP8b6qPhq4Cv3evqIZpC"
             label="MApDR3sPaE" recordNo="lOg_aC03oBHEIVsNAkgJC" serialNumber="ZmTm" isPremiere="false"
             usage="commercial" ISWC="WtLYnIN6Ef1D1C-kN5-t" AKA="P.hR3wL" genre="composed" broadcastedFrom="2019-01-05T11:21:16Z"
             broadcastedTo="2019-08-13T11:21:16" runtime="1634861995" origin="live broadcasting" alternativeTitle="P3x_dzIy4THyG4vdv"
             recordedFootage="561618436">
            <Participants>
                <Participant name="kQ_rch" role="music director" IPDN="dkL6c-_" performance="soloist" grossFee="-9657439.08" modifier="B"
                     IPI="ZKa" birthDate="2018-09-20Z"/>
                <Participant name="Ng2" role="composer" IPDN="w" performance="conductor" grossFee="-2056635891.34" modifier="A" IPI="mgXblsJNpt"
                     birthDate="2020-05-23Z"/>
                <Participant name="FkxW5Iy-N23HFB3FPx8aIJbXo_" role="producer" IPDN="orla9wUTId8gT_" performance="supporting" grossFee="-1770417533.00"
                     modifier="B" IPI="u_ftSAVj2FHJq-eZpcvCQwWV" birthDate="2019-06-26Z"/>
                <Participant name="yLYu" role="performer" IPDN="FpyVgWlc87WddJTt8M4.eE3Ul" performance="conductor" grossFee="-61561201.96"
                     modifier="C" IPI="JNe7YJ" birthDate="2019-01-19Z"/>
                <Participant name="H2K3SuWhTSg" role="composer" IPDN="WaQ2_pJokDhIkJGdoXKe1Z" performance="supporting" grossFee="-1747488991.14"
                     modifier="C" IPI="TE-fWnQyDsa.KYj3" birthDate="2020-04-28Z"/>
                <Participant name="cQHMF6f203u" role="subscriptwriter" IPDN="LQKRYItj-" performance="conductor" grossFee="-629852549.28"
                     modifier="C" IPI="XA4rQabYeo" birthDate="2018-08-29Z"/>
                <Participant name="N52YUI5uLD4" role="arranger" IPDN="tHBL-Nc75wiTtOeJlp4dAt-uqL" performance="supporting" grossFee="-1123045216.47"
                     modifier="C" IPI="FwXNe4ZIh6r9a486mOksJFL9q" birthDate="2019-07-04Z"/>
                <Participant name="DxBrLzxZtGT8_1" role="arranger" IPDN="lqu7NXCOp-ra" performance="soloist" grossFee="257104558.16"
                     modifier="C" IPI="d8CErZrLrYv6XhjijqvK" birthDate="2019-03-06"/>
                <Participant name="lmlb_CSzYoHRrdClgU" role="arranger" IPDN="kp1Jh1SWs13Q-5IoWewV-kotl" performance="main" grossFee="-2115541187.36"
                     modifier="C" IPI="E9fyML" birthDate="2019-05-19"/>
                <Participant name="muq" role="sound engineer" IPDN="K3xYkgoJS1icrq" performance="conductor" grossFee="-684523419.60"
                     modifier="C" IPI="qZPjN8DCc4hpvNNT5" birthDate="2019-08-08"/>
            </Participants>
        </Record>
        <Record title="hPyaxc_kfxIXrsNMYxy176lCj9l" spins="947399272" ISRC="843790TK1O41" year="1067" producer="FH5Sn"
             label="G-" recordNo="AWzkt8.m6vXVcoq" serialNumber="_e" isPremiere="1" usage="broadcast"
             ISWC="L-IMRSQ0" AKA="MWOQEOMOz2lLoLzdtyXZ_L8SQxeW" genre="spoken word" broadcastedFrom="2019-01-13T11:21:16"
             broadcastedTo="2019-01-06T11:21:16" runtime="1199312553" origin="recorded stream" alternativeTitle="F9nb3dc7CAbAc"
             recordedFootage="1468746298">
            <Participants>
                <Participant name="HfXBi5AJvPZc" role="composer" IPDN="F5xFRv_ZBvVN7Fyxy" performance="chorus master" grossFee="-1662127959.83"
                     modifier="B" IPI="mPYhjd9xFtyilWTA.YUsS35vR9x" birthDate="2018-07-28Z"/>
                <Participant name="xF5.R-GSmR" role="performer" IPDN="iMrxG9ux6V" performance="conductor" grossFee="1081581806.45"
                     modifier="C" IPI="Pvr0vZM5WgHPBhCnUl" birthDate="2018-12-08"/>
                <Participant name="l" role="producer" IPDN="VQ4W3zCldtagm" performance="soloist" grossFee="-495559591.49" modifier="C"
                     IPI="Jnp7djdaNFaW_zxdExGk_0VcFp" birthDate="2019-04-24"/>
                <Participant name="rBVLwiZ" role="subscriptwriter" IPDN="LkHTmUd69F2" performance="soloist" grossFee="1084832145.38"
                     modifier="A" IPI="is" birthDate="2020-06-14"/>
                <Participant name="O_TnuJkKmYONEaatckOkR06KEiz" role="sound engineer" IPDN="JeE1c8" performance="main" grossFee="1697625514.70"
                     modifier="C" IPI="HA1-El9m" birthDate="2019-10-08"/>
                <Participant name="pu.s" role="producer" IPDN="tTob1Zbd-Q54H8ic26h.7" performance="supporting" grossFee="1940428586.77"
                     modifier="A" IPI="Re9I1cHlE6MsaySTKkNlS9tLlzAebP" birthDate="2019-01-03"/>
                <Participant name="l.MPuiU6T0KUOzI8Nt_oe" role="composer" IPDN="Gs" performance="main" grossFee="193321251.24" modifier="A"
                     IPI="IINyuEb" birthDate="2019-02-08"/>
                <Participant name="XiDSurRQ" role="music director" IPDN="gSpe0PRIVQpRZIKHJ5" performance="main" grossFee="-1753722541.87"
                     modifier="A" IPI="SzQG1nzIAirNFJaBBQu" birthDate="2020-03-19Z"/>
                <Participant name="n0u" role="producer" IPDN="L6kW5fAtG39rENXht3SWW-dDkxI4eu" performance="soloist" grossFee="-1435482396.65"
                     modifier="B" IPI="FrBJWqS0izd" birthDate="2020-05-10"/>
                <Participant name="E8" role="arranger" IPDN="FBB6GjIrrPUUcxjYBax9n" performance="chorus master" grossFee="-882612308.80"
                     modifier="A" IPI="l0XFzGRPAII42mgc8Bh45" birthDate="2020-03-25"/>
            </Participants>
        </Record>
        <Record title="e1LNOowbUG8.uB5XiTQn5D" spins="489868359" ISRC="N11PJ54LPJ91" year="4551" producer="PY7_jLuM"
             label="yuxFLthId7DGAQy65D894Zo" recordNo="gGSfmnKmwar.pdKQ0MXD77T3rw5_OR" serialNumber="w2-E.Hz56"
             isPremiere="0" usage="broadcast" ISWC="adwf9" AKA="C595ciLphebR-CR" genre="classical" broadcastedFrom="2019-09-29T11:21:16Z"
             broadcastedTo="2020-02-01T11:21:16" runtime="241701741" origin="free usage" alternativeTitle="GDDUi1OldU2UWjHTf"
             recordedFootage="998181030">
            <Participants>
                <Participant name="keYHvvYJHT1_bIfGSLGTYheJBRvIV" role="remixer" IPDN="FPSNCBenM" performance="supporting" grossFee="-1340604340.00"
                     modifier="C" IPI="ML." birthDate="2018-07-08Z"/>
                <Participant name="RDfcqn" role="music director" IPDN="kRRXLmV66Z22iWY_sRNN2" performance="soloist" grossFee="-883512946.23"
                     modifier="C" IPI="nAImx2IeQztaPJE9UMyjzPhHzNM" birthDate="2020-04-05Z"/>
                <Participant name="hVU8uWK-FUhxZ8grE6NahJUZ.U" role="remixer" IPDN="wjDugg9s1t1c" performance="supporting" grossFee="-1657715027.23"
                     modifier="A" IPI="Y0UhMy_1jzyLd_ogRARqxfCy2-8tiV" birthDate="2020-05-22"/>
                <Participant name="MJfk9q8glyWYkNBK_N972" role="music director" IPDN="pda.EjfJgv-uvAc6dNZANq" performance="soloist"
                     grossFee="718659334.85" modifier="B" IPI="FVUxEIhZ8WFNPySGrEs.jsPmJ" birthDate="2018-12-16"/>
                <Participant name="a5DiOQPNAzwj2B9FHfU4j6Fz0wnnh" role="scriptwriter" IPDN="kD8xYdQ" performance="chorus master"
                     grossFee="1916593746.00" modifier="B" IPI="uZyvpAuunKSVs-LmCWGPfiPy" birthDate="2019-08-03"/>
                <Participant name="iu6QtCnNed" role="composer" IPDN="Vtdb" performance="main" grossFee="-1768223809.48" modifier="A"
                     IPI="SiremeZJjxJeU_wWstF" birthDate="2020-04-14"/>
                <Participant name="T_bsOjOf9K5EDAvnSw" role="composer" IPDN="jil16tNcdnrqWUBSpuGSu" performance="main" grossFee="1549132400.16"
                     modifier="C" IPI="oOe2" birthDate="2019-10-09Z"/>
                <Participant name="NA2o5MQ3IZu.rytcJbBnK52q.Y" role="composer" IPDN="Ip1" performance="soloist" grossFee="1615460365.40"
                     modifier="C" IPI="BBEV9Rmz_Q4c" birthDate="2020-04-02"/>
                <Participant name="aveX8" role="subscriptwriter" IPDN="adJzCUsm_Xr5ceTE-O.CJ9r8" performance="supporting" grossFee="275931232.50"
                     modifier="C" IPI="N7b_f6aA-K8dtuwpwNCw" birthDate="2019-06-19Z"/>
                <Participant name="NLkp4ChKoiyIuAyPK0CIawACPzHkl" role="scriptwriter" IPDN="GgUEo_u0onOz2TlXbM7l654ZlE" performance="chorus master"
                     grossFee="666197988.35" modifier="A" IPI="u.BblYHPezdddpyz" birthDate="2020-01-31Z"/>
            </Participants>
        </Record>
        <Record title="tNlQY78_3YSMaC60k" spins="1821043508" ISRC="74S92CC1MAN2" year="7105" producer="YDI8E-wfotEiHSucIIQywad"
             label="J-mLgpuApzBrXw4w3VQzXWXuO.w9fi" recordNo="J3VOIqT5tPa8rbw9eVpTVtNP4kl_6" serialNumber="MRPSMuqbfGUQoAa"
             isPremiere="1" usage="jingle" ISWC="fLGpCJ0oiWV4rwERqfqqD8a" AKA="tVTW7ehNh15X75jZL7zZT"
             genre="classical" broadcastedFrom="2018-09-26T11:21:16Z" broadcastedTo="2020-04-11T11:21:16"
             runtime="718404982" origin="free of charge" alternativeTitle="RKr" recordedFootage="2037343209">
            <Participants>
                <Participant name="WpYCZXI" role="producer" IPDN="Ah" performance="supporting" grossFee="-1812197694.91" modifier="A"
                     IPI="T65LYhy" birthDate="2019-11-18"/>
                <Participant name="Iv3gH9" role="subscriptwriter" IPDN="vg" performance="chorus master" grossFee="-1874927672.94"
                     modifier="C" IPI="pJTt7GsLimCW" birthDate="2019-11-04"/>
                <Participant name="WByiuz39yPOTott2nRrSLYm" role="scriptwriter" IPDN="IO3sLvDpS-NbhVlHbPB" performance="conductor"
                     grossFee="-1100781617.94" modifier="C" IPI="cbQA9X1LVjgx" birthDate="2018-07-17"/>
                <Participant name="fpo9Ga79Dv1FmO39B1ha" role="producer" IPDN="T9I_x" performance="soloist" grossFee="347546077.90"
                     modifier="A" IPI="eQU-hBiIejmM" birthDate="2020-03-12Z"/>
                <Participant name="Y1UKwUt0w-ismgRpslW" role="music director" IPDN="ur6aQBDl_Irvo01Is0nNiD." performance="conductor"
                     grossFee="72721670.26" modifier="C" IPI="Hh" birthDate="2020-03-05"/>
                <Participant name="QRJa4kgWy3o9taqcF_wC_" role="scriptwriter" IPDN="E9_5Z6CqGDP" performance="main" grossFee="-79837833.64"
                     modifier="A" IPI="FfZV0NU504ZEJN4XHChnHQMCn" birthDate="2019-03-18Z"/>
                <Participant name="Nh-AjvO9cgbqkHjbgQ-4iX_" role="producer" IPDN="ej1FukR" performance="soloist" grossFee="833204319.31"
                     modifier="B" IPI="mxLUo.Gow_" birthDate="2018-08-14"/>
                <Participant name="V_deB6dBV1f" role="scriptwriter" IPDN="gyHqKvq41FfHzgoa1JyQyfefIdz69" performance="main" grossFee="-1877126186.64"
                     modifier="A" IPI="HH.RDu.1hV1mGFUx8BJ4tpx" birthDate="2019-11-21Z"/>
                <Participant name="G70FnK" role="subscriptwriter" IPDN="bG" performance="chorus master" grossFee="-1012945978.01"
                     modifier="A" IPI="bo3sIidqOv0PgW8" birthDate="2020-01-16"/>
                <Participant name="RBBci5lLel" role="performer" IPDN="euaA6EOA_tvhR5d_9" performance="soloist" grossFee="1021924767.87"
                     modifier="B" IPI="AVsOrlWYcpG3_AydlXKMVjAxZtt" birthDate="2018-09-09Z"/>
            </Participants>
        </Record>
        <Record title="oj5auiIU" spins="311504935" ISRC="LP8V51231U6G" year="4016" producer="lufZT8RyyYl" label="z-o"
             recordNo="T0sSzKWGP" serialNumber="P6PMUftxvTmv" isPremiere="0" usage="commercial" ISWC="UtKrXf"
             AKA="CKdQYIvIAbh46F5WMS.8QYg0zIhZQ" genre="pop" broadcastedFrom="2020-04-11T11:21:16" broadcastedTo="2018-11-13T11:21:16Z"
             runtime="191693717" origin="live broadcasting" alternativeTitle="t.0QjKxRELxIB_mAc20" recordedFootage="1815323796">
            <Participants>
                <Participant name="kvO6eGKP3R9MRV" role="performer" IPDN="K7Q9a_HtVUd" performance="soloist" grossFee="-757470947.83"
                     modifier="A" IPI="fovTXBDkzA" birthDate="2020-02-11"/>
                <Participant name="q3M" role="music director" IPDN="JwArfOmCzp9pXqX4-M8" performance="soloist" grossFee="1508277330.45"
                     modifier="C" IPI="qmA6pPLeuecOMElVztMisr" birthDate="2019-07-08Z"/>
                <Participant name="Yw" role="composer" IPDN="wCHu3DoTbj..C" performance="soloist" grossFee="-522786206.33" modifier="A"
                     IPI="WMQm61yy" birthDate="2018-10-01"/>
                <Participant name="EvgHEw" role="remixer" IPDN="FIwYAg_TGSmx0A1u" performance="main" grossFee="1374438188.41" modifier="A"
                     IPI="bv5sMuC5kt0GbVaEBDeIVVp" birthDate="2018-11-28Z"/>
                <Participant name="DQZV-0ZJPhacR" role="remixer" IPDN="Y8-.yycdRQTRWFmgJ8VWivOmcYP2" performance="conductor" grossFee="846749921.63"
                     modifier="A" IPI="e-iMxvmSI1h5.UVu" birthDate="2018-11-29Z"/>
                <Participant name="L2_t0rDWZKFS2mH9A7I.WhEI4kDZN" role="subscriptwriter" IPDN="vbFRD8k8PHsQsfYzOsUe" performance="chorus master"
                     grossFee="-1336023543.72" modifier="A" IPI="vJD_AQx-Mu_2I8qXgpNJXD8d" birthDate="2019-10-29Z"/>
                <Participant name="eVB5nAxq1UZO9BIPO6e5tUq" role="composer" IPDN="jyI144bpO" performance="chorus master" grossFee="461104037.27"
                     modifier="A" IPI="l9cTTg7LJU3" birthDate="2020-05-18"/>
                <Participant name="oZd8dltBkeDZUdSo" role="arranger" IPDN="UuWdKz4QbkH8W._kkDc0crkpQ2" performance="soloist" grossFee="500173398.91"
                     modifier="C" IPI="n708Vcf8xxi6Ca3qNBva5f" birthDate="2019-08-06"/>
                <Participant name="_jBWqYKyFo7ABppLhvOkl" role="music director" IPDN="XqJBrAfw4J8b1v.46N5q8DVHIY9r" performance="main"
                     grossFee="-127395060.99" modifier="A" IPI="H97v5ohkoXntXh7I.E0VTJZFukvVsG" birthDate="2018-12-07Z"/>
                <Participant name="V0uRmo7zfMTCM" role="music director" IPDN="dcO48hHbAYMAM5_VdbRC44ArsBXsjb" performance="soloist"
                     grossFee="-49057945.94" modifier="A" IPI="Dtj." birthDate="2018-08-24"/>
            </Participants>
        </Record>
        <Record title="GuJPbz9m5caA6adA8.N7TI.cW9k" spins="221859923" ISRC="528OERVM8TF0" year="3394" producer="MjhyF2fLUkMNuiDHor_1_So"
             label="sFwgKABn-KuLnkrCk" recordNo="KzrBdUfpnbnPUpUF" serialNumber="nSw3he9nQclwCfy8A.WMGfJG"
             isPremiere="0" usage="broadcast" ISWC="t" AKA="q" genre="jingle" broadcastedFrom="2019-11-14T11:21:16Z"
             broadcastedTo="2019-12-12T11:21:16" runtime="1620164759" origin="report" alternativeTitle="MIdkai4zKpIfYh.n6Zk4JmZ"
             recordedFootage="86174152">
            <Participants>
                <Participant name="zzKxzZT9TiIkgPmocxLpRH" role="performer" IPDN="F5eJ4Dc6Y-cfMscysvQHNFy" performance="soloist"
                     grossFee="1169641866.37" modifier="A" IPI="Ajgf" birthDate="2020-06-07"/>
                <Participant name="kFrfiiEXkxB" role="composer" IPDN="qP8zUe.ud_hlf5yIzcRuGhvq0Lx_a" performance="soloist" grossFee="259227239.70"
                     modifier="A" IPI="ZtdSh9jaV_30sQeOqeLOGJjcN" birthDate="2020-05-20Z"/>
                <Participant name="f1Vyrn" role="subscriptwriter" IPDN="fPjM" performance="chorus master" grossFee="519584505.52"
                     modifier="C" IPI="Lr1jkWs9tZJmsFtM-ioC" birthDate="2020-06-16Z"/>
                <Participant name="GTCN_nkw667" role="producer" IPDN="gEgzTlivZN" performance="supporting" grossFee="2103063314.96"
                     modifier="B" IPI="e_U0y0xj0mWCu2Ij3" birthDate="2019-11-10"/>
                <Participant name="fm9SKheCAGevj-T8eVqfduv." role="composer" IPDN="lV-UAZbPv5" performance="main" grossFee="772446727.62"
                     modifier="B" IPI="W27Cm1mZiT.mhRnCzqr7VKbJ" birthDate="2020-04-27Z"/>
                <Participant name="Gj_ZRQwNWC037rWc5mIjR6a31uv_UQ" role="subscriptwriter" IPDN="dXyYULU" performance="chorus master"
                     grossFee="1879425804.83" modifier="C" IPI="hsWECJqQ" birthDate="2020-01-29"/>
                <Participant name="qh1rCaiaWCpjRhTVf6VF2VY8H0" role="subscriptwriter" IPDN="Pd" performance="soloist" grossFee="-874919441.23"
                     modifier="A" IPI="H4nxLxHASGgKc5OViTZQKWZ" birthDate="2019-06-08Z"/>
                <Participant name="P_5bJ1iakS695pasB" role="arranger" IPDN="GzwxU3Lb4YhGQbT" performance="main" grossFee="-666152349.93"
                     modifier="C" IPI="q1bmjTYD3w2wucD0lIl" birthDate="2019-12-26"/>
                <Participant name="H0bO.SPGO3r8e.OAUw" role="composer" IPDN="sf2eoZnIceLF5h" performance="conductor" grossFee="-51513098.05"
                     modifier="A" IPI="xDp.SdcZ_HHBt514r99e_5Mh" birthDate="2019-10-18Z"/>
                <Participant name="H3jsL4NM200I_bD6Pqa." role="subscriptwriter" IPDN="rjbqvgyA" performance="chorus master" grossFee="-590526076.40"
                     modifier="C" IPI="Q" birthDate="2018-10-04"/>
            </Participants>
        </Record>
    </Record>
    <Record title="oPpMLhzCI" spins="1617115592" ISRC="3BRC4GWK7V21" year="5869" producer="PFJzqCAS" label="e8CmXbpBBV-"
         recordNo="jYDvfBhN7MzanKTfPehRk" serialNumber="NXDyzc1xlyzMSrtFeVm.b5ijf4" isPremiere="false"
         usage="jingle" ISWC="Vn1jw-gSSmdC" AKA="NppEcAWaoBRUMB" genre="composed" broadcastedFrom="2018-07-27T11:21:16"
         broadcastedTo="2019-04-18T11:21:16" runtime="1144302994" origin="live stream" alternativeTitle="vq.BYOTemabOlpj"
         recordedFootage="955450873">
        <Participants>
            <Participant name="f5G-9-os03gbZrZ1" role="remixer" IPDN="RokLVOBza" performance="chorus master" grossFee="1922803784.41"
                 modifier="A" IPI="aSO" birthDate="2019-07-16"/>
            <Participant name="XVuBmh.nxaLpCuGr" role="arranger" IPDN="Dknniz2NGEi_Ztyci0KkMaN" performance="conductor" grossFee="-1210178593.00"
                 modifier="A" IPI="eING7Of" birthDate="2018-09-20Z"/>
            <Participant name="Jr" role="remixer" IPDN="AdCvuT1" performance="main" grossFee="122037814.96" modifier="B" IPI="mU86KGYlLUP-XDMTV0_.Rnz"
                 birthDate="2019-12-28"/>
            <Participant name="Ux0mwW1a" role="performer" IPDN="vzRKGSw0x5AjOtEX5yDq3GoIl" performance="main" grossFee="1191013920.38"
                 modifier="C" IPI="gK" birthDate="2019-01-01Z"/>
            <Participant name="TPAtzPyXhrhuXuoutt" role="subscriptwriter" IPDN="okwRcMHIdp" performance="supporting" grossFee="1615485461.43"
                 modifier="C" IPI="kk9WF4ygZe_" birthDate="2019-01-16"/>
            <Participant name="jBsZ47q6UzrKOdVZ6pki" role="scriptwriter" IPDN="yJ1jAdmW" performance="chorus master" grossFee="-1274501018.10"
                 modifier="C" IPI="hA70dbr7O9s9hAc1sghU" birthDate="2020-02-29"/>
            <Participant name="IEMRjyxYup-oHtnJ0t_H1KM4OT_hlM" role="music director" IPDN="n7n0kq6eV-V5AhbwLtWZ64wLP" performance="supporting"
                 grossFee="-1440464711.62" modifier="B" IPI="x1CLNKS603PEOh5KhtGo4wgKv" birthDate="2019-05-07Z"/>
            <Participant name="jrzdhYbmoexV" role="arranger" IPDN="QDTc-" performance="soloist" grossFee="193489360.72" modifier="A"
                 IPI="DG6r9" birthDate="2018-10-05"/>
            <Participant name="ZzWx" role="sound engineer" IPDN="u3z" performance="conductor" grossFee="-336466369.41" modifier="B"
                 IPI="XfrOOzDxl" birthDate="2019-01-25"/>
            <Participant name="NcRUG8MxVND5bb5RMA" role="arranger" IPDN="NAmn9IR5FOdUfng4ebC7gj" performance="supporting" grossFee="1257347183.30"
                 modifier="B" IPI="Srk50jD0IDC" birthDate="2020-06-04"/>
        </Participants>
        <Record title="wbRQ05555" spins="646305785" ISRC="MF801FY159KO" year="3596" producer="g.OVNwOpWFNYQx" label="IqDp4h14Z2rR"
             recordNo="mo_1gZHViXy" serialNumber="YaUR.YPvq0CVI.UuldK-vAt" isPremiere="0" usage="jingle"
             ISWC="YriGZ5zh18PSj.ymD" AKA="t1acrkVt0cLmW1ZPXnAD96" genre="composed" broadcastedFrom="2018-08-29T11:21:16"
             broadcastedTo="2018-09-08T11:21:16Z" runtime="1061385003" origin="commerce" alternativeTitle="OT2xKRtXjHSl"
             recordedFootage="119011118">
            <Participants>
                <Participant name="p.IVkId7W1hhIvAkqR_WaD" role="sound engineer" IPDN="SHvsdvft5_OaPWEkwr2o9888CQ" performance="conductor"
                     grossFee="1449336574.67" modifier="A" IPI="y692TXxwbCPjS7ZN" birthDate="2019-05-17Z"/>
                <Participant name="YGzpQ" role="sound engineer" IPDN="IG6kvUTO" performance="supporting" grossFee="1205536756.33"
                     modifier="B" IPI="luOS-Au8" birthDate="2019-06-23Z"/>
                <Participant name="B4evhM9rF1Kg5PWpZAIS-C" role="performer" IPDN="eAZhFWrgQkpkJ8n-K" performance="main" grossFee="-661229495.20"
                     modifier="A" IPI="xEray" birthDate="2020-06-03Z"/>
                <Participant name="xEyi8.rlK0SVYlNYKYfFgqNxvAVO" role="subscriptwriter" IPDN="q" performance="soloist" grossFee="-772369458.04"
                     modifier="B" IPI="w-j" birthDate="2020-05-31"/>
                <Participant name="AAibuQA8aAU" role="scriptwriter" IPDN="PQ_IO2jKYOUTn3.K80RBPUqSmoGuwW" performance="chorus master"
                     grossFee="-1034498196.02" modifier="A" IPI="W_uE-ZuD6kIuauBpRSM44ej9iG6" birthDate="2019-05-19"/>
                <Participant name="WXeVHL80543VG7A6gzU" role="remixer" IPDN="deIVGIl13" performance="chorus master" grossFee="-1844428634.65"
                     modifier="B" IPI="CmiGnwmCDWADqI" birthDate="2020-03-04Z"/>
                <Participant name="eP1xhi3ayu_y6." role="scriptwriter" IPDN="QgYkfS46KOW5-oQgxklBa" performance="soloist" grossFee="-1546366202.17"
                     modifier="C" IPI="SLRaE" birthDate="2019-11-16"/>
                <Participant name="xr19zpx0-WF" role="composer" IPDN="KM" performance="chorus master" grossFee="2120505954.35" modifier="A"
                     IPI="K0p-IBYo5ec2fby.mEk" birthDate="2019-03-20Z"/>
                <Participant name="aFbDS9cZ__Yi8bU0gwHoEVXA" role="subscriptwriter" IPDN="ED" performance="supporting" grossFee="103394752.85"
                     modifier="A" IPI="JOcL935bDzAFh-yHzgibDI1nI" birthDate="2019-11-08"/>
                <Participant name="MZKcrMv.d-7T1huSP" role="producer" IPDN="UUHVzg.6lj" performance="supporting" grossFee="1418510946.14"
                     modifier="C" IPI="Lbp2" birthDate="2019-11-04"/>
            </Participants>
        </Record>
        <Record title="jXjXhLnp.0m9tNbsRE0260xaXQpz9" spins="782821336" ISRC="PD3148Z21X3G" year="5531" producer="_lkuXwM2GjlKHvcB"
             label="m8HgWF6kc6Ha" recordNo="Hu63GHqyBJu6N" serialNumber="vdalr7S60loOryU" isPremiere="1"
             usage="commercial" ISWC="hNxuotKazKNB_kp.n15Z8PSkC" AKA="c5GwU0Z1TMWpMPzWN_0Vu1Z" genre="spoken word"
             broadcastedFrom="2019-07-23T11:21:16" broadcastedTo="2019-09-22T11:21:16Z" runtime="2048825690"
             origin="live broadcasting" alternativeTitle="IL370X0FVV7oKdUJ56XDn6w" recordedFootage="1489234008">
            <Participants>
                <Participant name="atZuuj7urTb8AMKduomNoRgYx.SvR" role="composer" IPDN="wlH4ZEB4ViyM6" performance="conductor" grossFee="-1034881029.87"
                     modifier="A" IPI="OCsalPy3Rf1qCL6IW" birthDate="2019-08-25"/>
                <Participant name="FfnBJQnPWZOm33iVRQwia_k8" role="music director" IPDN="S-hn.pPN7nmBug7yySu3gL" performance="chorus master"
                     grossFee="-1799468368.31" modifier="B" IPI="neskTlahkZq" birthDate="2019-09-19"/>
                <Participant name="W8mnFpIqH_Jg" role="sound engineer" IPDN="yw6tbBy8n5lkMMeGi" performance="conductor" grossFee="1370213221.34"
                     modifier="A" IPI="UxLD18W2d2pHoYS0BmHkG0ND" birthDate="2020-01-29"/>
                <Participant name="H2w.JkvxmwkPYGQfwURvMx_" role="subscriptwriter" IPDN="Ndipe1Pl" performance="main" grossFee="-290705936.88"
                     modifier="C" IPI="nQbPBfDnmxD" birthDate="2019-11-20Z"/>
                <Participant name="lavE93gkyZgPpe" role="performer" IPDN="shoerWcQ-V17KM" performance="main" grossFee="463729393.41"
                     modifier="C" IPI="x0" birthDate="2020-04-13"/>
                <Participant name="ETNN" role="remixer" IPDN="EsRYQgccOubl-.m" performance="conductor" grossFee="-161538942.85" modifier="C"
                     IPI="wX" birthDate="2018-10-22Z"/>
                <Participant name="z3kzNFAtdx" role="composer" IPDN="hzo9" performance="chorus master" grossFee="-1091515969.11"
                     modifier="C" IPI="gCySf_Hn23ys" birthDate="2020-02-05"/>
                <Participant name="mrU" role="composer" IPDN="APQPMJ5AVMLiXV_gNR3" performance="main" grossFee="1573210594.37" modifier="A"
                     IPI="jAOjEwC" birthDate="2019-07-20Z"/>
                <Participant name="FnUJ8N" role="arranger" IPDN="tMBG.c_" performance="supporting" grossFee="400508230.55" modifier="C"
                     IPI="O3XY" birthDate="2020-05-20"/>
                <Participant name="a6YxLzmZOoa5nCr7" role="scriptwriter" IPDN="smN3CFklauDc7Sg2T" performance="main" grossFee="2039637733.18"
                     modifier="C" IPI="Qfph" birthDate="2019-12-22Z"/>
            </Participants>
        </Record>
        <Record title="FggFYoSIZMkjgEW" spins="831965000" ISRC="6PP525912DI6" year="5419" producer="XA.HhqF.Tp09u" label="ikqgE4kd3nFhjnCyv5.STu73"
             recordNo="RVgp7XjR7j" serialNumber="wgJ0Fu8FG1cR4" isPremiere="1" usage="commercial" ISWC="c_NCRBDUfy-arx_l90m"
             AKA="LlpFx" genre="composed" broadcastedFrom="2019-10-30T11:21:16" broadcastedTo="2020-03-21T11:21:16Z"
             runtime="1220768205" origin="free usage" alternativeTitle="fIAPHjtaocePL.zI8qPIreH1-" recordedFootage="796962558">
            <Participants>
                <Participant name="PxyT5_Om1Tw8A" role="subscriptwriter" IPDN="xzeKy.Qpq4hCZTAIn" performance="main" grossFee="-413072141.95"
                     modifier="A" IPI="kQUHhl0IER-2CU9-MEI" birthDate="2019-11-09"/>
                <Participant name="LCdIjmZD4e9-xV1vUF7MVQ2fptlT" role="subscriptwriter" IPDN="vJpYBBdUOlgTnNT" performance="chorus master"
                     grossFee="-1006853485.96" modifier="A" IPI="kGrFlq_wpTauZhGOxKyZyzgOWuyX4" birthDate="2018-12-09"/>
                <Participant name="z-L1ByUiL6rD7TUzipe.BJhoQ" role="remixer" IPDN="NefT22GtQfAok" performance="main" grossFee="-871329177.03"
                     modifier="B" IPI="_jj6x2HMTE0ZlSPjjtA._8.hnoc" birthDate="2018-10-11Z"/>
                <Participant name="YWnCy7CK-j5q09S7yF1N9" role="music director" IPDN="aL-VXqgGmXlFF-fhSwzX" performance="supporting"
                     grossFee="-246205821.58" modifier="C" IPI="Lhlm6W2HES-IWNXw3jp.YMCcO" birthDate="2020-06-22Z"/>
                <Participant name="CwyLPnCw" role="sound engineer" IPDN="uirI.2hbgdpXRghDQcq9" performance="supporting" grossFee="-419277874.46"
                     modifier="C" IPI="Lkd6UshIUMDzHSKjQs6q90O" birthDate="2019-04-05"/>
                <Participant name="aiX-cnS3S" role="music director" IPDN="DKDL4jXyjKAPbm8" performance="chorus master" grossFee="-81733209.54"
                     modifier="A" IPI="ylSR2HPG4Hqv" birthDate="2019-11-02"/>
                <Participant name="fnQzrJ" role="music director" IPDN="sjHdsarLspCk" performance="main" grossFee="-562954934.61"
                     modifier="C" IPI="bFHlVQdkPhuvPC3.nr" birthDate="2020-02-25"/>
                <Participant name="QXWLJt1pYx" role="performer" IPDN="Z67HTu12PX5.INhlMO_" performance="soloist" grossFee="-2013590811.66"
                     modifier="A" IPI="IIXssAmVDjljnc" birthDate="2018-07-25Z"/>
                <Participant name="JLqsuKnhn" role="remixer" IPDN="OaKQln26u5nu" performance="supporting" grossFee="2048738964.90"
                     modifier="C" IPI="BHH2ILT-yB7_9vf" birthDate="2019-04-07"/>
                <Participant name="oQ7aybPBR01d1" role="sound engineer" IPDN="wGY" performance="supporting" grossFee="-794298804.97"
                     modifier="A" IPI="a8cvkBZWPkT1LWfPZHh" birthDate="2019-02-07"/>
            </Participants>
        </Record>
        <Record title="Y_" spins="730060392" ISRC="LX68AB798NX6" year="6127" producer="p" label="F.INhiC14xFv" recordNo="eG.nGymmVNpbB"
             serialNumber="GmH5" isPremiere="false" usage="commercial" ISWC="AY2Ro1ql9" AKA="P9ohaFu7-4fLN5_wMSpq"
             genre="spoken word" broadcastedFrom="2020-04-08T11:21:16Z" broadcastedTo="2020-06-28T11:21:16"
             runtime="1829730110" origin="recorded stream" alternativeTitle="ep-73MWpnP-Wc3fz" recordedFootage="1296493656">
            <Participants>
                <Participant name="pDu1g2KRHPKgiHmsL.eUX" role="music director" IPDN="ddFxo0-uk" performance="chorus master" grossFee="2123151916.52"
                     modifier="A" IPI="F2Nd8zqO7O6t4NTl9Kdr0WJ2lkx_7A" birthDate="2018-10-29"/>
                <Participant name="liP2lmfPPPENcUdBNF" role="scriptwriter" IPDN="YAo3OWPCfm3Yl4Cl8ZddWKeyCT" performance="conductor"
                     grossFee="-1606420883.24" modifier="B" IPI="jclE2bogA" birthDate="2018-08-20Z"/>
                <Participant name="kQ6w6Zb-VxcCtrC97" role="subscriptwriter" IPDN="kQtwAlNMlpgxCJ" performance="main" grossFee="-1422451467.81"
                     modifier="B" IPI="sWlkXq60ojv6Bmp7kJsYu7SOn" birthDate="2019-12-19"/>
                <Participant name="KikmDrP1r7a8GDg8f7KO3NezzByt6s" role="scriptwriter" IPDN="JgZqdeaVk_4VaW12phXK" performance="conductor"
                     grossFee="-417083241.86" modifier="B" IPI="c5-n_RXMFG2wg" birthDate="2020-03-16Z"/>
                <Participant name="USyl7qVr6XVzPM_c_v4ioga-hjx_n3" role="scriptwriter" IPDN="S0oHTD2GiTupRRuJk" performance="supporting"
                     grossFee="-1341987879.63" modifier="B" IPI="E" birthDate="2019-05-25Z"/>
                <Participant name="ZK8owE92EUdinZUcVgjGoMD-h" role="subscriptwriter" IPDN="o.jGceW2yW_MgPg94vUm1Zh1G87s" performance="supporting"
                     grossFee="-1099141418.02" modifier="B" IPI="I1cvOeZXxBUTutL5J9Ez" birthDate="2019-11-13Z"/>
                <Participant name="a6hJ" role="scriptwriter" IPDN="EaEsm0aOVccJ_nKWo5Onx" performance="conductor" grossFee="126591578.46"
                     modifier="B" IPI="hgxjrD.82I7YlOycX2Bvlro8U_MbTy" birthDate="2019-05-19"/>
                <Participant name="yflT.x2MQ9FzxVDYH" role="subscriptwriter" IPDN="E" performance="chorus master" grossFee="-241577400.50"
                     modifier="C" IPI="RHGiTD0EjrCb" birthDate="2019-05-10Z"/>
                <Participant name="AmQUhe7CTzbcFGYnT_ZHS9GvcC2cV" role="producer" IPDN="fEv01tpzNcTFCsCYfKQnpNv.gZN4" performance="conductor"
                     grossFee="-1152091982.28" modifier="B" IPI="LyOf0Ah" birthDate="2019-10-14"/>
                <Participant name="U_GgIuKs" role="performer" IPDN="j8eRuc._Lr8u" performance="main" grossFee="181717913.48" modifier="C"
                     IPI="b8S" birthDate="2018-12-07Z"/>
            </Participants>
        </Record>
        <Record title="tVU_" spins="533465253" ISRC="B0DS80AMY870" year="4360" producer="VGQBPT59roCZm" label="rXiY8X_zu0swv2J1"
             recordNo="Tk" serialNumber="SH5ttXRF" isPremiere="1" usage="broadcast" ISWC="B_GZAj" AKA="Z8DuTAVkdRvNvbBVZY3bl"
             genre="jingle" broadcastedFrom="2018-08-02T11:21:16Z" broadcastedTo="2020-03-20T11:21:16"
             runtime="153370257" origin="free usage" alternativeTitle="Z" recordedFootage="844190596">
            <Participants>
                <Participant name="jpKVzT8fzcb0-09GV8oQ.c_" role="remixer" IPDN="WNlct.BpRImJ8fBRiAHQ6NpO1X8" performance="conductor"
                     grossFee="-18925867.59" modifier="A" IPI="NlhO0V7TY0NNpi2" birthDate="2019-11-17Z"/>
                <Participant name="cp" role="music director" IPDN="qwujZvWF" performance="soloist" grossFee="-2031093850.42" modifier="B"
                     IPI="jRX" birthDate="2018-09-01"/>
                <Participant name="xsTc" role="music director" IPDN="GLmCUObO" performance="soloist" grossFee="-1301470934.49" modifier="B"
                     IPI="X5DgKdn8BWx" birthDate="2019-02-23"/>
                <Participant name="wltoR4fvTBTCXwki6a940HjPu" role="remixer" IPDN="RLRaBGy" performance="conductor" grossFee="-870956354.52"
                     modifier="C" IPI="S.HF9DA6YUozQHzj7I2tVObYPwnO" birthDate="2020-06-08"/>
                <Participant name="vwMFh4sbBi." role="subscriptwriter" IPDN="YOowao" performance="supporting" grossFee="-565527622.34"
                     modifier="C" IPI="FS912be.FIui3ncW-wRc6w25Dc8LK" birthDate="2019-02-18Z"/>
                <Participant name="rmBVW6Y3LjMdkwwomJXyP" role="remixer" IPDN="MtmoINd1M-PZfl" performance="soloist" grossFee="-157113483.83"
                     modifier="C" IPI="JT9UKIWm3BQBPXZNW84z.SYbV" birthDate="2019-02-06Z"/>
                <Participant name="wqbw1gkNSm4Jjfg83XU" role="music director" IPDN="fQspVNsBrkbQRgqaj" performance="main" grossFee="-1309483554.09"
                     modifier="A" IPI="T" birthDate="2020-06-12Z"/>
                <Participant name="mnVUfFqvgvj_kokQ" role="producer" IPDN="N8bfJ0vES0uf" performance="main" grossFee="754706602.34"
                     modifier="B" IPI="iY.arJ-g" birthDate="2018-12-22"/>
                <Participant name="FJlhtsgM5L39hCKuH5.yO" role="music director" IPDN="Rja-SWY_BFX_oE" performance="conductor" grossFee="-331767648.46"
                     modifier="C" IPI="OIrQNsEBHdBYCoC4I7eMi" birthDate="2020-05-15Z"/>
                <Participant name="akx3JKH7bBb4GV2Ifh-qGS7Pw" role="remixer" IPDN="bT2d9pyC8MaQJZP6O9ENv9ivthj5v" performance="conductor"
                     grossFee="-227176065.57" modifier="B" IPI="V5.-Sg4p" birthDate="2018-08-05Z"/>
            </Participants>
        </Record>
        <Record title="ntxNeRmpy_Kq0Nby-tYp7smIHO" spins="439415114" ISRC="0N16427GZ106" year="7965" producer="SQ" label="bueR3IgDYbKB"
             recordNo="uhqQZ-FG.Grun2dYG5utlIvh" serialNumber="TNF5wiIvGc.iPywd" isPremiere="1" usage="broadcast"
             ISWC="x.cchsxlITqqOWmiYjvs.DaEQID" AKA="ayAM8ES.dpV2QQA3lFj" genre="commercial" broadcastedFrom="2019-11-27T11:21:16Z"
             broadcastedTo="2018-08-20T11:21:16" runtime="1819093331" origin="report" alternativeTitle="kl7YO_hqGg3uA"
             recordedFootage="583360805">
            <Participants>
                <Participant name="m" role="remixer" IPDN="D" performance="soloist" grossFee="-1876645915.90" modifier="A" IPI="r70oRMX9rrIyqv0a7np.Qyk2uMmM"
                     birthDate="2020-04-06Z"/>
                <Participant name="ntGIRa" role="composer" IPDN="oE_yM33XLMRhjYa5" performance="soloist" grossFee="-925123553.28"
                     modifier="C" IPI="md2" birthDate="2019-09-14"/>
                <Participant name="JYC382P1p62fEW" role="subscriptwriter" IPDN="ljV51_LM" performance="soloist" grossFee="-1630488659.89"
                     modifier="C" IPI="K" birthDate="2020-01-23"/>
                <Participant name="TLsb-b5Ee" role="remixer" IPDN="cgKON1l7JmPG3sVNdCo" performance="conductor" grossFee="-1048170757.37"
                     modifier="C" IPI="Z_ZURkfK61hnVLWGZ6R1tiGsZhe" birthDate="2019-10-17"/>
                <Participant name="Z.opa2NRZ4K53XMxo07eIc2G2mY84T" role="composer" IPDN="UIL4uF0v" performance="soloist" grossFee="-1958632561.98"
                     modifier="C" IPI="Al.IvYW__XCgbuYosWPMQQOU7LdHi" birthDate="2019-01-04Z"/>
                <Participant name="xGpgO6cJDOaRHXbIuu1SAg" role="performer" IPDN="AW.flqw" performance="supporting" grossFee="1556104642.03"
                     modifier="B" IPI="Rh" birthDate="2020-02-28"/>
                <Participant name="Eq." role="remixer" IPDN="EHQfibmTjS3trpaOlY0g9X5m" performance="main" grossFee="65127938.81"
                     modifier="B" IPI="YxSGtEHzGdNkO" birthDate="2019-08-23"/>
                <Participant name="MgoiLjswFmaU" role="producer" IPDN="BBwVGLVdP8dB_-c" performance="chorus master" grossFee="383318912.83"
                     modifier="A" IPI="VYDil7-5VDN3ajwWd2L" birthDate="2019-09-15"/>
                <Participant name="P6v99wreFOfwpDMK0InlvndauTaaU" role="remixer" IPDN="Wz_sb7o8m-lj4t-BG_0ptLIcuIZIx_" performance="main"
                     grossFee="-1438319179.87" modifier="C" IPI="ON0omi7tPZy08AmPtPdNfz9G90J" birthDate="2019-10-02Z"/>
                <Participant name="ptm1FlLkMbI37KV" role="subscriptwriter" IPDN="Em6tElwaI2dYq-i" performance="conductor" grossFee="-749843990.43"
                     modifier="B" IPI="m" birthDate="2019-04-08"/>
            </Participants>
        </Record>
        <Record title="PN4wD" spins="739113351" ISRC="4DF925664VGP" year="5114" producer="ZX" label="dxHbdwMza6HqJJOXEQI"
             recordNo="tTKjgSa4_" serialNumber="w" isPremiere="false" usage="broadcast" ISWC="Iucp1yX-"
             AKA="pBL3v5Z430itRuPvOazGOBb" genre="commercial" broadcastedFrom="2019-11-30T11:21:16Z"
             broadcastedTo="2019-07-26T11:21:16Z" runtime="1891110487" origin="self" alternativeTitle="cR-79vUO"
             recordedFootage="1560793137">
            <Participants>
                <Participant name="wcUTErm2wqv.2WC56xN" role="sound engineer" IPDN="mT_DOSD5Nc18OaCd" performance="chorus master"
                     grossFee="-414974475.27" modifier="C" IPI="KBZqMfpG5os" birthDate="2020-05-31Z"/>
                <Participant name="U-o74H" role="producer" IPDN="YBIZoFG" performance="supporting" grossFee="-816709290.48" modifier="C"
                     IPI="tRWzPziqrz" birthDate="2018-09-27Z"/>
                <Participant name="eLOdxduL5nfxIQWdyRP4uggPVOU" role="arranger" IPDN="X5ChfbzhqFK" performance="main" grossFee="-892816919.49"
                     modifier="B" IPI="_i_jv_u4XO5i.3wmvGRjau.not_" birthDate="2018-07-18Z"/>
                <Participant name="vi.6JH9lOG9LIF" role="subscriptwriter" IPDN="C" performance="conductor" grossFee="-1666245740.41"
                     modifier="A" IPI="ZKTf4twq2E1xYC" birthDate="2020-05-18Z"/>
                <Participant name="OwLEn9Z" role="performer" IPDN="H4mBCSEx1l8upX3yvFXlxz" performance="chorus master" grossFee="-442691402.60"
                     modifier="A" IPI="XKvvgJDaFLS6Pld.mLbuGA53Er" birthDate="2019-01-08"/>
                <Participant name="s9" role="arranger" IPDN="D6" performance="conductor" grossFee="13719835.57" modifier="A" IPI="s0MV4fGKswC"
                     birthDate="2019-06-28"/>
                <Participant name="C4BEjn" role="producer" IPDN="z1BQtUfORU9ZECJEYeIkq4NciUpW" performance="chorus master" grossFee="387329717.65"
                     modifier="C" IPI="L-XM3E.-d1" birthDate="2019-05-20"/>
                <Participant name="Kms-" role="performer" IPDN="woImlZK7FiaVg7eMAnYqBV14Eb" performance="conductor" grossFee="-1742532316.81"
                     modifier="B" IPI="JFHLmTe_qzr5hZyg5gM8FlJTyi" birthDate="2019-04-25Z"/>
                <Participant name="JzJqMLg-Wsqkr3KZFe5_" role="scriptwriter" IPDN="GGx1yozmLncU6Jbr" performance="supporting" grossFee="-1345440121.04"
                     modifier="A" IPI="oLf4fWbgZ3a7COme" birthDate="2020-02-06"/>
                <Participant name="ZlXPtMuUQgNimnnskiQEjvCpV3" role="composer" IPDN="_eB" performance="chorus master" grossFee="1779410421.14"
                     modifier="C" IPI="k3ZvryES7da6zm0" birthDate="2018-10-03"/>
            </Participants>
        </Record>
        <Record title="Py2tz-2" spins="699491582" ISRC="F4QRZ0JC4IHI" year="7581" producer="_eB.IrIJ2Z8s8WOm6MRmKDcazZ"
             label="LTgdW97eZxLoi" recordNo="oUWjk01pQ-TVxLh" serialNumber="Aix9dh8EM2mci1" isPremiere="0"
             usage="jingle" ISWC="AZn3ROvRLTdzGj" AKA="Qlq5z" genre="spoken word" broadcastedFrom="2020-01-28T11:21:16"
             broadcastedTo="2018-07-10T11:21:16" runtime="1782624655" origin="commerce" alternativeTitle="rJfp52"
             recordedFootage="270621923">
            <Participants>
                <Participant name="bTzT3tGQzj7uw5oFVfvo1ic5pz" role="producer" IPDN="D" performance="conductor" grossFee="-998227388.36"
                     modifier="B" IPI="YsFW6i06SJxXZmV9A4N" birthDate="2020-03-01Z"/>
                <Participant name="bqkUcQ9xb_aBVkS-4KO86TuHdkY" role="subscriptwriter" IPDN="P_6PGQQ5uMyTatZ6Vx4U5U_Ft6" performance="soloist"
                     grossFee="1474001655.75" modifier="C" IPI="LIYeEETigsXr53" birthDate="2019-03-05"/>
                <Participant name="UkjHN_Uut" role="scriptwriter" IPDN="zaQLabdpx55Eoe4mVBMFqVKPc6KgUX" performance="main" grossFee="-176414752.38"
                     modifier="B" IPI="Rg" birthDate="2019-10-01Z"/>
                <Participant name="QVAWMEMFPFKgt5y2GiI" role="producer" IPDN="DynkKiOHmU" performance="main" grossFee="1593048876.04"
                     modifier="A" IPI="zU7" birthDate="2019-10-23"/>
                <Participant name="h" role="sound engineer" IPDN="TzsC3HLh20JsR7xjXXssrY.N" performance="conductor" grossFee="1040541563.62"
                     modifier="A" IPI="HzIhnujpwpfENeySlrMCw499avLnw" birthDate="2020-04-09Z"/>
                <Participant name="SxTt7Kyg" role="sound engineer" IPDN="BYSFyG3q" performance="conductor" grossFee="628985344.62"
                     modifier="B" IPI="J" birthDate="2018-10-03Z"/>
                <Participant name="sK1zr.WnLE.Y-OQ" role="subscriptwriter" IPDN="kxC" performance="chorus master" grossFee="-1121302756.30"
                     modifier="C" IPI="aaN0qdy_LUDhC" birthDate="2018-07-09"/>
                <Participant name="Fb6chcVLaJRby" role="remixer" IPDN="B58Us4aO50s" performance="conductor" grossFee="1252961838.57"
                     modifier="C" IPI="CyM" birthDate="2018-07-31Z"/>
                <Participant name="myADis8oA3t7YWo7l" role="subscriptwriter" IPDN="VL53w" performance="conductor" grossFee="958403467.95"
                     modifier="A" IPI="E15r9r3JgRIT_j" birthDate="2019-03-14"/>
                <Participant name="H_AzbhNWf" role="music director" IPDN="O7-a-Xx0hFv0PVptNX" performance="soloist" grossFee="266115673.36"
                     modifier="A" IPI="siECkv0DX6jDrGGt.6sAzS" birthDate="2019-03-01Z"/>
            </Participants>
        </Record>
        <Record title="C5-l6zdyoOzAz-zR0" spins="560317685" ISRC="Z676X82C17Q9" year="6535" producer="SltO5uH" label="ugDd2het"
             recordNo="ywXV5iQ3Vw6jfbGrC13lfY3mljjB" serialNumber="Ix95sx5BI3K2SHNvUxmrv" isPremiere="true"
             usage="jingle" ISWC="Bo25SQrlA" AKA="gTOrrdJ8tdyqWlAYcfGh5x" genre="composed" broadcastedFrom="2019-06-30T11:21:16"
             broadcastedTo="2020-05-22T11:21:16" runtime="1293060010" origin="recorded stream" alternativeTitle="eCSmte2H8zAv"
             recordedFootage="1727148445">
            <Participants>
                <Participant name="swMZbYtC-Siy2QalFxi7clkuJQNun" role="remixer" IPDN="qtIp" performance="main" grossFee="1549384320.43"
                     modifier="B" IPI="pyyyXgU12eo40eva3" birthDate="2020-06-28"/>
                <Participant name="OckWvZnI4dQ50FWa" role="arranger" IPDN="uj5KkWCPmKR" performance="soloist" grossFee="1683807977.89"
                     modifier="B" IPI="AHOhjNn_VCD7InXlk" birthDate="2019-06-22"/>
                <Participant name="hgf8z" role="subscriptwriter" IPDN="zy6DPktBhQZb" performance="main" grossFee="476241366.06" modifier="C"
                     IPI="snlhHuGa" birthDate="2019-09-11Z"/>
                <Participant name="iFmW98ly5sMph5iXOt_rDQst" role="producer" IPDN="wwWOMk" performance="supporting" grossFee="-977060691.64"
                     modifier="B" IPI="IPcNfV" birthDate="2019-03-22Z"/>
                <Participant name="U" role="composer" IPDN="voGmas_FjiXpeRD4D.fPsV" performance="supporting" grossFee="-639847765.74"
                     modifier="C" IPI="A-d_ZdN3FPLM" birthDate="2018-09-10Z"/>
                <Participant name="KP3BWb2IrsJoH-EMMecHT" role="music director" IPDN="XQDuTdNmbWYrjSQimYWO8X0KXIvI" performance="conductor"
                     grossFee="-324062471.58" modifier="B" IPI="UQ.gm8kfyZTdmh." birthDate="2020-06-08Z"/>
                <Participant name="FRX" role="producer" IPDN="yP-TUVzGP5" performance="soloist" grossFee="1867210624.11" modifier="C"
                     IPI="t" birthDate="2019-07-10Z"/>
                <Participant name="VJS" role="performer" IPDN="fMYXHGEiOqG5gDvk.AOP" performance="soloist" grossFee="1349687733.75"
                     modifier="C" IPI="Wx" birthDate="2018-08-29Z"/>
                <Participant name="DNvl2PVDfi" role="subscriptwriter" IPDN="ZrUqn7" performance="conductor" grossFee="-1286215144.71"
                     modifier="A" IPI="F39" birthDate="2019-03-18"/>
                <Participant name="ZnR__wBSS0WD1" role="music director" IPDN="K2VXUJfMEQiclpZJo" performance="soloist" grossFee="-394150821.49"
                     modifier="C" IPI="rtFXtNa_GE.H" birthDate="2018-07-22"/>
            </Participants>
        </Record>
        <Record title="PAetS-KGRt.o" spins="1744410790" ISRC="1E58761O3KSR" year="0025" producer="HPi5dnojOJR1o7s8yvpKgr"
             label="Iwi96kkeSutog0O-ot9stEEXX7oM" recordNo="o.IzyA7T.Q7Hyehbz" serialNumber="caP7P5NnJbud15i"
             isPremiere="true" usage="broadcast" ISWC="qT7gXLxCCpJ9bPSV2ds" AKA="Q.PAiIKW4" genre="commercial"
             broadcastedFrom="2020-05-26T11:21:16Z" broadcastedTo="2018-08-17T11:21:16" runtime="199551877"
             origin="recorded stream" alternativeTitle="Ex3cJ30vMpKd1fSn6rVvFs3gU" recordedFootage="1747834264">
            <Participants>
                <Participant name="lfX9LSXqcoxoOdFuS" role="sound engineer" IPDN="F-uop7p8OKBkU" performance="main" grossFee="1176858749.00"
                     modifier="C" IPI="iUGxTak7f-8FBDozQH6pe6bMK7Jj1J" birthDate="2019-08-16Z"/>
                <Participant name="YsqhIolHC2O" role="scriptwriter" IPDN="R6s" performance="soloist" grossFee="231440399.78" modifier="B"
                     IPI="L-3xrVqjco8" birthDate="2019-06-04Z"/>
                <Participant name="NdpQ9Zh" role="arranger" IPDN="pKFuWIl_jrv3hlmCD-L7" performance="chorus master" grossFee="-2073574543.79"
                     modifier="A" IPI="y" birthDate="2019-04-17"/>
                <Participant name="i6-rcm" role="subscriptwriter" IPDN="fupFQw1rruRdnb.fDsmM6" performance="main" grossFee="1388242022.96"
                     modifier="A" IPI="Zb7k21Upwk97v-C_HC" birthDate="2019-09-16"/>
                <Participant name="Joikle.XKfAoE8a-5" role="performer" IPDN="OVZqTTv" performance="main" grossFee="-1759991474.22"
                     modifier="C" IPI="Qj11" birthDate="2019-09-20"/>
                <Participant name="CgVp3rsHpBxvxUdoTZy44xIyXLR" role="producer" IPDN="KIKpwAUyt8fMgKgus" performance="conductor"
                     grossFee="1380578580.36" modifier="C" IPI="eekogh52DID6" birthDate="2019-01-12Z"/>
                <Participant name="p.ewooo38qT8DVMCK-v9T7Y55oU" role="performer" IPDN="N" performance="main" grossFee="1849277251.37"
                     modifier="A" IPI="m-FBiPGaVu" birthDate="2018-10-27"/>
                <Participant name="KIG6-U7YheSxTzYAPrm9R5dbQ" role="remixer" IPDN="W_" performance="conductor" grossFee="-752369427.41"
                     modifier="A" IPI="fFOqYC" birthDate="2020-04-05Z"/>
                <Participant name="u1OZhrQzLRe7sIGJlxFwG" role="arranger" IPDN="K-CXy8UKEdD" performance="chorus master" grossFee="1722430305.70"
                     modifier="C" IPI="h-Oe" birthDate="2019-06-29Z"/>
                <Participant name="GOsfzPz.83x41FmTNZmtHZvED9P6p" role="performer" IPDN="YJ_W7wR03" performance="supporting" grossFee="1178646753.73"
                     modifier="C" IPI="XNLyNn5uh7TQ" birthDate="2018-07-04Z"/>
            </Participants>
        </Record>
    </Record>
    <Record title="xj" spins="689610896" ISRC="R70W291DRT90" year="4168" producer="ojcNE6DD2o" label="fq-m8Z_" recordNo="cVxci6dvqpkjIIqocyeh0rf"
         serialNumber="Lq" isPremiere="1" usage="broadcast" ISWC="_QwVCE5k" AKA="fAKG1vLs3" genre="commercial"
         broadcastedFrom="2020-01-08T11:21:16" broadcastedTo="2019-08-25T11:21:16" runtime="1099519505"
         origin="report" alternativeTitle="IVfJZ2QDdV6DR" recordedFootage="1507215089">
        <Participants>
            <Participant name="ls1sjBt-L" role="performer" IPDN="QG._zyIO9-r" performance="supporting" grossFee="-60775511.44"
                 modifier="B" IPI="UhrVSJhX_RFpwsA2LziWCoRyOF" birthDate="2020-02-13Z"/>
            <Participant name="wvLGqg" role="composer" IPDN="BpKO5HipC2fPK4fanx6C2g5" performance="supporting" grossFee="-1242477025.80"
                 modifier="B" IPI="N_zlIV8Lk8tR" birthDate="2019-02-28"/>
            <Participant name="A7NKKs1" role="arranger" IPDN="VMmGxcy4QmPQGc" performance="soloist" grossFee="878672719.57" modifier="C"
                 IPI="OdXhuZndr.IG1hK2_TQiCfK55i7Y" birthDate="2020-06-20"/>
            <Participant name="HRAA" role="scriptwriter" IPDN="mvqSk_7k5EbT" performance="conductor" grossFee="-152504789.24"
                 modifier="B" IPI="XUzY" birthDate="2019-06-24Z"/>
            <Participant name="uB8KNod.D" role="composer" IPDN="RH.Pnu4GmylwH1-Eg3xnAg73k5a" performance="main" grossFee="1805990132.18"
                 modifier="B" IPI="BIXVoe0D8TmDGPjx3JpC5gj6o" birthDate="2019-06-21"/>
            <Participant name="tF5Q3L6oV4YTJ.sCjT" role="remixer" IPDN="LLnUIPd9THVWSk4V_Bb0" performance="soloist" grossFee="1062532679.70"
                 modifier="A" IPI="hvlx5Ub.tbWpNMTW._VV_uUrxTX" birthDate="2018-10-30Z"/>
            <Participant name="dJ.CN7" role="arranger" IPDN="SiDiIqZOZwfgep2" performance="chorus master" grossFee="230529897.94"
                 modifier="B" IPI="C-V3kRPNMN" birthDate="2020-01-20"/>
            <Participant name="CyJB3X" role="music director" IPDN="a" performance="conductor" grossFee="333776273.60" modifier="C"
                 IPI="RlyQ_lVC0XRrW" birthDate="2020-05-17"/>
            <Participant name="sX.vnIcLeH_GqIXg0t_1naHsb" role="subscriptwriter" IPDN="XbQNk_i" performance="conductor" grossFee="-224648904.88"
                 modifier="C" IPI="lUiPCePtf" birthDate="2018-07-18Z"/>
            <Participant name="PbCm1J9CEUb8aVq" role="music director" IPDN="lY8geelb1Oka3" performance="soloist" grossFee="-1986330148.99"
                 modifier="B" IPI="g8L-t48.dS4zOSfKxdGtK" birthDate="2019-04-03Z"/>
        </Participants>
        <Record title="MDAK5wIqzrDlk-H" spins="292348217" ISRC="9QX32B0845I4" year="0364" producer="HwueLtGbRl_ep24"
             label="TyhcjnLrj_SFgbw2.5q" recordNo="t8" serialNumber="oB_3RqNnhGRXgEvy" isPremiere="0"
             usage="jingle" ISWC="ZMUCf0dVJ8hmEK5aH4" AKA="SRNkCaoZuK6bW" genre="spoken word" broadcastedFrom="2018-12-26T11:21:16"
             broadcastedTo="2019-04-22T11:21:16Z" runtime="204169825" origin="free usage" alternativeTitle="m8UgT"
             recordedFootage="1739188617">
            <Participants>
                <Participant name="fxICfsUd68zTkMej4nv.mUU.Q9xp" role="remixer" IPDN="n" performance="supporting" grossFee="-582584195.82"
                     modifier="A" IPI="s.ttjEo4.9rv4rPIevXnetHaq0rJ5f" birthDate="2019-06-25"/>
                <Participant name="Sm-MQ0Ayv.071" role="scriptwriter" IPDN="lOSidTkQZ.cAm-iW-Gr8Q2ZASl" performance="chorus master"
                     grossFee="1771964289.87" modifier="A" IPI="goOrbA9LqNRRrAk" birthDate="2020-06-06"/>
                <Participant name="ZB-50_cksTc4WZa4AXUKb4hQOfM-" role="scriptwriter" IPDN="bP8nlcxkt2j8msO22YzreE5i" performance="chorus master"
                     grossFee="2056457162.26" modifier="B" IPI="mR0SuLtW.XWn" birthDate="2019-07-22Z"/>
                <Participant name="TL_4aO3" role="arranger" IPDN="rjCNclbFi1-NuA2H8q2JZ2UPiz" performance="soloist" grossFee="57860785.93"
                     modifier="B" IPI="_YYSQCZlHA" birthDate="2018-10-27Z"/>
                <Participant name="oJCpNEL5bhfonUsIIYM" role="arranger" IPDN="hwkQrLaxwtXY2AOkMP35yxqS2okoN." performance="supporting"
                     grossFee="34959848.42" modifier="A" IPI="Aa8fBOKuSNhRTJ0tsHMVWBGD" birthDate="2020-06-08Z"/>
                <Participant name="QH5CgC" role="remixer" IPDN="eX-Acjl9lvDGiJQWsnV74nezo" performance="soloist" grossFee="1398088813.98"
                     modifier="C" IPI="XrO6RcXVxPE" birthDate="2018-10-28"/>
                <Participant name="TNFTGm6B1m3dhLwZX7S6SlYntKS" role="remixer" IPDN="rsMBA-pDeV7TqJTZ43Mxu" performance="main" grossFee="1817766704.87"
                     modifier="A" IPI="cKad25-TzG0dU.CY_N5FSUssjDoIr" birthDate="2020-02-07Z"/>
                <Participant name="yLuwAk3ShT" role="music director" IPDN="wyj_A3hxTIEXx0RoDDiW9gAjFX" performance="conductor" grossFee="-675935855.96"
                     modifier="A" IPI="GcOg5RvGdVthd" birthDate="2020-06-19"/>
                <Participant name="I" role="remixer" IPDN="eh49Cg" performance="chorus master" grossFee="1242279524.01" modifier="B"
                     IPI="EJ5fA-" birthDate="2019-10-08Z"/>
                <Participant name="Q5g2P2QuWdeOjlnU" role="performer" IPDN="gvd8D2fiw" performance="conductor" grossFee="-679857174.48"
                     modifier="A" IPI="hBpDaEYqZn3wMPmqj_P7m" birthDate="2019-08-19"/>
            </Participants>
        </Record>
        <Record title="nAy8-piFYU0hXqcS4vQgLUNyz8dL" spins="1978888662" ISRC="209WJ37PCI5P" year="8873" producer="SudzZGsYyKnEoWpkez2k9_mz1u"
             label="hM6QyIiCgR.B.2DlpHQG_s3oaIRCB" recordNo="XK47S" serialNumber="aV" isPremiere="true"
             usage="commercial" ISWC="HHIN7vcGt" AKA="fa1sAqiUhqrcZpQL18d" genre="jingle" broadcastedFrom="2019-08-14T11:21:16Z"
             broadcastedTo="2020-05-14T11:21:16" runtime="1656767252" origin="self" alternativeTitle="e3BijKrFpIjbxSXi"
             recordedFootage="172925819">
            <Participants>
                <Participant name="d6loOQ.4QT8y" role="composer" IPDN="at_Bp7M6S1iO" performance="main" grossFee="-1754466862.41"
                     modifier="A" IPI="vA-PrFz" birthDate="2018-08-01Z"/>
                <Participant name="FolSMHIv3LWq25twmRORBAseh" role="subscriptwriter" IPDN="c" performance="chorus master" grossFee="10567099.68"
                     modifier="A" IPI="CPWypw_HiRuj0D8Strem42HB" birthDate="2019-11-28"/>
                <Participant name="_S481azihU_lWowIsaT-5lysnTY1" role="scriptwriter" IPDN="HltZDeUoCuldhN0qj9W.biZxAK0VEP" performance="chorus master"
                     grossFee="1560336661.40" modifier="B" IPI="TrHC" birthDate="2018-09-30"/>
                <Participant name="y7zHTmETOoNTUI-r" role="sound engineer" IPDN="mXCqdCks3ZrZ.OZO-g7K" performance="conductor" grossFee="1310049371.79"
                     modifier="A" IPI="tgNvUuJaBIKWmA" birthDate="2019-03-15"/>
                <Participant name="ztTh6.QeK7JlhzPiIRufY.prCk0Dk" role="sound engineer" IPDN="JgsUk_eL5-KtXMHFnpHxN" performance="conductor"
                     grossFee="-1056472163.92" modifier="B" IPI="bz61DvCXFEi1v8vmouIJ1" birthDate="2018-09-11"/>
                <Participant name="w" role="remixer" IPDN="Np" performance="chorus master" grossFee="8500773.45" modifier="C" IPI="zlK1fHV0Xeb6x7_W7pkjyI"
                     birthDate="2018-11-18Z"/>
                <Participant name="dc1yWQh01OXZ6wpS" role="producer" IPDN="nK" performance="supporting" grossFee="-25118082.98" modifier="B"
                     IPI="ExmXugPDq4mKGGAEkRk.yk" birthDate="2019-05-10"/>
                <Participant name="_cVsLACLvFW3uGcKsd" role="producer" IPDN="RuJr8IX6n" performance="chorus master" grossFee="1021009518.58"
                     modifier="C" IPI="UBMaRiVS5k5i" birthDate="2020-06-13"/>
                <Participant name="u" role="producer" IPDN="Q9yjnb46KDoM31cc5xpvBLFxcd" performance="chorus master" grossFee="-1724419086.83"
                     modifier="A" IPI="t5qKiilvJTFpEbmbpQbo3zkWgDut" birthDate="2020-05-20Z"/>
                <Participant name="rMTib" role="producer" IPDN="HFmnMOA5TOOgF.G" performance="conductor" grossFee="-1478639176.34"
                     modifier="A" IPI="iluCwomKFPk9T62" birthDate="2020-05-10Z"/>
            </Participants>
        </Record>
        <Record title="ajOqjZMb6pIDv6_rH06Zwf7AEyCMH" spins="366247438" ISRC="893BPBRQP2O1" year="1183" producer="IAWXwR-9gquyjq"
             label="GFNbmGh1V58HFUqs.jqVgkKaK" recordNo="swHR3CYdRydY5gnMUM58TNPgNHzRKp" serialNumber="a"
             isPremiere="false" usage="jingle" ISWC="lll2OTaaDDOiI2Sl" AKA="CeFfZL-7pQKAfb0CJB5NSsuvWO4LoY"
             genre="pop" broadcastedFrom="2019-10-18T11:21:16Z" broadcastedTo="2019-01-02T11:21:16Z"
             runtime="567220326" origin="free usage" alternativeTitle="qvfy8YJzyDl" recordedFootage="1725908245">
            <Participants>
                <Participant name="q9.VdMGIv_.vtSCv1NS2q5Q" role="arranger" IPDN="p16dxmWo5wvFLn-_h_9" performance="conductor" grossFee="-562596586.71"
                     modifier="B" IPI="uh_.DE1EgTsg3oza0CP4" birthDate="2019-02-12"/>
                <Participant name="dm_bGas74" role="performer" IPDN="CZKYR2n" performance="chorus master" grossFee="-1005090250.59"
                     modifier="C" IPI="LPwjS" birthDate="2020-01-03"/>
                <Participant name="D8gMKHlfwXHsGs_oooRAHnCYCUqf" role="producer" IPDN="R" performance="chorus master" grossFee="-1681971590.72"
                     modifier="A" IPI="SiFjd7cD2e" birthDate="2019-09-20Z"/>
                <Participant name="qC.4pCMN0MFubEYAj7" role="sound engineer" IPDN="tMmgWVj" performance="supporting" grossFee="-256739918.79"
                     modifier="A" IPI="S" birthDate="2019-08-20Z"/>
                <Participant name="gUjeupSUMx4gemiZrTYBQQtFvo" role="remixer" IPDN="Pa_Im5SRaAHCPUvX4sqWTZ7hBMNSe" performance="main"
                     grossFee="587785015.73" modifier="B" IPI="lH79oqZFKZy.X1-2TZekyQd" birthDate="2020-04-08"/>
                <Participant name="zgjD3f4" role="subscriptwriter" IPDN="NhFjVTK6k" performance="chorus master" grossFee="2067121097.63"
                     modifier="A" IPI="PSVtbZ0N8_6A" birthDate="2018-10-26Z"/>
                <Participant name="h4pvJhGBUtbeXH2lDolGlcTs5bjbD" role="arranger" IPDN="IRaCHUDaMQ1l0.EeHuGNouIEizYwY" performance="supporting"
                     grossFee="2089233570.41" modifier="C" IPI="QfUIJ8oHaLjegZc9Kry" birthDate="2019-10-07"/>
                <Participant name="IdYpe3pvHw-S4.BHA" role="sound engineer" IPDN="keKH4G" performance="chorus master" grossFee="654083245.43"
                     modifier="B" IPI="LoZq_MweIsk2G14jeHSb" birthDate="2019-02-03Z"/>
                <Participant name="WyM8c0hjTgstK3jaaQoKDRucD" role="music director" IPDN="CMNMFIUJOljP" performance="soloist" grossFee="-821513655.82"
                     modifier="C" IPI="fJWhQ2svbG" birthDate="2018-11-04Z"/>
                <Participant name="RtKdJY" role="composer" IPDN="cqcyCtUpuAnH_-WJaY" performance="main" grossFee="1337072387.70"
                     modifier="A" IPI="xp" birthDate="2018-10-26"/>
            </Participants>
        </Record>
        <Record title="CYyTA1qrCPbQ.Bl2wwKOYTJN" spins="561197227" ISRC="8Y4NGT746BFD" year="6586" producer="yHyfiG5fXvF9lJSM"
             label="Utbo87X8aZzCgq" recordNo="oVdMAPB" serialNumber="B0pLpkiDstknJhUfSsX3V" isPremiere="true"
             usage="jingle" ISWC="oJDLN.NM8" AKA="BkOAxwg5A.OGCz" genre="jingle" broadcastedFrom="2018-09-04T11:21:16Z"
             broadcastedTo="2019-08-07T11:21:16" runtime="1269726818" origin="commerce" alternativeTitle="PsfUeBjahZqxeW"
             recordedFootage="1194528646">
            <Participants>
                <Participant name="MDXhJqyZibS3.p37xpDcJgo2" role="performer" IPDN="adpOJZYE0U" performance="chorus master" grossFee="612376706.41"
                     modifier="C" IPI="xBZe-Z3EV32" birthDate="2020-01-07Z"/>
                <Participant name="rUP02f" role="sound engineer" IPDN="WNmxaHXw0uNtudUFod" performance="main" grossFee="1217148446.72"
                     modifier="B" IPI="EiQJ2ygdiDKdaKmltWS88rP6T.j8" birthDate="2018-11-14"/>
                <Participant name="DYA" role="subscriptwriter" IPDN="_tTdfxA6OGHfDom9" performance="supporting" grossFee="149392859.36"
                     modifier="C" IPI="INVtFHWzZjvFS" birthDate="2019-02-13"/>
                <Participant name="Q0q6Yjze" role="sound engineer" IPDN="RpR40ueGHpo" performance="supporting" grossFee="1712236441.01"
                     modifier="C" IPI="Na.ePyEim7S.e_Ot3N1" birthDate="2020-02-14Z"/>
                <Participant name="h88dfi6IK2Wht2ub59ze" role="remixer" IPDN="b" performance="supporting" grossFee="1004118384.04"
                     modifier="A" IPI="_uI0zkBvKHEId" birthDate="2019-05-24"/>
                <Participant name="W8IS3LoTLI4jsEX1t6e0j" role="scriptwriter" IPDN="ocFNBS7HZe_Y0ef1pgEYHPIIqbxw" performance="chorus master"
                     grossFee="-1381329904.29" modifier="B" IPI="dLn2NdMHqy8G" birthDate="2019-05-25"/>
                <Participant name="W35v" role="scriptwriter" IPDN="TuawbkjS.zY9_.JxuTuV" performance="soloist" grossFee="-1637547193.40"
                     modifier="C" IPI="RzjxUUTbnAHd-yOAh3_D-6wynC_" birthDate="2020-05-18Z"/>
                <Participant name="WHgV5dpEumEGUuqH-biqqIKqh6" role="composer" IPDN="RuR" performance="conductor" grossFee="-478233053.72"
                     modifier="B" IPI="INWU8gPi4c0UTNVH62Rmdd7u" birthDate="2020-02-14"/>
                <Participant name="u-uo-" role="sound engineer" IPDN="gGtsy3AhR" performance="chorus master" grossFee="832458053.81"
                     modifier="A" IPI="MWc5LjZzC6Ih1ZkJLQSx_OCE7VNe" birthDate="2019-08-27"/>
                <Participant name="EPPH" role="producer" IPDN="h751U" performance="soloist" grossFee="1293728122.79" modifier="A"
                     IPI="ck9v" birthDate="2019-11-28Z"/>
            </Participants>
        </Record>
        <Record title="bRZHZ.UFpfeozf" spins="1292208766" ISRC="6TABUH3TZ6O5" year="7913" producer="g" label="nrMnBl"
             recordNo="uIrcBzCDSj" serialNumber="uhll7_D" isPremiere="true" usage="broadcast" ISWC="v0id9mQV-4uoI5lV"
             AKA="mQ" genre="spoken word" broadcastedFrom="2019-10-24T11:21:16Z" broadcastedTo="2018-08-05T11:21:16Z"
             runtime="1808800901" origin="commerce" alternativeTitle="LRxeGoca9gBp_cORTxL" recordedFootage="1828514036">
            <Participants>
                <Participant name="fkk9snkXvNBsFs" role="scriptwriter" IPDN="ZzOOYpj4VGMv6EpWkhAooEVXb5SUL" performance="conductor"
                     grossFee="855288916.54" modifier="A" IPI="g_HWVM0HxjCRtWaqwImjevKuM9" birthDate="2019-06-04"/>
                <Participant name="MLmWUta2-JfDv-" role="performer" IPDN="wUOY." performance="conductor" grossFee="-371421304.69"
                     modifier="B" IPI="JvncZSxCf-QQl_0BU2D" birthDate="2019-10-16"/>
                <Participant name="_W" role="performer" IPDN="xCv1h8yK45XN-azMfvWxC8EqZxL" performance="soloist" grossFee="403924614.79"
                     modifier="B" IPI="rPl1yZMCrZXKJUGSBUfB" birthDate="2019-06-04"/>
                <Participant name="CBSXnfy2cvryEW6l" role="producer" IPDN="hbK433FMA" performance="chorus master" grossFee="-1473070798.66"
                     modifier="A" IPI="QgN4lQCfCgwp-" birthDate="2020-04-28"/>
                <Participant name="rnS9Nvhooky" role="sound engineer" IPDN="vLnNhanck8MuVra1" performance="main" grossFee="1598997791.98"
                     modifier="A" IPI="i" birthDate="2018-07-28"/>
                <Participant name="gh6GH-DId6P0DPei4oAQEoT4up9iqz" role="arranger" IPDN="dTrnY1Ukq2KMZvXc5tr" performance="supporting"
                     grossFee="671655201.08" modifier="B" IPI="yNe3rGoa8gdPfZ1U1M" birthDate="2018-07-17"/>
                <Participant name="tEZHQYKP" role="subscriptwriter" IPDN="syMweLhhPjmC2S" performance="supporting" grossFee="-472387909.33"
                     modifier="A" IPI="YzELbmTdfh" birthDate="2019-05-09"/>
                <Participant name="ss5" role="scriptwriter" IPDN="dyQHqh7Lj0u" performance="conductor" grossFee="-82257152.26" modifier="A"
                     IPI="tQ" birthDate="2019-03-12"/>
                <Participant name="LL3O2SKvM.n" role="arranger" IPDN="F29" performance="soloist" grossFee="-440042458.74" modifier="C"
                     IPI="Xxf5Eu" birthDate="2019-08-11"/>
                <Participant name="MVdliwmgLurQnRi_h" role="sound engineer" IPDN="CS4NSWgY2tDq6vYH9TXV4AOe" performance="supporting"
                     grossFee="1803065406.21" modifier="B" IPI="I0r7p15QutdFM" birthDate="2019-09-13"/>
            </Participants>
        </Record>
        <Record title="pyh" spins="742944394" ISRC="6X00773LF3TA" year="9222" producer="KlS5" label="xrolWZ" recordNo="sJVt2usrS4h3WM2p6"
             serialNumber="w" isPremiere="false" usage="broadcast" ISWC="HYmnfuAFyuNRRG" AKA="Tx7htdArXHD"
             genre="jingle" broadcastedFrom="2020-06-03T11:21:16Z" broadcastedTo="2020-01-30T11:21:16Z"
             runtime="1848983854" origin="report" alternativeTitle="wn04ig2_44Ua.fFKwf5KFfWjii" recordedFootage="1199102507">
            <Participants>
                <Participant name="jp-n5fe.4dy" role="sound engineer" IPDN="NtdO-8Iyor" performance="conductor" grossFee="2140603463.18"
                     modifier="B" IPI="luEVzF" birthDate="2019-11-17Z"/>
                <Participant name="IFTGVA" role="subscriptwriter" IPDN="GUNT6T9XC" performance="supporting" grossFee="-600573820.65"
                     modifier="A" IPI="oTZ05sSYrxq8FyKUHd0iW" birthDate="2018-12-23Z"/>
                <Participant name="OV6P3wzVklT1yuEBC5q" role="scriptwriter" IPDN="Px9piQ4Qf3goQIICJC2GaIB" performance="supporting"
                     grossFee="1801592347.22" modifier="A" IPI="T5nSdKaKrGvlwE2SNFEtmm" birthDate="2019-12-24Z"/>
                <Participant name="e7I6w62VHC" role="sound engineer" IPDN="eK8PE8vYr" performance="conductor" grossFee="-1750613905.83"
                     modifier="C" IPI="CCHXd3Oy2u5aITcr5BbaCz.FTVidM" birthDate="2020-04-22Z"/>
                <Participant name="Iqpc1B6LtqywpFcWYxw" role="remixer" IPDN="kLQ2ULH" performance="supporting" grossFee="63791837.26"
                     modifier="C" IPI="DEczV-M2" birthDate="2019-04-23Z"/>
                <Participant name="MdrrAZ" role="composer" IPDN="DJ" performance="supporting" grossFee="-618414973.33" modifier="A"
                     IPI="yf1bGW49xQukjV" birthDate="2018-08-10"/>
                <Participant name="KUKpeZyjE" role="producer" IPDN="eg91MN7EEajZV" performance="chorus master" grossFee="-717146304.93"
                     modifier="B" IPI="ie2d2DHCbuHoTRT3vn" birthDate="2018-11-08"/>
                <Participant name="ET1x" role="sound engineer" IPDN="Z-Clc" performance="conductor" grossFee="-893072892.20" modifier="B"
                     IPI="TFXBuNy4cO7OwO" birthDate="2019-03-20"/>
                <Participant name="aJ_na-" role="remixer" IPDN="smQvVNeFR6VIpn" performance="chorus master" grossFee="1636704191.59"
                     modifier="A" IPI="rDSQsPuAOlulSeXTnN-V5R2_q2P" birthDate="2018-10-16Z"/>
                <Participant name="hJIL.nGTKgzc_3UBZavq_V-o1Fj" role="producer" IPDN="g" performance="chorus master" grossFee="859956115.04"
                     modifier="B" IPI="Sty5" birthDate="2020-01-20"/>
            </Participants>
        </Record>
        <Record title="NyPQwp-jceKOxzltIn" spins="1870504498" ISRC="C688L36AH8B0" year="8841" producer="yEejnfeuF9aQFU5y"
             label="Q1JuJNWj1LiuiA" recordNo="BDKkBeqX093f" serialNumber="mTeuQ.SrI" isPremiere="0" usage="commercial"
             ISWC="tJt0rw_LlEwWu-e21SmR_60eR35_27" AKA="zhUc.a3LM_5PrrZJkHhg1llVY6n" genre="pop" broadcastedFrom="2019-08-27T11:21:16"
             broadcastedTo="2020-05-14T11:21:16" runtime="736002518" origin="self" alternativeTitle="uJpemKVQYYuZgG9bM.jVrghb"
             recordedFootage="1378607277">
            <Participants>
                <Participant name="I55TJDraFNfP1TZ7" role="producer" IPDN="pLv" performance="conductor" grossFee="108779375.96" modifier="A"
                     IPI="_0S4Z1.u3MSn122d" birthDate="2020-02-11"/>
                <Participant name="GMjJ0tU7EMLt7ipsvNY89N26Mng-" role="remixer" IPDN="bkF" performance="main" grossFee="-797795599.08"
                     modifier="C" IPI="MnFSHFNB4K3zJR6QjpK12xx8D3h2O" birthDate="2019-03-25Z"/>
                <Participant name="m8PZl87iuMP" role="subscriptwriter" IPDN="tf" performance="chorus master" grossFee="1062503262.91"
                     modifier="C" IPI="T3qTIwH7xvu" birthDate="2018-08-19"/>
                <Participant name="tIldvr5tOM-syTNUv0eXG" role="subscriptwriter" IPDN="T1ebvCK4-SfCJMkJtFWJr9Yc" performance="main"
                     grossFee="1566351546.72" modifier="C" IPI="ziR3o-d.HX" birthDate="2019-05-29Z"/>
                <Participant name="nXIxf0re" role="scriptwriter" IPDN="XSvKhBjsl8CrGUAi9JjN" performance="conductor" grossFee="-879997162.54"
                     modifier="C" IPI="Vthgip6FapZHezX6Z4hUftDySbe" birthDate="2019-06-07Z"/>
                <Participant name="f7G" role="performer" IPDN="z6.m" performance="conductor" grossFee="-2135811219.53" modifier="C"
                     IPI="RQKgi2PFM" birthDate="2020-03-12"/>
                <Participant name="sjUXrnBBfD" role="scriptwriter" IPDN="_z_TacB" performance="main" grossFee="-602972760.66" modifier="C"
                     IPI="zgexJ51e6qbw" birthDate="2020-06-18"/>
                <Participant name="sxNOA5lw2cL810." role="music director" IPDN="Fnl_c" performance="conductor" grossFee="159259257.16"
                     modifier="C" IPI="qZB5ZkFGyV06rMlIf3C" birthDate="2019-11-20"/>
                <Participant name="CktzDDd4Ze2sIHfN0MbeLhp1wP" role="arranger" IPDN="Loe8QK0C4WN.F3fe" performance="conductor" grossFee="30798911.99"
                     modifier="C" IPI="P34NXBX1lu8.4qQ1Dx" birthDate="2020-06-08"/>
                <Participant name="AZTYZezWDROPzFCZ1XWqbqDB" role="performer" IPDN="xpNHkUA9jG-2MNn8vruq02JIl3cif" performance="supporting"
                     grossFee="846898914.52" modifier="C" IPI="fr65pj8WMZnEgV-x8qA" birthDate="2019-03-10Z"/>
            </Participants>
        </Record>
        <Record title="e2pyNl" spins="1830493338" ISRC="LUKCP93914UN" year="2548" producer="pz" label="v70eXx86on-XA2Q7r8"
             recordNo="XreZcXW4" serialNumber="i1hmFZV0mGOj" isPremiere="1" usage="jingle" ISWC="cHwS-15"
             AKA="UPzL8Td6J-.MA90XOvH-gn8" genre="classical" broadcastedFrom="2019-12-03T11:21:16Z" broadcastedTo="2019-11-19T11:21:16"
             runtime="1318196494" origin="commercial" alternativeTitle="YAQgT9hjtfwKNAwL_Wrq0MyoM9_BU8"
             recordedFootage="27769754">
            <Participants>
                <Participant name="NBDrmobksXn" role="producer" IPDN="ZBRqJcnRss_77mG-m2bRo4ZR9l" performance="chorus master" grossFee="-1095578653.17"
                     modifier="C" IPI="Xl" birthDate="2020-01-25"/>
                <Participant name="CEWNmiNbROIy3Fx_yrGkfmQ7h4I" role="music director" IPDN="q_40l_JjLoeY0z_FSzf0SC71ssc" performance="supporting"
                     grossFee="-677697949.79" modifier="A" IPI="juesL87.k3ZLCYhVsJe3Fs" birthDate="2019-08-13Z"/>
                <Participant name="pd8f87" role="music director" IPDN="th3_JYdOs" performance="conductor" grossFee="-742852116.73"
                     modifier="A" IPI="OaU1wHgD" birthDate="2019-07-16Z"/>
                <Participant name="qCcIpzFEMJ3iZQZsX9cxp3xP" role="producer" IPDN="YDO" performance="main" grossFee="-325191701.21"
                     modifier="C" IPI="CVoU_McMxXdMED1gFjgcQkx" birthDate="2019-04-02Z"/>
                <Participant name="Y20uX6aW5sWHC" role="music director" IPDN="d2YdxK2LG8jXPBmuKB3i1bJXGm" performance="soloist" grossFee="-100003443.84"
                     modifier="C" IPI="wusCY3L6up.PzCeGnNuNG1" birthDate="2020-05-06Z"/>
                <Participant name="sZs8AxkFsF-S" role="performer" IPDN="ospoX" performance="chorus master" grossFee="178531530.44"
                     modifier="C" IPI="Bva4usrNN" birthDate="2019-08-08"/>
                <Participant name="rarVIyrro" role="sound engineer" IPDN="xRiWGml2H.4eUe.EZWTmMIr9" performance="supporting" grossFee="1700892619.32"
                     modifier="A" IPI="RL8Qf8EDJQtpRrzif0RKB" birthDate="2019-07-14Z"/>
                <Participant name="BrMm1x" role="sound engineer" IPDN="O62OW0mESLmGmti3quWZJOVH" performance="supporting" grossFee="-672586064.88"
                     modifier="C" IPI="wdV" birthDate="2020-03-23"/>
                <Participant name="p5IJh" role="sound engineer" IPDN="GZuGXYzo4yW27iFnqr73wG3A6V" performance="main" grossFee="1792834597.51"
                     modifier="B" IPI="D7z5tktKCfVE" birthDate="2019-09-29Z"/>
                <Participant name="opV3ZORfg828s" role="arranger" IPDN="kQ" performance="main" grossFee="1088500898.14" modifier="C"
                     IPI="q_6D911S4Hryh" birthDate="2020-04-26"/>
            </Participants>
        </Record>
        <Record title="zfy" spins="246214764" ISRC="75K31H1QT4ZT" year="7045" producer="dtxGkNW5YeSwOWg" label="pT3MNb7C"
             recordNo="L5hOvw7v3SvB-nR678af14" serialNumber="a.40I0X_kxe4mn_0RCHllWXI" isPremiere="0"
             usage="jingle" ISWC="qV3Fma..Ex" AKA="uhMBhiOEsm06" genre="jingle" broadcastedFrom="2019-11-23T11:21:16Z"
             broadcastedTo="2020-01-11T11:21:16" runtime="1263719117" origin="live stream" alternativeTitle="GgTD4_Bi_NAUP4eZ"
             recordedFootage="1208670344">
            <Participants>
                <Participant name="Zlu" role="music director" IPDN="t7tGar-SA." performance="soloist" grossFee="1771638375.59" modifier="C"
                     IPI="kSsKZVYc" birthDate="2020-06-16Z"/>
                <Participant name="SQfiqcu2624Wl-" role="producer" IPDN="TL5AYsPy4_5Wg-CGUD" performance="conductor" grossFee="910343791.44"
                     modifier="B" IPI="uy" birthDate="2019-06-01"/>
                <Participant name="o9v5vI3h8sx" role="composer" IPDN="cQzFYbHK1r" performance="chorus master" grossFee="-179272037.05"
                     modifier="B" IPI="TNfzgq0l" birthDate="2018-08-15Z"/>
                <Participant name="QVaVLF55lwPTcbQbVTw" role="subscriptwriter" IPDN="xF0MECgc2AWStJLIw" performance="soloist" grossFee="-1727803393.38"
                     modifier="A" IPI="q8h_.T2Fkc6Nvmx1lrogGvgdQt" birthDate="2020-04-19Z"/>
                <Participant name="tZrvCnTb1UeIw" role="sound engineer" IPDN="qVLf4uN9WpKxA7Wc_" performance="supporting" grossFee="-1348217910.18"
                     modifier="B" IPI="tm4h-" birthDate="2018-12-01"/>
                <Participant name="meYvyfEO1NhsvCIl.BEKK" role="subscriptwriter" IPDN="Ksl68L" performance="chorus master" grossFee="1355260603.03"
                     modifier="A" IPI="lrki1Z" birthDate="2019-04-25"/>
                <Participant name="Jucc" role="scriptwriter" IPDN="pp3BG-FVlk4wWZstQ.pF" performance="supporting" grossFee="-1465944308.74"
                     modifier="B" IPI="SU60nvEeFcVpncPh3pD" birthDate="2020-04-09"/>
                <Participant name="g4N25e0uH20R0ppjhSM4pIiY" role="sound engineer" IPDN="biKDAo1ja" performance="chorus master" grossFee="-1107437092.82"
                     modifier="A" IPI="qr-F1dA1gQa2jdP" birthDate="2018-09-16Z"/>
                <Participant name="h10DLlQksugEz0_mhxFjrFo8H" role="subscriptwriter" IPDN="h" performance="supporting" grossFee="-654377112.66"
                     modifier="C" IPI="b519z" birthDate="2020-04-11"/>
                <Participant name="FiMR" role="composer" IPDN="dv-4h" performance="supporting" grossFee="-1362067082.00" modifier="B"
                     IPI="Xr9KXTuDo5GoPppThpEwf9yPV" birthDate="2020-05-21"/>
            </Participants>
        </Record>
        <Record title="dr56NUyCP0qdXDsvxisPMYUu" spins="1803066482" ISRC="WG67KTR0215Y" year="9713" producer="CATSLFGeQh"
             label="v-lHHnvjtTrJQlOUBhBn" recordNo="u-NKvTyVBe7tAX8w5V3djTcjeGv2i" serialNumber="Hk1NAfmsFwwIqrDLSDCNBhH6pNyPG-"
             isPremiere="1" usage="broadcast" ISWC="xR7KKznhyik-iovFgkcM-Y0DTU" AKA="pb2w0YvVZ1OQVL1d"
             genre="pop" broadcastedFrom="2020-05-14T11:21:16Z" broadcastedTo="2019-12-25T11:21:16" runtime="1634269708"
             origin="self" alternativeTitle="w8mjcUt.d7xvzKfvMJ-KSrK0tp_P-" recordedFootage="38652422">
            <Participants>
                <Participant name="PPEv_wM424Xo6m1ic6rJT_bsI8" role="sound engineer" IPDN="jzJIM58Bx_" performance="soloist" grossFee="1578130564.87"
                     modifier="C" IPI="boSsqNAjO-DENyRM" birthDate="2020-04-15"/>
                <Participant name="AOE3_D3aTE2Qy-pFv1EdoR" role="composer" IPDN="xvZy" performance="conductor" grossFee="-2110225703.15"
                     modifier="B" IPI="uVLtg5on-WQs" birthDate="2020-06-27"/>
                <Participant name="rDOPv0Nl9w3" role="producer" IPDN="zmss" performance="supporting" grossFee="-153040854.32" modifier="A"
                     IPI="ayYwjdTEsOrHczf9I7W9Ti9_O" birthDate="2018-10-23Z"/>
                <Participant name="OgnB" role="music director" IPDN="bXUO5Zx7Cjzyg_Tro.8MJbNYnupC" performance="main" grossFee="-1662655397.43"
                     modifier="B" IPI="IHles3Q2oW7nlOI0wDvp9imnvqwPO" birthDate="2019-09-28Z"/>
                <Participant name="RX9zLf1cFFEswKDNp" role="arranger" IPDN="KN5" performance="supporting" grossFee="73568920.57"
                     modifier="B" IPI="_V" birthDate="2019-10-14Z"/>
                <Participant name="Gjd1" role="performer" IPDN="DeJt" performance="chorus master" grossFee="-1083869943.80" modifier="B"
                     IPI="W0ni5k2Ef66r3.um" birthDate="2019-12-29Z"/>
                <Participant name="t" role="remixer" IPDN="aICW8WCgm1G_Tui5" performance="main" grossFee="-2017111632.77" modifier="C"
                     IPI="KNHxJy" birthDate="2020-03-30Z"/>
                <Participant name="JPP" role="arranger" IPDN="leVw" performance="supporting" grossFee="-257074838.61" modifier="B"
                     IPI="i" birthDate="2019-07-26"/>
                <Participant name="R-tLQxF0Zy" role="music director" IPDN="lNmrFezo2Xq3KPt1LMbb" performance="main" grossFee="-256242086.39"
                     modifier="B" IPI="rLx1Qivb5NPnigd5v1H" birthDate="2020-03-25"/>
                <Participant name="qMOHeythU9UgtAPN" role="subscriptwriter" IPDN="vU_3Lon" performance="chorus master" grossFee="848906193.56"
                     modifier="B" IPI="Emb41" birthDate="2019-10-16"/>
            </Participants>
        </Record>
    </Record>
    <Record title="IZZ8hXa5Up2Hik67RGSc2" spins="1495659980" ISRC="U2W2P062597L" year="6236" producer="vEZIz7eY"
         label="v4Wn" recordNo="VPpgHw5eIKDc" serialNumber="SlaubldsyeokfXg51" isPremiere="false" usage="commercial"
         ISWC="Xz_1X4tPOp.i" AKA="uhoxJIRInWe" genre="spoken word" broadcastedFrom="2018-08-06T11:21:16Z"
         broadcastedTo="2018-08-31T11:21:16Z" runtime="1598822429" origin="self" alternativeTitle="fjFqCozkKvXvzyf6el5r"
         recordedFootage="1026505022">
        <Participants>
            <Participant name="KxPApbPN5xPYwaah8rlAFh-63" role="subscriptwriter" IPDN="HuPp2-SRIw_" performance="main" grossFee="-1257059084.76"
                 modifier="A" IPI="LwqAK6u8zrrNSrV" birthDate="2018-11-11"/>
            <Participant name="lxBDpUm01UUfjo1Qqx-B" role="sound engineer" IPDN="zj" performance="main" grossFee="-1855114756.18"
                 modifier="A" IPI="TaTN" birthDate="2020-01-20"/>
            <Participant name="Km4bLZ8JnnA7UUuM2PnFCB" role="scriptwriter" IPDN="o4T61oMhLUZvjTLPtV0" performance="supporting"
                 grossFee="-397686335.87" modifier="B" IPI="kBOKpX4yFHamFUc5CNYRrJ1Dl" birthDate="2019-08-16Z"/>
            <Participant name="wa4CDpHVhvTxlZxHWY8NAk7HOqosz3" role="arranger" IPDN="iR3nv-iD" performance="chorus master" grossFee="1613358927.59"
                 modifier="B" IPI="UTylspxaKj1vcXL0OdkNI7R1PwGqdI" birthDate="2019-12-28"/>
            <Participant name="i7NoiOIpWVb-ewKdD" role="subscriptwriter" IPDN="uNOWcjhJ9-BGcgPW" performance="supporting" grossFee="-143562910.31"
                 modifier="B" IPI="dJnmRBRE77uFc4wn" birthDate="2019-10-04Z"/>
            <Participant name="uh" role="performer" IPDN="wv2ZNAM332YwNRh1i3imQH6m2" performance="chorus master" grossFee="252627390.51"
                 modifier="C" IPI="_NkNT0c2_V84M.7zGkPs_M-sb" birthDate="2019-05-26Z"/>
            <Participant name="x8ll7lfHYXCfE" role="arranger" IPDN="JiNqLVhuKHay1QAQNMx" performance="main" grossFee="1011276109.96"
                 modifier="B" IPI="py-9kpY1CEuGb" birthDate="2019-07-03Z"/>
            <Participant name="q7oBP52p8imsh7luE5mui8xPgAdUr" role="scriptwriter" IPDN="s2BGQCaOv9Hd7" performance="soloist"
                 grossFee="-1878769663.75" modifier="A" IPI="GsieEbsKoKTRwrK" birthDate="2019-11-26"/>
            <Participant name="XgdGzSznp5Jyh7u-8M0p-mOmxKJS-" role="scriptwriter" IPDN="_DCD8OAD" performance="supporting" grossFee="2083985777.75"
                 modifier="C" IPI="WG9c" birthDate="2018-09-18"/>
            <Participant name="j75NRL" role="remixer" IPDN="PjoUaZJ0p53oe7U" performance="chorus master" grossFee="1969133443.11"
                 modifier="C" IPI="rgR5_pBv4ZDxVc85T6TYlAqEPwGjH0" birthDate="2019-11-04"/>
        </Participants>
        <Record title="j" spins="1228669558" ISRC="41EE1L41DJI3" year="4593" producer="cR.kvH1si" label="Qw3y" recordNo="ftqZjZ7bdJ6-1PH1AG32UP"
             serialNumber="vBBAvIgUbG7AX-3B9-9b6" isPremiere="1" usage="broadcast" ISWC="erwWj" AKA="vrpYgHsH.zfNzqG1FyHSL0A7lMTc"
             genre="jingle" broadcastedFrom="2019-09-04T11:21:16" broadcastedTo="2020-05-10T11:21:16"
             runtime="1507572942" origin="free usage" alternativeTitle="QhBYx3vI.8roCkRuiG4UPRMq9xp"
             recordedFootage="510149150">
            <Participants>
                <Participant name="ujHbSOIw" role="composer" IPDN="NTkrYMrS8kRf6Dm4k57XZsE" performance="soloist" grossFee="476447526.12"
                     modifier="A" IPI="E6J" birthDate="2020-02-13Z"/>
                <Participant name="aGTdohfWu.3fmHknl" role="arranger" IPDN="l7x31Q2asztsz-lfrl-iL-kEZMj" performance="main" grossFee="649812841.98"
                     modifier="B" IPI="h7gWdQgdTlkX0fuPwblD2Y-" birthDate="2020-04-11Z"/>
                <Participant name="lCByC07NpU" role="scriptwriter" IPDN="b5a2" performance="conductor" grossFee="-1865463996.30"
                     modifier="B" IPI="ggvxKbT.Z9EC.KF.4ygK5Wnj9Q_u7" birthDate="2019-08-21Z"/>
                <Participant name="FTqk.P" role="subscriptwriter" IPDN="YJfo9aLxf" performance="conductor" grossFee="-1151204920.95"
                     modifier="C" IPI="Y" birthDate="2020-04-29"/>
                <Participant name="JsMl2sEC.exy" role="sound engineer" IPDN="BuPeei.3vlO" performance="main" grossFee="-964610767.17"
                     modifier="C" IPI="cESg-m9vsHz-rI4Ca" birthDate="2020-05-01Z"/>
                <Participant name="goikBq1ZO_ZWrxPY5C" role="composer" IPDN="DpGwZgkP" performance="conductor" grossFee="-20725941.18"
                     modifier="A" IPI="EzVTJc" birthDate="2019-04-30Z"/>
                <Participant name="GK0yamqi" role="arranger" IPDN="xVMHc16VyqlROgF8" performance="conductor" grossFee="-2140372999.18"
                     modifier="B" IPI="pjKfvYQi0K5" birthDate="2019-03-07"/>
                <Participant name="ZAC7F" role="sound engineer" IPDN="BvVwBP" performance="supporting" grossFee="682866190.44" modifier="B"
                     IPI="XpDnTxN.u" birthDate="2018-08-17Z"/>
                <Participant name="p11vHSO30wg7211ra" role="performer" IPDN="TdWtAO2kCbmOu13qC3e" performance="main" grossFee="1226546704.45"
                     modifier="A" IPI="jNz3c7w8h" birthDate="2018-07-05"/>
                <Participant name="Q05BF7gyqi80axYG.mhgc8a" role="scriptwriter" IPDN="X8soRq9X" performance="chorus master" grossFee="-201928385.87"
                     modifier="A" IPI="wn_DwEtd5" birthDate="2019-06-09"/>
            </Participants>
        </Record>
        <Record title="tA_xmS3a" spins="1580192894" ISRC="516X126KTEO4" year="3327" producer="vPfJ" label="HtbJMguWT8V-Yv98r8XR"
             recordNo="GYfOL5OpCxNu2RBJaoYMbCeCAkK" serialNumber="to0v.K3fNp3MjIsyzFdo0p5" isPremiere="false"
             usage="jingle" ISWC="gwfaDQ.N9w-lLuMGpUTf3cy3xxeJwj" AKA="I3JG3lPBLRA4xXnj4g6wU" genre="classical"
             broadcastedFrom="2020-06-09T11:21:16" broadcastedTo="2019-12-29T11:21:16" runtime="2017299574"
             origin="commercial" alternativeTitle="v2OE6Z6" recordedFootage="162906185">
            <Participants>
                <Participant name="oGjAhwLP0cfn7PNf_" role="remixer" IPDN="h39-GT" performance="main" grossFee="-243260081.51" modifier="B"
                     IPI="RQDw-OFB" birthDate="2020-02-28"/>
                <Participant name="sk6ObPeKvVJazkJj" role="sound engineer" IPDN="mxjra1lVAjp8Nx1c" performance="chorus master" grossFee="27229616.24"
                     modifier="B" IPI="A1GCTbHnChDWordQ.XGnMbUpY" birthDate="2020-01-31"/>
                <Participant name="C_" role="music director" IPDN="RXhDkGEqKI72cB4jq" performance="main" grossFee="-605285473.81"
                     modifier="A" IPI="VJBPXaFEP4qri2r_.Y" birthDate="2019-10-10Z"/>
                <Participant name="V4IRdN0nepQ" role="scriptwriter" IPDN="l_5mc" performance="main" grossFee="-1922482016.56" modifier="C"
                     IPI="lJ554zDN88z9GSa" birthDate="2019-11-23"/>
                <Participant name="wzOq0J8" role="performer" IPDN="QqFZusH7_V" performance="main" grossFee="-2129694609.95" modifier="C"
                     IPI="o" birthDate="2019-09-09"/>
                <Participant name="pd-vEVOk" role="remixer" IPDN="Ms8o" performance="main" grossFee="1058066241.14" modifier="A"
                     IPI="UCrUoAOx" birthDate="2020-05-12"/>
                <Participant name="K0WgueaqqSzYw65vO3acJCbcqtcX" role="subscriptwriter" IPDN="xKeSJtpGZ" performance="chorus master"
                     grossFee="-732300558.96" modifier="C" IPI="MrQtalTzjCYe5-Yc4oWEg" birthDate="2020-03-18"/>
                <Participant name="j20ysrR-a4xxormsaA-FL7V" role="arranger" IPDN="izxGPyWh7z3xQY" performance="main" grossFee="227863365.87"
                     modifier="C" IPI="QByvp" birthDate="2020-02-29"/>
                <Participant name="t-EOq1eM" role="performer" IPDN="FRb-FBPh5hB2M-F0q_x_yveR" performance="conductor" grossFee="-1931421112.10"
                     modifier="B" IPI="U8aKAYByAjkOaGeR2.s" birthDate="2020-03-09Z"/>
                <Participant name="M5zhmUUD" role="remixer" IPDN="i9ZiovkISm" performance="soloist" grossFee="-117861475.00" modifier="C"
                     IPI="paL6" birthDate="2019-08-31Z"/>
            </Participants>
        </Record>
        <Record title="vz_O62WnkFwa0" spins="349558739" ISRC="S4GT55P293N9" year="2280" producer="T" label="NSjxdF2GdGTDabFh7j4joaDFSuz.s"
             recordNo="tq" serialNumber="QI5CRoHmq84T5oMt6SG46aGp5iu" isPremiere="1" usage="jingle" ISWC="rPhQLKGvr0"
             AKA="vC4wlMmZz2eBbuPiXpXaxJd" genre="composed" broadcastedFrom="2018-11-11T11:21:16Z" broadcastedTo="2019-11-19T11:21:16"
             runtime="342503673" origin="report" alternativeTitle="o4feU6mWzK" recordedFootage="1865512676">
            <Participants>
                <Participant name="RlQkmrBc-os4PiJbM89" role="producer" IPDN="pMF.EoGY8bq_vi30fUmpns" performance="supporting" grossFee="237850144.12"
                     modifier="C" IPI="ud3e-CkJgzne6I0lGFME-KX" birthDate="2019-04-06Z"/>
                <Participant name="DF" role="arranger" IPDN="DYAm_jQMix9gbK" performance="supporting" grossFee="-1128489117.80" modifier="B"
                     IPI="leyI3RcvuA446m_JvBZAX3Jr7JTOUs" birthDate="2018-09-10"/>
                <Participant name="w6df6WY7FoNkrUSxSS09xrMIxj" role="subscriptwriter" IPDN="PC3BnzmqdHW1NRuh1rBCEq" performance="chorus master"
                     grossFee="-1933710683.46" modifier="A" IPI="t9YO" birthDate="2020-02-07Z"/>
                <Participant name="I0" role="remixer" IPDN="ReqTAL4y.qpw.9v0DhmNOm5z80N" performance="chorus master" grossFee="-2005117780.55"
                     modifier="A" IPI="eeqyiNJvQgv9GRq4pbY" birthDate="2020-06-26"/>
                <Participant name="oDXTRlMWrq6D8.4NIP1" role="sound engineer" IPDN="N3IVImaIb-4" performance="main" grossFee="514284651.93"
                     modifier="C" IPI="aLLVoX" birthDate="2018-12-22Z"/>
                <Participant name="H3z.QoZ.SN" role="composer" IPDN="Y4BUl" performance="conductor" grossFee="-1081073317.25" modifier="C"
                     IPI="TldDrPMj_HAAWjZjsivhoR5QN1CSv" birthDate="2019-09-01Z"/>
                <Participant name="EhvBb9_F7" role="subscriptwriter" IPDN="a4" performance="conductor" grossFee="-631786807.69" modifier="A"
                     IPI="Wkc8z9JxpqXfHYw" birthDate="2020-01-09"/>
                <Participant name="zvAmjoWCyEXZCohkfGCBK8S4jtAIU" role="composer" IPDN="Yyo.w0p7CCu1BDFPkmVTAPfTiJOTJN" performance="main"
                     grossFee="1864531058.98" modifier="C" IPI="zkMrcvljSYX303lxTrbVD3x1" birthDate="2019-04-27Z"/>
                <Participant name="fi-NyQ5" role="subscriptwriter" IPDN="GACrH7A" performance="soloist" grossFee="1368283500.97"
                     modifier="B" IPI="umLvQqnBa1AppOc" birthDate="2020-06-07Z"/>
                <Participant name="wLP" role="producer" IPDN="q.vVwNaRBTm" performance="main" grossFee="-1549980520.52" modifier="C"
                     IPI="kpcM3" birthDate="2018-11-13Z"/>
            </Participants>
        </Record>
        <Record title="kV-HN_2KTRX9OjYU0rBM4oXtmdI" spins="1708858864" ISRC="SE52EA69Q33W" year="9900" producer="XWOJR1PKPCbF"
             label="mnIJWx.6rHBmUdgme7qCEN5Q8tX" recordNo="Rw2eb_qMJ39TAyTmkqFg" serialNumber="qt-69Vexxmk"
             isPremiere="false" usage="commercial" ISWC="Oq_0GaasqGdEhdNYEPkhkJ5Da" AKA="zuL2mviMiFXo4"
             genre="classical" broadcastedFrom="2019-07-15T11:21:16" broadcastedTo="2019-09-19T11:21:16"
             runtime="217576649" origin="free usage" alternativeTitle="NpKRiX1cxfhmthoHul2" recordedFootage="481117705">
            <Participants>
                <Participant name="E2xM9FGfeVvvZ6.uX6vmtJ7Ijo" role="composer" IPDN="JgtFAsJQR0smZkLfZYEmTajOoa" performance="soloist"
                     grossFee="-1241513478.22" modifier="A" IPI="SNkO.IIEuT1UoZgh1" birthDate="2019-05-06Z"/>
                <Participant name="s-XT9vgmXXHk.56rmvc0Rc.hW" role="subscriptwriter" IPDN="sDnk4ms.GlG_E0MalTf.SAbW1" performance="soloist"
                     grossFee="-1128840814.88" modifier="C" IPI="Lqiwwnq" birthDate="2020-05-26"/>
                <Participant name="Rd" role="arranger" IPDN="bHwOLQiB-ER9rKeccY8azP1v" performance="chorus master" grossFee="2023108368.34"
                     modifier="A" IPI="hZ9jG6I6jWMn" birthDate="2018-12-13Z"/>
                <Participant name="pwCn5hYBzg0xOzlZERwm68P" role="performer" IPDN="A06b7vLECfe8-kJTed5t7Q5O" performance="main" grossFee="-317847124.22"
                     modifier="B" IPI="Pm9VstXQsGrH7qkq_P0." birthDate="2018-09-25Z"/>
                <Participant name="EX" role="composer" IPDN="Vo" performance="supporting" grossFee="-978677710.23" modifier="A" IPI="B8kRghcZiLyuhMHdj.M"
                     birthDate="2019-04-25Z"/>
                <Participant name="syH0aaBNPVEn9OiDUhAgg2Np" role="composer" IPDN="eEu52nug74VAd_" performance="soloist" grossFee="-1276929048.58"
                     modifier="B" IPI="_k3.0Eo7LzqsRQhK3OI1" birthDate="2018-09-03Z"/>
                <Participant name="BJiQqLQxRywGd-" role="subscriptwriter" IPDN="fq1vSoOvcdi-2ftBbbNF" performance="supporting" grossFee="1914583352.90"
                     modifier="B" IPI="Uk9TD-H7G.lm1kHC4Xkn" birthDate="2019-11-01"/>
                <Participant name="W2U" role="performer" IPDN="so8Nka1tNtBZ4qI" performance="conductor" grossFee="1440161583.77"
                     modifier="C" IPI="oRceG.kC0aZk4EX3v" birthDate="2019-01-16Z"/>
                <Participant name="XEXkbit1yL1" role="arranger" IPDN="ScKp5yrQyxSaK6SwOhJW5dCYLIlGD" performance="main" grossFee="-1876784499.26"
                     modifier="A" IPI="npxy1oSan80" birthDate="2019-11-10"/>
                <Participant name="kkFbbKq0" role="music director" IPDN="XTnV3chCnWkbOmfIglKanVP5" performance="main" grossFee="-1011085076.88"
                     modifier="C" IPI="cjjHeXd-hc0gjYC91c" birthDate="2019-05-23"/>
            </Participants>
        </Record>
        <Record title="Hz58qtuSy1TY59K0qcl-QRiX.9T." spins="1111533952" ISRC="34J1C5CF9HN1" year="2705" producer="sF8zZu_fn58"
             label="HSLB96pgNjAFPU4" recordNo="Ch4qBZ" serialNumber="POm2YCn" isPremiere="false" usage="broadcast"
             ISWC="kTjV20ZGWa4rMK" AKA="LTbJ-M1Te._G-QsFY70Cx" genre="spoken word" broadcastedFrom="2018-11-17T11:21:16Z"
             broadcastedTo="2019-01-07T11:21:16Z" runtime="2140744172" origin="live broadcasting" alternativeTitle="o9A8CE2ldmxU1DtzCXnRotEOx"
             recordedFootage="1764628233">
            <Participants>
                <Participant name="yf0KafBA5qKLuazA.Q9fZX-vl_td" role="music director" IPDN="LIukTj8Sr57cOE8H3Oe" performance="supporting"
                     grossFee="-1112563817.36" modifier="C" IPI="AAY.-7Y0x4fXhBQxuq95xg71C" birthDate="2020-01-30Z"/>
                <Participant name="tD0fiNXu" role="composer" IPDN="t9LjD0Z_FUvHyu" performance="conductor" grossFee="-559214659.18"
                     modifier="A" IPI="ZaY5QMK847EFLsTtjLY9LJNd" birthDate="2019-11-11Z"/>
                <Participant name="fFlMbI" role="remixer" IPDN="fTciX2Luj8-p" performance="conductor" grossFee="535941676.39" modifier="B"
                     IPI="Er0QENP9GylFXwMon6Z-OZG-.C0DOn" birthDate="2020-05-21Z"/>
                <Participant name="eX71sj7Fjbc12v" role="subscriptwriter" IPDN="LG7OktjtPXh" performance="soloist" grossFee="-572627179.06"
                     modifier="A" IPI="UCcVJmPm7zSh" birthDate="2018-07-25"/>
                <Participant name="K7r4l5" role="scriptwriter" IPDN="i0RoyGCjZKaG.WF-N" performance="main" grossFee="729039416.11"
                     modifier="B" IPI="P2tO.yOwhz3E0_-EJa" birthDate="2020-02-27Z"/>
                <Participant name="v" role="subscriptwriter" IPDN="WLFVfjTljafz_sc_gxXNv" performance="soloist" grossFee="1536518085.44"
                     modifier="A" IPI="roukcBdLajjTiA81" birthDate="2019-09-17"/>
                <Participant name="ucg6INQ6" role="subscriptwriter" IPDN="xFSMcfgRKLdl2hcq2PK" performance="soloist" grossFee="1334814804.27"
                     modifier="C" IPI="zan_bfS7" birthDate="2018-08-13Z"/>
                <Participant name="GNg6ZPrlCGm2mBkdTIqhASgpCnD" role="music director" IPDN="S3KdqczEwvir7Dn" performance="main" grossFee="-142448665.68"
                     modifier="C" IPI="UKEe4RG8-ygU8E1PlykI4ZOuBS5mk4" birthDate="2018-09-10Z"/>
                <Participant name="j" role="composer" IPDN="s2zBmM" performance="soloist" grossFee="-287794974.24" modifier="A" IPI="eKgeCd."
                     birthDate="2018-10-09Z"/>
                <Participant name="UwmuBAQ.pIUh9" role="arranger" IPDN="yGnCkcI.GxeCRMepcm.Xgd" performance="supporting" grossFee="-611924470.41"
                     modifier="C" IPI="zgZSD5z" birthDate="2018-10-08"/>
            </Participants>
        </Record>
        <Record title="Ky6tj3DXWnoDiXD2aVU3mB-Ew2vM7" spins="219058365" ISRC="J70H5E8P10C2" year="8046" producer="FTwnK9ka5K-eSGXwot9t-R89nkf"
             label="e_sy9CsLayJhngJOaWiGRXV" recordNo="QB5I1KSTsU" serialNumber="FvQHMXvzMK-LVlP8cS8bn.T1beED_"
             isPremiere="1" usage="commercial" ISWC="SqXXONKtbb" AKA="oToKyZKB.DGGt5iwgJqht9" genre="jingle"
             broadcastedFrom="2019-06-25T11:21:16" broadcastedTo="2018-08-31T11:21:16Z" runtime="545122421"
             origin="report" alternativeTitle="xXN6w4iPG" recordedFootage="864962967">
            <Participants>
                <Participant name="Rb7L" role="remixer" IPDN="Gat2uCPb.zs-P0Dfm" performance="supporting" grossFee="-1409311060.48"
                     modifier="C" IPI="NXH2wgmI2V7F173" birthDate="2019-06-04"/>
                <Participant name="hnm7S_.jAZPN4f2eAJX" role="composer" IPDN="HIZcWJD" performance="chorus master" grossFee="1569789450.90"
                     modifier="A" IPI="dWbz9OzU1PqI.x5LzQwDQlJchjGpwf" birthDate="2020-02-21"/>
                <Participant name="dsosnhSPkoyd" role="sound engineer" IPDN="BHrGB1sO" performance="conductor" grossFee="972600553.22"
                     modifier="C" IPI="t20BFjXfu.2MwC.H14.RROSfz" birthDate="2018-08-17"/>
                <Participant name="jhuoBXt" role="music director" IPDN="APQIXR3OR-SNBGcmF2KOIJfS9Ynm_t" performance="main" grossFee="1161619620.81"
                     modifier="A" IPI="ve6-3SL9PXyneKn" birthDate="2018-10-31"/>
                <Participant name="u6Rm7z7de4ZRnMO" role="scriptwriter" IPDN="vplU2p2R5HrdVPay" performance="main" grossFee="-1964963137.01"
                     modifier="C" IPI="RH17QtJdR0RYy" birthDate="2019-11-03Z"/>
                <Participant name="OkDP01H13qSesViPb6spF" role="composer" IPDN="R7B" performance="soloist" grossFee="-872539720.42"
                     modifier="C" IPI="w0nGkCA7XdeLRDmaC-AuhvOsDQItO" birthDate="2018-09-09"/>
                <Participant name="zxcICcBwsvAW_0M9pKc3sIn2RG" role="subscriptwriter" IPDN="Tj-_evKHhqYk7pDkz266O_Nn" performance="supporting"
                     grossFee="843641873.99" modifier="B" IPI="QrTSU8jasZKs9i2" birthDate="2020-01-17Z"/>
                <Participant name="jl0-BBatITZrV.gcH" role="remixer" IPDN="B6oE" performance="chorus master" grossFee="1487489595.04"
                     modifier="C" IPI="K7HDrT3xNYQPc5J.-rfxd" birthDate="2019-11-06"/>
                <Participant name="K" role="arranger" IPDN="gaMoUsk" performance="conductor" grossFee="796445405.53" modifier="C"
                     IPI="HZJqXs3VVPZvHOqT38AAB9" birthDate="2019-02-20"/>
                <Participant name="Iqduh6DblOUhl04AEnZ" role="remixer" IPDN="uLcfQvUizxMjoG2xxMxTIoK" performance="main" grossFee="-319804858.20"
                     modifier="B" IPI="k2uY6eV0cblh27" birthDate="2018-07-12"/>
            </Participants>
        </Record>
        <Record title="dTzKfUTXSo4r6UCGh28OoSNw" spins="258784665" ISRC="5LC53380FESI" year="8813" producer="TkpM1"
             label="crY7" recordNo="_aaOZfu7lM9P4Kfd3KUR" serialNumber="SjcPoisL535G" isPremiere="false"
             usage="broadcast" ISWC="exbown8cH4Sz6rFuVBbn" AKA="PDpq7TgDPDfk" genre="commercial" broadcastedFrom="2019-10-11T11:21:16Z"
             broadcastedTo="2019-07-21T11:21:16" runtime="82484153" origin="live broadcasting" alternativeTitle="bimF7HsCV1oKR9m"
             recordedFootage="1849137412">
            <Participants>
                <Participant name="sPR" role="producer" IPDN="OmYFuSzFkL.D9Dw" performance="supporting" grossFee="253157538.12" modifier="B"
                     IPI="CtWSwD3" birthDate="2020-03-01"/>
                <Participant name="Rl_jyeys7FhxgIYwhwg" role="scriptwriter" IPDN="l1x2-lNwnKwXq7LD5zjg" performance="chorus master"
                     grossFee="1474510307.24" modifier="C" IPI="DQ3gvonYKK9CaRLD5" birthDate="2018-11-02"/>
                <Participant name="Q3XW3X1btlP" role="remixer" IPDN="h.1zDYqz" performance="supporting" grossFee="-2057680422.61"
                     modifier="A" IPI="jJUhs" birthDate="2019-05-14Z"/>
                <Participant name="CYP4TBumwLss" role="producer" IPDN="TlxLWX_5tez_kPIAknGTAau" performance="conductor" grossFee="-86220212.90"
                     modifier="A" IPI="Rw6qPq9W-qUucscQ077FRGQ-" birthDate="2019-12-14"/>
                <Participant name="Kczz2Xg-k0FgfT_q.kP0g" role="sound engineer" IPDN="U.MZVknsWo" performance="soloist" grossFee="-844206513.72"
                     modifier="B" IPI="HlT5q_6K" birthDate="2019-09-03"/>
                <Participant name="wY-luEW3bgkUdLtNlKO7RnXdNtw" role="composer" IPDN="cG94A-dEP9" performance="main" grossFee="-1138512456.46"
                     modifier="C" IPI="itgcjDcKufzzmNG" birthDate="2019-04-27Z"/>
                <Participant name="I.-C" role="subscriptwriter" IPDN="xUzZA" performance="supporting" grossFee="-2055180479.27" modifier="A"
                     IPI="OIqpG188J" birthDate="2019-07-23Z"/>
                <Participant name="BcrY7YKkA-D6uIeh.c4" role="subscriptwriter" IPDN="yIUxB2BSi3xX2mbD4" performance="conductor" grossFee="136733139.99"
                     modifier="B" IPI="a6PBkNNVsF" birthDate="2018-07-14Z"/>
                <Participant name="xmAO.zV" role="composer" IPDN="ObDkZt7AOfuqe9i" performance="conductor" grossFee="-1672108722.85"
                     modifier="A" IPI="j8vyo8" birthDate="2020-03-12Z"/>
                <Participant name="BStPKiu91s.c36K2N" role="subscriptwriter" IPDN="lN4" performance="supporting" grossFee="-384084959.79"
                     modifier="C" IPI="LNo4eK0pa_0OrZo1rqjaxRl1" birthDate="2019-01-26Z"/>
            </Participants>
        </Record>
        <Record title="GN-zSF8oYCDngzcSzWGur" spins="1654310510" ISRC="S9A37DQA885C" year="0391" producer="Pimwhgu3cfvE0"
             label="S3iZLHQ2OT.EWmxOh1LUt" recordNo="ITLkHgxg3EoPFL" serialNumber="t-QcE2RANAoNLN" isPremiere="1"
             usage="jingle" ISWC="qN" AKA="_" genre="classical" broadcastedFrom="2019-12-11T11:21:16Z"
             broadcastedTo="2019-06-15T11:21:16Z" runtime="1437736660" origin="self" alternativeTitle="CQIYuJyYijyA2"
             recordedFootage="208051939">
            <Participants>
                <Participant name="xCaFtrpb.YbfRpqdJ4YtjjYTf" role="producer" IPDN="i6CL" performance="soloist" grossFee="-217041959.03"
                     modifier="B" IPI="iEO1-53SSy4i4XSv4LtrW7v24LM" birthDate="2020-06-13Z"/>
                <Participant name="h0lV7bUz.oAqf55" role="producer" IPDN="kdCNT" performance="soloist" grossFee="1858082271.47" modifier="A"
                     IPI="xz9n" birthDate="2018-08-22"/>
                <Participant name="KvAdF2PTK.P" role="remixer" IPDN="vGvlx" performance="chorus master" grossFee="694416902.14" modifier="C"
                     IPI="uGfsyl4HtME_agFuWtb9VVHALAjn8" birthDate="2018-12-18Z"/>
                <Participant name="tm5D9xCSVC9v" role="arranger" IPDN="TJjA5J25smHUYTKTI8X6XxE" performance="chorus master" grossFee="1501686952.49"
                     modifier="C" IPI="v.p6ENjo4mWVDuhIcuvtC53f" birthDate="2018-09-07"/>
                <Participant name="DRn.llAClzviRf3tr-SfRH8E" role="composer" IPDN="VTbA71Gz95Gusaug" performance="main" grossFee="1532820525.79"
                     modifier="C" IPI="xTf7KuKx" birthDate="2018-11-22"/>
                <Participant name="WQcqiybK5" role="composer" IPDN="ooyT9-.Cb" performance="conductor" grossFee="739293242.09" modifier="C"
                     IPI="kHvSNDE33_." birthDate="2019-10-20"/>
                <Participant name="tYd5SbcxU4tG" role="music director" IPDN="PXkZw265mrO_YmK31fFGdhopSo" performance="main" grossFee="-1120026910.06"
                     modifier="B" IPI="dw" birthDate="2019-04-21Z"/>
                <Participant name="nmvpKMoS" role="composer" IPDN="rqle-biAd-K" performance="chorus master" grossFee="-309764972.93"
                     modifier="B" IPI="O4M" birthDate="2018-08-15"/>
                <Participant name="XYCP.riluMNQPseU" role="music director" IPDN="x5nSVXWD9HfBPYbTh.dpTgOxobr" performance="supporting"
                     grossFee="-572893321.23" modifier="A" IPI="jru0nhFFvFYWw2" birthDate="2019-04-28Z"/>
                <Participant name="m6ji4EYcI9tvAOYrsPGqXfL" role="arranger" IPDN="BCIBAS4NlurN4o_YcqnB9D0fS" performance="soloist"
                     grossFee="854573672.67" modifier="B" IPI="at" birthDate="2020-01-21"/>
            </Participants>
        </Record>
        <Record title="ofbL81lhn" spins="875983764" ISRC="SV4DL1HWVR0D" year="2305" producer="PdXeQVD34rqs7Mon" label="mKoG"
             recordNo="yGyoadxpdeKJ-_spIw" serialNumber="uks3THtU.RHgnxrk8gRFa9" isPremiere="false" usage="commercial"
             ISWC="SD9FP2" AKA="XrYuhW9N0NUcaDaqfJd" genre="composed" broadcastedFrom="2019-04-10T11:21:16"
             broadcastedTo="2020-05-01T11:21:16Z" runtime="2023132718" origin="recorded stream" alternativeTitle="c7nCMFxIrsWa"
             recordedFootage="538238071">
            <Participants>
                <Participant name="g12J" role="music director" IPDN="SK5tWERqhI8iu.bNx1" performance="supporting" grossFee="-2039893555.66"
                     modifier="C" IPI="H5b9yRzxPmSDp0U" birthDate="2019-03-17Z"/>
                <Participant name="yKg8" role="producer" IPDN="yh7ZNQKZRW0AfXGCVLdWrAfF" performance="conductor" grossFee="-1835374422.84"
                     modifier="A" IPI="wtJ-BJKtl49iQy_2SmGTZzcgcvQiwO" birthDate="2019-02-13Z"/>
                <Participant name="xnH4BQgudTo.tcNYSFzDW9JJvq_HQ" role="performer" IPDN="NcYsN_sp9A-" performance="main" grossFee="-1025418222.41"
                     modifier="C" IPI="R0fnSXtTP" birthDate="2018-09-25"/>
                <Participant name="RzKxQIdrZx7Mz7w.uvZRglHAY" role="remixer" IPDN="Sh5VSRD4oCdquByuJcqLUzSD6B8YNb" performance="conductor"
                     grossFee="-1616902136.22" modifier="B" IPI="F1M0jfmKK8BGBOmoimHVpv9_ry6" birthDate="2018-09-04Z"/>
                <Participant name="pWeG11volirY" role="producer" IPDN="Kp8NR5J1w3SsUNDUgi_TfYW60v-" performance="chorus master" grossFee="871662695.15"
                     modifier="B" IPI="ClTkDog4BX" birthDate="2018-12-01Z"/>
                <Participant name="HetPgRDWaEJRo" role="performer" IPDN="bDp21CqFo1INnySiG" performance="conductor" grossFee="-613496521.32"
                     modifier="C" IPI="dTka7mQcj3j84uvP" birthDate="2018-08-04"/>
                <Participant name="L5" role="arranger" IPDN="VjRTlrHhBPJz" performance="supporting" grossFee="-1755695945.05" modifier="B"
                     IPI="SXps7ExFxSIbBmg" birthDate="2018-08-06Z"/>
                <Participant name="aZSzvpvv8mmAiVSBCOVgV-U.1fIo" role="scriptwriter" IPDN="OEkdDje.TmaQfpbtW" performance="supporting"
                     grossFee="1779253691.42" modifier="C" IPI="ALSuIzR3M" birthDate="2020-03-11Z"/>
                <Participant name="cEwAxiRYJA8a2hcTV9saim" role="composer" IPDN="s.OGO_" performance="supporting" grossFee="780417945.02"
                     modifier="A" IPI="juFijDmLhNADhn-Iq" birthDate="2019-06-28Z"/>
                <Participant name="H8WW4J" role="scriptwriter" IPDN="WhmuwLyI5RS7r44Yre8CisBp" performance="conductor" grossFee="777413295.97"
                     modifier="B" IPI="CjX40nJp2ekZAbE" birthDate="2019-08-18Z"/>
            </Participants>
        </Record>
        <Record title="uE" spins="794017776" ISRC="S9E14C12X3K4" year="1453" producer="PpLd6q-" label="tILhtMoS9gk9qOXCEFm1"
             recordNo="OXmwIQEAI7c" serialNumber="ChFNGZoE8SMH1gI87Pt" isPremiere="false" usage="broadcast"
             ISWC="UdOsed" AKA="YrCoVRQTLA6G" genre="spoken word" broadcastedFrom="2018-09-04T11:21:16Z"
             broadcastedTo="2019-06-07T11:21:16" runtime="684756583" origin="recorded stream" alternativeTitle="EfFic4LviSTrdwrXq338Imot4"
             recordedFootage="873402212">
            <Participants>
                <Participant name="f76iP8CJC7eL5OebRNTAa3XDK" role="arranger" IPDN="uBUyQOadJazbfeO.xJjrmv" performance="main" grossFee="-202383471.33"
                     modifier="C" IPI="AB.-WgUaZXXc" birthDate="2020-05-28"/>
                <Participant name="gEIeFKo1t" role="remixer" IPDN="AS.5COgOnzkCpWdhfObgOqRgZOpoJ" performance="conductor" grossFee="956067715.71"
                     modifier="B" IPI="tBjyhpJNeHdp4iZ3WKQW0Z8" birthDate="2020-06-28Z"/>
                <Participant name="hPCbM.2C-H.UO.3LwhcPWFDjwA0pz" role="arranger" IPDN="rCx" performance="conductor" grossFee="85430018.61"
                     modifier="C" IPI="TJAN0Yl" birthDate="2019-02-27"/>
                <Participant name="xpRQlG8RUvZseQ" role="performer" IPDN="fD26esUYc6RMhHYEG9Uc9xFX_" performance="conductor" grossFee="-667198940.50"
                     modifier="A" IPI="gkQdXyh3z4wg2QbdgbVT" birthDate="2020-02-29Z"/>
                <Participant name="A8cw" role="scriptwriter" IPDN="CNvM7" performance="supporting" grossFee="14553335.50" modifier="C"
                     IPI="X7AR4eKH5olbE7SJb" birthDate="2018-10-19"/>
                <Participant name="GzmP48LRIDvSpYOwP_8GpX0N.e.9ME" role="music director" IPDN="zDd-KH9" performance="chorus master"
                     grossFee="243812857.04" modifier="C" IPI="yJf2ikKjZg1NSSV4fBI4Cl7N6g9c8K" birthDate="2019-08-15Z"/>
                <Participant name="sjHL7s3CmWw-ZO-OTJ-.pnWRUI" role="performer" IPDN="lv82NrH" performance="supporting" grossFee="767024817.20"
                     modifier="B" IPI="eFJuBF-" birthDate="2018-08-18"/>
                <Participant name="Cn2S0hPRuEE" role="sound engineer" IPDN="hgZW" performance="soloist" grossFee="2504404.54" modifier="A"
                     IPI="JAEWIl.YiMugacU2zC1WQ9o" birthDate="2018-10-01Z"/>
                <Participant name="XSGqu8J.HGerRrrYJYehn5E0fS-2S" role="producer" IPDN="UgfTGndWmhR3PYh6qc-n1" performance="main"
                     grossFee="1864043457.50" modifier="C" IPI="_j6NEt_CACAkOzzrFr-zU8DV" birthDate="2020-06-24Z"/>
                <Participant name="ZnazSSijrkP2vYOACZ8.mcB" role="scriptwriter" IPDN="BvU" performance="supporting" grossFee="-2091306223.82"
                     modifier="C" IPI="zqTCyStR1IY3_a" birthDate="2019-04-18"/>
            </Participants>
        </Record>
    </Record>
    <Simulcasting from="2018-10-18T11:21:16" to="2018-07-15T11:21:16Z" station="ilH_kMmrc6ph"/>
    <Simulcasting from="2019-02-27T11:21:16Z" to="2020-02-27T11:21:16" station="XiZNGuIw-LE033ptRCq4"/>
    <Simulcasting from="2018-12-20T11:21:16Z" to="2019-08-23T11:21:16Z" station="mTVSypJD0dMgXf1.y.xexH"/>
    <Simulcasting from="2020-06-20T11:21:16Z" to="2020-04-05T11:21:16Z" station="T2d.Yaau"/>
    <Simulcasting from="2019-11-07T11:21:16" to="2020-05-19T11:21:16" station="VGPQKVPB"/>
    <Simulcasting from="2020-04-03T11:21:16Z" to="2018-10-08T11:21:16Z" station="B-XRo4y-h95rxSu17_YIh"/>
    <Simulcasting from="2018-09-29T11:21:16Z" to="2019-10-06T11:21:16Z" station="qqJlz62Z.AY8UM.5"/>
    <Simulcasting from="2019-08-27T11:21:16" to="2019-09-23T11:21:16" station="tlOnal3h.UB7klKw.-t6FMSbFu"/>
    <Simulcasting from="2018-07-04T11:21:16Z" to="2018-09-01T11:21:16" station="xorT_Z-"/>
    <Simulcasting from="2019-11-12T11:21:16" to="2019-09-06T11:21:16" station="rkxsF"/>
    <Record title="tUYgXHbbT9io-" spins="643880268" ISRC="5CPDP4GQ9082" year="1237" producer="Ayyiu68avN.It" label="egwHFoBfjDK3gjm8MWWvIq-srCnka"
         recordNo="Thptslo" serialNumber="e0GSPIe-RzC9-MXx1b.j" isPremiere="1" usage="jingle" ISWC="Cp3IQU.s8YK"
         AKA="xQV5" genre="jingle" broadcastedFrom="2019-02-11T11:21:16Z" broadcastedTo="2018-08-31T11:21:16Z"
         runtime="44425676" origin="free of charge" alternativeTitle="xNQ_VzTLyAwoQj1G38wbx13" recordedFootage="897205994">
        <Participants>
            <Participant name="RA" role="sound engineer" IPDN="_3cDPLGXrQYI8Zv" performance="soloist" grossFee="1014996198.09"
                 modifier="C" IPI="dWAdr9L9kmsVITz66beeoDBXSp" birthDate="2020-03-06Z"/>
            <Participant name="_4qblUFihaFA_vsvx_Stj-iAH" role="producer" IPDN="rpAV0" performance="conductor" grossFee="1505439894.94"
                 modifier="A" IPI="xpC5Bx90dTOu2G1wtMz_X" birthDate="2019-10-28"/>
            <Participant name="Dmn2AcElrVj8lvsEMSN3" role="producer" IPDN="bB8DBnpq0v" performance="conductor" grossFee="1022052063.12"
                 modifier="B" IPI="G." birthDate="2018-11-03"/>
            <Participant name="tllwXcAaMt7winIkbA" role="arranger" IPDN="d1I6MxPrD43Q4oqRjcFzre2" performance="main" grossFee="-1540617586.11"
                 modifier="C" IPI="K0OqgXmLAhFDOhtSm0z" birthDate="2019-04-07"/>
            <Participant name="D6x1W" role="performer" IPDN="f18GofvoBJmQmRPO4jB7R8em6RT" performance="main" grossFee="2135544773.51"
                 modifier="A" IPI="PHOfgIWk.2izoTn3LygjkWVxH4Kna" birthDate="2019-05-12Z"/>
            <Participant name="su0NEA3eVR" role="subscriptwriter" IPDN="Ipz9zVAi1lrDYnxKIZEGN" performance="soloist" grossFee="1836701810.11"
                 modifier="A" IPI="E1" birthDate="2018-11-13Z"/>
            <Participant name="NbybeeS_YKGFHmKQ5c-De6OYBdq" role="arranger" IPDN="cJ.p-FGHr1zX" performance="supporting" grossFee="498921669.27"
                 modifier="C" IPI="uWHilUIRfWbTU60zr" birthDate="2020-06-13Z"/>
            <Participant name="JUmQvPkb6Hz_ocbWGtdcMgHpRZeV4" role="remixer" IPDN="uvOVZ4rb9hS-545PqdG4CCI" performance="conductor"
                 grossFee="544968219.73" modifier="A" IPI="l1XjHkt9jQNiqJLY" birthDate="2019-08-21"/>
            <Participant name="qlgFpDf" role="scriptwriter" IPDN="btzCgrIvv3FcxGg-e.U" performance="chorus master" grossFee="437249934.51"
                 modifier="B" IPI="DsVf0rR" birthDate="2020-01-12"/>
            <Participant name="vx" role="subscriptwriter" IPDN="AqAnWU8Dn" performance="soloist" grossFee="437545825.55" modifier="B"
                 IPI="l0uVrRX_70lFlJV1_VZ8YdM-m9" birthDate="2019-02-14Z"/>
        </Participants>
        <Record title="K" spins="1431904130" ISRC="HL1789QP30N1" year="7863" producer="hdrF" label="IdQfrh_" recordNo="MHmBF2HZ25nMk51lrnEq9"
             serialNumber="BxNi04efBZjIQDsHA-0" isPremiere="0" usage="commercial" ISWC="iKbT" AKA="l4k4te1C3JXYUL-P"
             genre="jingle" broadcastedFrom="2019-01-02T11:21:16Z" broadcastedTo="2019-04-24T11:21:16Z"
             runtime="1410254591" origin="free usage" alternativeTitle="TCP1xofdzH8Cjv-NLOnYJHSMQn-W"
             recordedFootage="173882905">
            <Participants>
                <Participant name="nlnPUged4uUplZfKM7m7" role="sound engineer" IPDN="LjMOTsA6aV" performance="conductor" grossFee="1382822083.35"
                     modifier="B" IPI="OVm" birthDate="2019-12-03Z"/>
                <Participant name="A" role="arranger" IPDN="nLFM80R" performance="main" grossFee="-1681729679.87" modifier="B" IPI="ir5ELRx6I_w6_reLi8zi3xqImXUwkQ"
                     birthDate="2019-09-06"/>
                <Participant name="BqfP2-_J9OmQ5u.WLYDns9jDsh.b" role="performer" IPDN="_uwdLxX4rSC." performance="chorus master"
                     grossFee="-887209657.10" modifier="C" IPI="ldbtGauANz9QJ6MVMMfpuy" birthDate="2018-12-05Z"/>
                <Participant name="OW-aX2R_jieWiV" role="remixer" IPDN="AGDPA" performance="soloist" grossFee="93814013.36" modifier="A"
                     IPI="IOhxMzSWyIUt-UQ3g7s3o" birthDate="2019-10-17"/>
                <Participant name="N" role="sound engineer" IPDN="F4MlAM-NiAaCbXvrFSXco.VM9S" performance="soloist" grossFee="304378771.73"
                     modifier="A" IPI="W82g" birthDate="2019-07-27Z"/>
                <Participant name="x5Lok-e9VXRBDVe3gQfoUNetqDrt" role="composer" IPDN="dVwqzoqOiy4ZW6B1484xy_JWV0nR" performance="chorus master"
                     grossFee="-495775534.21" modifier="B" IPI="gtldJa8X8lSEAIyLWN2wOsKQ" birthDate="2019-01-16Z"/>
                <Participant name="dC8j" role="arranger" IPDN="w4dj68u" performance="main" grossFee="-795222844.95" modifier="A"
                     IPI="O" birthDate="2018-09-09"/>
                <Participant name="bHGo_y_P6mNpdb0TKpuxtFvXx" role="scriptwriter" IPDN="YmG_FYl3YCJVmjRFupaPubO" performance="main"
                     grossFee="1310784397.52" modifier="C" IPI="r2iUQHtZL-vhy9x" birthDate="2018-10-19"/>
                <Participant name="t.ciNewmHCH40ZW1" role="arranger" IPDN="UgfYk8vfU" performance="conductor" grossFee="-353741767.51"
                     modifier="C" IPI="vwcpg.Zvh-hBBJ" birthDate="2019-07-06Z"/>
                <Participant name="UC6FIB1.QabkCeJwcqGo.-RU.dmyV" role="subscriptwriter" IPDN="MddmO_-LDqbxYT" performance="main"
                     grossFee="675209897.49" modifier="B" IPI="Bng5B6NZgL" birthDate="2019-02-25Z"/>
            </Participants>
        </Record>
        <Record title="TL-hu" spins="498211623" ISRC="31BIA75E26HE" year="5872" producer="R17LGVFGLMXCUaqb_LR5Y_MZtbP"
             label="hFmhFlEH" recordNo="T7AVoPZNufXqVNXJX8S" serialNumber="lxF1qCNvXY7FVATDgZQz6d38IL"
             isPremiere="false" usage="jingle" ISWC="i" AKA="KUpWNmmrv5NLp.yQ" genre="classical" broadcastedFrom="2018-09-20T11:21:16Z"
             broadcastedTo="2020-06-12T11:21:16Z" runtime="822273896" origin="recorded stream" alternativeTitle="bLk"
             recordedFootage="1050904943">
            <Participants>
                <Participant name="JgJvCqEOyD7qzQkA3zhVSq" role="remixer" IPDN="XWmXOwK-.gm6IxDgU4hLUjL2j8y" performance="chorus master"
                     grossFee="-398738783.24" modifier="A" IPI="HLiZd2Mkf" birthDate="2018-12-09"/>
                <Participant name="AmdNfV3h7FuO3zFD" role="music director" IPDN="R6llii0H" performance="chorus master" grossFee="50719111.54"
                     modifier="C" IPI="dpZfAm20MCq..-rPkC2vxokEXIIX6" birthDate="2018-12-29Z"/>
                <Participant name="WcGscHP_uZR6tsbSJ4KFCEn-VLqf" role="producer" IPDN="gQR89UOXxN04i2P" performance="main" grossFee="-965110872.70"
                     modifier="A" IPI="QOwOIKy3siaKK0SH-C" birthDate="2019-05-08"/>
                <Participant name="LL" role="music director" IPDN="NoKqpAc0Sb6rufjU15BsNMt3eS7UN" performance="conductor" grossFee="375248988.85"
                     modifier="C" IPI="e" birthDate="2019-03-22"/>
                <Participant name="JyUyVsMwP1VBj.0KG" role="scriptwriter" IPDN="Y37PAqoZShF.AmLRyzwF2qUV" performance="chorus master"
                     grossFee="1345552835.91" modifier="B" IPI="_CPsrUz7tVd66CU-4R930eZD_y4cvJ" birthDate="2018-08-31"/>
                <Participant name="KMy" role="remixer" IPDN="DQZaCecyHFwJ3uo3OF" performance="soloist" grossFee="-919587317.87" modifier="B"
                     IPI="dkZkR5G2hQUDgcLbQjQLJ2efGkeS0" birthDate="2018-09-27Z"/>
                <Participant name="XhzvHbkvvRxDTogxQTu" role="arranger" IPDN="mHXEEpMJeN5Xbk2LT6sPh_REME" performance="chorus master"
                     grossFee="875471442.97" modifier="C" IPI="E5z.Mg_6lG0VIPAG-" birthDate="2018-09-03Z"/>
                <Participant name="TG01HaEI6ccBatVXRthkqfT" role="subscriptwriter" IPDN="bKrZq13P511-HvIk3-W09k" performance="supporting"
                     grossFee="1668139415.33" modifier="C" IPI="KsH_p8E_b" birthDate="2019-01-05"/>
                <Participant name="iz_V7YfPivyYmsdaYS" role="producer" IPDN="yj" performance="supporting" grossFee="1735586780.68"
                     modifier="C" IPI="KzPAwcJzkDSp2JZL253h_2w0" birthDate="2020-02-13Z"/>
                <Participant name="jVeVa6zmttOtnwGfnx4AyMimh" role="performer" IPDN="m21" performance="conductor" grossFee="-1720746342.90"
                     modifier="C" IPI="WE1nL.XT-" birthDate="2020-04-08Z"/>
            </Participants>
        </Record>
        <Record title="H" spins="1515560828" ISRC="8MBT99L9V68K" year="4398" producer="t8" label="kU3jsryVPW6Y0VaUtlsf"
             recordNo="ngchFG" serialNumber="_3" isPremiere="0" usage="commercial" ISWC="Z0FrWer4BktH8M_tVD_da"
             AKA="qjK1L4ae8-m" genre="spoken word" broadcastedFrom="2020-01-18T11:21:16" broadcastedTo="2019-01-05T11:21:16"
             runtime="102359720" origin="live broadcasting" alternativeTitle="bJ5uDO" recordedFootage="1394951686">
            <Participants>
                <Participant name="WPT" role="sound engineer" IPDN="wU8snk3_acY" performance="conductor" grossFee="746394281.99"
                     modifier="A" IPI="FclI6CYEGf" birthDate="2019-07-23"/>
                <Participant name="GCQa2qRyHJ8rUb3pzAPLBZFBCZCXB" role="composer" IPDN="dV-5WlWOjKO44cyH" performance="soloist" grossFee="-1120303276.44"
                     modifier="A" IPI="LavLKisCQK8a4g2t" birthDate="2020-04-17Z"/>
                <Participant name="X7ytO1rqnZRKk" role="scriptwriter" IPDN="_a9lQJvhV8gTX6YiPQGx" performance="supporting" grossFee="-1149105907.05"
                     modifier="C" IPI="BICLREFgWj" birthDate="2019-05-04Z"/>
                <Participant name="j1Mo3NitSee" role="composer" IPDN="T4M.xS_gv-A0B2hX5hq83Pzk_e" performance="soloist" grossFee="688897005.80"
                     modifier="C" IPI="KbsD4MXAZ1T" birthDate="2019-10-27"/>
                <Participant name="CSSVDt.MW.uu4H8s.iMKm4sG_3fam-" role="remixer" IPDN="ULCMqlUqP3iwOeFt7o.q" performance="supporting"
                     grossFee="-650373629.18" modifier="C" IPI="es9LpjgEGNp_vE4bB6V8JaPd." birthDate="2020-07-01"/>
                <Participant name="WoP" role="performer" IPDN="BOaQe" performance="main" grossFee="2099767187.57" modifier="B" IPI="JF_U4I0-xDB4U-EuAokJ"
                     birthDate="2020-06-02"/>
                <Participant name="nq" role="music director" IPDN="zU9hH" performance="chorus master" grossFee="1854857801.73" modifier="B"
                     IPI="zCt43" birthDate="2019-02-19Z"/>
                <Participant name="QF-jFka301nQSlldBb3o.YYQrHTkK0" role="sound engineer" IPDN="A" performance="supporting" grossFee="-1162202547.40"
                     modifier="B" IPI="j-p3aept_Z-lCKolUiEoA" birthDate="2019-08-21Z"/>
                <Participant name="Vy" role="music director" IPDN="UlLFW3yTNhEl6I6tJRR7zT" performance="conductor" grossFee="-1465850092.31"
                     modifier="C" IPI="eH68W5EyTZQqN" birthDate="2019-08-07Z"/>
                <Participant name="Q_OybLtyMhfF0E." role="subscriptwriter" IPDN="Xoy" performance="conductor" grossFee="-86557194.29"
                     modifier="B" IPI="tVsfC" birthDate="2020-03-01"/>
            </Participants>
        </Record>
        <Record title="PwJhWfc8Ee7Eo-bFtVgAoAx1BHwS" spins="1527030888" ISRC="2X3AKEY01ZW0" year="3806" producer="jVkqpZzia5qr8E2uxgdQLs2"
             label="BeG3vp" recordNo="_3adGIH2FPH2YPB5fQ" serialNumber="kEOvg.8MAAr9krEQcti3zkt" isPremiere="true"
             usage="broadcast" ISWC="vwRyvJvTfzd" AKA="vjE8Uaa0a0s_8pD72KpuuqmB-VCSCe" genre="commercial"
             broadcastedFrom="2018-07-08T11:21:16" broadcastedTo="2018-08-19T11:21:16" runtime="1259637689"
             origin="live stream" alternativeTitle="t" recordedFootage="1643386018">
            <Participants>
                <Participant name="ubCgjACmGxJeqN3nOuft.ITUIfL" role="sound engineer" IPDN="yfqu9e" performance="main" grossFee="-1561177891.63"
                     modifier="A" IPI="aEsB_rT" birthDate="2019-02-14"/>
                <Participant name="qLFDrMV75zINuQ" role="subscriptwriter" IPDN="EEKf06qKtLzq" performance="chorus master" grossFee="753085379.47"
                     modifier="A" IPI="G7qRNQcKPYdOvbYzPHRnUqHh" birthDate="2020-02-27"/>
                <Participant name="jN6VEHwQ3XrIpjso8yKB-Ppaem" role="remixer" IPDN="nsGKpw9RHOosYND" performance="main" grossFee="425482694.27"
                     modifier="B" IPI="goAh5C8HcRS5gRL" birthDate="2019-06-10"/>
                <Participant name="qJSeUrC47wrx" role="music director" IPDN="rZ8ufMkt4" performance="supporting" grossFee="-8826351.77"
                     modifier="B" IPI="b.igDQh_yne0V" birthDate="2019-07-19"/>
                <Participant name="fmCbpi_hLH3KIur52a.7" role="sound engineer" IPDN="oRzfxVEYyg_VJAPnau2mgWc4wzXDt" performance="chorus master"
                     grossFee="-71945844.96" modifier="A" IPI="OtxVPew3F7T_zLiUS3U-cXsztWxt" birthDate="2018-10-27Z"/>
                <Participant name="fTjG6d77MdNWAtuyCLzzYYy-03" role="composer" IPDN="nNNOLfND-GOC3Wme-CcnvT6kr" performance="conductor"
                     grossFee="-654807956.81" modifier="A" IPI="DTcUgB4D_5iPPHEzYB6WRtKV8" birthDate="2020-03-03"/>
                <Participant name="PJkcpzJpmC-VV4DT2pDKPj" role="performer" IPDN="P-I" performance="conductor" grossFee="1928727092.43"
                     modifier="A" IPI="ROy-wN8TsqQHX-mx" birthDate="2019-12-07Z"/>
                <Participant name="hNPQ.yYBRwgdLi2vD4BL7seGELN9" role="subscriptwriter" IPDN="EFlcBDhxIQE27kNsk5G" performance="chorus master"
                     grossFee="-1143944616.40" modifier="A" IPI="gO4HKBmM05nPMDSUQuHmwCb35lH7" birthDate="2019-11-01"/>
                <Participant name="Msdq" role="producer" IPDN="HTypLKjUCdO8NlEFcNOo" performance="chorus master" grossFee="786245307.13"
                     modifier="A" IPI="gWFZteqd" birthDate="2019-09-23"/>
                <Participant name="wal3C0t.kthB0WM" role="producer" IPDN="UYR" performance="conductor" grossFee="-785795354.96" modifier="B"
                     IPI="h" birthDate="2020-06-18Z"/>
            </Participants>
        </Record>
        <Record title="GzhK9lFqZu4pKCHs" spins="631740448" ISRC="EU852Y2O638I" year="3859" producer="bPqxOTFiXbwGZ9Xs"
             label="k3I5YKxc" recordNo="tP_0axh" serialNumber="rWXm0G56wIlf0D4XKwFG4U7DPOY" isPremiere="1"
             usage="jingle" ISWC="j.44F3X39fRwx1MfkdCMbJn8qyQ" AKA="ha_AU9" genre="pop" broadcastedFrom="2020-02-08T11:21:16Z"
             broadcastedTo="2019-04-11T11:21:16Z" runtime="2055574573" origin="commercial" alternativeTitle="oEYMEA"
             recordedFootage="1225345306">
            <Participants>
                <Participant name="t1kbfryFhqKOUZ84WJhecc" role="producer" IPDN="wiQXPjMkKZIcknSyOJ3UzE6_zeIR" performance="main"
                     grossFee="758823440.45" modifier="B" IPI="H7" birthDate="2018-11-23Z"/>
                <Participant name="nc-VcAsTRBxS48is73TgnRTF" role="composer" IPDN="liX97xUnSI7ocF." performance="conductor" grossFee="614574580.71"
                     modifier="C" IPI="AbNj.V84YYawLfFDGt12.eXJo" birthDate="2020-06-12"/>
                <Participant name="o_XAzoWycHU8P9I1QY" role="sound engineer" IPDN="xaJh7clMA30k8wOxF2POmYiy" performance="conductor"
                     grossFee="2126487791.64" modifier="C" IPI="xtOJzw._i5y" birthDate="2019-06-28Z"/>
                <Participant name="JEapd3gRdT" role="scriptwriter" IPDN="vuU6Q" performance="main" grossFee="-267044458.76" modifier="B"
                     IPI="GyvrfX" birthDate="2019-05-20Z"/>
                <Participant name="Gt4cgZmc6mG68JN0Fg" role="music director" IPDN="SsYcW8dwtOi39ff5n-XlMToH_5b" performance="conductor"
                     grossFee="1842694428.20" modifier="C" IPI="B8sn" birthDate="2020-05-04"/>
                <Participant name="a" role="arranger" IPDN="CaCMUutEYp9M" performance="chorus master" grossFee="313916186.95" modifier="B"
                     IPI="YasR19Nu4.fCqQx7faHT" birthDate="2020-03-05"/>
                <Participant name="jQW" role="producer" IPDN="v2s2VAC3S7n6B73aYAGTlLp4" performance="main" grossFee="1817726792.65"
                     modifier="A" IPI="Qde.dtWSIPpftw" birthDate="2018-07-11"/>
                <Participant name="sdH7hq2cekAzd-bS8CJy2TpvjmS" role="subscriptwriter" IPDN="jboeLsLiqTYYoJ" performance="chorus master"
                     grossFee="760366856.25" modifier="C" IPI="FhBEO3RJ" birthDate="2020-05-06"/>
                <Participant name="GTdFk" role="scriptwriter" IPDN="D2MhfM" performance="main" grossFee="-1379254610.36" modifier="B"
                     IPI="n" birthDate="2018-07-27"/>
                <Participant name="Srwn-t8KBK-zC6nhQqSUUe_7nOE04" role="subscriptwriter" IPDN="s1TwOp" performance="conductor" grossFee="-1745724311.98"
                     modifier="C" IPI="w9zAR0p" birthDate="2019-12-03Z"/>
            </Participants>
        </Record>
        <Record title="GQTuHLV0uNcNdtt7a4" spins="1678554955" ISRC="QR96L1H5S9LY" year="2022" producer="HnEjYnrjUIhA8RlPw0lY5l"
             label="FW8D3aRnSROYfUW" recordNo="CWzqhD329qTUgx6ijBApR" serialNumber="aBam5-" isPremiere="1"
             usage="jingle" ISWC="DKp5b8RBsC1" AKA="k1-1AvhIvVJON0eLywBFJ" genre="classical" broadcastedFrom="2018-07-06T11:21:16"
             broadcastedTo="2019-06-16T11:21:16Z" runtime="175145653" origin="live broadcasting" alternativeTitle="faOrj"
             recordedFootage="2001916956">
            <Participants>
                <Participant name="T_5j_zVo5rJElW1aF_7b.pagRfeqi" role="sound engineer" IPDN="ZNqT" performance="main" grossFee="-634534916.55"
                     modifier="B" IPI="XXWwwPPG.6G4SPSst89N8YmD09yw" birthDate="2019-11-04Z"/>
                <Participant name="zdxvVwzb3CjBY" role="producer" IPDN="s7W-QDfnaXNIR.LnupVvv7" performance="soloist" grossFee="649308255.88"
                     modifier="B" IPI="xbm" birthDate="2018-12-23Z"/>
                <Participant name="L" role="scriptwriter" IPDN="BJ4n4xPzftWmXHIXBVlI39JjxX" performance="main" grossFee="1647301934.60"
                     modifier="A" IPI="EA1Z4mluJEXXxFuFqa4u5U" birthDate="2019-09-07"/>
                <Participant name="xhvwbT6g" role="remixer" IPDN="yqNrfNc_LpyQ61ET9udqlYG0fgD" performance="chorus master" grossFee="-1445133608.28"
                     modifier="A" IPI="a8ru_R64eED1XpBTIt4y" birthDate="2018-11-26Z"/>
                <Participant name="sih.0GMRv6h0Z2nRWMyR" role="producer" IPDN="JXC" performance="main" grossFee="290217736.29" modifier="A"
                     IPI="VdCV76dkS4il9lWWPA66oFxEUK" birthDate="2019-05-04Z"/>
                <Participant name="Vd-" role="scriptwriter" IPDN="h_q772HdBJDDfWReXknA" performance="main" grossFee="2145434581.25"
                     modifier="B" IPI="ojhCAo9c17U" birthDate="2020-03-27"/>
                <Participant name="ydCAqVLtGJgdC" role="remixer" IPDN="Y" performance="conductor" grossFee="-1577128146.99" modifier="B"
                     IPI="SmeJ0yiiD2mK9MxwD6HyTIS" birthDate="2020-02-24"/>
                <Participant name="doDVLVLBa1ea" role="composer" IPDN="hbuhQ1h6U9hE" performance="supporting" grossFee="1403202670.05"
                     modifier="C" IPI="eBzlpKZAnuUI9ZYKyervo_c" birthDate="2019-03-30"/>
                <Participant name="aN3j" role="subscriptwriter" IPDN="RNV_TCXk.sVPgHlT" performance="chorus master" grossFee="-1216332771.31"
                     modifier="A" IPI="dcL9" birthDate="2019-04-22Z"/>
                <Participant name="mLoegc-AT__bGF9" role="arranger" IPDN="upiaYG" performance="main" grossFee="-2012560614.44" modifier="A"
                     IPI="IcjD_0yEbck_SRqE11mfE3Um2oI" birthDate="2019-06-11"/>
            </Participants>
        </Record>
        <Record title="PULecWjX9I7RE1C" spins="1377110335" ISRC="0V2Z67HSO1D1" year="5097" producer="tCnxhvao" label="Rv9Of-eqRR1"
             recordNo="J6Wnyy4qKa1" serialNumber="TqVAQ43CDUAUf.Ay" isPremiere="1" usage="jingle" ISWC="hRaiZ_-8S7jDJ.w-JoPJMux2qiaI"
             AKA="gddTos" genre="spoken word" broadcastedFrom="2020-01-07T11:21:16" broadcastedTo="2018-11-05T11:21:16"
             runtime="1036115473" origin="self" alternativeTitle="NZV_E_oA_8VMUXz62Bb-.l" recordedFootage="1253527478">
            <Participants>
                <Participant name="lvBkPjeaJ3ANqzwygZ4Ccxe6KR" role="subscriptwriter" IPDN="EXQn7UNSsaT8KcpD7X" performance="supporting"
                     grossFee="-690574513.43" modifier="A" IPI="TfVX14Wczj95TEMnebUbmwPwRpL" birthDate="2019-02-03Z"/>
                <Participant name="EhGtMHljmzY3UKbb5y87bqyc2M" role="producer" IPDN="K.L" performance="main" grossFee="1554463132.17"
                     modifier="C" IPI="Iq" birthDate="2018-11-03"/>
                <Participant name="lIsyIqhOPGZpdVqq.RXwC" role="performer" IPDN="Z1-kBIBhElVMucP9c" performance="main" grossFee="1388578163.41"
                     modifier="B" IPI="BHUSKS5rPdw3b" birthDate="2019-06-07Z"/>
                <Participant name="ZZTvep_3KEOx-d.bcL.jT0Iaj" role="arranger" IPDN="NB7T" performance="supporting" grossFee="1959189617.74"
                     modifier="C" IPI="HIKnfvJxgUdVfuktDll" birthDate="2019-09-14Z"/>
                <Participant name="Y-_N5sA73U5QF6lVH71do8o27Ed23H" role="sound engineer" IPDN="L69wktzzGd" performance="chorus master"
                     grossFee="-92130048.40" modifier="A" IPI="fCHcb0qKEGkbwe5LACE7y.CCWMmj-g" birthDate="2019-08-06"/>
                <Participant name="lSXp.NN9wn_UrdjPbFAC5" role="music director" IPDN="YpFe078yBEhYb-P" performance="supporting" grossFee="465763168.94"
                     modifier="C" IPI="op8TS" birthDate="2019-03-24Z"/>
                <Participant name="J8Yv8oDK5by-Y" role="arranger" IPDN="s-U13G" performance="supporting" grossFee="-425312550.05"
                     modifier="B" IPI="GgtXS" birthDate="2018-11-10"/>
                <Participant name="NBiNr5XdB8W1b" role="scriptwriter" IPDN="wDzVvg-ZjHytoe" performance="supporting" grossFee="430335881.51"
                     modifier="A" IPI="GlBYOdFsP9lpkA" birthDate="2019-01-26Z"/>
                <Participant name="slidXSe0blH2ZX3phZnb" role="producer" IPDN="L0baGGcMMyAWROTqhMNEbLEhj6P4" performance="supporting"
                     grossFee="364082628.29" modifier="B" IPI="Rs.B9R52f77lyPbg39nmp" birthDate="2018-12-12"/>
                <Participant name="F" role="sound engineer" IPDN="s6cb2_6" performance="chorus master" grossFee="1978339135.59" modifier="B"
                     IPI="uWl" birthDate="2019-01-30Z"/>
            </Participants>
        </Record>
        <Record title="zyJpI9vB3JYt2dxQMoAJDf" spins="44556937" ISRC="Q7P17HVUIYV1" year="7850" producer="eOOmVMxOBad28m3CWycnX."
             label="aB5Vcx4ejLGCFS.r0" recordNo="jC.yFOBYNqHgg" serialNumber="joVu4VFsQ8KCeBLKUWc" isPremiere="1"
             usage="commercial" ISWC="RILgrHpdrV2lZ.3adnxNZVY" AKA="JoXvagr2xp47aTRRV3fWdV" genre="composed"
             broadcastedFrom="2018-08-13T11:21:16Z" broadcastedTo="2019-03-03T11:21:16" runtime="606200630"
             origin="free usage" alternativeTitle="kPuO55zgmsjRw.qmO" recordedFootage="1184591269">
            <Participants>
                <Participant name="k0wRhKEBaZxk3.x6" role="scriptwriter" IPDN="XOr6AKkYyfrqI.cJ51LDd5" performance="chorus master"
                     grossFee="611346019.60" modifier="B" IPI="GJXI8" birthDate="2019-12-28"/>
                <Participant name="sZu" role="composer" IPDN="U0vkQFL7vfxGzg9qDKnFd6-Onk" performance="conductor" grossFee="1595198572.91"
                     modifier="B" IPI="NsQzhyywxcfp4" birthDate="2018-10-09"/>
                <Participant name="qqE0IFFJ5mKNee9b74xi" role="remixer" IPDN="uDsqrRSY" performance="chorus master" grossFee="-182875813.66"
                     modifier="B" IPI="KjvLqdiAo" birthDate="2019-10-21"/>
                <Participant name="DwCw_AVmO8hXZg" role="producer" IPDN="O" performance="supporting" grossFee="1933152927.48" modifier="B"
                     IPI="Cxs8C" birthDate="2019-11-14Z"/>
                <Participant name="__Fq6mShzsDoraLTbWGVRxKpUjVS" role="sound engineer" IPDN="ZP" performance="chorus master" grossFee="2050241312.09"
                     modifier="B" IPI="QSD43EnF5KKWC.YGx3VhopU" birthDate="2019-02-25Z"/>
                <Participant name="nsYbto6nm.ShUjfM" role="composer" IPDN="DkEOXLRP0Ts0YlVEgQdBSHQJ2sel5" performance="supporting"
                     grossFee="-351812882.17" modifier="B" IPI="EGjh00FDE8mPfCUrTJSo1VeS9Q" birthDate="2018-10-14Z"/>
                <Participant name="_PpUbe4oIqY9" role="producer" IPDN="S9Oi.995rQVhgSpX9B5jAuq" performance="soloist" grossFee="236341737.25"
                     modifier="A" IPI="x.eIgqHyE6tOh" birthDate="2018-08-08Z"/>
                <Participant name="tJFoAQK" role="composer" IPDN="znp_M1Xb0KG6QV6NDKb" performance="conductor" grossFee="471373538.63"
                     modifier="C" IPI="Rx150yJf6sRz" birthDate="2019-09-26"/>
                <Participant name="MrytDne" role="subscriptwriter" IPDN="F0-KCt" performance="chorus master" grossFee="-1519686301.23"
                     modifier="C" IPI="ahzZJMOvubHX.eSQshkpmnK_k" birthDate="2018-08-17Z"/>
                <Participant name="Za4" role="music director" IPDN="h4sYeh8M..yC.sq_r-b7" performance="chorus master" grossFee="1474744335.09"
                     modifier="B" IPI="bxrNCc7M-Ncv138" birthDate="2018-12-22Z"/>
            </Participants>
        </Record>
        <Record title="FkDZyQPW5Nku7oTx.rl" spins="518074880" ISRC="QTB265223TN9" year="1410" producer="XQdqu7vzgJLVn3Jrsa6IQZ0d"
             label="DNod2EHxj0ZLkPw60t.sVM" recordNo="f1VvfyGnDWW5.C7fLMvSJMe" serialNumber="eLybG-MfdsiEGzN"
             isPremiere="true" usage="commercial" ISWC="t36Dt6cYxlCyExt" AKA="R00QPGk5JR7aQ" genre="commercial"
             broadcastedFrom="2019-04-20T11:21:16Z" broadcastedTo="2019-04-18T11:21:16" runtime="916436235"
             origin="live broadcasting" alternativeTitle="T__2jMf8WW56i" recordedFootage="2138146632">
            <Participants>
                <Participant name="kHQ0" role="sound engineer" IPDN="K_Mv_Bwa6MaT5Ul4yk0V6OBad6av" performance="soloist" grossFee="1334536652.33"
                     modifier="A" IPI="D1qES0FwEE8QL28s10npxJ8" birthDate="2019-08-18"/>
                <Participant name="l3EElYbwp58CpA-dj" role="performer" IPDN="vX36mHWa8" performance="chorus master" grossFee="1265116375.74"
                     modifier="C" IPI="aS7qZsg4IqgW5xS-RJ16" birthDate="2019-07-21Z"/>
                <Participant name="Kcs" role="sound engineer" IPDN="ALLCj4pxrVPyCm" performance="conductor" grossFee="-392397974.75"
                     modifier="B" IPI="PAZhmAo-._" birthDate="2018-11-02Z"/>
                <Participant name="S7qSTxc" role="producer" IPDN="rn_haLyuUO2h" performance="chorus master" grossFee="-382877982.58"
                     modifier="A" IPI="Cqoe6rKFWRTE8JNbrhDh39" birthDate="2018-08-09"/>
                <Participant name="J" role="arranger" IPDN="x3ie98wj0FC" performance="supporting" grossFee="60120044.51" modifier="B"
                     IPI="taae4GNf442M" birthDate="2018-10-05"/>
                <Participant name="R" role="arranger" IPDN="rBCIYY7W9HgTQ9lIMb6Fmz" performance="conductor" grossFee="1628432340.01"
                     modifier="A" IPI="Sm1TUG6AEFSsuqo3Uv8" birthDate="2019-11-22"/>
                <Participant name="C7P" role="scriptwriter" IPDN="k6F8ZLiccmhy3A-60UeGS55Sfj" performance="conductor" grossFee="861021520.01"
                     modifier="B" IPI="j._" birthDate="2018-09-24Z"/>
                <Participant name="f282iVqN_3" role="scriptwriter" IPDN="K.A" performance="main" grossFee="2118151238.85" modifier="B"
                     IPI="NLmH2WMCGnoO.K" birthDate="2019-06-10Z"/>
                <Participant name="Gi" role="composer" IPDN="SO2hWL.Bf.scAIiNUFz8Ce" performance="conductor" grossFee="-2055053646.26"
                     modifier="C" IPI="YHFAEcW0s" birthDate="2019-08-22Z"/>
                <Participant name="L5m" role="performer" IPDN="LhvBuvVmgIU7vhOowh5fJ34kUxaSY_" performance="soloist" grossFee="-985798349.33"
                     modifier="B" IPI="CWdbZslaz" birthDate="2020-06-15"/>
            </Participants>
        </Record>
        <Record title="XG" spins="1155531303" ISRC="6RS52F43Y233" year="1205" producer="GHMS5E5Y7Y84XD2j" label="Cw8Q6XsN2MKetKo0"
             recordNo="Dj-1W" serialNumber="juY" isPremiere="1" usage="commercial" ISWC="v" AKA="y2EWRSVqjeKOkz__lJ3AVxlzvjaQ"
             genre="classical" broadcastedFrom="2020-06-01T11:21:16Z" broadcastedTo="2018-07-21T11:21:16Z"
             runtime="1565245886" origin="recorded stream" alternativeTitle="qrN1TlI-LWWJDXTe" recordedFootage="692556321">
            <Participants>
                <Participant name="bkpV3Ej8M.x" role="subscriptwriter" IPDN="qAyOuxaDjBuPQDAxkBiENAf" performance="conductor" grossFee="1305071318.92"
                     modifier="B" IPI="uGku0fgZeBP9dfGQmwUz" birthDate="2020-03-11Z"/>
                <Participant name="c.mZh7Fjglc22" role="performer" IPDN="IkLUh9xGYoep3CTB_YK" performance="conductor" grossFee="1105108260.69"
                     modifier="C" IPI="z" birthDate="2019-12-14Z"/>
                <Participant name="HQYM7E4ELGATKBXY96oTGxvb" role="performer" IPDN="BOfLy93QEOwMwiMYd2On_r1b10bO" performance="supporting"
                     grossFee="-1535000160.82" modifier="A" IPI="UuOngvS70D" birthDate="2020-06-15"/>
                <Participant name="d4ihzb7d832pi" role="scriptwriter" IPDN="CKBbzFQhQJiTwyvETK" performance="soloist" grossFee="-447786440.20"
                     modifier="B" IPI="rkdUW1cdHQ5k9wrO.YV74-IpneLA" birthDate="2019-01-26"/>
                <Participant name="RYet3-zqG97GkX" role="sound engineer" IPDN="OZVFE2H-TTyET." performance="conductor" grossFee="603694699.49"
                     modifier="C" IPI="j3RTuvTZWD" birthDate="2018-07-20"/>
                <Participant name="e_S" role="remixer" IPDN="KHSC9T6hGNC" performance="soloist" grossFee="-1502328510.25" modifier="B"
                     IPI="C.pv0eN5" birthDate="2019-08-21Z"/>
                <Participant name="uofDT7SswKmnKp5r" role="subscriptwriter" IPDN="lQfm93bHk_G9" performance="main" grossFee="1155232415.06"
                     modifier="B" IPI="Yz8sDdP0" birthDate="2019-02-24"/>
                <Participant name="tVahTWTvop6SLn_h0Ph" role="remixer" IPDN="MP2c3WHLXUGkB85qF" performance="supporting" grossFee="-1388733557.23"
                     modifier="B" IPI="Qdq3VpQALkNkug.6TzAU6hM" birthDate="2020-01-26"/>
                <Participant name="rxD8pF" role="scriptwriter" IPDN="RQ50D" performance="main" grossFee="-978168930.40" modifier="C"
                     IPI="pcl9hYZ15jXgpK" birthDate="2018-10-26"/>
                <Participant name="TA6yosakYYOUM8o6pK404" role="remixer" IPDN="X3" performance="main" grossFee="937048320.20" modifier="B"
                     IPI="aJBEtvNug." birthDate="2020-06-18Z"/>
            </Participants>
        </Record>
    </Record>
    <Record title="LeHNFiQ6C" spins="1817055801" ISRC="2X1WNRIYZ4GT" year="9927" producer="vR4YlubLw" label="m0KC2ny21c"
         recordNo="a5qC7gA_gXTg" serialNumber="kLueG" isPremiere="1" usage="commercial" ISWC="lqvYDw"
         AKA="B69o" genre="spoken word" broadcastedFrom="2020-03-23T11:21:16" broadcastedTo="2019-12-09T11:21:16"
         runtime="421596045" origin="free usage" alternativeTitle="d_cNs5C5bdmLIAk6" recordedFootage="454260086">
        <Participants>
            <Participant name="EdlTzRlx-L.cz7-Fh" role="arranger" IPDN="Gd3S4m.C1Y" performance="supporting" grossFee="318300211.13"
                 modifier="B" IPI="QDpeBAtva9ZHpn36GyJs5_" birthDate="2019-01-14"/>
            <Participant name="jwq2CFBtceszX6hs4gs" role="composer" IPDN="J.W.7bLJfQbw" performance="soloist" grossFee="-1563545909.99"
                 modifier="C" IPI="vllNELDOXAdwF-uIx" birthDate="2019-06-06Z"/>
            <Participant name="mWItXZJIk1i" role="composer" IPDN="KS" performance="conductor" grossFee="-1186558650.21" modifier="B"
                 IPI="Ja" birthDate="2019-01-08Z"/>
            <Participant name="voEBR" role="performer" IPDN="ES0xztcy8LvP" performance="main" grossFee="-82188613.32" modifier="C"
                 IPI="qX-rKitzJtPnKXWdLXMA" birthDate="2018-10-04"/>
            <Participant name="ThXqBwonjp-iZqYGATx8gAP5QRB6h" role="remixer" IPDN="MRHJp_MknnzX" performance="main" grossFee="-1964424388.49"
                 modifier="C" IPI="Y58h" birthDate="2020-04-04Z"/>
            <Participant name="EUI" role="performer" IPDN="ah3s" performance="chorus master" grossFee="-401812191.19" modifier="C"
                 IPI="pevs1LlY46m2kGY3JL9ynx" birthDate="2019-08-29"/>
            <Participant name="AYgH6GZiEE9QeRFj" role="sound engineer" IPDN="IxLbZ" performance="conductor" grossFee="-3721286.48"
                 modifier="B" IPI="fK4BmkfSW5" birthDate="2019-11-22"/>
            <Participant name="EtKLukStZD7YJSO8rUAWr7" role="sound engineer" IPDN="LLjZJpDXTeuZFrQiFO8Ngwxa" performance="main"
                 grossFee="-940259797.67" modifier="B" IPI="G5JdJqvxAAFOGfE4-C" birthDate="2018-09-11Z"/>
            <Participant name="Ar" role="arranger" IPDN="JXzgUI7jOXUalz8H5XYu-nP8D" performance="supporting" grossFee="809636912.20"
                 modifier="C" IPI="ielWoahW3g0UC.dg0z1_" birthDate="2019-07-10"/>
            <Participant name="rihguvHjuOj86yb" role="composer" IPDN="rREC0Ur6unr9l.hkqdxr1rpOY" performance="supporting" grossFee="12409151.13"
                 modifier="C" IPI="UWc1JYy2betdDBnXLgXUJoh-o" birthDate="2019-02-28Z"/>
        </Participants>
        <Record title="njSuoFij5a46lIc18WxPMJlGKzbY" spins="128373500" ISRC="E450N86O7X27" year="3776" producer="PO_G7r"
             label="Q54a" recordNo="ftKTlFJSLadP0-ggUxK_i.UTysqgba" serialNumber="ImDIM" isPremiere="false"
             usage="jingle" ISWC="TYo7aDbW" AKA="W9EOWE5USFgVVDKjMzk" genre="composed" broadcastedFrom="2019-11-20T11:21:16Z"
             broadcastedTo="2019-04-12T11:21:16Z" runtime="828470715" origin="commerce" alternativeTitle="BJv-dsFltCD2hP"
             recordedFootage="1730517648">
            <Participants>
                <Participant name="dAVEUAtlRtXuR3" role="remixer" IPDN="Jw3EwVVmv0L" performance="supporting" grossFee="658191751.06"
                     modifier="A" IPI="Ol77fGTiOpjwZX" birthDate="2019-08-19Z"/>
                <Participant name="s71HDlOux2VTNmZli5EiF" role="arranger" IPDN="V_C" performance="soloist" grossFee="726604044.28"
                     modifier="B" IPI="kdGW-MBSEiffmipLqDAGEAiQ5sfebV" birthDate="2019-11-29Z"/>
                <Participant name="OpWB3OQ5yxRvaH8PmEeXqOTiRh9Z5j" role="subscriptwriter" IPDN="eaN8FO" performance="conductor" grossFee="-1576639388.44"
                     modifier="C" IPI="w" birthDate="2019-02-21"/>
                <Participant name="whzW4Xu27PPDkY_zG66" role="producer" IPDN="PnW" performance="conductor" grossFee="-1734582065.82"
                     modifier="C" IPI="YmtEMio5qHMeHZbm_" birthDate="2018-12-12Z"/>
                <Participant name="Cg" role="subscriptwriter" IPDN="ZTQYVyz" performance="soloist" grossFee="1210032132.47" modifier="C"
                     IPI="J5K" birthDate="2019-04-08Z"/>
                <Participant name="C4LtxHZEckMPqa7Q2" role="remixer" IPDN="IJqhgNg1UdfUJmK4OuBl" performance="chorus master" grossFee="270492533.42"
                     modifier="B" IPI="TI" birthDate="2018-07-04"/>
                <Participant name="Y1" role="performer" IPDN="AuUurcMEMMXW" performance="chorus master" grossFee="-783962109.74"
                     modifier="B" IPI="kVptZ7qeJ7YUnS" birthDate="2018-10-07"/>
                <Participant name="G1O3aWOCgQk8Fack" role="remixer" IPDN="DgUUbTH5KNJDC" performance="main" grossFee="-1488866792.30"
                     modifier="B" IPI="O6A" birthDate="2018-11-02"/>
                <Participant name="QC7SitXRNH8Bj5qbSs3G-IzXOS" role="remixer" IPDN="v" performance="chorus master" grossFee="-1620232120.04"
                     modifier="A" IPI="Omthbhe5NTSaCRalu83kse_QmTXx" birthDate="2019-11-12Z"/>
                <Participant name="JQmsF__GVPEWt4J" role="producer" IPDN="jta4jBXo52YIlZhflf-eSVT" performance="conductor" grossFee="-1086768056.70"
                     modifier="C" IPI="XHDc8x7jTnxJPS0" birthDate="2020-05-25Z"/>
            </Participants>
        </Record>
        <Record title="D9yH" spins="182762159" ISRC="EYUSG4SN7H1Q" year="6677" producer="iVx" label="B28ELweZ" recordNo="BHW4YQstLLz"
             serialNumber="ig4" isPremiere="0" usage="jingle" ISWC="BkkY" AKA="MzmMVu0FUkRKb5HlzaG" genre="jingle"
             broadcastedFrom="2019-02-20T11:21:16" broadcastedTo="2020-02-15T11:21:16Z" runtime="1157334027"
             origin="live broadcasting" alternativeTitle="SzFc754kizfuzxJF-hzSQ" recordedFootage="195579756">
            <Participants>
                <Participant name="dbBtyewH2Tw1Kl." role="subscriptwriter" IPDN="Ue5" performance="chorus master" grossFee="-433453618.41"
                     modifier="B" IPI="iV8oEq.8fPlqqYIWkjUr9ZbjOW" birthDate="2019-04-02Z"/>
                <Participant name="xYoh" role="scriptwriter" IPDN="R7dr8cxej0btxBy.u4leZ.mq" performance="supporting" grossFee="-509008189.21"
                     modifier="A" IPI="rCvCAAeuiQbWOn" birthDate="2019-07-01Z"/>
                <Participant name="rbOOGsX36lD" role="arranger" IPDN="e0oSqTkMgYkqJ" performance="conductor" grossFee="-1569392608.52"
                     modifier="C" IPI="fKYYWvr.3xGhc7S6Ma" birthDate="2020-05-11"/>
                <Participant name="cu1c97vU7" role="arranger" IPDN="r3D_6HZSk9SQzxCQIelrIRd_aRo" performance="main" grossFee="-457728162.04"
                     modifier="A" IPI="RAta3y" birthDate="2019-06-02"/>
                <Participant name="rWefIq1bVbALig0c0Eul0bUVDV" role="performer" IPDN="Cab8WIF05fNE1zWHy8th3Ul3u" performance="conductor"
                     grossFee="-1948422785.06" modifier="C" IPI="Ip" birthDate="2019-01-22"/>
                <Participant name="jjn.4OFEHo-" role="scriptwriter" IPDN="ptE3uw-" performance="supporting" grossFee="-1829411519.02"
                     modifier="C" IPI="axpCW.VFc4pv2Jwi5BA" birthDate="2019-02-24Z"/>
                <Participant name="J41" role="arranger" IPDN="tqUx9nYYyV02Kpc" performance="supporting" grossFee="928459259.26" modifier="C"
                     IPI="Dw72Arj94Q5" birthDate="2018-08-20"/>
                <Participant name="T6eDQed2Dur8FkuKqQ" role="composer" IPDN="xoHV4bOCuC" performance="main" grossFee="-1530145967.55"
                     modifier="B" IPI="Jqp_" birthDate="2020-05-21"/>
                <Participant name="nVY" role="producer" IPDN="yBoKh4JiXx5O" performance="soloist" grossFee="961016980.99" modifier="C"
                     IPI="GWHkNrfdwnQe" birthDate="2020-03-06Z"/>
                <Participant name="z5l2JqjOPz0" role="composer" IPDN="Y_" performance="conductor" grossFee="673594277.66" modifier="C"
                     IPI="m-1LRMSw5U8ur" birthDate="2019-04-16"/>
            </Participants>
        </Record>
        <Record title="i-pB659VfflAr3Nd45cd73pp3" spins="750419395" ISRC="91IZS1745BYM" year="8884" producer="Kym8zZ3"
             label="BQf" recordNo="dJE1b6ktOhSwEGZZE1rbqw" serialNumber="jdp_sLPi_T9w8EyetO1RW8Tdd" isPremiere="1"
             usage="commercial" ISWC="P2" AKA="YGHlxRukjxh4revtRDAO.yKiTKb" genre="jingle" broadcastedFrom="2019-08-21T11:21:16Z"
             broadcastedTo="2019-08-16T11:21:16Z" runtime="353967789" origin="self" alternativeTitle="sFR3viFZ0Gaz7dNPTExDRmjlEgS5U"
             recordedFootage="930080119">
            <Participants>
                <Participant name="xzB2_mV1MfahkhpWpTeV6" role="arranger" IPDN="Dz3OcqfSgCvrKLtMuL0m" performance="supporting" grossFee="-157433719.39"
                     modifier="C" IPI="GWaZRQPypIPKp-qY.hFjjJ" birthDate="2020-06-08"/>
                <Participant name="GaocWBtNQN" role="subscriptwriter" IPDN="A1s0JDRK9qd.Ulutxt-kVbQ" performance="chorus master"
                     grossFee="-797952089.13" modifier="C" IPI="k6DdLVog4s3pnry4KEQY" birthDate="2019-05-10Z"/>
                <Participant name="b1CG32f2PE.kCYxbgF" role="arranger" IPDN="ARzfEa-AEYVSVfizF9f4tHdu7q" performance="conductor"
                     grossFee="1099707114.38" modifier="A" IPI="gmoRKkA7Jf10Fq9t-6ua3" birthDate="2018-11-10Z"/>
                <Participant name="jYvEiOeCTYzKFBm-PJ" role="music director" IPDN="KNbbdy18fbudrVU" performance="chorus master" grossFee="1695108008.02"
                     modifier="A" IPI="K7pzg8W2y3Szz.TKRU" birthDate="2019-11-20"/>
                <Participant name="bpo9YSn6" role="arranger" IPDN="xExI2eH" performance="chorus master" grossFee="-157860446.05"
                     modifier="B" IPI="rlXUzpQtT" birthDate="2019-01-15Z"/>
                <Participant name="O20" role="performer" IPDN="CkOXsg" performance="main" grossFee="-1822395059.02" modifier="B"
                     IPI="Ck597S-U" birthDate="2018-11-24"/>
                <Participant name="mqn" role="producer" IPDN="Qe8jlxUKBID6o8Q-zXRL" performance="soloist" grossFee="356521813.64"
                     modifier="A" IPI="omz__Xu" birthDate="2019-11-03Z"/>
                <Participant name="W43VWRN8sucPhPzk1ozN0sVrebRUe" role="remixer" IPDN="c8nBTdQ1" performance="supporting" grossFee="-2016964991.82"
                     modifier="C" IPI="RASWCUs" birthDate="2019-10-19"/>
                <Participant name="Zsn9iSkc5Gc3LW" role="composer" IPDN="lkDh4Nao_XD8gjGm9Xq" performance="conductor" grossFee="-1006998749.21"
                     modifier="C" IPI="m6QDb-3glsG9w06OipFK" birthDate="2020-01-31Z"/>
                <Participant name="MMS-_Ny1uTqX3R2JYXs8ltg6s" role="subscriptwriter" IPDN="pK" performance="soloist" grossFee="-1366597433.94"
                     modifier="A" IPI="A59vfL.Onf" birthDate="2019-07-17Z"/>
            </Participants>
        </Record>
        <Record title="rldKgnrvET70nI_uCX9bmn655" spins="125206703" ISRC="20NYW85E8ICV" year="0245" producer="vP74uwwGKQrYikxKwVWNTJL7.5Nl"
             label="sQMkVY" recordNo="AhRzPJlF1Fj.tPdMvO-DwtYdEJfl" serialNumber="Iemf" isPremiere="0"
             usage="broadcast" ISWC="BhE1m.URIDsT-e7jSKjuxpjmI-W6M" AKA="XHCEPAwe4BXiJA8YntbM" genre="classical"
             broadcastedFrom="2019-01-18T11:21:16" broadcastedTo="2018-09-03T11:21:16Z" runtime="569563446"
             origin="live stream" alternativeTitle="IKhccMr" recordedFootage="492532489">
            <Participants>
                <Participant name="S4Adk7ONSlmvUb0lvgo7qJtOKlnW" role="subscriptwriter" IPDN="hQlj" performance="supporting" grossFee="2113965109.92"
                     modifier="A" IPI="vgDQAno13kUH2alr-DMcXyI9MiVv" birthDate="2018-08-30Z"/>
                <Participant name="W1zoKt-" role="remixer" IPDN="hzh.8QVqkKX4woKB8nbP26wqH3T1" performance="soloist" grossFee="-1323334388.75"
                     modifier="B" IPI="r9dSsR" birthDate="2020-04-17"/>
                <Participant name="OXaek-BqJPsnL" role="remixer" IPDN="cEX" performance="soloist" grossFee="343130983.21" modifier="A"
                     IPI="L0uHaW9m0_K" birthDate="2019-07-12Z"/>
                <Participant name="mAHaaCcI" role="composer" IPDN="gUM2j" performance="main" grossFee="942065542.96" modifier="A"
                     IPI="pGNfn1m4W71Y8-6kW" birthDate="2019-09-21"/>
                <Participant name="K6DMhz4kUaLBH" role="sound engineer" IPDN="T.V_zCvdxHL" performance="conductor" grossFee="-168749762.95"
                     modifier="A" IPI="mchYm3FxPWtQJqGFEv7s9u" birthDate="2020-04-25Z"/>
                <Participant name="ysxqgFFl" role="music director" IPDN="VHg1ir7" performance="soloist" grossFee="-2002847823.74"
                     modifier="A" IPI="SvfFY4cowUxwIfhySMpsVty" birthDate="2019-08-07"/>
                <Participant name="KpMTyJFSuJuQUkBj.dx4Yh3" role="composer" IPDN="TXZX7Q" performance="chorus master" grossFee="486303017.60"
                     modifier="C" IPI="DARvhzG_B9aSML315BBoQM-0Nwq5nO" birthDate="2019-05-26"/>
                <Participant name="qSaJ.faJHou" role="performer" IPDN="t3ln0ucZ4Q" performance="supporting" grossFee="1640216709.71"
                     modifier="B" IPI="Id3pBwBrJTH" birthDate="2019-04-12"/>
                <Participant name="kVRHHFaSIN1T3" role="producer" IPDN="op9h2vhQe4EBiIypWyXtlG" performance="soloist" grossFee="-1314789101.91"
                     modifier="A" IPI="bcCe5aMxD56a" birthDate="2019-11-04Z"/>
                <Participant name="zI3xPZiqnis" role="producer" IPDN="V0hHM8axh6smcrr1lFSYngBJ_" performance="main" grossFee="-1125575318.35"
                     modifier="C" IPI="oslEGwW77" birthDate="2020-03-31"/>
            </Participants>
        </Record>
        <Record title="aen1HIEd4xkPUK_k4jEy1dqZv0" spins="1404639534" ISRC="04TN48W7357S" year="9027" producer="r-NZHDbyKqaZPk-Wjcry6dVS-9otZo"
             label="kd5g-t" recordNo="uHVJ" serialNumber="zYQ2Vio-e3kzynqG" isPremiere="0" usage="jingle"
             ISWC="js-" AKA="C.whv.6Pi6El2" genre="commercial" broadcastedFrom="2018-08-17T11:21:16"
             broadcastedTo="2019-09-06T11:21:16" runtime="1119474009" origin="self" alternativeTitle="oXrMA.UnlTsAxj6R8mmJqLcts5k17"
             recordedFootage="2034269357">
            <Participants>
                <Participant name="vRE6DNNrNHOeEtdD4-E-0.iMap" role="performer" IPDN="YNCGl" performance="conductor" grossFee="447497285.95"
                     modifier="B" IPI="Ur6s" birthDate="2020-05-22Z"/>
                <Participant name="Jq-g32KAe" role="subscriptwriter" IPDN="Y3mOZwZYtg0gx2pwMlWfEuVwZd8s" performance="main" grossFee="-357289178.72"
                     modifier="C" IPI="RprdPd6jiSyGq0" birthDate="2018-08-15Z"/>
                <Participant name="l72.RSF4AWMqf8Kqa8L6" role="subscriptwriter" IPDN="mSrO6TPDaxALhT7Ci" performance="supporting"
                     grossFee="-1279836795.87" modifier="C" IPI="GVTs4Yb.rg2pKI0w-U8QfUNC" birthDate="2018-07-04Z"/>
                <Participant name="okgS-VPpfhcneDhnt4P-mjS3" role="sound engineer" IPDN="K875zrYyKtj6Bt74ytoitult6sp6DU" performance="conductor"
                     grossFee="-2096298952.06" modifier="A" IPI="g0XVIN15VHrVxP0qYVbN25UFj" birthDate="2020-06-24Z"/>
                <Participant name="M5-EezKl9Hvm9hy0W" role="performer" IPDN="LlW." performance="chorus master" grossFee="-840488342.59"
                     modifier="B" IPI="aK" birthDate="2020-04-23"/>
                <Participant name="BB" role="performer" IPDN="Gjiws3WtG.A9Hok_.2s" performance="conductor" grossFee="-1845673169.35"
                     modifier="A" IPI="LwrQ3kIfZleXqBP9USsknnjsamG-P" birthDate="2018-10-02"/>
                <Participant name="bum7UC-MFxyRAEuSHy-T4t" role="producer" IPDN="qKi.C386ofs6f23gTJiFy3EL0RMHiq" performance="soloist"
                     grossFee="-1693889093.60" modifier="B" IPI="ZHt" birthDate="2019-09-25"/>
                <Participant name="pw3zqUvhcf3OKnqz4Zg8ijhR" role="sound engineer" IPDN="z53mNKc_e" performance="main" grossFee="-1382855100.25"
                     modifier="A" IPI="q8ikC8CN" birthDate="2018-07-07Z"/>
                <Participant name="qCXp" role="arranger" IPDN="jiV5K1OTZUYFjWIhIkai1N.j470m" performance="soloist" grossFee="1265872520.88"
                     modifier="C" IPI="PS6XBCRIiN" birthDate="2020-01-18Z"/>
                <Participant name="B8CX9kfuFMPXyi0FngG4e8t5_DQ3kS" role="composer" IPDN="zf6F_RZeQNhAWNVMLfy82atujrOMD" performance="conductor"
                     grossFee="1267148224.45" modifier="A" IPI="VlM9NiTetV3_daexP6OCvheg" birthDate="2020-02-04"/>
            </Participants>
        </Record>
        <Record title="gnpkvcQ20f" spins="1780151699" ISRC="J97GATC3HQG3" year="7999" producer="lDmhPZ4Yr8tcNajhjS8XFR"
             label="NQhxZZspwtXw7XcnYnQF" recordNo="zRykru7KoZrgkUHT0lYFZcex" serialNumber="RmII2ruEX"
             isPremiere="false" usage="commercial" ISWC="vL09y_Wnk0pnr7893Zwwgen" AKA="Jq_jfudRwW1f0MSY1Y2_uZ1VK"
             genre="jingle" broadcastedFrom="2020-03-21T11:21:16Z" broadcastedTo="2019-01-28T11:21:16Z"
             runtime="136630199" origin="self" alternativeTitle="XetGw7nR9HU65hLv8jgnwK" recordedFootage="1113317531">
            <Participants>
                <Participant name="AMY" role="music director" IPDN="voMr" performance="supporting" grossFee="240044940.18" modifier="B"
                     IPI="oCzzuvkdUGk8d09t_cWC" birthDate="2019-06-06Z"/>
                <Participant name="Ha1AQST5_DIj" role="producer" IPDN="fYdHy2dShT-3v-" performance="main" grossFee="-91929941.97"
                     modifier="B" IPI="NqY7" birthDate="2018-11-12Z"/>
                <Participant name="ssbnyoyrP0" role="performer" IPDN="R2l6" performance="chorus master" grossFee="642804936.31" modifier="A"
                     IPI="C5_NxvnjOo8LWQdQORcx" birthDate="2018-12-20"/>
                <Participant name="SWjfMHkb.xuC" role="performer" IPDN="OP4wsQp48XddC5eT3ehiZqu7" performance="supporting" grossFee="-30779235.04"
                     modifier="A" IPI="Xz6286zkLAufC" birthDate="2020-02-25Z"/>
                <Participant name="S2d2f496ux" role="scriptwriter" IPDN="CBs_pIiVC1KZJLk" performance="main" grossFee="-1336945943.85"
                     modifier="A" IPI="B6_cy8" birthDate="2019-04-21Z"/>
                <Participant name="Tg" role="remixer" IPDN="MYaK.8LoYNiax84lrM" performance="main" grossFee="1976999851.65" modifier="C"
                     IPI="tRHqkYOf9L3ewyd5" birthDate="2020-04-06Z"/>
                <Participant name="kl0" role="music director" IPDN="r5hOeC8vA8RwQXsH" performance="conductor" grossFee="-221145908.77"
                     modifier="A" IPI="VpVOd587NHh7bNbgrqSN0v3pPDLt" birthDate="2019-08-03"/>
                <Participant name="EFx3qilAkE4ajk_42f0ZN8e04qhzD6" role="music director" IPDN="nnQE5QSTmSNIsL4L7wI" performance="soloist"
                     grossFee="1153312092.11" modifier="C" IPI="UoRQ.u9rGWQ" birthDate="2018-10-12"/>
                <Participant name="W-hSKs2j" role="remixer" IPDN="bTDX" performance="main" grossFee="1711480764.20" modifier="C"
                     IPI="kX7bjq-8ghLn4bDpa" birthDate="2020-01-18Z"/>
                <Participant name="mjY8rKMNF" role="producer" IPDN="XzIeo099PJik" performance="chorus master" grossFee="-1344505614.85"
                     modifier="A" IPI="UGmBx8R7_abM" birthDate="2019-09-06"/>
            </Participants>
        </Record>
        <Record title="xq-dYCMwsQWk" spins="1105164304" ISRC="63546S4WQC2W" year="5610" producer="T5mcfGyYWZ" label="O2Dw392FhowbnWPjObEK7TGsVkv4uk"
             recordNo="k5ixD9nxbAdxGRxqn3A4mTfoI8aoZ" serialNumber="IET2gwkXRSR8Ha5ct_az8f-AoWOJT" isPremiere="0"
             usage="commercial" ISWC="Ysqgv80kGJft" AKA="N" genre="pop" broadcastedFrom="2019-04-27T11:21:16"
             broadcastedTo="2018-08-04T11:21:16" runtime="463507605" origin="commerce" alternativeTitle="sQh4"
             recordedFootage="1902372714">
            <Participants>
                <Participant name="orSqmd2vM-7" role="remixer" IPDN="RYI4BRU05lZ0Al3WXomLwE319I.Cc" performance="main" grossFee="1602597900.15"
                     modifier="B" IPI="fVNjvtNuqCRc8DPh" birthDate="2019-10-24Z"/>
                <Participant name="HH0P" role="arranger" IPDN="U.-ONwBNTA0kCpGDs" performance="soloist" grossFee="-2069702917.54"
                     modifier="C" IPI="ntxj" birthDate="2019-12-31Z"/>
                <Participant name="e1oygyeeHCqcE" role="producer" IPDN="BJSNS" performance="supporting" grossFee="-1769301237.42"
                     modifier="B" IPI="yof" birthDate="2019-04-19"/>
                <Participant name="H5S1MNejzj.7JSmKlFEw2WsJIH9" role="remixer" IPDN="O6ljzoqG8WS-b4qvcCDwnfqejIq_" performance="supporting"
                     grossFee="302685086.97" modifier="A" IPI="oyN.2KDM8HjfH0N-UTxmfN6kqm" birthDate="2018-10-17"/>
                <Participant name="WIpq4zFDgrFqONCQfaQPmtxOVn" role="arranger" IPDN="nD-yJVx8dK0p-bczMqlAeqXT" performance="supporting"
                     grossFee="-1609148354.48" modifier="C" IPI="UdJf06W7UvsV3IM7gMWF" birthDate="2018-12-07Z"/>
                <Participant name="fPDbGI" role="composer" IPDN="L" performance="soloist" grossFee="-577504455.75" modifier="A" IPI="gS4fNRvBboabFQ4"
                     birthDate="2019-01-30"/>
                <Participant name="e" role="composer" IPDN="n_BzeP9P3Ep" performance="soloist" grossFee="-2048577301.06" modifier="C"
                     IPI="VD6-J" birthDate="2019-11-14Z"/>
                <Participant name="IMz9_0CJJ-r4b_neEYmOzHchA_" role="arranger" IPDN="z" performance="chorus master" grossFee="818636658.37"
                     modifier="B" IPI="m5AVDR7senH-XL7E" birthDate="2018-10-02"/>
                <Participant name="CcL8Z7yyAgVbm" role="scriptwriter" IPDN="GC8wGu8iQXFp" performance="conductor" grossFee="1886838579.61"
                     modifier="A" IPI="k" birthDate="2019-10-18Z"/>
                <Participant name="XqDmOiC" role="producer" IPDN="qGAYrk_" performance="chorus master" grossFee="1898257835.13" modifier="B"
                     IPI="aeobX" birthDate="2018-09-11"/>
            </Participants>
        </Record>
        <Record title="c" spins="1102178800" ISRC="48A8BJSC7YOZ" year="5257" producer="jP5RfqZpZ" label="L8GyeZbDMgz4Pqc"
             recordNo="f0J_XHQf4ss8aGzID2M6l5fo" serialNumber="hTQxOttwr44_T_g8BW0fWamkH-EP" isPremiere="true"
             usage="jingle" ISWC="p7KUiY0WurDWl" AKA="IVTCd9nGfjIyvJu1V2" genre="jingle" broadcastedFrom="2019-04-30T11:21:16Z"
             broadcastedTo="2019-08-19T11:21:16Z" runtime="942912075" origin="live broadcasting" alternativeTitle="E5i_oBZszLWD2"
             recordedFootage="1848655841">
            <Participants>
                <Participant name="y-45u_y" role="music director" IPDN="VmFslgInVW2LoCHCLX-JSVC7uj0m" performance="soloist" grossFee="-1731516273.85"
                     modifier="C" IPI="nKFs7xhW-qoz9" birthDate="2019-12-05Z"/>
                <Participant name="uW0t62-eQpteFcz4Huwg" role="composer" IPDN="J8I0YWSzJpzaU4.m-rMe.h" performance="supporting" grossFee="1534788826.60"
                     modifier="A" IPI="jEKEKv21KDmYsdZ4E6" birthDate="2020-04-05"/>
                <Participant name="NnkEW6" role="remixer" IPDN="oQ7RXXIc5mkTpC9Y01p9pFi.p3X" performance="main" grossFee="317697093.91"
                     modifier="C" IPI="_mbH44JdgN0VrPw1XNv2MpZg" birthDate="2018-12-18Z"/>
                <Participant name="XuKQd8dCq2VdP2MSAcP__yKfzE." role="subscriptwriter" IPDN="HOzVPC9cywUGCiHPgv2T.8YIgega9" performance="conductor"
                     grossFee="457986830.28" modifier="B" IPI="Ol4" birthDate="2020-03-20"/>
                <Participant name="LBp4v_I8J4-TM6Co" role="subscriptwriter" IPDN="dN" performance="soloist" grossFee="-347941101.43"
                     modifier="C" IPI="_aTVYuKvv7eMY9utfkzzhh" birthDate="2018-09-09Z"/>
                <Participant name="xK7j.Q8R0er12" role="arranger" IPDN="oAAL-Pt" performance="conductor" grossFee="1897323191.42"
                     modifier="A" IPI="Z4IAav" birthDate="2020-02-17"/>
                <Participant name="j.bV42LZzRM4lVkeeEKhwpfm1IO" role="scriptwriter" IPDN="MpMxBgbzSliAH7-49b9xI9Avo" performance="main"
                     grossFee="840855557.53" modifier="C" IPI="U" birthDate="2019-10-19Z"/>
                <Participant name="jZ2ca." role="performer" IPDN="omDI9A4Zp" performance="conductor" grossFee="-1546458944.41" modifier="B"
                     IPI="MmyzVFekS" birthDate="2019-04-07"/>
                <Participant name="_1Uqf" role="music director" IPDN="tTqiR" performance="soloist" grossFee="-1111142187.82" modifier="C"
                     IPI="vz4c-" birthDate="2019-04-02Z"/>
                <Participant name="AQ7ilth0kErm6WqS" role="remixer" IPDN="l_Efo9DgLnMnyY30o0xyP" performance="soloist" grossFee="249674647.40"
                     modifier="A" IPI="i3d06DA2ec5iy" birthDate="2020-03-04Z"/>
            </Participants>
        </Record>
        <Record title="hYIll15eapcUqIAc" spins="2132042033" ISRC="6M393D352BHW" year="5997" producer="jSEx4lOm18jY8Avpw7uJztDNC"
             label="w1Csnf6VAzTRJ9Zv-1DPkZyzKfu" recordNo="Wgv7WUuLw8tVNuO" serialNumber="RUQA" isPremiere="false"
             usage="broadcast" ISWC="Hz9D4B2_cgH" AKA="p" genre="spoken word" broadcastedFrom="2020-01-19T11:21:16Z"
             broadcastedTo="2019-07-04T11:21:16" runtime="1774110508" origin="commerce" alternativeTitle="LcsymG.JLaapIofQLUg6XR8"
             recordedFootage="692670339">
            <Participants>
                <Participant name="SiNqvby_oKFecRIE" role="performer" IPDN="d-vLj_cGxTaimC475K4e5XZSP2eArf" performance="soloist"
                     grossFee="-1470355627.15" modifier="B" IPI="u-ammfjbeG1zfsquXIpp9bbW3" birthDate="2020-03-25Z"/>
                <Participant name="C.dw6hzdizj-AdEc3gV5CjHo5wfkdh" role="scriptwriter" IPDN="NS_wCTv" performance="chorus master"
                     grossFee="-1024872493.16" modifier="A" IPI="CiIgZdBsQR8bLdm" birthDate="2019-12-28Z"/>
                <Participant name="H-RO9KMKomPFavCtQ1TMbX" role="sound engineer" IPDN="lwOm13Z6I0fBK.K61dJqSe93LnwHRl" performance="chorus master"
                     grossFee="-1655514487.26" modifier="C" IPI="s7IOpaj3v31WQ2HlKilzWt4IyatOJB" birthDate="2020-02-04"/>
                <Participant name="cnU" role="producer" IPDN="msjFZUSxOOIh" performance="supporting" grossFee="1558008494.88" modifier="A"
                     IPI="ayYPdVCn1rbgVYref" birthDate="2019-01-18Z"/>
                <Participant name="wBVdwd" role="producer" IPDN="nhZblp74moGDoDZGh" performance="supporting" grossFee="1259886187.91"
                     modifier="C" IPI="tv1L" birthDate="2019-03-02"/>
                <Participant name="w3WvS" role="arranger" IPDN="SYW" performance="main" grossFee="1816283672.00" modifier="A" IPI="_8kCi2rIrF"
                     birthDate="2019-06-05"/>
                <Participant name="ZxRBnayYkiy2c" role="arranger" IPDN="LGbIOZnva9gaITOzU8sxTUGc" performance="supporting" grossFee="288847200.56"
                     modifier="B" IPI="MfrE1ffpljUa" birthDate="2019-07-24Z"/>
                <Participant name="u1LjLAjnZiUr0_3kdX7SbW7v9KH" role="composer" IPDN="QJYLYFAnw6KuDmDjyj6" performance="conductor"
                     grossFee="-384629998.61" modifier="B" IPI="NDC3vtXc1YMdtq2hSbeG" birthDate="2019-09-28"/>
                <Participant name="XbIsGW5boOwTGPOzTIMYUHAV8wOZK" role="scriptwriter" IPDN="y_abQH-yBENOenV8p76YSaZ_G" performance="soloist"
                     grossFee="671584864.04" modifier="A" IPI="JI-nsEPTrDWy_mVd5MU2pOAPvTJJ6" birthDate="2020-01-02Z"/>
                <Participant name="s65Y4Z-TdvJxlO9_a86r07aF__" role="scriptwriter" IPDN="J5XPMotpZG8dm4JnuZ0" performance="main"
                     grossFee="-1635855569.48" modifier="C" IPI="a5DioqAxIN_" birthDate="2018-12-31Z"/>
            </Participants>
        </Record>
        <Record title="pgD-IZc6LMg.dEqQuUJG8OckW" spins="1225339568" ISRC="AM7LTLAT2TV5" year="1416" producer="rjUlwBM-kB.z-m"
             label="_qQmur2Pbsg5rH7S_ig_ITOutjwsm" recordNo="bnIVDB" serialNumber="q_CrCZ9Cw-NbvPSBL1TCjRjJ"
             isPremiere="0" usage="commercial" ISWC="OE5xQLznPyUEicw_" AKA="AcOzBBeeE7i5u-HSHm" genre="commercial"
             broadcastedFrom="2019-12-24T11:21:16" broadcastedTo="2020-05-30T11:21:16" runtime="1268787894"
             origin="recorded stream" alternativeTitle="wFbAUSh78Peh5oPO89PF-" recordedFootage="1611872105">
            <Participants>
                <Participant name="Fkt" role="composer" IPDN="emRRGNh2_0jLrveyn4Q-LE1ho02Leb" performance="soloist" grossFee="1496935794.31"
                     modifier="A" IPI="L9RNj" birthDate="2019-12-27"/>
                <Participant name="tL" role="composer" IPDN="t7bVpBp38Zx.84Dde1uqmflPF" performance="supporting" grossFee="1627055991.49"
                     modifier="B" IPI="DNY0sEdoy80Wd4bCej" birthDate="2019-12-22"/>
                <Participant name="TVSsMDaxydHDi1" role="scriptwriter" IPDN="UeEb2QlkDmt" performance="main" grossFee="-1136154537.71"
                     modifier="C" IPI="mrChPcraCcZy.kAp4CxG_TWqp" birthDate="2019-11-20"/>
                <Participant name="SpShZyt" role="arranger" IPDN="Ai0K" performance="chorus master" grossFee="156994702.09" modifier="A"
                     IPI="mkxYE5DzdpDi7MR" birthDate="2018-07-26Z"/>
                <Participant name="rfF" role="subscriptwriter" IPDN="BFa5NUJ1ipej4" performance="supporting" grossFee="-42962842.91"
                     modifier="C" IPI="vFCehEbW" birthDate="2019-07-20Z"/>
                <Participant name="h-tLR1F9_OC64avuFNPBx" role="scriptwriter" IPDN="L3zRXQosHfS-QHoToaWcmYcMb9sFY2" performance="main"
                     grossFee="-998800144.34" modifier="B" IPI="P_u" birthDate="2019-11-29"/>
                <Participant name="r" role="performer" IPDN="cdS9bd9" performance="chorus master" grossFee="1734639232.85" modifier="B"
                     IPI="lq_FvJpA3Vz" birthDate="2019-08-09"/>
                <Participant name="ZxUW" role="sound engineer" IPDN="uht.ZjUWr9u-Ou3YdbI3ubFNjQmBBm" performance="chorus master"
                     grossFee="359263645.25" modifier="A" IPI="A9LWt" birthDate="2020-05-23"/>
                <Participant name="m_zD3K35i3q_exS24RMa36" role="subscriptwriter" IPDN="fq6FT9CdhHMpVIdShx6dg" performance="soloist"
                     grossFee="1134886486.15" modifier="B" IPI="bTkFWGHqdu-.bG2" birthDate="2018-10-22"/>
                <Participant name="d" role="remixer" IPDN="QzT7jdL72sOn3" performance="main" grossFee="-1240101753.16" modifier="B"
                     IPI="L" birthDate="2019-05-05"/>
            </Participants>
        </Record>
    </Record>
    <Record title="N0m53cX-_yCt2YxV" spins="1698783097" ISRC="694H854SXSJ9" year="7114" producer="LGFdQKpqFNmENGfX"
         label="o-2e0ZnhV0c6AlKNnOf8s2-5fByuA" recordNo="X3" serialNumber="Jfga7Wt7tlDBmEVAVIKjsK7ztsapoG"
         isPremiere="0" usage="broadcast" ISWC="wIyC7AWHMvWkECg-Uudq7qr.wu" AKA="lPD6Kw.FK" genre="composed"
         broadcastedFrom="2018-11-04T11:21:16" broadcastedTo="2020-03-24T11:21:16Z" runtime="1953901023"
         origin="commerce" alternativeTitle="vDO" recordedFootage="1064993611">
        <Participants>
            <Participant name="Brbiy5JmDdhJv" role="performer" IPDN="G3xSqxjd.9" performance="supporting" grossFee="1760080261.92"
                 modifier="C" IPI="CtX9A" birthDate="2019-09-13Z"/>
            <Participant name="s" role="remixer" IPDN="Tv_MmJP" performance="conductor" grossFee="1415398740.85" modifier="C"
                 IPI="Dr6JWxFbt" birthDate="2019-11-04Z"/>
            <Participant name="iIcTeU8" role="music director" IPDN="olmzsGe" performance="main" grossFee="-1705070948.47" modifier="A"
                 IPI="n1" birthDate="2020-05-19"/>
            <Participant name="AwdHW2SMkikLzuTtUTAJPk2Mo" role="producer" IPDN="tXG2j1ZlfPDxG" performance="conductor" grossFee="840012899.98"
                 modifier="A" IPI="nxO" birthDate="2020-02-24Z"/>
            <Participant name="e-VJpgl13k" role="producer" IPDN="UcJ6JHOk77JfS5NXzKBkejf" performance="supporting" grossFee="599485282.54"
                 modifier="C" IPI="X3GUDT1hh-" birthDate="2020-06-05"/>
            <Participant name="C-ol4jXQ.Bi6n" role="subscriptwriter" IPDN="xfzwqjWT" performance="conductor" grossFee="-1648128451.05"
                 modifier="A" IPI="t1MkK7iId0" birthDate="2018-08-03"/>
            <Participant name="iAlhtNRagM4M9vr" role="subscriptwriter" IPDN="K46v-lvJs-RAbQlK2Z8" performance="conductor" grossFee="-1561277461.22"
                 modifier="B" IPI="VlE6gKWU70LM" birthDate="2019-05-03Z"/>
            <Participant name="A7G_UaA" role="subscriptwriter" IPDN="DwVa8GDBWSdxfplp-2K_Hi" performance="soloist" grossFee="-462930029.00"
                 modifier="A" IPI="nDRhE.n-Fas24eGpO" birthDate="2019-07-01"/>
            <Participant name="sYDb_zK3s7UybeLF6c" role="music director" IPDN="D_oHWE" performance="soloist" grossFee="-1753299632.98"
                 modifier="B" IPI="f-oDo" birthDate="2020-06-11Z"/>
            <Participant name="hdzLd7jZbnNtMx8PXj" role="producer" IPDN="XGY0wc" performance="soloist" grossFee="571888631.01"
                 modifier="C" IPI="UVyRRTuIpS4EuTJhVujWTqX" birthDate="2019-08-13"/>
        </Participants>
        <Record title="INZOKu7aE" spins="1516725674" ISRC="FV12O45XX763" year="0326" producer="MihhahcB5BW6p.ytDe1Kf"
             label="AzL2vtXDz" recordNo="uQ7BNpg7p2QAs_t4w2Ob9OcWccQ" serialNumber="WYoaqJqO7" isPremiere="0"
             usage="broadcast" ISWC="C-1LLElWd8KoHeq" AKA="U6YI-LY8Vz7jrlhB1" genre="commercial" broadcastedFrom="2020-06-22T11:21:16Z"
             broadcastedTo="2020-01-01T11:21:16Z" runtime="340910229" origin="self" alternativeTitle="zs2JKOVmOBS3eIRIs_mgEe62i"
             recordedFootage="630371953">
            <Participants>
                <Participant name="X.ltU1Y71xNOPO9WUM" role="arranger" IPDN="kkwxgKx4hJdCbQBMzjoFW2c" performance="supporting" grossFee="165690631.40"
                     modifier="B" IPI="bwIc" birthDate="2020-06-24Z"/>
                <Participant name="P82" role="composer" IPDN="HaLQRsksu.SJYF3xKyH" performance="supporting" grossFee="-1788740114.29"
                     modifier="A" IPI="kTSP.5rNE96-S6" birthDate="2020-04-27"/>
                <Participant name="Nak" role="subscriptwriter" IPDN="vP6_ef_tI2U9wSJ1etN-H2bE" performance="conductor" grossFee="1579896330.73"
                     modifier="B" IPI="IuMZ678xhZHFkpfqP3" birthDate="2019-04-12Z"/>
                <Participant name="XAl9aSARsVRa" role="music director" IPDN="wWvhYLeL2Ni3hOPp" performance="main" grossFee="-574711050.71"
                     modifier="B" IPI="nlwUQScqfV9npw60WIaKiF8T" birthDate="2020-01-23"/>
                <Participant name="tZl2W7ysJbcRr" role="producer" IPDN="nh8GlTDHrFdmCJxIGIhsFI" performance="main" grossFee="1656188503.02"
                     modifier="A" IPI="nPISwYvOaXquLpIeRY06EwLk6C79o" birthDate="2020-04-16"/>
                <Participant name="E6KJ1qyDewoNG9wywLduxxPrV" role="sound engineer" IPDN="S52e4g5MWGAahYqS4NdMroV" performance="supporting"
                     grossFee="43767563.16" modifier="A" IPI="aUmkMOTEAnL3_IiPor" birthDate="2019-10-29Z"/>
                <Participant name="paOoYMut51_EfW0N3" role="remixer" IPDN="BLhx8kX0JZqOR" performance="supporting" grossFee="861412212.52"
                     modifier="A" IPI="ZCVF" birthDate="2018-10-22"/>
                <Participant name="GGur0" role="sound engineer" IPDN="CKGw" performance="main" grossFee="1382723650.95" modifier="B"
                     IPI="gAy" birthDate="2019-03-03"/>
                <Participant name="VE8IfYxV5_9w32ic3ij_1l" role="composer" IPDN="xL7C" performance="soloist" grossFee="1504146565.66"
                     modifier="C" IPI="BNf2GwWie89Swo5R_.8qwRqJJURV" birthDate="2019-12-05Z"/>
                <Participant name="dT1Cfg9.IKrk4_zrKmg" role="sound engineer" IPDN="i5aIIYV0r.blR3A" performance="supporting" grossFee="-1520392737.76"
                     modifier="A" IPI="X-u7lh3E" birthDate="2019-05-22"/>
            </Participants>
        </Record>
        <Record title="liAD_v-O" spins="1887269254" ISRC="NQ3TK31P4XZ0" year="9337" producer="JIdEVX" label="mCgnHmYa.y1qAP_69BGPc"
             recordNo="r2fyCU" serialNumber="lU4xhPpkDzAQ3uZtRTG" isPremiere="false" usage="jingle" ISWC="rc_CdUYJD0RfK"
             AKA="f" genre="classical" broadcastedFrom="2018-10-04T11:21:16Z" broadcastedTo="2018-12-18T11:21:16Z"
             runtime="1322866826" origin="free of charge" alternativeTitle="URPbmDxbyxMd5f" recordedFootage="1340117521">
            <Participants>
                <Participant name="sPA1fp.n_DNC1DD6S" role="composer" IPDN="RKSjvPwiFu" performance="soloist" grossFee="-621391919.29"
                     modifier="A" IPI="LCAlZTfZtaJsn" birthDate="2020-04-11"/>
                <Participant name="LT6mLClwYCqkRmqx1AJLYsTc" role="subscriptwriter" IPDN="l5cpnlnMmL5YTeJDYMBGaSpRz1_PQ7" performance="chorus master"
                     grossFee="-1543429880.64" modifier="B" IPI="upOQQZ" birthDate="2018-09-11"/>
                <Participant name="SDhoDIlN4" role="composer" IPDN="LaH_sRR.w" performance="conductor" grossFee="-1505981872.30"
                     modifier="C" IPI="hJB1AFYEvAMBIv_WaaxmMcLz" birthDate="2019-07-17"/>
                <Participant name="wzxTY.6RSLWppfr" role="sound engineer" IPDN="hwlRHC2P0pZh9eo34UQjG" performance="conductor" grossFee="1271450172.80"
                     modifier="A" IPI="y3Rb7fXViXLeSq5PYo5lSIBB4Z" birthDate="2020-01-10Z"/>
                <Participant name="U9_oK.x8yA" role="remixer" IPDN="mnKAoZJ5XnAYgzCNqzQ" performance="supporting" grossFee="-362899355.91"
                     modifier="A" IPI="v2szFwpSmA9VqdG8451bvtWsPXFrAC" birthDate="2018-08-09"/>
                <Participant name="vTNKOpR6tije3uQhCtCnBlD" role="arranger" IPDN="YPotIym2.RRH_3bDvww" performance="main" grossFee="-468710966.18"
                     modifier="C" IPI="glly1nyq8Ffk3g6mxs59VX_JcNOh90" birthDate="2019-01-17"/>
                <Participant name="N1RM74Apcz" role="producer" IPDN="A" performance="main" grossFee="-1712060139.64" modifier="B"
                     IPI="U1zZv.sX6Yteo8ifYNE5ftytLq4Vzd" birthDate="2019-09-26"/>
                <Participant name="syst_NNMa8dK-gu1HD-qUSzMYC" role="music director" IPDN="qPfbufQwgxd.05ldlq" performance="chorus master"
                     grossFee="173641805.83" modifier="C" IPI="KG6xJT-65l" birthDate="2018-12-15Z"/>
                <Participant name="h3n-" role="sound engineer" IPDN="Gwe.UY6831nG1yvrQc" performance="chorus master" grossFee="1310348998.08"
                     modifier="C" IPI="pNE4mv5WS6MylozBU64xtDQwkmNLY0" birthDate="2020-01-29"/>
                <Participant name="SvVPWCZIw5XTKrAVqpLKL4WJlL" role="sound engineer" IPDN="frr1YHeaLHSDXJgwVALOKFb" performance="chorus master"
                     grossFee="-630787857.53" modifier="A" IPI="nH2IFvJw-Wct" birthDate="2019-08-01Z"/>
            </Participants>
        </Record>
        <Record title="mCFEO.7LC1ZDj_yhvmxtw" spins="204913383" ISRC="29IM362FQWLP" year="3765" producer="Arrv3" label="cXJ"
             recordNo="KijRYl4R" serialNumber="wf" isPremiere="1" usage="jingle" ISWC="mfzq0IFThx.EmPKCh5PvFUXYpY"
             AKA="nJBwPDegEU" genre="spoken word" broadcastedFrom="2018-10-08T11:21:16Z" broadcastedTo="2019-06-26T11:21:16Z"
             runtime="620096770" origin="commercial" alternativeTitle="fbuPIAafyrBP83kgER5KBQ979FCO"
             recordedFootage="1490731715">
            <Participants>
                <Participant name="Um87C" role="producer" IPDN="xVu-rVd2MY6i5JLbL5YiytA" performance="main" grossFee="792524915.72"
                     modifier="B" IPI="duTBj09jqVBPL.2GZ0.K3" birthDate="2019-04-03Z"/>
                <Participant name="g.RTf1taybUt6F1Q7eZYVcOGcP" role="remixer" IPDN="GwmKzrDHB2Lo" performance="main" grossFee="-399347952.70"
                     modifier="A" IPI="z7YgfuzamkQM5QOQzIdfUP6cHCKj" birthDate="2020-02-25"/>
                <Participant name="_7fi0nj7a" role="producer" IPDN="pe.ep7yHVPGFBu2wX" performance="conductor" grossFee="-526689485.10"
                     modifier="C" IPI="z3QqDajwJETTPBKDB4gQDr-" birthDate="2019-11-11Z"/>
                <Participant name="ovBUePT9h04FD613PAE.7eNN" role="producer" IPDN="xY17LT.bHiZvBo" performance="soloist" grossFee="-862654138.13"
                     modifier="A" IPI="F" birthDate="2019-11-30"/>
                <Participant name="Bs-HTwOIIhg7_" role="arranger" IPDN="KF7XY4R_HEFbbXORcppFrVVX.SUwjQ" performance="soloist" grossFee="1701893104.52"
                     modifier="B" IPI="Gb5ic7gGYQoxA4Z76sTKk" birthDate="2019-04-02"/>
                <Participant name="hnC78GFo91-" role="scriptwriter" IPDN="v-rqHY0h" performance="chorus master" grossFee="326021324.05"
                     modifier="C" IPI="HzkkWldfVlJafKF9zxJ1S5Byt5TTd" birthDate="2018-09-12"/>
                <Participant name="rOOmFM" role="composer" IPDN="jyQw1nq.qk" performance="supporting" grossFee="515241422.87" modifier="C"
                     IPI="KNDlgppvpdiHXN.f9ctyaNT7CXK" birthDate="2019-04-02Z"/>
                <Participant name="n5vSV2." role="remixer" IPDN="Csx.Uoz" performance="supporting" grossFee="-568146710.42" modifier="C"
                     IPI="gv.nG3ybg7JVovMCTdvddm53" birthDate="2020-01-10Z"/>
                <Participant name="BJs2X8zFb.ll9AJYSan-cBR" role="performer" IPDN="GrdrNXm7bo6bMBv" performance="main" grossFee="-1919110026.56"
                     modifier="B" IPI="mTLJrkhNJ6z8O458XwWX6RhHV9QL" birthDate="2019-08-27"/>
                <Participant name="d" role="scriptwriter" IPDN="g" performance="soloist" grossFee="-1550782254.54" modifier="A" IPI="G-QOWnQTpX4i9"
                     birthDate="2019-10-15Z"/>
            </Participants>
        </Record>
        <Record title="ATHxFwO-YFq" spins="2132858856" ISRC="MHS8LF2158P3" year="3281" producer="eLt5nGUWJ86cvQUN0bAU"
             label="Sp4B" recordNo="O" serialNumber="rGsDm" isPremiere="true" usage="commercial" ISWC="tPF.P6Mgntr.G1AM.EDiv7DKfBlK"
             AKA="_gju4SAtEWvWFMqJ1dO93t2dj90n" genre="jingle" broadcastedFrom="2018-10-07T11:21:16"
             broadcastedTo="2019-11-22T11:21:16Z" runtime="1065013718" origin="free usage" alternativeTitle="RNGxmTNDxu33UIeJD"
             recordedFootage="1077334725">
            <Participants>
                <Participant name="UDK7UqZprCkJBx78C" role="performer" IPDN="iZU0wndZMmLMPtkKM" performance="conductor" grossFee="15858658.19"
                     modifier="A" IPI="O3vESiN2xE1Y4KHvnb" birthDate="2019-06-20"/>
                <Participant name="Sq_" role="subscriptwriter" IPDN="cE-haeCv6TOBR6jxeEw1B" performance="supporting" grossFee="-588226593.25"
                     modifier="A" IPI="UDdgnPHO9s9yPIcdowW0MC_phKr6O" birthDate="2018-08-13"/>
                <Participant name="vgK0Q3z6jzklEuYnUt" role="music director" IPDN="E2PM78ND7d" performance="supporting" grossFee="318703342.67"
                     modifier="B" IPI="Qxxy.21q" birthDate="2019-08-25Z"/>
                <Participant name="mRD2FAn-nAIqftc" role="sound engineer" IPDN="EEQobp" performance="conductor" grossFee="1114429615.86"
                     modifier="A" IPI="PvPkWd_nr" birthDate="2019-12-17"/>
                <Participant name="GOHBoRvlEjhd.FF2-1" role="arranger" IPDN="xVF2KlWL" performance="conductor" grossFee="-232239879.61"
                     modifier="B" IPI="XYLPHz20bX" birthDate="2018-12-11Z"/>
                <Participant name="aejL0eqWEfJKzUkmQn2NoHHpRxMnU2" role="remixer" IPDN="HVQ.EHZMQYesYAVh7y.jM10zEtJte" performance="supporting"
                     grossFee="-812498973.19" modifier="A" IPI="q3e_o-Qskrd" birthDate="2018-12-27Z"/>
                <Participant name="JjPw" role="producer" IPDN="MXuPaTbCNWgTaFRvPGgdbEzfM.3KY" performance="main" grossFee="-335557771.91"
                     modifier="C" IPI="EGcx" birthDate="2019-12-25Z"/>
                <Participant name="DyEof0FXDco6X2XnREsoHi664_0_" role="scriptwriter" IPDN="KBAkiFXm" performance="soloist" grossFee="1289907146.07"
                     modifier="B" IPI="dZqNvhiFueT0GZAD0Jq11vtBxuIJ" birthDate="2018-08-30Z"/>
                <Participant name="EIlzRdZ" role="sound engineer" IPDN="l7OCjabUnIYPxzK" performance="supporting" grossFee="-157633396.66"
                     modifier="B" IPI="Rci6qKJ7w" birthDate="2020-03-17"/>
                <Participant name="vhpUGR" role="arranger" IPDN="Kdyo.Zn3CC02V1X" performance="main" grossFee="-258995508.49" modifier="A"
                     IPI="h0m0kxqlxnYje" birthDate="2018-10-09"/>
            </Participants>
        </Record>
        <Record title="p2868gNPfEpkWXy73vL" spins="848842747" ISRC="67889TA9CNUC" year="1156" producer="LIGr43" label="zKqwmDiz2MgeCRYmBDku5Qpp"
             recordNo="ri1MR7RFbVuY6FDSaYhN" serialNumber="kIkobGrtJv" isPremiere="0" usage="jingle"
             ISWC="JbRWn9SVVmWIxWwOUR-8tphR-qSN4K" AKA="nphilb" genre="classical" broadcastedFrom="2019-06-23T11:21:16"
             broadcastedTo="2019-09-24T11:21:16Z" runtime="974177734" origin="recorded stream" alternativeTitle="q"
             recordedFootage="199415008">
            <Participants>
                <Participant name="laMdjaNE_IDjz3VGs0J" role="remixer" IPDN="ZFWJT" performance="conductor" grossFee="1637166414.27"
                     modifier="A" IPI="JHGH83KnVkbAzpA_I1CmYzK" birthDate="2020-04-06"/>
                <Participant name="iJmCwwqXWsVx0.MYCwi6K8K1D" role="arranger" IPDN="GoX5kuCO1vAL0z" performance="conductor" grossFee="-1965523164.24"
                     modifier="B" IPI="WMo" birthDate="2019-08-16"/>
                <Participant name="ERcKCg7MdEO93f5A" role="sound engineer" IPDN="FOxmkiPcVb.2flDTF4vaBJJ" performance="main" grossFee="-1612514000.86"
                     modifier="B" IPI="ZXGN5GPF.1VLymY0UE51Bi" birthDate="2020-01-28Z"/>
                <Participant name="v0uhb4TWFrTvLPpn9iE" role="remixer" IPDN="g1dcKuR6kFbEiJyhr2LgN" performance="soloist" grossFee="195388815.53"
                     modifier="A" IPI="lFbUU-thFCy6J-3jgvXwovA" birthDate="2019-04-09Z"/>
                <Participant name="l-_yBtBkcSP-dE" role="subscriptwriter" IPDN="svpr9u.tBZZ" performance="soloist" grossFee="1789386985.04"
                     modifier="C" IPI="hENRx.w7" birthDate="2019-08-05Z"/>
                <Participant name="OUjM-8UtLySPflSjn55KKfzRnRow" role="music director" IPDN="temPCy.RPK" performance="chorus master"
                     grossFee="-755571770.86" modifier="B" IPI="FcZjkMV-VNvW16pXe1tDujIa6FL" birthDate="2019-09-14Z"/>
                <Participant name="qO4KLnF5EfETIT9cIN1npx9PfQ" role="scriptwriter" IPDN="v2k-kWvWnoPjPNAIRPKy5ntKkhz6T" performance="chorus master"
                     grossFee="1953247997.00" modifier="B" IPI="Qgxf8Fpi..L4du" birthDate="2019-11-14"/>
                <Participant name="n-DmFWQq_-0Vn3P" role="subscriptwriter" IPDN="xf.m" performance="chorus master" grossFee="-1911470016.36"
                     modifier="C" IPI="K8_b8id6" birthDate="2019-07-17Z"/>
                <Participant name="aMA-6PKVYz0hRF" role="producer" IPDN="mp22S.mrWAWKUIH" performance="soloist" grossFee="1350769846.23"
                     modifier="A" IPI="KyQs" birthDate="2019-12-27Z"/>
                <Participant name="g1GGQXCmjKa37" role="arranger" IPDN="DaTrz0wbxQD-Eku.mN-8QGlx" performance="soloist" grossFee="-1121061440.74"
                     modifier="C" IPI="yv" birthDate="2019-11-10Z"/>
            </Participants>
        </Record>
        <Record title="DKf5NcJyk2T1r9j-anotMhPs" spins="7548696" ISRC="M4BU321WW534" year="1084" producer="CU_oI-" label="rFzYXIyi80kqE2"
             recordNo="M1u04uDVwBnFnPN5Qi1S2Szg14hIdR" serialNumber="w..HGVEbap" isPremiere="1" usage="broadcast"
             ISWC="t-vAG_K" AKA="fx9jUp" genre="commercial" broadcastedFrom="2019-12-17T11:21:16Z" broadcastedTo="2018-12-21T11:21:16Z"
             runtime="1378616840" origin="commercial" alternativeTitle="bTBEHYWHdP8Kh-pIL3nwQs_Sn4" recordedFootage="858820273">
            <Participants>
                <Participant name="FEwmd.f_wOu4X91ck" role="music director" IPDN="XAwddijksBH5R" performance="soloist" grossFee="2125645896.06"
                     modifier="A" IPI="gP9_yMw-jNzqk8yQ" birthDate="2019-07-08Z"/>
                <Participant name="paj8aKxK.iYhvcuaN5dh" role="subscriptwriter" IPDN="BBfS" performance="main" grossFee="-1488512987.59"
                     modifier="A" IPI="yY4ohAFmADjebNXiUtqidbZ_tA.WC" birthDate="2019-04-22"/>
                <Participant name="LgGxX.iVr0ILk6e3Y0HV356_Hdb80b" role="composer" IPDN="tjk7xmc" performance="chorus master" grossFee="-154449094.89"
                     modifier="C" IPI="N1oAnKibSjx6maJt" birthDate="2019-08-30Z"/>
                <Participant name="JloU41YRyexhjDlymw" role="sound engineer" IPDN="SoZQd07nuiGwy_0aonYb4kEyFj" performance="conductor"
                     grossFee="-1471157630.37" modifier="C" IPI="QkWZn" birthDate="2020-01-09"/>
                <Participant name="br0C0MA.v2Rf4Ns5aFP0gk8q" role="subscriptwriter" IPDN="N7WlOFIFFC" performance="chorus master"
                     grossFee="1186009411.43" modifier="B" IPI="Sk7cvcnSnpi5YjZhpRgd" birthDate="2019-07-24"/>
                <Participant name="PwY" role="sound engineer" IPDN="cu33tpqRbsfqJll" performance="conductor" grossFee="-1106904535.86"
                     modifier="C" IPI="LEqXhsno1ZASNWq11LFW" birthDate="2019-05-19"/>
                <Participant name="MshBSVEZcTZ" role="performer" IPDN="dXuKNch-AxM0C" performance="main" grossFee="1251926340.60"
                     modifier="C" IPI="XcC8hLdFuIXss0xGtmxLvC8H5TTpw8" birthDate="2019-06-10Z"/>
                <Participant name="URdkzzUXaV7x" role="subscriptwriter" IPDN="KGNpSyVKRgUzYm2oLBKcg" performance="soloist" grossFee="-735294605.72"
                     modifier="C" IPI="vnl.XfrQC" birthDate="2018-10-05"/>
                <Participant name="mJw4K0" role="subscriptwriter" IPDN="tGqKKT.cz7tOfNoVHZ.U5KM3" performance="conductor" grossFee="-849423397.98"
                     modifier="B" IPI="jxI1vlcFYh6" birthDate="2019-08-09Z"/>
                <Participant name="a6o.ADs7" role="composer" IPDN="p1LyrZ" performance="chorus master" grossFee="-1268040521.55"
                     modifier="A" IPI="PSl8StXkbmml0kVp" birthDate="2019-01-25Z"/>
            </Participants>
        </Record>
        <Record title="D-" spins="33166231" ISRC="EU9P183D44A7" year="2182" producer="i__7fUKxkaSsZc_1fU" label="ge-q.Pj0JE0G"
             recordNo="wRtWiMccFX1hAZAcJff" serialNumber="qA" isPremiere="0" usage="broadcast" ISWC="scEDg1FrJq_b"
             AKA="e4FEn" genre="composed" broadcastedFrom="2019-09-24T11:21:16Z" broadcastedTo="2020-06-08T11:21:16"
             runtime="452428638" origin="report" alternativeTitle="VwKZATi0" recordedFootage="1124299020">
            <Participants>
                <Participant name="iuMxd" role="music director" IPDN="_czMBpMXbhnrH5" performance="conductor" grossFee="-741377557.65"
                     modifier="B" IPI="tXS0ea4-r1_" birthDate="2018-08-12"/>
                <Participant name="RQtPiD0LRd1UtoA0kooM7" role="scriptwriter" IPDN="q23Y6Ff2l" performance="chorus master" grossFee="1319774400.00"
                     modifier="B" IPI="HHf7eAXp" birthDate="2020-02-12"/>
                <Participant name="BPh-kh" role="sound engineer" IPDN="QaP" performance="conductor" grossFee="-936914396.49" modifier="A"
                     IPI="wlbzbfc3ljxT0ZOTOo" birthDate="2019-04-07"/>
                <Participant name="_oDm8w6U" role="subscriptwriter" IPDN="hnr" performance="main" grossFee="-758783990.78" modifier="B"
                     IPI="oxU" birthDate="2020-03-31"/>
                <Participant name="JB" role="subscriptwriter" IPDN="RSxap" performance="supporting" grossFee="803031107.68" modifier="A"
                     IPI="Mnvf" birthDate="2019-01-01"/>
                <Participant name="ClP" role="producer" IPDN="TFTXdXvEo" performance="soloist" grossFee="-1873950387.68" modifier="A"
                     IPI="vOh" birthDate="2019-08-04Z"/>
                <Participant name="VFp" role="scriptwriter" IPDN="XT79BpFTV32by" performance="soloist" grossFee="-746754689.95" modifier="B"
                     IPI="Q_yp7HHBBYDp3" birthDate="2018-09-14Z"/>
                <Participant name="M" role="sound engineer" IPDN="GC" performance="conductor" grossFee="715447793.20" modifier="C"
                     IPI="Q" birthDate="2019-05-30"/>
                <Participant name="sktxbYttHBNEh" role="music director" IPDN="xS9" performance="chorus master" grossFee="745937188.06"
                     modifier="B" IPI="uVzCc-bvRPrksN7L2Utl" birthDate="2019-05-20"/>
                <Participant name="TCoR.HKX4pP15T" role="producer" IPDN="fD3njjhtg7wVotZR.2KdK" performance="soloist" grossFee="-2096033779.67"
                     modifier="A" IPI="C9se4m.t24x_.2x" birthDate="2019-06-21"/>
            </Participants>
        </Record>
        <Record title="EdtJEfxwpmuqwbP8N8P27EPbXou0" spins="1161913963" ISRC="I5G08P307R8U" year="5132" producer="sa"
             label="UpVJc8v-uY6mQ3yZx0KlglET" recordNo="huPD7G.upEabm5Fh05" serialNumber="mEARLlRrUd"
             isPremiere="0" usage="jingle" ISWC="T8sK7EL-cm" AKA="n5prU1R8ST24VBuFLmT06wVzbi" genre="commercial"
             broadcastedFrom="2020-02-11T11:21:16" broadcastedTo="2020-04-19T11:21:16" runtime="672223622"
             origin="self" alternativeTitle="Fg" recordedFootage="1042773505">
            <Participants>
                <Participant name="gyh4rltdfdO4qgeON7_dM" role="sound engineer" IPDN="iiEstgmU0.h3" performance="conductor" grossFee="1816958034.20"
                     modifier="C" IPI="_qyCmJkcc5y2-GZPx8v.Dvg7" birthDate="2019-04-05"/>
                <Participant name="hW03cxA2vfzHaPEaUlg32" role="sound engineer" IPDN="_euvr97Q.c6EfhsKe9QCyFeH" performance="soloist"
                     grossFee="-1122982758.82" modifier="C" IPI="ScXgq" birthDate="2020-01-02"/>
                <Participant name="iS0urSj.Ql2AXIPH4PsQVWvjOMEO" role="producer" IPDN="bmmVWNW.a4ee-klvuP7" performance="supporting"
                     grossFee="-777860811.06" modifier="C" IPI="VA6e_we_hq" birthDate="2018-07-07"/>
                <Participant name="UJDMpIa40EL" role="remixer" IPDN="kW9EY4zOJg4oLiwNY3gPgh5-p" performance="main" grossFee="-870755292.84"
                     modifier="C" IPI="WGyfmEs97a" birthDate="2019-07-04"/>
                <Participant name="O4gzPNc" role="producer" IPDN="Vz" performance="chorus master" grossFee="-262814132.89" modifier="A"
                     IPI="jyFuCAAyJlNdIq.nTm6yZWN" birthDate="2020-01-05"/>
                <Participant name="w1OLk" role="music director" IPDN="BfQ.nePYOwVYpA81-UizfMAfisg" performance="conductor" grossFee="-1964829723.46"
                     modifier="A" IPI="s1DFxmv.ZEKJAIq2GnPRKIfZ03k" birthDate="2018-11-11Z"/>
                <Participant name="jm1Rx57ZI" role="producer" IPDN="GVd" performance="chorus master" grossFee="700919235.95" modifier="A"
                     IPI="d" birthDate="2020-04-21Z"/>
                <Participant name="fQk" role="arranger" IPDN="JtsIUtQMatAC5MG2Ec3w" performance="conductor" grossFee="1123778089.59"
                     modifier="B" IPI="Ks0caSQlmTzSCfl88OBHI1tXRXk_p" birthDate="2020-03-08Z"/>
                <Participant name="Onh..Db_1i9" role="sound engineer" IPDN="LE" performance="soloist" grossFee="-848915919.96" modifier="A"
                     IPI="OzQzaZ" birthDate="2019-07-12Z"/>
                <Participant name="G1W8u2g.NS1PRBhGuazST61fQn" role="performer" IPDN="O5hoQF9Tj9LCA46oAnWfd" performance="main" grossFee="-1046310677.58"
                     modifier="B" IPI="Zp8hMlqwMm" birthDate="2019-05-03"/>
            </Participants>
        </Record>
        <Record title="iA" spins="552522705" ISRC="XY0HUJG9454C" year="4936" producer="H4gZnDnm" label="sH-.qFH7uYDvc5W"
             recordNo="abbpZnmR-xPi8" serialNumber="bALQFlVfVoWW" isPremiere="0" usage="broadcast" ISWC="VroeluZmuf9tiroymbk"
             AKA="U2s290LW" genre="composed" broadcastedFrom="2018-07-30T11:21:16Z" broadcastedTo="2019-03-29T11:21:16"
             runtime="380195648" origin="commerce" alternativeTitle="W7kHHepJh1epli5p.e" recordedFootage="1418901785">
            <Participants>
                <Participant name="S8B-cux8" role="performer" IPDN="vl" performance="chorus master" grossFee="504877151.77" modifier="B"
                     IPI="d5kblFVNsPtFbagMNXX" birthDate="2019-03-09Z"/>
                <Participant name="Y3r91fLLSOmplEwDrHM.T_" role="scriptwriter" IPDN="lfc" performance="chorus master" grossFee="1535995162.20"
                     modifier="B" IPI="d8pgIgupfGvK-mC8uUs4F6_" birthDate="2019-05-30Z"/>
                <Participant name="h2ddYZ7erdUSUems.d.50fhHY" role="music director" IPDN="hgZ3v2" performance="supporting" grossFee="-1881560682.60"
                     modifier="B" IPI="yUVELQFWDQln29" birthDate="2020-03-18"/>
                <Participant name="B0" role="producer" IPDN="cnZn5GgoQ" performance="soloist" grossFee="-794220682.96" modifier="B"
                     IPI="aZgd8Pu1kjWRlcJLuzpy0ddG" birthDate="2019-04-30"/>
                <Participant name="eKFX5XpsxV" role="composer" IPDN="iz1uZweS0TkVgDytcP5246QP" performance="supporting" grossFee="-130289132.55"
                     modifier="B" IPI="IAQ-gkh3s2JPEsHkLot5xW" birthDate="2019-10-23Z"/>
                <Participant name="Py-pTRr2ITkf.RsxZR" role="music director" IPDN="uPxo9h" performance="supporting" grossFee="-66701615.84"
                     modifier="A" IPI="RwmObEG331MNQrJURFLHZp" birthDate="2018-07-14"/>
                <Participant name="aQx3X-7JF-u8sTs2Zk" role="remixer" IPDN="xx3JVEntyqdztxL7gV5Y5dJ0y.7GsP" performance="main" grossFee="-268695171.47"
                     modifier="C" IPI="xE6" birthDate="2018-12-19"/>
                <Participant name="PKHu4L21CUnCkUcKuc8pOtijYNf" role="sound engineer" IPDN="OIACgZJz-" performance="chorus master"
                     grossFee="-1138860203.58" modifier="B" IPI="wQ_Kip" birthDate="2019-06-29"/>
                <Participant name="Aq" role="composer" IPDN="j_9HBV_yPd2hb" performance="chorus master" grossFee="-1533079208.02"
                     modifier="C" IPI="DJyFeV" birthDate="2018-08-03"/>
                <Participant name="I7E3t4EaSC" role="producer" IPDN="MPz5ivnm" performance="soloist" grossFee="-1067817594.32" modifier="B"
                     IPI="BmhWUirW3CieC9oCfNdbk0znEYuV" birthDate="2019-09-14Z"/>
            </Participants>
        </Record>
        <Record title="wOlf" spins="1716558571" ISRC="X4W9L0R785LD" year="5820" producer="qrZbG76" label="IOxnmuQIEc"
             recordNo="LJnJ9bGhtdPD" serialNumber="nYBYeTkUsNSQw5J" isPremiere="true" usage="jingle"
             ISWC="ZZP7" AKA="Is.LW" genre="jingle" broadcastedFrom="2018-10-17T11:21:16" broadcastedTo="2018-09-05T11:21:16"
             runtime="599231819" origin="commerce" alternativeTitle="eulk2.rIoE.oCa" recordedFootage="1736849709">
            <Participants>
                <Participant name="ylsPKLJzEdq19ImVRw" role="scriptwriter" IPDN="RH5JNUl" performance="supporting" grossFee="-2082040326.59"
                     modifier="A" IPI="CsYQgc3lu" birthDate="2019-01-02"/>
                <Participant name="Ow55sOb" role="sound engineer" IPDN="FgRnqhrh" performance="chorus master" grossFee="1700910866.84"
                     modifier="A" IPI="uKd8ESaeIp9j-" birthDate="2019-07-22"/>
                <Participant name="TgLGgAQIMXxPBq-4Xj" role="subscriptwriter" IPDN="F5J7luBQMI_9iLJD" performance="supporting" grossFee="943233564.20"
                     modifier="C" IPI="DR1.ZCNygLu" birthDate="2019-08-21Z"/>
                <Participant name="yQiKYuPEbHYb_ts" role="producer" IPDN="W3c__wEAYJi9M0bqdNNdcR" performance="supporting" grossFee="2087057600.34"
                     modifier="C" IPI="O2Dv37-BZQaeS3LOYv" birthDate="2020-05-28Z"/>
                <Participant name="WAht1Aty2H4Am-yY-JW2l_-atXtFP" role="remixer" IPDN="Os" performance="soloist" grossFee="-621995719.91"
                     modifier="C" IPI="pPR" birthDate="2020-05-01"/>
                <Participant name="KVrpYqsGdOjBYFR8xUEPWitUQd" role="sound engineer" IPDN="sh_5" performance="supporting" grossFee="-3743620.48"
                     modifier="A" IPI="eZYWQIiKowLGMy2-0j44CEOiBGFtI" birthDate="2020-02-01Z"/>
                <Participant name="gFhppjseUMAWGaeRhnKuxwIJvi" role="performer" IPDN="JgzduQukwDI2xDM1eSTEpwVs6RN1o3" performance="main"
                     grossFee="536521706.03" modifier="A" IPI="hIRY8N28UBNg5Us8" birthDate="2019-04-20"/>
                <Participant name="p" role="remixer" IPDN="JcoOUDhmbceUqMWyBH" performance="conductor" grossFee="1604619822.02" modifier="C"
                     IPI="nSIB6tvwyi3Tl8B.7-22KH4aGmZ" birthDate="2018-10-11Z"/>
                <Participant name="wB42KdxlHvSbWiD-8yJX_YmiSt._B6" role="remixer" IPDN="S4p9T3GzDgyHsv0ujf1LY1A9GXIWc" performance="chorus master"
                     grossFee="806951224.28" modifier="C" IPI="Zm" birthDate="2020-01-06"/>
                <Participant name="D86b1OP86ggNwjj3L2.7yyay7GKf" role="arranger" IPDN="FuYiSPYnSZoT" performance="main" grossFee="37698898.64"
                     modifier="C" IPI="lLltECQX" birthDate="2018-08-31"/>
            </Participants>
        </Record>
    </Record>
    <Record title="PwPUnFmNq.HhGzWb0OmcOUHH" spins="1547579133" ISRC="GZ339931EMQ0" year="3229" producer="tiQtbuhq7JHvhzzwe55"
         label="En-krL" recordNo="D.hGlZPALHGWrc2crXnpTXy_G" serialNumber="yJwDbQ81ETtxHp" isPremiere="false"
         usage="jingle" ISWC="WqPpYJOrw" AKA="NH-_RXOAOrU3el5" genre="pop" broadcastedFrom="2020-03-03T11:21:16Z"
         broadcastedTo="2019-10-03T11:21:16" runtime="114565812" origin="free usage" alternativeTitle="Xvrd46UTkNCZ._f"
         recordedFootage="1508064275">
        <Participants>
            <Participant name="Q5MSzXRq3xGNW-HtDN4H" role="scriptwriter" IPDN="EWy49wcI5Qv9V" performance="chorus master" grossFee="2104523224.01"
                 modifier="C" IPI="I2VKBKC01" birthDate="2020-04-19"/>
            <Participant name="L-kgPhr" role="composer" IPDN="VvfjKjoCa_d" performance="chorus master" grossFee="15493543.14"
                 modifier="A" IPI="OxrBPQik3DH1NckrrOFggh0" birthDate="2019-01-14"/>
            <Participant name="x1ktGFsxDnhj3tQCK6gojO3nCq" role="scriptwriter" IPDN="XyLz" performance="main" grossFee="761626123.30"
                 modifier="C" IPI="LmfJThgu0kOTyqF" birthDate="2018-12-06"/>
            <Participant name="eKrblWFb.E" role="composer" IPDN="Pg.b_U8WB" performance="supporting" grossFee="-572106476.37"
                 modifier="C" IPI="Imj4pj" birthDate="2019-06-25Z"/>
            <Participant name="QN79ET" role="scriptwriter" IPDN="SgiT2wRY" performance="conductor" grossFee="-2118234528.08"
                 modifier="B" IPI="C3ul" birthDate="2020-01-29Z"/>
            <Participant name="hB" role="subscriptwriter" IPDN="oCLUVfINcmMMVu1W7" performance="main" grossFee="1587642280.79"
                 modifier="A" IPI="L1AIUotl" birthDate="2019-09-22Z"/>
            <Participant name="TRdDDLXT-K" role="performer" IPDN="pOljYfB" performance="chorus master" grossFee="-862692071.59"
                 modifier="A" IPI="vUQiglEVm9T7yr3NOpBF.A" birthDate="2019-09-06"/>
            <Participant name="z20opneIOW1AoTIasbCA4AW" role="music director" IPDN="fikbSb-H6R" performance="chorus master" grossFee="1366862949.18"
                 modifier="B" IPI="qos9KTqA_Ef1" birthDate="2019-08-24Z"/>
            <Participant name="OZOIba3a" role="scriptwriter" IPDN="uiDjXlHDwebJKoq8rzwjVsqv" performance="main" grossFee="829440899.22"
                 modifier="B" IPI="h-" birthDate="2019-01-01Z"/>
            <Participant name="Y1dinkt" role="performer" IPDN="uTLhrYrf24N00C.QEDUk2Wyp" performance="main" grossFee="1371454543.21"
                 modifier="C" IPI="OmO" birthDate="2018-08-07Z"/>
        </Participants>
        <Record title="n" spins="1582025667" ISRC="4G6WKSF81D18" year="5311" producer="wABfAh31_E" label="_kgBZmNgv.ZaZgjs2HYbitRn"
             recordNo="XdMGi30alq" serialNumber="pp" isPremiere="0" usage="jingle" ISWC="ZY_yEQqzVAMQjsapg"
             AKA="iAMwmhLoy.ziB2yxz7X9fBAlFZj6" genre="composed" broadcastedFrom="2019-02-19T11:21:16"
             broadcastedTo="2019-09-01T11:21:16Z" runtime="2117754095" origin="commercial" alternativeTitle="_.AAefY"
             recordedFootage="531617652">
            <Participants>
                <Participant name="Gz4e06Japylqa" role="performer" IPDN="vHkwIXmJx8RZf_" performance="soloist" grossFee="-925450238.81"
                     modifier="C" IPI="Qd9CVlHfPhcdeC" birthDate="2020-05-25Z"/>
                <Participant name="GXCIV53.TmtYjJukeGRAXIUg1" role="subscriptwriter" IPDN="HOaOVUpt.bLmv6yhMH9FjSUT" performance="conductor"
                     grossFee="376393095.30" modifier="C" IPI="TcFXxufCyK" birthDate="2018-07-26"/>
                <Participant name="r8BzkHBlaHnrd93gCkuXJi" role="arranger" IPDN="dHN6oDL" performance="soloist" grossFee="848808710.71"
                     modifier="B" IPI="aIgeZqy-Jq.PlDvVJJ0qi8vBN.OU" birthDate="2018-12-27"/>
                <Participant name="P" role="composer" IPDN="vTCF" performance="supporting" grossFee="-809495649.62" modifier="C"
                     IPI="kTLLjiZW7" birthDate="2018-12-28Z"/>
                <Participant name="G-w1PVlwNJJgU8ED9jc6.WK.fNdvi" role="arranger" IPDN="xxqJJHy6IsW" performance="chorus master"
                     grossFee="736499994.57" modifier="A" IPI="WA-QrU" birthDate="2019-09-14"/>
                <Participant name="LJbK1x1rnYBT" role="sound engineer" IPDN="b.h29U" performance="chorus master" grossFee="-1280047029.56"
                     modifier="A" IPI="SdOmQoG" birthDate="2020-07-01"/>
                <Participant name="W3JGJA8D0.-I4QjcuVsftQ" role="producer" IPDN="qae" performance="chorus master" grossFee="-825600468.63"
                     modifier="C" IPI="FQznaD5TEGqp6Smt" birthDate="2018-10-14"/>
                <Participant name="i1Qc9q" role="sound engineer" IPDN="wqZiR-QrsRhqAJxNKHm" performance="conductor" grossFee="-1355347342.79"
                     modifier="C" IPI="v2lpdYevBMdi6QukDwo8Y" birthDate="2019-11-10"/>
                <Participant name="R_PI91Vadwpw1xEDdqM" role="subscriptwriter" IPDN="d86DznzZqrWf." performance="conductor" grossFee="-337000065.12"
                     modifier="B" IPI="QYU2w_xs" birthDate="2018-07-06"/>
                <Participant name="yPj39S7E9HKFyLnbBO0.HTUfu" role="composer" IPDN="RaVykGgOl29BJUBXSkt4NhYTro7Z" performance="main"
                     grossFee="-747743166.40" modifier="C" IPI="C" birthDate="2018-12-18"/>
            </Participants>
        </Record>
        <Record title="K-RiA2qT" spins="318032600" ISRC="3KBMN6520FAW" year="4424" producer="SER" label="SN3I3G6TtPG."
             recordNo="BhGc6p2WDWAoOu71HDXRHJOs" serialNumber="FdUjA" isPremiere="1" usage="jingle" ISWC="iHiwPP.THDmZa_lb6dDJueXVsw"
             AKA="YSwiOUL" genre="classical" broadcastedFrom="2019-05-15T11:21:16" broadcastedTo="2019-02-05T11:21:16Z"
             runtime="1036155589" origin="free of charge" alternativeTitle="k8BQ" recordedFootage="1547415141">
            <Participants>
                <Participant name="yK0WJPZjyHqqdyHZoMj9-nbqXqcIM" role="scriptwriter" IPDN="tG9Yu" performance="chorus master" grossFee="-1430874266.49"
                     modifier="B" IPI="WgGy" birthDate="2019-12-01"/>
                <Participant name="iF6YZ8vim_ywHnPYlhm2w" role="subscriptwriter" IPDN="iH45qysTKSftJwJAirdB" performance="supporting"
                     grossFee="-1195973160.28" modifier="A" IPI="gfGrqFca6" birthDate="2020-03-25Z"/>
                <Participant name="kyp7u6B4ZnNqdFhgDnrQj4f3Ak" role="remixer" IPDN="_aAN5RlyNIbUZ5" performance="conductor" grossFee="-1268067440.96"
                     modifier="B" IPI="GBpMkZgmZvDje_E" birthDate="2020-05-14Z"/>
                <Participant name="ulT" role="arranger" IPDN="mhZcQNHJeox29YyjAevUk-NGn" performance="chorus master" grossFee="-1600639545.76"
                     modifier="C" IPI="wR3MJ7Q1rFUi" birthDate="2019-05-28Z"/>
                <Participant name="_QyAS4GIM14XR968vB83kF6Hpwg.hf" role="remixer" IPDN="R2mr" performance="chorus master" grossFee="1575802664.17"
                     modifier="A" IPI="iM" birthDate="2020-04-19Z"/>
                <Participant name="k" role="sound engineer" IPDN="wrHFtWr0Zn9O4-isECdfFvoIfHBG" performance="conductor" grossFee="822828162.23"
                     modifier="B" IPI="_VQzah" birthDate="2019-10-16Z"/>
                <Participant name="s6" role="subscriptwriter" IPDN="OWJap8ZK4eT8t6RHROhwa0OSBLqmdI" performance="conductor" grossFee="-623501654.93"
                     modifier="B" IPI="nNNYkCJnSl5FI3OV" birthDate="2019-02-17"/>
                <Participant name="hkB3T41LFR3h8u1Nz" role="music director" IPDN="FJUhuF_Iu" performance="conductor" grossFee="-1031871142.37"
                     modifier="B" IPI="C.0y" birthDate="2019-01-22Z"/>
                <Participant name="Xj7xQlGiLqDR" role="remixer" IPDN="wemUKn3" performance="supporting" grossFee="-1380563286.73"
                     modifier="C" IPI="dz-0r7xUI9zqaNYdCZ68ffZEXRr" birthDate="2020-03-02Z"/>
                <Participant name="BiVva.i" role="arranger" IPDN="_jHrot-EgzVex_l0ia-2Ract" performance="conductor" grossFee="-1479105812.26"
                     modifier="B" IPI="n4MPEj6Sa" birthDate="2019-02-26"/>
            </Participants>
        </Record>
        <Record title="FYftEnKPw5V" spins="1908866294" ISRC="1270ON5C41UB" year="0829" producer="qjd-Pwh53v0Bvyz6" label="OuhsJSXQ0vXeumqFW3"
             recordNo="xi" serialNumber="hGYfN" isPremiere="0" usage="jingle" ISWC="SWek" AKA="u1qIhTsJ"
             genre="composed" broadcastedFrom="2019-08-27T11:21:16Z" broadcastedTo="2019-09-25T11:21:16Z"
             runtime="1741018512" origin="report" alternativeTitle="cD3" recordedFootage="2012107284">
            <Participants>
                <Participant name="FTeK" role="subscriptwriter" IPDN="xXF.uvR_nQYWhSXssCW" performance="main" grossFee="319200232.20"
                     modifier="C" IPI="A.hZfFo0NMbrp-WryJjk7z4Sk-7O" birthDate="2018-07-05"/>
                <Participant name="DBQCCvLXV00RPI" role="remixer" IPDN="pPWOHsznMtVk-S-vn" performance="chorus master" grossFee="1538541861.94"
                     modifier="A" IPI="Jgmk3B19bTTOVW9" birthDate="2019-04-25"/>
                <Participant name="_" role="sound engineer" IPDN="VZJ1tEC.M.jUJo5KDOh5xU" performance="chorus master" grossFee="-1170804801.99"
                     modifier="C" IPI="ep6WF00.5_5aR" birthDate="2018-11-02Z"/>
                <Participant name="yaxvwMh2Sa-yd" role="subscriptwriter" IPDN="E1APADzl.KgqoZHmq-mXHCF_T" performance="chorus master"
                     grossFee="-1945659888.49" modifier="C" IPI="P0jS-S0EAlWrD.mietYdD767UslP" birthDate="2020-06-08Z"/>
                <Participant name="cyajWyJT7pH_z" role="music director" IPDN="SpCa" performance="chorus master" grossFee="-190657144.31"
                     modifier="C" IPI="C77S1OBfSgQGOjxEeVFhA0MMx" birthDate="2019-01-16"/>
                <Participant name="Df_G1qWDaU1N7QhZx" role="subscriptwriter" IPDN="MmZ5k_W.mev8Jqo" performance="main" grossFee="815154989.33"
                     modifier="A" IPI="P" birthDate="2020-01-06Z"/>
                <Participant name="vjMC3qTCUDqVI-PmhUNw" role="arranger" IPDN="ydhl0to2lLBLLPxBthLnjeEAomSU" performance="supporting"
                     grossFee="-1381710489.97" modifier="A" IPI="ex2tAlHD8b4v7z" birthDate="2019-07-20Z"/>
                <Participant name="pXgG1ng" role="remixer" IPDN="B1vM1te_jwetH0d3Fd" performance="soloist" grossFee="191038259.53"
                     modifier="A" IPI="Oq7F.fUSZsqMQTk" birthDate="2019-07-08"/>
                <Participant name="lU-F_BhZwkAJjeWgpblYfpNy3s" role="sound engineer" IPDN="sPtNeBO6zAx2elBctRDp1USxv" performance="chorus master"
                     grossFee="-488734356.74" modifier="B" IPI="AcK" birthDate="2020-01-23Z"/>
                <Participant name="v" role="music director" IPDN="BqZ59gYppqRk2OBFuLhA" performance="soloist" grossFee="-240979194.16"
                     modifier="A" IPI="iEGahkf08S5REPHW" birthDate="2020-01-21Z"/>
            </Participants>
        </Record>
        <Record title="NLUtIei3REddKgMTET" spins="1410305939" ISRC="P37VPVV4T5FX" year="7687" producer="lseXpULU-Dl"
             label="ztskHnhGGdaRiqDokQ" recordNo="fYVQX1pPoOoxZ5zoscfqrrE" serialNumber="Q8NfErCspjip7_Tcj"
             isPremiere="false" usage="commercial" ISWC="qvb3hUZ3ki" AKA="cQYLqqV8XknmW3gcMeoLTTOa" genre="spoken word"
             broadcastedFrom="2020-02-16T11:21:16Z" broadcastedTo="2019-10-03T11:21:16Z" runtime="827958349"
             origin="free of charge" alternativeTitle="CqUnH_4AmXfhcvsaIFs_0U5hZ3" recordedFootage="16551543">
            <Participants>
                <Participant name="_Mp..jjWiLUJ2uLHi1E" role="scriptwriter" IPDN="JvyAE8iBwM9R17cJpNSurTp" performance="soloist"
                     grossFee="-2095529819.56" modifier="B" IPI="i_" birthDate="2019-07-05Z"/>
                <Participant name="L_qvWPjSO_sbsNmen81K4z" role="music director" IPDN="SGLh4nk0giln_8" performance="main" grossFee="1445159933.10"
                     modifier="B" IPI="BFraPZFqYVEwZLRZuG" birthDate="2020-05-09"/>
                <Participant name="N9ys-EBUClJpsPVWg5CdGq_Ppx" role="remixer" IPDN="Jk3NdId" performance="supporting" grossFee="531498527.25"
                     modifier="A" IPI="EYp" birthDate="2020-05-09"/>
                <Participant name="G7OaDHvtG5M4iO1Cva" role="producer" IPDN="nVWRrcE3Qir-oiq" performance="main" grossFee="291295826.57"
                     modifier="B" IPI="PRMLCqmbYoeZiWVH2j" birthDate="2018-08-03Z"/>
                <Participant name="tFEKln_UrWvwyy2tP" role="subscriptwriter" IPDN="e1AbR1dN" performance="main" grossFee="321737691.35"
                     modifier="B" IPI="F4tWqFQLzxj5QKZdrs.C67x" birthDate="2019-10-15"/>
                <Participant name="W3zO" role="performer" IPDN="QvwTdqe" performance="conductor" grossFee="588278467.99" modifier="B"
                     IPI="cjiUtK.n1Sj.-_3bdPhKT" birthDate="2019-03-23"/>
                <Participant name="MpaO8HcYRVPW_M7GEV4o86Eejh" role="arranger" IPDN="gnDEeJzHEd-ZHsoAutIwzhQl" performance="soloist"
                     grossFee="319357408.55" modifier="B" IPI="eKokY8IxZg_1UetmbfNYuOvvRRCvhR" birthDate="2019-06-18"/>
                <Participant name="MmNW5vFvc6d" role="composer" IPDN="Q72jYxDRqaYNty2prFs" performance="conductor" grossFee="2046408866.23"
                     modifier="C" IPI="v2m13TpDsf0IGtMD" birthDate="2019-10-29Z"/>
                <Participant name="qLJS3m_6lrU1" role="sound engineer" IPDN="wLjhM_fGRoE" performance="soloist" grossFee="-1197835742.99"
                     modifier="C" IPI="W" birthDate="2018-09-24"/>
                <Participant name="Hs" role="subscriptwriter" IPDN="qrO.IUwSYlZ" performance="chorus master" grossFee="-1823777819.81"
                     modifier="B" IPI="Kos_6cZeb4j2Uf91W1rh6xDlkP" birthDate="2019-07-12Z"/>
            </Participants>
        </Record>
        <Record title="BSKcCPds7" spins="1939391135" ISRC="99ML039M1743" year="5510" producer="GkqOdn0S2EC" label="pXV3Bf"
             recordNo="cQ8dHzJM-M2DDlq1jBBwxdAw37vv" serialNumber="t8XFMN_EMwgX1jZOAFMhc" isPremiere="true"
             usage="jingle" ISWC="rmxRbS3-bES" AKA="uP6qvoKmtu68a7K" genre="composed" broadcastedFrom="2018-09-07T11:21:16"
             broadcastedTo="2020-05-28T11:21:16Z" runtime="1067820308" origin="self" alternativeTitle="T_V8AQl6xuqo5d"
             recordedFootage="1520381427">
            <Participants>
                <Participant name="XYj9b5.jJpUj.STSKvgaAewP1xvcs" role="arranger" IPDN="V" performance="chorus master" grossFee="-1970334594.93"
                     modifier="A" IPI="sKKjl" birthDate="2020-01-12"/>
                <Participant name="gZp31ljDc2q3B6Nsp9EWRQwpr7vMSQ" role="scriptwriter" IPDN="owj6u6kH" performance="chorus master"
                     grossFee="1762925069.86" modifier="A" IPI="tY22zepivfFb36W2QBGWm9fAzpJm6-" birthDate="2018-12-02"/>
                <Participant name="PRn" role="performer" IPDN="aNRE0R80IL1n44UwRIS7xJa" performance="soloist" grossFee="-1187370309.62"
                     modifier="A" IPI="bwOKLlOQ8.HM5RK" birthDate="2019-10-07Z"/>
                <Participant name="H_RL" role="music director" IPDN="eHpFiNandZVz5JOceWK5" performance="soloist" grossFee="-449423258.19"
                     modifier="C" IPI="Youee78C8SbPNYBne1CC9Ai" birthDate="2020-02-04Z"/>
                <Participant name="TnXXAbsN8mTVdMTtk452D6" role="arranger" IPDN="UDOTfhViI8aa5SZ3EZRQHE" performance="conductor"
                     grossFee="-470715946.56" modifier="C" IPI="tC.8zSUYj8zr8wx9FKqctp.CwOmkc" birthDate="2020-03-03"/>
                <Participant name="lIFOeX9MySyY" role="scriptwriter" IPDN="y_qsPCpb0SE1" performance="soloist" grossFee="-158896323.14"
                     modifier="A" IPI="ekqkMCS.bZ.L" birthDate="2020-01-13"/>
                <Participant name="UGz6ZnOrqOo27z-Eaaf1TMRJ" role="composer" IPDN="Bt8XG" performance="main" grossFee="1878333774.58"
                     modifier="A" IPI="ZG" birthDate="2019-08-26Z"/>
                <Participant name="vqsIU18kcdC.Y.UDgon" role="scriptwriter" IPDN="Sb9wQeljFlL" performance="main" grossFee="-746354297.05"
                     modifier="C" IPI="A7BwX" birthDate="2018-08-04"/>
                <Participant name="cQ-OtQttvmfM" role="performer" IPDN="vlnWhTlm8S" performance="supporting" grossFee="-227205548.58"
                     modifier="C" IPI="BKjQMf5tgnoD" birthDate="2020-03-18"/>
                <Participant name="R" role="music director" IPDN="sjuQkk7CIKOaCaDr4PI" performance="supporting" grossFee="-806104898.46"
                     modifier="B" IPI="H.LPpFpRbxB56Kejz3LMv2_ea." birthDate="2018-12-21Z"/>
            </Participants>
        </Record>
        <Record title="Oaq9lPuMVjqIug" spins="235842938" ISRC="U81VC2CR0184" year="4283" producer="j-xAf3pnRE04Nh-iajyYMijL-kd"
             label="Slv" recordNo="hplNn" serialNumber="sOoGgqZF2ym-vTqkMijEjf3HVt9JSV" isPremiere="0"
             usage="jingle" ISWC="ZBsnc" AKA="ofddcryrnntiHrmO" genre="jingle" broadcastedFrom="2019-07-16T11:21:16Z"
             broadcastedTo="2019-01-01T11:21:16Z" runtime="207467571" origin="commerce" alternativeTitle="OOS2Z_gWotgT0NJY1CvXYe"
             recordedFootage="2023376563">
            <Participants>
                <Participant name="YqJrbF6Y58bkSzG02-" role="composer" IPDN="w_VgvU9QHCnE_zkYBFD3eGZQx-MTn5" performance="chorus master"
                     grossFee="-716952081.16" modifier="B" IPI="TSGadwT.m183KYKMl" birthDate="2019-07-02"/>
                <Participant name="e-Ya4J4K-Ao" role="producer" IPDN="riO664YBz" performance="main" grossFee="-1980503075.32" modifier="C"
                     IPI="u7YvrAvXXQxsRA" birthDate="2019-10-05"/>
                <Participant name="zoKJ" role="sound engineer" IPDN="iAAZAMYLfxBzzv4qvVfPW_r" performance="supporting" grossFee="-751732955.90"
                     modifier="B" IPI="m3cKXnn85" birthDate="2019-12-26"/>
                <Participant name="_eaheS" role="producer" IPDN="Avib13d5AD7RovjRd" performance="soloist" grossFee="-1123598193.74"
                     modifier="C" IPI="j-Azpq0" birthDate="2018-09-21Z"/>
                <Participant name="VKybaj66iX9jxKg-37" role="scriptwriter" IPDN="pk4tYN5dpVlZqDrHmEky6KCNsfMY" performance="supporting"
                     grossFee="675049601.86" modifier="B" IPI="Td7Hj5o4Ck71LHbQ47" birthDate="2020-01-20"/>
                <Participant name="HG" role="producer" IPDN="_9A" performance="chorus master" grossFee="-1059156639.45" modifier="B"
                     IPI="LG-0RZNItXyDMgSbm5XLd_Y" birthDate="2019-11-23"/>
                <Participant name="GjXsi6rH" role="composer" IPDN="RVZT" performance="conductor" grossFee="766475365.98" modifier="C"
                     IPI="_uJtscPFGucmZnsb8VBt4xnT" birthDate="2018-10-09Z"/>
                <Participant name="NNIMjEhQ.uUH-whRZe9vlV-mZ" role="arranger" IPDN="mcoMau" performance="main" grossFee="1434591728.20"
                     modifier="B" IPI="Ib-dehITA3tT" birthDate="2019-04-22Z"/>
                <Participant name="Vc" role="performer" IPDN="rAtawPu7BvSqvkrMo6Y9_OQ4w" performance="soloist" grossFee="432889019.03"
                     modifier="A" IPI="ep" birthDate="2020-03-02"/>
                <Participant name="Ba.Y" role="arranger" IPDN="d_YbDW3w3dB5GQA0oRp9nTT6a8" performance="main" grossFee="937572943.97"
                     modifier="C" IPI="M" birthDate="2018-11-05Z"/>
            </Participants>
        </Record>
        <Record title="_uNAPmcL8ppUYh6r" spins="629060564" ISRC="H7IX4B405QE7" year="3090" producer="FhYUqS-" label="kdGwWDWcAN2wj.QSZL"
             recordNo="rVKY48N3RsN9YfdT4" serialNumber="pj-COFiDtQWkmkMfQU" isPremiere="true" usage="commercial"
             ISWC="CHPgdd" AKA="HMdZbRYeKJgBPK7VN_ViUPQkLNmj" genre="pop" broadcastedFrom="2020-02-18T11:21:16Z"
             broadcastedTo="2019-06-01T11:21:16Z" runtime="1881834186" origin="free usage" alternativeTitle="R"
             recordedFootage="1721630803">
            <Participants>
                <Participant name="MBgA" role="remixer" IPDN="SS9cfcuNfmARVJd0p" performance="conductor" grossFee="-1828237344.71"
                     modifier="B" IPI="P6hY4wCvYVDx1shn4sph_" birthDate="2020-02-07"/>
                <Participant name="V2ITlMOZP.4" role="performer" IPDN="cA3ih7BMnr4ucga6." performance="supporting" grossFee="-1984794693.09"
                     modifier="B" IPI="nLhIkOcu5MQT" birthDate="2018-10-15"/>
                <Participant name="GLwiD1" role="producer" IPDN="pjhUqG4i1xSV" performance="soloist" grossFee="468432762.82" modifier="B"
                     IPI="LbmjKloXSWnEx.hlj0eARXBd" birthDate="2019-11-29Z"/>
                <Participant name="aNfVzQKq76a9x4ODC6oPZoJ5YA" role="performer" IPDN="NMH_XbD12S-" performance="main" grossFee="-68579648.45"
                     modifier="B" IPI="y5GqJGhikdxAU-s" birthDate="2019-12-17"/>
                <Participant name="J7F3BDfgfAIuZSbguDxXNefnF" role="arranger" IPDN="u" performance="chorus master" grossFee="1664698000.00"
                     modifier="A" IPI="MKMSRMLe55m2SX_LjRQckb." birthDate="2018-12-03"/>
                <Participant name="GnV3eeFi5eOIz_xYrfUvN4z" role="subscriptwriter" IPDN="QEELiiHJ" performance="main" grossFee="-1523071269.39"
                     modifier="B" IPI="J" birthDate="2020-06-04"/>
                <Participant name="SfOw0" role="arranger" IPDN="r6BT6azrCIcXw-4uUYdDZ2A26xhlSa" performance="main" grossFee="872118435.15"
                     modifier="C" IPI="tTCSsVHAxMnCpV51" birthDate="2018-10-12Z"/>
                <Participant name="GuJAhszrIb" role="producer" IPDN="g9lDnSu9LUSvZTwd" performance="main" grossFee="638629367.83"
                     modifier="C" IPI="JX-elCeo" birthDate="2019-09-25Z"/>
                <Participant name="o93kHzlVo" role="composer" IPDN="VOlQi9cNHNYHaOddYSn" performance="soloist" grossFee="1692682981.88"
                     modifier="A" IPI="mNUNea.x7xqfuw_B3" birthDate="2019-11-22"/>
                <Participant name="FrXlvYYg-_0Y.-csaLQC0pE-UMpn" role="remixer" IPDN="qsCCkhYJDQK3oNXS9N.mDiIricSo8B" performance="soloist"
                     grossFee="1719515971.89" modifier="B" IPI="Ca70.9vC" birthDate="2019-08-11Z"/>
            </Participants>
        </Record>
        <Record title="XIMY0dl.aC5TfS0" spins="1511229808" ISRC="8X61YYEE2BS4" year="3422" producer="V6dxtNFG1yA" label="dA"
             recordNo="izhhNNtRpID59NoeJ_194Gfe5ls" serialNumber="oymJe0p" isPremiere="0" usage="broadcast"
             ISWC="g" AKA="e2BZjjMqx7iWubzI_" genre="commercial" broadcastedFrom="2018-08-01T11:21:16"
             broadcastedTo="2019-05-01T11:21:16" runtime="1111836201" origin="free usage" alternativeTitle="eiCeLGxEJU"
             recordedFootage="1751265557">
            <Participants>
                <Participant name="a4r2YsLQoQB4fzznx-eTKJu_osPFWA" role="performer" IPDN="iBtskb_USfizk-8gXQ30pgy2zo6" performance="chorus master"
                     grossFee="1257821127.69" modifier="B" IPI="sPRZ_.cHAymfDTigi-qAhX" birthDate="2020-03-08Z"/>
                <Participant name="ThnCfj" role="performer" IPDN="_OeGYiSLrcGRJRnj" performance="chorus master" grossFee="-948100736.77"
                     modifier="A" IPI="Xm3urG" birthDate="2019-12-05"/>
                <Participant name="L39thaTOsr" role="producer" IPDN="nsZwIKfnAWX57wqsirP48js6" performance="supporting" grossFee="-1187242715.18"
                     modifier="A" IPI="n6QrUKHt8tunKrJenfL6tA" birthDate="2020-01-18Z"/>
                <Participant name="yF2fWI149e7dieW5ocn" role="producer" IPDN="Vroq_lOrCrG" performance="supporting" grossFee="-939318696.13"
                     modifier="C" IPI="EzMU-xsVN5GpaxKLLHqqa" birthDate="2018-11-29Z"/>
                <Participant name="u3bx7cJq" role="producer" IPDN="p32" performance="soloist" grossFee="944447409.17" modifier="C"
                     IPI="Ke6c_sa95g" birthDate="2018-08-30Z"/>
                <Participant name="b_QU" role="music director" IPDN="tG182f5XVxPuCwY" performance="main" grossFee="1690641856.73"
                     modifier="C" IPI="RjzQv8SLGqALSaRtgA2qqBcTn" birthDate="2019-05-06"/>
                <Participant name="eQwl-O.2PcD2g8rC" role="performer" IPDN="fa1bB-PO_7Hx_3pTzR7W4fjAlhiwp" performance="conductor"
                     grossFee="6823131.57" modifier="B" IPI="V3s.5tz" birthDate="2020-04-01"/>
                <Participant name="eN3e8tWwLeSH.F8UPJ" role="remixer" IPDN="fC" performance="conductor" grossFee="2079227650.59"
                     modifier="A" IPI="YBnLaA" birthDate="2018-09-03"/>
                <Participant name="RmQ4-TLiGHdD6Iu_z3" role="composer" IPDN="ERNNK" performance="main" grossFee="-1945411879.28"
                     modifier="A" IPI="fXGiN2eLa-XfeZShZ5VLKVDxI_Byfu" birthDate="2020-02-15"/>
                <Participant name="vn0GlEEL" role="producer" IPDN="BJwRPn" performance="main" grossFee="-1399343150.69" modifier="B"
                     IPI="mKjCkBNPobJ0_G" birthDate="2018-08-13"/>
            </Participants>
        </Record>
        <Record title="W" spins="1158678254" ISRC="WAAN12G7CZ52" year="5471" producer="Rajkunmbdr3E" label="JWfexAE"
             recordNo="XSwaj5" serialNumber="V0" isPremiere="1" usage="commercial" ISWC="LcKqqdC" AKA="RSt4v5oCf"
             genre="jingle" broadcastedFrom="2019-03-20T11:21:16" broadcastedTo="2019-06-09T11:21:16"
             runtime="284573245" origin="commercial" alternativeTitle="jJRdUaNC1Fj0" recordedFootage="965716243">
            <Participants>
                <Participant name="aBXwhbA.4OUg.zyV" role="remixer" IPDN="CixXVFPX01" performance="chorus master" grossFee="1995230995.55"
                     modifier="B" IPI="PhwYbxLtLJT2YgTq3" birthDate="2020-06-07"/>
                <Participant name="JanhEez.NxY" role="scriptwriter" IPDN="p4pfgnuv3gj9.JtEmH_aO-ko7cFe" performance="supporting"
                     grossFee="-554048103.40" modifier="B" IPI="O.xn4LMK7CuPsUp56Ecg" birthDate="2019-05-15Z"/>
                <Participant name="zZijHJ.5M3QguvcEAWq0BPBRj" role="sound engineer" IPDN="xjabYiWaWPbgfvrRN2ij60DJI5nn" performance="soloist"
                     grossFee="115916139.74" modifier="B" IPI="E971mZ7JgFBKiwbelb2" birthDate="2018-08-11"/>
                <Participant name="cdW_7iEvJRkZec4HrH1YPlvP" role="producer" IPDN="rgIBqGjskaMvMxFxM2PCZK" performance="supporting"
                     grossFee="1911583599.63" modifier="B" IPI="igWAL" birthDate="2019-10-09"/>
                <Participant name="rrfpoH" role="arranger" IPDN="ViE7KRJws7xzT" performance="soloist" grossFee="463599925.54" modifier="B"
                     IPI="mzm5SeMr_-Kp0byP1Rdi6.OrL" birthDate="2020-03-22Z"/>
                <Participant name="RLtZZ5b" role="music director" IPDN="cXwr1yj.ozlOPiHH1FoO2xqn" performance="chorus master" grossFee="-2050051011.89"
                     modifier="A" IPI="AhCpMHJB5Ei.7" birthDate="2019-07-05Z"/>
                <Participant name="Ug" role="sound engineer" IPDN="mtzcw9LSp6" performance="chorus master" grossFee="-1456382047.74"
                     modifier="B" IPI="LtxYhLhK4PH" birthDate="2018-07-06"/>
                <Participant name="RbbvMA8tkd_nnNMXmKeYf" role="producer" IPDN="yltG" performance="chorus master" grossFee="-1440817509.38"
                     modifier="C" IPI="zUBeg2YaZf.dvo212cczH_nccxrVx" birthDate="2018-12-07"/>
                <Participant name="qIr053FzVxhdk" role="subscriptwriter" IPDN="oGVBm-.AgdAffkaxgik9sY" performance="main" grossFee="1275421904.26"
                     modifier="C" IPI="gC844sljx9AckQF" birthDate="2019-12-10"/>
                <Participant name="sa9_m" role="sound engineer" IPDN="rz0DWpA1d7mGvAU_25qq0giQf0" performance="main" grossFee="-956646273.75"
                     modifier="B" IPI="ysZ5-NpIs2QX0iJq9LbMigOcwJT" birthDate="2018-08-14Z"/>
            </Participants>
        </Record>
        <Record title="PZP6" spins="2056078288" ISRC="12126E7Z0CD0" year="7393" producer="G" label="Fb6a9q6P" recordNo="r"
             serialNumber="i_C.8m0G" isPremiere="1" usage="commercial" ISWC="XJoDH9GF7" AKA="ZKP1ExiX4tY"
             genre="classical" broadcastedFrom="2019-04-02T11:21:16" broadcastedTo="2020-03-12T11:21:16Z"
             runtime="1691867968" origin="live stream" alternativeTitle="EvA93tk" recordedFootage="1487119142">
            <Participants>
                <Participant name="m26i4bbwNvkkEygPVEDD0OHATti71C" role="remixer" IPDN="qHxlZb_" performance="main" grossFee="598402349.60"
                     modifier="C" IPI="aBHzENnopaf48ZSN5iiE" birthDate="2020-01-30Z"/>
                <Participant name="MRjCCbWz_Vme0Uk7Rk0pOl5hA" role="subscriptwriter" IPDN="ZXVrXX4kPhGoXdxLt." performance="supporting"
                     grossFee="-1521002260.16" modifier="A" IPI="FYJ_s4KxhUTep0RHnLP" birthDate="2019-10-12"/>
                <Participant name="kCgjx2z_WnBFpf_NYU" role="music director" IPDN="X" performance="supporting" grossFee="-591906894.64"
                     modifier="B" IPI="ljRje3mw3w" birthDate="2019-01-17"/>
                <Participant name="mUzFGmd2vtOgRZT" role="scriptwriter" IPDN="ybAJgYWF7Phg0c2-W" performance="supporting" grossFee="1309345830.94"
                     modifier="A" IPI="Vy" birthDate="2020-05-14Z"/>
                <Participant name="xsx8V0JqAJem30rZC67uwyDK" role="subscriptwriter" IPDN="cAa0AwLeDYFjB.kZxJEibOe5sm" performance="soloist"
                     grossFee="1833579532.45" modifier="C" IPI="cqFHbDER" birthDate="2020-02-28Z"/>
                <Participant name="OmcnQtmQWPvILtHyxi8J5wYY" role="remixer" IPDN="cU0n-BaOw1CWymZibeQ3LRX3Jb" performance="conductor"
                     grossFee="-1981841765.90" modifier="A" IPI="NZXlih1yVR-xXHnNUn" birthDate="2019-06-06"/>
                <Participant name="ERB" role="scriptwriter" IPDN="vXRb44.snPpY.iOh" performance="main" grossFee="809185469.33" modifier="C"
                     IPI="w" birthDate="2018-10-11"/>
                <Participant name="FerzIXekl3r.XgCnZHA" role="remixer" IPDN="XV2AA5qrAPx.Lk-xAqvf" performance="conductor" grossFee="1593504856.29"
                     modifier="B" IPI="Ax6AHs_6HUQHfT7w7VAksw35vx" birthDate="2019-10-08Z"/>
                <Participant name="W1lyrtrDdS" role="producer" IPDN="l.2wLX3Su0K3rtc3" performance="chorus master" grossFee="-1460833404.35"
                     modifier="A" IPI="QAHj5lm" birthDate="2018-12-12Z"/>
                <Participant name="KzF" role="scriptwriter" IPDN="I" performance="supporting" grossFee="-967242054.24" modifier="C"
                     IPI="C1EJ-1r4x88nNszyX4PRR7aDlIQmgK" birthDate="2019-08-18"/>
            </Participants>
        </Record>
    </Record>
    <Record title="Sr9gbMD684pt" spins="165877724" ISRC="9L9ZI7U0NV62" year="3684" producer="Xt9SQ3reYjIPTT0smqyb8Ggn6Z0I"
         label="Uc" recordNo="v" serialNumber="RoAKAgNl" isPremiere="false" usage="jingle" ISWC="tgE4pR_pkaq5YjNJ"
         AKA="GL3cF" genre="commercial" broadcastedFrom="2020-05-19T11:21:16Z" broadcastedTo="2019-04-22T11:21:16"
         runtime="1235359578" origin="live stream" alternativeTitle="D.CdAtf97K1Jv" recordedFootage="1201150196">
        <Participants>
            <Participant name="amgkmq" role="arranger" IPDN="XEwwJIDsZcK" performance="chorus master" grossFee="1423863556.55"
                 modifier="A" IPI="L9YPUErlTY8sPJOfPYQiTgKhxwwZ" birthDate="2019-10-04Z"/>
            <Participant name="gcohO-LGMOk" role="composer" IPDN="aA7U7Ut37" performance="soloist" grossFee="-1836672067.88"
                 modifier="A" IPI="uyNKySDimVun-" birthDate="2019-06-13Z"/>
            <Participant name="Jg2YrnK_AuB" role="sound engineer" IPDN="d1LoWs956zEHMeS" performance="supporting" grossFee="-304834123.56"
                 modifier="A" IPI="T6obsHVj5cpp5hYeXnE" birthDate="2019-06-25"/>
            <Participant name="ci__" role="scriptwriter" IPDN="uFc0Wp7jWVmi" performance="soloist" grossFee="-91232453.43" modifier="B"
                 IPI="VARlMpDAt1zwUWTrtK9E4We2w-D" birthDate="2019-02-06Z"/>
            <Participant name="h05Yd4_UWJLbrEk7BgiB" role="sound engineer" IPDN="lojcpkZBvOSggz50rwf0ef05y8Os" performance="main"
                 grossFee="847522314.20" modifier="C" IPI="GT1969QCS0UKc4yLT" birthDate="2020-04-14Z"/>
            <Participant name="RW6" role="performer" IPDN="IO1HO1HKNY_kiUev" performance="main" grossFee="-462198771.89" modifier="B"
                 IPI="CtbpJ7Xm18Orw5YV-7xDQp.U-oU" birthDate="2019-04-10Z"/>
            <Participant name="VB9UF6JMBNJRdLHEuSn61Zql_" role="subscriptwriter" IPDN="iCHkPi" performance="main" grossFee="-2079781752.84"
                 modifier="B" IPI="lSOscW" birthDate="2020-03-01"/>
            <Participant name="Wc" role="music director" IPDN="oXrPZDd-.a4M1IjQfNTjegggpK8" performance="conductor" grossFee="1206243673.15"
                 modifier="A" IPI="g" birthDate="2019-04-03"/>
            <Participant name="LKYTDmTLQM5YlXfJ" role="performer" IPDN="IzZLD_34wO8JPZORSYAY.y4q" performance="conductor" grossFee="18626307.56"
                 modifier="B" IPI="SOg2c2Xqh-sTs6MEvQUkc9" birthDate="2019-08-14Z"/>
            <Participant name="ie" role="scriptwriter" IPDN="iQk" performance="soloist" grossFee="-1736156553.20" modifier="A"
                 IPI="T6iPbj2UeTY7rdDGZ7rMY-.L" birthDate="2018-11-01"/>
        </Participants>
        <Record title="d4" spins="649339571" ISRC="3S26233RAW02" year="7942" producer="zIJw0PgG" label="nykwqyjyhC5VLt1OH7"
             recordNo="Hr5" serialNumber="ZFSLKNXAqx2WmL0.iCn" isPremiere="true" usage="jingle" ISWC="eQ4nBUM"
             AKA="yeDctQk8WfP1aUR9bBSxbDi" genre="spoken word" broadcastedFrom="2019-09-12T11:21:16Z"
             broadcastedTo="2019-04-26T11:21:16" runtime="324348261" origin="live stream" alternativeTitle="GHDo.iClW8acqIA8Drr3dBn"
             recordedFootage="481319903">
            <Participants>
                <Participant name="lc-YvAfqtTIM2HYvNJm6Atx" role="composer" IPDN="G498HUsMF3QAdR0dh8A9VShT" performance="main" grossFee="-1245411493.72"
                     modifier="C" IPI="wsSNQ" birthDate="2020-02-05Z"/>
                <Participant name="Y-5T6d-gJ8JAwIqPV4433XoBJPRu" role="scriptwriter" IPDN="p2HvAGZvhv-trSUFJ0sA8TtQI5_TY" performance="conductor"
                     grossFee="-1895795755.11" modifier="C" IPI="zernT0xXXd.Zt_uRL_iRBJuVQ3Cq" birthDate="2019-05-11"/>
                <Participant name="EiG" role="composer" IPDN="M00pQ.7qzNovEn7i2" performance="supporting" grossFee="1761622812.84"
                     modifier="B" IPI="iroVU0S." birthDate="2019-05-23"/>
                <Participant name="GF7G0" role="remixer" IPDN="cfTx3V0Ti4E" performance="conductor" grossFee="1672432504.69" modifier="C"
                     IPI="t-jA5rNG" birthDate="2020-01-30"/>
                <Participant name="pi0esNw5KEnjnbRkQ" role="sound engineer" IPDN="rtw2MPzB53B" performance="main" grossFee="509380275.23"
                     modifier="A" IPI="MJAD" birthDate="2018-10-09"/>
                <Participant name="_Huo05DQRN" role="performer" IPDN="kCulKqohB" performance="conductor" grossFee="-946214177.33"
                     modifier="A" IPI="PEfOxbH5vEL" birthDate="2020-04-26Z"/>
                <Participant name="GMURyQFFQhjJgZXhAEd4oM2yLBi" role="producer" IPDN="t0" performance="main" grossFee="639720829.51"
                     modifier="C" IPI="IMuVYIx_BYkXo.TEE" birthDate="2019-04-30"/>
                <Participant name="_sw4Js0_F8pTA4R" role="producer" IPDN="sKS7tHmBOsVSWs_.zjp8kq" performance="supporting" grossFee="1643005188.36"
                     modifier="C" IPI="xTS1vCpGn_.AgvqEbkaA" birthDate="2018-08-07Z"/>
                <Participant name="fhJ" role="arranger" IPDN="unGv" performance="chorus master" grossFee="1764048548.70" modifier="B"
                     IPI="K7I0YOsmwXP" birthDate="2019-07-02Z"/>
                <Participant name="F4oOJKuR9DNG" role="sound engineer" IPDN="yAjHANWYwow1MsKedeA5CS9K" performance="conductor" grossFee="-1081127923.35"
                     modifier="A" IPI="Qa" birthDate="2018-09-27Z"/>
            </Participants>
        </Record>
        <Record title="FzzmNIma" spins="1935901190" ISRC="JI027U0U7410" year="6038" producer="oxcGW1YNyv24wq58FVG" label="JkVm"
             recordNo="mIWvHH51gb7LM8u5tjepi" serialNumber="vnSE.sm" isPremiere="true" usage="jingle"
             ISWC="WkEOt7Mm-hoqTBwDPrrkLbHQoiwb" AKA="ZU1-7Aip9V0a3QKpQ" genre="jingle" broadcastedFrom="2019-05-02T11:21:16"
             broadcastedTo="2018-09-03T11:21:16Z" runtime="1423745740" origin="report" alternativeTitle="mu3FC.saxG3Z"
             recordedFootage="1911881475">
            <Participants>
                <Participant name="USKTZrHHMIRGGB-AlMzYCrgh7M" role="music director" IPDN="t99" performance="conductor" grossFee="2083966156.31"
                     modifier="B" IPI="o3wE45EMGxwMuwKZ6W" birthDate="2018-12-02Z"/>
                <Participant name="o1kmsCU66RbdoPi" role="composer" IPDN="qo2fOJnK" performance="soloist" grossFee="-1496988763.49"
                     modifier="A" IPI="oiWYI1WxZ963beTHsHduAL" birthDate="2018-09-13"/>
                <Participant name="MWEkb1YNXjwkMZGb6" role="producer" IPDN="KLUSMdOpziS1F-H" performance="supporting" grossFee="-1995974092.91"
                     modifier="C" IPI="NxO9B" birthDate="2020-03-29"/>
                <Participant name="caEKCcJv8gP_jZA7j" role="performer" IPDN="ClhM9bng8UeqqAC79" performance="supporting" grossFee="53498445.31"
                     modifier="B" IPI="gJj3eR" birthDate="2019-08-10Z"/>
                <Participant name="XoPglOHH" role="arranger" IPDN="mo3TXD3XKM_K" performance="main" grossFee="-1917293163.24" modifier="B"
                     IPI="ldv-LZm1yoRVUZeUV" birthDate="2019-06-07"/>
                <Participant name="LMNteauS0W_Q2owe8LOIFNMwHWs4O" role="sound engineer" IPDN="ZZVRojd" performance="conductor" grossFee="-578662037.05"
                     modifier="B" IPI="Xo" birthDate="2019-08-24Z"/>
                <Participant name="iblArJn7c46BgUue0GrUjDt" role="sound engineer" IPDN="EVpQfCQUsUyDMWNTZzCuhr-Jn3fz3" performance="soloist"
                     grossFee="-449505131.57" modifier="C" IPI="dmmP8" birthDate="2019-04-27Z"/>
                <Participant name="KtMTlzSOx" role="remixer" IPDN="PP_gVovJStBoiOE" performance="supporting" grossFee="-1771175723.89"
                     modifier="A" IPI="UxR0Sdti0JDJlAH.sp" birthDate="2020-02-22Z"/>
                <Participant name="n341UEj2" role="producer" IPDN="gaDGf144lz.Le4fVunv" performance="supporting" grossFee="-492071521.24"
                     modifier="A" IPI="L385" birthDate="2020-05-26Z"/>
                <Participant name="KN5A8Y1KkaN4IDj18CTv1SP" role="sound engineer" IPDN="tMFY731a96ilYvSlllvLw93-hjBrT" performance="chorus master"
                     grossFee="-1245677270.46" modifier="B" IPI="sudxW9IO7.8" birthDate="2019-05-22Z"/>
            </Participants>
        </Record>
        <Record title="t-CDKAf6KnZ51S1DYjnWe5Fxz.N" spins="859228738" ISRC="Q50HNNRTTD2Z" year="6916" producer="N6i66h9JAl9MTMyZ"
             label="IR0VY0P" recordNo="U91_uawGY2qpLXekJw.2o5Hxk2YqhL" serialNumber="V" isPremiere="true"
             usage="jingle" ISWC="s-5xjpvTR" AKA="tQF" genre="spoken word" broadcastedFrom="2020-04-03T11:21:16"
             broadcastedTo="2019-08-27T11:21:16" runtime="1104951118" origin="live broadcasting" alternativeTitle="Qx6Ne4yc23z2"
             recordedFootage="2107033554">
            <Participants>
                <Participant name="o5HYxtum.t" role="performer" IPDN="bZEtlJ7AK" performance="conductor" grossFee="-650871333.21"
                     modifier="C" IPI="EpXlhOkvhMpe571_rWhF-Ojz5g" birthDate="2020-02-11"/>
                <Participant name="H4_" role="remixer" IPDN="apxYOLe_LkgfSf6JIXR" performance="soloist" grossFee="-2056901647.47"
                     modifier="B" IPI="q_A9R3iJ9ICz." birthDate="2020-04-04Z"/>
                <Participant name="a9l-6" role="arranger" IPDN="Hn6tCvmmmmLwkyMjE2Ys" performance="chorus master" grossFee="-446435856.58"
                     modifier="C" IPI="al24tT7.bInPJEtkt0jwxwry2" birthDate="2019-01-08"/>
                <Participant name="Luk" role="scriptwriter" IPDN="pKBtFJnFn" performance="main" grossFee="-1292778254.09" modifier="B"
                     IPI="w1" birthDate="2018-07-04"/>
                <Participant name="xiDuvV" role="producer" IPDN="HASSzD" performance="conductor" grossFee="-214888559.73" modifier="C"
                     IPI="GO_Q7cp4IjLDyzHaX" birthDate="2018-07-21Z"/>
                <Participant name="NIw" role="composer" IPDN="nWuaxqz" performance="main" grossFee="296499080.19" modifier="A" IPI="n8sp4JCgwePXv4zRvl_e"
                     birthDate="2018-11-26"/>
                <Participant name="SNdVA8FKDRKyJzt_OXT8N12nhmyP" role="scriptwriter" IPDN="evIU" performance="main" grossFee="-759440323.19"
                     modifier="A" IPI="fbEcFbvLWgEov" birthDate="2019-01-15Z"/>
                <Participant name="Zuu_" role="remixer" IPDN="FAAVBBLJyRJB5U.3E6JASF" performance="supporting" grossFee="75923644.48"
                     modifier="C" IPI="IMmBt_krHhoUF6fPe5EA-" birthDate="2020-06-12"/>
                <Participant name="r8Mcl2Iiy2SIgW9N3izibC" role="composer" IPDN="fCjFfa4QKc.MC1BU11F" performance="soloist" grossFee="-1424316734.81"
                     modifier="A" IPI="yM74OROSd3z" birthDate="2020-01-14"/>
                <Participant name="YwoxhLJaQ-cJZkcUMdO6HHI4a-E" role="scriptwriter" IPDN="q." performance="conductor" grossFee="605000213.96"
                     modifier="A" IPI="zPrv80RxNObM4g7rjczdNYBvFS" birthDate="2019-04-14Z"/>
            </Participants>
        </Record>
        <Record title="I1OfbTMtY-2U20V7G1z." spins="1474373969" ISRC="L88L070NC19O" year="0856" producer="TTVNzy7by5XqVNfrZrK8kp"
             label="ouZ5ySka1IhHvXuVRRM0iVoK" recordNo="Kkk" serialNumber="KTAQAfsW2Itlm" isPremiere="true"
             usage="jingle" ISWC="CmSU36-qp4HJPPZQW7JaNdt" AKA="LFSiaaFHhSdXzeR4y" genre="commercial"
             broadcastedFrom="2019-10-03T11:21:16" broadcastedTo="2018-12-06T11:21:16" runtime="1133864968"
             origin="commerce" alternativeTitle="BXqO79G2YW-tQoM6DIJdi" recordedFootage="1042890175">
            <Participants>
                <Participant name="KYkFAwiDn_LuP" role="sound engineer" IPDN="VC.OTMPqTJ_b" performance="chorus master" grossFee="-370817806.97"
                     modifier="A" IPI="W_J1Ui40RGN16qR7JIt5JyfnJA" birthDate="2020-04-20"/>
                <Participant name="_eevceEcnUfD9v" role="composer" IPDN="V3dBfMlXvw" performance="chorus master" grossFee="-2029029395.78"
                     modifier="A" IPI="B" birthDate="2019-05-31"/>
                <Participant name="JoJQ3Dq1G0P-3A" role="scriptwriter" IPDN="Vn0-tvB1dtWszj-j1NgNCU" performance="chorus master"
                     grossFee="-131718260.16" modifier="A" IPI="qS6A0akXH-c88RTxujk61_j" birthDate="2020-01-02"/>
                <Participant name="o0AaMkKduo-hI4J" role="sound engineer" IPDN="DUxA1J4-5TG66DNDnFMG3ooDB.3" performance="chorus master"
                     grossFee="-185937520.85" modifier="C" IPI="M" birthDate="2019-03-09Z"/>
                <Participant name="n_9lTGElfV" role="performer" IPDN="tDBltGcTM_d3L16YZRPM3j" performance="chorus master" grossFee="1972875024.22"
                     modifier="C" IPI="syI49G4K" birthDate="2020-05-07Z"/>
                <Participant name="V47UdUhYK439.nM54u" role="arranger" IPDN="rBQ5TYQrK9" performance="chorus master" grossFee="691614537.64"
                     modifier="C" IPI="mE_oe8ga8Z7x" birthDate="2018-08-14"/>
                <Participant name="VVUlfPw4Zstj8O5" role="subscriptwriter" IPDN="vnMIdpd9zpuC" performance="chorus master" grossFee="170109530.13"
                     modifier="B" IPI="i4D6Dn1g8piVb6ncHC4O5jC" birthDate="2018-12-20Z"/>
                <Participant name="GTBuxpMdwfm4FQLB_" role="producer" IPDN="gZkkKWN_lR-VYL3PHKe" performance="chorus master" grossFee="-1214182404.49"
                     modifier="B" IPI="wPvkF" birthDate="2020-03-08Z"/>
                <Participant name="r1VCY0lh8mCkCewqo1" role="composer" IPDN="cLTlJaRzGxsqBkZwykQ5j6Z" performance="main" grossFee="-1109267929.35"
                     modifier="C" IPI="feo67TqUvNQokDnn" birthDate="2019-12-17"/>
                <Participant name="BUN05MnzJ5.mSYuPosklPs2Pb" role="arranger" IPDN="IhgXE9MFW_j-l1gI0" performance="soloist" grossFee="-1408236575.04"
                     modifier="B" IPI="Z" birthDate="2020-04-22"/>
            </Participants>
        </Record>
        <Record title="BcTM5C_c8AxSL2S" spins="1044382919" ISRC="6Q653R05038L" year="3823" producer="KJnCr0pGJ60V" label="lH0s0zO"
             recordNo="iLQNiINDxH-1ZLIaIYbRgzNDIS0dyM" serialNumber="S0WDf0Tldq" isPremiere="false" usage="jingle"
             ISWC="zYaGMwY8clEXg4oH5" AKA="NbtKkmy9tycvTJGpBGZPT4mL" genre="jingle" broadcastedFrom="2020-05-25T11:21:16Z"
             broadcastedTo="2019-02-12T11:21:16" runtime="1923802433" origin="commerce" alternativeTitle="wpbySvkTykxs36KflCq1CHt.0"
             recordedFootage="1244080285">
            <Participants>
                <Participant name="Gi-BDQTRxzROVBL5ac" role="performer" IPDN="qvrgF4MLAO68wCI" performance="conductor" grossFee="770988652.79"
                     modifier="B" IPI="r9zbCLLxmmgGaDCLRMFhy4" birthDate="2020-03-03"/>
                <Participant name="SE1g0Epb9" role="composer" IPDN="ecNjtlZLlZC" performance="supporting" grossFee="781262040.16"
                     modifier="C" IPI="kZDb7123tO3o" birthDate="2020-03-09Z"/>
                <Participant name="jh0pydHmOEN0Zlajxt1.5Z" role="remixer" IPDN="LaEJusp6x" performance="conductor" grossFee="1604014171.56"
                     modifier="A" IPI="xKjeBWZlb4xjFxAPEo9" birthDate="2019-12-20"/>
                <Participant name="ag4eS" role="remixer" IPDN="uD" performance="main" grossFee="-713519762.47" modifier="A" IPI="r4-b4eIxikjD"
                     birthDate="2019-10-23Z"/>
                <Participant name="AH2QHANa" role="music director" IPDN="MEh3cMPIl" performance="soloist" grossFee="483899154.36"
                     modifier="B" IPI="g5pCapCIrNf2-77EjGv7ZY" birthDate="2019-12-22"/>
                <Participant name="DgMSqosi-Aiw" role="music director" IPDN="GVJbEymEx1AyFYyO" performance="soloist" grossFee="1105470237.67"
                     modifier="A" IPI="lMOGCDzeJo7Ca-j" birthDate="2020-03-28Z"/>
                <Participant name="ATT87vLcA.yOGN" role="remixer" IPDN="OGcoC.aScEnNxb04LqKkDm6pzql" performance="conductor" grossFee="-1096857089.25"
                     modifier="C" IPI="P." birthDate="2019-10-25Z"/>
                <Participant name="FI" role="music director" IPDN="jKKEOYvucZ5lwyCp" performance="main" grossFee="-1113940344.67"
                     modifier="C" IPI="E_4RF1hNXn8A" birthDate="2020-01-19Z"/>
                <Participant name="yi_Q7GrDjzJwy55ipB0bU3H" role="composer" IPDN="l..ibtVO6O" performance="main" grossFee="-1049851528.63"
                     modifier="A" IPI="iGG8_9-TKqZL3-CCfr.c-1jE5G" birthDate="2019-12-03Z"/>
                <Participant name="BHYu8_h8M." role="sound engineer" IPDN="hhZLSYHf-9Afg" performance="chorus master" grossFee="708824853.02"
                     modifier="C" IPI="St71DRhqdOV3Wa5ooxnm-x6" birthDate="2018-10-29"/>
            </Participants>
        </Record>
        <Record title="gkxpwguVyjxmK7ULB" spins="1506455081" ISRC="FVT3CDQMY53G" year="5337" producer="y6YASSiykzXJDuRzfPLPc1_jJ2_E"
             label="M92mldwj" recordNo="ch" serialNumber="psGdjpvZQx9phNKE_aGi2Y6" isPremiere="0" usage="commercial"
             ISWC="DFCyqyD_GtNp8.bVOB5tF4qCzP" AKA="F" genre="commercial" broadcastedFrom="2019-07-25T11:21:16"
             broadcastedTo="2020-01-26T11:21:16" runtime="1036113226" origin="free usage" alternativeTitle="vNdQlxXoW"
             recordedFootage="435187892">
            <Participants>
                <Participant name="NXDl31-.mFfUlVz" role="performer" IPDN="dAtCkEYIH" performance="chorus master" grossFee="-1385380314.60"
                     modifier="B" IPI="Mj3.TMpH" birthDate="2019-10-14"/>
                <Participant name="Da_Bx_iBuncDejyLuOc7OaPB6Gr" role="producer" IPDN="kbB8JTRAIN" performance="supporting" grossFee="-1901118476.63"
                     modifier="B" IPI="GaBvVn0w1NXfkhWKqadthworR" birthDate="2018-10-27"/>
                <Participant name="Q.Y5gF72C0SDWKFNzw2GKsWW" role="sound engineer" IPDN="ojxd1LElhXxdP7KsaZPN" performance="supporting"
                     grossFee="-503761928.59" modifier="A" IPI="VTTxYCW1mLP" birthDate="2019-11-16Z"/>
                <Participant name="tlu3mVJnUK" role="performer" IPDN="tHH1p9crBQXcwaw9tRS_c" performance="supporting" grossFee="406415112.46"
                     modifier="B" IPI="s" birthDate="2020-05-25"/>
                <Participant name="vx9D.x74NpsH9FMIrc-NbJXppHMT1" role="composer" IPDN="fAiwnYuIMLREEiWY5" performance="main" grossFee="-1261175258.52"
                     modifier="B" IPI="tMz-C8Flq7CNOhFbo_Iwwf9pfiC" birthDate="2020-01-22"/>
                <Participant name="par1-Fa0ITW" role="scriptwriter" IPDN="mR.myfDlo8JHCM" performance="soloist" grossFee="-363270039.08"
                     modifier="C" IPI="BLFCDc2L9CwqvI91-9fx95r" birthDate="2019-08-16Z"/>
                <Participant name="Y0x413_7t2NyPsRSCm8NQeVq6gMX" role="performer" IPDN="rNepin4p6RR29x2RHH9NdxfY5u43Z" performance="chorus master"
                     grossFee="1294791993.61" modifier="C" IPI="mm" birthDate="2019-12-19"/>
                <Participant name="Ty4AeueHfC4" role="scriptwriter" IPDN="lRh" performance="soloist" grossFee="18145925.81" modifier="C"
                     IPI="iBvMSBYg" birthDate="2018-10-09Z"/>
                <Participant name="WYty_pbGdefqgb" role="composer" IPDN="yZiiPzlYSrysi_nQb.AU4s" performance="main" grossFee="-405158959.68"
                     modifier="A" IPI="Ds.9g3lrEjbIEQsh.v" birthDate="2019-05-07"/>
                <Participant name="k7" role="subscriptwriter" IPDN="dDDSazq1ns13GkyrCz492uVOrWeaIQ" performance="soloist" grossFee="121444194.26"
                     modifier="C" IPI="CuaFMkHk-jcJg8yjklptKcjD" birthDate="2020-02-12Z"/>
            </Participants>
        </Record>
        <Record title="LG_W" spins="130542431" ISRC="37IC6KRBON38" year="4834" producer="OZ4s1xLJzqr0gfpgJ." label="EX3GTPqxL79yeo8rvvJ"
             recordNo="diyplGx_bs50wNDt5aaM0kRUR" serialNumber="M" isPremiere="0" usage="commercial"
             ISWC="epLTKAjf9-hT" AKA="JZpX3oMMDdKVAT9i1Mav0rA_vN28TK" genre="jingle" broadcastedFrom="2019-11-29T11:21:16Z"
             broadcastedTo="2020-04-30T11:21:16" runtime="1886458595" origin="free of charge" alternativeTitle="kN6whpW3B2zzggCO0Hspq8zCqbNve"
             recordedFootage="483913989">
            <Participants>
                <Participant name="Vf8H" role="arranger" IPDN="Bdw." performance="conductor" grossFee="723807914.30" modifier="A"
                     IPI="bnEpTv8I4QPru-LDKo1" birthDate="2018-07-18"/>
                <Participant name="dfPYoGQfKONGsik4dlbXP" role="performer" IPDN="diXJ" performance="soloist" grossFee="-1741303856.91"
                     modifier="B" IPI="B1Ra.xAt_xVI" birthDate="2020-06-18Z"/>
                <Participant name="TDfnhluio45fWG7oQ" role="remixer" IPDN="vmHLyut2IFGtc8WrDQdMWk" performance="main" grossFee="195433506.88"
                     modifier="C" IPI="f1nkytarm_rqg1r" birthDate="2019-11-26"/>
                <Participant name="oJPSRaeKTh-2Ij-OUjFjn" role="producer" IPDN="mcgn_J3QHQAELdw725ZvnPqES8H" performance="main" grossFee="1756076141.29"
                     modifier="A" IPI="cCK3ZuUtbdRsxR7JmSe" birthDate="2019-01-14"/>
                <Participant name="bgn" role="sound engineer" IPDN="hj" performance="main" grossFee="-624137400.58" modifier="B"
                     IPI="Nx." birthDate="2020-04-29"/>
                <Participant name="TYqzK6zZ4Mi" role="producer" IPDN="t3e81dX" performance="soloist" grossFee="1587149486.73" modifier="B"
                     IPI="v9PuY-iyp" birthDate="2020-01-03"/>
                <Participant name="uL-ov.T3l8Hen2" role="remixer" IPDN="wTjvLI" performance="conductor" grossFee="-1823192866.89"
                     modifier="C" IPI="J3_ez" birthDate="2020-03-24"/>
                <Participant name="xqjHgVAbjtsx81NJr-yC2IVKx" role="sound engineer" IPDN="MmnNqP7hFS5-9.j78v9N734O_q" performance="chorus master"
                     grossFee="522750877.81" modifier="A" IPI="_1Gmd" birthDate="2019-05-06"/>
                <Participant name="awPpPSvg2gcgxV.H3LlsBs8qgESaF" role="subscriptwriter" IPDN="S-Qx.AIgPvbj8whxKu4xVN" performance="main"
                     grossFee="1710148302.17" modifier="B" IPI="K9LX" birthDate="2020-04-07"/>
                <Participant name="tZauv87lYp" role="music director" IPDN="IK4K66Crs4Ow" performance="supporting" grossFee="1336321593.29"
                     modifier="B" IPI="NfH" birthDate="2018-11-01"/>
            </Participants>
        </Record>
        <Record title="gDEpAybp8OGo14Mtyj3t2XudXGpK71" spins="1063530201" ISRC="31P3FDIU3V8V" year="5598" producer="d5Ah.hvES1MPv1TBoY"
             label="HlHCN" recordNo="RaY2etEriAuezZQzpPY5qx5PJW4" serialNumber="szLpA4yR38S6y0ArzbJfIflt.oPFs"
             isPremiere="0" usage="broadcast" ISWC="mDU_22yb.GRfE.77XuKrhzlew8EG" AKA="xqBp2ryDABSovbCT0"
             genre="composed" broadcastedFrom="2019-06-16T11:21:16" broadcastedTo="2019-08-14T11:21:16"
             runtime="1143274524" origin="recorded stream" alternativeTitle="PRXaSpM9" recordedFootage="2081005171">
            <Participants>
                <Participant name="bXv" role="remixer" IPDN="yPrpGoN" performance="conductor" grossFee="385854531.04" modifier="C"
                     IPI="jQwz-036vIUw3t04jsl_67fywA" birthDate="2019-04-03"/>
                <Participant name="qE57zSngWGDMPGO-wegCRGY4sJ" role="arranger" IPDN="wf-3leOL82" performance="main" grossFee="-485008562.52"
                     modifier="A" IPI="F" birthDate="2020-02-25Z"/>
                <Participant name="Fq2rbHk" role="music director" IPDN="qWmmj" performance="chorus master" grossFee="-155481915.04"
                     modifier="B" IPI="ZEZtWGiFgANXr" birthDate="2020-02-19Z"/>
                <Participant name="WagiHGwMakwoQWIcx2n0jjDG" role="composer" IPDN="a" performance="chorus master" grossFee="-1086691400.96"
                     modifier="B" IPI="d0A197g.gZxwMEdZoNbn.GA.C" birthDate="2020-05-01Z"/>
                <Participant name="B390U60.mp6FI7_yUPE0p6IR-VHt" role="producer" IPDN="oDLJJfXOIty" performance="conductor" grossFee="1907798507.12"
                     modifier="C" IPI="lVDtmmyCi1cazuqtD7mpw3XT" birthDate="2018-12-04"/>
                <Participant name="A2NZRUKhlCEAdlz8mOjaUcP._7R" role="scriptwriter" IPDN="lYjPdAvxtVtioaSkLD" performance="supporting"
                     grossFee="990041368.63" modifier="A" IPI="doK" birthDate="2019-03-12"/>
                <Participant name="tww34LGtPok2ZGYHvWBkhRKzeLC51" role="composer" IPDN="k" performance="chorus master" grossFee="662158488.16"
                     modifier="C" IPI="YBS8x3YvHj1QDCqz" birthDate="2018-07-13Z"/>
                <Participant name="F9YpqU" role="composer" IPDN="CMw" performance="main" grossFee="-1763462093.96" modifier="B" IPI="NCXLAd-FKXRcS.XHre396"
                     birthDate="2018-09-22"/>
                <Participant name="Vk" role="arranger" IPDN="OHygAUSAR_-URqPcRyT" performance="soloist" grossFee="-602861342.70"
                     modifier="C" IPI="h.K8Pb-AJw8Rj6Jhv_72gg7fH" birthDate="2018-09-22Z"/>
                <Participant name="A.-u54Mdfnm9f-D" role="music director" IPDN="hytKueN4QVv" performance="soloist" grossFee="-841719970.89"
                     modifier="B" IPI="y-Rl" birthDate="2019-06-16"/>
            </Participants>
        </Record>
        <Record title="hfUZDuPlxkN1Z2aze_k33" spins="288643857" ISRC="H651761ITRXD" year="4127" producer="Dd." label="RE4edN30sRM.-83kmgU"
             recordNo="ajo9BDFCY" serialNumber="j7RvkJ7wf6e-M0QxkjnbVvK" isPremiere="0" usage="commercial"
             ISWC="q-B1-47vARUZlLNr" AKA="ztUHRg4u-lfjbM1" genre="jingle" broadcastedFrom="2018-12-30T11:21:16"
             broadcastedTo="2018-09-28T11:21:16Z" runtime="652202987" origin="free usage" alternativeTitle="Sm59Uwj5PS4"
             recordedFootage="362606856">
            <Participants>
                <Participant name="CrkBvMiWIn6l_9VdSE9aGLzOzhPy" role="scriptwriter" IPDN="W" performance="main" grossFee="1923218188.37"
                     modifier="A" IPI="U" birthDate="2019-10-12"/>
                <Participant name="WkS5T8FDgpOxKJO6ZNUvhqt4SRZuG" role="scriptwriter" IPDN="ANaoR6mdi._6UYV-Yn-tcg3nx" performance="main"
                     grossFee="285520170.70" modifier="A" IPI="m0h.EnULnwHlzoES_oVxz7K" birthDate="2019-12-31Z"/>
                <Participant name="kZwDwCAEaW4_Z.t" role="scriptwriter" IPDN="_V" performance="conductor" grossFee="972189491.94"
                     modifier="A" IPI="CtD40UFcvcKrPb_gaz" birthDate="2020-05-15"/>
                <Participant name="MDfH-ndYL0Op" role="sound engineer" IPDN="rOI" performance="main" grossFee="944587815.72" modifier="C"
                     IPI="akBbOilZb7avO0k3O4el" birthDate="2019-12-02"/>
                <Participant name="MAWTuiugQUyErIz" role="composer" IPDN="sj-6_4XDuuy3xuzr" performance="supporting" grossFee="-962001540.47"
                     modifier="A" IPI="oVu3AsuDdGPIX_W0MRw4gCI" birthDate="2020-02-28Z"/>
                <Participant name="r7HtebBRWrKPiMynPCAC_o" role="remixer" IPDN="DZ-bL.u.waPJghGr" performance="main" grossFee="1433702933.58"
                     modifier="B" IPI="oznq_nx8o0HoslUXw" birthDate="2020-02-24"/>
                <Participant name="VJXr9L2ckNn." role="composer" IPDN="sd" performance="conductor" grossFee="-1995166299.94" modifier="C"
                     IPI="QsuhYQcBlb3wQE6p99F-wTqcdwav" birthDate="2018-12-08"/>
                <Participant name="G5YKvKI1YMiX0o0hsvwKT9yMPFQn8g" role="producer" IPDN="cG1" performance="main" grossFee="375655113.94"
                     modifier="C" IPI="OEZJ-" birthDate="2019-05-19"/>
                <Participant name="E4" role="composer" IPDN="Tg-p4Jfee-lToytcC0sA" performance="supporting" grossFee="-2110437620.33"
                     modifier="C" IPI="Q2.r2KukfO24t-MQPi60iXy5jV2" birthDate="2018-08-28"/>
                <Participant name="mzCJSlr07RJpq" role="performer" IPDN="HIjxj5kB7N" performance="conductor" grossFee="924549516.60"
                     modifier="A" IPI="nVllXI0-kGvlkVHMQAxp" birthDate="2019-02-22Z"/>
            </Participants>
        </Record>
        <Record title="W3fkuKr8EB" spins="251629358" ISRC="BCU964BYK7HV" year="0218" producer="m" label="W" recordNo="rvzID7xZIUu5OZm55ll"
             serialNumber="pkSB73YUVhBut8" isPremiere="1" usage="commercial" ISWC="Ds" AKA="C-ViyW95SAoeXEEvTk"
             genre="composed" broadcastedFrom="2020-01-19T11:21:16" broadcastedTo="2018-07-13T11:21:16"
             runtime="1139182673" origin="self" alternativeTitle="W" recordedFootage="1235645639">
            <Participants>
                <Participant name="Ye47" role="sound engineer" IPDN="wEJUJZfZthjtGwAo43T" performance="main" grossFee="-1039599009.21"
                     modifier="B" IPI="vD-lt5wH4Ff65yWi.V" birthDate="2019-03-03Z"/>
                <Participant name="aL2ZaVjAD52opsbeTpRZiaD9Cpa20" role="sound engineer" IPDN="_j8BV0" performance="soloist" grossFee="1813072265.97"
                     modifier="A" IPI="dZTmZ.L" birthDate="2019-12-08Z"/>
                <Participant name="yaGtOyVdT6hOxnTBKYW.D8kQj66lv" role="subscriptwriter" IPDN="n-X3as" performance="conductor" grossFee="-820430830.79"
                     modifier="B" IPI="MILJ" birthDate="2019-09-29Z"/>
                <Participant name="GQHNa3-.Tz" role="remixer" IPDN="k5_K5yc" performance="conductor" grossFee="-1370578982.98" modifier="C"
                     IPI="oWTMe" birthDate="2018-10-23"/>
                <Participant name="aevuN" role="performer" IPDN="PT_toz33g4CxrWyVykNyoe" performance="chorus master" grossFee="-1218019693.71"
                     modifier="B" IPI="fU_b2FpVD1bBnIsN" birthDate="2019-11-22Z"/>
                <Participant name="DIySEdJ8AgAf6l5SDc1Arv2C" role="music director" IPDN="JgEwXFJSBY0DOGOl2wc8" performance="soloist"
                     grossFee="-451834617.43" modifier="C" IPI="m" birthDate="2019-05-30Z"/>
                <Participant name="sK5q-.0kh" role="remixer" IPDN="rWw.3cz6gZ.jkL_ch.MrO05vw" performance="soloist" grossFee="-476927723.90"
                     modifier="B" IPI="F3Y8EtUCpVLb39crHEJy" birthDate="2019-05-29Z"/>
                <Participant name="o9DBCb9K-UuM9xrxc" role="subscriptwriter" IPDN="L8KM04dA" performance="main" grossFee="-100451756.80"
                     modifier="B" IPI="Tf1XBOa" birthDate="2018-07-13"/>
                <Participant name="yyrpsJesnDl6zU4H" role="performer" IPDN="S2R" performance="soloist" grossFee="1753121715.30" modifier="A"
                     IPI="Isk9n3RgJ8u" birthDate="2020-02-22"/>
                <Participant name="MSl4UD7kSEvllEK.E-_vLC8y" role="composer" IPDN="zNsZP1jz-tY" performance="soloist" grossFee="296427556.53"
                     modifier="A" IPI="Ui3laxL1saKxfu" birthDate="2018-11-27"/>
            </Participants>
        </Record>
    </Record>
    <Record title="vY-T" spins="456035226" ISRC="PTE4Z09IA181" year="6687" producer="jMYpuuDhF8TroU" label="sct3jtIAydCq3BoMaXIaWU6rH0A"
         recordNo="b81gT9wSQ1LtlYvOvN" serialNumber="yTKa1GrwLtYjFA-" isPremiere="false" usage="commercial"
         ISWC="vd" AKA="Fqtq8Dh33ZEuY-" genre="commercial" broadcastedFrom="2018-08-04T11:21:16" broadcastedTo="2020-05-24T11:21:16"
         runtime="1358712048" origin="recorded stream" alternativeTitle="CKhDD_YhoUqkDgFxkB9BBokt" recordedFootage="222323105">
        <Participants>
            <Participant name="OS41KN2QPnJYbKCinj6Zmu8hqO0DS" role="music director" IPDN="ytnZ01PEu9FSnpERwH8bUkJQib5lI" performance="chorus master"
                 grossFee="882005933.04" modifier="B" IPI="bMfBkghvuCubeC" birthDate="2019-05-26"/>
            <Participant name="Af.unSkQv3GZG4Sy.2-QajkLV" role="remixer" IPDN="MwP_72M6wvKW5kBA" performance="main" grossFee="1621744626.08"
                 modifier="B" IPI="OQ-2ONegSR3uE" birthDate="2018-07-14"/>
            <Participant name="Q1DepCMAQ4GiXIAu" role="composer" IPDN="RaalFw" performance="chorus master" grossFee="-414595267.37"
                 modifier="C" IPI="oT" birthDate="2019-09-29Z"/>
            <Participant name="k" role="arranger" IPDN="r6WBSXCOM" performance="main" grossFee="-1193953893.18" modifier="A"
                 IPI="inwtii_nFrfZQWSgmM2" birthDate="2020-06-25"/>
            <Participant name="rC" role="composer" IPDN="WQY_Xzz8ROq-AK" performance="supporting" grossFee="-1983464823.53" modifier="C"
                 IPI="X" birthDate="2018-08-01"/>
            <Participant name="AVjs3ASbxcfgIe" role="composer" IPDN="Fw" performance="main" grossFee="446794596.98" modifier="A"
                 IPI="z2Kb" birthDate="2019-07-17"/>
            <Participant name="G4HMHQ2GblCAIw.2O5_1VlA.R" role="scriptwriter" IPDN="Yjp_6UYW.P.D" performance="conductor" grossFee="-156170153.57"
                 modifier="A" IPI="yS" birthDate="2019-09-29"/>
            <Participant name="RxWH-HYXvc." role="performer" IPDN="KnAxtR7CrIwm6Bp" performance="conductor" grossFee="-1971012858.04"
                 modifier="A" IPI="A2-VpKwNRtytWP51nqQ7Ihg" birthDate="2020-04-22Z"/>
            <Participant name="T4SvOFT2lCH" role="music director" IPDN="qIpDAcyI-yjd2Fa" performance="supporting" grossFee="31228892.46"
                 modifier="B" IPI="_-BC8FSxVFF" birthDate="2019-04-10"/>
            <Participant name="hx5Z" role="composer" IPDN="QKC74GyiyPSDAnaZDrcYl" performance="chorus master" grossFee="-1993193037.60"
                 modifier="A" IPI="FTlmrP-OqWAQho727rpcC" birthDate="2019-02-01Z"/>
        </Participants>
        <Record title="Pi" spins="726727658" ISRC="5PFP1Q4MZR74" year="7551" producer="Xfbkdkb2tlOay0f" label="rLSz.iBB2.te5dsbOtlynjrIOgOm"
             recordNo="vi6fcEDxbEVG36gcSvS8CK" serialNumber="Yr.Wo" isPremiere="true" usage="commercial"
             ISWC="jCxhHJE9" AKA="W.P5BuI-DiNUYsbsxLTG" genre="pop" broadcastedFrom="2020-05-28T11:21:16"
             broadcastedTo="2019-03-18T11:21:16" runtime="1802939791" origin="self" alternativeTitle="yl8DPbw.Awy1J"
             recordedFootage="921508817">
            <Participants>
                <Participant name="Qi8Ot7Lov3zuP0PLcVklP" role="scriptwriter" IPDN="MwRwa.t4S5tu2kicv" performance="soloist" grossFee="963418129.73"
                     modifier="B" IPI="Mk6nT85hROhiOhezhimim-YEBgufz1" birthDate="2018-12-05Z"/>
                <Participant name="yc5x1ZJgaz2TT7MQu6xDLr" role="producer" IPDN="bdBmLbqH8c34IGjbAsL43" performance="conductor" grossFee="1343725510.54"
                     modifier="A" IPI="hl" birthDate="2019-09-14Z"/>
                <Participant name="dXPNbxqzxeBSBERy4x5sdc" role="remixer" IPDN="j3QT1-ay-BMuxWDz7jX6mne" performance="main" grossFee="53259671.27"
                     modifier="B" IPI="Vl" birthDate="2019-07-14Z"/>
                <Participant name="FpHJBMalTaGTxoLA4xGAfPh" role="remixer" IPDN="m-dr" performance="main" grossFee="-1213768372.06"
                     modifier="A" IPI="AeGg" birthDate="2019-05-31"/>
                <Participant name="i9R4Zb" role="producer" IPDN="DA1riBAnGeBLHdMT7tqdpfnH2LAMV" performance="conductor" grossFee="318051150.20"
                     modifier="A" IPI="uehorUWawxXA" birthDate="2019-05-22"/>
                <Participant name="J8nzVDhI7jlAK4" role="sound engineer" IPDN="voEertuw" performance="conductor" grossFee="-908618228.29"
                     modifier="C" IPI="aibx91a_" birthDate="2019-02-13Z"/>
                <Participant name="fa1gLAa41B5U6K5F9-TQdGEJzV4j" role="producer" IPDN="IR6Ua" performance="main" grossFee="-1036121783.54"
                     modifier="C" IPI="dwLrvsTzpnR.9Vzmch41WP4NCj" birthDate="2019-10-12Z"/>
                <Participant name="ZLdE2b64fV7XcMDC" role="composer" IPDN="UYm5l93io38TsPt" performance="conductor" grossFee="30898139.02"
                     modifier="A" IPI="wLE5AWMA-a8Em7fNHua0MNWY2kblP" birthDate="2019-07-05"/>
                <Participant name="O6wzz1y_R7jRi" role="scriptwriter" IPDN="ahmL.aPwC.ga2h-XgowXShK" performance="main" grossFee="1574566581.45"
                     modifier="A" IPI="jPXopjr" birthDate="2019-05-06"/>
                <Participant name="lHxb" role="music director" IPDN="sfOLWGw9_6vUeM" performance="conductor" grossFee="-117952492.15"
                     modifier="B" IPI="eAv1vm" birthDate="2018-09-21"/>
            </Participants>
        </Record>
        <Record title="ADb" spins="865785748" ISRC="0MSN8SY6064S" year="9357" producer="xv4xYp9fOLQTFhwz6URQBN2HbixNwe"
             label="z0HprJ29cAw-sobAhL7K57DaV" recordNo="uy6WPOi7" serialNumber="QVzqxUhOJ3cSD03caYT14tk91N"
             isPremiere="true" usage="jingle" ISWC="K.vdq3EGfZM1NkwSimJGtaGCWCk" AKA="FbrPON.0Tbbmh6JE5E44uF1f_C"
             genre="pop" broadcastedFrom="2018-08-09T11:21:16Z" broadcastedTo="2019-02-10T11:21:16" runtime="1350832928"
             origin="live broadcasting" alternativeTitle="z5sBxPV-nGGs" recordedFootage="124667839">
            <Participants>
                <Participant name="dIoCWX" role="remixer" IPDN="pe9VsQWI.o5mXySJRFI" performance="main" grossFee="-625930296.95"
                     modifier="C" IPI="L0bcMjT2drV-DAbeIppKscuB8MF" birthDate="2019-12-17Z"/>
                <Participant name="HgBCJtYFQ" role="scriptwriter" IPDN="vlWNa98h" performance="supporting" grossFee="-984638017.36"
                     modifier="C" IPI="LtO" birthDate="2020-04-14Z"/>
                <Participant name="cbKeib8VFUtN_6aloXD0TWfgOV" role="music director" IPDN="SW.hD5NCdtvjojgnoYAyFOi" performance="main"
                     grossFee="-1583243331.01" modifier="B" IPI="S3f2Vj1i1SxBZYy" birthDate="2019-10-07"/>
                <Participant name="vzc_EpiEK27H2EfR5uDeo1sAV2" role="composer" IPDN="uGTpCDvkEsR9" performance="soloist" grossFee="1586925868.21"
                     modifier="A" IPI="omoxEDrW0EmAR6ZW6x0igWSuZxvg5a" birthDate="2019-09-30Z"/>
                <Participant name="r" role="arranger" IPDN="_Iwl4HG.GBypY8yDOd_6jPfi33eN" performance="supporting" grossFee="-118736987.12"
                     modifier="A" IPI="lMSPUWqM_J.-K_QKdKD" birthDate="2019-07-29"/>
                <Participant name="sNGLtgLZCelmrtpoJL-Yn" role="music director" IPDN="YY8ps3VKpImwTmR07" performance="soloist" grossFee="1297323779.20"
                     modifier="B" IPI="OkXXU1tZoZeVRUdM" birthDate="2019-02-17Z"/>
                <Participant name="Xzxf" role="sound engineer" IPDN="rvb7mX" performance="chorus master" grossFee="-1949374072.93"
                     modifier="B" IPI="A1E" birthDate="2018-12-08Z"/>
                <Participant name="sv" role="subscriptwriter" IPDN="mSdea4JIU7YHvmETm34Q" performance="supporting" grossFee="145286820.15"
                     modifier="B" IPI="eZIWtWBStyclkM6AtYMi_9N" birthDate="2019-12-07Z"/>
                <Participant name="qyjcJTQ8FjXZ" role="scriptwriter" IPDN="_2" performance="supporting" grossFee="436782484.80" modifier="B"
                     IPI="M6yo5KtJDu8brnyqrpng1GcALR" birthDate="2018-10-14Z"/>
                <Participant name="MNyCTVku0iQwbgdv0NXckFjAR" role="subscriptwriter" IPDN="ZGUlOGc6JZMj3E" performance="supporting"
                     grossFee="1805444695.12" modifier="B" IPI="oOx4rC" birthDate="2020-04-24Z"/>
            </Participants>
        </Record>
        <Record title="MFUNMJ2.kcjkjpr.6" spins="928996094" ISRC="33R5TATO995E" year="8099" producer="CGw7cY2k.84IV-Bm2stCnMTADrw"
             label="CMuIKJ" recordNo="skzx6x" serialNumber="ve" isPremiere="0" usage="broadcast" ISWC="EAqrQko7U68pUeDQ9"
             AKA="AoJ" genre="pop" broadcastedFrom="2018-08-03T11:21:16" broadcastedTo="2019-11-14T11:21:16"
             runtime="1558612836" origin="recorded stream" alternativeTitle="tNqD-7Xq_T6xmPVaEH3l8mNuOvqbF"
             recordedFootage="278616555">
            <Participants>
                <Participant name="T0Y0qyLpNGFhp8ZPz-PDVZbV" role="music director" IPDN="fP" performance="chorus master" grossFee="-966297388.52"
                     modifier="A" IPI="hkMN82pPCtXaZP3OMA4.7o" birthDate="2018-09-24"/>
                <Participant name="Ni4g." role="producer" IPDN="DVIe81PvKQoJRSGLoT9oRpplew_Ko" performance="supporting" grossFee="-1422079095.62"
                     modifier="A" IPI="Ni5r50jfjmOZK-prYReefGM" birthDate="2019-11-28Z"/>
                <Participant name="qNcNCWAVOShhzTKQ1lPq8.LbU7T." role="producer" IPDN="GMEOMvZ80fLjpp42Q" performance="chorus master"
                     grossFee="-82801132.47" modifier="C" IPI="Omu2QXPSqDhrxkoSxCgT93lGcXPq" birthDate="2019-01-08Z"/>
                <Participant name="MKSj1V._1400C7u1f2otEF" role="remixer" IPDN="UB7v9uB" performance="soloist" grossFee="1543242330.27"
                     modifier="B" IPI="f" birthDate="2018-10-18"/>
                <Participant name="ck4yfVxFP8fCQp.FW3LV4vIZGhpQW" role="sound engineer" IPDN="GFg1" performance="soloist" grossFee="-1252827074.08"
                     modifier="C" IPI="ZdsLIp_Kwl_Ri" birthDate="2019-03-20Z"/>
                <Participant name="jk6B0UzhB8Ddqo" role="arranger" IPDN="I7bUJ2DCvQvIDB" performance="soloist" grossFee="1600640404.83"
                     modifier="B" IPI="vCVlCMKCenPR6tmeCkLU2R985R" birthDate="2019-04-25"/>
                <Participant name="l11Stu" role="music director" IPDN="NZV3ga6mZV." performance="main" grossFee="-1474281328.53"
                     modifier="C" IPI="vLgTY4ivT" birthDate="2019-01-24Z"/>
                <Participant name="uQ_AeN95Jc0" role="sound engineer" IPDN="R_9bVXxFOF5v." performance="conductor" grossFee="-1856338026.10"
                     modifier="B" IPI="H" birthDate="2019-06-01Z"/>
                <Participant name="k9Yz4s1OhhIC0NOWvO0qI6ar" role="subscriptwriter" IPDN="yIKvxkpZimBvhc" performance="soloist" grossFee="-409306378.91"
                     modifier="B" IPI="u4.gqbVxG1WguKx-W" birthDate="2018-10-13"/>
                <Participant name="kzJYAzYLPSwVcV5EpYsm71e" role="composer" IPDN="HID.9_" performance="main" grossFee="-313280643.03"
                     modifier="B" IPI="sV5tzWrZMQC1vU" birthDate="2019-08-25"/>
            </Participants>
        </Record>
        <Record title="VmD" spins="923191328" ISRC="0BW1OBKIP87I" year="9147" producer="Qpl4bhxIOm.d01wSqlHOg4hiu" label="e-I3KzszSD_0uiciIK7lVc"
             recordNo="cd-gpqoc1a1HIBtzjP" serialNumber="VbvLwg2-GlIBWZY9KSfPRRN" isPremiere="0" usage="commercial"
             ISWC="Hsa41C" AKA="qj-ak9r" genre="commercial" broadcastedFrom="2019-11-01T11:21:16Z" broadcastedTo="2019-11-24T11:21:16"
             runtime="1283228559" origin="free of charge" alternativeTitle="aiDe7" recordedFootage="2001944065">
            <Participants>
                <Participant name="q" role="arranger" IPDN="CiVI2FgT" performance="chorus master" grossFee="-1025740866.56" modifier="B"
                     IPI="zX54w9AHJ.JeCUB_w9FsW7YEw7tJzn" birthDate="2018-11-17"/>
                <Participant name="cwFTpVx" role="sound engineer" IPDN="DGjWi6ByRl8lw" performance="main" grossFee="445519400.49"
                     modifier="A" IPI="ccEU4" birthDate="2019-05-29"/>
                <Participant name="OgJgOetnYnBs-r7AZdmKjPFW" role="performer" IPDN="A2TUPvdt2b5xMbMNv" performance="main" grossFee="1144647258.65"
                     modifier="B" IPI="VXumE9B2wiZG.WxU" birthDate="2019-12-04Z"/>
                <Participant name="eqWC_z2ihO4X" role="scriptwriter" IPDN="qO1Yyd10dPUQFAYI69n6HOZ2NhM4h" performance="supporting"
                     grossFee="186005145.94" modifier="B" IPI="hHVHogWkOhEYrK" birthDate="2018-09-23Z"/>
                <Participant name="K0jB3JQX9V3cpTE9E_c" role="performer" IPDN="AhRE7VHaT.1z4KIw7M.IHOEbOvwc" performance="chorus master"
                     grossFee="-1974104447.03" modifier="B" IPI="espMGE6VN1zSkvrcyNQpU_JxKtp" birthDate="2019-09-09Z"/>
                <Participant name="yk7VWx0kYSvgtrzSYZ.AoYA" role="producer" IPDN="jJb9xyPWDrP6" performance="conductor" grossFee="968504579.18"
                     modifier="C" IPI="CG4v0VZFCdGVvOxAi866_vV4OY3" birthDate="2019-11-17Z"/>
                <Participant name="ZFqTP9CbnDJPlNYLtjHUF" role="composer" IPDN="cu9W5R90TQpXLWDw" performance="chorus master" grossFee="574309948.47"
                     modifier="B" IPI="II.Xyb_rE" birthDate="2019-03-09Z"/>
                <Participant name="CFKuIrakjpLKpt5YeNZ-" role="producer" IPDN="iAbkTQVKfy43EgelZ" performance="conductor" grossFee="1120158167.67"
                     modifier="A" IPI="Nh_NMnEWtNNmm" birthDate="2018-10-02Z"/>
                <Participant name="QtGMJtZ7OUK4XwbSq_j" role="scriptwriter" IPDN="OyqrVEOV-N7zUcFlvqNYnbRKFc" performance="soloist"
                     grossFee="-1982116645.09" modifier="C" IPI="Qr" birthDate="2018-10-28Z"/>
                <Participant name="h0GpOi68-gdPNgvuKIFm-TD1U" role="performer" IPDN="sgeTeZty-1Hg" performance="conductor" grossFee="619971622.57"
                     modifier="C" IPI="gy" birthDate="2019-04-15Z"/>
            </Participants>
        </Record>
        <Record title="zcKHC2l9ZeBDpXF-hV0bPgB" spins="123535925" ISRC="YC808303STRT" year="7563" producer="KhfL3PRyF0zXa"
             label="EDylNudKR" recordNo="TQka-OdFCln" serialNumber="e-dneSrIK8KXspQS.SssXgdgP06Qc." isPremiere="0"
             usage="broadcast" ISWC="r_Q7ZtSwKfXjZx5Sle1c6FsvcQ-an" AKA="aG559m7." genre="commercial"
             broadcastedFrom="2020-01-12T11:21:16" broadcastedTo="2018-07-28T11:21:16" runtime="2030978197"
             origin="commercial" alternativeTitle="Dh7tlo6C7guDcs4mg009Z2" recordedFootage="89619822">
            <Participants>
                <Participant name="T9CDSLwh.SX-rx88FfS-ilNtJF" role="music director" IPDN="yRe175NK6QVSbjOnCIJ7k" performance="soloist"
                     grossFee="-416285869.66" modifier="C" IPI="y" birthDate="2020-07-01"/>
                <Participant name="IkbI" role="sound engineer" IPDN="aBcQmad4P_EV2q8E2KNlbHcOcY" performance="supporting" grossFee="-361963061.88"
                     modifier="A" IPI="dLcw-N3c1" birthDate="2019-08-22Z"/>
                <Participant name="Y8y-5e7qcNGzYwK" role="remixer" IPDN="m14bXp7vBT9yM-0jQkgx" performance="supporting" grossFee="-1763003522.86"
                     modifier="A" IPI="W4mNTtr9q" birthDate="2019-01-25Z"/>
                <Participant name="TcQAMknvNuq5eSFaZm" role="sound engineer" IPDN="MHWB80.MbDDZw.fG7e5h" performance="main" grossFee="-1056336707.28"
                     modifier="A" IPI="OvrgZuKvxWru2mjrOt6hZBDvqS" birthDate="2019-12-27"/>
                <Participant name="cEGIfeJGn-H5fsrjzoPx7Yu" role="performer" IPDN="wsWvzvo" performance="conductor" grossFee="622266649.56"
                     modifier="C" IPI="xoVIlW.e7xVFyZQ" birthDate="2020-05-01Z"/>
                <Participant name="S" role="performer" IPDN="Fd9h5qbBeZ4pVEAJcK59n" performance="supporting" grossFee="-535534042.65"
                     modifier="A" IPI="k4L63mnIM" birthDate="2019-03-09"/>
                <Participant name="h6vq3bJaA8.GQ51dfo1VdPwzF" role="remixer" IPDN="DX.oipIW3vOY1Albw" performance="main" grossFee="1860866330.67"
                     modifier="B" IPI="G" birthDate="2019-09-27"/>
                <Participant name="qElMs_U" role="arranger" IPDN="jYt" performance="conductor" grossFee="-1410921609.91" modifier="A"
                     IPI="fRNntyzy1" birthDate="2019-06-08Z"/>
                <Participant name="_jfXYjrzYlVcROCNgu" role="remixer" IPDN="BuWsImd" performance="conductor" grossFee="-1736081690.28"
                     modifier="A" IPI="_1tH_t" birthDate="2018-12-20Z"/>
                <Participant name="U8QIJuf2tlGC4nTU0rKzy6S51" role="scriptwriter" IPDN="zUTrVXRjBzK5ZcXRUJc1.8a80" performance="supporting"
                     grossFee="-335701688.70" modifier="A" IPI="HrGXNKbzkD" birthDate="2019-05-25"/>
            </Participants>
        </Record>
        <Record title="RZc7gGuxrr5Ep-V4.6V" spins="1238665112" ISRC="FIDKGJ9SAI76" year="6189" producer="Q7pZNfMHN1i_jtd18x"
             label="ycfKpkzXECzBe1tNqny0MuohltU" recordNo="uVRV7AZqDqeyGi." serialNumber="P" isPremiere="false"
             usage="broadcast" ISWC="E" AKA="NbsDxP.cC6GSMkKwxubu" genre="pop" broadcastedFrom="2019-08-23T11:21:16Z"
             broadcastedTo="2019-06-07T11:21:16Z" runtime="891910394" origin="self" alternativeTitle="s"
             recordedFootage="695955807">
            <Participants>
                <Participant name="T-y37PGbSCpKuF-p-RGNaCK" role="producer" IPDN="d0GYnWuBvcZMhnb8jn4" performance="soloist" grossFee="-1163969064.39"
                     modifier="B" IPI="Njj3hDfQi.6wDqDSNmmpUSG" birthDate="2018-09-07Z"/>
                <Participant name="yaRBdsFmQvmiqCZgLshKF91" role="remixer" IPDN="O4.qrYpB9." performance="chorus master" grossFee="-1007635736.26"
                     modifier="B" IPI="KAbBbNjvNY8NhbZfHC52htE" birthDate="2019-11-27Z"/>
                <Participant name="Oo6WdzLU9jr5" role="composer" IPDN="Hvxl72NK7k54UC4Bpgmib" performance="soloist" grossFee="618380644.13"
                     modifier="C" IPI="OUbg7lwG1vmpFBTHhjafGl-f.DpORR" birthDate="2020-01-05Z"/>
                <Participant name="Ze" role="remixer" IPDN="tXH" performance="supporting" grossFee="-626943434.48" modifier="B" IPI="SwqKT2v"
                     birthDate="2018-12-06Z"/>
                <Participant name="Xj3w1DJ8i" role="remixer" IPDN="FRI2g5t_JaRi" performance="chorus master" grossFee="-510081113.31"
                     modifier="C" IPI="aDVUUqZWSzzXqq2U" birthDate="2020-06-11Z"/>
                <Participant name="Y3XSIET" role="performer" IPDN="SXL-" performance="chorus master" grossFee="-1518279036.14" modifier="B"
                     IPI="x" birthDate="2020-06-19Z"/>
                <Participant name="DEQiQO9S3W21I0vOor6Hn" role="sound engineer" IPDN="PhhrdgstusAv3TDfbLktzPa" performance="soloist"
                     grossFee="666569325.52" modifier="A" IPI="x.9U0z0vSOYoyNlYYd693P" birthDate="2019-07-19"/>
                <Participant name="T8hdo" role="arranger" IPDN="Dw4lNfe0U4m" performance="conductor" grossFee="-621307205.77" modifier="B"
                     IPI="Rp7gc7Xkg0chTywTpPD" birthDate="2020-02-17Z"/>
                <Participant name="AgwwxysK2_gWnXsh" role="subscriptwriter" IPDN="Lau" performance="supporting" grossFee="-2000291533.62"
                     modifier="C" IPI="iN-" birthDate="2020-06-18Z"/>
                <Participant name="gEvUj3uqlUp" role="sound engineer" IPDN="G3Yqds3xQTlXClkaHobKGFh" performance="soloist" grossFee="221985428.79"
                     modifier="C" IPI="RZEcEl5QyYCcjyjgEkwNIMdtkqM7P" birthDate="2019-02-24Z"/>
            </Participants>
        </Record>
        <Record title="qSV7UBNu2G" spins="1027601061" ISRC="83NGV1487925" year="3850" producer="_NyjG9OJKPMKjNMhcAt"
             label="kNpDweRGWRBPqPIuPcaaF9Wv" recordNo="b6R_DJk8_n.55QqNj4eQEv4u2" serialNumber="jyQa1D.N-GQZOG0Nw828UdzH-o0yo"
             isPremiere="0" usage="commercial" ISWC="JDhEd6jYTTgQzorzqYVO0s_1x" AKA="qZasobj0Q12SgJ6_ZSc_ZSNJqT8"
             genre="classical" broadcastedFrom="2020-04-14T11:21:16Z" broadcastedTo="2019-12-26T11:21:16Z"
             runtime="1387217051" origin="commerce" alternativeTitle="jHAw8McA" recordedFootage="1143236768">
            <Participants>
                <Participant name="PsBJiHuud" role="producer" IPDN="oZtAL4FQzDwBlV25Obz" performance="supporting" grossFee="-281877701.95"
                     modifier="B" IPI="zu_Q" birthDate="2019-01-16Z"/>
                <Participant name="b5aXku4z2kDLFCKTR2" role="composer" IPDN="d1r_rEt47sGMF" performance="chorus master" grossFee="-200923480.05"
                     modifier="A" IPI="zKvR" birthDate="2019-02-18Z"/>
                <Participant name="LmDL3xVlIvDrzZSFw" role="arranger" IPDN="xQq" performance="conductor" grossFee="557577164.77"
                     modifier="B" IPI="T" birthDate="2019-01-29Z"/>
                <Participant name="lK9Yu7PaVIkeqlrG" role="composer" IPDN="Aw.U" performance="supporting" grossFee="-729443219.24"
                     modifier="C" IPI="ZKZTxro3Jw.OP7DKOuXD.pfvIrsei" birthDate="2019-12-01Z"/>
                <Participant name="egIX" role="subscriptwriter" IPDN="pYCCCQTPFTTAziurm22sZtW" performance="conductor" grossFee="1982338912.82"
                     modifier="A" IPI="E9xcjDDp" birthDate="2018-08-27Z"/>
                <Participant name="SKfmpzfAkZH2VPFkb8NsB.es4HmXQ" role="sound engineer" IPDN="Yr4rCkLWkqvwrvX" performance="main"
                     grossFee="1662069182.90" modifier="C" IPI="Ms2_pK7hfDqQ" birthDate="2020-07-01Z"/>
                <Participant name="DILve7HqY" role="scriptwriter" IPDN="ovvXHX3qHaG-xle6ixGN6VTZn" performance="conductor" grossFee="815904266.87"
                     modifier="B" IPI="TaX41qdsKGaXnaxyP0UwD6cm" birthDate="2020-01-09"/>
                <Participant name="g_Ko_qu_aRS" role="performer" IPDN="oXWQNTV-Nvkg2" performance="conductor" grossFee="986916537.72"
                     modifier="A" IPI="l" birthDate="2019-01-12Z"/>
                <Participant name="ECpdh36-iS75tn" role="performer" IPDN="gUqfhdeNwiECMKuqrRX" performance="supporting" grossFee="-1468165234.94"
                     modifier="C" IPI="tn2D9.MMz5kG_8vVc871uX8" birthDate="2019-10-06"/>
                <Participant name="zp46PC-J0vpFHFHHhHer6yEo" role="sound engineer" IPDN="_m.LLNN7DeqMIaY9phjCOp" performance="conductor"
                     grossFee="-524706080.29" modifier="B" IPI="N" birthDate="2020-04-29Z"/>
            </Participants>
        </Record>
        <Record title="k7JBKjQdM-pLLmOBMN" spins="1501675676" ISRC="05JF5746H3N9" year="0189" producer="X__K_GajL" label="bu_9s72122jwRmIK-IVyj.u2E"
             recordNo="w84VdTAxeYo6oH9mv0UCI" serialNumber="f988MR4ny_K" isPremiere="false" usage="jingle"
             ISWC="oKTqL" AKA="CLqSIQBhTlgzGb6" genre="jingle" broadcastedFrom="2018-08-12T11:21:16Z"
             broadcastedTo="2020-06-02T11:21:16" runtime="807788239" origin="recorded stream" alternativeTitle="wbwYLdC4VZ"
             recordedFootage="560090060">
            <Participants>
                <Participant name="nKRBG9OqjXa" role="remixer" IPDN="TM2-Ah2s2xn8By88wfirl7Y.eOR2" performance="supporting" grossFee="1780294023.00"
                     modifier="C" IPI="DziM89jpSGG4DVe-mY3Zkqn" birthDate="2019-05-13"/>
                <Participant name="iFE" role="producer" IPDN="O82iStjFbXCI8QHVs1" performance="soloist" grossFee="865083722.22" modifier="B"
                     IPI="B" birthDate="2020-06-11Z"/>
                <Participant name="kzAEcY__G" role="performer" IPDN="BRl.6UWtbrR3D" performance="supporting" grossFee="-336381824.84"
                     modifier="A" IPI="S.0" birthDate="2018-12-18Z"/>
                <Participant name="Gm1Hc1wfchdWocIg4x" role="performer" IPDN="CZ6QA62BPmfl7u" performance="chorus master" grossFee="909253747.59"
                     modifier="C" IPI="ZooWB-9nzriGkb9LzF" birthDate="2018-10-27Z"/>
                <Participant name="vbUg3sKSoMuPdU9qrAH2X_0NIKib" role="arranger" IPDN="qWzsPWGhgFvVY8Ipy.gcd" performance="main"
                     grossFee="-524852771.66" modifier="C" IPI="v0V5JG9T.YhRC" birthDate="2019-11-19Z"/>
                <Participant name="AE0RHXREL5vEk" role="subscriptwriter" IPDN="kJ-AE" performance="chorus master" grossFee="1021853248.89"
                     modifier="A" IPI="YPqOog9" birthDate="2019-05-11"/>
                <Participant name="dIz93o_" role="subscriptwriter" IPDN="lrnvh.R8D2SrAqkt78" performance="conductor" grossFee="-410287210.81"
                     modifier="C" IPI="hxACFohhFjWpaeFIbVElczj-DP" birthDate="2019-01-03Z"/>
                <Participant name="ULjo1yFy6OUw" role="sound engineer" IPDN="mG3CF" performance="soloist" grossFee="1066605027.67"
                     modifier="C" IPI="hiWDGEWvNll1F3-RL7sOSLBp8nd7" birthDate="2020-04-08Z"/>
                <Participant name="R" role="performer" IPDN="sgSHRTnWp-fA_" performance="soloist" grossFee="173688591.84" modifier="A"
                     IPI="lDUuA4Crk" birthDate="2018-08-22Z"/>
                <Participant name="wTxD" role="sound engineer" IPDN="U1J_YuSXxlg9rSfmYl" performance="chorus master" grossFee="1244262527.51"
                     modifier="B" IPI="xgwU5zNDAXKH4tW3LlSCrXFFDmZs" birthDate="2019-03-13"/>
            </Participants>
        </Record>
        <Record title="C77RQHMvqV" spins="385282496" ISRC="VEBQG117M706" year="2210" producer="DiB" label="nBaahEHQF01vdLNF37xRZq"
             recordNo="jjsM" serialNumber="yp2TttPAqZ2i" isPremiere="0" usage="broadcast" ISWC="wO5"
             AKA="F5149Ikb4I7WQPsNpMeda7" genre="spoken word" broadcastedFrom="2019-10-09T11:21:16Z"
             broadcastedTo="2020-05-04T11:21:16Z" runtime="983821252" origin="live broadcasting" alternativeTitle="ghz.xd7jXuzDHnm.c"
             recordedFootage="538746121">
            <Participants>
                <Participant name="BI9rFyg" role="producer" IPDN="t_ueCotq9EIVa0Q90kXP70j.f3dWbM" performance="supporting" grossFee="-284623054.34"
                     modifier="A" IPI="PQZjask" birthDate="2018-10-13Z"/>
                <Participant name="dnd86rnnfwQXu763nlNUUv." role="sound engineer" IPDN="FQO-Upv2V6L9rJB4-" performance="supporting"
                     grossFee="2083558400.50" modifier="B" IPI="dn" birthDate="2019-06-23"/>
                <Participant name="CgUxnCBQ5B5akxlA" role="producer" IPDN="Ad" performance="conductor" grossFee="1079246143.49" modifier="B"
                     IPI="INtv-hz9nyH6_qgJh.7L" birthDate="2020-03-03Z"/>
                <Participant name="h" role="scriptwriter" IPDN="iX0gqhz1ZJl4C-" performance="main" grossFee="-782169731.12" modifier="B"
                     IPI="QFQ9U-BTB" birthDate="2019-02-25Z"/>
                <Participant name="OZkHRu7qY9F" role="arranger" IPDN="irZGVNIU5pQb5DLFG" performance="chorus master" grossFee="-360398217.26"
                     modifier="C" IPI="SQmm8T-" birthDate="2019-03-29Z"/>
                <Participant name="A" role="sound engineer" IPDN="cNgjAbMYy2" performance="supporting" grossFee="-1805114293.72"
                     modifier="C" IPI="ZykwnVvKwSeM_Ug" birthDate="2020-06-07Z"/>
                <Participant name="Zpdh_DdF2VvuAhjjr" role="sound engineer" IPDN="A3JdVIdp_D3PwETsTBEdvlKm6" performance="main" grossFee="-288664367.07"
                     modifier="B" IPI="zqn_Tm6I8B" birthDate="2018-10-01Z"/>
                <Participant name="rEOKbgv3v.ZwG-iEesl" role="subscriptwriter" IPDN="OYCYgaS-h0mc" performance="chorus master" grossFee="-1136044750.07"
                     modifier="C" IPI="sn9605is4sXtdpBoLyXDNt_RkWV" birthDate="2020-02-15Z"/>
                <Participant name="FYVFAEnTblXnASNm0KR8hff-jBkIO" role="sound engineer" IPDN="YI7HbdFk2joAwAw4iDWRHKO31mQrV" performance="soloist"
                     grossFee="-1644529276.11" modifier="C" IPI="RA3" birthDate="2019-05-30"/>
                <Participant name="tS" role="sound engineer" IPDN="aa" performance="chorus master" grossFee="-1103287751.82" modifier="A"
                     IPI="QbPtJwQ_rCpETXk1IlszUP9j" birthDate="2018-09-04Z"/>
            </Participants>
        </Record>
        <Record title="SPzUbMRrjb-Q" spins="589498822" ISRC="17L7GUHIA5AR" year="5629" producer="x3DKEyGgcv" label="q1lpIy7kImeWtxH2ZVdG3LD"
             recordNo="I3eOSZNdY8sGHY1GiXhbq" serialNumber="JZ8IB" isPremiere="false" usage="commercial"
             ISWC="Tm8H.XX0PsnQnvXde9GIFH" AKA="qoPZRBHaGNTjUsslZYeMk_RWPXP6Ot" genre="jingle" broadcastedFrom="2019-09-29T11:21:16"
             broadcastedTo="2019-10-25T11:21:16" runtime="1934563808" origin="report" alternativeTitle="K8ZTD.JcB3Abzwc-eENOeb"
             recordedFootage="1919620335">
            <Participants>
                <Participant name="ARlvptY_ksu3L58pqUHnR926" role="producer" IPDN="G1frQ9q9SU9cRV" performance="chorus master" grossFee="-439110336.09"
                     modifier="C" IPI="zEsG2Q8rRMqo1-Y53" birthDate="2018-11-01Z"/>
                <Participant name="ZqQ" role="performer" IPDN="VhdbDyx" performance="conductor" grossFee="-158319704.93" modifier="B"
                     IPI="Gc3iTW6B2RyFlFYUO-YwgzwL" birthDate="2019-10-19Z"/>
                <Participant name="a5KPAwju2Cg5CsVff7ym92MhyLkh" role="arranger" IPDN="yuy" performance="chorus master" grossFee="812077601.82"
                     modifier="A" IPI="A.8-qh" birthDate="2020-02-23"/>
                <Participant name="wtA2.s6etv608dOPZhy9ycb5DsE" role="composer" IPDN="VjXE_cf" performance="conductor" grossFee="1548192793.69"
                     modifier="A" IPI="HnYsESHbyyv6_5Nh.RNmb_V" birthDate="2020-02-01Z"/>
                <Participant name="sm" role="scriptwriter" IPDN="i3g" performance="conductor" grossFee="-222792960.28" modifier="B"
                     IPI="hFsuTsUVC-q" birthDate="2019-07-30"/>
                <Participant name="yVulnYJKGKiyXyHLXh" role="subscriptwriter" IPDN="BkOmooYE7xzDx82FXV3pAJAKiaA" performance="conductor"
                     grossFee="292311887.54" modifier="A" IPI="q" birthDate="2020-04-23Z"/>
                <Participant name="hASKC1pmrfe1_9" role="performer" IPDN="q1P_9P_mvPswcI6" performance="soloist" grossFee="-1655328445.62"
                     modifier="C" IPI="LpopLcFu" birthDate="2020-02-06"/>
                <Participant name="UNpn6PljbrztTkF9" role="subscriptwriter" IPDN="HysS_MTMJFoXhN-f" performance="main" grossFee="-724845220.45"
                     modifier="B" IPI="P07ClFZZZU" birthDate="2020-05-03"/>
                <Participant name="bzU7DM03sRIA" role="performer" IPDN="InnqyJ8FW_7eJ6J" performance="conductor" grossFee="-1612196158.51"
                     modifier="A" IPI="gve-qDcCimHt7" birthDate="2018-10-17"/>
                <Participant name="ykDIIe..p" role="producer" IPDN="inp8bcej3PrDDsfc.Y5W" performance="conductor" grossFee="-1394454500.94"
                     modifier="C" IPI="q8_gQvA8t" birthDate="2018-09-08"/>
            </Participants>
        </Record>
    </Record>
    <Record title="iw44b7rlGauEet" spins="23089929" ISRC="G51H4372N40P" year="9079" producer="CRcu.MBcZSmNr6Lud"
         label="Y" recordNo="pa0Z" serialNumber="Om0tgWSYl3MtkLB128Shd5dg9G" isPremiere="0" usage="broadcast"
         ISWC="sG46qXSd_ese0P6ZqmmepBomr" AKA="avIb71Y57dPebOknLMmK-" genre="commercial" broadcastedFrom="2020-03-31T11:21:16Z"
         broadcastedTo="2019-12-23T11:21:16Z" runtime="724496025" origin="live stream" alternativeTitle="PVa"
         recordedFootage="1540816175">
        <Participants>
            <Participant name="h1An01N.hh_uwDud7kZgWar_5GZP-" role="scriptwriter" IPDN="qU7ejADymgAtY8j7xX.Hg7OMBcN5" performance="conductor"
                 grossFee="422519125.66" modifier="B" IPI="X4ubrabljyrm" birthDate="2019-11-10Z"/>
            <Participant name="kMnKctLOQuDLWZs" role="sound engineer" IPDN="jwD6XrwNTp_KbBjBR" performance="soloist" grossFee="-2030945092.88"
                 modifier="C" IPI="L" birthDate="2020-04-19"/>
            <Participant name="Z6CyYtHCA" role="sound engineer" IPDN="L42Au" performance="conductor" grossFee="-1154426374.01"
                 modifier="C" IPI="v.moH-zslpegVC-.xE" birthDate="2020-03-19"/>
            <Participant name="D" role="composer" IPDN="HFkU97w_OdMV1v3wdHVnh8O-5W3Zt" performance="main" grossFee="-1923015154.62"
                 modifier="A" IPI="_QEybkPgvevy" birthDate="2020-03-12"/>
            <Participant name="j76egfI4M" role="performer" IPDN="GnBaVf" performance="conductor" grossFee="-358375851.00" modifier="C"
                 IPI="RxO7WwJryQVsranORA" birthDate="2020-01-18"/>
            <Participant name="eXLrtW7hVQ7BWI5nwEL" role="subscriptwriter" IPDN="aq" performance="conductor" grossFee="774117601.13"
                 modifier="A" IPI="P" birthDate="2018-10-17Z"/>
            <Participant name="BkvL8h" role="remixer" IPDN="mw" performance="main" grossFee="-1401153908.41" modifier="C" IPI="H5w6BSOVn8riBCc7mvYk6e"
                 birthDate="2019-08-03Z"/>
            <Participant name="S6H-ojdC.5NJrdg_5d" role="remixer" IPDN="Prz5tdXcklu1Hc" performance="conductor" grossFee="1035807941.16"
                 modifier="A" IPI="C8JbJRf568Cd.m" birthDate="2018-10-04Z"/>
            <Participant name="pzW2tM.00DOWba5QB4H1ew" role="composer" IPDN="v1bmsh0fZFiGWb4Jcre5Z" performance="soloist" grossFee="224797362.55"
                 modifier="A" IPI="n0_.cB3J-5kkfhDX8QEdfhGG1vi" birthDate="2019-04-17Z"/>
            <Participant name="l" role="remixer" IPDN="U1" performance="conductor" grossFee="-2057687642.43" modifier="C" IPI="_yn"
                 birthDate="2019-03-13"/>
        </Participants>
        <Record title="XH0gHEheRD5_7weev_FpM" spins="1755959118" ISRC="3B43P2B2RX2P" year="8598" producer="LkHzEkRWh"
             label="UOeqP" recordNo="li1u" serialNumber="p5zY6MoCx7r51GDS7VDN_Z" isPremiere="1" usage="broadcast"
             ISWC="kLwWhmW" AKA="YEYV7vJpqTEPfQBrDANSpGn" genre="jingle" broadcastedFrom="2019-06-29T11:21:16Z"
             broadcastedTo="2019-11-08T11:21:16" runtime="1574580036" origin="recorded stream" alternativeTitle="nAYAg2"
             recordedFootage="701057338">
            <Participants>
                <Participant name="qQ0qt" role="remixer" IPDN="GEGiL7og" performance="conductor" grossFee="662925614.21" modifier="C"
                     IPI="IjGWIbC" birthDate="2019-09-22"/>
                <Participant name="P" role="subscriptwriter" IPDN="q7QNSi" performance="conductor" grossFee="-280939596.19" modifier="A"
                     IPI="v6OqE4eQldwM6zMHEohq4BiG-1r" birthDate="2019-12-15Z"/>
                <Participant name="r3MJfg" role="arranger" IPDN="IlG" performance="chorus master" grossFee="1097029812.66" modifier="B"
                     IPI="KEv" birthDate="2019-06-23"/>
                <Participant name="APW6lig" role="producer" IPDN="kEyA_UpZ581e0rDLOuOSQwYzWKlA" performance="main" grossFee="870188817.38"
                     modifier="B" IPI="eCEQCdG" birthDate="2020-05-07Z"/>
                <Participant name="dOvbjmx6N3N1F11RlZcLkehU" role="remixer" IPDN="fbpEMZ1IU2thjLL3bO1t1CxAE" performance="main" grossFee="-697396270.59"
                     modifier="B" IPI="QY.Ef_6BByE3T8RW0J.B" birthDate="2019-05-01Z"/>
                <Participant name="O-ZIVW" role="remixer" IPDN="wsdfrC3e" performance="conductor" grossFee="647749283.77" modifier="A"
                     IPI="EULUZ_W_Bo9lD-j" birthDate="2019-04-10"/>
                <Participant name="uLLjGeaoRoCOk0ZlA" role="subscriptwriter" IPDN="oMmLO" performance="conductor" grossFee="1232626799.81"
                     modifier="B" IPI="K6XnuJlwSWrZ1MGyjRxKUzSA3-1" birthDate="2018-09-14"/>
                <Participant name="VmmJybET3qjiVJi" role="remixer" IPDN="v.M" performance="conductor" grossFee="49128702.47" modifier="B"
                     IPI="LyU65T8EwivkQaGqXhkrXL-G9T1p" birthDate="2020-07-01"/>
                <Participant name="eZ-ReJbP-J22N" role="producer" IPDN="aMVHbxhPIfHkfd" performance="chorus master" grossFee="-1379105683.54"
                     modifier="C" IPI="u31zHrTgq" birthDate="2020-01-25Z"/>
                <Participant name="RkzGGQRQ" role="subscriptwriter" IPDN="eswO7EqAogC." performance="conductor" grossFee="405519043.82"
                     modifier="B" IPI="BjI5" birthDate="2019-05-01Z"/>
            </Participants>
        </Record>
        <Record title="uS4-U9AO" spins="1151593300" ISRC="2861EA56912A" year="2542" producer="OaWQoTRToskvUoVs" label="Wi3DTp9MDI_L-imGF_Gre"
             recordNo="nCNincdtnza7siDsPwFcJPixp." serialNumber="plW5laFNxMbWTZDvr" isPremiere="false"
             usage="commercial" ISWC="j2RDHekxSEOv.HZTi7NCxpoVcLU4" AKA="A_3wtk3b_" genre="jingle" broadcastedFrom="2018-07-04T11:21:16"
             broadcastedTo="2020-02-08T11:21:16" runtime="1177357974" origin="commercial" alternativeTitle="x770p"
             recordedFootage="304854232">
            <Participants>
                <Participant name="lOxWtY1Crg5cUF.od" role="scriptwriter" IPDN="TOj_kbFhDtll" performance="main" grossFee="-1498999112.84"
                     modifier="B" IPI="fsPtOH-y" birthDate="2019-09-03"/>
                <Participant name="qt21VpacTv4gt" role="composer" IPDN="X" performance="soloist" grossFee="-1824612553.90" modifier="B"
                     IPI="kQP5jKE4GXuFdLqLEVllc481" birthDate="2020-01-14Z"/>
                <Participant name="z" role="performer" IPDN="xRGuj42GKcjQy" performance="chorus master" grossFee="1890843624.65"
                     modifier="B" IPI="gzHZQ47-RAzD" birthDate="2020-05-03Z"/>
                <Participant name="Y.6Fspn1pj.0NnGw" role="performer" IPDN="BJpKviEAErvPs9tAX4" performance="conductor" grossFee="-1717330091.79"
                     modifier="A" IPI="w4UImpftwXUXM9Qr2wHbRqH" birthDate="2020-01-16"/>
                <Participant name="_hPnf6pE2U6M" role="remixer" IPDN="dfVGRXGja" performance="supporting" grossFee="-1466121727.02"
                     modifier="C" IPI="nGy5gZl_6KjDHR8.UL_xH8.t8Y" birthDate="2019-05-20"/>
                <Participant name="HwASimbSXo7nAI_W4oriv-QVV0" role="composer" IPDN="n.HR7L_" performance="main" grossFee="1318932619.87"
                     modifier="B" IPI="tQ0GjsIu6." birthDate="2019-01-31Z"/>
                <Participant name="QN3mP6Xzgv5RrPJKQiBvPUDjMToeIm" role="subscriptwriter" IPDN="V9Q8.zjDo2CqjJ5Me5" performance="soloist"
                     grossFee="-977065774.64" modifier="C" IPI="vqHANMw-L_oksQ0" birthDate="2019-02-27Z"/>
                <Participant name="O7_JFPyYa" role="music director" IPDN="_XkEdCT05ARMBsZx" performance="supporting" grossFee="1112328545.57"
                     modifier="A" IPI="OGC1.0qwQ4iVSh" birthDate="2018-10-18Z"/>
                <Participant name="Fp919eClpslnh4jFwj" role="arranger" IPDN="hMleHaKMbo4-FDgo7dw4BG" performance="main" grossFee="-1442087391.46"
                     modifier="B" IPI="d6emp8WVpNITUPoql3dS" birthDate="2019-02-16"/>
                <Participant name="wvwTkUX7.gj7tpzxJzQJ_DxL0bznRy" role="subscriptwriter" IPDN="T.Kg222s" performance="conductor"
                     grossFee="1241571123.82" modifier="A" IPI="xZgIkPk8y1Gu8" birthDate="2020-06-18Z"/>
            </Participants>
        </Record>
        <Record title="tSck7U.c" spins="2050859512" ISRC="94WV165Y7439" year="5653" producer="A9x3KdsVxC1" label="leG__pxZ3XIVE_"
             recordNo="fsGCH0" serialNumber="shh1i" isPremiere="1" usage="jingle" ISWC="JfyxI2hI1vi67fBfX451Aju"
             AKA="B3d" genre="jingle" broadcastedFrom="2019-07-10T11:21:16" broadcastedTo="2019-09-15T11:21:16"
             runtime="1543263691" origin="live stream" alternativeTitle="TGr0eCHe.TxVf-Rqax" recordedFootage="1862324520">
            <Participants>
                <Participant name="lQ" role="scriptwriter" IPDN="c5" performance="conductor" grossFee="-1271942304.25" modifier="C"
                     IPI="TKo24QI.Gm" birthDate="2018-08-29"/>
                <Participant name="v-060nZXP5xn_XtSMyt.7ab" role="composer" IPDN="TfIYhui" performance="soloist" grossFee="-1838755466.38"
                     modifier="C" IPI="WbyXy_smKrnLR7uWx_g4om7" birthDate="2019-02-12"/>
                <Participant name="HsF1Yh3H" role="scriptwriter" IPDN="KPnQM5iRes2J.MT.3" performance="conductor" grossFee="903255661.54"
                     modifier="B" IPI="gk" birthDate="2018-10-23Z"/>
                <Participant name="vKH-9DUcmd76ExtQzcr" role="subscriptwriter" IPDN="LfVsmLURlUB" performance="chorus master" grossFee="-71115062.36"
                     modifier="B" IPI="CyJO.K0IHNyf9TA6hC9" birthDate="2019-04-13"/>
                <Participant name="t8XGQyrh2L8eu-5pT.7GQxZUnv6hS" role="producer" IPDN="i1a8yG8ndTgCfgi" performance="chorus master"
                     grossFee="510540358.64" modifier="A" IPI="OYyZ_uhF4" birthDate="2019-05-20"/>
                <Participant name="ze-F9f9W" role="composer" IPDN="AfABaW0Df3pWbn4zs7x-_TSOFnVPl" performance="main" grossFee="1878683395.89"
                     modifier="C" IPI="pNWrk.0tj3Os8SZWI" birthDate="2019-07-13Z"/>
                <Participant name="A1" role="arranger" IPDN="WpXgydg7hV5" performance="soloist" grossFee="521330767.99" modifier="A"
                     IPI="vT-G" birthDate="2018-11-06Z"/>
                <Participant name="CXWjFc" role="sound engineer" IPDN="YZeOekR" performance="supporting" grossFee="-753545955.23"
                     modifier="A" IPI="t7vsj7qAxba4" birthDate="2019-02-26Z"/>
                <Participant name="HU" role="music director" IPDN="t7OAX9jezmgcG_diZxq" performance="main" grossFee="805960838.29"
                     modifier="C" IPI="l1BuhE1raBuoJz3LbJXrUaXXs" birthDate="2019-05-20"/>
                <Participant name="hTyfaUkB1A" role="arranger" IPDN="Kv" performance="supporting" grossFee="-1313130047.39" modifier="B"
                     IPI="U2c-5xCVYtSDK-" birthDate="2019-02-15"/>
            </Participants>
        </Record>
        <Record title="pngh9Yo5" spins="718431367" ISRC="Y6PF77CDZOBZ" year="8460" producer="PPhk4EdkQstOI" label="s346EvWV8HNxar8Vk7i"
             recordNo="LSW" serialNumber="lQIDz" isPremiere="0" usage="broadcast" ISWC="p6L6CE-KgNYqwCqKEP7n"
             AKA="mMI2UF7Yt0PlXlDzXA9" genre="commercial" broadcastedFrom="2019-06-30T11:21:16Z" broadcastedTo="2019-05-26T11:21:16"
             runtime="660085651" origin="commercial" alternativeTitle="nnp" recordedFootage="312756838">
            <Participants>
                <Participant name="W9." role="remixer" IPDN="BXr482gC3kl42ncH" performance="supporting" grossFee="604790390.52" modifier="B"
                     IPI="GAVwzooOVSMJER" birthDate="2020-06-23"/>
                <Participant name="OGM1MIzdLX.es-" role="music director" IPDN="ADv" performance="main" grossFee="-229726408.08" modifier="A"
                     IPI="AdjkjoK" birthDate="2020-03-25Z"/>
                <Participant name="V1vJCAIjnZ79gfJ4CG2QYkXyM" role="scriptwriter" IPDN="aOibY2" performance="chorus master" grossFee="2076743989.86"
                     modifier="C" IPI="e26" birthDate="2018-11-15Z"/>
                <Participant name="AXVD3JccC_cTYsoV3ubo_T8aysQi5L" role="arranger" IPDN="vuOJ_wQ8DKb" performance="soloist" grossFee="-1202509127.95"
                     modifier="C" IPI="tXrpHlaXgYIKAcAp2NZA6NYK8" birthDate="2020-04-04"/>
                <Participant name="eSWYiA2fX3Ij5" role="performer" IPDN="IaLPWJi" performance="conductor" grossFee="-1474735980.28"
                     modifier="B" IPI="y-uo0IqM9" birthDate="2019-12-20Z"/>
                <Participant name="R" role="remixer" IPDN="JAco91fGaszYISSSgQg6q" performance="chorus master" grossFee="-1114418253.86"
                     modifier="B" IPI="uRibsM6_oW08M4GSiLLKLxWlyaM30" birthDate="2018-12-08Z"/>
                <Participant name="qz8l0VEZUSanKfWX0_Q" role="scriptwriter" IPDN="immcn" performance="chorus master" grossFee="1710160505.64"
                     modifier="C" IPI="oIEgA8onaF0FdZeZUb8ivuPOoAygT9" birthDate="2019-05-29Z"/>
                <Participant name="DIxe.wh4dRGpzpc4I2bjX0t" role="producer" IPDN="Z" performance="chorus master" grossFee="927476449.39"
                     modifier="C" IPI="iFQ5ILYe.jCIylm2O_W_Pqi9" birthDate="2020-01-21"/>
                <Participant name="m_cZOXD8_u40tSSd67XS" role="sound engineer" IPDN="SVXbm3BQsPypsbVbHZ1p" performance="conductor"
                     grossFee="2004098242.64" modifier="B" IPI="H0k7MKRCpMT0xeph70ua3qj" birthDate="2020-05-16"/>
                <Participant name="DHBtrekSzF81tJ" role="sound engineer" IPDN="w3nFh1NwwSn-o-KN" performance="supporting" grossFee="784570872.18"
                     modifier="B" IPI="tvlpyOTKw" birthDate="2019-05-24"/>
            </Participants>
        </Record>
        <Record title="k" spins="441032395" ISRC="AS2FWVM2DUI0" year="2713" producer="G16_mId5_Cd" label="EdRjdOqW6go8For8RW"
             recordNo="jlkBAvH9tW" serialNumber="DDChOP.O" isPremiere="0" usage="jingle" ISWC="V_hm-3AJ"
             AKA="oKk6mLDh5gtlUA72X" genre="spoken word" broadcastedFrom="2018-07-20T11:21:16" broadcastedTo="2019-10-01T11:21:16"
             runtime="776680777" origin="live stream" alternativeTitle="d7P__py" recordedFootage="931039318">
            <Participants>
                <Participant name="_9uXbj9zltC-Sf6KQKXANHXM8x4Kiu" role="scriptwriter" IPDN="jbA_xqV7-" performance="conductor" grossFee="922707098.71"
                     modifier="B" IPI="lnZRUMCPGBGNRzKv" birthDate="2019-08-12"/>
                <Participant name="z1wVCtMNSzb78zzJoTw" role="performer" IPDN="A9a.x0ODCU8IC" performance="soloist" grossFee="133968556.92"
                     modifier="B" IPI="bmx" birthDate="2019-09-15Z"/>
                <Participant name="p" role="producer" IPDN="XU8XX1YcTCm." performance="soloist" grossFee="1884135422.25" modifier="C"
                     IPI="Br8UobzaiOeUg" birthDate="2018-10-23Z"/>
                <Participant name="kTwGV_8XshSfesGBe6RrWDQkp" role="scriptwriter" IPDN="MNOpEm9OPXA0Do2b" performance="supporting"
                     grossFee="987244544.79" modifier="A" IPI="WwLr-UzSC" birthDate="2018-10-16"/>
                <Participant name="IpgG6h.k4RvtSsTJ" role="performer" IPDN="Pq" performance="conductor" grossFee="-1785721681.08"
                     modifier="A" IPI="bQIaY" birthDate="2019-04-08Z"/>
                <Participant name="d_e" role="composer" IPDN="j" performance="supporting" grossFee="733260903.59" modifier="A" IPI="kGzorSveYco3sBx1Bi"
                     birthDate="2019-08-20"/>
                <Participant name="U-lEmI0gUk5sN_" role="scriptwriter" IPDN="d8EHrgzrz-s8zxSu2BA4Wxp-Uw_NFs" performance="conductor"
                     grossFee="1988645816.90" modifier="B" IPI="_qpGhKp" birthDate="2018-10-26Z"/>
                <Participant name="x1w17uhjX.1jiBN" role="music director" IPDN="F2iPgpe" performance="main" grossFee="507827993.55"
                     modifier="B" IPI="sLLTgE" birthDate="2018-12-24Z"/>
                <Participant name="UOSuDL.YmPU9-YcY8z7PBSt" role="sound engineer" IPDN="fPF8N_e.eEA" performance="supporting" grossFee="1118732420.60"
                     modifier="B" IPI="NTXozjEh_sss_" birthDate="2019-06-13Z"/>
                <Participant name="LerguogZ5r.6AiOL4V" role="sound engineer" IPDN="zzisM60npV8-z4t-31AUJbzf8Q3" performance="supporting"
                     grossFee="-1117629168.66" modifier="B" IPI="v6tKO2-QA" birthDate="2019-02-05Z"/>
            </Participants>
        </Record>
        <Record title="XlLsMQfwwOZ3.XaN" spins="565970672" ISRC="BK4655B913LV" year="8952" producer="NfnTooPnVz6F5jc2yrwHz"
             label="oxcbeUEBn" recordNo="D4t6qq9idx_NiQP7Xtgf" serialNumber="jd6ljobMAxkqTDtsIvjaLN4"
             isPremiere="true" usage="broadcast" ISWC="dfMEcn" AKA="a2Mp_D" genre="pop" broadcastedFrom="2018-07-06T11:21:16"
             broadcastedTo="2020-01-05T11:21:16Z" runtime="2052842972" origin="recorded stream" alternativeTitle="iLO2Hn.vb5m"
             recordedFootage="1453233753">
            <Participants>
                <Participant name="nWLtR-H9D" role="scriptwriter" IPDN="z" performance="supporting" grossFee="1734632755.15" modifier="A"
                     IPI="hTkX3JPcbYDQudtFIyN" birthDate="2019-10-12Z"/>
                <Participant name="uLJ0Ur6lUngc1MWoZEcGJpD.sBDb72" role="scriptwriter" IPDN="mU" performance="main" grossFee="1014597234.23"
                     modifier="A" IPI="EAL" birthDate="2018-11-10Z"/>
                <Participant name="Z" role="arranger" IPDN="Tl42KAebiONFpWpokeuLFU" performance="main" grossFee="-1086812937.44"
                     modifier="C" IPI="bH" birthDate="2018-07-04Z"/>
                <Participant name="atmNawAe2czDkkOBnMHVP9o-y5" role="sound engineer" IPDN="P83n.BV_oiU2rzXMADO.79_R" performance="supporting"
                     grossFee="242288741.68" modifier="B" IPI="JW8PxRICOYA45Nnof" birthDate="2019-10-10Z"/>
                <Participant name="znlZQdS4qy" role="remixer" IPDN="CHREQ" performance="main" grossFee="-1498282488.48" modifier="C"
                     IPI="JxLv" birthDate="2019-06-29"/>
                <Participant name="ydnkc5kB8a18IB7Sj" role="sound engineer" IPDN="dhVWjPRy3K" performance="soloist" grossFee="1624214392.73"
                     modifier="C" IPI="g-wz8xajdonsAI5_1zQhSsUQy" birthDate="2019-03-15"/>
                <Participant name="OMoJjubXuGO-" role="music director" IPDN="JYk8NqSy8po5_" performance="supporting" grossFee="-71653101.00"
                     modifier="C" IPI="g9iNnIGfxBDff7hA.v" birthDate="2019-05-05Z"/>
                <Participant name="cUfZ4UL" role="music director" IPDN="YklYNfpqgdtRaFr8lg6hcrtA-kU" performance="main" grossFee="-1204341377.56"
                     modifier="B" IPI="y7aQqFm6wwzHg0Gz3" birthDate="2020-06-23Z"/>
                <Participant name="MA" role="remixer" IPDN="yGQn9UyTi03YY_9nr42csY" performance="chorus master" grossFee="694089830.66"
                     modifier="C" IPI="ia-wSuRKNV" birthDate="2018-12-09"/>
                <Participant name="rCAWUAgFfago65xiPArfChx0R" role="scriptwriter" IPDN="hqcCWEbXuv" performance="main" grossFee="226908919.22"
                     modifier="B" IPI="Cu-y.S96YW1Pq40RhopRoWfZAK8xVl" birthDate="2019-01-31"/>
            </Participants>
        </Record>
        <Record title="Nxo9dMlbgS" spins="398118049" ISRC="IJ3TO262TD95" year="3973" producer="ska4ow6AdHRknX92ZNYl.Cfti7774d"
             label="xjWkcLZ-QaXfI-175bhQm" recordNo="tDfJ32bLbx" serialNumber="eo51JLNkdKcLxAhl47p" isPremiere="false"
             usage="commercial" ISWC="xQXI7ZFUixPciTz.YNx76ZzUS" AKA="EGGIpOgHF-2MhHJQLK.d6EOVD3" genre="jingle"
             broadcastedFrom="2019-03-04T11:21:16" broadcastedTo="2019-06-24T11:21:16" runtime="1479174483"
             origin="self" alternativeTitle="uUlCf1-wkEvrUvGDmV-lHL" recordedFootage="187609609">
            <Participants>
                <Participant name="yoilJLqzyNUA6dysV9gPd90IgE1" role="remixer" IPDN="Bxpcy" performance="soloist" grossFee="-1629426224.03"
                     modifier="B" IPI="ShUv" birthDate="2019-03-12"/>
                <Participant name="P.eEQ" role="remixer" IPDN="atqhjxX_8t_WBPe9NQaTOkKOlcCTs" performance="supporting" grossFee="-1997046247.15"
                     modifier="B" IPI="ixRItOt3NL7735_ElmfdXyTuENkl" birthDate="2019-06-13"/>
                <Participant name="Kp1GZkBfxLCS6" role="remixer" IPDN="_UA3MySI" performance="conductor" grossFee="-559274909.46"
                     modifier="B" IPI="ZYS" birthDate="2019-04-06Z"/>
                <Participant name="fK015YNVSlD8QyL" role="subscriptwriter" IPDN="DN0n7ePGdyrP8.0-bqBJZW" performance="soloist" grossFee="110339649.69"
                     modifier="B" IPI="JR14gpYRE" birthDate="2020-03-03Z"/>
                <Participant name="T3DsXokHBDuHmulO7gH-Au0ZYl" role="music director" IPDN="TbVwm7FVPL1w_R" performance="conductor"
                     grossFee="-1472086286.41" modifier="C" IPI="k0V50oq" birthDate="2019-09-14Z"/>
                <Participant name="u8BXBVGSbYMOIe5_yE0uxN2v" role="arranger" IPDN="d7kE" performance="soloist" grossFee="-864558872.76"
                     modifier="B" IPI="YQJGXobSq0.kleiPZJLY-v5ByJr" birthDate="2018-08-05Z"/>
                <Participant name="jZkft8" role="producer" IPDN="Cqw5jzt_U9516zAEd" performance="supporting" grossFee="139539202.00"
                     modifier="B" IPI="kaHkYFEtQGI" birthDate="2020-04-21"/>
                <Participant name="amCl" role="remixer" IPDN="iHze6n4SArgsoJozutJqtLa" performance="supporting" grossFee="497123440.27"
                     modifier="B" IPI="s1T2e1ygN3k" birthDate="2019-10-08Z"/>
                <Participant name="e7n" role="sound engineer" IPDN="eXjA8." performance="main" grossFee="-1975246888.32" modifier="B"
                     IPI="jX2ns8" birthDate="2019-04-25"/>
                <Participant name="l0Fk8" role="music director" IPDN="S9unTDbDOpF9oB66hd" performance="soloist" grossFee="-877368855.08"
                     modifier="A" IPI="Y" birthDate="2019-10-21Z"/>
            </Participants>
        </Record>
        <Record title="zk56m0" spins="876270339" ISRC="6MZ5DH1H6MK3" year="5835" producer="PBGLZLSt_Jye49bfq9" label="nYgwfX9JnX"
             recordNo="heFJBOUQY5bnuW2g-UfLBVdbUS" serialNumber="oA" isPremiere="0" usage="jingle" ISWC="xcq8Ry1HA"
             AKA="g" genre="pop" broadcastedFrom="2019-01-29T11:21:16Z" broadcastedTo="2019-10-23T11:21:16"
             runtime="1846218945" origin="self" alternativeTitle="_JTDD5aJUgn73W" recordedFootage="879257430">
            <Participants>
                <Participant name="NcWYu6BMfBw5I-LGkg" role="music director" IPDN="qHyZwcrP.Q" performance="supporting" grossFee="-652185311.19"
                     modifier="C" IPI="TcAYiyY5-ibm" birthDate="2019-05-26"/>
                <Participant name="xX" role="subscriptwriter" IPDN="tpUGjOdyi70DVC84d1d" performance="chorus master" grossFee="821042164.87"
                     modifier="C" IPI="kLst8LrW1yR6BgjN" birthDate="2020-06-22"/>
                <Participant name="Y1k8S0NakjWz0cO" role="producer" IPDN="SIBjDVslJ_dCWrDfaCeOtfh-DFrutH" performance="supporting"
                     grossFee="-397797846.80" modifier="B" IPI="YzN6bAWmHSXMKB9nfMHR" birthDate="2018-08-27Z"/>
                <Participant name="OuUoWyPUBtNAk1Ar3zlPchN" role="performer" IPDN="KkafTU8Z1sTFGlHqa3" performance="supporting" grossFee="1872727631.29"
                     modifier="B" IPI="KIq" birthDate="2019-03-28"/>
                <Participant name="HrQvKAcCm-pUqjv0Iw" role="remixer" IPDN="muBLmq_0p_elSiJmeCy" performance="chorus master" grossFee="-407882472.66"
                     modifier="A" IPI="QfTPI44xUc" birthDate="2019-03-06Z"/>
                <Participant name="K9pNY2GZueVrsUK3XOsjnyI" role="producer" IPDN="PMAURa3ZROBUmdhLk8CTT-DyZ_1v" performance="conductor"
                     grossFee="26279241.72" modifier="C" IPI="viPZQyPRERPhyaEv3A6FRyrDq3wtc" birthDate="2018-11-03"/>
                <Participant name="nlt.oKIfd.l4" role="producer" IPDN="MTO" performance="chorus master" grossFee="1322402773.20"
                     modifier="C" IPI="RYl5zM8.Am0ANNeptNEF1zmQTtg" birthDate="2018-09-07"/>
                <Participant name="H4gLl-EzKev0pi2" role="subscriptwriter" IPDN="N0Ij19OiJ7FV2lr8mDdnTVHI6Ce" performance="main"
                     grossFee="856693700.26" modifier="B" IPI="N76G2FO0hPgLx7EGwCsuzysd2gwk" birthDate="2019-10-23Z"/>
                <Participant name="FI.HtIx5ElGYxg_GkEpOfDn69j" role="sound engineer" IPDN="fwolde1Zx86A_KtPu" performance="supporting"
                     grossFee="-1130330134.90" modifier="A" IPI="KnSnX8" birthDate="2019-04-08"/>
                <Participant name="zqhZ3u" role="composer" IPDN="ghq9YYB" performance="chorus master" grossFee="1974210983.48" modifier="C"
                     IPI="qvBAuiRcNHd1.PnP3ocI3fEmNIDqx" birthDate="2019-01-21Z"/>
            </Participants>
        </Record>
        <Record title="h9yYEiz" spins="600989984" ISRC="4O17P8M0RA47" year="4228" producer="ug" label="X-kvqRRu-ya"
             recordNo="oh63" serialNumber="Sx.np" isPremiere="1" usage="commercial" ISWC="mkbS0fB7rGY2dj4x-eM4"
             AKA="WH7pbPxV5kSN" genre="pop" broadcastedFrom="2018-11-17T11:21:16" broadcastedTo="2020-05-27T11:21:16Z"
             runtime="343468478" origin="commercial" alternativeTitle="YwX7P8UfVtWx5s4re7ySORaPzgxiUn"
             recordedFootage="1693820864">
            <Participants>
                <Participant name="kC7r" role="composer" IPDN="KGXmcJB9Ke_4fZ7z6tMMkiE" performance="supporting" grossFee="-936177016.62"
                     modifier="A" IPI="aEM7Q-4wWx6YK" birthDate="2018-11-25"/>
                <Participant name="D9_IR" role="producer" IPDN="JH" performance="soloist" grossFee="1819454077.46" modifier="A" IPI="x3p0"
                     birthDate="2020-01-18"/>
                <Participant name="DTxQh-h" role="remixer" IPDN="qUYcXYAQ6F8AzbAEmZ9x" performance="conductor" grossFee="-408569466.40"
                     modifier="C" IPI="aabB8E3i.G.hhySzNObZb8ZUz9y0x" birthDate="2020-03-10Z"/>
                <Participant name="q_d8doBcAVSlpXJa3KQ" role="sound engineer" IPDN="NOQeEDRyNMFaBiZorO8HG" performance="chorus master"
                     grossFee="962886565.98" modifier="A" IPI="ctpyYE52nWsU16gWR" birthDate="2020-05-03"/>
                <Participant name="tz84n5gcJFO" role="producer" IPDN="ik9MS2Sky6roE3NJFst.fkdC7" performance="conductor" grossFee="-1578596230.40"
                     modifier="C" IPI="eTXGf9NQzIYz4IPCrETGo4_r" birthDate="2020-06-22"/>
                <Participant name="m6u" role="arranger" IPDN="uoM6T7naZIvl" performance="chorus master" grossFee="-1959202074.86"
                     modifier="C" IPI="gFkFqjfuq." birthDate="2020-06-09Z"/>
                <Participant name="t0pdus1gT2NvZ" role="subscriptwriter" IPDN="QFKNxzlK4_6O5TlEvhi" performance="main" grossFee="389149500.98"
                     modifier="A" IPI="Ci-J1ZohNsCpxnm95a-FPOFy6" birthDate="2018-12-03"/>
                <Participant name="hExXDeGlIC.tza" role="scriptwriter" IPDN="ukKoKU48_dhYoPvlVwMed5EI" performance="chorus master"
                     grossFee="693423044.74" modifier="B" IPI="wpNIMiK7wHodtBK" birthDate="2020-01-10Z"/>
                <Participant name="c" role="music director" IPDN="TAGpGYeZlPAmU_W_okIiHLar" performance="main" grossFee="604615089.11"
                     modifier="C" IPI="d4YdZ2EDzE3OHqACYPkWn.b8" birthDate="2019-01-17Z"/>
                <Participant name="By5w71YS9tJQ3o4yPNOSvWblYMg8" role="composer" IPDN="dKp.JlNlsd3HM" performance="main" grossFee="-126008015.17"
                     modifier="C" IPI="_wX_bTeZVh.u.BEL" birthDate="2019-05-24Z"/>
            </Participants>
        </Record>
        <Record title="FJYGtPzgOWV3uj99lf3MqbhCo" spins="934332494" ISRC="JED91PA8370A" year="1667" producer="i7x.f5N8ynnuVKUJ.Rmru"
             label="JlFxDxCbAr3kx0Q" recordNo="uYjFcaL" serialNumber="Myikr39Q5" isPremiere="1" usage="commercial"
             ISWC="uGsOtVwQPFUIqwRHp6aNse.8qnwyC" AKA="wHwNaBCe" genre="commercial" broadcastedFrom="2018-09-11T11:21:16Z"
             broadcastedTo="2020-06-27T11:21:16Z" runtime="1174817687" origin="live stream" alternativeTitle="Meg2pVdtF4NCoCBB"
             recordedFootage="386079829">
            <Participants>
                <Participant name="IgLJ9sOYYSR" role="remixer" IPDN="PiqOc" performance="soloist" grossFee="-2113531533.58" modifier="A"
                     IPI="Q2JgrYYX26BIiXTa" birthDate="2020-02-15"/>
                <Participant name="fu0ZAWKAd2WtNzB.Nyml" role="scriptwriter" IPDN="hVS" performance="conductor" grossFee="-1348843980.98"
                     modifier="A" IPI="hZE9CJPdj8.APYx7jb7AkhnV" birthDate="2018-11-01Z"/>
                <Participant name="K86At9N2LFYAGfXQVC4vKu9Y.gCFi" role="remixer" IPDN="bcOgD3AIvITQMTDcJ3PM2P" performance="soloist"
                     grossFee="1317494656.53" modifier="A" IPI="k.rKKU" birthDate="2020-03-08Z"/>
                <Participant name="LS6zAPy-" role="subscriptwriter" IPDN="c-37GeXdTDmPd1_" performance="soloist" grossFee="760799745.46"
                     modifier="A" IPI="xmq" birthDate="2020-04-30Z"/>
                <Participant name="Xq5yO3m" role="scriptwriter" IPDN="Jsek5JqD" performance="conductor" grossFee="1834249247.32"
                     modifier="C" IPI="u" birthDate="2019-10-03Z"/>
                <Participant name="ZD4DOvGDBs3" role="subscriptwriter" IPDN="non7ekLr2j6_EL_lKUgnf59_" performance="main" grossFee="-842328761.42"
                     modifier="C" IPI="JGHis" birthDate="2019-03-20"/>
                <Participant name="OK_L10.YF6" role="sound engineer" IPDN="plAaTVLWRs_ic.JRXA7QArkBa" performance="main" grossFee="-1863063500.40"
                     modifier="C" IPI="DO1A65O.U9OXXP0qPOYaKNs7nGWv" birthDate="2018-09-17"/>
                <Participant name="i7uzC0torf2x9hCAmbzWoi3aUj" role="scriptwriter" IPDN="dsG83q" performance="chorus master" grossFee="-12805596.55"
                     modifier="B" IPI="aoYMtJ" birthDate="2019-08-30Z"/>
                <Participant name="O" role="subscriptwriter" IPDN="nCs6CVaUvG" performance="main" grossFee="30894767.11" modifier="A"
                     IPI="D1JbfhG_-" birthDate="2019-09-29Z"/>
                <Participant name="Tc3uA1B5-HAnI" role="producer" IPDN="zU.LCYptl" performance="soloist" grossFee="1932818924.58"
                     modifier="A" IPI="q8rLnMR-NzaHqwFBfyL0.D6is" birthDate="2019-08-08Z"/>
            </Participants>
        </Record>
    </Record>
    <Record title="U" spins="1668812567" ISRC="LZV577253882" year="1933" producer="uBCfRtDsRVkYHiLoaUCGNK9QZ" label="YiAo0oeEE5YCy6IMYx"
         recordNo="TP01aN2EJRwDQEOe" serialNumber="YiPeZZQLhW" isPremiere="true" usage="jingle" ISWC="r8h-y57"
         AKA="g3EouuQjeRmwW9yoQJAAYGc5HFkEP" genre="spoken word" broadcastedFrom="2019-03-13T11:21:16Z"
         broadcastedTo="2018-10-18T11:21:16Z" runtime="1129139212" origin="free usage" alternativeTitle="cdpeaYcA.zMXz"
         recordedFootage="1500107529">
        <Participants>
            <Participant name="brS0PIlVP" role="scriptwriter" IPDN="y_JTZf4NObCmIGfu" performance="conductor" grossFee="-546976696.84"
                 modifier="A" IPI="dxQDPWgUhQx35AhzaTl" birthDate="2019-04-30"/>
            <Participant name="yPGS6rPEYPnt0Go7ohx7wqo9-" role="remixer" IPDN="T" performance="main" grossFee="1455238242.10"
                 modifier="B" IPI="NvWbTv" birthDate="2019-05-16"/>
            <Participant name="PEOjRfH2l5Ni" role="subscriptwriter" IPDN="p" performance="chorus master" grossFee="-215237409.22"
                 modifier="B" IPI="a5nryI5_IOEb5JruvLwcfcc" birthDate="2019-04-11Z"/>
            <Participant name="PIiq95C9cK7hr" role="scriptwriter" IPDN="tZ.qqv5" performance="main" grossFee="-1621453926.60"
                 modifier="B" IPI="py.ijbh-WO7AfYrUVZmB" birthDate="2019-07-01"/>
            <Participant name="sT.fQNoVr6rZY5" role="arranger" IPDN="wrpfAHrjD2ojjm80" performance="main" grossFee="-771083039.25"
                 modifier="C" IPI="ZXCL7" birthDate="2019-09-26"/>
            <Participant name="fboJ0Un0uJtTWvKLBLyXxdXn" role="scriptwriter" IPDN="vFH9vv3pkgwQNH" performance="chorus master"
                 grossFee="-1663347195.37" modifier="B" IPI="CDp75ZhIhM" birthDate="2019-03-12"/>
            <Participant name="Qnz" role="arranger" IPDN="u1X0qAwHgWpz.qrt7J" performance="main" grossFee="-1591571813.03" modifier="A"
                 IPI="tJ" birthDate="2019-09-28"/>
            <Participant name="pFkA0CyULLhN581PFLks0Nb9bWOP5" role="music director" IPDN="Ad" performance="chorus master" grossFee="951624844.12"
                 modifier="B" IPI="ksOpJTnS.Y7BozHn" birthDate="2019-11-06"/>
            <Participant name="YOlwDdPEEV" role="arranger" IPDN="tUbcezses8XhAt" performance="chorus master" grossFee="-1848357864.26"
                 modifier="A" IPI="CcrZ8pNqUAQHdk-Jvu" birthDate="2019-08-02Z"/>
            <Participant name="ky0d.DMAD" role="scriptwriter" IPDN="OR" performance="chorus master" grossFee="-888619374.38"
                 modifier="B" IPI="F6CAlHH3C.HGcb-NVnZu0F4eS" birthDate="2018-11-30Z"/>
        </Participants>
        <Record title="dQEDRCtE_" spins="458852947" ISRC="4C1B21730RCS" year="8930" producer="mx1DpX." label="DNDUltghbY-4"
             recordNo="Ik" serialNumber="VatoFiC9otAHSdNGa" isPremiere="1" usage="commercial" ISWC="O59TTLQEsjQPj39"
             AKA="og9YvvhppgQrTXKOKS8x5z" genre="classical" broadcastedFrom="2019-11-13T11:21:16Z" broadcastedTo="2018-07-08T11:21:16"
             runtime="1098513445" origin="free of charge" alternativeTitle="pKukeXMNbiUq1O" recordedFootage="1518145501">
            <Participants>
                <Participant name="sZBtSM9m_039TITsu12p" role="music director" IPDN="NB8G6e.DnmNvAQbKKSVB.wPp4nyADt" performance="soloist"
                     grossFee="-1496179226.99" modifier="B" IPI="dG6r" birthDate="2019-03-14"/>
                <Participant name="B8UhoPNeCdxBU5zl_mJ2-K7Vn.pr" role="sound engineer" IPDN="_jj9DrEbWdJ" performance="supporting"
                     grossFee="514411254.91" modifier="C" IPI="NrPyJauFLNEe7mbc8x" birthDate="2020-03-12Z"/>
                <Participant name="s4vqtl3fgH4SY6Ogvh0D0_s2Atr1" role="subscriptwriter" IPDN="B" performance="main" grossFee="1101960639.17"
                     modifier="B" IPI="FAKb" birthDate="2019-06-22"/>
                <Participant name="WeS35_zbepp0" role="arranger" IPDN="Ln9FqmX_GK2kRsh85bxP0RrQuJz8p" performance="chorus master"
                     grossFee="-798912643.80" modifier="A" IPI="oWuIrGwdI7ShIlj" birthDate="2019-01-17"/>
                <Participant name="sXtjYHzSjV3isCnpVGxbB6" role="subscriptwriter" IPDN="mQVuIQCwoS" performance="conductor" grossFee="1605879617.50"
                     modifier="B" IPI="l4Zawc2yo6" birthDate="2018-11-09"/>
                <Participant name="DIFd6m-a_cceIUW3poGXkzv-uSEnGD" role="music director" IPDN="qx" performance="conductor" grossFee="529611816.09"
                     modifier="B" IPI="oWGuV8o1grxJCRrKzw" birthDate="2019-03-21Z"/>
                <Participant name="q9f3LQI" role="performer" IPDN="oENEoOIe6PMtFo_5XW9" performance="soloist" grossFee="-41393743.13"
                     modifier="A" IPI="HHfB" birthDate="2019-12-23"/>
                <Participant name="dKqijOWB.zpzXiUal-W2Zx.P8bl" role="arranger" IPDN="XqwXbMb94unTE7V5x9" performance="soloist" grossFee="-727894590.33"
                     modifier="C" IPI="ytCd-eefCqL9VQhVX.Fr" birthDate="2018-07-21"/>
                <Participant name="PNSYD93ClW6szw-O" role="composer" IPDN="BExOaQKC2tAvp" performance="conductor" grossFee="-5521149.13"
                     modifier="C" IPI="azHWOr6OP" birthDate="2019-09-02"/>
                <Participant name="F651" role="performer" IPDN="p4o" performance="supporting" grossFee="207784194.79" modifier="C"
                     IPI="x-4eWiAfYbLwryFG6RryTkmLD" birthDate="2020-06-06"/>
            </Participants>
        </Record>
        <Record title="_G2zK" spins="1260252188" ISRC="1CHLOIPNQ3O9" year="9283" producer="KuOX9k5EkAKNW" label="aZCPABzEXpciJ0i-Mq0Zzr"
             recordNo="VeDx3ghaNsHPTFrHt49f4sAt" serialNumber="gKE.fDhu_X_.lCBkf" isPremiere="false"
             usage="broadcast" ISWC="Moynqe2n" AKA="iUk86HR5" genre="pop" broadcastedFrom="2019-10-02T11:21:16Z"
             broadcastedTo="2019-06-09T11:21:16Z" runtime="1215860551" origin="live broadcasting" alternativeTitle="guFlluKkJK-37Yt9XaFiLbl2n"
             recordedFootage="155855521">
            <Participants>
                <Participant name="pWni2X0wJSUlT_X1.7pDao9met3" role="sound engineer" IPDN="f9Gwarma" performance="chorus master"
                     grossFee="850203350.42" modifier="B" IPI="uVHnnuwybf4F9ogSI" birthDate="2019-07-02Z"/>
                <Participant name="QM" role="remixer" IPDN="MaTRGRMaADknXuUCDJpC1gHZ" performance="soloist" grossFee="961489191.34"
                     modifier="C" IPI="XydfD_K.GBjedZrfkEmfQ" birthDate="2020-03-06"/>
                <Participant name="qUB5nfLji7EHY" role="music director" IPDN="i28PxnC9RYGhkW.mU" performance="main" grossFee="757930378.06"
                     modifier="A" IPI="SUFSILt8tzu2rg6C" birthDate="2019-12-21Z"/>
                <Participant name="qt0jjNU-Eoj_QgL" role="subscriptwriter" IPDN="Vnl3i" performance="supporting" grossFee="-2007262228.59"
                     modifier="C" IPI="XLzon_QHR" birthDate="2019-10-31Z"/>
                <Participant name="NCv" role="subscriptwriter" IPDN="ZTFkNPyZ" performance="supporting" grossFee="-12571039.89" modifier="A"
                     IPI="y0IuQdCjnrfLpnzmV" birthDate="2019-08-24Z"/>
                <Participant name="yii9v-GuhHev" role="remixer" IPDN="emB5hxLsGF4v7wNBiVHBIr" performance="soloist" grossFee="999435542.24"
                     modifier="B" IPI="Jf9fU0wDN8pSSFnl_.xk6-nawYg" birthDate="2019-04-19"/>
                <Participant name="kZ_mvICOVi2i" role="remixer" IPDN="dUWLrfkHa_HPZPXbFqI9zOpch2" performance="main" grossFee="-1114223790.21"
                     modifier="C" IPI="vjFp7A.nkNAnnNMMTJQUAIF16ILq" birthDate="2019-10-31Z"/>
                <Participant name="RiHOETXWIsX7NKw" role="producer" IPDN="JWmX" performance="chorus master" grossFee="-1265476362.53"
                     modifier="B" IPI="LRwX_MO3Msn2aVa26j-Ts.pqnQ" birthDate="2018-07-27Z"/>
                <Participant name="hxysrcvdDH-Z-6WFtr" role="subscriptwriter" IPDN="_d6Z8ycNYChNpljZC9QSDfCEUNSUhw" performance="soloist"
                     grossFee="1704666793.99" modifier="C" IPI="GduACiYgtKqGJtU_" birthDate="2020-02-07Z"/>
                <Participant name="RBv.J1teR" role="sound engineer" IPDN="a342Yc8niHcmHXXjsLs6q.9MvRk" performance="soloist" grossFee="1751674645.92"
                     modifier="B" IPI="ZD1UjlQnhQDFcVrrWrTbXO" birthDate="2018-09-22"/>
            </Participants>
        </Record>
        <Record title="GVBUR.An.Nnv.gqEqSbUgsa4KaXeD" spins="2066733144" ISRC="MRUW9TQ188G0" year="8846" producer="RSgNsw"
             label="yE7VkPkfsKp6PKqrdezFbw69Vg3r1Q" recordNo="B" serialNumber="Jt4tOX-7Yy_l-v7Zdvu" isPremiere="false"
             usage="commercial" ISWC="rjbiM9H1FMgkCmr0s.BOe0tA" AKA="rAG0D" genre="spoken word" broadcastedFrom="2019-02-03T11:21:16Z"
             broadcastedTo="2019-11-14T11:21:16" runtime="1949281545" origin="recorded stream" alternativeTitle="HxkGc1ywGazCEb1P6ZS1TVUS"
             recordedFootage="2112186999">
            <Participants>
                <Participant name="akgQhWq4k3-K28Ki7vN_W-_ocr.Ok" role="producer" IPDN="Fjvguiar0MH" performance="chorus master"
                     grossFee="792022345.56" modifier="C" IPI="zcRweZrlPJC3a_Svxcws" birthDate="2020-02-05"/>
                <Participant name="Uh-8nMFa2skitYvDctH3XzVfr" role="scriptwriter" IPDN="M3T5p_-oAwdTyp" performance="main" grossFee="1510687544.94"
                     modifier="C" IPI="bd51IYbA.YN-jmPrwTO" birthDate="2019-09-18Z"/>
                <Participant name="sH.EgBhvGC6bqntMrk" role="composer" IPDN="oPGRVjMuihttRQKnC.yot" performance="soloist" grossFee="1337147829.04"
                     modifier="B" IPI="Yu7QII" birthDate="2019-10-13"/>
                <Participant name="zqk0k1kBKzTLFL-75MGEfetwx74Fkb" role="composer" IPDN="Tc" performance="supporting" grossFee="-1100531542.01"
                     modifier="B" IPI="ylsxyI" birthDate="2019-02-09"/>
                <Participant name="Es" role="sound engineer" IPDN="I6zQfE9gNsw-TTtcH7e-UIcn" performance="main" grossFee="-906413804.58"
                     modifier="B" IPI="SC-xCmydtAIlLq1jOPNW38rXmqrt8" birthDate="2019-08-18"/>
                <Participant name="Icm4x7a" role="music director" IPDN="iss-6kmoLJbMnYk8" performance="conductor" grossFee="-1200162926.88"
                     modifier="A" IPI="e3UYFwac" birthDate="2019-07-01"/>
                <Participant name="x1V2FGY" role="music director" IPDN="bKrE" performance="soloist" grossFee="-2065068151.53" modifier="C"
                     IPI="a5O058eL2QZXv.HxRozS4wnCC" birthDate="2018-11-28Z"/>
                <Participant name="fZ.wF5q4K49HM1vi_CTp" role="producer" IPDN="cvY4_9Yk" performance="conductor" grossFee="547221316.89"
                     modifier="A" IPI="fNZ71vkI59.P.qpWkcy" birthDate="2019-09-16Z"/>
                <Participant name="D" role="music director" IPDN="B1We4q-PEMMnkUf5" performance="supporting" grossFee="1040060040.75"
                     modifier="A" IPI="AD_" birthDate="2018-09-28"/>
                <Participant name="WL7NHS-oNE" role="subscriptwriter" IPDN="u0Xak75wGicFX2mnXl_ja3dE" performance="main" grossFee="-985577895.20"
                     modifier="B" IPI="SI0GM3R0VpSQU" birthDate="2019-04-05"/>
            </Participants>
        </Record>
        <Record title="V.Fegbhu6kQo7qauRH_s" spins="1755748080" ISRC="HQXUZD2P297C" year="4207" producer="TGv4c7jJ-knrDijWFmf2"
             label="A" recordNo="Hd7tscKDCsSfc1h" serialNumber="L4WO6Ut-_.PRX7wQGB." isPremiere="false"
             usage="broadcast" ISWC="P4zZyL8uLzHzmFV_mY-i" AKA="NAQQacimPbmJYr8AyZB8twSXagZ" genre="composed"
             broadcastedFrom="2019-07-16T11:21:16Z" broadcastedTo="2018-11-23T11:21:16Z" runtime="470596954"
             origin="live broadcasting" alternativeTitle="h" recordedFootage="1640370511">
            <Participants>
                <Participant name="iCBikD" role="composer" IPDN="L.Z_ip1l" performance="main" grossFee="293461795.14" modifier="C"
                     IPI="xLF4ZyjER1ZJUX0D8rwranyyyAsQv" birthDate="2019-04-27Z"/>
                <Participant name="YBS93q" role="remixer" IPDN="jLH4K" performance="main" grossFee="-1683892024.18" modifier="B"
                     IPI="jVfgYjqFxA9xA" birthDate="2018-11-05"/>
                <Participant name="fHgm" role="music director" IPDN="k2ocuMV2pPKrlXht2aw" performance="main" grossFee="842665095.68"
                     modifier="B" IPI="DHu6p" birthDate="2018-08-09Z"/>
                <Participant name="_C9h80j8tIYuK5UQ" role="arranger" IPDN="qTfimCGHpgnB78uMGvstWY9GEQb" performance="supporting"
                     grossFee="-407773750.95" modifier="B" IPI="Lz.19eIvu8z0.WI" birthDate="2020-03-25"/>
                <Participant name="aoeiQ.p9mzj." role="music director" IPDN="i_Iz_HSoFSC7WZuzi3UVTDie." performance="conductor" grossFee="1704763726.82"
                     modifier="A" IPI="iM7X0JnVSCxkHOeYioWoE_xpEG8WV" birthDate="2019-03-02Z"/>
                <Participant name="I2Mh" role="sound engineer" IPDN="UfydCXDaY27bkIT" performance="soloist" grossFee="-1958797759.26"
                     modifier="A" IPI="SSx" birthDate="2019-02-06Z"/>
                <Participant name="FlxB4Nf5" role="music director" IPDN="br3k5CzM1oPLuH5C" performance="chorus master" grossFee="543861630.15"
                     modifier="A" IPI="iMFVY" birthDate="2020-04-16Z"/>
                <Participant name="CeJuFMECGFr" role="sound engineer" IPDN="MsEsu04ZOg" performance="soloist" grossFee="-1700118437.22"
                     modifier="B" IPI="GV4AgqBmEd.HWYvoH6qbven_fVNYm3" birthDate="2019-12-31"/>
                <Participant name="zz9ZKU6cy6AH2yFGGHufAqVQDkVl" role="producer" IPDN="LJMi-ozawPWHW4S3tgBw" performance="supporting"
                     grossFee="847526002.53" modifier="B" IPI="olwpCZUTY6M" birthDate="2018-07-19Z"/>
                <Participant name="FtEcKAuRzlxPasfjTcqytwIAsDiN5u" role="sound engineer" IPDN="A0D2ZB5U5" performance="conductor"
                     grossFee="-1893125293.80" modifier="B" IPI="wnjPqRn0onVDEX_KJzoJf_E" birthDate="2019-12-13"/>
            </Participants>
        </Record>
        <Record title="VOGfXvGK7hvgNl" spins="580078032" ISRC="82Z4F6J3SN79" year="8113" producer="OMxMTH1WQlXZT" label="xa.ZzFgmf0-Fd9fGJnHxG2yd"
             recordNo="sZTRayEWY7qr" serialNumber="I4fugZdxLF0sqMKYvK3adS" isPremiere="false" usage="jingle"
             ISWC="Jih4GyQd2g_KL9ncOqcJoNezIo" AKA="p743TkNv_6A6.L3jh" genre="spoken word" broadcastedFrom="2020-06-08T11:21:16"
             broadcastedTo="2020-02-13T11:21:16Z" runtime="1390341091" origin="self" alternativeTitle="v0d"
             recordedFootage="1536405311">
            <Participants>
                <Participant name="d2KFLdJ_" role="music director" IPDN="mBmIi-bXE" performance="supporting" grossFee="-498466425.49"
                     modifier="B" IPI="yvoureWIHmCXqYL_i4G90nOt" birthDate="2020-05-01"/>
                <Participant name="Kno3Au9R2SE8NhUIkM" role="arranger" IPDN="sQ69-X1wnx7PHmDAma8Gy6Y" performance="main" grossFee="1144801287.29"
                     modifier="C" IPI="YCEzUquUSq" birthDate="2020-01-24Z"/>
                <Participant name="RTf1RUiwM" role="composer" IPDN="YlHxMdR6Zt" performance="supporting" grossFee="1786825003.31"
                     modifier="C" IPI="M3nVSO2jPQVKz1qVlLur" birthDate="2019-11-16Z"/>
                <Participant name="m5H" role="producer" IPDN="BifSWChiH_mS" performance="soloist" grossFee="2131435012.91" modifier="C"
                     IPI="rN2CocQIb8" birthDate="2019-06-20"/>
                <Participant name="u4H4BT1Q0EOEkQzxOcWbYJ5K0B" role="subscriptwriter" IPDN="NkCqaUfbX79" performance="soloist" grossFee="-1433982770.22"
                     modifier="B" IPI="lT0W_E6TqzisEpC7OqLYmWm" birthDate="2020-01-18"/>
                <Participant name="QiD9vm9LlPsmp" role="sound engineer" IPDN="gmy0Aa_5.WCP" performance="soloist" grossFee="-2018670427.56"
                     modifier="B" IPI="fbarn-52H1sjCLUWPE" birthDate="2018-10-24"/>
                <Participant name="O9Osa0-mYmTranFd" role="music director" IPDN="MW-hXvecV" performance="supporting" grossFee="414563203.82"
                     modifier="B" IPI="Urjw9g0MTZIgQ64A" birthDate="2019-07-22"/>
                <Participant name="RXzMAR2IC" role="producer" IPDN="Jl_4zUt9gUSYkEQEW" performance="conductor" grossFee="1822100008.73"
                     modifier="A" IPI="jmPUn8JB5nBphsGnB" birthDate="2020-05-21"/>
                <Participant name="DeX2ZOr" role="producer" IPDN="DhIl0ju-GGjgFug" performance="chorus master" grossFee="947928158.82"
                     modifier="A" IPI="PqPS.kRWDbduiFhAZ.WBTC1" birthDate="2019-12-21Z"/>
                <Participant name="NHgGW6" role="remixer" IPDN="PuTcbpGIHyhYi3RIlRvRayPj" performance="soloist" grossFee="-1490476207.12"
                     modifier="B" IPI="QTFLUSRqP2o" birthDate="2019-08-18Z"/>
            </Participants>
        </Record>
        <Record title="X6b" spins="1595268865" ISRC="92D6FM3W593I" year="6391" producer="u" label="__w" recordNo="ialKWh6XSGMhdnjl"
             serialNumber="F3rbMgn0" isPremiere="0" usage="commercial" ISWC="RfCTNn" AKA="LGaWYfKYqNjidLfRB3lRP3"
             genre="commercial" broadcastedFrom="2019-04-27T11:21:16" broadcastedTo="2019-04-05T11:21:16Z"
             runtime="1672253462" origin="commercial" alternativeTitle="lczP4lessc1uIaaT8" recordedFootage="175656774">
            <Participants>
                <Participant name="RsZPRMW6ydDA_" role="sound engineer" IPDN="R" performance="chorus master" grossFee="197096737.49"
                     modifier="C" IPI="z51A5OZ7qf4MbwzvhyA" birthDate="2019-07-25"/>
                <Participant name="tM" role="arranger" IPDN="QftWH" performance="conductor" grossFee="-49878540.18" modifier="B"
                     IPI="kScl" birthDate="2020-03-26"/>
                <Participant name="Vm.jYVtbED3XY2Sk" role="arranger" IPDN="vSN2EFThfJiH0B4ezf6quXl7_mdDIV" performance="soloist"
                     grossFee="-644414944.42" modifier="B" IPI="PtE" birthDate="2020-04-02"/>
                <Participant name="jPINJ9PqkNZ" role="performer" IPDN="ruXJdYljy.5" performance="supporting" grossFee="1431722375.20"
                     modifier="A" IPI="SAZO" birthDate="2018-09-12"/>
                <Participant name="eoRV8g5L" role="producer" IPDN="q5WLw4CKpJw3G" performance="soloist" grossFee="1400290246.99"
                     modifier="C" IPI="iPRBbB0jeleL0" birthDate="2019-12-03Z"/>
                <Participant name="BIr.xjW8llGXd" role="arranger" IPDN="tm-XOKF9yrS" performance="main" grossFee="206830587.37" modifier="C"
                     IPI="Iw00rylEb5" birthDate="2019-03-04"/>
                <Participant name="pN7f5R" role="subscriptwriter" IPDN="XdZgek_V7gEUll4WbCDLv6y0" performance="supporting" grossFee="875311908.56"
                     modifier="B" IPI="fZgrYc.M" birthDate="2020-05-30Z"/>
                <Participant name="mnImZiQwi5ssFi" role="composer" IPDN="zwmx4PZh5kTJcY" performance="conductor" grossFee="1190960872.39"
                     modifier="B" IPI="Gci0HXDgf" birthDate="2018-07-21Z"/>
                <Participant name="qq-v7GeV0M1__k-Px" role="sound engineer" IPDN="_QqEiwOKcLCMPe_T4g" performance="conductor" grossFee="1358592464.53"
                     modifier="C" IPI="AOzYwbTCXfbU" birthDate="2019-11-06Z"/>
                <Participant name="xEhM8EO8vt5HbavGvSve" role="scriptwriter" IPDN="MrLEfg6S7.YniCKA" performance="supporting" grossFee="-592222454.90"
                     modifier="B" IPI="Z" birthDate="2019-09-03Z"/>
            </Participants>
        </Record>
        <Record title="GfHcJgSeS.hL" spins="388715990" ISRC="198H6USOPF81" year="5774" producer="IqXMa0u.yusn" label="rIcrumgY3X5gQUU6f8sH"
             recordNo="wOLlpjW5MKrbbh.rH0LQqyQV78stc" serialNumber="HqicRtL0S" isPremiere="1" usage="jingle"
             ISWC="DV" AKA="nyjhkV0nWZGH52voBoaGai7PUin-Kh" genre="composed" broadcastedFrom="2019-03-03T11:21:16Z"
             broadcastedTo="2019-10-06T11:21:16" runtime="2020380347" origin="free of charge" alternativeTitle="AK"
             recordedFootage="181787769">
            <Participants>
                <Participant name="mCXIVphvcSXks1Q8WX" role="arranger" IPDN="Zx_ddpZ4sbF" performance="soloist" grossFee="1884304289.30"
                     modifier="B" IPI="xHXVbBvisbtiWBDo7zF4Oj" birthDate="2019-04-17"/>
                <Participant name="Ro8LocvN_E8ECj3EiQ.Tjmi4uSsX" role="music director" IPDN="lXVaT4NHCcsY" performance="conductor"
                     grossFee="-1927200827.32" modifier="C" IPI="XMuTaGbKs5THX_" birthDate="2019-02-28Z"/>
                <Participant name="lrjZOP7GRMcZ0" role="scriptwriter" IPDN="igC8sTGANcbP-hp" performance="chorus master" grossFee="379672696.79"
                     modifier="B" IPI="k3R6NAf3EHFnVDY" birthDate="2019-11-04"/>
                <Participant name="zdBEgL4LeWpiFOwYY8wn_uB" role="music director" IPDN="rFVPGSjJsdgi71A6PJ" performance="conductor"
                     grossFee="-920285232.17" modifier="B" IPI="Y6BtYct3oWuz16sVJzf" birthDate="2019-05-04Z"/>
                <Participant name="JZen4_3hzV" role="subscriptwriter" IPDN="giJB4CqsC" performance="chorus master" grossFee="-1472900977.14"
                     modifier="C" IPI="ypAgGBYq4qtJX6E" birthDate="2019-04-06Z"/>
                <Participant name="iOaaUSyuAg1Nb" role="scriptwriter" IPDN="PmRQx8pTjfBfNv94" performance="soloist" grossFee="-424646970.49"
                     modifier="B" IPI="FxrzsVq-xyESo5." birthDate="2020-06-11Z"/>
                <Participant name="AT5z1B4.CMVVvZxy5om0w" role="sound engineer" IPDN="WfTfdAJmLKn3A8O_-LndBCF5tUw" performance="soloist"
                     grossFee="1102808617.31" modifier="A" IPI="RVWHjfIYMyLHUHoaUCfgM" birthDate="2019-05-02"/>
                <Participant name="IG-j210qqbk5T.oSFHdC9S_" role="arranger" IPDN="Y_q2OCEmxtgQ-eBiwNLBSu" performance="chorus master"
                     grossFee="-990053736.91" modifier="A" IPI="kvFew.dpIhiDcrItt40DPZ_6pgDgr" birthDate="2019-01-06"/>
                <Participant name="T495c.ONPxI11o4S3K" role="performer" IPDN="XQ" performance="supporting" grossFee="-626401939.26"
                     modifier="C" IPI="KseBK9WgzIMPu2jHIAJ3rwtOAA_ul" birthDate="2019-09-19"/>
                <Participant name="yJFQx" role="composer" IPDN="O.2jSxOuUzLHrd8NxQ6dPsRJ" performance="chorus master" grossFee="913376182.28"
                     modifier="A" IPI="J.7d" birthDate="2018-12-07"/>
            </Participants>
        </Record>
        <Record title="QsDYq7-fpJqOrGK0yfYQ0L4G2" spins="1273828773" ISRC="TCTK738NZ5H3" year="1220" producer="bHeT"
             label="fP57IZQo4nMXF" recordNo="V519" serialNumber="t.WOn" isPremiere="true" usage="broadcast"
             ISWC="Y7i24" AKA="lqlTY0zyCY5hshVu8RBJHCo" genre="pop" broadcastedFrom="2020-06-10T11:21:16Z"
             broadcastedTo="2019-08-31T11:21:16Z" runtime="516471753" origin="live broadcasting" alternativeTitle="uvy.p.Cfk0j6"
             recordedFootage="526508615">
            <Participants>
                <Participant name="zA26JNNF2DyvBJrAWQ68BML" role="composer" IPDN="BzMLcTRET-lg_c6lARYta" performance="soloist" grossFee="-1579744627.39"
                     modifier="B" IPI="QQMXXCHw_P.r_KV-QQ" birthDate="2018-09-08Z"/>
                <Participant name="epKUWK402" role="producer" IPDN="c0Kt1-NebTnI20LAa" performance="soloist" grossFee="-479722685.53"
                     modifier="A" IPI="zftGi.u44i10Z" birthDate="2020-02-13"/>
                <Participant name="XHeM0IuvpWPgAV4uBb" role="remixer" IPDN="O_3ybR6izBs" performance="chorus master" grossFee="-303374904.27"
                     modifier="C" IPI="HuRlZvPVnnMCm8K7.tjeqqK" birthDate="2019-08-25Z"/>
                <Participant name="rbHTwLrB" role="music director" IPDN="iYszVg9zpt" performance="conductor" grossFee="-466347610.47"
                     modifier="C" IPI="JnLv0l" birthDate="2020-02-27"/>
                <Participant name="FgZrygOl" role="scriptwriter" IPDN="oLTorj" performance="chorus master" grossFee="942580019.35"
                     modifier="A" IPI="jpoP-QveR3zMcw" birthDate="2019-02-14"/>
                <Participant name="gm6J5vGGu7wCMpeusrPOk201YQPHzF" role="arranger" IPDN="Wn" performance="main" grossFee="1290629587.59"
                     modifier="B" IPI="IAjGIU2p" birthDate="2019-05-30"/>
                <Participant name="OYyJD.pGjfH699P2JC" role="composer" IPDN="Ti2HFw1dZs" performance="main" grossFee="1894422346.03"
                     modifier="A" IPI="fzuAVz3z2LVmGPK" birthDate="2019-05-18"/>
                <Participant name="y92gSLs0KX2BbP3bOaNO_28MoNgZx" role="performer" IPDN="Pqm._qmY70XETL" performance="chorus master"
                     grossFee="2140903125.08" modifier="B" IPI="skPntbGYoFjP_-0EuxH" birthDate="2019-02-03"/>
                <Participant name="x.iDeErzjDb31n2-k-rMxmZWUCtN" role="scriptwriter" IPDN="wR" performance="soloist" grossFee="-1658967127.27"
                     modifier="B" IPI="oM3xOjWqiaaPctVz7SB4i" birthDate="2020-01-13Z"/>
                <Participant name="g.fr" role="scriptwriter" IPDN="v97QPXnRXkxDd2vF" performance="supporting" grossFee="-376342090.52"
                     modifier="C" IPI="T-vPcggVvS" birthDate="2018-08-24"/>
            </Participants>
        </Record>
        <Record title="g_YdDU6g8__.-" spins="2025332364" ISRC="WQ9M2TRDN505" year="5383" producer="Tv2By" label="T7a57B"
             recordNo="MS9sgwv5t_vkxV.FQc6qrFWM" serialNumber="MryoMRYFEp.80aOCp" isPremiere="true" usage="commercial"
             ISWC="Ho8ud6BPT" AKA="dNiUC" genre="commercial" broadcastedFrom="2019-03-01T11:21:16Z" broadcastedTo="2018-09-24T11:21:16Z"
             runtime="300491425" origin="free usage" alternativeTitle="uuG27TMMkaySUc3YO" recordedFootage="1112098835">
            <Participants>
                <Participant name="stzc.okHikMfYiKCivG2_Fe" role="producer" IPDN="fDCoD2CDWx93w" performance="conductor" grossFee="-447379237.47"
                     modifier="A" IPI="j" birthDate="2019-11-07"/>
                <Participant name="kImpNxWsLcO" role="scriptwriter" IPDN="jc" performance="supporting" grossFee="517154139.91" modifier="C"
                     IPI="vC0UmFAvzSGpGeoEm7of" birthDate="2019-11-17Z"/>
                <Participant name="rCzNU" role="performer" IPDN="m" performance="conductor" grossFee="1501877848.95" modifier="C"
                     IPI="gj6DZuOmN2QcL" birthDate="2019-10-30"/>
                <Participant name="BEM.wE" role="music director" IPDN="mQx" performance="main" grossFee="773613057.30" modifier="A"
                     IPI="hn" birthDate="2019-12-15"/>
                <Participant name="mtPLyf57" role="producer" IPDN="IpJfN_EppYZdoQXJIp" performance="supporting" grossFee="1363734257.35"
                     modifier="C" IPI="n" birthDate="2019-02-14"/>
                <Participant name="OkNIJ4E" role="composer" IPDN="wNLMK-AQldiO4" performance="conductor" grossFee="1161151021.82"
                     modifier="A" IPI="NVnsmBT" birthDate="2018-08-08"/>
                <Participant name="a_rH3Ba-4s9m3P1f0gnzqlpJM.." role="composer" IPDN="xSDk6HxBjyVNZcBHqvqEpJbCWqj1sU" performance="supporting"
                     grossFee="-614403576.66" modifier="B" IPI="iUcjKclb" birthDate="2018-10-30"/>
                <Participant name="ji.ipopLx76" role="remixer" IPDN="Jh8Zna5reNiZrdKN0kI3ek-L" performance="chorus master" grossFee="612773292.30"
                     modifier="B" IPI="DWrIMyW-MvS5SW0" birthDate="2020-03-12"/>
                <Participant name="dTcp" role="scriptwriter" IPDN="J1tIioJEtMt6X-R0bK_3qIyOF" performance="supporting" grossFee="-283085046.48"
                     modifier="B" IPI="nyeN.0Jvn_E5B3nS" birthDate="2020-03-04"/>
                <Participant name="EqGuU9icwFyX-X4RfS_j" role="subscriptwriter" IPDN="VLGriw6.Vw9A" performance="chorus master" grossFee="1203015746.36"
                     modifier="C" IPI="I9LfWaaa6bb_JIowgT18Q" birthDate="2018-12-17"/>
            </Participants>
        </Record>
        <Record title="mIDd" spins="1351259372" ISRC="APH5O284J519" year="3278" producer="dFMUr-J7AxWcHbp.4" label="ak2LY"
             recordNo="zmCsOD49qhVEkDzdi" serialNumber="gDMh-HRBUiRVUk" isPremiere="false" usage="broadcast"
             ISWC="g4kOGh" AKA="U" genre="spoken word" broadcastedFrom="2019-04-28T11:21:16" broadcastedTo="2018-11-18T11:21:16Z"
             runtime="1785790515" origin="live broadcasting" alternativeTitle="fIweF" recordedFootage="1077274172">
            <Participants>
                <Participant name="tLAsBkYrOj62N08" role="subscriptwriter" IPDN="KMu.Egl4i7kpL" performance="conductor" grossFee="389784061.29"
                     modifier="B" IPI="kp8i.-.3PfY5BAPT6pC3MKn.M1T9BE" birthDate="2019-04-04Z"/>
                <Participant name="HEu-x" role="music director" IPDN="iept" performance="supporting" grossFee="-343571427.71" modifier="C"
                     IPI="KWoQ4Dt44f." birthDate="2019-07-02"/>
                <Participant name="S.Lu0q0hdgLekDLhfCw-7HjUh" role="music director" IPDN="bVj3nzSv4MOXpPfW4" performance="conductor"
                     grossFee="940631507.34" modifier="C" IPI="qSawxDQb6B.jxwYzY" birthDate="2019-12-31Z"/>
                <Participant name="mMh5Ndmpj0QlPt" role="music director" IPDN="hnme-" performance="supporting" grossFee="-1753597069.90"
                     modifier="C" IPI="f8-WVLfeGlvRda6pm" birthDate="2020-05-08"/>
                <Participant name="Jeu2RhsbKsGi8" role="producer" IPDN="_vU.fyebLOW8nwv9vM76bBp" performance="conductor" grossFee="-1934376388.42"
                     modifier="A" IPI="l_UXBosH0gMm9Ih_FF" birthDate="2020-02-02"/>
                <Participant name="FO-6JNG-8LkZEUZY61qxrC3YQ" role="scriptwriter" IPDN="WQzlxgIcvz9PSbyG4as0278IBBx.3" performance="conductor"
                     grossFee="-2009521041.96" modifier="B" IPI="wyEP6fBgEGV0xwJR2Z-1O2sx" birthDate="2020-04-10"/>
                <Participant name="K75-" role="producer" IPDN="TG" performance="soloist" grossFee="-1649012637.44" modifier="C" IPI="KoclnUNt1RrUWvZQnWRXbfmkd5.zN"
                     birthDate="2018-07-10"/>
                <Participant name="lNWz66n.i8MpO.0dCSuKTr" role="subscriptwriter" IPDN="ATcYgmhCdVKfcU1ZK0rtZahCTNM4b" performance="main"
                     grossFee="-1303614507.14" modifier="A" IPI="tAhECEm.YldqU5PJ.OkP_E-Xd" birthDate="2019-07-28Z"/>
                <Participant name="UyAuu8-YGgSi1au7it" role="remixer" IPDN="Fk09O" performance="conductor" grossFee="763521264.69"
                     modifier="A" IPI="qm2GcfBNlkl5MuISW-pBblI1" birthDate="2019-04-18"/>
                <Participant name="uFukGcYQnMiPg" role="subscriptwriter" IPDN="ol0H8U714B" performance="chorus master" grossFee="-656170003.03"
                     modifier="C" IPI="Aa8vb7I1q7wQCQN7N-o2RAW3f" birthDate="2019-01-10"/>
            </Participants>
        </Record>
    </Record>
    <Record title="LSZu.cyKsax5gJb" spins="453990250" ISRC="KW899B541P91" year="3849" producer="Z44sWaeNnI.Obdh5aSumM4j_A7"
         label="O_oI_qg.WC.F_4_usEKa_D" recordNo="mFdpFvD" serialNumber="gnvMfnrXhZ_SMkG2me3IhdIFubT8"
         isPremiere="0" usage="broadcast" ISWC="OY0fnT1ndGUcF1Q" AKA="hLJ.v" genre="classical" broadcastedFrom="2020-04-07T11:21:16Z"
         broadcastedTo="2020-04-09T11:21:16" runtime="1728017122" origin="recorded stream" alternativeTitle="G-"
         recordedFootage="2098217755">
        <Participants>
            <Participant name="PqRx9M4Xs" role="producer" IPDN="I29Q2B.E2" performance="chorus master" grossFee="1938513969.16"
                 modifier="B" IPI="DkeLag3_5sjIdqyqVnCM-" birthDate="2020-05-28"/>
            <Participant name="lCPi.ev1v_CdLScIUOU" role="sound engineer" IPDN="AxUNF1ecLkIWV.CwrvQNX" performance="soloist"
                 grossFee="-1736323925.49" modifier="A" IPI="l9." birthDate="2020-05-06"/>
            <Participant name="Gl3_K8K8srddF" role="producer" IPDN="ta3UnBxKl3sT-I.CgdzcjbxZ3bmqR0" performance="conductor" grossFee="-408224000.19"
                 modifier="B" IPI="qAaSagnit_JAA" birthDate="2020-06-02Z"/>
            <Participant name="tDFtD" role="composer" IPDN="Z1ePoIqwle" performance="supporting" grossFee="2047497007.85" modifier="C"
                 IPI="uRwd07" birthDate="2018-08-16Z"/>
            <Participant name="FQLRgbhoheRJPA5aiGMm1nY5HhuFk" role="music director" IPDN="y" performance="conductor" grossFee="-1139048389.71"
                 modifier="C" IPI="t6ITmp2QfYGc6GkP" birthDate="2019-01-06Z"/>
            <Participant name="qTGLlpgT12" role="remixer" IPDN="dRnSseIRbTD." performance="main" grossFee="281603192.38" modifier="B"
                 IPI="EEAM8.-iC3KpXY" birthDate="2018-09-26Z"/>
            <Participant name="BZlnVk.AvYOzFxydn" role="performer" IPDN="CZb.d" performance="conductor" grossFee="-1470335537.68"
                 modifier="B" IPI="hip98S1ZSV" birthDate="2019-03-11"/>
            <Participant name="T8-zb8" role="subscriptwriter" IPDN="Jr_R.MR0vxbK4QyQawU8rDrX89FJ" performance="soloist" grossFee="-1713517719.99"
                 modifier="C" IPI="YtXNx0XlEfNMP3LvV8Ep" birthDate="2020-06-02Z"/>
            <Participant name="IHODyBhyq97s" role="composer" IPDN="dwWNqyqt50LdEb3Vrh3vjTu3nbf" performance="soloist" grossFee="1561505542.00"
                 modifier="C" IPI="ta-OBG-gb62hh3Y" birthDate="2020-01-27Z"/>
            <Participant name="Js4CyR" role="producer" IPDN="gXtJl_" performance="soloist" grossFee="-1031941581.94" modifier="B"
                 IPI="t_NcdJhRLU" birthDate="2019-04-18"/>
        </Participants>
        <Record title="Vr8E6Fyt-Q" spins="710650242" ISRC="N60N3L6A4L3M" year="3138" producer="O59d9.6dzF94EJQLM2" label="thlHSO3IQooNECpl9Wfpdk0vw8y"
             recordNo="Pqu" serialNumber="Xa.WviFcRJiZiVo" isPremiere="1" usage="jingle" ISWC="C8TYIrUcaFSiVRozC5y0."
             AKA="UVblWc_jxwMg-B5_zOnivlOVoBouF" genre="classical" broadcastedFrom="2019-05-17T11:21:16"
             broadcastedTo="2019-08-09T11:21:16Z" runtime="407963498" origin="live stream" alternativeTitle="PhjpTvQ"
             recordedFootage="1259984046">
            <Participants>
                <Participant name="X3K3gpF0cTCBiJQxj5ZO5xObkdyfm0" role="performer" IPDN="mOqAJGkoD" performance="main" grossFee="129948739.60"
                     modifier="B" IPI="fLJ-Oxgib9MD" birthDate="2019-04-27Z"/>
                <Participant name="tkHd" role="arranger" IPDN="iIyYP6" performance="soloist" grossFee="-1037636785.64" modifier="C"
                     IPI="FmWrl_xH_nakQm.SuiPIEZ" birthDate="2019-08-13Z"/>
                <Participant name="k0ho3L" role="remixer" IPDN="Zxm6RNtfJQ3IHFQIkC" performance="chorus master" grossFee="1103354148.54"
                     modifier="A" IPI="m9nr1tkO" birthDate="2018-09-04"/>
                <Participant name="yrgj.MD5wwG" role="music director" IPDN="vG2j" performance="chorus master" grossFee="-1106323926.53"
                     modifier="B" IPI="cz2S" birthDate="2019-08-21Z"/>
                <Participant name="qgQOoR" role="producer" IPDN="TUJ5VmH1lwasuXgzouIh_-CLtH7mkx" performance="chorus master" grossFee="1704944581.57"
                     modifier="C" IPI="Jd" birthDate="2019-03-26Z"/>
                <Participant name="sz6-ep69yMK2WwvJb" role="performer" IPDN="o" performance="supporting" grossFee="1365832380.99"
                     modifier="B" IPI="Q0ca" birthDate="2019-05-14"/>
                <Participant name="GGCT9GSy" role="music director" IPDN="v_4mePJ.g" performance="supporting" grossFee="603925589.37"
                     modifier="C" IPI="Xu-HTVEUi_76xT1DX6KrfWapP2" birthDate="2019-02-06"/>
                <Participant name="imMD5ZgK-ZISNdyHSnQP" role="scriptwriter" IPDN="q5f.eu3oaVPUAR" performance="conductor" grossFee="-1020082112.02"
                     modifier="A" IPI="W7bB68i-" birthDate="2019-01-21Z"/>
                <Participant name="RohbEgWE7YjbabVB.AmoL" role="producer" IPDN="C" performance="main" grossFee="1166782382.72" modifier="C"
                     IPI="t.fXrD" birthDate="2018-11-30"/>
                <Participant name="awsBrqgIn4HMFay5DBF3Cg57" role="composer" IPDN="dhN3aAQD50OKbi2thi3K1PqWpedp5" performance="supporting"
                     grossFee="-1662056412.69" modifier="B" IPI="lUGdEyoxAYe0" birthDate="2018-08-22Z"/>
            </Participants>
        </Record>
        <Record title="atA56fjXfkuArzKzMA9PAy" spins="1971032886" ISRC="4X20AF0H0IN1" year="1113" producer="Vh" label="iMYEuJilDoM7UEZ4z"
             recordNo="k-GHPWbLRHkd5srC-GPObhz" serialNumber="z1CKLI0xE" isPremiere="0" usage="broadcast"
             ISWC="LLkA0oUm6bcRW" AKA="sj5Z" genre="jingle" broadcastedFrom="2019-12-25T11:21:16" broadcastedTo="2019-07-23T11:21:16Z"
             runtime="410084539" origin="recorded stream" alternativeTitle="izv0Iypq65iRi5oMRQrTHVxUZHAk"
             recordedFootage="1405094145">
            <Participants>
                <Participant name="xREyzvORPZLoxMrPtvEsO_GeYch0B" role="arranger" IPDN="lc0NdaPbZuZUqe" performance="supporting"
                     grossFee="325034877.00" modifier="A" IPI="uSz5hculWqK7kYAyxye" birthDate="2019-03-04Z"/>
                <Participant name="Sx4sjQ" role="producer" IPDN="pomsKKL" performance="conductor" grossFee="320213822.23" modifier="A"
                     IPI="cjwf3OWRNPDbxzvP_cymLiGTF" birthDate="2019-05-12"/>
                <Participant name="oRWM063wUmtNjpZCde" role="composer" IPDN="i8Tad_SM7xqAT_iXMGkteE" performance="conductor" grossFee="1811124580.76"
                     modifier="B" IPI="Vc_9qo_Y7V2BJURvc.OV9EcZ" birthDate="2019-04-15Z"/>
                <Participant name="_FjTb" role="sound engineer" IPDN="tpe9dswDAH6..hK" performance="supporting" grossFee="728506502.93"
                     modifier="C" IPI="ur4KBQCN6fDe9nV2XEPB-" birthDate="2019-10-14"/>
                <Participant name="ZL7dqkMON7z0yJ4PVofbLUHibeI" role="remixer" IPDN="ruF6da3wjRmW.WMEmj6EZ18" performance="conductor"
                     grossFee="85072589.78" modifier="A" IPI="w3.cVztt2f" birthDate="2020-03-15"/>
                <Participant name="oHqf" role="scriptwriter" IPDN="NU8bTPiAMmJBI1H2i" performance="main" grossFee="-1950170682.35"
                     modifier="A" IPI="CHv2DNs9DLhKhoGyre2i6xr27RTg" birthDate="2020-03-19"/>
                <Participant name="WDDLaOULoItA9xUqgDnN" role="arranger" IPDN="jD7FQF6kqeH7Cd_14vqUU20p" performance="chorus master"
                     grossFee="-1567026734.63" modifier="C" IPI="kFBDhAefelLGihQ3O-bOneHEd65e" birthDate="2018-12-10Z"/>
                <Participant name="KL8ryhS0F12mHD9Y" role="scriptwriter" IPDN="cOsuPXTC12KHZ4f3-_wZ_" performance="main" grossFee="1314345962.26"
                     modifier="C" IPI="w5.2k" birthDate="2019-04-12"/>
                <Participant name="HeotW7jSPqDT" role="producer" IPDN="Vo" performance="soloist" grossFee="1576684439.28" modifier="A"
                     IPI="Cq0m" birthDate="2020-03-29Z"/>
                <Participant name="Uq1sjH6bi2lV_1T9Vy5ImkCOUPdF" role="performer" IPDN="zpeKzGSARN3NoSYOEPUotP2wt9Iu" performance="supporting"
                     grossFee="937170792.52" modifier="B" IPI="z23ckjkx_3QK00kHgtHy-j" birthDate="2019-03-06Z"/>
            </Participants>
        </Record>
        <Record title="j9r" spins="463357235" ISRC="IT16W7KC8SEY" year="9448" producer="oUi7y7yMr" label="MCv" recordNo="Wug"
             serialNumber="S3A" isPremiere="1" usage="jingle" ISWC="GBbAbr3-" AKA="LnQwqcSyU" genre="pop"
             broadcastedFrom="2019-11-29T11:21:16" broadcastedTo="2020-06-29T11:21:16" runtime="1498540307"
             origin="free usage" alternativeTitle="b0V15MFeBQK" recordedFootage="8171039">
            <Participants>
                <Participant name="lYTx" role="producer" IPDN="TavshwdDiCNXQVNg" performance="supporting" grossFee="1090748416.75"
                     modifier="B" IPI="Tp5_kf" birthDate="2020-04-01Z"/>
                <Participant name="tG0p.H7sxyZXZ4" role="producer" IPDN="MZSNagMiTPqFmv-jQVJPO" performance="main" grossFee="-267544354.57"
                     modifier="A" IPI="YQ_v59afrelMws15bLHLy5Oxh" birthDate="2019-01-15Z"/>
                <Participant name="voDXEWGq_IKAkiEyXgv" role="subscriptwriter" IPDN="ubo2udG2V9PWF02.oeKVVIti" performance="conductor"
                     grossFee="-1243132776.40" modifier="A" IPI="ioz1BQp1x-IxWt11" birthDate="2019-11-10Z"/>
                <Participant name="lygtZ.y" role="scriptwriter" IPDN="tY.sxZjzV6y7TIqQlSHY9Gj" performance="supporting" grossFee="-1083875879.04"
                     modifier="B" IPI="b" birthDate="2018-11-23"/>
                <Participant name="IHzQNSPhwVkrBSZ" role="remixer" IPDN="zT4XeCKb6x" performance="soloist" grossFee="-1250908002.01"
                     modifier="B" IPI="bjqQaASvYE_T0ZqqkbOOfm3QsYah" birthDate="2020-04-02"/>
                <Participant name="aXI" role="music director" IPDN="bfSwNDlqK.KJwKqeE7EWLxmFfFc" performance="soloist" grossFee="-342224439.79"
                     modifier="B" IPI="J-fhfVsrRZ0RMGp-CtaA5" birthDate="2020-01-31Z"/>
                <Participant name="K" role="arranger" IPDN="s8_pe70" performance="supporting" grossFee="-1480919083.75" modifier="A"
                     IPI="ncUSEVoS3c6O-nwiIUqIHIXW34" birthDate="2020-06-20"/>
                <Participant name="Rgh_ZP" role="composer" IPDN="YVpqy9C2YcTGlg228H" performance="main" grossFee="-110996816.05"
                     modifier="A" IPI="hYjEP7Y-xFGj3FEr" birthDate="2019-10-10Z"/>
                <Participant name="RVqC.B" role="subscriptwriter" IPDN="bxVKNE5kOxa1eCMRIDgAtHJI72VP6q" performance="conductor" grossFee="-862582972.45"
                     modifier="C" IPI="adKLyl" birthDate="2019-08-15"/>
                <Participant name="NOKQy0" role="music director" IPDN="cjwgsgN-Dwr.QDlC6I4ru" performance="main" grossFee="443972382.70"
                     modifier="A" IPI="tK4hjWBsvAszX3" birthDate="2018-08-25"/>
            </Participants>
        </Record>
        <Record title="n1utgXa8TnAZjak7fymwJm8K3y" spins="546525036" ISRC="HXI4H02UQ0TF" year="4242" producer="vXjt.F74bRszc"
             label="YQVnaJte1Q.a9w-3M3AuF" recordNo="Kgx5v_xxftK" serialNumber="x24yWqssc8.CNzEDi4tjG"
             isPremiere="true" usage="commercial" ISWC="i6Q8xYmwees6r-5Nb.eejGMvYLnCmf" AKA="QCtc5V7SxlalyWvrs_LFaFrQ"
             genre="commercial" broadcastedFrom="2018-12-17T11:21:16Z" broadcastedTo="2019-05-10T11:21:16Z"
             runtime="171570788" origin="report" alternativeTitle="W0X7IpvwaNHTFEM" recordedFootage="867423828">
            <Participants>
                <Participant name="wl" role="music director" IPDN="kU8CdeB59grVOPC20v2u.PKoKuW" performance="conductor" grossFee="-1395285424.36"
                     modifier="B" IPI="VF6t3GOL" birthDate="2018-11-01"/>
                <Participant name="ZNEsiw.Zwb5s4PzLT0jk.m" role="subscriptwriter" IPDN="u01Drej.f5gAqe0" performance="soloist" grossFee="233742567.18"
                     modifier="A" IPI="B8aR4I4WYikTC" birthDate="2020-05-17Z"/>
                <Participant name="oeOtm9Tcl4-u2JjIi1Ami8g" role="sound engineer" IPDN="KDrKV0kqWslViGKt__2rm" performance="main"
                     grossFee="316984699.62" modifier="C" IPI="mbVF3JjUw8nD_5nH2uqOgn" birthDate="2019-09-06"/>
                <Participant name="LfKUdUis" role="composer" IPDN="wJMZZM-3izE2VqK9kLrZr" performance="main" grossFee="-569723428.30"
                     modifier="C" IPI="GX6VJ.FfeGzO3YNBinPRuJX3" birthDate="2020-03-08"/>
                <Participant name="BrSqtKID.YwVhrEg" role="arranger" IPDN="ntq78" performance="conductor" grossFee="690595995.89"
                     modifier="C" IPI="Dk6Tf2nSiupyHH1WZZsTvYk" birthDate="2019-05-03Z"/>
                <Participant name="MkYBjXQgrfZCT.h0bb1" role="composer" IPDN="qU-ZH0QHIJdbOsd" performance="main" grossFee="1451317929.72"
                     modifier="B" IPI="aesNB" birthDate="2018-07-16"/>
                <Participant name="trX-3tduXkske5bFs6_" role="scriptwriter" IPDN="VMenasU" performance="chorus master" grossFee="562278712.94"
                     modifier="A" IPI="hZ80fD5taF05qe5an2" birthDate="2018-07-27Z"/>
                <Participant name="WikvQPbODNcJ8aZTgM.Ie8FO1NZAbr" role="sound engineer" IPDN="q9h8qePAsGj0Z8e02lGGX" performance="supporting"
                     grossFee="-1190163397.83" modifier="A" IPI="IMlLr0w32h-tFrX4" birthDate="2019-10-13"/>
                <Participant name="MWo4albV94Y_bPO7Sq" role="performer" IPDN="Qup" performance="chorus master" grossFee="2087929166.34"
                     modifier="C" IPI="LUko.74WzLNp4NbEZZ" birthDate="2019-09-03Z"/>
                <Participant name="PpTC1Ci5JdCMAZAnbxkSP6vI" role="producer" IPDN="ATcluCjNFOsgNaRmeX94WrNNY" performance="soloist"
                     grossFee="-1611952791.51" modifier="C" IPI="yDExIRE" birthDate="2020-05-04Z"/>
            </Participants>
        </Record>
        <Record title="msztTSQgb5z" spins="374691182" ISRC="FWU43825RC4U" year="6973" producer="g_nJD6LtxxIzDZx9O5iIDx-9tRQ"
             label="QB0haAuHx3elcomANXu0f4od_" recordNo="_cgYrzMz2pcypLQF" serialNumber="wAzsF_5X3A_V0F1wZ"
             isPremiere="false" usage="commercial" ISWC="w0" AKA="nudAs.tDKg1i107Pu3FoahN6puF9k" genre="classical"
             broadcastedFrom="2020-03-26T11:21:16Z" broadcastedTo="2018-08-06T11:21:16Z" runtime="392957235"
             origin="live stream" alternativeTitle="uj6.YSVtI5ndagHdGHc_2ALbamea" recordedFootage="1579721799">
            <Participants>
                <Participant name="BJdXvK_" role="remixer" IPDN="lpRILLFsAv" performance="soloist" grossFee="647920230.20" modifier="A"
                     IPI="SCBwwy" birthDate="2018-10-30"/>
                <Participant name="RBQwAWr1g7fwxlUnk" role="scriptwriter" IPDN="qj_1eT2QA" performance="conductor" grossFee="-566434357.58"
                     modifier="A" IPI="_P" birthDate="2019-09-09"/>
                <Participant name="wNe8IXE_oq8zofd" role="scriptwriter" IPDN="rYvXTdfNAaE-L_vVkX_mkJbHh" performance="main" grossFee="-946910738.56"
                     modifier="B" IPI="q91HUuC27VYNyz46BY93y" birthDate="2019-09-12"/>
                <Participant name="F2nEPKWIVWilIJkWA1g" role="performer" IPDN="E18.nhc0lN.qIJ" performance="chorus master" grossFee="1341152214.09"
                     modifier="C" IPI="bhswXn5hMTc1PbYRDaqhJA" birthDate="2019-04-22"/>
                <Participant name="JMRzh8_JbmPiWn" role="composer" IPDN="DGsDDF_tt0r887Xw" performance="soloist" grossFee="1460782105.37"
                     modifier="C" IPI="prx8q1wCaSpcx-kihgp4vI" birthDate="2018-07-08Z"/>
                <Participant name="t2kDS13GPyFZFGuMxxUDk58_xRK" role="sound engineer" IPDN="BAGijjweGzCv" performance="chorus master"
                     grossFee="822088720.05" modifier="A" IPI="HokkRAUe" birthDate="2020-01-25Z"/>
                <Participant name="j7KfWhlGN4iaP67LlzM3lHi" role="sound engineer" IPDN="I1iGWfkpSJ" performance="supporting" grossFee="-55184607.84"
                     modifier="A" IPI="JL9IOX3" birthDate="2019-12-07Z"/>
                <Participant name="XG46hkPt9cAxDk" role="composer" IPDN="_J2R9YRw3TZoD3zHLdA" performance="soloist" grossFee="1167377645.01"
                     modifier="C" IPI="b3HptJw_SaGsSbt3cd-JaUPXLd5WQ5" birthDate="2019-05-12Z"/>
                <Participant name="F1m2" role="sound engineer" IPDN="eXHDE601KYI" performance="conductor" grossFee="-1230504878.85"
                     modifier="A" IPI="xjEzvWoRM.zB9pBnWBn4dySJ" birthDate="2018-11-10"/>
                <Participant name="XUs.f4cOH" role="music director" IPDN="aAWXE99gH-PCFiF0MR" performance="chorus master" grossFee="-1234676896.61"
                     modifier="B" IPI="qSUWixryp-" birthDate="2019-08-27"/>
            </Participants>
        </Record>
        <Record title="we.JjweSjnW58HBYNNqJ0NbO3" spins="412745245" ISRC="O21X9S17UAS2" year="0943" producer="fY80A"
             label="g07VwUZBzgx9ZSH6oYDV" recordNo="ngsVKt" serialNumber="idiIewpykdWmbw36dYZXMBK6J"
             isPremiere="true" usage="broadcast" ISWC="osil2-r7NhLJJAABBZ-" AKA="O3EFwiuqc0m3Kg.PKjNf6HGoHlPt6"
             genre="spoken word" broadcastedFrom="2020-03-12T11:21:16Z" broadcastedTo="2018-10-06T11:21:16Z"
             runtime="306247511" origin="commerce" alternativeTitle="C" recordedFootage="792424530">
            <Participants>
                <Participant name="OzlKKZ_I" role="sound engineer" IPDN="qTr4UhPrq8iC" performance="main" grossFee="728383358.00"
                     modifier="A" IPI="BzcFt6enxVPBoyDovSIaAuEvu5cdzD" birthDate="2018-07-13Z"/>
                <Participant name="a4MMy" role="composer" IPDN="o3KsDBM" performance="chorus master" grossFee="-1704630916.09" modifier="B"
                     IPI="leE87YKi067XhUHP9I8.Tp" birthDate="2019-03-22Z"/>
                <Participant name="X3l" role="sound engineer" IPDN="FMNcBb2gUNjJd" performance="main" grossFee="1575639581.29" modifier="C"
                     IPI="UJhXFWo" birthDate="2019-05-06"/>
                <Participant name="Z" role="scriptwriter" IPDN="PAN8tcaJ3ENyzuLKGbT2ko9" performance="soloist" grossFee="-120593168.32"
                     modifier="B" IPI="lu8VBXon7toZBBrV7-e23A" birthDate="2019-07-05Z"/>
                <Participant name="xnV" role="producer" IPDN="HZg4-rdChrJNtic2wiwxL" performance="conductor" grossFee="244248056.15"
                     modifier="A" IPI="I" birthDate="2019-12-04"/>
                <Participant name="zFoozbkkn4br" role="scriptwriter" IPDN="gICV0IeC2LXY" performance="conductor" grossFee="-599380385.68"
                     modifier="C" IPI="SXxbmp8OfFM5b" birthDate="2019-11-22Z"/>
                <Participant name="uRogdtptRvXlccc" role="scriptwriter" IPDN="_rx7w4wn0nNZ95flgJ5oKZW" performance="supporting" grossFee="376010857.76"
                     modifier="C" IPI="RYPM0x8lEeegncJQg" birthDate="2020-04-07"/>
                <Participant name="O4L9uGY877aXVt_SjCS7AZg5..z5DP" role="performer" IPDN="YSk" performance="chorus master" grossFee="-1771123516.91"
                     modifier="B" IPI="oA" birthDate="2018-09-17Z"/>
                <Participant name="z3" role="remixer" IPDN="EMBUld3yKp3Wyh5CtQzU6" performance="chorus master" grossFee="1225039108.11"
                     modifier="C" IPI="zR0G5XnhR.ujBNAV6" birthDate="2019-09-04"/>
                <Participant name="uH-lxc41ndJ2YZ65CHGxc" role="arranger" IPDN="NDRp1c4hXcwe" performance="soloist" grossFee="-443540110.58"
                     modifier="B" IPI="dIhon6YN.BbypSAtK" birthDate="2018-09-25Z"/>
            </Participants>
        </Record>
        <Record title="Mth" spins="1049377968" ISRC="1AQWBM4ST432" year="7363" producer="bNHM7lmohscYU6ZYZ" label="dGDqgigWTvizZvIgKZ_A"
             recordNo="Mb3Rcx4MQPN_R3i" serialNumber="WHxJTxBfZ" isPremiere="0" usage="commercial" ISWC="tIKNT3.BJckuEUkb7fuu5H"
             AKA="eEDxFC_knhl8LJGSWw-Xr4" genre="jingle" broadcastedFrom="2019-11-26T11:21:16Z" broadcastedTo="2019-06-19T11:21:16"
             runtime="303898796" origin="report" alternativeTitle="zfIOPf9ahuTwSlAhlnv28zBYAe" recordedFootage="1334356206">
            <Participants>
                <Participant name="PBxr7z_n45_66QHeLADZE" role="subscriptwriter" IPDN="jlmwZOCSpJPTQd9v7W1bvxaii" performance="conductor"
                     grossFee="281850902.87" modifier="A" IPI="hrSGzk2jUnpB6MvgQ4" birthDate="2019-01-16Z"/>
                <Participant name="m3UYmJR" role="composer" IPDN="rvkh1Pk4pKxjk7.VCoUZjK_jeGeKo" performance="supporting" grossFee="-34655256.46"
                     modifier="C" IPI="X3.zE3MlihMo2SDEAXvp2VG.9H2" birthDate="2019-06-16"/>
                <Participant name="GPx-kpb6y1JBtnRoCu" role="composer" IPDN="AkY_uw8RTeTd1ExvELBdZvcvUIrq" performance="chorus master"
                     grossFee="-2022901011.16" modifier="A" IPI="vfMiGd7xpTQ" birthDate="2019-11-09"/>
                <Participant name="iPwdSmVL5ZMpv" role="producer" IPDN="J9bH" performance="main" grossFee="1368120844.17" modifier="A"
                     IPI="vS9IZCadS8Wt19hv03I9iUXv4J6SaN" birthDate="2020-03-27Z"/>
                <Participant name="X4eerX7h0opdGRHrTTgE" role="sound engineer" IPDN="GGsrDo1yoqT0PGFJaiTmcHsFvGu9" performance="main"
                     grossFee="-1016906995.85" modifier="B" IPI="YocG9X" birthDate="2019-11-20Z"/>
                <Participant name="tQs5cXg4xL1sjI28b8xnJOI7i8" role="producer" IPDN="bKPOg0dCDX1gxitKvcYw" performance="conductor"
                     grossFee="136527217.95" modifier="B" IPI="Cmg" birthDate="2020-02-27"/>
                <Participant name="xqHe66q7M" role="scriptwriter" IPDN="BYys.iW-USb2ogy3B7n" performance="main" grossFee="-729130094.91"
                     modifier="C" IPI="oL" birthDate="2020-03-14"/>
                <Participant name="PWxyTpcl.GNMvhkSjM61e" role="music director" IPDN="SKETopuQp4q5b" performance="soloist" grossFee="-115925140.63"
                     modifier="A" IPI="EpR0c0D_fUDlY5Pg-R" birthDate="2020-02-14Z"/>
                <Participant name="ILCa4wzUDj_or5M-9" role="scriptwriter" IPDN="UGPskLn624JqKLGKbIBWA4ja-2uehT" performance="soloist"
                     grossFee="1293194524.91" modifier="B" IPI="PYZBNvlyQlYz-2ymsKA1rJuXYC2Q" birthDate="2019-08-05"/>
                <Participant name="r5gCZR" role="producer" IPDN="zFsnYY34YcuN" performance="supporting" grossFee="2020568325.28"
                     modifier="B" IPI="LU5DoyIa9" birthDate="2019-11-29"/>
            </Participants>
        </Record>
        <Record title="fS.gUpkm61Wiejw70mm9_6" spins="1194300228" ISRC="U80C2RVPGCPA" year="3026" producer="R4a84EaXgwcobGVMCL5FmZevp9m"
             label="tDaVmp4Vs6uFCVEbf7D5vN18" recordNo="qXyldoEL.lvTf" serialNumber="PY75gjua" isPremiere="1"
             usage="commercial" ISWC="mDJMSf5fLvsaLGOP5" AKA="zreb9Ma7jV" genre="composed" broadcastedFrom="2020-05-16T11:21:16"
             broadcastedTo="2019-05-29T11:21:16Z" runtime="161393184" origin="commerce" alternativeTitle="IgFFoz2emojiFspIOnn.SHrLuTj"
             recordedFootage="751234303">
            <Participants>
                <Participant name="hqO" role="producer" IPDN="hFzNmvRVO1TD.GRWufOPhKPpNp8Lk" performance="conductor" grossFee="-767056972.85"
                     modifier="C" IPI="SJ_buFWt3o" birthDate="2019-08-03"/>
                <Participant name="quBXLPTpU" role="scriptwriter" IPDN="la" performance="main" grossFee="-1037490407.75" modifier="B"
                     IPI="pwMHEHGYz" birthDate="2018-09-08"/>
                <Participant name="BT8.GL" role="subscriptwriter" IPDN="_2y8nfYzWvi_P9qnVnA" performance="chorus master" grossFee="1760988525.47"
                     modifier="C" IPI="ZWeg5rwlnWRwP.9." birthDate="2020-03-08Z"/>
                <Participant name="d18j3XNc2V3z1EI.aeNL9ekLTTm8e" role="producer" IPDN="JaaAfoeBI-1L6OMu" performance="conductor"
                     grossFee="-1105476369.66" modifier="C" IPI="USEpCH3" birthDate="2019-06-25Z"/>
                <Participant name="DBKS1xl5x" role="subscriptwriter" IPDN="OoSbby5F0WbJ5kU.W4iyReV4WB" performance="chorus master"
                     grossFee="1283048371.12" modifier="A" IPI="JCpBTZBqieq5mHFj" birthDate="2019-06-03"/>
                <Participant name="cIC4HxvUq" role="sound engineer" IPDN="mjw4ePOikXWWKXdv6RFmUgCH" performance="soloist" grossFee="-2115081441.32"
                     modifier="B" IPI="scC34x" birthDate="2020-06-20Z"/>
                <Participant name="v0FpL0u" role="music director" IPDN="DMHq" performance="main" grossFee="-1776872812.34" modifier="C"
                     IPI="EZRA45-FVzx4aOL1CX4MG8K" birthDate="2018-10-03Z"/>
                <Participant name="LynATm3X_.7hRaA4bzwpOjrcEvb" role="remixer" IPDN="KncND_0fcuWaoS" performance="soloist" grossFee="-1370899414.68"
                     modifier="C" IPI="TlvDBFtXStC85lt2iNa5OmhsjXb" birthDate="2018-08-21"/>
                <Participant name="eJ0cBsE" role="remixer" IPDN="I0yuEpAEAf7Wx7XCjsPTEiIERJoX5" performance="main" grossFee="-2046426358.79"
                     modifier="B" IPI="kRmkdtmQpVBzct_csDSPgoAM3ABdy" birthDate="2018-10-07"/>
                <Participant name="qo9ncMcXaQUdg" role="subscriptwriter" IPDN="jpjDyzJVgGoh.2qUSs1F" performance="soloist" grossFee="-1294409935.86"
                     modifier="B" IPI="V1" birthDate="2020-06-29Z"/>
            </Participants>
        </Record>
        <Record title="p_7Zk1YJqCxuz2x5Y3d7KS" spins="1419189288" ISRC="O8V1B2W5JFUJ" year="1059" producer="CjrMobu"
             label="vVjJKfuWDLI2DoX5itLC6" recordNo="rcf7fSiqhocBLsCzyP_Dq" serialNumber="ncFkxoocFACR9Vl9NCmdMJo4V-Hlg"
             isPremiere="0" usage="commercial" ISWC="UIHZk" AKA="FhY-LbKjB6q_3n" genre="spoken word"
             broadcastedFrom="2019-04-07T11:21:16" broadcastedTo="2020-01-07T11:21:16" runtime="153813064"
             origin="live stream" alternativeTitle="B.R_xsXgzZ7877eDGP7Ysna5vVAz6" recordedFootage="1619246802">
            <Participants>
                <Participant name="mkyN_xf" role="sound engineer" IPDN="NJVnhl8AJ" performance="supporting" grossFee="-457672975.96"
                     modifier="C" IPI="JQKK0QgoF6Goa_8B" birthDate="2019-04-07"/>
                <Participant name="TxwCXHSpNTVqtpW-2eh" role="arranger" IPDN="T5SkY22" performance="supporting" grossFee="586819217.87"
                     modifier="B" IPI="G5UnH" birthDate="2020-05-16Z"/>
                <Participant name="xmV04qUJ_oGSp92anESE" role="subscriptwriter" IPDN="xuY" performance="conductor" grossFee="-1326451777.03"
                     modifier="C" IPI="IDR1NhS9g-m2X1ziNeYGDIEW4vf_G" birthDate="2019-12-24Z"/>
                <Participant name="rf" role="performer" IPDN="tAefq..._Pz0c7" performance="supporting" grossFee="60199048.15" modifier="A"
                     IPI="n.Y5C" birthDate="2019-03-11Z"/>
                <Participant name="Fc8PPE5KKcOTfFc18W6.iHn1MbS" role="remixer" IPDN="PF.Q4kx8HMw" performance="chorus master" grossFee="66600793.41"
                     modifier="A" IPI="RFTaFztsTCNxv8vuq0v" birthDate="2018-10-22"/>
                <Participant name="Cy1uJQrXm87fUiX7oTUMN8Vd3zzoP" role="scriptwriter" IPDN="jYFtnrl.Admc.dkCU" performance="supporting"
                     grossFee="-2073198157.56" modifier="A" IPI="ZAk7QSY" birthDate="2019-11-24Z"/>
                <Participant name="uYsQqlynDoMLgSqmg6mEddf" role="sound engineer" IPDN="rKkNg2V_Db.S" performance="supporting" grossFee="1534689504.97"
                     modifier="A" IPI="DWQ4Lrj7m0S" birthDate="2019-06-14"/>
                <Participant name="tSoEHnkVpJvDwuHeYIbnS-M" role="producer" IPDN="ypf_aSMtCcJHHHbQ-od7IWjo" performance="supporting"
                     grossFee="1193801880.38" modifier="B" IPI="V1C.XLm7MM-" birthDate="2019-03-02Z"/>
                <Participant name="yRzM" role="sound engineer" IPDN="f.ZLx8_C3BYIL1u7oN1utQ8" performance="supporting" grossFee="-1996742299.67"
                     modifier="A" IPI="blP3tC82TOIRGQA91torwW" birthDate="2020-03-16"/>
                <Participant name="ZS3G7TUm" role="arranger" IPDN="eFbU" performance="main" grossFee="203981563.03" modifier="B"
                     IPI="bC9dlOr_.afdsGDJh3GvtLVHwN" birthDate="2019-01-20"/>
            </Participants>
        </Record>
        <Record title="NjZfV3OwfCh3IQYUm4KpinYA3" spins="1720929039" ISRC="3IY86KBX3XY8" year="8389" producer="av" label="ng_OlXwr0KrWS3I1nj"
             recordNo="vunOU8jYHy1rBwQkK__" serialNumber="Xihi8HYe4TNmxc" isPremiere="1" usage="broadcast"
             ISWC="eC" AKA="LVH-w_kM0rblBGXa0tjxpQ0JU" genre="pop" broadcastedFrom="2020-06-20T11:21:16"
             broadcastedTo="2018-08-21T11:21:16Z" runtime="1116236498" origin="free usage" alternativeTitle="ULrVc7W"
             recordedFootage="573716386">
            <Participants>
                <Participant name="RWRiwHiSM-2" role="performer" IPDN="GrIIT" performance="supporting" grossFee="1005850091.07" modifier="A"
                     IPI="XQkReFsbQa33-TqnkK-A4vexVR9" birthDate="2020-05-19Z"/>
                <Participant name="Yfr" role="subscriptwriter" IPDN="jPELIVgsA6ReuZz.J1CnrjUt" performance="chorus master" grossFee="523841234.02"
                     modifier="B" IPI="mplL73fnSrPTdv6_rHDHz" birthDate="2019-02-13Z"/>
                <Participant name="dMTHvUPqPgZcu.3wPld0_ZxX" role="remixer" IPDN="PQ2vr837OwTvhJAys6ACy" performance="main" grossFee="975512851.05"
                     modifier="B" IPI="HLtKYQZdmrWUBVmWDGTshW" birthDate="2018-10-05Z"/>
                <Participant name="aA0J2CpmPQNsVbwBjO581In" role="producer" IPDN="HIvE5SGnMQiY2h.9m1Udjpet" performance="conductor"
                     grossFee="1500007519.60" modifier="A" IPI="gsrNE7" birthDate="2019-11-28Z"/>
                <Participant name="d-vEp" role="remixer" IPDN="bH" performance="soloist" grossFee="815567221.27" modifier="B" IPI="wd4kzVHS9MvP_iSyE5Kt"
                     birthDate="2020-06-04Z"/>
                <Participant name="cE8FKYadvCey" role="subscriptwriter" IPDN="_gLuf2TiwB1T9m_hOrciDTHS.z" performance="soloist" grossFee="613910154.77"
                     modifier="B" IPI="nH5nukF0vIBABN6wj-RShGR_vK5BwG" birthDate="2019-09-18"/>
                <Participant name="gq1A3oMSgrE2Qxa." role="producer" IPDN="GK326lZzI.v" performance="conductor" grossFee="267746793.06"
                     modifier="B" IPI="Co_aR5fZ" birthDate="2018-07-30"/>
                <Participant name="WSmyYsfn8JxfjmU9ABoGlmJ" role="music director" IPDN="bF" performance="supporting" grossFee="-244123495.66"
                     modifier="C" IPI="cMfQqt1wnWY" birthDate="2019-01-25Z"/>
                <Participant name="c9JGli9xTpJ" role="subscriptwriter" IPDN="vt" performance="main" grossFee="-256580610.09" modifier="B"
                     IPI="cyh-5-116mnGqCR1SUYlfM" birthDate="2019-04-10Z"/>
                <Participant name="pvBiUagAe6QHmaI" role="remixer" IPDN="HYxmFvfvKoKbZSifWqjL2puoD" performance="conductor" grossFee="1682782782.18"
                     modifier="A" IPI="TLK-W" birthDate="2018-07-19Z"/>
            </Participants>
        </Record>
    </Record>
    <Record title="BskGHSUPsDJD1d307w" spins="644647551" ISRC="U8H0OFX8C30F" year="6434" producer="UM18V0CoY_" label="caVvyAr0oFlf"
         recordNo="fEuJZtbzjU8uq.AN7Hxs1avZ" serialNumber="ctZWv40yog_53YpzzIHt7bFUT.XZ0c" isPremiere="0"
         usage="commercial" ISWC="stflrCQ-Evke" AKA="p61HqNM3BDiIz" genre="commercial" broadcastedFrom="2018-12-07T11:21:16Z"
         broadcastedTo="2018-11-08T11:21:16" runtime="685636223" origin="free usage" alternativeTitle="QznDYhsk2GBQTZhQE_3tJsNff"
         recordedFootage="1994733895">
        <Participants>
            <Participant name="t-Q6yORMxIUlhRnxBHcMKINfRSChv" role="remixer" IPDN="XIKlVHYRB" performance="main" grossFee="-1459781868.14"
                 modifier="A" IPI="ms6bipS" birthDate="2019-10-02"/>
            <Participant name="yM" role="composer" IPDN="SrJ5fj656HB4caR_1b" performance="main" grossFee="-62791895.22" modifier="A"
                 IPI="F-eAFaSRdPB8Epmu" birthDate="2020-02-26"/>
            <Participant name="iOMiHlRk2wNDl9-Dux69sB" role="performer" IPDN="s.WT7EZmn7dtF2wRlC0" performance="chorus master"
                 grossFee="1715891561.81" modifier="A" IPI="uXSKKDYcCkCBR_RGCYj_-gv3Cs" birthDate="2018-07-06Z"/>
            <Participant name="IRQ52k0" role="music director" IPDN="jtnU_" performance="chorus master" grossFee="-1155397314.50"
                 modifier="B" IPI="CgYzDWN-C4FTKRt.DmV" birthDate="2019-12-23Z"/>
            <Participant name="Jel_LvneCUTsa-kt9yrpJPETGzUxj" role="composer" IPDN="iWA4oDLx-RYY2his3" performance="supporting"
                 grossFee="-1255255576.39" modifier="A" IPI="F04H6abQ5XzFDbhQL-W" birthDate="2019-10-03"/>
            <Participant name="PD" role="remixer" IPDN="LK6hZzmlQjY" performance="chorus master" grossFee="-111358361.83" modifier="A"
                 IPI="DCxYCjFV4Ds5Ko3OtjBq_nTtUwqxX" birthDate="2019-11-26Z"/>
            <Participant name="JNVKumLd2GR7eY-kUu3m" role="sound engineer" IPDN="x3KNli9bZQAod6TMu7SixV.XlFkbM" performance="main"
                 grossFee="192104190.01" modifier="A" IPI="YHCvNKFcyOX" birthDate="2019-11-01"/>
            <Participant name="ILSo1Si.j_CsMW4c" role="remixer" IPDN="ey_1l3OTUoI5KEsU.bTflMW-" performance="supporting" grossFee="-1074881957.04"
                 modifier="B" IPI="JG6keO5sRr9YT1a5Vm8D" birthDate="2018-10-13Z"/>
            <Participant name="bP7U_Ir" role="producer" IPDN="e" performance="main" grossFee="-483774372.20" modifier="C" IPI="i4.HRAxutGVfOKqlmyl4P768.yTnl"
                 birthDate="2018-09-09"/>
            <Participant name="ZZwp1nzUjFDtqbLgHKAbj" role="remixer" IPDN="GGsh-1rUIaTFo7a5D6GQ." performance="conductor" grossFee="-1524372075.73"
                 modifier="B" IPI="TP" birthDate="2019-08-02"/>
        </Participants>
        <Record title="rxDi6_bvL7RLTmV65z7HMOgr-GSdD" spins="1250471813" ISRC="VY041X4E6GGX" year="0491" producer="XsbWVISwK1aY-3Zh-0uYfFjapOwa"
             label="On0dLWv528Z172RQsSh" recordNo="GNX6bn2vSLjWfLJJWs8hYBvo" serialNumber="mW.KpTwdYIPwozmYCVnK7p-a6"
             isPremiere="1" usage="commercial" ISWC="K7xUFwXaua3cyb0r2Yj595d" AKA="cp4y" genre="commercial"
             broadcastedFrom="2019-07-19T11:21:16" broadcastedTo="2020-02-09T11:21:16" runtime="1899759813"
             origin="commercial" alternativeTitle="oJ" recordedFootage="1668304402">
            <Participants>
                <Participant name="kaM_qUaw_MVuE6X7StfH1RiHZNNSeS" role="producer" IPDN="_59Z8hezUC" performance="conductor" grossFee="-451824281.68"
                     modifier="A" IPI="Njo5bhye5zrK8" birthDate="2019-05-19Z"/>
                <Participant name="TiRu7nKMfLPja7_ty24c-" role="performer" IPDN="AxHmigrK7mDG2bhu" performance="chorus master" grossFee="-917822454.08"
                     modifier="A" IPI="PlY1lFxPiSo1Iu7MqQOQ2tNxG" birthDate="2019-09-13"/>
                <Participant name="B" role="performer" IPDN="FQBA5QNLwc4nYm" performance="conductor" grossFee="-1549887153.91" modifier="A"
                     IPI="PNhY4611svmtJRvgGaIp0PWqNf" birthDate="2019-06-21"/>
                <Participant name="kSlZ" role="remixer" IPDN="_EX2U-y" performance="supporting" grossFee="-785653137.69" modifier="B"
                     IPI="cmH9vkh5ZEX." birthDate="2019-10-04"/>
                <Participant name="ialwGi72RbhtT2R8_1fbztGWX" role="composer" IPDN="rn5NblIf1H" performance="supporting" grossFee="1513458915.64"
                     modifier="B" IPI="PQWUoQt030ti_XSGb" birthDate="2019-02-21Z"/>
                <Participant name="c4Xv6sDrNvy4jtIAVqcAvrx" role="composer" IPDN="FSPvA5kwmNScUShCMB3" performance="chorus master"
                     grossFee="-2124247504.30" modifier="A" IPI="f80tyEsj5SO4HV7BH" birthDate="2019-10-16Z"/>
                <Participant name="NC3A" role="scriptwriter" IPDN="ovlVmorLS6alL9gRv9Oz" performance="supporting" grossFee="-1370439958.38"
                     modifier="A" IPI="ktTXUX.U6s0g6Wk" birthDate="2019-10-13Z"/>
                <Participant name="hzUeajwB1qlMKPAol" role="performer" IPDN="E" performance="soloist" grossFee="666773305.72" modifier="A"
                     IPI="ZedqJlWMKacctWCa-gQ3JhA5G" birthDate="2019-01-22Z"/>
                <Participant name="dq7FpVro" role="subscriptwriter" IPDN="fkR9If.I4" performance="chorus master" grossFee="-1492492598.90"
                     modifier="C" IPI="kT_.ZnQGCmhr5muME3Dhjer5" birthDate="2018-07-17Z"/>
                <Participant name="X0qo6QJushpucLvPi-" role="music director" IPDN="bD9P3kfEHMePq" performance="chorus master" grossFee="-1788937080.98"
                     modifier="B" IPI="G7WJ7P" birthDate="2019-12-03Z"/>
            </Participants>
        </Record>
        <Record title="A8VGoRnB_-O" spins="593803488" ISRC="D4H81W3NW31O" year="9831" producer="FJQxK2" label="IFK-"
             recordNo="kQrVVXqyTQuc5-ojI" serialNumber="Kyo5C" isPremiere="true" usage="broadcast" ISWC="UZaoSUG08Y"
             AKA="X7SHhuUctZV2KMaSm0L4mD4j" genre="spoken word" broadcastedFrom="2019-06-29T11:21:16Z"
             broadcastedTo="2018-08-26T11:21:16" runtime="1808734520" origin="recorded stream" alternativeTitle="t1nRo"
             recordedFootage="1828791010">
            <Participants>
                <Participant name="byW." role="performer" IPDN="_iEzZhLOwdO35" performance="supporting" grossFee="1926020807.36"
                     modifier="B" IPI="zj" birthDate="2020-06-05Z"/>
                <Participant name="WBqnui0NI" role="remixer" IPDN="J9" performance="soloist" grossFee="-2103968073.07" modifier="C"
                     IPI="iiTo3Ns4hSHmmf69-agAaBXI-e" birthDate="2019-02-07"/>
                <Participant name="eo4c9V4XygY.Q." role="sound engineer" IPDN="oXx-" performance="conductor" grossFee="1643933530.96"
                     modifier="B" IPI="I-" birthDate="2019-07-27"/>
                <Participant name="bDMEHdV4y" role="remixer" IPDN="pZ7xkAwkkOFiO9nwTq7pXHSIFdM4-n" performance="main" grossFee="-1314891636.16"
                     modifier="C" IPI="yp0CD3zdua" birthDate="2019-09-13Z"/>
                <Participant name="OwxFbbKVOgkTNEn1" role="performer" IPDN="_WbkpLhxNyQvpsT_rURLYgae6L" performance="conductor" grossFee="836260887.12"
                     modifier="C" IPI="yL3QLO" birthDate="2019-06-23Z"/>
                <Participant name="ybHZE.UChASYQjn" role="remixer" IPDN="Teg9R" performance="soloist" grossFee="-1148837810.14" modifier="B"
                     IPI="Co6B-dH56hHElg6g1aro" birthDate="2019-10-05"/>
                <Participant name="OtlCbtdnW" role="composer" IPDN="jG" performance="supporting" grossFee="22622590.14" modifier="B"
                     IPI="XXLzk3cYQGsmCm-ZHtszMNMa5Z4D" birthDate="2019-03-10Z"/>
                <Participant name="e8RGG4NmG" role="subscriptwriter" IPDN="ufxjW" performance="main" grossFee="1952336229.15" modifier="A"
                     IPI="w_y" birthDate="2019-07-09Z"/>
                <Participant name="kt-YroSI0xi" role="scriptwriter" IPDN="tnCmN6_" performance="conductor" grossFee="802613642.13"
                     modifier="B" IPI="ThJuYTZW5DL_6Po5iS99" birthDate="2020-02-07"/>
                <Participant name="EczopfdGK" role="arranger" IPDN="_Z.e1KTK_UESuVIW5KICkTuedsW_" performance="supporting" grossFee="-1889473738.63"
                     modifier="B" IPI="MZTmrrUqC1n.x" birthDate="2018-11-26Z"/>
            </Participants>
        </Record>
        <Record title="EnTi1" spins="1462187959" ISRC="8F26T7J6126B" year="0800" producer="pR3s0-" label="wqX" recordNo="q3jWfy3Kh8rGRrWa24tQ5aR2uiD"
             serialNumber="l0rx6EG" isPremiere="true" usage="broadcast" ISWC="a6J" AKA="TzHyUMg76KhTzvmR3wp3R"
             genre="classical" broadcastedFrom="2019-01-14T11:21:16" broadcastedTo="2018-08-09T11:21:16"
             runtime="487366626" origin="self" alternativeTitle="XpnscuY-05zQpDpEu7MQR" recordedFootage="1661786039">
            <Participants>
                <Participant name="HR8sKz-ubT08eqM" role="scriptwriter" IPDN="G" performance="conductor" grossFee="-1069442467.66"
                     modifier="B" IPI="g" birthDate="2018-08-15Z"/>
                <Participant name="BGYQbaZRxNNAWAFPYid6bbn-s" role="arranger" IPDN="Wg.z_zuZ3dt2" performance="main" grossFee="-2007319031.89"
                     modifier="C" IPI="RJy-zNBg4-HomrH6G.j.ETvh41" birthDate="2020-06-10"/>
                <Participant name="_ftmQul2hsTkC8jqHQ" role="producer" IPDN="u_FCTPpQDmaZNIKK_Urt" performance="supporting" grossFee="1711381379.82"
                     modifier="C" IPI="atKcBMjyI1" birthDate="2019-04-12Z"/>
                <Participant name="UMUlbFlNFAWoSIvI" role="scriptwriter" IPDN="G-H6YwK4" performance="chorus master" grossFee="502431452.97"
                     modifier="A" IPI="gLNtsB" birthDate="2019-04-29Z"/>
                <Participant name="Jn7iu-7iZ-Xe8f112g_fKvN5" role="producer" IPDN="dnUVL8oPWGRnUL2UYg7MaokUBZ7Y" performance="supporting"
                     grossFee="-1176348951.04" modifier="C" IPI="lSd0kjiYfHRakXwsxVuryhTRYDZs" birthDate="2019-08-27"/>
                <Participant name="xQpoNXK8f-rnPSs5A4dGFq5X" role="music director" IPDN="QgH6If64wZHrt_ULZHaIYq5USllxl" performance="chorus master"
                     grossFee="-1820582794.73" modifier="A" IPI="UV" birthDate="2019-06-27Z"/>
                <Participant name="SZGgMpWSgO.q8vhfovJPS9g" role="arranger" IPDN="yp-LiNScUT" performance="soloist" grossFee="-1667370718.54"
                     modifier="A" IPI="VsECszhRb87" birthDate="2019-05-25Z"/>
                <Participant name="TeMjFMJIuyZ15O" role="music director" IPDN="mhv7TqZ-" performance="chorus master" grossFee="-1946404995.63"
                     modifier="B" IPI="nyal8sYJFUoC7Cqt" birthDate="2020-05-06Z"/>
                <Participant name="mDIel7C.IV6" role="composer" IPDN="FIVX" performance="supporting" grossFee="1986259987.25" modifier="B"
                     IPI="cvqsQuce18WGgg_Nbjxg" birthDate="2018-12-24"/>
                <Participant name="ceXw_EqBlZGqAdEsK-8tIh" role="subscriptwriter" IPDN="p1_IR3KyviLF4Ea8Yr2VZb0SYF" performance="conductor"
                     grossFee="1447761420.80" modifier="C" IPI="FqUJkI3fBc9n_ER30_MJq49KrNt-mZ" birthDate="2018-07-11"/>
            </Participants>
        </Record>
        <Record title="BY" spins="140887763" ISRC="NVSKKA735STN" year="7336" producer="Apn3" label="NqqfVI8ZnyCpVQ1Ga9TeA7U"
             recordNo="r.3HlqBrOV_TdEC1GE5DKc" serialNumber="oHgS2Wx2B2qBL0wO_.R" isPremiere="1" usage="broadcast"
             ISWC="maF0mq15cFBRk362I4" AKA="jGHCHEtPNgoXo_YG9kluFq3TL" genre="composed" broadcastedFrom="2018-09-05T11:21:16"
             broadcastedTo="2018-12-09T11:21:16" runtime="1791970419" origin="live stream" alternativeTitle="i3j"
             recordedFootage="1225909539">
            <Participants>
                <Participant name="v2SZR" role="arranger" IPDN="UwIA_D" performance="main" grossFee="-564301302.39" modifier="A"
                     IPI="XQXSd" birthDate="2019-01-30Z"/>
                <Participant name="taTF.A27VHTxHsAoCAv-q2Ao1w" role="composer" IPDN="qDNwKkw" performance="supporting" grossFee="-1689260933.31"
                     modifier="B" IPI="I2" birthDate="2019-06-18Z"/>
                <Participant name="jkuulRQCJqewmFVP" role="subscriptwriter" IPDN="jV" performance="soloist" grossFee="-2102027174.68"
                     modifier="B" IPI="KFri4" birthDate="2019-03-30Z"/>
                <Participant name="uKZy4yTPlhAUyZJ40zu" role="music director" IPDN="G" performance="soloist" grossFee="-436089235.49"
                     modifier="C" IPI="oT2e1EWl29eXy4qEfSOdu5uq" birthDate="2019-02-28Z"/>
                <Participant name="ELcikx4LQXOEOsGHKjXWsM9XCM" role="producer" IPDN="l57fxSuiG_Jo_iN3QRqbb" performance="conductor"
                     grossFee="1648645129.92" modifier="A" IPI="K_" birthDate="2019-12-25"/>
                <Participant name="kACV" role="producer" IPDN="wY56sB" performance="main" grossFee="1253841568.62" modifier="C" IPI="h6Gcw3-Mer_F-4fdcsGKbFz93OUS1-"
                     birthDate="2019-02-13Z"/>
                <Participant name="Z1Nw2_Tt" role="composer" IPDN="PxqZTbXC3nQjpBu" performance="supporting" grossFee="-164927800.14"
                     modifier="A" IPI="ptyyw9CeKznS1VmPcevpCtqNhlQ" birthDate="2020-02-15"/>
                <Participant name="U.oKPQY4wPlB" role="scriptwriter" IPDN="_aG38vnEGw7hluQZo_eK." performance="soloist" grossFee="334139552.82"
                     modifier="C" IPI="Oi05-9EhKVQxl3d7ZsY0m" birthDate="2018-12-17Z"/>
                <Participant name="p5Cz-_LwqYc" role="composer" IPDN="bHb4Jj-hXmnEiYHS" performance="chorus master" grossFee="-216472428.72"
                     modifier="C" IPI="vMX1i9RfBFQaxpz_Q3rdVqG4ujIJez" birthDate="2019-05-04"/>
                <Participant name="qLKm-6KiA" role="subscriptwriter" IPDN="t" performance="soloist" grossFee="-1072356896.22" modifier="A"
                     IPI="Lb3K263AtDxUjTfEUVMqmf2sYVJ.kf" birthDate="2019-12-24"/>
            </Participants>
        </Record>
        <Record title="Rsm.Y" spins="779536872" ISRC="HIB30OOPIR85" year="9011" producer="jUTfCHVSxD" label="V4bTUil5713BWig4ECCK8PwKi"
             recordNo="aFZeNV7chhBk4vJf2s" serialNumber="kDE7Wd2B-lzA3VNm-rh" isPremiere="true" usage="broadcast"
             ISWC="e7zvjg62ukiz1ZwhR45uT" AKA="MIu" genre="jingle" broadcastedFrom="2019-04-27T11:21:16Z"
             broadcastedTo="2019-11-27T11:21:16" runtime="12556886" origin="live broadcasting" alternativeTitle="TB0zT6e6qyBAx2_"
             recordedFootage="325202613">
            <Participants>
                <Participant name="OwpD3aEXJjnOCynRJvJ_u7Ilc" role="music director" IPDN="OiUzurJtwjnKvPObo1soR_aAWn7f9" performance="supporting"
                     grossFee="1856663040.67" modifier="C" IPI="RfhH7BS5" birthDate="2019-05-02Z"/>
                <Participant name="B0CsOg" role="composer" IPDN="x-TfXUBH2Yp2kls_" performance="chorus master" grossFee="-476869579.99"
                     modifier="B" IPI="N2u9j75UOc84Z1Mf" birthDate="2019-05-03Z"/>
                <Participant name="WfDaVQEMWYeL" role="arranger" IPDN="e.ZuP4kG41Eul5MiqFexe" performance="main" grossFee="-1549299883.44"
                     modifier="A" IPI="_Mte1InTKrA80XrnSJXV7P" birthDate="2019-06-30"/>
                <Participant name="ys" role="music director" IPDN="epstKUH" performance="soloist" grossFee="1102641156.64" modifier="B"
                     IPI="wmt-IKXBZ8dyykh4o" birthDate="2019-01-02"/>
                <Participant name="kSxc2vMb-d" role="producer" IPDN="An0d1YHADoLxLbj" performance="soloist" grossFee="-967594754.88"
                     modifier="C" IPI="V.wkUTi" birthDate="2019-12-15Z"/>
                <Participant name="EW.Ye1VxRokL.qY1btE8m0" role="producer" IPDN="AtYc7Uliu6Nu-qoFf" performance="chorus master" grossFee="-169667794.09"
                     modifier="B" IPI="F281Z5_2UhPvmLqcH2o5XJIVIu" birthDate="2018-08-22Z"/>
                <Participant name="zrioE" role="remixer" IPDN="DJYQqGcUDv" performance="supporting" grossFee="-657214585.33" modifier="C"
                     IPI="vOkk3kYF1u" birthDate="2019-12-11"/>
                <Participant name="WXm9a_NTpC73" role="scriptwriter" IPDN="FX-GC8Sjly.i9j" performance="chorus master" grossFee="669682564.31"
                     modifier="B" IPI="CskPtRTnp9JAebSsEDSjQ" birthDate="2019-04-30Z"/>
                <Participant name="_4" role="producer" IPDN="b8W7FAxU30TH.R" performance="supporting" grossFee="846772943.05" modifier="C"
                     IPI="VvvzqcOiQPwbnr.xa1QteeS0" birthDate="2019-07-16Z"/>
                <Participant name="Flbq5Av1txiACY_j" role="sound engineer" IPDN="mZX" performance="chorus master" grossFee="22242714.58"
                     modifier="A" IPI="nSv" birthDate="2019-10-02"/>
            </Participants>
        </Record>
        <Record title="JkRZ1HJJrTo" spins="1670935014" ISRC="7WW2MQ1C1YPP" year="7867" producer="uE31gTgY6ZZGcLIHZFg"
             label="SCk_myXioL7Ubmyub3K" recordNo="cYIsC_qRpLKbR" serialNumber="S046Fc5VSDk8hec5Bj7lwCIO5"
             isPremiere="true" usage="commercial" ISWC="R" AKA="J65y-v5I.X7n.PE" genre="jingle" broadcastedFrom="2019-10-23T11:21:16"
             broadcastedTo="2019-04-30T11:21:16Z" runtime="1383077744" origin="free usage" alternativeTitle="uNf.3mILC0aFzEBqdmh1"
             recordedFootage="1715696822">
            <Participants>
                <Participant name="SHe0hPCa" role="sound engineer" IPDN="Wu5xy3Iz3oBPDjbnuJGFU" performance="soloist" grossFee="-2085693091.87"
                     modifier="B" IPI="qLqZ5HJfcWsgH" birthDate="2019-04-02Z"/>
                <Participant name="NnbId.jvz" role="arranger" IPDN="sXu2htt6DXGcyztsCXe712oYA5" performance="conductor" grossFee="-1784438512.04"
                     modifier="A" IPI="qK2WB_FVcgU3IRlXjBg2g2" birthDate="2020-03-26"/>
                <Participant name="kltb3GbwUB-T61s4N9SA5HKTy" role="music director" IPDN="wgz" performance="soloist" grossFee="-370133599.55"
                     modifier="B" IPI="P4DgK2YO68n7V-A8M" birthDate="2018-08-17"/>
                <Participant name="KJ.EifpZA" role="music director" IPDN="DNNC2vZTvmlKaFblVlQej" performance="main" grossFee="491551637.95"
                     modifier="C" IPI="e5haxBTwBw3txxUJaRvYWbsbo4E9It" birthDate="2018-11-27Z"/>
                <Participant name="NVT7rT" role="producer" IPDN="W1_aFhMTS56jVyquuxDRh2YVtU" performance="main" grossFee="1197570380.90"
                     modifier="A" IPI="Jqowib-EGaODfCw_Cl" birthDate="2019-05-19Z"/>
                <Participant name="lUuH6Afepfdz5w8sjV" role="music director" IPDN="Fog" performance="chorus master" grossFee="1008885333.37"
                     modifier="B" IPI="k3ooTuk8u9DhHrQNV.UP" birthDate="2019-11-29Z"/>
                <Participant name="FPb_bnwSJt" role="remixer" IPDN="MTx02NBcpHAwWN" performance="conductor" grossFee="1559603174.54"
                     modifier="C" IPI="_TiqkrivH" birthDate="2019-03-16"/>
                <Participant name="wIL6Ri1t7yl.y" role="subscriptwriter" IPDN="x9loDJJWG1QI3Q" performance="soloist" grossFee="1367863299.09"
                     modifier="A" IPI="So_ec" birthDate="2020-04-29"/>
                <Participant name="AgEBgvR6vFnlXd7dHNhhwiqgAs1" role="performer" IPDN="ckY8D9sb7sPDBSMxhoIckMNt1xR4fd" performance="supporting"
                     grossFee="570695616.37" modifier="A" IPI="CHxwMXBZqsB.tQ1FVR" birthDate="2020-01-14"/>
                <Participant name="GqxYuJdxQt1HCrmaXarwbI" role="scriptwriter" IPDN="ovg4721" performance="supporting" grossFee="-1868255007.07"
                     modifier="C" IPI="Xm.C9olht" birthDate="2019-07-15Z"/>
            </Participants>
        </Record>
        <Record title="oy034W-o1jeMf6ziwoo.cd.cKRC" spins="331953555" ISRC="4Z1RS8I2KQRN" year="2062" producer="cYe87oDlhj"
             label="JqbSO_SrdoiX.6iKBqAtBIkzxWGTe" recordNo="X8J0qwu-XDv_353dA2gY" serialNumber="n4AMd_VIA4KgT"
             isPremiere="false" usage="jingle" ISWC="S7ZByjCGlJc94c" AKA="ZCOTm3gu" genre="spoken word"
             broadcastedFrom="2018-07-23T11:21:16" broadcastedTo="2019-07-18T11:21:16Z" runtime="103367530"
             origin="commerce" alternativeTitle="zaVUlJuDYtlZf9H3cvRlRcK" recordedFootage="982230972">
            <Participants>
                <Participant name="wXKw8cMlv20SDk-YfeIzuEZGHe0" role="music director" IPDN="UjJCM" performance="main" grossFee="-112971631.15"
                     modifier="B" IPI="H2yi66yDQoTiGTtCgXN" birthDate="2018-09-13"/>
                <Participant name="AdL9kMW1JhJ5OCRO4Ih" role="subscriptwriter" IPDN="xrg0Z8mrWx6Ns" performance="soloist" grossFee="-879455924.44"
                     modifier="A" IPI="L42DO9" birthDate="2020-04-09"/>
                <Participant name="N" role="producer" IPDN="flOQEDSyiIvwFgpI.FZz2HPbM7" performance="soloist" grossFee="-1690759751.61"
                     modifier="B" IPI="G" birthDate="2019-07-29"/>
                <Participant name="cG65Z" role="remixer" IPDN="Xk7TU_p" performance="conductor" grossFee="-1209027372.57" modifier="B"
                     IPI="Lx81gd3d03l.Q4Ooo40LQ" birthDate="2020-02-21Z"/>
                <Participant name="as_8huT9386DM.C" role="arranger" IPDN="yhlNfDcT2Li" performance="supporting" grossFee="-1652497784.89"
                     modifier="B" IPI="TvP9Klc-skIXo12ZDOw4u" birthDate="2018-09-24Z"/>
                <Participant name="zjNBKbUK98NmjrNKB1W2Hog6qLr" role="music director" IPDN="j1fMaLCT-pWa1DBmQ" performance="supporting"
                     grossFee="-2052932430.39" modifier="A" IPI="bx0VQp1VRNdJRG" birthDate="2019-12-29"/>
                <Participant name="rThWz1IeX1XkE9ZGYUn" role="sound engineer" IPDN="VaMrE4EXQmxhZy9LyVuq" performance="supporting"
                     grossFee="-1927676744.18" modifier="B" IPI="DcDLiccVHzeaRV" birthDate="2019-06-17"/>
                <Participant name="s6-.YkU" role="arranger" IPDN="f" performance="chorus master" grossFee="-1384992651.30" modifier="B"
                     IPI="Cqa_3ojyc-ElcIs" birthDate="2019-07-28"/>
                <Participant name="rc" role="composer" IPDN="KxROEh" performance="main" grossFee="25289896.07" modifier="C" IPI="qrCvVvl7Dy9gVft"
                     birthDate="2019-11-07Z"/>
                <Participant name="Mg5m.8WgP-tU4yv8-smu" role="arranger" IPDN="Z" performance="soloist" grossFee="839308380.02" modifier="C"
                     IPI="KsaY.RzvdMxQPzYfNDOpP" birthDate="2018-12-31Z"/>
            </Participants>
        </Record>
        <Record title="phHDqJRgbfG6UX9SqVIen3FXd5" spins="1388291955" ISRC="654V94117NN0" year="7837" producer="hT_aD_RgWS9y4jBEzI3NgsdmTyl2_F"
             label="Ls8DMndJV3" recordNo="psXUfC2kyGS" serialNumber="eW8" isPremiere="true" usage="commercial"
             ISWC="P7WEXs" AKA="uj0oUpxAi7_n" genre="composed" broadcastedFrom="2019-03-27T11:21:16"
             broadcastedTo="2020-05-21T11:21:16" runtime="408824952" origin="free usage" alternativeTitle="XUOsKbyUa2_ss_GyrUlf9twvL7Fm"
             recordedFootage="414291666">
            <Participants>
                <Participant name="Ocwh33dE7lH" role="scriptwriter" IPDN="n5x4xT2WyHb3wp9h" performance="conductor" grossFee="244109447.11"
                     modifier="A" IPI="P-cCkK81.fN10h" birthDate="2019-04-26Z"/>
                <Participant name="p2m" role="sound engineer" IPDN="mScpPkOqsI-C1R1Fac-" performance="chorus master" grossFee="782007523.92"
                     modifier="C" IPI="EHUUWh-mw3pbGJfMxMGtHP" birthDate="2019-07-20"/>
                <Participant name="vr" role="scriptwriter" IPDN="FXxEvW.bg5L-3Tp..vad5-rhv8G" performance="soloist" grossFee="530032622.85"
                     modifier="C" IPI="OEvR-ce" birthDate="2019-04-29Z"/>
                <Participant name="JplaufRi" role="performer" IPDN="naox8aurmNPxPlFwvgq." performance="main" grossFee="1305282688.12"
                     modifier="A" IPI="gtrPHYRG.mEaXJtGH8yNo1t" birthDate="2020-03-27Z"/>
                <Participant name="gpKtaYR_R9TfHWKeGdsfo7SXlYfHJ" role="sound engineer" IPDN="TeCk8PUm5uAabr_Mmyhtl" performance="chorus master"
                     grossFee="194935059.07" modifier="C" IPI="QSdle6AUp6m" birthDate="2018-09-30"/>
                <Participant name="eK" role="producer" IPDN="uo4YVNg_H1" performance="chorus master" grossFee="1095465813.94" modifier="A"
                     IPI="qu" birthDate="2019-04-03"/>
                <Participant name="A0l9xIlhknn92Ks" role="producer" IPDN="CWJv32y_PK2u0YVvj" performance="conductor" grossFee="-1580128607.81"
                     modifier="C" IPI="HioYYQyZ" birthDate="2019-03-31Z"/>
                <Participant name="Vehr3d_MGwynkb_3vkfY" role="subscriptwriter" IPDN="_kTJwrr" performance="conductor" grossFee="1774851430.82"
                     modifier="B" IPI="XIgXMBUr1sMOm" birthDate="2018-07-21"/>
                <Participant name="U1GNgFT352b1.4.0riOc3mr07.5" role="sound engineer" IPDN="y.jC" performance="supporting" grossFee="-1947837831.85"
                     modifier="A" IPI="TvsuVmktgPnUWH3OPioj-.8sA_rN" birthDate="2019-02-16Z"/>
                <Participant name="oJ.ZWY.JwACuAI3" role="arranger" IPDN="c" performance="main" grossFee="1067784115.21" modifier="A"
                     IPI="S" birthDate="2018-09-10Z"/>
            </Participants>
        </Record>
        <Record title="VW.0EIzoWJHfgzwgRX" spins="1988943870" ISRC="2X0TY8S5H457" year="1287" producer="xZ1WdYNTyFJ6ZPi7uzk"
             label="o8Wzhz7.uYfy98qqrjB9uHEFdd5eDy" recordNo="E3uvBe.SgmxJj6" serialNumber="rsN__crU"
             isPremiere="0" usage="broadcast" ISWC="na2W3VhhHEm8Mh2yrrrJw8i9G1vq9S" AKA="Y.KmXGmGkp8wDYOj2yyCOBfVM1"
             genre="pop" broadcastedFrom="2018-07-10T11:21:16" broadcastedTo="2020-01-22T11:21:16" runtime="237266673"
             origin="commercial" alternativeTitle="F_." recordedFootage="1773264379">
            <Participants>
                <Participant name="hB6z8jE3kvHVt2cJq9gWXMIBhdeI" role="remixer" IPDN="_7PKu.iSHdpLWRU" performance="conductor" grossFee="455662870.61"
                     modifier="A" IPI="TAThoPl" birthDate="2019-08-22"/>
                <Participant name="_kQ0r2WiwD8Ebk6fu" role="arranger" IPDN="YDQJZVWIdcnadS36sh" performance="conductor" grossFee="-1865217761.61"
                     modifier="C" IPI="NLriINxeR3HezJ" birthDate="2020-02-24Z"/>
                <Participant name="RTbXX2lg88pI20PelJLnZ" role="arranger" IPDN="_6cY" performance="supporting" grossFee="1364670753.56"
                     modifier="B" IPI="_K8czzpxmhS16C9wrpfJKxzuyP" birthDate="2019-04-20Z"/>
                <Participant name="_PUpjHPwhAZB6zAHIwb7NG1CX_-3" role="arranger" IPDN="o1WFZdDWBKAj2qHIEp" performance="main" grossFee="-2065726886.66"
                     modifier="B" IPI="w-our2e1Esq" birthDate="2018-08-07"/>
                <Participant name="nNZVpGJ" role="arranger" IPDN="vT4B61pZZMfRdynC7TYQG0_" performance="supporting" grossFee="973699735.32"
                     modifier="C" IPI="xfl1Pa-eG.b7.B.ktCvIYgZ" birthDate="2020-03-12Z"/>
                <Participant name="WtHOp4aAYP" role="arranger" IPDN="O" performance="soloist" grossFee="1899822320.11" modifier="A"
                     IPI="_MmEEwp_sYl1DVdNX1SFr2Ym" birthDate="2020-01-29Z"/>
                <Participant name="iO_zaQrPR6cb" role="subscriptwriter" IPDN="UDHEGnkiCO" performance="soloist" grossFee="374870701.68"
                     modifier="C" IPI="FdJvkG7TcIKHpkEqD4ouaR0WH" birthDate="2019-12-08"/>
                <Participant name="EdaHxTsxqP" role="remixer" IPDN="WyK_iQ9tt.GrW8" performance="main" grossFee="-1319820844.48"
                     modifier="B" IPI="krRq-fKps6p" birthDate="2019-10-14"/>
                <Participant name="ZDZooEz_b5F_lKVr1BlK80RvoiNt" role="subscriptwriter" IPDN="DjIK3uy_aV1X00J5z" performance="supporting"
                     grossFee="542376457.96" modifier="C" IPI="j1F" birthDate="2018-09-29Z"/>
                <Participant name="s" role="performer" IPDN="ObLRY8NM6BwPFmVq1R0XR849WQ0WN" performance="soloist" grossFee="-2119695407.23"
                     modifier="B" IPI="TUOsmgM4dhS1bIN9.BQJ" birthDate="2019-01-10"/>
            </Participants>
        </Record>
        <Record title="qE7f4CWRrQrI403WUiuefUwHV" spins="1911570708" ISRC="1E71813XIOW7" year="0308" producer="kE_"
             label="x" recordNo="BUq.3Qzj." serialNumber="luJZUxYSchTQq5i-oPEZnsL9AlRkvZ" isPremiere="1"
             usage="jingle" ISWC="AmgjwFU" AKA="EFeaynPnBllZc8ee24" genre="pop" broadcastedFrom="2019-10-22T11:21:16"
             broadcastedTo="2019-10-04T11:21:16" runtime="1957978970" origin="report" alternativeTitle="WyGH1f4vF7"
             recordedFootage="824230229">
            <Participants>
                <Participant name="TIdQS_8zTmEs.euockI" role="music director" IPDN="dtY" performance="conductor" grossFee="-1299255009.57"
                     modifier="C" IPI="XlPSGGCVSmm6" birthDate="2018-12-10"/>
                <Participant name="gplcbMd" role="performer" IPDN="cD_gTVKF" performance="supporting" grossFee="1808804432.95" modifier="B"
                     IPI="UhCi7cgUh7ENO1juw" birthDate="2019-06-12"/>
                <Participant name="laNDfJnLe4yU7zGo0QD0txxs2aDQD" role="composer" IPDN="eQa7R" performance="soloist" grossFee="-1394391786.23"
                     modifier="B" IPI="xKTZ3iNGJvzzOwWLubzii_fQ" birthDate="2020-03-06Z"/>
                <Participant name="L2" role="scriptwriter" IPDN="nVm8e_hS9sRhlu7CSoj5" performance="chorus master" grossFee="-1426940502.94"
                     modifier="A" IPI="aicSgcohIB" birthDate="2020-06-05Z"/>
                <Participant name="LfY9" role="subscriptwriter" IPDN="nh3D" performance="chorus master" grossFee="-1992587423.91"
                     modifier="A" IPI="LUApuJVyzuodmzUiSc2Lp" birthDate="2019-09-05Z"/>
                <Participant name="Z1Nk5pKFxqO" role="remixer" IPDN="_Ic92N5yp2Rz0Rdns1H2_KyI173" performance="conductor" grossFee="314037554.30"
                     modifier="B" IPI="vB" birthDate="2018-09-12"/>
                <Participant name="YoWCbs0cdNIxUAF73_f" role="music director" IPDN="wgX" performance="conductor" grossFee="-1328823798.14"
                     modifier="B" IPI="UOpuk75T3CvJHKX32vRn1jlst8Qpo" birthDate="2018-07-15"/>
                <Participant name="hNhyAeYTglNUueObfYfPAt0Cp" role="subscriptwriter" IPDN="GMh6F_wYNsPdp45M2WL5GQ" performance="conductor"
                     grossFee="416230856.31" modifier="C" IPI="IH7" birthDate="2019-09-07Z"/>
                <Participant name="jX1GNGo" role="performer" IPDN="SstC" performance="soloist" grossFee="1210034362.46" modifier="C"
                     IPI="Vse" birthDate="2019-12-04Z"/>
                <Participant name="c-ybN9c3Bj-Wr" role="sound engineer" IPDN="Mb3Blu4oFrlX" performance="soloist" grossFee="1121293860.78"
                     modifier="A" IPI="RZzkSp.jHITPfS9b4KGlRRi4fXED" birthDate="2018-08-16Z"/>
            </Participants>
        </Record>
    </Record>
    <Simulcasting from="2020-05-26T11:21:16Z" to="2019-03-11T11:21:16Z" station="UplQ69yqZFo1yn4gpW5YMMm_Pc_"/>
    <Simulcasting from="2019-11-08T11:21:16Z" to="2018-10-23T11:21:16Z" station="hOGaOHBBzzZXq69jEpiiFzZnWJ5Ws"/>
    <Simulcasting from="2019-07-15T11:21:16" to="2019-12-25T11:21:16Z" station="Rxuc13MfAjIW2RSz"/>
    <Simulcasting from="2019-07-30T11:21:16Z" to="2020-02-21T11:21:16Z" station="MosMROQAnV4g0ok9wz7h"/>
    <Simulcasting from="2019-08-23T11:21:16Z" to="2018-09-10T11:21:16" station="LWxEPhDDA-rQey_MyF"/>
    <Simulcasting from="2019-10-04T11:21:16Z" to="2018-07-22T11:21:16Z" station="UjwPlawt"/>
    <Simulcasting from="2020-02-08T11:21:16Z" to="2018-10-31T11:21:16" station="P"/>
    <Simulcasting from="2020-02-18T11:21:16" to="2020-06-21T11:21:16Z" station="a5"/>
    <Simulcasting from="2019-03-21T11:21:16" to="2020-04-16T11:21:16Z" station="AtrjdBzokmbR3h"/>
    <Simulcasting from="2020-03-09T11:21:16" to="2018-08-25T11:21:16Z" station="jEyt9bbZRO-8Xph_lzMwjEBs"/>
</Report>
